___________________.,3886
____________________________________________,1688
________________________________________________________________,1347
_______________________________________________________________.,2060
_____DET,1288
__________________________________,2124
______.,33912
____________________________________________________________,1173
_________________X,2227
_____________________________________________.,1229
________.,14816
_ADV_,1015816429
____VERB,1434
___________________________________________________,1774
___________.,15174
_____________________________________________________.,2501
____ADP,1946
__PRT,8985
_____X,5292
_____VERB,2337
_._,3573296044
______________________.,5135
_ADJ_,1502603074
_____ADJ,1950
_____________VERB,1222
_._._.__X,1711
_________PRT,3459
___________________________________________________________________.,1160
_________X,18031
___________NOUN,5048
________________NOUN,2560
_____,77020
_____________.,13613
_______________________,4763
___________________________________________.,2334
_r,2793
____.,36885
_,68486
______ADJ,1672
_NOUN_,5733114685
_________NOUN,7385
________X,3131
_________________________.,3040
_______________NOUN,1533
_____________________________________________________,1484
___________________________________,2334
________VERB,1307
___________________________________.,1537
__________________________________________________________________.,1468
___________________NOUN,1096
_________________________________________________.,1251
_________ADJ,2382
_VERB_,3232369123
__,4461787
_______________________________________,6704
__________________,7745
_______________________________________________________,1804
________________________________________,2627
_________________________________,2026
__________X,14833
_______________.,5299
________________________________________________________________________,1790
__NOUN,4594
_____________________________________________________________,1704
___________ADJ,1372
__________________________________________________________________,1558
__________________________________________,3179
________________PRT,1466
_______________________________________.,1188
___________________________________________________________________________,1056
____________.,8099
__X,11222
___NOUN,1577
______________________________________________________.,1073
________NOUN,2810
___________________________.,2438
_______________________.,3757
__________PRT,3985
_________________VERB,1047
__________________________________________________.,1244
______X,27212
______________________________________.,1128
__________________________,3828
_._._._,2568
________________.,12987
_______________________________________________________________,1367
____________________.,4083
__________________________________.,1363
____ADJ,2294
_____________________________.,2265
____________________________________________________________________.,1311
_________________________________.,2576
_PRT_,659346841
___________________________________________,1514
_____.,19802
______________________________________________________________,2458
___________PRT,2238
_________________________________________________________.,1608
______________________________________,1849
________________________________________________________,2028
______________________________.,1836
_______________________________,1940
_________,51843
______________________,6203
__init__,1783
______________NOUN,2319
____________PRT,1448
_______________________________________________.,2075
_._._._.,3464
___________________________________________________________________,1657
____________,30896
_________________NOUN,2046
____________________________________________________,3228
_________VERB,2892
________,58369
__________________________.,2372
__init___X,1592
___________________X,1352
______ADP,1720
______________.,7161
________________________________________________.,1273
__________________X,1163
___________________________________________________________,1134
_ADP_,2238495719
_________________,9431
_CONJ_,717272342
___VERB,1319
_______PRT,4530
________ADJ,1086
_______________,19924
_____________PRT,1966
_X_,176997580
________________________________,3585
_PRON_,1359005205
_______NOUN,6325
_______DET,1264
_______________________________.,4251
______VERB,2341
_____________,13713
__________.,19824
_______________________________________________________________________,2257
___________________________________________________.,1105
____________________________,3504
____________NOUN,2621
____________________________________.,1553
_________________PRT,1746
__________VERB,1603
_____________________________________________,1055
____NOUN,6484
_id_NOUN,1987
_NUM_,640372029
_________________________________________________,1643
______PRT,3481
__VERB,1500
__________ADJ,1725
_____NOUN,3184
_______________________________NOUN,1076
_____________________________,3390
_____________________________________,1694
_______________X,1195
____________________________.,2244
________________________________.,1296
_____________________,7769
______,58541
_____________________________________.,1830
_____________ADP,1043
____PRT,8930
_________________________________________________________________________.,1119
___________X,3102
__________________________________________________________,1171
_________________________________________________________________,1939
________________________________________.,5721
___X,5397
________________________________________________________.,1441
__________________.,4927
____,38558
________________________.,2952
__________________________________________________________.,1012
_______,27152
___,63551
_________________.,12088
_________________ADP,1092
______NOUN,3505
__ADP,1506
_________.,21806
____X,3395
__ADJ,2555
_________________________________________________________,1267
___________________,6637
____________________________________________.,1053
_DET_,1973027393
______________________________,6355
___________________________,4337
_____ADP,1108
_______ADP,1120
_._._._._X,1651
__________NOUN,8145
__________________________________________________,1639
________________________________________________________________________.,1779
________________________,4865
______________,10271
__.,36455
___.,10925
_______________________________________________,1609
_________________________________________________________________.,1005
_________________________________________,1940
_____________X,8465
_____________NOUN,3060
_______X,15518
_________________________________________.,2015
___________VERB,1786
______________________________________________________,2081
_r_X,2097
_id,2449
________PRT,2268
____DET,1546
__________________NOUN,1599
_______________________________________________________.,1675
_____________________NOUN,1116
_______ADJ,2416
______________________________________________________________________________,1014
_________________________,3649
________________________________________________,1684
____________VERB,1097
_____________________.,4804
_______.,24702
___________,15797
______________________________________________,2373
________________________________________________________________.,1079
________________,21549
_______VERB,2044
____________________________________,2616
__________,31020
______DET,2479
_____PRT,3016
___________ADP,1379
___PRT,2378
___ADJ,3166
____________________________________________________.,1484
____________________,8833