gentlefolks_NOUN,1254
generality_NOUN,45752
girls_NOUN,1519843
generally,2022080
geneticist,5982
gladdened_VERB,5174
grimacing,13226
gonadotropin_VERB,1032
gallivanting_VERB,2006
goodwill_NOUN,79512
grad_NOUN,17036
grounding_VERB,25014
guerra,8092
gL_NOUN,1216
grew_VERB,1169056
girds,1142
gel,151501
guess,1043804
guttering,3910
grooming_VERB,12837
generalities_NOUN,9337
gayer_ADJ,1004
glorify_VERB,29707
gestalts,1105
gardenias_NOUN,1744
guileless_ADJ,8535
ginkgo_NOUN,3020
guardians_NOUN,64243
grandchildren,98189
glaciers,41106
grated_ADJ,7420
grandstand,5962
gloria_X,2399
grandstand_NOUN,4761
gangways_NOUN,1830
gapping,2587
gracefulness_NOUN,3300
genealogical_ADJ,28997
gong_NOUN,13349
grooming_NOUN,16806
gulches,1220
grandmothers,20006
gutta,4326
gross_ADJ,273944
gidawat_X,1302
grassroots_ADJ,5821
gleam_NOUN,80885
grooved,9597
ghastliness,1024
g/cm3,8695
gonads,8360
gobble,7505
grotesqueness,1705
gainsay_VERB,4542
guinea_NOUN,46605
geisha_NOUN,5025
grammatical,110486
grounding_NOUN,41850
glyphs,6457
gal_NOUN,33106
gorgeously,6664
gigs_NOUN,17397
gelled,4353
grotty_ADJ,1072
gleanings_NOUN,1710
governmentality,14586
gee,12548
governorships_NOUN,1606
gall_VERB,2452
gluteal_NOUN,2824
greying,6555
goggling,1313
genes,507822
greatness_NOUN,122276
gazes_VERB,8933
gondola_NOUN,11491
gumption,4626
göklerdeki,1680
grandson_NOUN,118834
grunts_NOUN,23141
guvnor_NOUN,2035
grocery_NOUN,121271
gasps_VERB,4918
gaggle,8592
gruesome_ADJ,35825
gastrojejunostomy,1425
grounded_VERB,226746
ginger_NOUN,107594
ght,3380
groupId,1337
genotyping_VERB,1938
giabut,1058
gruel_ADJ,1268
glances_NOUN,97725
gesig,3868
grimy_ADJ,18678
gentiles_NOUN,14902
gasifiers_NOUN,1642
gapped_VERB,1432
gjithëve,1393
goggle_ADJ,1583
geosynthetics,1229
gynecologists,1987
groundcover_NOUN,1046
gate_NOUN,697723
gazers_NOUN,1671
groanings,1902
gobierno,3384
genuineness,14055
grasp_NOUN,181417
geometry,224358
grenadiers,5710
gerne,1300
guarded_VERB,130298
groupthink,6211
glee_NOUN,42185
gym_NOUN,134906
goblets,9549
gigantea_NOUN,1823
generalizing,15091
gospel_VERB,1945
grays_NOUN,7352
groundswell,3636
gifts,403024
galled_VERB,5325
generall_NOUN,1227
glycolytic_NOUN,4911
goby_NOUN,1464
graphs_NOUN,136633
gjithë_NOUN,1158
gjeti,2011
genetically_ADV,86110
gynoecium,3358
glorifies,5297
glucan_ADJ,4958
grimmest,1427
grudged,3302
gentes_NOUN,3133
grammaticality,3237
greatly_ADV,661384
groundnuts,3802
globalists_NOUN,1527
gleam_VERB,3742
guage,2646
gruel,9424
griddle,8854
gentlemanlike,1659
ghetto_NOUN,42526
golfing_NOUN,5691
gluteus_X,1819
genotyping,9428
galant,1130
gracefully_ADV,57415
ginganlan_NOUN,1183
grassed_ADJ,1017
generalists,5250
gia,1275
greetings_NOUN,48542
greying_VERB,4187
glazing_NOUN,11598
gung_ADJ,2619
graziers,1175
glycolic,4486
groove_VERB,1156
grumbled,77975
gold,1334086
globality_NOUN,2339
goitre,3104
galas,2125
gu_NOUN,3844
glottal_NOUN,2164
gargle_VERB,1143
gages,2390
glycans_NOUN,8191
geostationary_ADJ,4104
garni_NOUN,1004
garrote,1563
g1_NUM,2633
gelatin_ADJ,2510
gunny,3146
guestrooms_NOUN,1183
gentles,1051
gemmules_NOUN,1132
ghettoes_NOUN,1968
grouch_NOUN,2246
giorno_X,2075
gratifying_VERB,20090
gator,3131
guiltiness,1136
goblet_NOUN,27175
grinds_VERB,8982
gamelan,4747
groupes,1809
glistened_VERB,32051
globalised,9359
graphics_NOUN,73681
greyscale,1652
gap_NOUN,627407
gangplank_NOUN,6871
generalship,4594
gladly_ADV,94004
geneticists,7192
glade_NOUN,16644
groom,78448
gobs,2595
gamut_NOUN,18162
granules_NOUN,43524
granddad,7703
glosses,16447
gadolinium_NOUN,10782
galore,7281
granulated_ADJ,7487
gibberellic,1787
gilded,50647
gassing,3608
girlish,21956
gregariousness_NOUN,1259
gos,1082
gi,14800
gunfighter,2142
gRNA,1144
glacis_NOUN,1639
grabs,90279
gagging,11309
glucose_VERB,8718
gush,20161
gras_NOUN,4609
genitourinary_ADJ,6825
grandnephew,1189
gags_NOUN,5030
glove_ADJ,3101
gaunt,33996
godfather,21222
ground_NOUN,3128068
geology,46656
gunboat,7538
greengrocer,3537
gazettes,1298
greenery_ADJ,1939
guessed,247625
garbed,5722
gyroscope_NOUN,5965
glo_X,2180
gibbons_NOUN,1562
gastroenterologist_NOUN,2368
grogginess_NOUN,1139
gramme,1080
ghosting_VERB,2058
gore,19197
gli_X,11766
guys_NOUN,776772
granting_VERB,121158
gear_VERB,1556
grappled_VERB,18454
glands,108952
gongs_NOUN,4997
gong_ADJ,3309
granulocyte_ADJ,5135
gallantries_NOUN,1443
grotesque_ADJ,62757
gure_NOUN,2581
grayed,2911
guarded,138377
gure,3346
grading_NOUN,41598
gare,2114
grebes,1109
groupoid,3112
gayly_ADV,5156
gesehen,1244
gaudy_ADJ,21728
glycolide_NOUN,1820
g/cm3_NOUN,1657
grazed_VERB,39006
geomorphology,5436
gridded_ADJ,2630
gesticulation_NOUN,2503
glucoside_NOUN,3644
generative_ADJ,59341
gladden_VERB,3805
gigantic,122905
glistens,3300
geezer_NOUN,4638
gebeur_X,1529
gnarled,20885
galangal,1227
gluing_NOUN,1107
gang,240241
glaciers_NOUN,40814
gaige,1202
gai,2062
grabbing_VERB,133683
golfers,8731
great_ADJ,7585230
gjithçka,2960
gestion,2377
godfathers,2182
gx,2085
griffins_NOUN,2921
geographically_ADJ,1294
gestalt_ADJ,1842
galoshes,2013
generic,220285
gummed,2933
gatherer_NOUN,13846
glottis_NOUN,5891
generò_NOUN,1073
granodiorite,1021
generative_NOUN,1206
goodies_NOUN,14711
grape,73617
général_X,4316
girly_ADV,2844
gangster_NOUN,23252
granulomatous_ADJ,13392
glitch,9167
gunshot_ADJ,2089
goiter_NOUN,7091
goofy_ADJ,13942
guava,6556
governments,649799
garters,6327
gambles_NOUN,3169
guildmaster,1137
ggplot_NOUN,2142
gladness_NOUN,32643
gaseous_ADJ,44526
grassland,37585
gardens,258835
grill,64528
gefitinib,1954
glacially,1230
grande_ADJ,4625
gentlewoman,8512
gynecologic,7219
gular,1214
gesticulating_VERB,10023
graves_NOUN,94925
grousing_VERB,1080
gurus,12617
grandnephew_NOUN,1029
gain_NOUN,410728
gibbous,1615
godparent,1139
grins_NOUN,24886
gnawing,27587
governmental,234219
gemination_NOUN,1455
gridlines,1111
groupes_X,1466
gaits,3051
garish,11921
gulley_NOUN,1734
gendered_ADJ,110559
gawkers_NOUN,1746
grilling,13643
gentamicin,9048
gallows,32469
gation_NOUN,1041
gradually,644374
glaive,1282
goeie,1950
greyish,15921
grandiloquent,2197
greyness_NOUN,3227
gaiters_NOUN,5058
genocide_ADJ,1707
gasses,5409
grained_NOUN,1342
geophysical,14900
gentleness,62942
groupe_NOUN,1871
graffito,1734
gelation,9604
gymnasts,4170
gcc,1755
gekom,1104
guest_ADJ,12551
gingerly,34169
gulps,14904
globalist,3558
germanica_NOUN,1642
glazier_NOUN,1955
gaan_X,14390
grand_NOUN,91037
graces_NOUN,37098
grievous_ADJ,35383
gushes_VERB,3535
gawked,6386
grudge_NOUN,48767
glycolipids_NOUN,2742
genitalium_NOUN,2385
generalise_VERB,5995
gJ1,1177
gibbering_VERB,2609
gestalts_NOUN,1093
gibiyaan_X,2174
gurus_NOUN,12502
growers_NOUN,38340
globalised_ADJ,1362
globalizing,8766
gild_VERB,2850
googling_VERB,2297
gruel_NOUN,7588
gasifiers,1644
gingivae,1052
gripes,2508
gmail.com_VERB,10225
guarantees_NOUN,93492
geostationary,4196
germanium,7738
glazing,15937
guillotine_NOUN,14523
gotta_VERB,83549
gallium_NOUN,8390
geez,2247
gruffly_ADV,19890
generalship_NOUN,4558
gatherings,64489
graspable_ADJ,2310
garrisoned,7242
gdp,1335
guaranties,1673
girlhood_NOUN,14494
gutters_NOUN,13706
g0,3042
garnished_VERB,11830
gehen_NOUN,1175
grossing,4238
groveling,3841
growths_NOUN,13168
galena,2357
giv,2983
galactose,11946
ghost,338225
greediness,3599
guise_NOUN,56557
gratefully,60670
gainst_ADP,1374
glint_NOUN,48065
grumblings_NOUN,2038
graphite_ADJ,4004
goethite,2390
gnotobiotic_ADJ,1022
gulden_NOUN,3215
grandpapa,2849
goe_VERB,4981
gimlet_NOUN,2730
grupo_X,2679
ghostwriter_NOUN,1481
glioblastoma_NOUN,11671
gi_X,3681
grease_NOUN,62219
gridlock,6418
gipsies,5207
gift_NOUN,763188
government_NOUN,4445990
gentlewomen_NOUN,2685
geotextile,2421
gutta_ADJ,2709
grazier,1198
graphite_NOUN,52902
guitar,138704
géographie_X,1530
guffaws_NOUN,2795
germs,32978
godson,5398
grafted_VERB,26903
grieving_ADJ,2737
gluten_NOUN,32101
girth,22104
gentlest,9401
gals,8662
graining,2538
goons_NOUN,12541
gh,5441
guesser,1109
ghar,1429
galvanize,5116
gaslights,1304
gotten_ADJ,7078
ganglionic,2538
g3_NUM,2136
globalize,1180
gratified_ADJ,5203
glimmer_NOUN,44887
gif_NOUN,1399
geared,50735
glucuronides,1319
gentlemanly_ADJ,14078
gowned,4509
glamoured,1016
girded,8670
guppies_NOUN,2026
globalists,1536
guardsmen,7576
glyph_NOUN,5791
generalizing_VERB,13245
grunting_VERB,16980
graduates_VERB,14278
gonad_NOUN,3825
giggling_VERB,38991
galore_VERB,1054
glaze_NOUN,21419
grill_VERB,7742
grouting,7921
ger,6505
get_,1229
gushing,24679
garters_NOUN,6322
gel_VERB,7257
generalissimo,1555
grossed_VERB,4816
grouted,2134
gigawatts_NOUN,1111
gridlock_NOUN,6418
gurgling_NOUN,4966
groined,1354
gladsome,2382
glassful_NOUN,1683
garlicky_ADJ,2361
gyri_NOUN,4267
graduated_VERB,130468
grubbing_VERB,2168
galea,1332
goat_NOUN,130362
gaps_NOUN,239161
giveaway,8460
glasnost,6430
glasse,1313
guarantees_VERB,44663
godliness_NOUN,13895
groundnut,6875
guitarist,20971
gyrations,3580
gentile,13747
gyration_NOUN,3547
gilthead,1114
garrisoning,1111
geoid,1462
guru_NOUN,42471
goddess,177676
gash_NOUN,23847
grips,50883
given,6168130
glucocorticoid_NOUN,6938
gather,407491
guarantors_NOUN,5062
gangly_NOUN,3858
glued,54928
gander,5895
gathering_VERB,170773
gold_NOUN,1020347
graded_VERB,37253
gulfs,4736
gremlins,1607
grave_NOUN,299451
glycerin,5669
goiter,7174
glossary_NOUN,22902
giveaways_NOUN,6265
gentled_VERB,2761
gunners,20648
ghazals,1124
garnishing_VERB,1860
gonadotropin_ADJ,6519
gaze_NOUN,1214765
grads,2389
grooving,2435
glycoprotein_NOUN,22466
gooseflesh_NOUN,1521
gratë,1346
grouped_ADJ,3049
gnomon,2151
gravitating_VERB,3978
gloated_VERB,5831
glycated_ADJ,1641
godlessness_NOUN,1674
gentrified,3496
glycogen,33595
gazillion,1760
gracefully,57422
greenhorn,2439
goaltender_NOUN,1381
gasped_VERB,255091
gratifyingly_ADV,1068
gages_NOUN,2292
greywater_NOUN,1083
galactosemia,1074
glucoside,5782
growls_NOUN,6559
graphene,196659
gemacht,1878
gamekeepers_NOUN,1639
genitals_NOUN,25362
gyres_NOUN,1989
glazes_NOUN,2653
guesses,33333
gavage,2160
gonadal_ADJ,10908
grande_X,12479
goodwife,1302
geothermal,23538
gothic,23652
general_ADJ,3829732
groundwork_NOUN,36133
groove_NOUN,58344
gain_VERB,675217
gan_X,3645
grids_NOUN,45557
gratë_X,1215
gilthead_ADJ,1017
glutamic,7792
grammatically_ADV,14699
glycolysis,17566
gelatin_NOUN,29015
goop,2881
guests,473809
glum_NOUN,2423
globes_NOUN,17187
grille,11291
geochemical_ADJ,9525
grecque,2160
gleefully,19570
giggly,2279
gangly,6867
genitals,25445
gigantea,1932
geochemistry,5654
geologist,15884
gear,251271
generators,70493
glandular_NOUN,13862
gneisses_NOUN,1992
golde,1383
gloried,6063
graphing_VERB,3517
grafted,30633
gape_VERB,7711
glovebox,1222
gamers_NOUN,12849
gifts_NOUN,402961
getter,6503
glaucomatous,1962
globe_NOUN,209896
gyro_ADJ,1764
governorate,2160
griots_NOUN,1319
globalisation_ADJ,1127
governmentally_ADV,1296
gunner,21963
gruffly,21308
groping_NOUN,2423
gloomy,151039
giardiasis,1904
geometrically_ADV,13375
gravedigger,2569
guard,809752
groanings_NOUN,1898
glacial_NOUN,1955
granulator,1144
genic,1909
gannets_NOUN,1299
groomsmen,2953
glutathione,30170
gracilis_NOUN,4552
grinding_VERB,105841
giv_VERB,1351
greenl_NOUN,2188
grate_NOUN,34110
groaning,49241
grandmother_NOUN,371745
gjeli,1339
generalised,23483
greenish_ADJ,34671
grannie,1218
glu_VERB,1088
ge,25372
groundwork,36134
goda_NOUN,1782
gaped,34123
gaffer_NOUN,2624
growing,1582238
glacier_NOUN,44053
glitz,2904
gym,137824
gm,16576
gremlins_NOUN,1593
genood,1008
glucosidases_NOUN,1074
gallery,190941
gravelly_ADJ,9730
gooder,2578
globalization,166296
gangs_NOUN,72294
grabbers_NOUN,1378
ginie_NOUN,1180
globular_ADJ,13632
german,4132
gust_NOUN,51046
gloomily_ADV,26740
grammes_NOUN,2285
genealogy,52812
govern,156629
grubbed,1017
griechischen,3414
greenness_NOUN,5345
groped,24277
going_VERB,9310362
gunboats,9115
guzzled,2957
gossamer,9363
grainy,12878
gastroparesis_NOUN,4392
greenbacks_NOUN,3173
guideposts,2643
gjør_VERB,1598
graze_NOUN,8250
gynecological,5301
guarantees,138162
gristle,3278
getting,2778125
glows,16781
greatgrandchildren,1039
globin_NOUN,3177
globalisation_NOUN,40685
gambler_NOUN,27452
glycocalyx_NOUN,2124
guard_NOUN,674876
gaskets,3793
goodwill,79523
guile_ADJ,2108
galvanising,1113
generalisations,7648
grilled_ADJ,30038
gëzim_X,1010
gills,25785
glades_NOUN,6903
governmentally,1344
gibbering,3318
gente,7711
gebood,4163
glorifying,9817
g4_NOUN,1412
gusher_NOUN,1309
grantors_NOUN,1384
gospels,24351
graphed,4430
gritted_ADJ,17874
gravidarum_NOUN,1376
getters,2695
grabs_NOUN,9178
get_NOUN,25308
grooves,33485
ggwe_X,1000
grace,625235
ganghaan_NOUN,1479
gallants_NOUN,4132
goo,15323
glebe,1671
gleaned_VERB,34839
grimness_NOUN,3440
grouch,2379
grocery,121283
geneticist_NOUN,5817
geodesics,4421
grimace,42944
gobbledygook_NOUN,1206
grocers_NOUN,6369
greenest_ADJ,3352
gastric,114390
groaning_NOUN,6638
glean_VERB,17614
goody,6917
gnosticism_NOUN,1075
gig_VERB,2883
granulocytes,5588
gentlemen,301391
graffiti_NOUN,33601
grinders,4941
gT,1151
glomerata,1156
gastropod,2461
geometrical,61239
germinal,11142
glycolytic_ADJ,2189
gulp,52294
grumble_NOUN,1957
graziers_NOUN,1172
gunfire,39842
greatgreat_ADJ,1462
goner,4756
gallon_ADJ,12561
gobbling_VERB,4165
général_ADJ,1436
gutter_NOUN,33782
geophysical_NOUN,1885
galvanic_ADJ,9490
groomsman_NOUN,1106
gaussian_ADJ,4246
guiltily,14011
gle_NOUN,3119
goring_NOUN,1215
gravis_X,2211
giddiness,7426
glucagon_NOUN,12357
grope_NOUN,2410
grimmest_ADJ,1427
girlfriend,222038
glace,1918
gerunds_NOUN,2937
goggles,31354
gorges,11148
giggle_VERB,22451
groomsmen_NOUN,2941
guerrillas_NOUN,25386
greener_VERB,1088
gushing_VERB,17096
gesticulation,2571
graying,12007
gossiped_VERB,7002
goalkeeper_NOUN,6390
gratitude_VERB,2867
gå,1351
garnet,13603
girlfriends_X,1070
gestation,52188
gdziem,1387
grapple_NOUN,2645
gnas,1336
gradations_NOUN,12243
gynecologic_ADJ,6577
grayer_ADJ,1553
germ,71623
gz,1073
grit_ADJ,3267
genocidal_NOUN,1930
gaol,16363
grumpiness,1384
gimmicky,1134
generalized_ADJ,109141
geek_NOUN,11193
gravel_NOUN,127372
generality,46042
ghee_NOUN,12505
goalie_NOUN,6875
grooves_NOUN,32761
gerrymander,1335
gravidarum,1513
gente_NOUN,2138
gourd_ADJ,1222
goddaughter,3222
gearbox_NOUN,9215
geezers,1254
gadfly,2565
grafting,43504
grandpapa_NOUN,2626
glides,16315
gg_NOUN,3586
grossest,4798
g1_ADJ,1362
gallantry,22463
grove_NOUN,66630
glia,6758
grateful_ADJ,506588
gruff_ADJ,24488
guide_VERB,395691
gasworks,1498
glucanase,1823
gluconate,5009
genial,37876
graver_NOUN,3661
geenna_X,1320
ghastly_ADV,6461
grippers_NOUN,1372
gratification,62661
gazed,261085
guarding,84356
geological_ADJ,88890
goldsmith,10324
gravely_ADV,92041
guardhouse_NOUN,4460
gallantries,1446
gull_ADJ,2705
gevoel,1300
garments,130673
ga_NOUN,15464
glumly,7538
git_VERB,43675
gihigugma_X,1202
grimy,22932
garam_ADJ,1485
glycoproteins_NOUN,11522
geneticists_NOUN,7154
globulins,2549
greats,7391
gossiped,7030
germinated_ADJ,1177
gentes,4050
groan,126626
gunshot,37146
garrisons,15310
govern_VERB,156619
grands_NOUN,4033
gion,1072
guessed_VERB,247611
gestae,1192
gullet,6170
gratifies_VERB,1547
geriatric,18722
garde_X,1108
gunned,13558
gored_VERB,2922
guesswork,9585
gallium,9050
gooey_ADJ,9676
gamble,48986
gutless,1717
girdle_NOUN,31496
greys,4914
growing_VERB,1506372
gimbal,1495
gainers,1822
golly_X,2476
gazeta,3743
geckos,2423
gazpacho,1386
greediness_NOUN,3555
glittering_VERB,93776
grel,1262
grits_NOUN,9464
grime,18922
gibbon_NOUN,1444
gracilis_VERB,1268
groves_NOUN,42946
glyburide_NOUN,1017
goaltender,1727
gadding_VERB,1552
göğe_X,1234
grasses_NOUN,67294
grandmas_NOUN,1918
gleeful_ADJ,9933
garnets_NOUN,2910
gnaws,3390
gilansang,1285
gallo,1824
gedoen_X,1171
gr_NOUN,10099
gravelly,15852
gubernatorial,8719
grumbled_VERB,76192
grating_NOUN,40915
gil,1902
gangrenosum_NOUN,1785
gamer_NOUN,7633
guidepost_NOUN,1328
glints_NOUN,4942
groundnut_NOUN,6374
graphy,1055
genre_ADJ,9663
grocer,20863
guar_NOUN,3294
gargantuan,9020
gloeosporioides,1024
gun_ADJ,37836
gynecomastia,2999
generals_NOUN,109283
galvanometer,4667
guidance_NOUN,536810
glumly_ADV,7467
gonorrhoea_NOUN,2109
germinal_ADJ,11028
grueling,14925
gettin_VERB,21738
gaolers_NOUN,1967
gendarme_NOUN,6462
goldmine,1852
greed_NOUN,95815
gesien_X,1526
grumbling,32093
gimmick,5705
gasoline,78340
guaranteed_VERB,183413
gazes,76093
gibiyaan,2537
giue_VERB,1787
geeks_NOUN,5256
glazed,51136
gifted,119664
gerrymandering,6341
grounds_NOUN,565310
gestures_NOUN,172514
gullies_NOUN,11892
gr_X,3701
grandson_ADJ,3412
gesticulating,10149
genealogically,1474
gaslighting_NOUN,1211
galactic_ADJ,13672
gladly_VERB,6176
gosling,1111
groundwater_VERB,1992
gobsmacked_VERB,2408
gram_NOUN,38055
generous_ADJ,343006
gust,51887
grapes_NOUN,94284
grouping_NOUN,51479
gays,17901
guo_X,1128
gleefully_ADV,19480
gymnastic_ADJ,5536
gremlin_NOUN,1741
geen_X,2648
glitters,4864
gules_NOUN,1917
geopolitics,18354
glucoamylase,1085
gonadotrophin,2027
glycosylation,12841
globally,135521
gw,1425
geochemistry_NOUN,5592
gyrations_NOUN,3580
garni,1260
gaga_NOUN,1508
greenbelt_NOUN,1609
gaieties,2253
globalisation,43946
gainst,4948
graveside_ADJ,1505
granddaughters_NOUN,7906
gittin,4659
goodlooking_VERB,1415
girt,8090
groundhog,1403
gaff,4949
gastrulation_NOUN,2058
giggling_NOUN,9230
geraniol_NOUN,1846
grazed_ADJ,1381
gentian,2889
gems_VERB,1447
gallows_NOUN,31149
gringos,2528
grubs,6280
ganglia,32947
galantamine_NOUN,1169
gorgon_NOUN,2027
gumboots,1107
genocide_NOUN,102466
gluteal_ADJ,5067
gratuitously_ADV,6271
gelijkenissen_NOUN,1236
gallery_NOUN,190913
gearing,14874
glossitis,1392
gigamit,2548
guerrillas,25386
gane,1431
gastropods,4445
greater_ADV,12901
geometers,1679
géographie,1801
givenness_NOUN,4845
gatherer,14479
gesticulate,1614
gimme_VERB,3703
gray,597716
grilling_VERB,9347
gashed_VERB,2993
grooved_VERB,7487
guffaws,3198
granule,13673
ganja_NOUN,2510
gazing_ADJ,1592
gallic_NOUN,2741
greet_ADJ,2298
grandmist,1109
goodbye_VERB,2410
galloped,37794
genuinely,160670
grudges_NOUN,17862
geodynamic_ADJ,1691
gåede,1174
geometry_ADJ,1251
gnash_VERB,1954
greyer_ADJ,2147
grandeurs,1077
gloria_NOUN,1865
generating_NOUN,60523
generativity,4627
giraffe_NOUN,14213
gari,1123
godhead,3763
glittered_VERB,36412
greyhound,9740
grading_VERB,16436
gravediggers,1854
gullet_NOUN,5750
grisly_ADV,2603
giblets_NOUN,1502
gas_VERB,1145
greener,18370
genially,6388
gloominess_NOUN,2611
governing_VERB,245606
gynaecology,2675
gusto_NOUN,15631
grill_NOUN,55176
glutton_NOUN,6817
gibes,2387
grandparent_NOUN,13530
gapped,3458
gazette,3047
gnocchi,4517
giving,1921713
glen,16858
geocentric_ADJ,4351
gentry,40485
gentle,594126
generalisability,1665
guzzle,1929
glimmerings,1656
giv_X,1233
gryphon_NOUN,4666
grandes_X,1520
grebe,1110
guy,1125270
griped,3336
gjithë_VERB,1100
galls_NOUN,3720
gravis_VERB,8099
glaze_VERB,6222
gazetteer,2305
griefs,12368
generating,264038
guiltless_NOUN,3979
grown,885408
gaussian,4404
garlands,18403
grâce,4007
guttural,23573
grandiosity,4553
gage_NOUN,6740
gravitates_VERB,2152
grille_NOUN,10924
gibbet,6503
genderless_ADJ,1624
grueling_VERB,6072
grinning,117859
geste_NOUN,1032
gluteus,6326
gms,1571
goetta,1509
guidepost,1345
giraffes,7661
gärningar_X,2259
genderless,1683
groundwater,111524
guidance_ADJ,2924
grazers,3720
glutaraldehyde_NOUN,5289
grado,1862
greyhound_ADJ,3204
glucagon,13521
genocides,4371
grottos,1658
grammaire,1039
grid_NOUN,321915
gaped_VERB,33938
grassy_NOUN,1106
graveled,3109
gruesome,36636
gens,14508
gaed,1641
glycemia_NOUN,1912
groweth,2106
ging_NOUN,1478
geosynthetics_NOUN,1214
grandee,2816
gingharian_NOUN,10683
gunships,2766
grafter,1057
geh_ADJ,1142
grâce_X,2536
guise,58998
gang_VERB,4542
gradual,187757
gude,4685
germination_NOUN,42428
granularity_NOUN,14752
gushes,5451
grasshoppers_NOUN,12413
goalkeeper,8105
geotextiles,1445
grind_ADJ,1212
greases_NOUN,1826
guess_VERB,908148
gentlemanly_ADV,5398
gargled_VERB,1228
gen,25599
greengrocer_NOUN,2798
givenness,5831
gents,8434
gidakup,1160
gaed_VERB,1601
gravid,3128
geometric_NOUN,2043
gripping_NOUN,1022
guffawed,5831
gauge,160514
goddamned_ADJ,10006
générale_NOUN,2479
gilded_VERB,7448
gastrectomy_NOUN,7441
glimpse,227844
gland_X,1352
guarantor,17575
gabbro_NOUN,1948
grinding_NOUN,8996
groundskeeper,2324
glyoxylate,1254
greate,2340
gurney,15312
grated_VERB,70286
grunts,27209
gibberellins,2441
gezalfd,1014
gonadotropic,1059
generosity_NOUN,129901
gallop_NOUN,35008
gorillas,10151
grizzled_ADJ,12699
gigantism,2098
grist,7539
gravely,92045
grandest_ADJ,16747
governing,277260
grubby_ADJ,14490
genetically,86114
glamorous,35410
gumption_NOUN,4484
girders_NOUN,11757
granulations_NOUN,1449
gynecomastia_NOUN,2851
gusher,1336
galactosemia_NOUN,1066
grovelling,4523
gloriously,19654
glimmering,20105
gb_NOUN,1168
guanxi,6146
gruaja,2109
glutamate,36796
gush_NOUN,10532
goin_VERB,75316
grapnel,1518
gawky,3101
gurdwara,1369
gendarmerie,5112
greco,1288
greetings,48770
gulls,23790
gramps_NOUN,1859
giddily,2385
glossed_VERB,14179
grandmasters,1184
grungy,2788
gulp_NOUN,42272
granary_ADJ,2802
garret_NOUN,17716
gacaca,1315
giver_VERB,2071
generis_X,1885
glucosidase,6868
gaits_NOUN,3018
gastrin_NOUN,4293
galling_VERB,2530
gnome,11071
gloating,10813
grate_VERB,6522
generating_VERB,203494
grayscale_ADJ,7763
gallstones,6813
girly,9915
gladder_ADJ,1215
gastronomy,6140
gratitude_NOUN,302470
grant_NOUN,224233
governorship,8041
greying_ADJ,1878
gooey,10685
grudging_ADJ,9305
gratifying_NOUN,2408
grubbing_ADJ,1176
goodbye_X,144513
getaway_NOUN,19870
gipsy,10967
guardsmen_NOUN,7532
graffiti_VERB,1323
greaseproof,2165
goût,1582
guerres,1280
generalisation,11791
gavest,3100
gators,1884
glycols_NOUN,1773
grasping,97398
guard_VERB,127610
gravestones_NOUN,7948
griffon,1180
gloss_ADJ,1407
gleanings,1715
gizmos,1641
gravelly_ADV,5664
general,4182900
guardia,1294
grabbing,142162
grocers,6593
grander,20338
gramnegative_ADJ,1112
gayer_NOUN,2101
graphing,5992
grapheme_ADJ,2033
gorging,4142
galette,1214
grandee_NOUN,2712
ganglioside_NOUN,1364
grazes_VERB,3068
grizzly,21423
gothic_ADJ,19639
greener_ADJ,10062
gallstone_NOUN,2959
gradual_ADV,2103
groans_NOUN,32609
glorification_NOUN,15773
grapeseed_VERB,1708
ging,2685
granddaddy_ADJ,2037
grenadier,3847
gleich,1356
gabbing_VERB,1042
gesticulate_VERB,1567
grimed,1676
god,619939
grenadine,1279
garbage_NOUN,113016
greenwood_ADJ,1399
glutamatergic,5568
geniuses_NOUN,28289
grills_NOUN,8985
gesticulations,3042
guileful,1040
gout_NOUN,24748
glanced,942515
goldenrod,2724
gk,2116
gryphons_NOUN,2015
glabrous,12603
gangsters,17564
ganze_X,1161
games,746716
gunshots,16773
ginganlan,7430
grapevines,5281
ght_VERB,1007
gcloud,3209
geared_VERB,50732
goddam,5933
garlic_ADJ,4899
gazebo,10575
granulocytic_ADJ,2255
gion_NOUN,1038
gael,1432
geomancy,1559
gaping,56930
guildmaster_NOUN,1121
genes_NOUN,507797
goddes_NOUN,1030
gewgaws_NOUN,1436
gits_VERB,4345
groupoids_NOUN,1750
galls,4581
gauchos_NOUN,1306
grazes_NOUN,1081
goblins,18860
gambling,152062
gambolling,1140
gleaning_NOUN,2046
gunboat_NOUN,6392
governance_VERB,8382
gy,2344
graver_ADJ,4609
grotesquely,8385
guts,81726
gedink,1926
geniet,1000
gastrointestinal_NOUN,28879
gravitational,83018
gasworks_NOUN,1489
geographic_ADJ,177117
grinned_VERB,379509
gastrointestinal_ADJ,75018
gland_NOUN,122624
guerrilla_ADJ,1135
goddamned,12531
gouge,7076
giallo,1463
good,12657879
glossopharyngeal_NOUN,1294
glute,2842
goto_NOUN,1445
gens_VERB,1039
guff_NOUN,1426
griffin,5716
gazpacho_NOUN,1297
gamble_NOUN,30392
gunwales,2990
goddesses_NOUN,31519
goading_NOUN,1093
gram_X,1220
ganged_VERB,2421
gwine_NOUN,4906
governmental_ADJ,233387
genies,1894
glasses,407990
grandbabies_NOUN,1475
geotechnical,15995
gerunds,2964
glancing_VERB,151197
gunslinger,2441
girth_NOUN,21713
gur,1867
grama,1038
gluttony_ADJ,2031
gamete,7816
geostatistical,2119
galactosidase_ADJ,1346
gambling_VERB,24219
gloomier_ADV,1597
gpm_NOUN,1668
goeth_VERB,5562
gammon_NOUN,1796
grinning_ADJ,5552
gle,3598
granny_ADJ,2838
gouache,2617
greedily_ADV,25816
gie,4621
g7,4039
glucosidase_NOUN,2710
gardening_NOUN,50868
gifted_VERB,44196
glomus_NOUN,2370
gastropods_NOUN,4439
gonna_DET,1130
grovelled_VERB,1351
genetical_ADJ,1381
gung,3400
gymnastic,6417
goalkeepers,1311
g3,4591
globosa,1207
glorifies_VERB,5240
grebes_NOUN,1104
galvanometer_NOUN,4599
girlishly,1254
gritty_NUM,1833
guide,875694
geographers,16330
grad,17163
girding,2317
gan_NOUN,5411
glow,261995
groovy_ADJ,1975
grenadiers_NOUN,5698
grids,47335
gelled_ADJ,1326
grade_ADJ,211124
gJ1_NOUN,1091
granitoids_NOUN,1493
grammaticalization,5950
gloriam,1166
garlanded,3640
gaucho,2002
gwine_VERB,3397
grass_ADJ,31823
gendarmes_NOUN,11230
gathering,433025
grafted_ADJ,3725
graffito_NOUN,1696
galloping_VERB,32911
gouvernement_NOUN,1614
garrets_NOUN,2024
guineas_NOUN,25731
greasy,48927
gladius,1896
gopher,4409
glabrata,3025
gouvernement,3074
glycerin_NOUN,5315
gody,1213
gipsies_NOUN,5174
grav_ADJ,1091
goofball,1265
greedily,26043
giveaways,6313
gratuitously,6307
greasy_NOUN,2144
glares_NOUN,5227
gouging_NOUN,2707
gifted_ADJ,75450
gorgeousness_NOUN,1902
gs_NOUN,4362
glycosaminoglycans,2827
glowed_VERB,79824
geodesy,1428
grate,42117
geweet,1413
gallate,4586
gulf_NOUN,54766
gooseberries_NOUN,3990
gentry_NOUN,38700
galleons,4492
glioma_NOUN,16255
gorget_NOUN,1517
glutamine_NOUN,11270
granulosa,6237
grandmothers_NOUN,19911
ght_X,1113
generalize,40522
gnathostomes_NOUN,1027
gipsy_NOUN,5833
gutting_NOUN,1333
glaciations,1781
grandparent,14806
genre_NOUN,253007
glycopeptides,1647
gondolier_NOUN,2319
geniality,4349
gilds,2439
gauntleted,1413
gabble_NOUN,1595
gravitationally_ADV,1650
glyphs_NOUN,6415
gastroesophageal_NOUN,9771
gam_NOUN,1277
gagging_VERB,7482
glamor_NOUN,3179
gangster,23438
gigabyte,1289
greased,18966
guardhouse,4478
guqin_NOUN,1231
governesses,5038
gelip_NOUN,2236
groundedness,1302
gnarled_ADJ,14471
goldfish_ADJ,3182
ghostlike_ADJ,2699
gyration,3570
gage,8242
grafters,1382
geostrategic_ADJ,4289
glycogen_NOUN,33030
gNB,3254
geographies_NOUN,28582
granatum_NOUN,1406
gracia,1516
gonads_NOUN,8325
grassed_VERB,1939
glooms_NOUN,1742
gangsters_NOUN,17526
grécka_ADJ,2036
glenoid_NOUN,13340
greater_ADJ,2361176
ganzen,1172
governor,319736
gloated,5837
gazeta_NOUN,3546
gloaming_NOUN,3524
granulosus_NOUN,1140
gridding,1106
garnered_VERB,33345
ghosted_VERB,3789
gypsy_NOUN,18623
gaiters,5061
garrison_NOUN,87686
gravels_NOUN,4215
gif_VERB,1114
gossipers_NOUN,1212
getter_NOUN,6105
gyroscope,6390
guilty_ADJ,528827
gṛhastha_NOUN,1320
get_VERB,12878251
giving_VERB,1897391
gåvo_X,1079
groom_NOUN,70948
gress,2724
genderqueer_NOUN,1858
goggle_NOUN,1187
galleys,19888
guo,2108
galley_ADJ,1149
glassful,2070
gamey,1020
glossary,24049
greek,3934
grottos_NOUN,1656
garages_NOUN,11486
gazed_VERB,261071
grano,1059
gouges,3311
gallbladder,22331
gymnasts_NOUN,4157
gargled,1406
geocentric,4386
galantamine,1286
groat_NOUN,2279
gemstones,9098
gore_NOUN,15178
going_NOUN,13455
gathered,729710
gimmick_NOUN,5516
gnashed,7162
goto,3587
grabbing_ADJ,4578
ghan,1050
globalized_ADJ,4455
gravity,303984
gymnasiums,2161
griseofulvin,1228
gardenias,1747
gtt,2342
glum_ADJ,8140
glob_NOUN,5017
g2_ADJ,5934
gayo'y,1315
generalists_NOUN,5222
gawky_ADJ,3065
gating,12634
gjetën,2007
gondolas,3663
garlic_NOUN,211044
godhood,1370
grudgingly_ADV,23438
gating_VERB,1301
g5_NUM,3600
griots,1362
gegen_NOUN,3911
gamed_VERB,1381
genitive_NOUN,6942
gyi,2538
grain_ADJ,29057
gastroenterologist,2383
graciously_ADV,48977
gasification,20050
gnosticism,1080
guanine_NOUN,8585
gators_NOUN,1882
gov.uk,1283
gutta_NOUN,1452
ghastly_ADJ,48968
ghettoization,1663
gallic_ADJ,1288
geyser,6504
glutted_VERB,2314
gerrymandering_NOUN,6341
glooms,1805
gammopathy,2004
gesticulations_NOUN,3041
garth,1341
gelling,5446
granaries,7041
groomsman,1899
gradation_NOUN,11579
germline,14071
gods,555013
godly,58861
gravitation,19379
getrouw_X,1241
guitars_NOUN,17859
gazelles_NOUN,4153
gnashing_NOUN,1193
gonorrhea_NOUN,6988
glycopeptide,1569
gaya,1496
governability,1589
grumped_VERB,1216
glycosylated_VERB,1712
globulin,14651
generated_VERB,711513
gcd,3223
grail_NOUN,5957
gangways,1831
gneisses,2006
garish_ADJ,10731
gj,1467
grumbling_ADJ,2840
glenoid,14654
gros_NOUN,1466
goest,5099
globalising_VERB,2013
ghost_NOUN,338183
group_NOUN,5054551
grapnel_NOUN,1470
grittier_ADJ,1052
growin,2245
gulps_NOUN,11983
gross_NOUN,5673
grump,1419
gard,1139
glossing,5476
guild_ADJ,5967
glues,3722
goatskin,2735
g6_NOUN,1146
grisaille,1247
grotesque,62760
genitives_NOUN,1253
gege,1366
gaming,83836
geology_NOUN,45856
genre_X,2157
graciousness_NOUN,6912
g8_NUM,1760
generalissimo_NOUN,1466
globular_NOUN,3019
genders_NOUN,33331
gay,400764
goodhearted,1249
geste,2729
geming,1350
glittery_ADJ,1177
gizzards,1169
gurgle_NOUN,7980
grammarian,5763
gravy_NOUN,36580
gradient,217772
glue_NOUN,70396
garden,917071
gains,315643
groin_NOUN,50287
guild_NOUN,35932
garde,46631
g2,8625
gallate_NOUN,3162
grieves_NOUN,2557
goddamn_ADJ,33508
goodie,1902
generalizes,9258
grado_X,1537
gringo_NOUN,4089
granitoids,1496
gasifier_NOUN,4283
gentled,2803
gaze_VERB,68054
garb,42842
generator,155604
genomic,74784
geolocation,4728
grandees,4822
gato,1203
glutton,7079
germ_ADJ,16998
gusts_NOUN,20304
gettin,22305
gusted,2733
glamour,34692
granddaddy,2823
gauntlet,18362
grossest_ADJ,4425
gainsaying_NOUN,1335
grasps_VERB,16825
gobbled_VERB,9103
geologists,15525
generated_ADJ,83146
gunned_VERB,12661
gruesomely_ADV,1102
gattii,1322
grayed_VERB,2321
gl_NOUN,2549
goodwife_NOUN,1059
grete,3155
generalizes_VERB,9205
gazelle_NOUN,9107
genealogically_ADV,1457
guttered_VERB,1585
groupings,46290
groove,62311
gabapentin_NOUN,6214
grasshoppers,12445
gauzy,7427
gracile_ADJ,1197
genital,56432
grav,2067
generics_NOUN,5225
grudge,55764
granddad_NOUN,7079
gemcitabine,7388
glycogenolysis,2438
getup,3213
gaslight,4047
grantor_NOUN,14059
gilding,9999
godmothers,1763
gm_ADJ,15612
gеt,1282
glue_ADJ,2690
grail,6175
grossly_ADV,39301
grist_NOUN,1107
grant,448894
goo_VERB,2210
gossipy_ADJ,5225
gatehouse_NOUN,8928
groom_VERB,6099
grinds_NOUN,1212
gynecologists_NOUN,1883
geopolitical_ADJ,61034
gags,5599
grandkids,10878
gantry_NOUN,5914
gush_VERB,9472
goddamn_X,9489
gore_VERB,2922
gar_ADJ,1418
guidebooks_NOUN,8517
givest,1953
glimmerings_NOUN,1655
grimaces_VERB,3962
guacamole,5568
geomagnetic_ADJ,7921
gets,1004925
glittering,94984
grâce_NOUN,1358
giveth,13214
grovelled,1352
galli,1759
gaining_VERB,225223
gnyis,1099
gentium,4963
gilt_NOUN,14131
goading_VERB,5049
ghazal_ADJ,1595
glabella,2950
gateway,96796
gulps_VERB,2918
grander_NOUN,7562
grassed,2956
goes,1545919
generalities,9382
grandfatherly,1224
graven_NOUN,1828
guardian_NOUN,158467
gumbo_NOUN,4224
gd_NOUN,2217
gospels_NOUN,24293
glimlag_X,2480
guilders_NOUN,5438
gluttons,1864
gunman,18468
grandis_VERB,1954
gander_NOUN,5734
gourmand,1860
gratuity_NOUN,6291
glance_VERB,102977
gar_NOUN,3765
gallon,44368
guppies,2042
gentleman_NOUN,530985
going_ADJ,57495
granules,44473
geopolitical,61230
grimmer_ADV,1670
groundless_ADJ,10801
gracias,3294
goldfields,3050
glimpses,52808
genie_NOUN,11179
gruelling_VERB,3519
gamble_VERB,18592
gestured_VERB,152709
gazetted,2182
goods_ADJ,2367
garde_NOUN,44879
griechischen_X,3199
g5_NOUN,1675
grayling,1526
gunning_NOUN,1899
galli_NOUN,1376
giuen,1057
garners,2737
gemstones_NOUN,9071
glazed_ADJ,5059
grandbaby,1603
gulag,2586
glisten,8683
gro,1936
gangrenosum,1871
grupos_X,1290
gizzards_NOUN,1169
groan_NOUN,98345
guides_NOUN,190952
granddaughters,7931
guarda,1258
gerontology_NOUN,4327
geldings_NOUN,1239
gyrating,4874
gambits_NOUN,1153
gossipy,5509
genetic,632983
gruelling,5244
gosh_X,12612
glowers_VERB,1284
gallop,48309
gouvernement_X,1366
gebruik,1366
gauze_NOUN,37934
gik,1835
geostatistical_ADJ,2119
generalizations_NOUN,42501
glowered,17541
gingharian,15127
graveside,4841
grandad_NOUN,3937
governorate_NOUN,2127
genome_ADJ,25924
gem_NOUN,48701
glanders_NOUN,1205
grandiose_ADJ,24941
grudges,19496
geosciences,1457
governors,69401
goslings_NOUN,1645
gravity_ADJ,4906
gall_NOUN,26051
gluey,1416
gaily_ADJ,1290
grapefruits,1377
global.penguinrandomhouse.com,1856
gastrointestinal,104652
gorget,1583
grease,62221
gravure_NOUN,1676
gales_NOUN,13258
galleys_NOUN,19831
gild_NOUN,1527
goin,85004
gluons,2800
gikuptan_X,1640
gh_X,2734
garrote_NOUN,1388
gifting_VERB,3878
gondola,11586
garment,117051
guarantee_NOUN,158383
gare_NOUN,1301
gainful,7779
grasp,367220
genetical,1382
grader_NOUN,12063
geschiedenis,1428
golem,7647
gratifies,1571
gladly,100293
gluten_VERB,4444
geldings,1247
goose_NOUN,78529
gneiss,5244
grapeshot,1793
gazettes_NOUN,1248
godless_NOUN,2492
grocer_NOUN,20458
gRNA_NOUN,1140
glycemic,18531
ginsenosides,1014
guaranty_NOUN,7784
glorying_VERB,2796
glycemic_ADJ,11742
goitre_NOUN,2950
gongs,5002
glimmered_VERB,12650
giddily_ADV,2373
gelatine_NOUN,8503
gets_VERB,1004832
glitch_NOUN,8595
gamin_NOUN,1823
guerdon_NOUN,2034
gammon,2042
grandfathered_VERB,1447
gae,1868
glucuronide,4662
grayness,3214
glitches,6508
gyrus_NOUN,21246
gipamulong_X,1533
gametogenesis,1703
gingerbread,15852
glaring_VERB,83507
gravedigger_NOUN,2560
genus_ADJ,18615
gospel_NOUN,261958
gunpoint,8355
gem,48706
grape_NOUN,71864
geography_VERB,2973
gratifications_NOUN,6074
grizzled_VERB,1384
genocides_NOUN,4339
germinating,6020
gifting_NOUN,5136
groveling_NOUN,1648
gyrus_X,6329
genetics,99309
guest_NOUN,381615
gjeni,1256
gnostics_NOUN,1116
growls,26325
gauntlets_NOUN,4692
globin_ADJ,2589
granulomatosis,6884
groundlessness,1429
genuine_ADJ,411451
gynecology_NOUN,5389
goading,6161
grieved,47338
gentil,1839
grotesqueness_NOUN,1691
gael_X,1152
gab_NOUN,3647
gatekeeper_NOUN,18513
giggle_NOUN,37708
gesê,3371
glucosamine_NOUN,4756
gaolers,1967
grit,53053
ginormous_ADJ,2279
gasp_VERB,28112
girders,11809
gluons_NOUN,2720
gaskets_NOUN,3781
giveth_VERB,12664
guerre,14039
gospel,264455
granaries_NOUN,7022
genos,1224
glottic,3182
gamified,4770
goetta_NOUN,1083
gluconate_NOUN,4702
glaze,28124
grazing,106451
geomorphology_NOUN,5382
gamified_VERB,3880
gilts,2638
george_NOUN,3549
gastrocnemius,6031
generalizability,12926
guffaw,5157
gon,10646
gotta_PRT,5095
grinds,10221
grana_NOUN,1360
grande_NOUN,2133
gaieties_NOUN,2244
groundings,1383
glues_NOUN,2665
gatekeepers,20208
genotypic,5984
greaves_NOUN,2308
grandfather_NOUN,371038
guardroom_NOUN,2010
grist_ADJ,6398
guiltier,1667
gangland_NOUN,1159
greenl,2248
gangland,2008
glutes,5082
garçon_NOUN,1120
galanin,1188
glycocalyx,2204
gynaecological_ADJ,3324
going,9381840
grandmamma_NOUN,3218
gdziem_X,1387
gnaw_VERB,9408
grapples_VERB,4115
goodly_ADJ,25602
golden,663572
grannies,1711
gravis_NOUN,1161
ghosting_NOUN,1023
gravel,136217
grumpy_ADJ,24653
goblet_ADJ,1094
ggplot2,2052
genotyped,2006
guarantee_VERB,208691
guaranteeing,33745
glades,7018
giysilerini,1569
grooms,13509
gainsaid_VERB,2270
grimoire_NOUN,3177
gusting,3518
gunman_NOUN,17999
goodbye_ADJ,4316
geniuses,28573
guesses_VERB,7172
glared,208235
gamma,83352
gilt_VERB,1302
glomeruli,7220
guardedly_ADV,4106
germane,13122
gonna_ADJ,23053
glucans_NOUN,3812
glycerides,1174
gems,51496
golah,2074
gara,1061
gooders_NOUN,2125
grafting_ADJ,1017
geocoding,1221
gatt_NOUN,1457
gel_ADJ,25595
gridded_VERB,1609
gunfighter_NOUN,2138
georgia,1267
guerrilla,51754
glibness_NOUN,1074
gibt_X,3004
geyser_NOUN,6254
geworden,1210
gored,3127
gayest_ADJ,4571
good_NOUN,459567
gallop_VERB,11534
gymnosperms_NOUN,2852
gullible_ADJ,14375
gobble_VERB,5894
glycolipid_NOUN,1583
gobbles,1128
gasification_NOUN,19936
gentlewoman_NOUN,8378
grayscale,12347
gratiam,1133
gunships_NOUN,2742
gynecologist,6045
goggling_VERB,1160
glided_VERB,49845
grater_NOUN,4583
gastroenteritis_X,1396
googled_VERB,5037
glutenfree,1011
geostatistics,1166
glucose_NOUN,279117
gravies_NOUN,1549
gels_NOUN,29451
grinding_ADJ,1875
gui,1960
grader,13057
gliders,6432
greenwood,3531
guileful_ADJ,1031
grubby,14546
grog_NOUN,8516
glycine,17921
glycopeptide_NOUN,1495
gipsy_ADJ,4977
guided_VERB,316159
garlanded_VERB,3219
garbled_VERB,7385
greased_ADJ,12957
grisette_NOUN,1328
genistein_NOUN,3463
grosse,2154
glass,1653066
goniometer_NOUN,2164
gp,8048
goetic_ADJ,1082
grazing_ADJ,19660
goh,1266
guessing_NOUN,8916
générale_X,4989
gardening,54161
genitourinary_NOUN,1196
glory,527698
greats_NOUN,7174
generalize_VERB,39875
goth_NOUN,3222
gliadin,2506
grueling_ADJ,8212
global.penguinrandomhouse.com_NOUN,1732
gratis_NOUN,4495
geographers_NOUN,16285
gehaßt_X,1129
grammar_NOUN,199343
goodness_NOUN,302363
gits,5745
geochronology,1796
gearshift,2615
goalkeepers_NOUN,1305
gazer,2358
grindstone_NOUN,4375
griot_NOUN,1667
grumbles,9513
greases,2419
gratin_NOUN,2348
growin_VERB,2063
gestating,1710
glistening_VERB,64278
gloat_VERB,7987
geraniol,1912
già,2538
groweth_VERB,1259
goodpress@okpublishing.info_PRT,24256
guitarist_NOUN,17079
gaily,34425
gnats,6986
geysers,4245
glinted_VERB,20780
gaza,1029
glassware,9154
grams_ADJ,4173
gilayon_X,5396
governability_NOUN,1585
glitter,43753
gapes,3135
généraux,1195
guided,391290
gas_ADJ,19870
gushes_NOUN,1915
gesture,373425
garrulity_NOUN,1192
gapping_NOUN,1563
gourd_NOUN,18374
gory_ADJ,12712
gap,639882
glucuronides_NOUN,1290
gṛhastha,1353
grandeur,70675
gracias_X,1901
genome_NOUN,163982
grab,359089
grappling_VERB,25565
geologically,4614
github.com,2768
gaan_VERB,1561
grounder,1173
globulus,1093
grants,189197
gesticulated,3377
grasper,1502
generalization,86293
grandparents_NOUN,133048
gels_VERB,1497
grassland_NOUN,35785
gemstone_NOUN,6086
glomerulonephritis_NOUN,11953
guv'nor,2431
grow,1079497
grayness_NOUN,3156
geostatistics_NOUN,1166
gluttonous_ADJ,4476
galaxies_NOUN,43193
glucosides_NOUN,1819
gilds_VERB,1746
goodpress@okpublishing.info,24256
glabrata_X,1663
gallops,4148
geodetic_ADJ,4152
grimacing_VERB,12520
gastrin,4351
gastroduodenal,1761
grete_ADJ,2263
gizmos_NOUN,1636
goddaughter_NOUN,3150
genealogist,2283
gasp_NOUN,93793
grecs,1180
guv'nor_NOUN,2304
gracilis,6530
glutamic_ADJ,7059
garment_NOUN,117047
grapevines_NOUN,5264
game,1957437
grinder,15560
graduating,47442
girdled_VERB,2968
grandi,1486
granulation_NOUN,14436
gemmed,1278
göğe,1234
globalism_NOUN,6016
glossolalia_NOUN,2262
generationally,1474
geopenbaard_NOUN,1236
gesalbt,1236
group,5095412
geographer,13563
glug_NOUN,2185
grene,1197
gravitation_NOUN,19214
grog,9205
gameplay,19175
graciousness,8036
ginie,1206
gingival_NOUN,18950
gaz,1198
gnostic_ADJ,6915
geodesic_ADJ,8721
gao,1123
grouped,115624
germinated_VERB,6024
generically,13113
grumble_VERB,13163
gis,1816
glabrous_ADJ,11354
gaily_ADV,32773
generals,110151
garnering_VERB,7916
grudgingly,23438
gardeners_NOUN,26408
gram_ADJ,45139
gnocchi_NOUN,4223
grew,1169146
generalization_NOUN,85713
glish_X,2874
glitzy,3620
golpe,1327
gunmetal_ADJ,1773
glabellar,1697
gibbous_ADJ,1529
guan,2555
gan_VERB,2865
garbanzo,1641
gat,5089
grizzlies_NOUN,3981
grayish_ADJ,11611
gravesites,1243
genius,313861
gassy,1552
giver_ADJ,1936
grandstands,1530
gazing_VERB,159183
gigabytes_NOUN,3058
graphic,151274
generate_VERB,576591
germane_NOUN,9033
glucosamine,5447
guarantors,5085
glens,5122
garrison_VERB,1965
groundcover,1078
glycolytic,7154
glycine_ADJ,1624
groups_NOUN,3008435
grievances,74694
glows_NOUN,9678
grub_VERB,1658
grainy_ADJ,12807
gyur,1181
glutamicum_NOUN,1215
grimoires,1028
graciously,49245
genotyping_NOUN,7286
gearing_NOUN,6435
gluconic_ADJ,1256
gingerbread_NOUN,9495
godlessness,1755
grating_ADJ,1007
gotta_NOUN,14379
gayety,9171
girder,12135
glides_NOUN,5128
gana,1032
ghouls,7860
gardener,60144
galactosidase,5903
grey_ADJ,455781
giggled,111216
gainsaying,1731
glycans,8217
girdling,1527
gesticulated_VERB,3344
gibbet_NOUN,6366
gum_ADJ,3589
generalized_NOUN,4094
glia_NOUN,6390
gynecology,5568
gallops_NOUN,2620
graduations_NOUN,3309
glacé,1196
galangal_NOUN,1182
glabra,2466
gloves,193809
gig,59469
glial_ADJ,16876
große_X,1097
grandiflora,2429
gob,4968
gelation_NOUN,9558
greet_NOUN,8858
grumblings,2045
gendering_NOUN,4296
grilles,2314
grandmasters_NOUN,1179
gels,31047
gracing_VERB,4075
gi_NOUN,6095
gigs,17730
gripping_ADJ,4685
giver,34468
guards_VERB,14269
gd,4020
gilead,1906
graver,11748
gy_NOUN,1683
golds_NOUN,3828
greening_VERB,3915
gadgetry_NOUN,1489
guards_NOUN,407668
ghosting,3233
gruff_NOUN,6675
gesels,1171
garb_NOUN,41898
gripes_NOUN,2017
gou,3107
globose_NOUN,2708
gules,1987
grasping_ADJ,1090
gunna_VERB,1153
grandmama_NOUN,1060
geodesics_NOUN,4410
grossness_NOUN,3689
gmail.com,16368
groins,2296
genic_ADJ,1802
geveinsden,1904
gayness_NOUN,1523
gooseflesh,3234
gelatinization_NOUN,1861
goldfields_NOUN,3045
glioma,16454
greatest_ADJ,921495
grandiloquent_ADJ,2100
gentile_ADJ,1670
gabardine_NOUN,1178
gonna_PRT,11664
groundwaters_NOUN,1795
glycoside,4688
glum,11013
gained_VERB,587685
grindstone,4564
glimmers_NOUN,5050
ggplot,2239
gammopathy_NOUN,1956
glimmer_VERB,2127
gures,1414
gaslights_NOUN,1266
gratifying,32133
geopolymer_NOUN,4325
greensward_NOUN,2569
gallbladder_ADJ,4625
generalist_NOUN,10629
greyhounds_NOUN,4172
graveolens,1947
gainst_VERB,2111
gooi,1381
greenroom,1246
geezers_NOUN,1250
groupoids,1841
gaming_NOUN,83791
genomes,41429
glomerulus_NOUN,5213
guaiacol_NOUN,1250
gather_VERB,407459
gli,13195
guards,421947
goofing,2716
gaps,243965
grammar_VERB,2300
gymnast_NOUN,6025
gnashing,9818
godsend_NOUN,8773
gas_NOUN,1272101
gallus_NOUN,1003
gracing,4167
grit_NOUN,31096
grouted_VERB,1926
genocidal_ADJ,11900
golems_NOUN,3001
gitugyan,3193
godly_ADV,10004
grandmother,371787
grzesznych,1041
gyms,6631
gasifier,4421
governs_NOUN,4786
goddess_NOUN,177666
grimace_VERB,5022
glasshouse,2675
groped_VERB,24277
golfing,6784
givers,12091
ginaingon,2679
gurney_NOUN,15238
guileless,8822
gypsum_NOUN,20671
geological,91043
guide_NOUN,479707
glasshouse_NOUN,2531
glottal,7116
gloats,1047
gadolinium,11381
globale,1179
grimly,59805
gilayon_NOUN,2211
graveside_NOUN,3264
granary,8938
glycolipid,1892
gesso_NOUN,1215
gluconic,1769
greenness_ADJ,1148
gravimetric,5131
grim_ADJ,158386
gikuptan,1759
gimmicks,3296
galaxy_NOUN,64446
gihigugma,1324
grammar,204540
gouged,8906
gingivalis,3112
goed_X,2587
guidewire_NOUN,7921
geodesic,13775
gargoyles,6787
gentlemanlike_ADJ,1118
glute_NOUN,1562
golden_ADJ,663126
gases,173158
guano,8034
gerrymander_NOUN,1033
gamed,1452
guilty,529207
greaves,2313
gidawat,1434
glycoproteins,11598
gonna_VERB,182718
greaser,1507
growls_VERB,19762
geospatial_NOUN,6743
gehoor,1098
g_NOUN,1501647
glassy_ADJ,38780
glocalization_NOUN,1763
gåvo,1079
globe,209924
gripe_NOUN,3451
gyrated,1918
gode,1402
gaffe_NOUN,2387
gawkers,1747
gorge_ADJ,1052
grotto_NOUN,16871
glasnost_X,2694
gymnast,6245
grieving,60622
glowing_ADJ,5476
gloria,4292
great,7611796
glucopyranose,1013
gouache_NOUN,1649
gatherers,18346
geometric,135035
grills,9489
genetics_NOUN,99294
granulocytic,2469
gonna_NOUN,83066
gëzim,1443
gargoyles_NOUN,6742
g/m2,2265
gulped,54914
grandstands_NOUN,1520
genera_NOUN,64227
gekruisigd_X,1351
genres_NOUN,115286
genetic_ADJ,632869
grammaticalisation,1190
granular,50767
graveolens_NOUN,1118
gosh_NOUN,3485
grained,52789
gorgeous,198401
gamers,12862
gobies_NOUN,1164
garner,23755
grzywien_X,1155
grapple,33156
graphene_VERB,3244
goon_NOUN,6191
greasers,1150
g/cm3_NUM,6857
gi_ADJ,2830
gesturing_VERB,50928
gloom,124439
goldmine_NOUN,1831
gameworld_NOUN,2572
goddammit_X,1797
gloved,37395
grumpily_ADV,3560
gravities,1598
groats,2447
grumbled_NOUN,1153
goings,25857
guideline,69704
gloriously_ADV,19567
gagging_NOUN,3010
greenfield,4313
gunmen,11611
glens_NOUN,4830
growths,13595
grammarian_NOUN,5529
groupie_NOUN,2753
gleams,16912
ghats_NOUN,2027
guaranteed,188609
gambol,1426
glutinosa,1141
gourds,6145
gravies,1553
glume_NOUN,1690
gauntlets,4716
gated_ADJ,25478
golde_NOUN,1131
glutamicum,1429
graphed_VERB,4076
globalized,28369
gladden,3976
gills_NOUN,25413
grudge_VERB,6148
garland,16802
gcd_NOUN,2182
goin_NOUN,9684
gun,876422
guiding_VERB,195874
gentler_ADJ,24669
gatepost,1475
groveling_VERB,2184
gallants,4213
ghrelin_NOUN,3740
gitugyan_X,3145
generally_ADV,2022000
g5,6388
gravimetric_ADJ,5095
groundlessness_NOUN,1409
grudging,13002
granted_ADJ,12175
gambols,2405
gastroepiploic,1048
guerrilla_NOUN,50616
gladdens_VERB,1203
gravestone_NOUN,9467
gangly_ADV,2592
gestalt,9678
gondoliers_NOUN,1378
glitters_NOUN,2235
geeks,5333
ganging_VERB,2050
grimoires_NOUN,1023
guns_NOUN,435459
gritty_NOUN,2172
groaning_VERB,42530
guerre_NOUN,2174
graspable,2320
granddaughter,70618
gibt_NOUN,1873
guzzling_ADJ,1158
ganache,3474
gravels,4284
groomed_ADJ,6425
glaring,89861
gated_NOUN,1342
genera,66225
grads_NOUN,2371
gamekeepers,1643
gluconeogenesis_NOUN,7083
gravitated_VERB,11431
glass_ADJ,37869
granola_NOUN,11746
grub,22144
gadgets,24559
gesê_X,2324
guten,1072
giants,78429
gendering,6439
glycerol_VERB,1529
glans,9116
gie_VERB,3803
gutted,17380
grassy_ADJ,56716
genome_VERB,2421
grafts_NOUN,34660
grecques,1248
gabbling,2246
gilt_ADJ,26823
gyroscopes,2547
game_NOUN,1926043
gnashed_VERB,7104
grafts_VERB,1459
gnotobiotic,1032
graven_ADJ,3253
growling,37753
gristle_NOUN,3139
groping,28861
gaps_VERB,4644
grasp_VERB,185785
gigas,2864
gibbon,1494
ghettos_NOUN,10645
grantee,7836
ganz_X,2090
gurdy,1298
guesthouses,4327
gripped,191374
greenhouse,116380
ganze,1604
garnishee_NOUN,2042
ground,3320434
geval,1283
governesses_NOUN,5026
gorging_VERB,3605
galleon,6613
glyceraldehyde,2921
gestion_X,1758
glabra_X,1631
glove,81650
gameplay_NOUN,18517
gradu,1634
groaned_VERB,190935
grene_NOUN,1075
genocidal,14088
gloss_VERB,8028
garda,1709
gar_X,1652
gyro,4018
gainer,2334
glorying,3293
glamorous_ADJ,35399
groundedness_NOUN,1265
gearing_VERB,8402
granulate,1440
gabbling_VERB,1651
gripe_VERB,1773
geysers_NOUN,4229
giue,2096
gits_NOUN,1236
grouping_VERB,34959
gambles,4115
grabber_NOUN,1484
goe_NOUN,1017
grinned,379520
glorified,45684
grieving_NOUN,2957
galactosidase_NOUN,4412
genotype_ADJ,3878
goddamn,42998
gangway_NOUN,14429
gauged_VERB,11997
geochronology_NOUN,1787
guarding_VERB,84349
grasses,67794
gent_NOUN,10671
gladness,33224
gibberellin_NOUN,2144
gamut,18445
geh,1909
grownups_NOUN,4464
gymnastics,22503
gB_NOUN,1368
growled,163817
gee_VERB,2515
giant_ADJ,336388
guarded_ADJ,8077
gr_ADJ,1477
glide_NOUN,15142
glasnost_NOUN,3735
geometrical_ADJ,60804
grasping_VERB,86176
gilead_NOUN,1799
gaiety_NOUN,29239
gnash,2308
generis_ADJ,3523
garnered,33916
gross_VERB,14266
gringos_NOUN,2504
graviton,1209
grates,7511
girl,3117727
givens,5100
gonadal_NOUN,1635
giganteus_NOUN,1066
guiltier_ADJ,1595
gro_X,1190
goring,1747
glycol,40855
grouping,86857
glowing_VERB,179115
gibberellins_NOUN,2387
grasps_NOUN,4166
grumpiness_NOUN,1359
gingival,20202
granddaughter_NOUN,68573
geography_NOUN,180916
granuloma_NOUN,12743
groaned,192580
gyroscopes_NOUN,2531
glutamatergic_ADJ,2472
gooders,2140
gaping_NOUN,1679
good_ADV,89072
grana,1502
growing_ADJ,67230
google_ADJ,3990
garnishment,7256
gnaw,9991
gradualist,2789
gunk,3363
godawful,1584
greeted_VERB,251737
generalisable_ADJ,1668
gassy_ADJ,1467
glint,49025
goals,1070003
grimaces,10721
género_X,1983
gunmen_NOUN,11610
gallus,1361
gems_NOUN,49946
granulations,1460
gravel_ADJ,6032
greatsword_NOUN,1637
goslings,1645
grunting_ADJ,1319
gambit,8504
gauche,6872
gidakup_X,1049
gliding_VERB,42506
gentium_NOUN,3741
giysilerini_X,1351
generically_ADV,12970
giorni,1559
gravure,1979
guitarist_ADJ,3522
gaff_NOUN,4699
gasping_NOUN,9698
gloaming,4202
glue,81923
groundwater_NOUN,108060
graphemes_NOUN,2684
goddammit,2092
grimace_NOUN,37642
graded_ADJ,18731
ginasulti_X,1160
genotypes,37605
goloshes,1248
grond,1169
guard_ADJ,7203
graduates_NOUN,97872
gape_NOUN,3871
gx_NOUN,1106
generationally_ADV,1461
goal_NOUN,1343984
guardroom,2036
gaslighting,1886
gird_VERB,4985
gardener_NOUN,60009
gushed_VERB,33255
ground_VERB,124887
gastronomy_NOUN,6100
gloried_VERB,6023
gloating_VERB,9740
gwoka,1208
gizzard,3484
gentlest_ADJ,9392
greeter_NOUN,2116
gutter,34458
gnostics,1120
getting_VERB,2777967
gobbling,4602
gametes_NOUN,16915
gossipers,1212
girlishly_ADV,1249
garden_NOUN,910576
gory,12856
grandsons_NOUN,13948
getters_NOUN,2480
greca,1137
global,1808735
glides_VERB,11152
globalised_VERB,7995
glycemic_NOUN,6591
given_ADJ,21171
gyro_NOUN,1715
governmentality_NOUN,14529
gemfibrozil_NOUN,1229
grained_VERB,1564
gratitude_ADJ,2125
growled_VERB,163283
glulam_NOUN,1097
golly,3275
geogrid_NOUN,1114
guv,2989
godawful_ADJ,1577
grooming,30098
geometry_VERB,2392
glovebox_NOUN,1220
globular,17903
grandsire,3059
grenade,29908
giggly_ADV,1840
gaols,1983
grammaticalisation_NOUN,1149
gaiety,29482
gimp,1025
gloss,49172
gam,1790
guesser_NOUN,1068
giba,1234
geodynamic,1697
greeting,157377
gregariousness,1298
gainers_NOUN,1822
gloomy_ADJ,151028
gallstones_NOUN,6758
graduations,3328
grounds_ADJ,13282
governorship_NOUN,7965
grade_NOUN,360416
getName,1012
grower,12776
ggwe,1193
goofy,15456
graceless,4435
gurgled_VERB,10817
geraniums_NOUN,7716
gorged,6379
genteel_ADJ,23965
genteelly_ADV,1061
golf,132480
girlish_ADJ,21569
gulled_VERB,1175
greatgrandmother_NOUN,2389
gateways_NOUN,18306
gill_ADJ,9582
glasshouses_NOUN,1180
guaranties_NOUN,1502
gran,17252
grammar_ADJ,2250
gaffer,2804
generalised_ADJ,13089
generic_NOUN,18918
geophysics,3353
grunge_ADJ,1824
governess,37476
generation_ADJ,87324
gallate_ADJ,1233
gibberellic_ADJ,1540
geese,43058
gravediggers_NOUN,1849
glycosuria,1445
gNB_NOUN,3248
gaucho_NOUN,1495
gather'd,1044
gratifications,6106
guavas_NOUN,1378
goner_NOUN,4722
gol,1329
garnishes,2582
georgia_NOUN,1267
globose_VERB,1937
gathering_NOUN,251388
glamor,3406
groundnuts_NOUN,3736
grayling_NOUN,1031
goad_NOUN,3667
glycogenolysis_NOUN,2395
goodby,1140
grosse_NOUN,2154
geometer_NOUN,1938
giddy,40742
glucocorticoids_NOUN,14305
gyrated_VERB,1899
grasped,163544
grosser_NOUN,3188
graduate,280509
grasshopper_NOUN,12217
gangliosides,1358
git,52474
gardes,2622
grace_VERB,12306
gait_VERB,8147
glycosylation_NOUN,12819
gou_X,1565
gehad,2316
gutsy_ADJ,3178
gain'd_VERB,1155
gynaecological,3373
g1_NOUN,1379
geochemical_NOUN,1719
gulches_NOUN,1210
guiltless,8312
gyi_X,1593
glob,5099
gjërat_X,4296
globalising,2232
glossy_ADJ,60301
godly_ADJ,48559
geodesic_NOUN,4916
glycerides_NOUN,1160
galvanized_ADJ,8437
gluttony_NOUN,7117
gully,24648
gist_NOUN,23514
geographical,249518
genotype_NOUN,47078
greasers_NOUN,1137
grousing,1458
glycation,6065
glutamyl_ADJ,1667
grantors,1394
giraffes_NOUN,7616
gastrocnemius_NOUN,5680
gland_CONJ,2864
gravitas_NOUN,7719
ghostlike,2797
gentling,1139
governable,1728
graphitic,5645
glucuronide_NOUN,4228
gb,2044
gens_X,5793
glabella_NOUN,2844
generales,1280
greener_NOUN,7193
generosity,131186
gill,18159
greedy,97772
galling_NOUN,3142
gaunt_ADJ,24087
growl,84111
globs,2136
game_ADJ,31144
guanidine_NOUN,1584
glimlag,5127
gegen_X,3130
get,12925630
gaudily,2063
gripping_VERB,77531
glucuronidase,1611
glacially_ADV,1209
garden_VERB,6391
guardrail_NOUN,4147
germ_NOUN,52785
geminates,1153
gabled_ADJ,4479
g7_NUM,2919
glitches_NOUN,6290
gag,47792
gentlewomen,2792
genders,33471
generalisable,1769
graphs_VERB,1520
gridded,4239
grungy_ADJ,2776
guts_NOUN,81545
goatskin_NOUN,2548
gt,3669
gherkins_NOUN,1537
granulite,1004
glycine_NOUN,16026
graduate_NOUN,181735
garishly_ADV,1201
guillotined,3106
gasped,255104
galette_NOUN,1165
guitarists,3798
ger_NOUN,5643
glucosidases,1128
germane_VERB,3327
garments_NOUN,129675
gulch_NOUN,4937
gassed,5840
gratuities,2906
gables,9293
grossing_VERB,1930
gal,37224
goddamned_VERB,2093
grotty,1154
glutinous,7808
graduate_ADJ,58529
glibly,6051
gable_NOUN,7142
gins,4484
gawked_VERB,6382
grimness,3522
grunt_NOUN,45884
growth_NOUN,2611824
glomerular,28658
greets_NOUN,2384
gossip,172607
garnish,33892
guerra_NOUN,1854
gird,5580
goatherd,2319
gritted,80028
guardrails_NOUN,2559
generator_NOUN,155582
glances,151695
grouting_VERB,4597
governor_NOUN,319712
gallant_NOUN,9806
grateful,506862
grilles_NOUN,2060
glucosinolates,3010
gf,1741
ghosted,4084
gunfight_NOUN,5120
gauntlet_ADJ,1175
growling_NOUN,7589
gatekeeping_VERB,1394
geostrophic,2983
godless_ADJ,11058
gleaned,34951
gizmo,1881
greyhounds,4198
gypsy,25853
gouty_ADJ,3279
grippers,1388
gamification,17234
grouped_VERB,111895
guilds,32637
gawking_NOUN,1640
ginsenosides_NOUN,1000
granny,23609
grosso,1049
gjeti_X,1695
gang_NOUN,235679
gainfully,3249
glittery,7555
gloved_ADJ,13012
genitalia,24121
grain,437049
glorious_ADJ,253853
gangbangers_NOUN,1221
graying_NOUN,2145
grunge,2925
galleries,70295
gothic_NOUN,3884
geht,3663
gik_X,1223
gyrase_NOUN,1379
godhead_NOUN,3329
giorno,3073
granitic,4837
gargling_VERB,1250
giveaway_NOUN,7545
groomed,28373
grave_ADJ,220123
granuloma,12974
ghazals_NOUN,1121
geranium,7279
graveled_VERB,1615
goji_NOUN,1425
grandfathers,13074
gaol_VERB,1869
griping,3153
gamelan_NOUN,4615
gibe,2663
ghostly_ADV,11290
gurgle_VERB,1657
grabber,1769
groused_VERB,5287
greenstone,2489
glibness,1095
gimme,4426
génie,1177
grandson,123276
governed_VERB,211492
genomes_NOUN,41352
ginkgo,3060
ganache_NOUN,3281
genotoxicity_NOUN,4676
gossiping_NOUN,1846
geologically_ADV,4512
gauze,39882
gon_VERB,10645
gamete_NOUN,7591
greenspace,1030
gourmand_NOUN,1775
guesthouse,15241
growing_NOUN,8492
glam,3510
gib_VERB,1012
glories_NOUN,30027
guillotined_VERB,3040
gargoyle_NOUN,7740
guajava,1073
groceries,51181
gathers_VERB,29816
gross,293909
grandparenting,1313
grouper_NOUN,3090
gazer_NOUN,2356
glomerular_NOUN,26977
geologic_NOUN,1592
guilt_NOUN,420242
guerdon,2225
goldfinch,1889
groat,2362
ground_ADJ,67298
gratifyingly,1070
gunship_NOUN,2758
glares_VERB,13705
germicidal,1028
goshawk,1167
grandma,59683
grotto,16936
golems,3016
goes_VERB,1545760
graphically_ADV,31479
glycosaminoglycans_NOUN,2810
goodly_ADV,2470
gobies,1172
gofer,1007
governo_X,1131
gran_NOUN,17249
globule_NOUN,4035
gooseberries,3994
graphyne,1408
gullibility_NOUN,4275
goer_NOUN,3215
geoscience_NOUN,1848
gastro_NOUN,1174
grizzly_NOUN,5449
gestation_ADJ,12619
gangrenous,2756
geotextile_NOUN,1497
gasket_NOUN,7586
groupoid_NOUN,1915
glomerulus,5455
gritted_VERB,62011
gører,1297
gagged,22466
glycerol,33137
grieving_VERB,54913
gizmo_NOUN,1776
geothermal_ADJ,10884
green_NOUN,260016
glomerulosclerosis,3700
g4_NUM,2701
guzzled_VERB,2945
genus_X,10030
grief_NOUN,440212
grits_VERB,2344
gentium_X,1129
gotten,520091
guanine,9682
ghting,1027
grilling_NOUN,4145
gunwale_NOUN,7836
geben_X,1149
guidewire,8153
gloomiest_ADJ,1740
grunting_NOUN,2732
graduated_ADJ,9397
gryphon,4879
glossaries_NOUN,3046
gazers,1673
gorgeousness,1950
gauzy_ADJ,6525
grouper,3432
g3_NOUN,1328
goads,2503
gladiators,9286
grumbling_NOUN,9970
gots,1832
grumbles_NOUN,3774
garam,3639
gliding,47547
gnawed,19977
gladdens,1204
graham,5239
gris,4011
gulden,3658
graphenes_NOUN,1507
gal_ADJ,3633
grammaticalized,1573
guttering_NOUN,2971
grammatical_ADJ,110206
girdle,33129
goddes,1087
gastric_ADJ,96379
geopolymer,4482
gawped,1683
glebe_NOUN,1582
grandkids_NOUN,10702
generale,2716
goodnatured_ADJ,4435
genealogies,16242
glib,9742
groans,52366
genome,192412
gracious_ADJ,121486
gravitas,7823
granola,11930
grind,65939
guppy,1300
glycan,8219
ghazal,3095
grapheme,3608
gigawatts,1138
govt_NOUN,3299
glucan_NOUN,4271
glycaemic_NOUN,1630
grit_PRON,1462
gracias_NOUN,1271
governed,231359
grey_NOUN,1740
gossiping_VERB,20230
gynaecologist_NOUN,2208
grossing_ADJ,1652
gapped_NOUN,1103
grandfather,381679
garbled_ADJ,4867
gly,1244
greywater,1127
genotoxicity,4679
gates_NOUN,308846
groun,1263
grandis_NOUN,1725
gjejë,1266
glycosides_NOUN,10035
graffiti_ADJ,5335
grand_ADJ,454008
geosynthetic_ADJ,2551
goeth_NOUN,4742
grammaticalization_NOUN,5798
gunpowder_NOUN,34031
generall,2319
genoeg,2392
geodetic,4273
ghrelin_ADJ,1907
genu,2928
genocide,104910
glace_NOUN,1122
germanica,1678
gores,1185
guesswork_NOUN,9028
glucans,3926
glisten_NOUN,2406
greatcoats,1521
grapple_VERB,30206
gH_NOUN,1155
grottoes_NOUN,3449
glycaemic_ADJ,2441
gawking,8535
groggy,13555
greed,99524
glucoside_ADJ,2007
garçon,1998
guanidine,1784
gathers_NOUN,16178
gallantry_NOUN,22089
gait,91265
grayer_NOUN,1204
gelatinous,9127
glassed,4128
gunnery,6637
golfers_NOUN,8731
gosh,17451
glioblastomas,1451
genderqueer_ADJ,1392
gravis,11543
glycosides,10118
gravitate_VERB,13005
glycosaminoglycan,1918
gastritis_NOUN,10199
garages,11758
godmothers_NOUN,1741
genioplasty,1434
givens_NOUN,4922
grace_NOUN,612823
glitzy_ADJ,2865
gained,587717
goulash_NOUN,2187
guidelines,465295
gunas,1753
glargine_NOUN,1572
gazelles,4167
ganging,2299
gameworld,2586
gentle_VERB,3338
generalizability_NOUN,12909
grazed,40418
glossopharyngeal,3872
gentamicin_VERB,1327
grinders_NOUN,4899
gong_X,2630
gazetteers_NOUN,1509
gerbil_NOUN,2399
gums,29522
garner_NOUN,3094
gamesters_NOUN,1251
graben_NOUN,1527
gyromagnetic_ADJ,1004
greaser_NOUN,1160
guise_ADJ,1253
generalising_VERB,2286
gamblers,21486
gabble,2589
glide,48362
geopenbaard,2702
germination,43452
glues_VERB,1036
gloves_NOUN,193799
gotta,107550
gingiva,8266
gummy,7443
gefitinib_NOUN,1336
gull,14398
glucokinase,1011
gawping,2219
gliosis_NOUN,2351
grates_NOUN,6638
gladsome_NOUN,1805
grins,46872
gonorrhoeae,5340
glucocorticoid,17211
gargling,1896
ga_VERB,1324
googly,2235
gaols_NOUN,1981
glib_ADJ,7828
glucuronidation_NOUN,2601
gyümölcsöt,2822
glistened,32146
glisten_VERB,6250
giddy_ADJ,40285
gongzuo,1562
grippe_NOUN,1135
grazing_NOUN,64428
glean,19041
gastro_ADJ,5086
gullible,14694
games_NOUN,746378
ghee,15314
goldfish,14941
gingivae_NOUN,1037
governorates,2367
grandbaby_NOUN,1523
gnosis_NOUN,5292
glowering_VERB,9957
gerund_NOUN,4886
grievous,35405
glyburide,1056
gastroenteritis_NOUN,14226
grandiosity_NOUN,4536
grosser_ADJ,1315
gotcha,2547
gone_VERB,2817130
gibberellin,2477
grudges_VERB,1599
grimaced,67681
genderqueer,3418
grieves,8921
gland_VERB,3306
gliosis,2457
galactorrhea,1133
gasses_NOUN,5261
gossiping,22532
greenhouses_NOUN,10229
geomechanical,2046
glower,5754
genies_NOUN,1877
goons,12546
goetic,1091
gluing,7240
glycerine,5354
genteelly,1079
gregarious,12883
g6,5972
grandmaster_NOUN,4051
gigolo,1793
goeie_X,1179
gambiae,1433
gc_ADJ,1107
granulosus,1657
genesis_NOUN,48866
gress_NOUN,2048
gratify,24428
gurgling_VERB,13236
greyed,1347
galvanizing,4640
gov,13316
guardians,64711
globin,6378
granite,96037
grata,4091
gies,1768
gt_NOUN,2359
gabapentin,6400
graphene_NOUN,161652
glamourous_ADJ,1039
ghoul_NOUN,7663
graphitization,1318
graphic_ADJ,126020
glycerine_NOUN,4346
generalisation_NOUN,11703
gnome_NOUN,10080
gee_X,3707
groundhog_NOUN,1184
gametophyte_NOUN,3961
gyros_NOUN,1617
gender_NOUN,1134180
gnomes_NOUN,8264
grades,173193
grecque_X,1213
grouse,15590
garter,12422
galling_ADJ,4297
gender_VERB,25942
gavel_NOUN,7860
gratitude,308098
gekruist,1011
gas,1293261
grasslands_NOUN,29084
genere,2680
gras_X,2095
gestating_VERB,1519
gangrenous_ADJ,2751
gibt,5053
grammaticalized_VERB,1275
gomme,1327
garage_NOUN,196183
grams_VERB,1009
glittered,36537
grandest,16929
gear_NOUN,245522
gulls_NOUN,23464
graecum,1005
golds,3834
gyres,2001
grilled,46536
groomer_NOUN,1616
grandpa,43546
groin,51664
gropes_VERB,1904
gouges_NOUN,3017
grapevine,16151
gusta,2924
geography,184857
grapheme_NOUN,1456
girded_VERB,8421
gain,1086068
gingerly_ADV,33137
gasoline_NOUN,78335
gluttons_NOUN,1848
gellan_NOUN,1638
ganciclovir,3054
glycation_NOUN,6012
glial,17452
gibberish,11056
gillnets,1183
gpm,2159
glasses_NOUN,407962
gawp_VERB,1157
godfather_NOUN,19809
gangliosides_NOUN,1342
gritting,10268
gunk_NOUN,3243
gymnasia_NOUN,1778
gradation,11779
greenhouses,10443
gravity_NOUN,298716
granular_ADJ,42626
geht_NOUN,1347
goat,130370
grievances_NOUN,74693
guanxi_NOUN,3890
gayly_NOUN,5427
germinating_VERB,4087
ghats,2061
gener,2181
guises_NOUN,10418
great_ADV,2602
gyrate,1912
glue_VERB,8628
graphemes,2736
greens_NOUN,68700
gaffe,2529
glorify,29827
geo_NOUN,6625
guano_NOUN,7853
geo_VERB,1209
granulocytes_NOUN,5513
goethite_NOUN,1991
godparent_NOUN,1047
gray_NOUN,41453
geothermal_NOUN,12271
gig_NOUN,45173
generation,1237522
guardianship_NOUN,30791
gauchos,1332
giganteus,1594
granulosa_NOUN,6005
gebood_X,1124
gringo,4567
gob_NOUN,4803
gege_NOUN,1219
graze,31638
gravest_ADJ,10582
groundless,12007
grapefruit,19934
gritty_ADJ,21857
gneiss_NOUN,4858
gracefulness,3341
graying_VERB,9860
guttered,1774
giraffe,14599
grind_VERB,47660
gtt_NOUN,2091
gavage_NOUN,2134
gossamer_ADJ,3641
guided_ADJ,75092
grîu_X,1368
gigamit_X,1758
gland,132185
gear_ADJ,4175
gellan,1918
groined_VERB,1034
gether,2144
ginasulti,1160
gloomily,26865
groet,1402
goe,6333
graced_VERB,25300
grabs_VERB,81096
gazebo_NOUN,10471
glaciated_VERB,1888
groundswell_NOUN,3621
gunna,2002
guiltily_ADV,13787
good_X,43422
glycosylated,5577
gravelled_ADJ,2787
galectin,1331
governs_VERB,48887
grounder_NOUN,1137
gøre,1120
glaucomatous_ADJ,1852
gigolo_NOUN,1759
guitarists_NOUN,3737
garners_NOUN,1029
glacial_ADJ,41180
gulags_NOUN,1045
gag_VERB,9378
graft_NOUN,101828
grounding,67862
genealogists_NOUN,1980
glumes,1462
große,1637
grapefruit_NOUN,19021
ghostly,58181
gonad,4399
godforsaken_NOUN,4824
gonadotrophin_NOUN,1206
gazetteer_NOUN,2271
gehad_X,1321
gravitationally,1700
gamesmanship,1721
groundbreaking_VERB,27834
grazie,1274
glide_VERB,32644
groupe_X,1644
gestures_VERB,12551
grown_ADJ,70601
galvanised_VERB,4234
glucosides,1833
goth,4489
gastroenterology_NOUN,2796
guid,3305
gatherings_NOUN,64484
graph_VERB,5512
graag_X,1100
gation,1072
grilled_VERB,16424
gainer_NOUN,2334
gesig_X,2296
gat_NOUN,1384
graben,1914
glycaemic,4103
grids_VERB,1107
godfathers_NOUN,2176
gravid_ADJ,2975
gerade,1483
gimlet,3285
gecko,5052
glimmers,5623
glycated,2333
galvanized,16432
glaucous,2663
grouse_NOUN,14825
germ_VERB,1635
girlie_NOUN,6510
graven_VERB,4746
gunboats_NOUN,9054
graduating_NOUN,29328
gridlocked,1181
germanium_NOUN,7195
groupie,2801
glimpsing_VERB,3138
growl_VERB,13741
gyrus,28538
gigabit,1090
glucosinolate,1406
g+,2775
geben,2079
gonorrhoeae_NOUN,4238
greening,11660
gutted_VERB,16366
glimmering_NOUN,3679
getten,1698
gaoler,6018
geotextiles_NOUN,1440
goshawk_NOUN,1127
gnat,5626
gossips_NOUN,11850
gymnasium,21632
germinate,13190
graduated,139885
grinder_NOUN,15224
generative,62052
gravida_X,3699
gehen,3503
gushed,33257
group_ADJ,8727
gleams_NOUN,3562
gentleness_ADJ,1028
genealogy_NOUN,52476
gros_X,1464
générale,7829
grandpas,1016
gradually_ADV,644350
green_ADJ,1563492
granites,4107
greek_ADJ,3895
gobbler_NOUN,1325
gloat,8467
girlie,6900
gratia,5378
gemfibrozil,1313
gravamen,1065
gorilla_NOUN,19288
gearboxes,1769
glargine,1700
gentility,8634
gadding,1791
gestalt_NOUN,7462
gladiolus,1098
grzechu_X,1275
gadget,13318
giddiness_NOUN,7284
gears,52139
geographically_ADV,59018
glower_NOUN,3440
giustizia,1069
gatekeepers_NOUN,20162
gambling_NOUN,127834
glories,31002
geosciences_NOUN,1451
gjërave,1233
gloved_VERB,24240
gong,21844
gentrifying_VERB,1646
glycolate,1653
goldsmith_NOUN,10324
glutaraldehyde,5880
group_VERB,31522
geisha,5126
gT_NOUN,1054
greaseproof_ADJ,2042
guardian,158484
galanin_NOUN,1150
growling_VERB,30039
gryphons,2019
gif,3445
gay_ADJ,382014
genesis,49489
grOSS_NOUN,1739
grossness,3718
gratuities_NOUN,2880
gegenüber,1060
grogginess,1147
gayness,1609
glycoprotein,23437
glad_ADJ,904818
garda_NOUN,1630
gaseous,45254
ghettoes,1979
giblets,1510
guineensis,1048
gravel_VERB,2732
graphs,138982
garlic,216732
genre_VERB,3932
gra,1758
gunner_NOUN,21792
guile,13862
galling,9970
gibbons,1568
gastritis,10545
girdles,4678
gyre_NOUN,3444
goings_NOUN,25831
georeferenced,1791
gipapauli,1050
giving_NOUN,24160
gnat_NOUN,5029
goose,78531
grunt_VERB,4960
gigantic_ADJ,122559
gravitates,2429
grinded_VERB,5199
grim,158397
greatcoats_NOUN,1519
geographic,177290
goggled,2203
gratify_VERB,24358
gentleman,531023
germinating_NOUN,1677
g/m2_NUM,1921
guaiacol,1371
gurgling,18808
grants_VERB,36194
glowering,10110
gentamicin_NOUN,6293
gurgles_NOUN,2383
goldfish_NOUN,11443
goodhearted_ADJ,1094
gyümölcsöt_X,2241
government_ADJ,53025
guess_NOUN,135591
genotoxic_ADJ,4897
glutted,2730
guessing,97580
general_NOUN,352878
grandad,4216
gingharian_X,4089
glycemia,1926
greening_NOUN,5362
groggily,4606
glacial,43993
grandchildren_NOUN,98010
gaoler_NOUN,5983
glulam,1110
gales,13302
ganglion,29324
gamification_NOUN,17034
gramps,1921
greene_NOUN,1588
gn,2474
greenest,3409
gab,5074
gusto_X,1493
glamorized,1051
gorge_NOUN,40141
gots_VERB,1046
già_X,2018
gridlocked_VERB,1082
gedink_X,1315
gentler,25268
galvanize_VERB,4949
girdles_NOUN,4388
groomer,1631
gib,1845
girths_NOUN,2514
georgic,1120
groundbreaking_NOUN,1160
gambits,1156
granulator_NOUN,1126
gash,24297
glug,2520
gluon,3668
greenery_NOUN,23281
gloominess,2643
glauca_NOUN,1983
gracile,1354
greyish_NOUN,4780
graft,115255
garishly,1429
gummy_ADJ,7064
gangrene,12684
giggled_VERB,111014
graphitization_NOUN,1301
glycolide,2176
gravitated,11470
glauca,2521
globule,4241
gooder_ADJ,1949
geeky_ADJ,3712
grapefruits_NOUN,1365
glaringly_ADV,5637
greatgrandfather,3763
gallons_NOUN,46625
gametophytes,1579
galley_NOUN,37064
goalposts_NOUN,2447
gibberish_ADJ,1814
glyphosate,7664
gloomier,2661
greeting_VERB,72864
gens_NOUN,7515
guanosine,3767
gunfire_NOUN,39345
gossips,12220
grubbing,3744
gable_ADJ,6292
grimaces_NOUN,6730
garrulous,6930
grata_X,3421
griped_VERB,3298
gals_NOUN,8580
galas_NOUN,2053
grub_NOUN,19134
gabbing,1231
granzyme,1304
glossy,60303
genotypic_ADJ,4695
gendarme,6773
gambiense,1415
grumpy,24689
giba_NOUN,1173
grand,545109
gliding_NOUN,4497
guardsman,4752
glycosidic,5687
gauge_NOUN,97041
gasping_VERB,64143
gnashing_VERB,8540
godliness,16528
gymnasia,1927
g/100,3127
général,7319
gut_ADJ,19224
gurneys,1239
grimy_NOUN,3912
guid_ADJ,2548
glowered_VERB,17537
grossly,39301
goads_VERB,1053
grownup,4084
grafter_NOUN,1029
gelatin,32491
gratification_NOUN,62229
godparents_NOUN,3937
gruffness_NOUN,1594
guy_NOUN,1125239
gripper,3967
goggles_NOUN,30007
groupies_NOUN,3959
gabbro,2276
guidebook_NOUN,16169
gazes_NOUN,67101
gurgle,9869
gleams_VERB,13343
geophysics_NOUN,3344
greeter,2143
glycero,1348
gazelle,9481
gents_NOUN,8404
gleaming,93761
grows,276442
galled,5564
garbage,113032
gouty,4223
glut_VERB,1394
grassroots,65118
grubs_NOUN,6128
gobierno_X,2845
grovel_VERB,4680
glish,3299
glycosyl_NOUN,1697
gangsta,2863
gramophone,8559
grandparents,133679
gilayon,7723
gentleness_NOUN,61026
grandfatherly_ADJ,1137
galleons_NOUN,4489
gk_NOUN,1431
goldfinches_NOUN,1188
gulag_NOUN,2523
goers,10998
geek,12520
givin_VERB,5834
ganciclovir_NOUN,2985
gyroscopic_ADJ,1555
genuinely_ADV,158836
golfer,10697
granite_NOUN,96029
grange_NOUN,1880
gotta_ADJ,1489
gobsmacked,2723
gleaning,5772
gnosis,5502
gastroschisis_NOUN,1276
groupe,3640
gallisepticum,1009
gastric_NOUN,17781
grumbling_VERB,19277
goad_VERB,6119
grief,440255
glimpsed_VERB,39437
gathereth,1162
gasket,7616
girlfriends,37120
glen_NOUN,16629
griddle_NOUN,7948
gabardine,1238
goodman,2527
grenade_NOUN,28435
growly,1663
gulf,54771
gland_ADJ,2020
glaciation,6541
gastro,6352
geometries_NOUN,29661
guaranteeing_VERB,32027
galloping_NOUN,3552
glowers,1754
graphically,32584
grooving_VERB,1901
guru,43389
gravitate,13489
globalized_VERB,23907
grabbed,819102
greenery,25430
grapes,94741
graminearum,1527
gathered_VERB,729682
grumble_ADJ,7087
gliomas,12274
girt_ADJ,1608
gwine,9742
gliders_NOUN,6394
garnishee,2178
genuine,411483
geoengineering,6595
glowingly,1980
glee,42354
glancing,151200
google.com,1236
grabbed_VERB,819077
gallstone,3133
git_NOUN,7278
gay_NOUN,18692
glucose_ADJ,17238
gatherers_NOUN,18184
greenness,6605
guitar_NOUN,127438
glamping,1104
gambled_VERB,11469
getaways,1693
gigahertz,1108
governing_NOUN,31627
good_ADJ,12064677
gars,1195
global_ADJ,1807209
greatsword,1682
grill_ADJ,1534
geomantic,1554
galleries_NOUN,69477
ginger,108013
g4,5197
generations_NOUN,468856
griefs_NOUN,12215
gauges,21092
gambit_NOUN,8463
gentile_NOUN,11797
gypsy_ADJ,6853
glistening,64282
groupings_NOUN,46213
gotta_DET,2402
gurdy_ADJ,1278
geißeln_X,2663
gaffes,1496
goon,6752
gushing_NOUN,6951
gutsy,3261
gladiator,9074
grandparent_ADJ,1157
glinting,22221
gyrating_VERB,4802
geopolitically_ADV,1664
goldsmiths,5140
grasshopper,12620
getaways_NOUN,1675
gossypol,1083
go_NOUN,171903
goop_NOUN,2722
google_VERB,3833
gave,4294999
gestured,153028
gummed_VERB,2116
gunwales_NOUN,2984
generated,794688
granddaughter_ADJ,1604
ganz,3301
gins_NOUN,4354
gusta_X,1474
guns,435489
gelato,5565
gnomic_ADJ,2457
genitive,18457
grieved_VERB,45794
glacier,46759
gulped_VERB,54646
glycero_ADJ,1310
gunfights,1033
gut,292766
gutters,13791
gangue,2815
growed,2541
glacis,2227
grapeseed,2635
givers_NOUN,12036
grievance_NOUN,49717
grab_VERB,330340
gantry,6094
goatee_NOUN,11083
gene_NOUN,639346
governo,1768
guzzle_VERB,1667
glade,17446
gravitating,4480
guffawed_VERB,5800
ghosts_NOUN,157905
galley,38291
gunners_NOUN,20527
gendarmes,11322
genus_ADP,1715
genii,4580
gowns,46149
gruesomely,1428
genderbased,1359
grower_NOUN,12772
grange,1955
ghostly_ADJ,46157
generative_VERB,1363
gypsies_NOUN,11558
gamer,7862
gp_NOUN,4475
glm,1512
getup_NOUN,2844
gratified,43173
garrulous_ADJ,6874
glorification,15922
grazier_NOUN,1130
gratifying_ADJ,9634
grappling_NOUN,1719
greatcoat_NOUN,6955
grittiness,1012
grate_ADJ,1429
gelled_VERB,3026
ginning,1976
gastroparesis,4398
guessing_VERB,86488
grasped_VERB,163540
grovel,5068
giggles,35246
gums_NOUN,29401
gadget_NOUN,13089
genu_NOUN,2021
grinded,5467
governments_NOUN,649752
gươm_X,1498
glorious,253917
gigantism_NOUN,2077
goer,3389
ganglia_NOUN,32745
greenwashing_VERB,1519
gun_NOUN,838559
governed_ADJ,19864
grabbers,1392
guests_NOUN,473785
generalizable,12000
glut,8584
granulation,14644
gamblers_NOUN,21485
gjithçka_X,2959
glucuronic,2807
gorged_VERB,5868
grayish_NOUN,2973
graveyard_NOUN,44362
girlfriends_NOUN,35121
glucocorticoids,14518
glycosuria_NOUN,1430
glycolate_NOUN,1482
groove_ADJ,2750
guiding,195899
guilds_NOUN,29801
goofing_VERB,2647
geergerd,1680
gazetted_VERB,2022
goggle,3104
greasing,6261
garret,18938
goof,2974
gawp,1326
grated,78332
gingerbread_ADJ,5760
gametes,16940
governorships,1610
gapless,1392
goblin_NOUN,20017
gallons,46633
gophers_NOUN,2186
gusto,18398
gu_X,3687
granatum,1518
gin_NOUN,62730
go,11596379
guanaco,1283
glossing_VERB,4515
gauntleted_ADJ,1318
gros,3202
garnering,8503
garnets,2919
ganz_NOUN,1016
grudged_VERB,3185
gaue,1131
gutted_ADJ,1006
gerbils,2408
goatee,11140
girding_VERB,1862
gays_NOUN,17694
guesthouse_NOUN,14940
grinning_VERB,112304
grip,385433
geomechanical_ADJ,2043
giver_NOUN,29486
gavest_VERB,2385
granulomatosis_NOUN,6142
glutamate_ADJ,2527
graphene_ADJ,31017
glorified_VERB,45329
guides,191009
geologist_NOUN,15421
globulin_NOUN,13470
gmail.com_X,5640
gauging_VERB,12720
guardedly,4289
gunning,6703
gripping,83254
goulash,2479
gives_VERB,1620361
greyhound_NOUN,6403
god_ADJ,46297
gonna,302902
gulfs_NOUN,4570
gemaak_X,1141
guineas,25835
gathers,46003
gilded_ADJ,43095
generale_NOUN,2714
generations,468982
glimpse_NOUN,227811
gB,1421
graphic_NOUN,24915
grips_NOUN,34867
gloss_NOUN,39666
generales_NOUN,1007
glucocorticoid_ADJ,9746
galactomannan,1834
gradualism_NOUN,3128
gymnastics_NOUN,22149
glanced_VERB,942502
groomed_VERB,21947
gratia_X,2220
godmother_NOUN,18178
graze_VERB,23216
gum,103640
gouge_VERB,3700
gingivitis,5385
geometry_NOUN,220602
graduate_VERB,40116
glib_NOUN,1153
gentlefolks,1272
greate_ADJ,2288
gures_NOUN,1338
glumes_NOUN,1401
guilders,5438
grandmamma,3432
global_NOUN,1115
genotypes_NOUN,37363
geodesy_NOUN,1249
governorates_NOUN,2364
guilder_NOUN,1053
geraniums,7722
goalposts,2452
gin,62735
gaan_ADJ,2161
gentle_ADJ,590712
gluten,56165
grips_VERB,16006
gelding_NOUN,11324
glenohumeral_NOUN,7415
greens,68706
genotypic_NOUN,1278
grafters_NOUN,1378
glance,716485
gruelling_ADJ,1494
glimlag_NOUN,1947
guys,776817
glans_NOUN,9001
gunplay,1091
gouts,1582
gonadotropins_NOUN,4177
graders,24954
gait_NOUN,79388
grounds,578657
gavel,8318
github.com_ADJ,1719
givin,5839
graminearum_NOUN,1458
guiltless_ADJ,3285
geth,1203
gamely_ADV,4339
glam_NOUN,3170
grasping_NOUN,10117
groupoid_ADJ,1020
gapes_NOUN,2165
gully_ADV,3308
gestations_NOUN,1899
groan_VERB,27672
gardens_NOUN,258807
gelling_ADJ,2476
grOSS,1742
gyros,1640
geospatial,13354
gusset,2377
gynecologist_NOUN,5325
gc_NOUN,5478
grits,12053
genres,116448
gunas_NOUN,1744
gC,1086
grumpily,3581
goodlooking,6620
gypsies,11608
greenfield_ADJ,2571
galactose_ADJ,1791
grind_NOUN,16943
grupo,3360
greeted,251743
gumboots_NOUN,1091
glycolic_ADJ,4273
gingham_NOUN,5465
gjeli_X,1236
gerontology,4345
guerillas_NOUN,3366
gliomas_NOUN,12154
graced,25767
go_ADJ,86230
gastroenterology,2805
gabbled,1828
gnarly_ADJ,2610
grating_VERB,6939
gallivanting,2699
generalisability_NOUN,1655
glomerulosa_NOUN,1059
glinting_VERB,20688
grownup_NOUN,3758
gestión,1093
gingivalis_NOUN,2244
gree,1148
grise,1161
goof_VERB,1289
gangue_NOUN,2761
gewesen,1904
guestroom_NOUN,1701
guerilla_NOUN,8925
ghazal_X,1070
gel_NOUN,117803
gangs,72303
graham_NOUN,5239
gusset_NOUN,1514
guanylate,1500
goldsmiths_NOUN,5110
graft_VERB,3537
gypsum,21327
gild,4614
geckos_NOUN,2411
gopher_NOUN,4074
gyms_NOUN,6524
gallops_VERB,1526
galaxy,65101
gray_ADJ,556231
goodly,28179
goofball_NOUN,1003
germplasm,14272
glistens_VERB,3294
gardening_VERB,3255
groundmass_NOUN,1003
granulocyte_NOUN,1025
grooms_NOUN,12765
grandis,3875
grouchy_ADJ,4596
gad_NOUN,2641
gemstone,6335
gymnosperms,2919
grimmer,2935
good_,1152
gangling,1087
grammarians_NOUN,8190
garlands_NOUN,18210
gyn,1437
gillnets_NOUN,1179
grams_NOUN,88219
gurgles,3000
gjërave_X,1123
ghoul,8293
gecko_NOUN,4748
ginormous,2312
gunshot_NOUN,34144
groused,5291
gossip_NOUN,172600
gusty_ADJ,5581
goeth,11765
graduation_NOUN,104565
gastrulation,2059
gh_NOUN,1490
gunsmith_NOUN,2927
gongzuo_X,1460
gelukkig,1226
goodlooking_ADJ,5151
genitourinary,8083
gardaí_NOUN,1540
generalist,11449
goodbye,183939
graphite,58005
gasping,74166
grotesques_NOUN,2039
growth_ADJ,38474
griseus,1376
glioblastoma,11781
grin_VERB,18176
grandma_NOUN,59678
glutamatergic_NOUN,3005
gold_ADJ,313614
germany_NOUN,1835
genitalia_NOUN,23987
gears_VERB,2172
glycolipids,2748
gala,23897
greenhorn_NOUN,2344
glottis,6310
glamorized_VERB,1009
grunt,52366
geoscience,1919
girl_NOUN,3114980
glaucoma_NOUN,34387
glaciation_NOUN,6502
genistein,3668
gasps,47768
gripped_VERB,191371
ghat_NOUN,1440
genealogist_NOUN,2195
graveyard,44366
gan,12437
glamourous,1049
gearboxes_NOUN,1767
glandular,19823
generalise,6100
gestational,34185
gating_NOUN,11232
grassroots_NOUN,55493
greenbelt,1770
genus_NOUN,110518
garrets,2024
gooi_X,1268
glycols,1774
genioplasty_NOUN,1130
groupthink_NOUN,3672
grîu,1368
gatekeeper,18651
gonorrhea,9581
generalisations_NOUN,7626
gnomes,8340
gobbler,1461
gruffness,1612
garage,196193
grazes,4151
gcloud_NOUN,1882
grec,2045
geologic,21157
gusts,20426
gastroesophageal,10681
generis_NOUN,4822
glomerulopathy_NOUN,2047
germinates_VERB,1775
gunsmith,3065
gazetteers,1513
griping_VERB,2389
grownups,4500
gloating_NOUN,1037
generalises,1126
grannies_NOUN,1706
guideline_NOUN,69698
guitar_VERB,11229
groupies,4053
grain_NOUN,407957
goodnight_VERB,2222
grandchild_ADJ,1870
greyness,3315
grows_VERB,276402
gobbled,9138
generation_NOUN,1150020
gallant,75054
genealogists,1999
gradable_ADJ,3554
groceries_NOUN,50748
gradient_ADJ,44861
guaranteed_ADJ,5175
gateposts_NOUN,1240
gee_NOUN,3034
granulomas,10280
grades_NOUN,173175
grantees,4765
ginseng,18189
gondoliers,1382
gerontological,1337
grandiflora_NOUN,1586
galactomannan_NOUN,1577
girths,2533
getaway,20327
gradualism,3149
goodman_NOUN,2527
gowns_NOUN,46057
gallic,4070
granulomas_NOUN,10172
grass,650884
germinates,1868
government,4499599
gentlefolk,1769
gîndurile,1258
gave_VERB,4294830
grandpa_NOUN,40136
gunny_NOUN,3145
garbled,12307
granting,121161
gashes_NOUN,6113
glyceryl_NOUN,1669
genital_ADJ,50404
grumble,22229
gripper_NOUN,2648
garners_VERB,1708
gÀ1_NOUN,2838
grays,7468
generational_ADJ,45288
gos_NOUN,1016
gladiatorial_ADJ,4831
granulated_VERB,15345
genodigd,1017
género,2452
glyceraldehyde_NOUN,1532
gawk_VERB,4929
gig_ADJ,11241
gallantly_ADV,16377
gardes_NOUN,2295
gosh_ADJ,1168
glissando,1296
gubernatorial_ADJ,8716
glassed_VERB,3820
gala_NOUN,23677
groom_ADJ,1320
glycan_ADJ,5540
golem_NOUN,7413
goblin,21556
greatcoat,7131
gannets,1299
gjetën_X,1376
gebeur,2190
guiltless_VERB,1026
genitive_ADJ,11039
grandstanding_VERB,1040
gruffly_NOUN,1084
gaping_VERB,38389
gargantuan_ADJ,8788
guest,394223
gratin,2973
goosebumps_NOUN,16297
glucan,9293
granitic_ADJ,4336
grammes,2307
geo_ADJ,19161
geopolymers,1148
generalizing_NOUN,1650
gastroschisis,1281
glucose,305951
gunwale,8033
goodhumoured,1429
gladiators_NOUN,9257
glazing_VERB,4021
glowingly_ADV,1975
glossed,14649
gemination,1498
groping_VERB,26211
geologic_ADJ,19428
gadgetry,1501
gerontological_ADJ,1320
grammars,21106
gossypol_NOUN,1006
grievously,12671
gradients,57702
gangbangers,1222
grandfathers_NOUN,12951
glucosinolate_NOUN,1259
greatgreat,1509
grandbabies,1479
goddam_ADJ,5404
geriatrics_NOUN,2722
graveled_ADJ,1494
gekry,1360
gadgets_NOUN,24556
grzechy_X,1743
germline_ADJ,9067
glided,49856
großen_X,1586
gyromagnetic,1018
gar,7534
genos_NOUN,1196
geoelectric,1282
globalism,6030
gradient_VERB,1223
gn_NOUN,1131
gusted_VERB,2708
gud,1696
gashes,6172
guidebook,16857
gude_ADJ,1683
gratis,7924
goats_NOUN,103385
grippe,1488
gcloud_VERB,1119
greenwashing,2021
gabled,5034
gunning_VERB,4661
gamma_VERB,1501
gently_ADV,830164
glabrata_NOUN,1230
grouting_NOUN,3163
glycosyl,2046
groaned_NOUN,1548
gern,1378
gated,34609
god_X,33230
genital_NOUN,5925
granted,615482
gives,1620517
goblets_NOUN,9536
geographically,60320
grievously_ADV,12585
glosses_VERB,5453
grapevine_NOUN,16147
greenhouse_NOUN,115554
gutless_ADJ,1312
graphyne_NOUN,1059
gladdened,5204
gallop_ADJ,1730
gelling_NOUN,1527
gizzard_NOUN,3220
göksel,1233
gases_NOUN,173066
guidance,539845
gallantly,16471
gerne_X,1018
gloomiest,1743
gout,26136
gulch,5005
gargle,2634
ganglion_NOUN,29102
gl,3991
gainsay,4659
grumped,1338
galvanise,1518
gluteus_NOUN,4056
groundbreaking,29231
grandeur_NOUN,69122
groot_X,2256
geezer,4647
gesturing,51303
guv_NOUN,2116
gassing_NOUN,1923
gret_NOUN,3650
greet_VERB,137562
guvnor,2066
gainful_ADJ,7329
g2_NUM,1364
gunship,2765
gleeful,10140
globus_X,4092
gynecological_ADJ,5248
glycerol_NOUN,30471
generalised_VERB,10310
gah,2379
gateway_NOUN,95319
godliness_VERB,2349
giants_NOUN,78426
genealogies_NOUN,16202
gnawing_NOUN,22620
gorges_NOUN,10773
gyre,3672
guestrooms,1183
gymnasium_NOUN,21007
ga,30444
glaucous_ADJ,2422
gu,8901
govt,3574
gestures,185077
gone,2817318
goodie_NOUN,1047
grizzly_ADJ,15236
glas_X,1235
guardsman_NOUN,4640
graded,56003
gargle_NOUN,1432
genuinely_ADJ,1770
grout,9641
great_NOUN,22848
ght_NOUN,1123
gnomic,2465
glad,904919
gentility_NOUN,8612
gunnery_NOUN,6502
generalized,190951
gamesters,1251
gehört,1258
glower_VERB,2191
galena_NOUN,2218
grounded,226758
grotesques,2077
gawk,5550
gunshots_NOUN,16634
gauntlet_NOUN,17098
glinted,20837
grieve,50630
gongzi_NOUN,1479
garnet_NOUN,11347
gape,11898
grappled,18624
gaudily_ADV,1517
grandmas,2007
garnish_ADJ,1928
groundfish,1429
gossamer_NOUN,5500
gratefully_ADV,60262
goniometer,2190
goblins_NOUN,18809
germline_NOUN,4479
glands_VERB,5388
guerre_X,10968
gravesite,4348
gayer,3558
gedagtes,1334
glimpses_VERB,3147
gunfights_NOUN,1025
gown_NOUN,211241
gonorrhea_X,1752
groundmass,1019
gluttonous,4519
glaciated,2841
glassy,39514
gauges_NOUN,18419
glyphosate_NOUN,6564
galvanise_VERB,1475
gÀ1,3245
granny_NOUN,20540
growth_VERB,3467
grammarians,8238
gargoyle,8038
ghostwriter,1592
groin_VERB,1091
graph_NOUN,386042
garnishment_NOUN,6870
guzzling,3946
gods_NOUN,554957
god_NOUN,540336
gude_NOUN,2406
gristmill,1207
governable_ADJ,1683
globality,2345
gerbils_NOUN,2405
grottoes,3518
glucuronic_ADJ,2713
geez_NOUN,1774
gentrification_NOUN,19759
glassware_NOUN,8663
gnawing_VERB,4757
glance_NOUN,613483
grandfathered,2223
graven,9902
gonna_X,1205
gustatory_ADJ,6039
gëzimi,1041
gendered_VERB,16257
geriatrics,2738
gobs_NOUN,2581
gravest,10644
gridlines_NOUN,1093
gropes,2177
graphics,73960
genteel,24803
graduating_VERB,17952
glocal,2530
gnarled_VERB,6346
gratings_NOUN,9246
giftedness,4819
grown_VERB,814696
grumbles_VERB,5724
greenroom_NOUN,1132
graduation,104573
gad,4205
genre,268834
gH,1316
glycopeptides_NOUN,1630
gramática,1058
griffins,2948
garrison,89657
grunts_VERB,4043
gambler,27497
greyish_ADJ,10926
greenbacks,3219
gnawed_VERB,18754
gruff,31407
gemmules,1135
geeky,3727
guff,1555
glottal_ADJ,4889
glutinous_ADJ,7446
gestational_ADJ,34020
gravy_ADJ,1193
gagged_VERB,20499
graceless_ADJ,4312
glutamate_NOUN,33175
givest_VERB,1283
gauss_NOUN,1118
giantess_NOUN,2944
gemaak,1816
geminate,2206
gondolas_NOUN,3652
greet,148876
genogram,2353
guanxi_ADJ,1043
garrisons_NOUN,15275
gynoecium_NOUN,3283
grieves_VERB,6354
glocal_ADJ,2399
gullies,11964
gluconeogenesis,7122
glycosaminoglycan_NOUN,1628
guidelines_NOUN,464792
glucopyranoside,1123
goaded_VERB,11359
guestroom,1730
grenades_NOUN,25523
grabby,1105
grafts,36179
gatepost_NOUN,1470
glider_NOUN,13442
grout_NOUN,9129
giantess,2983
gymnasiums_NOUN,2159
gilts_NOUN,2494
glenohumeral,7504
goodness,302404
gëzimi_X,1037
grains,173936
goodnatured,5133
glitz_NOUN,2850
grammaticality_NOUN,3210
gnarly,3683
groundskeeper_NOUN,2304
gilding_NOUN,8893
greatness,122302
groovy,2554
gasp,122532
gaudy,21872
geopolymers_NOUN,1144
gridiron,5001
gunslinger_NOUN,2414
grisly,16089
griseus_NOUN,1145
gastrostomy,6029
governance_NOUN,613545
grow_VERB,1079303
garbling,1004
guaranteeing_NOUN,1717
goodnaturedly,1846
gassed_VERB,5487
guinea,46613
gs,6053
godhood_NOUN,1080
giardiasis_NOUN,1867
glomerulosa,1117
grey,457543
gigabytes,3072
graces_VERB,3728
greatgrandfather_NOUN,3304
gains_VERB,37237
goloshes_NOUN,1247
gonadotropins,4189
gemcitabine_NOUN,6416
glottic_ADJ,3085
generates,180212
gramophone_NOUN,8325
gloire,1776
greasing_VERB,5890
globally_ADV,134243
gratis_VERB,2251
greatgrandmother,2681
geese_NOUN,43051
goods_NOUN,1134192
guises,10449
geochemical,11255
gauging_NOUN,1385
grue,1035
guild,44368
go_VERB,11337268
giovane,1015
goof_NOUN,1344
gesta,1088
grin,364965
goo_ADJ,2898
goodies,14762
gale,53202
graphite_VERB,1010
grizzled,14084
globalization_NOUN,165463
guesses_NOUN,26137
garrisoned_VERB,6947
generalized_VERB,77599
garnish_VERB,8314
gaping_ADJ,16853
grenadier_ADJ,1384
gunboat_ADJ,1016
glycolysis_NOUN,17517
gables_NOUN,9261
gourmet_NOUN,20942
gritting_VERB,10145
gateposts,1241
groats_NOUN,2162
gastrojejunostomy_NOUN,1416
glare,152925
g8,2363
gangrene_NOUN,12162
gutting,3960
gjyqit,1042
galactose_NOUN,9835
geometers_NOUN,1659
gawking_VERB,6858
gagged_ADJ,1887
geen,3794
gratefulness_NOUN,4096
graphical_ADJ,65969
gente_X,4926
geosynchronous,1682
geostrophic_ADJ,2949
grandi_X,1055
griffin_VERB,1458
glu,2493
garrulity,1195
genotyped_VERB,1718
glittery_NOUN,5990
gat_VERB,2957
girls,1519964
gain'd,1415
gorge,45407
granule_NOUN,12573
gelling_VERB,1416
greeting_NOUN,81978
gaan,27609
graders_NOUN,24894
gers,1769
glume,1832
gophers,2194
gilt,42664
growed_VERB,2482
gnawed_ADJ,1159
grading,59402
grandfather_ADJ,10592
goot,2376
guavas,1397
guacamole_NOUN,5246
gramnegative,1159
grammatically,15060
gritty,26009
granulated,22850
gingham,5601
g,1501814
golah_NOUN,1797
german_ADJ,4111
genotype,51689
grisly_ADJ,13092
goads_NOUN,1448
grandes_NOUN,5583
gud_NOUN,1079
gladiator_NOUN,8956
ghastly,55563
glass_NOUN,1615114
geminates_NOUN,1143
goldfinch_NOUN,1642
glimmering_VERB,16350
gesien,2089
graffitied,1294
galvanostatic_ADJ,1176
growers,38348
garner_VERB,19648
glomus,2689
grantees_NOUN,4741
ginning_NOUN,1428
gauge_VERB,63459
generò_VERB,5033
gradualist_ADJ,2695
gravy,37979
guage_NOUN,1981
ge_NOUN,25369
gardenia,2509
girlhood,14775
geometer,1971
glycoside_NOUN,3991
gatekeeping_NOUN,6682
goal,1344129
gracious,122049
guerra_X,5913
gram,85146
geniality_NOUN,4336
geomorphological,4956
glacier_ADJ,2696
griot,1792
groot,4466
gospodarzowi,1270
gravities_NOUN,1593
generalising,2721
grieve_VERB,45418
glute_ADJ,1161
gewesen_X,1108
graveyards,6229
glyph,5841
gains_NOUN,278323
goatherd_NOUN,2256
glazed_VERB,42985
gulley,1762
glomerulonephritis,13263
glo,3424
gratefulness,4169
globalizing_VERB,7987
goody_ADJ,4304
goda,2285
glutamine,12852
graduates,112160
glasshouses,1191
gametophytes_NOUN,1573
garnish_NOUN,23627
generalizations,42507
garnished,12396
goodnight,24439
gonorrhoea,2137
goest_ADJ,3982
grandiose,24942
ghat,1881
gastroenteritis,16091
globose,5351
glory_NOUN,527579
glutathione_NOUN,28617
glares,19026
glare_VERB,22951
gunpoint_NOUN,8320
gangsta_ADJ,1263
globulins_NOUN,2494
gamekeeper,5391
géographique,1003
goods,1136640
gazing,167271
gregarious_ADJ,12733
grooved_ADJ,1991
gnaws_VERB,3354
gov_NOUN,11532
gorgeous_ADJ,198380
gist,24658
gourds_NOUN,6133
graph,400607
genial_ADJ,37736
galvanostatic,1254
guilt,420267
gulp_VERB,9730
globalisation_VERB,1871
goddesses,32002
greenfield_NOUN,1506
gentiles,15050
gayly,11005
grandmama,1077
gittin_VERB,3989
grimoire,3532
grayer,2886
glucosidase_ADJ,4017
gratia_NOUN,2789
geomagnetic,7935
geoelectric_ADJ,1280
groves,43412
glances_VERB,53910
grant_VERB,224593
goodbyes,28008
guesthouses_NOUN,4244
gathering_ADJ,10844
gr,15896
gumbo,4739
gaunt_NOUN,8931
geosynchronous_ADJ,1670
giv'n,1173
glider,13687
greed_VERB,1332
gaffes_NOUN,1486
gardeners,26421
ggplot2_NOUN,1156
groundwaters,1802
grunted,92654
goodbyes_NOUN,27976
gorgeously_ADV,6204
geste_X,1578
glimmered,12696
grands,6341
gatt,1457
granted_VERB,603261
guzzling_VERB,2290
gusting_VERB,3388
gentian_NOUN,2536
garnishing,2644
gene_ADJ,16248
garland_NOUN,16002
golf_NOUN,132455
galaxies,43508
gret,5142
gonococcal,2559
gobbledygook,1296
gies_NOUN,1312
gall,29324
goed_VERB,2630
gamma_NOUN,80728
groundwater_ADJ,1182
gen_NOUN,25596
glimmer,47106
glaring_ADJ,6353
gator_NOUN,3095
gov_ADJ,1013
governors_NOUN,69397
gerrymandered,1252
galvanic,9843
goo_X,1042
globalist_ADJ,1011
granulomatous,13666
gluon_NOUN,2737
geopolitically,1702
gestural_ADJ,12004
garter_NOUN,11761
grit_VERB,16426
gait_ADJ,3578
gowned_ADJ,2649
gill_NOUN,8108
grande,19857
grading_ADJ,1356
guilder,1241
glutinosa_NOUN,1081
gowned_VERB,1852
gametogenesis_NOUN,1695
gaining,225284
gorgon,2132
grieve_ADJ,3937
grave,519643
geometries,29760
gleam,84666
germinate_VERB,12434
glycidyl_NOUN,1463
geometrically,13810
genius_NOUN,313825
grained_ADJ,49880
guar,4210
germany,1837
gooseberry,5735
grassy,58110
graphenes,1541
guqin,1268
graceful,130027
gradations,12269
grasslands,29416
gluing_VERB,5889
glorifying_VERB,8898
gawped_VERB,1675
gesture_NOUN,373408
grafting_VERB,10673
gong_VERB,2544
galea_NOUN,1236
gahum_X,3137
google,9722
glazed_NOUN,3069
goby,1568
guardianship,30980
grappa,1470
gentlemanly,19543
g/100_NUM,2581
great_,1121
glycosidic_ADJ,5615
grandmotherly,1827
graver_ADV,3005
grotesquely_ADV,8000
gambiense_NOUN,1210
gravida,4583
gauss,1560
girdled,3484
guidebooks,8698
geniculate_NOUN,4055
gliadin_NOUN,1981
gf_NOUN,1127
ganged,2634
gers_NOUN,1589
griffin_NOUN,3681
groins_NOUN,2251
gestation_VERB,1989
ghouls_NOUN,7695
giant,463405
genially_ADV,6380
gleamed,54719
growl_NOUN,70214
glucuronidation,2644
gently,830196
gifting,9121
greening_ADJ,2379
gut_VERB,9027
goggles_VERB,1298
garam_NOUN,1974
grapples,4933
galleon_NOUN,6549
groundings_NOUN,1372
guffaw_NOUN,4425
graft_ADJ,9623
graph_ADJ,8541
glove_NOUN,78545
greenish,36268
guanosine_NOUN,3471
gonadotropin,13239
generativity_NOUN,4620
geniculate,4785
grains_NOUN,173917
gratuity,6349
gravesite_NOUN,4222
gearshift_NOUN,2598
glaringly,5649
globs_NOUN,2130
genomics_NOUN,28348
gynaecology_NOUN,2576
gelatine,8893
generational,50175
gremlin,1871
gyrase,1463
google_NOUN,1700
goodbye_NOUN,32230
goed,6036
ginaingon_X,1861
gepredikt_X,1238
googling,2640
glutes_NOUN,5073
godchild_NOUN,1238
gradual_ADJ,185649
genere_X,1886
grandes,7188
grandsire_NOUN,2897
gatekeeping,8083
gestation_NOUN,37373
glas,2058
glowed,79853
gent,11941
generis,13564
gaan_NOUN,9421
grisette,1431
glared_VERB,208159
grunting,21037
grittier,1127
generational_NOUN,4208
gil_NOUN,1363
graminis,1452
ginseng_NOUN,18021
gestations,1901
gouts_NOUN,1574
granular_NOUN,7521
gauze_ADJ,1266
gourd,19699
glycol_NOUN,40185
geospatial_ADJ,6350
gates,308902
grandchild,28185
grope,11439
graces,40919
genuineness_NOUN,13911
grassroots_VERB,3736
geologists_NOUN,15394
gingiva_NOUN,8224
genus,142291
gardenia_NOUN,2389
geoengineering_VERB,3130
grosses,1264
gherkins,1543
gsal,1282
grudging_VERB,2441
glossopharyngeal_ADJ,2508
gashed,3520
gazette_NOUN,2892
grinding,116729
gallon_NOUN,31803
groot_NOUN,1172
gentlemen_NOUN,301375
gute,1622
gendarmerie_NOUN,4826
grands_X,2018
gnomon_NOUN,2019
grandchild_NOUN,25809
glutamyl,2605
gåede_X,1057
gap_ADJ,12406
guardrails,2575
gentrification,21111
glow_NOUN,261968
gris_NOUN,2124
grams,93545
gärningar,2602
gewgaws,1446
gate,697762
garbed_VERB,4823
grandsons,13979
glimpsing,3223
gravestone,9560
geostrategic,4442
guerilla,9157
gnostic,7346
grunted_VERB,92653
gender,1160406
gracia_X,1189
genitives,1258
glocalization,1823
gnats_NOUN,6776
glabellar_NOUN,1461
gyroscopic,1614
grammars_NOUN,20458
gratuitous_ADJ,19566
greensward,2720
gratings,9276
gravesites_NOUN,1230
gamester,2071
gah_NOUN,1135
geosynthetic,2607
grazing_VERB,22351
generates_VERB,180211
geld,2310
giggling,48687
galvanized_VERB,7992
grannie_NOUN,1135
godmother,18753
girt_VERB,5121
green,1823648
gibes_NOUN,2325
goggled_VERB,1987
gravelled,3448
gull_NOUN,10787
gonococcal_ADJ,2351
gjërat,4755
guttural_ADJ,23087
globalize_VERB,1109
gorillas_NOUN,10092
grump_NOUN,1295
grenades,25740
gastronomic_ADJ,7380
greatly,661446
gainsaid,2404
garnishes_NOUN,2514
gynaecologist,2299
greasy_ADJ,46434
geophysical_ADJ,12982
geometric_ADJ,132682
gotten_VERB,512992
gated_VERB,7767
gloire_X,1202
gunpowder,35189
governs,53934
gripe,5485
gleaning_VERB,3718
grenadier_NOUN,2427
grieved_ADJ,1462
gluten_ADJ,19303
geolocation_NOUN,4541
gochujang,1074
gamesmanship_NOUN,1665
gastropod_NOUN,2352
greased_VERB,6007
grade,571601
gyrate_VERB,1762
guessing_ADJ,2168
gastrectomy,7511
grope_VERB,8942
galactorrhea_NOUN,1105
gegen,7281
gabbled_VERB,1782
ghoulish_ADJ,5324
gulags,1051
generate,576608
getName_NOUN,1011
groggily_ADV,4589
grunt_ADJ,1479
geht_X,1813
ghosts,157928
gambled,11496
geranium_NOUN,7015
gp_ADJ,3266
genoeg_X,1401
gey,1046
ghrelin,7061
grupos,2216
gluttony,9579
grimaced_VERB,67514
godparents,3960
guaranty,7785
gorszy_X,1156
gondii,6220
genomewide_ADJ,1221
ga_X,10280
geomorphic_ADJ,4245
giro,1536
graphing_NOUN,1721
gallant_ADJ,63681
glimpsed,39666
glissando_NOUN,1266
godt,1403
garnet_ADJ,2165
generous,343053
glitters_VERB,2628
gonadotropin_NOUN,5609
gibberish_NOUN,8640
gunmetal,2234
glaucoma,34785
generic_ADJ,201354
generics,5288
globules,9152
gigas_NOUN,2704
gale_NOUN,51863
grappling,28022
grandees_NOUN,4810
groans_VERB,19707
gorge_VERB,3835
giro_NOUN,1098
graceful_ADJ,130015
ghoulish,5507
greene,1588
gingivitis_NOUN,5268
greys_NOUN,4846
grep,4191
gepredikt,1353
gym_ADJ,2230
gambols_NOUN,2303
gullibility,4294
gorilla,20310
grantor,14566
genomics,28431
grovelling_VERB,4122
godlike,13527
gouging_VERB,2826
glued_VERB,54924
gravitational_ADJ,81873
gestural,12090
gut_NOUN,264502
ganja,2543
giggles_VERB,9525
gras,7045
goji,1527
gorse_NOUN,8398
ganglionic_ADJ,2317
gurdwara_NOUN,1348
gasps_NOUN,42848
glyoxylate_NOUN,1126
governance,622772
ginganlan_X,6245
give_ADJ,21080
glut_NOUN,7190
grouchy,5001
goblet,29297
gendered,126941
gulping_VERB,11571
glyceryl,1778
genii_NOUN,4014
gradable,3686
geomorphological_ADJ,4948
got_VERB,6691468
give_VERB,6179304
grants_NOUN,152971
grasper_NOUN,1417
genogram_NOUN,2291
grafting_NOUN,31810
grander_ADJ,12041
goldenrod_NOUN,2528
greenwood_NOUN,2020
ghettos,10680
giftedness_NOUN,4628
grass_NOUN,618976
gerund,5148
greater,2374326
genomewide,1358
glycan_NOUN,2580
guilds_VERB,2798
gurneys_NOUN,1237
grab_NOUN,28720
gondii_NOUN,4923
generators_NOUN,70294
gluteal,8056
grin_NOUN,346773
gouging,5533
greets,28761
graves,94936
gi_VERB,2140
goosebumps,16495
girl_ADJ,2509
glossaries,3058
gondolier,2351
gaze,1282873
gametophyte,4074
gouge_NOUN,3225
gastrostomy_NOUN,5995
gL,1270
gunfight,5181
gentrified_ADJ,2600
girder_NOUN,11967
galactic,14399
guardrail,4220
gable,13531
général_NOUN,1527
ghettoization_NOUN,1624
gravestones,7971
graphical,66183
g0_NUM,1357
grandly_ADV,12413
genomic_ADJ,74205
glandular_ADJ,5310
générales,1092
genitalium,2548
gelijkerwijs,1456
generously_ADV,68674
grandstanding,2075
ghee_VERB,2209
gangplank,6885
gp120,1687
gruaja_X,1019
graveyards_NOUN,6187
gelatinous_ADJ,9031
genealogical,29128
grandly,12590
gauche_ADJ,5494
guitars,18054
gebood_VERB,2588
gridiron_NOUN,4489
gawping_VERB,1711
gamester_NOUN,2069
goo_NOUN,8809
glamour_NOUN,34688
granularity,14847
growth,2654105
gehen_X,1920
glowing,184605
grenade_ADJ,1315
grazers_NOUN,3706
grabbing_NOUN,3895
grizzlies,4034
galore_NOUN,6202
großen,1741
grapeshot_NOUN,1758
germplasm_NOUN,14204
gooseberry_NOUN,5210
glitter_NOUN,40103
gutting_VERB,2503
gerbil,2505
giant_NOUN,126949
grip_NOUN,385422
gardaí,1720
gamin,1857
glimpses_NOUN,49636
goalie,6954
gentry_ADJ,1315
geological_NOUN,1979
golfer_NOUN,10577
glitter_VERB,3414
granites_NOUN,4085
gardened,1143
gauged,12853
grayish,15129
gluey_ADJ,1324
goats,103841
governess_NOUN,37198
geographical_ADJ,248833
gleaming_VERB,93756
goodnaturedly_ADV,1820
godson_NOUN,5283
gag_NOUN,37813
gastronomic,7782
göklerdeki_X,1120
glycosylated_ADJ,3328
gaga,1717
grec_X,1426
grasps,20997
g1,6340
grappa_NOUN,1297
gelato_NOUN,4964
gadfly_NOUN,2554
godlike_ADJ,13132
gesso,1582
gongzi,1652
gangway,14447
geopolitics_NOUN,18256
generously,69268
gc,6873
grievance,49719
greenstone_NOUN,2248
grandpa_VERB,1958
germs_NOUN,32392
glutathione_ADJ,1128
gibbets_NOUN,1737
gassing_VERB,1558
gayest,4977
gatehouse,8951
generalis,1260
gustatory,6472
glows_VERB,7079
gamely,4362
godless,14018
genotoxic,4909
glomerulosclerosis_NOUN,3605
guile_NOUN,10737
guillotine,15467
gallbladder_NOUN,16946
gearbox,9391
gainfully_ADV,3107
gibbets,1748
gazing_NOUN,6480
glomerulopathy,2222
glands_NOUN,103011
ganglioside,1637
guideposts_NOUN,2597
groups,3008726
geo,27588
goyim,1050
gotcha_X,1436
gully_NOUN,20830
greeting_ADJ,2523
gaol_NOUN,13549
gentlefolk_NOUN,1483
grime_NOUN,17994
gaun,1545
gulping,12306
globules_NOUN,9039
grandmaster,4356
grosser,5038
goldfinches,1190
ga_ADJ,3351
gauges_VERB,2632
gegeben,1035
giorni_X,1277
gazillion_NOUN,1681
globes,17282
gouged_VERB,8177
gamekeeper_NOUN,5354
glare_NOUN,129969
grep_ADJ,2184
guarantee,367109
girlfriend_NOUN,222024
george,3554
grantee_NOUN,7580
goode,1417
giggle,61225
geriatric_ADJ,18325
gourmet,20943
gnathostomes,1035
gayety_NOUN,9075
globus,4490
gown,211247
giggles_NOUN,25696
glaciations_NOUN,1778
graffiti,40477
greets_VERB,26340
grimly_ADV,59802
goaded,11637
graag,1655
grins_VERB,21824
grayscale_NOUN,2965
gene,655667
get_ADJ,20910
got,6691818
gleamed_VERB,54670
gladdening,1157
grove,66635
gee_ADJ,3076
goad,10011
genie,11474
gladius_NOUN,1395
gloom_NOUN,124430
gonadal,12629
gaggle_NOUN,8550
ganghaan,2013
glazes,3255
glinting_NOUN,1451
glosses_NOUN,10956
gratified_VERB,37968
gelding,11519
glomeruli_NOUN,6906
goodnight_NOUN,21531
gimmicks_NOUN,3254
gears_NOUN,49848
gambiae_NOUN,1000
greed_ADJ,2358
glints,5236
galoshes_NOUN,2001
gms_NOUN,1559
granulocyte,6540
geomancy_NOUN,1557
getten_VERB,1448
galvanised,4456
gaslight_NOUN,3612
girly_ADJ,6618
gusty,5753
guarantor_NOUN,17515
gauging,14449
greatest,921840
guaiac,1022
gradient_NOUN,171249
gateways,18362
grudging_NOUN,1255
girt_NOUN,1293
geographer_NOUN,13293
gradients_NOUN,57363
gjëra_X,14129
gingival_ADJ,1239
guanaco_NOUN,1161
g6_NUM,4119
goody_X,1741
glossolalia,2318
glioblastomas_NOUN,1439
gulled,1197
geomantic_ADJ,1545
greeny,1049
gyri,4682
granary_NOUN,6117
guna,1091
globalist_NOUN,2464
generis_VERB,2384
groggy_ADJ,12396
goals_NOUN,1069854
graphitic_ADJ,5367
geotechnical_ADJ,15890
ges,1231
gest,1606
grating,48863
glucosinolates_NOUN,2974
guild_VERB,2435
garth_NOUN,1341
gentrifying,2333
geminate_NOUN,1010
glazier,1983
guanylate_NOUN,1386
gallant_VERB,1518
geomorphic,4249
gendering_VERB,1797
gift,763359
godchild,1378
gibe_NOUN,2336
give,6200954
ghetto,42539
galloped_VERB,37711
gedoen,1606
gangsta_NOUN,1438
grieve_NOUN,1169
gurgled,11088
geogrid,1722
glanders,1226
gorse,9053
galloping,36693
gospodarzowi_X,1040
graining_NOUN,1660
gum_NOUN,100025
gimmicky_ADJ,1129
geographies,28651
gladder,1527
googled,5043
grid,321938
goers_NOUN,10921
grossed,4840
guava_NOUN,6172
greedy_ADJ,97761
godsend,8791
gelatinization,1893
gladiatorial,4879
galvanizing_VERB,4133
grandmotherly_ADJ,1734
gener_ADJ,1707
godforsaken,5489
guerillas,3374
gratuitous,19594
gristmill_NOUN,1191
grzeszników,1501
gloriam_X,1037
greyer,2954
given_VERB,6146524
googly_ADJ,1309
guffawing,1164
grater,5142
geoengineering_NOUN,2969
generalizable_ADJ,11927
gg,4546
germinated,7237
glycidyl,1879
garlicky,2376
glibly_ADV,6015