Judesë,1344
Jumeirah_NOUN,1302
Jager,7598
Jianyu_NOUN,1211
Journa1Home,1023
Joss_NOUN,17326
Jan_NOUN,302154
Journeying,1539
Jamal_NOUN,28015
Jaurès_NOUN,2633
Jist,1086
Johnstown,5574
Julienne,1909
Jonsen,1489
Judenjtë_NOUN,3185
Jinshan,1260
Jasi_NOUN,2190
Janata,9416
Jiggs_NOUN,1418
Jokowi_NOUN,2524
Jamesian,1558
Jacqueline,46771
Judeo_ADJ,12880
Jethro_NOUN,13644
Jingles,2098
Jacek,3391
Junaid_NOUN,1621
Jaclyn_NOUN,3772
JUMP,2224
Jeremias,4483
Jinghua,17326
Jakey_NOUN,1619
Jabberwocky_NOUN,1151
Jephthah,6884
Jianxin_NOUN,3546
Joao_NOUN,5424
Jayanti_NOUN,1380
JHalseth,2047
Jamming,2417
JDP_NOUN,2617
Jaemus_NOUN,1164
Jewell,9623
Jacobsson_NOUN,2256
JZ_NOUN,2826
Jorden_NOUN,1117
Jointly,3829
Joffrey_NOUN,2008
Jim,543946
Jeesukselle_NOUN,1328
Jukka,1765
Jowell,1025
Jagan_NOUN,2244
Josito,1649
Johnno,1737
Jada_NOUN,13991
Julien,35768
JAMES,27919
Jeffries,15904
Jinfeng,8731
JUDITH_NOUN,2253
Jolo_NOUN,1159
JFK_NOUN,18160
Japonica,1121
Jere_NOUN,3269
Joao,5444
JFM,1485
Janson,5596
Jianxin,3546
Junta_NOUN,8802
Jimmy_NOUN,244623
Jesus_X,49672
JOY_NOUN,7471
JO,11236
Jacintha,1211
Jhala_NOUN,1034
Jima_NOUN,4891
JEW_NOUN,1049
Joan,202509
Jacket_NOUN,14418
Jackal,7009
Jaap,4381
Johannah,1100
Jemmy,6963
Juicy_NOUN,2479
Joanne,33725
Jaime_NOUN,29961
Jesuitical,1249
Jovanović,1159
Jaggi,1222
Jacque_NOUN,6909
Jezusi_NOUN,37445
Jardine_NOUN,11405
Julian_ADJ,2614
Jicarilla,1968
JPO_NOUN,1185
JEWISH,4045
Jenni_NOUN,12877
Jelle,1034
J.I.,7393
Jabberwocky,1179
Johanson_NOUN,5154
Jacklin_NOUN,1083
Joystick,1004
JDBC_NOUN,3565
JDA_NOUN,1241
Jupp_NOUN,2968
J.-A._NOUN,2276
Jiajia,7787
Jaxx_NOUN,1186
Jayaram,1500
Jaggers_NOUN,3433
Jezusie,2772
Julliard_NOUN,1457
Jarli,1986
Jacka,1809
Jul_NOUN,111349
Justiz_NOUN,1144
Juntian,13040
Jakoż_NOUN,3273
Jacoby_NOUN,13998
Justyna,1071
Juilliard_NOUN,2689
Jameel,1701
Jonas_NOUN,82647
Judicature_NOUN,3658
Joaquim_NOUN,5456
Jha,13151
Jianning,2184
JESSICA,2602
Jaynes_NOUN,4574
Jeffersonian_NOUN,2691
Janetta,3402
Jovita,1204
Juggling,2154
Jervell,1201
Jambi_NOUN,1004
JV,18099
Jln_NOUN,2723
Joe,663022
Julianne,4945
Jog_NOUN,2182
Jiri,2201
JEA,1232
Jared,69178
JosseyBass_NOUN,1268
Jenefer,1033
Jehn,1027
JSM_NOUN,1838
Jesús_NOUN,15750
Jérôme,6249
Jur,6596
Jedi_NOUN,11233
Jeb_NOUN,19742
JUN_NOUN,1743
Jer._NOUN,5559
JAVA_NOUN,2093
Jagat,1396
Jézushoz_NOUN,1263
JSP,5778
Jamboree_NOUN,2014
Japan_ADJ,5222
Jurassic_ADJ,6478
Josserand_NOUN,1035
JPA,2691
Jeschke,1524
J'ai_X,4384
JAPAN_NOUN,5461
Jalan_NOUN,4168
JASMINE_NOUN,1249
Jaemus,1164
Judéa_NOUN,1921
Jaxon,9567
JVP,2319
Josè_NOUN,1788
Join_VERB,48295
Jat_NOUN,3690
JACKSON_NOUN,4386
Joram,4760
Jé_NOUN,1074
Jamie,166639
Joints,8717
Jigsaw_NOUN,2756
Javier,37021
Jesu_X,3313
Judea_NOUN,33515
Jeronimo_NOUN,1706
Joaquín_NOUN,7746
JEAN_NOUN,5947
Jainism,6340
Jamila,4635
Jacuzzi,5253
Jorn,2436
JSL_NOUN,1247
Jule,2263
Jint_NOUN,1685
Jenne_NOUN,1416
Jehovah_NOUN,72918
JCA,1184
Janaway_NOUN,1151
Jansenism,2502
Jazmin_NOUN,2062
JTF_NOUN,2313
Jalisco,5649
Jurnal_NOUN,1431
Jalandhar_NOUN,1880
Jr,76202
Juang_NOUN,1564
János,4140
Jagjit_NOUN,1087
Jascha,1110
Joseon,3235
Joker_NOUN,10260
Jacana,1146
Jensen,88878
JNU_NOUN,1944
Jed,40985
Johri_NOUN,1242
Jumpin,1007
JOSÉ_NOUN,1104
Joensuu,1386
Jisheng,1041
JH,50111
JUPITER_NOUN,1373
Jörgen,1480
Jackson_NOUN,497487
Joaquin,20383
Just_ADV,2467622
Jabbok_NOUN,1412
Jisu,1394
JFK,18198
Jakobit,2237
JIM_NOUN,7861
János_NOUN,4136
Josten_NOUN,1162
Josue_NOUN,1205
Jak,3968
Jermaine,3721
J.-W._NOUN,2132
Jaimie,1314
JetBlue,1508
Jao,1320
Jacopo,11289
J.T.,27305
Jardín_NOUN,1291
Jurisdictional_ADJ,1584
Jami,4199
Jeffrey_NOUN,125149
Jallianwala_NOUN,2430
JavaScript,37837
Jonathan,322827
Judenrat,1618
Jayne,20358
JRA_NOUN,2066
Julián,3522
Jio,1480
J.-B.,3976
Jolas,1112
JAS,1583
Janissaries_NOUN,3376
JV_NOUN,16372
Jack,1116008
Jimenez,14453
Johore_NOUN,1678
Joko,1629
Jossey_NOUN,27452
Judicious_ADJ,1330
Jingyi_NOUN,7500
J.C._NOUN,63150
Jono_NOUN,1116
Jewishness,13190
Junio,1080
Jordanian_NOUN,5805
Journ,3924
J.-P.,13956
J.-P._NOUN,13952
JOC_NOUN,1042
Jerk,4427
Jochen,5937
Jaskett_NOUN,1316
Junko_NOUN,1910
Jurnal,1462
Justina_NOUN,2577
Joo_NOUN,5957
JoAnn,3131
JSPS_NOUN,2339
Jadz_NOUN,2022
JES2_NOUN,1274
JHEP,1305
JeanJacques,1065
Judaizers,3008
JIS,1994
JOINT,5125
Jingyu,15166
Jobbik_NOUN,1492
Jeoffry_NOUN,1160
Jima,4899
JSS_NOUN,1824
Johanne_NOUN,1916
Jamel,1411
Jehuda,1026
Jacquelyn_NOUN,4438
Jastrau_NOUN,1994
Jerome_NOUN,110723
Joe_NOUN,662842
Jokes,5895
JAK2_NOUN,2700
Jurors,4908
Jere,3356
Juni_NOUN,3413
Jayaram_NOUN,1500
Jep,1323
Jobst,1323
Judáš_NOUN,1256
JEWISH_ADJ,1810
Jazzy,2619
Janet_NOUN,155954
JERRY,2024
Jui,1259
Jaco_NOUN,1774
J.-D.,1497
Jeanneret,1817
Janke_NOUN,1498
JICA_NOUN,2581
Jamshid,1912
Jakobsson_NOUN,1772
Jell_NOUN,5575
JTS,2364
Jazmine_NOUN,2811
Jenga_NOUN,1210
Jury,48147
Julle,1030
Jewel,37837
Jukka_NOUN,1762
Jokinen,1137
Janice_NOUN,42164
Jumalaa_X,1163
Jinyang_NOUN,3755
JAD_NOUN,1314
Jasmin,6319
Jacinda,2249
JU,2777
JME,1181
Jason_NOUN,336671
JCA_NOUN,1181
Jake,356311
J2,6293
Jaeden,1776
Jeremie,1087
Jaymie,2469
Jürgens,1212
Juv,2194
Junxi,1332
John_NOUN,4283336
Jellyfish,2372
Jacobian_NOUN,11663
JPL,6612
Jewelry_NOUN,6608
Jenkin_NOUN,3303
Juhasz,1114
Japa_NOUN,3182
Jaume,5230
Jourdain_NOUN,4068
JAG_NOUN,1749
Jerimiah_NOUN,1043
J.-Y._NOUN,3692
Jude,75945
Jessa,4270
Jaggi_NOUN,1221
Jingyi,7500
Janzen_NOUN,4923
Juniata_NOUN,1041
Jamike,1319
Jupiter_NOUN,101665
JWH,1431
JOHNNY_NOUN,2377
Jr_NOUN,76158
Jx_NOUN,1610
Jarralt,1034
JEsum_X,4619
JAPM,1250
Janzen,4944
Javaid,1671
Javan,2672
Judentum,2326
Jamieson,16206
Jørgen,3386
JoJo_NOUN,7359
Jewishness_NOUN,13015
Joaquin_NOUN,20318
Jonson,28779
JOINT_ADJ,1231
Johnnies,1770
Juergen,1266
Ji,216750
Jephunneh,1309
Jantzen,2112
Joules,1655
J,2901566
Jordyn,2743
Juda_NOUN,3286
JEHOVAH_NOUN,13120
Jed_NOUN,40979
Jaxson,2858
Jump,28532
Jig_NOUN,2014
Jać,1153
Jarrell_NOUN,2701
Jats,1875
Josselyn_NOUN,1476
Jaber,2965
Jagdish,3349
Jal,3980
Jute_NOUN,4512
Jaymie_NOUN,2468
Jareth_NOUN,1548
Jarasandha_NOUN,1136
Jamar,1294
Jessy,3958
Jestliže_NOUN,1039
Janka_NOUN,1490
Jurists,4920
Jérôme_NOUN,6197
Jihadi,3531
Jakobs,1502
Jesper,5596
Judy,90684
Jagannathan_NOUN,1589
J.-R.,1307
Jaakobin,2416
Jah_NOUN,8443
Jennett,1382
Jezusi,57911
JAK_NOUN,4652
JOSH_NOUN,1127
Järvinen_NOUN,1181
Jeria_NOUN,1695
Johnnie,22484
Jockey_NOUN,5717
Jorgen,2415
Jumna_NOUN,1306
Juju,1496
Jonathon_NOUN,10760
Jiaying,2283
Janson_NOUN,5589
Joi_NOUN,1711
Jumps_NOUN,1983
JL,65243
Jun.,12966
Juridical,3668
JAS_NOUN,1581
James_,1021
Jucker,1027
Jerónimo,2724
Jarralt_NOUN,1026
Jobless,1350
Jubilee,31302
Janina,3973
JCI,2342
Jörg,10176
Joann_NOUN,3288
JFTC_NOUN,1406
Jump_VERB,13903
Jambi,1004
Japan,1029270
JCO_NOUN,1165
JR_NOUN,74357
Jinkun,2839
Jouvet_NOUN,1059
Juncus,1370
Japhet,2853
Juventud,1526
JD_VERB,2748
JButton,1349
Junlin,2139
Jaw,7737
Jesuits_NOUN,61002
Jul.,10358
Jarvis,35230
Jankovic_NOUN,1910
Jutes,1357
Junxi_NOUN,1331
Joyous_ADJ,1424
JSC,6347
Jinja,1563
Joerges_NOUN,1602
JAMA_NOUN,59451
Jáť,2732
Jelt,1318
Jayanthi,1114
Jacobite_ADJ,3790
Jeoffry,1187
Joris_NOUN,4984
Jitter_NOUN,1216
Jabotinsky,7874
Jesson_NOUN,1060
Jewish,1172152
JLabel_NOUN,1555
Jira_NOUN,4238
JAC_NOUN,2978
Judenjtë,4262
Justa_NOUN,1136
Jaylin_NOUN,1043
Judo_NOUN,3046
Jacobean,9771
Josselson_NOUN,1001
Just_ADJ,8241
Joints_NOUN,8663
JERSEY_NOUN,2627
JUNE,13470
Jaundice,4913
Jacobins,13374
Janek_NOUN,2022
JEsum_NOUN,1211
JACK,11960
Jimenez_NOUN,13686
Jang_NOUN,19954
JENNIFER_NOUN,4322
Jahrbuch_NOUN,9284
JEOL,2117
Jesus,2582991
JE,56638
JPG,2012
Jackendoff,5191
Jace_NOUN,39087
JOANNA,1236
João,20848
Jahrhunderts,7539
J.P.,58855
Jørgen_NOUN,3384
Josè,1796
Jünger,4739
Jamaicans,5216
Jørgensen_NOUN,9057
Justicia_NOUN,3439
Jiayu,1539
Jabesh_NOUN,2758
Jacquet_NOUN,2922
Jingji,1609
Jes,5209
Jadavpur_NOUN,1984
Jörn_NOUN,1630
Jobs_NOUN,60139
Jenn_NOUN,15200
Jayden,12989
Janissary,1457
Judged,4231
Jub,5023
Jacklyn_NOUN,1162
Jarnac,1706
Jehoiada_NOUN,5725
Jaylin,1044
Joana_NOUN,3029
JOURNALS,1110
Johannesburg,41736
Joas,2473
Jinshan_NOUN,1252
JULIET_NOUN,1155
Jiao,43358
JASON,5906
Jianping,1277
Jansenists_NOUN,2480
Jyoti,5019
Jinxuan,1537
Jonesy_NOUN,4874
Jaylen,1578
Jerlo,1756
Justices,24803
Judean_NOUN,7717
JUN,1806
Jacobites,5552
Jenkins_NOUN,113096
Justyna_NOUN,1069
Javascript_NOUN,1363
JWH_NOUN,1329
Jaccard,5179
JRS,2420
Judaic,8003
Joachim,35284
Jackpot,2157
Jaws_NOUN,7483
Jonas,82755
Judd_NOUN,32991
Jud_NOUN,17066
Jahnke_NOUN,2845
Jupiter_ADJ,1555
Jetty_NOUN,3165
Jails_NOUN,2638
JDK_NOUN,4249
Jiuchen_NOUN,9179
JEALOUS,1111
Jesson,1061
Jiuzhou_NOUN,1440
JSM,1862
J.R.R._NOUN,1848
Jonna,1018
Jerott,3729
Jankélévitch_NOUN,2262
Jasmine,61788
Jula_NOUN,1216
Jaggar_NOUN,1479
Jutland,7552
Joona,2800
Jarred_NOUN,1038
Jaina_NOUN,3224
Juliano,1712
Joffrey,2008
JMA_NOUN,1317
Jill_NOUN,100462
Janusz_NOUN,4100
Jinbei_NOUN,1060
JILL,2442
Junhua_NOUN,1590
J.D._NOUN,51020
Josip,2723
Judéa,2938
JEFFREY,1935
Jett,11212
Jiva,1797
Jehoash,2958
Joel,125919
Junkin_NOUN,1111
Janda,2956
Jade_NOUN,111223
Joerges,1602
JETP_NOUN,1548
Joëlle_NOUN,1120
Joh_NOUN,5445
Jianli,1823
Jetta_NOUN,2275
Japanilainen_NOUN,2039
Joiner,4946
Juba_NOUN,8848
Jakoż,5085
JAGS_NOUN,1522
Janicki_NOUN,1160
Jayant,1568
Jacobo,2744
Jasinski_NOUN,1093
JCT_NOUN,3323
Jungmann,1228
Jonathan_NOUN,322610
Jehn_NOUN,1025
Judujo,2241
Jumbo,8729
Jackman,7935
Juveniles,4802
Jura,8571
JRC,3391
Jurgis_NOUN,2832
Joost_NOUN,4874
Jezusin,7332
Jardín,1300
Jeffreys_NOUN,10874
Jackals,1783
Justified_VERB,1622
Jatropha_NOUN,5432
J.Z._NOUN,2524
Jasmine_NOUN,61510
Jeu,2211
Jaffar,1104
Joinder_NOUN,1916
Japon_NOUN,1565
Judæa,2172
Jared_NOUN,67779
Junhua,1590
Jekka,1069
Junyi,3110
Jaspers_NOUN,10872
Josephina_NOUN,1296
Jessalyn,1079
Jackdaw,2093
Jeduthun,1428
Jordon,3022
JURY,2940
Jeu_X,1463
Justinus,1344
Jahangir_NOUN,6495
Jalisco_NOUN,5616
Jewish_NOUN,328844
Josiah_NOUN,60902
Jonny,13185
Jeremy,174527
JSOT_NOUN,3760
Jos.,4854
Jew,181229
Jemal,2772
Jerico_NOUN,1644
Ja_NOUN,26906
Jinwoo_NOUN,1991
Jessi_NOUN,2902
Jezusit,7130
Joshi,27999
Junjun_NOUN,2955
Javert_NOUN,7262
JNK,4793
Justify_VERB,11347
Jonny_NOUN,13170
JL_NOUN,64925
Jolivet,1520
JPRS,2369
Jocasta_NOUN,4413
Jak_NOUN,3669
JD_NOUN,84616
Jerald_NOUN,1886
Jharkhand_NOUN,9976
Judas_NOUN,59863
Johore,1678
Janz_NOUN,2622
Johansen_NOUN,14969
Judicial_NOUN,81074
Jianghai,1568
Jobst_NOUN,1321
Julio,29383
Jargon,3588
Johnathan,5352
Jains_NOUN,4870
JET,2782
JSOT,3768
Johansson,23996
Jayce,2972
Jardinn,1076
J.-K._NOUN,1269
Janae,1946
Jacobo_NOUN,2633
Jayaprakash_NOUN,1144
Jeter_NOUN,6635
Jenkyns_NOUN,1117
Jinming,32614
Juvenile_ADJ,24504
Jalan,4221
JOM_NOUN,1195
Joyous,2919
Jihan,1494
Jaypee,1846
Jinyuan_NOUN,1528
Junkers,3448
Judg._NOUN,1982
Judaeo_NOUN,3136
Jüdische,2373
Jet_NOUN,37753
JCC_NOUN,1884
Jawad,2533
Jinyang,3762
Jowett,7405
Judith_NOUN,138529
Jiayi,15298
Jinny,5518
Jülich,2085
Jafari,6075
JX_NOUN,2402
Jesus_NOUN,2532924
JosseyBass,1270
Jervaise,1118
Jezusowych,1038
Josef_NOUN,46169
Jönsson,2042
Jars_NOUN,2651
JAMIE,1240
Jocasta,4636
Jehan_NOUN,6399
Jongh_NOUN,1296
José,137509
Jingtian_NOUN,6662
Jaime,30129
JUNG_NOUN,1361
Juul,4123
Jiaren_NOUN,7095
Junot_NOUN,2543
Johnsen_NOUN,4898
Juno_NOUN,30951
Jarrod_NOUN,8001
Judt,2850
Jaffe_NOUN,13584
Jameson_NOUN,46782
Jourdain,4083
Jelle_NOUN,1033
Jansenism_NOUN,2502
JAN,3500
Jingshi_NOUN,2505
Jacka_NOUN,1771
JB_NOUN,45671
J'ai,5333
Jacks,11098
Japoneze,2039
Juneau,6006
Jamuna,1539
Juanito,2435
Joseph,788532
Jingchen_NOUN,3867
Jaén_NOUN,1884
Jahoda_NOUN,2507
JPC,1449
Jacquard,2778
Jama_NOUN,3367
Janda_NOUN,2952
Jedi,11458
JANET,3274
Juslin,3045
J.-F._NOUN,6066
Jahangir,6495
Joshy_NOUN,1293
Jannie_NOUN,2366
Jaitley_NOUN,1172
JO_NOUN,11231
Jianying,3311
Joëlle,1122
Judson,14349
Joes_NOUN,2506
Janssen,18376
Jinnah_NOUN,7884
J._,2060
Juniper,13133
Janssens_NOUN,4719
Jeffords,2020
Journalists,24603
Joie_NOUN,1808
JCT,3332
Janel,4517
Justified,4833
Jarred,1301
Jolyon,3002
Joly_NOUN,6031
Je_ADJ,1095
Jakes_NOUN,4654
Jims_NOUN,1404
Jinping_NOUN,18396
Janx,1257
Jurgens_NOUN,1445
Joined,15427
Julho_NOUN,2158
Judeans,6640
Jörn,1630
Jelena,2487
JAMES_NOUN,27883
Jarek,5747
Jurado_NOUN,2114
Jovita_NOUN,1198
Jiawei_NOUN,1148
Judean_ADJ,5226
Jilin_NOUN,6154
JS_NOUN,58330
Jared_VERB,1255
Jarre,1011
Jint,1686
Jumper_NOUN,2678
JARS,1012
Júlia,1050
Jumped_VERB,1608
Jilani,1062
JoAnne,1542
J.R.,55307
J.-S._NOUN,3919
Jost_NOUN,9594
Jeff_NOUN,209546
Jungfrau,1863
Jianping_NOUN,1275
Jose_NOUN,71539
Jamaican_ADJ,23723
JCPOA,3463
Judenjve_NOUN,3111
Jdg,8967
Jayden_NOUN,12926
Jefferies,5810
Jole_NOUN,1041
Jael,8125
Jugular,2089
Junqing_NOUN,1158
Jesuon_NOUN,3237
Jeruzaléma_NOUN,4867
Jenks_NOUN,9891
Jaycox_NOUN,1094
Joyful,4772
Johannesson_NOUN,1449
Janeiro_NOUN,47112
JEWELRY_NOUN,1057
JACKIE,1600
J.O.,7412
Jovanovich,7059
Jn_NOUN,48023
Juju_NOUN,1461
Jerusha_NOUN,3124
Jai,14489
Jingli_NOUN,1977
Juwayni,1079
Jiao_NOUN,43325
Johanan,3103
Jole,1066
Jowl,1432
Jiangdong,1252
JUST_ADV,27622
Jair,3661
Jamboree,2032
Jihan_NOUN,1494
Jacklin,1083
JDR_NOUN,1029
Jimbo,3644
Jenny_NOUN,218606
Jigsaw,2861
Jairo,1207
Jenkins,113123
Jingwen,2250
Jumbo_ADJ,3693
Joni,13280
Jacquetta_NOUN,1006
Japs,8597
Johannine_NOUN,13792
Jeruzaleme_NOUN,1939
Jor,1724
Jiancai,2403
Jeesusta,1660
Jeruzaleme,1940
Jintian,1575
Jerningham,1466
Joyeuse,1437
Jane_NOUN,601228
Jiminy_NOUN,1345
Jame,1550
Johnsons,3961
Jalal_NOUN,5473
Juarez_NOUN,7723
Janne_NOUN,2017
Jeune_NOUN,4751
JVM_NOUN,5484
Jamey,3095
Jap,11661
Johor,5675
Javad,1865
Jezusowi_NOUN,1266
JOA,1020
Josephs,3374
Joyce_NOUN,119879
Jag,6689
Jinming_NOUN,32608
Joliot_NOUN,1608
Jadon,3029
Jarosz,1093
Jiffy_NOUN,1228
Jacobinism,2473
Judged_VERB,4231
Jahrhunderts_NOUN,7425
Jiangnan_NOUN,10654
Jungian_NOUN,5661
Jerry,189571
JIT,8892
Jens,19346
Jani_NOUN,3747
JAE_NOUN,2557
JOIN,7869
Jeremie_NOUN,1063
Jarrar,1060
JIMMY,2846
JAPANESE_ADJ,2066
Jiabao_NOUN,1651
JEWISH_NOUN,2234
Joppa,5432
Jaq_NOUN,3036
Josselyn,1504
Jhelum,1967
JULIUS_NOUN,1106
Josepha,2266
Jolliffe,2856
J.B.,38648
Jamaica,101280
Jaffee,3200
Johnsons_NOUN,3950
Jalandhar,1911
Jeter,6668
J.C.B._NOUN,1023
Jeevan,2559
J.Z.,2528
Joya,1610
Jobless_ADJ,1350
Jakarta_NOUN,34467
Juglans_NOUN,1812
Jgs,2925
Juris_NOUN,5920
Jönsson_NOUN,2042
Jubie,1214
Jell,6006
Ja,29006
Jayde_NOUN,1831
JEWS_NOUN,2957
Janetta_NOUN,3394
Jarman_NOUN,5902
Jan,302292
Jinquan_NOUN,1887
Jabri_NOUN,1149
James_NOUN,1875120
Jubilees_NOUN,7391
Jeremias_NOUN,4421
Julieta_NOUN,2408
Juncheng,1162
Javad_NOUN,1845
Jeffers,6824
Junyi_NOUN,3108
Justy_NOUN,1954
Junius_NOUN,10606
Jennette,1080
Judgments,19173
Jumna,1310
Jincheng_NOUN,3054
Jina,1500
JPA_NOUN,2687
Jing'er,1297
Jews_NOUN,845729
JI,14516
JESUS_NOUN,21286
Jul,115495
JSE_NOUN,1009
Janis,25093
Jahre_NOUN,7742
Journalist,12006
JOSH,1373
JEREMY_NOUN,1953
Jasenovac,1771
Java,126122
Jiaming,2653
Jump_NOUN,14611
Jesuitical_ADJ,1043
Judoj_NOUN,5479
Jacquie_NOUN,1179
Jacqui,7141
Jiufeng,1167
Joey,79098
JOB,10015
JOKE_NOUN,1835
JCP,3334
Jitter,1219
Jael_NOUN,8038
JASPER_NOUN,1059
Jacque,6980
Jelly_NOUN,10421
Jersey_NOUN,214815
Joxe_NOUN,1425
Janowitz,2264
Juste,1861
Jeanine,5801
Jan._NOUN,129535
Jourdan_NOUN,4950
Judenjve,3735
JEM,1719
Jayne_NOUN,20300
Justifying_VERB,2020
Johann_NOUN,86985
Jazer_NOUN,1001
Jibril_NOUN,1806
Jovi,1748
Jurisdictional_NOUN,3875
Jetzt,1075
Jabbar,3436
Jeschke_NOUN,1521
Joanne_NOUN,33645
Juror_NOUN,3820
Jianguo_NOUN,7573
Juke,1968
JDC,4292
Jilin,6346
Jamin_NOUN,1588
Jinli_NOUN,1834
Jiajia_NOUN,7785
Javin,1647
Jussieu,1321
Judahite,1539
Johns_NOUN,113072
Junipero,1341
Juma_NOUN,4233
JEFF_NOUN,2814
JUDICIAL,4006
Joey_NOUN,78936
Joël,2121
Jeffery,18195
Judzkiej,2070
Jingye_NOUN,1573
Jacobite,13284
Janssens,4726
Julius,114384
Juta,1949
Joona_NOUN,2800
Jorge,64223
Judson_NOUN,14342
J.K.,24922
Jnana,1260
Jans_NOUN,1955
Jacobites_NOUN,5521
JIC,1914
Jogging,1999
Jaxon_NOUN,9552
Jiutian_NOUN,2324
Juergen_NOUN,1266
Jingxiu_NOUN,3016
Journeyman_NOUN,1110
Janeway,2433
Jolas_NOUN,1109
Jisheng_NOUN,1041
Jaesa_NOUN,1544
Jalil,2333
Junctions,1792
Juncus_NOUN,1303
Jins_NOUN,2099
Jinyue,5394
Jesup,2576
Josh_X,1325
JPs,1301
Julius_NOUN,114305
Jenni,12888
JC,74867
Jeni_NOUN,2129
Joerg,1236
Junia,3410
Jagiellonian,2221
Jovi_NOUN,1720
Jamestown_NOUN,14607
Jeans,8847
Jef,2389
JIT_NOUN,7123
JEREMIAH_NOUN,2211
Jessie,111938
Jarvis_NOUN,35164
Jerald,1890
JANE_NOUN,8174
Jos_NOUN,23519
JP,75768
Jeriko_X,1018
Jaron,1455
JIT_X,1580
Jayson,4159
JOHANNA_NOUN,1063
Jinja_NOUN,1551
Jiggs,1418
Jacklyn,1162
Jiexi,1842
Janney_NOUN,1732
Jeroen_NOUN,3996
Josué,1042
Jubal_NOUN,4595
Jeannine_NOUN,2210
Jakóba_NOUN,1956
Javits_NOUN,1828
Jingcheng_NOUN,1014
Jésus_NOUN,2142
Jagdish_NOUN,3324
Jubilee_NOUN,30956
Jobs,60305
Janeiro,47731
Jabez,6140
Juche_NOUN,1236
Jordans_NOUN,1925
Jibril,1810
Jeffersonian_ADJ,4424
JPG_NOUN,1997
Joane,1216
JQ,2301
J.-B._NOUN,3975
Jonsson_NOUN,7260
Jayanti,1380
JOINT_NOUN,3894
Jars,2808
Justifying_NOUN,2384
Jutland_NOUN,7544
Jörgen_NOUN,1479
Johnston_NOUN,107673
Jebusite,1737
Jezusowi_X,1506
Judaizing_NOUN,1544
Jakob,34229
Jovan,3062
Janette,5787
Jimerson_NOUN,1017
Jemma,6719
Jianzhu_NOUN,1040
Jyväskylä,2737
JICA,2581
Jona,2252
JSPS,2340
Jula,1219
Jilly,8169
Júnior,2201
Jingchen,3868
Jouka_NOUN,1197
Jensen_NOUN,88868
Justifiable,1260
Jones,690868
Jezusowi,2772
Jeep,41724
Jørgensen,9062
JSE,1051
Jingo,1256
Jimmie_NOUN,27681
Januar_NOUN,1318
Judt_NOUN,2850
Jastrow,2318
JeanPaul,2624
Jacques_NOUN,175683
Jerzy,7214
Jindan_NOUN,3673
Junco_NOUN,2574
Jimerson,1017
JMR,1119
Jacobean_ADJ,5522
Jinsheng,1852
Jahrhundert,11273
Jurchen_NOUN,1359
Jernigan,2163
Joppke,1534
Jervaise_NOUN,1095
Johnathan_NOUN,5345
Jozefit_NOUN,1012
Jahrbücher,2317
Jephthah_NOUN,6873
JEALOUSY_NOUN,1305
Jets,8110
JOHANNA,1063
Josito_NOUN,1649
Jase,14321
JUNG,1368
Jimeno,1090
JUDGES,1832
Jazzi,2114
Jarek_NOUN,5743
Juniperus,2643
J.-H.,5360
Judaica,4319
Juggling_NOUN,1210
JAI,4338
Javan_NOUN,2660
Jacquie,1180
Jondrette,2302
Joni_NOUN,13238
Jacko,5647
Jolliffe_NOUN,2852
Josse,1699
Jarndyce_NOUN,2548
Josette_NOUN,6028
Justus_NOUN,11458
Jovan_NOUN,3060
Jeptha_NOUN,1125
Junlan,1054
Jomini,1034
Jouvenel_NOUN,1009
Jill,100673
Jordie,1133
Joan_NOUN,202441
Juliane,2822
Judaean_NOUN,2589
Jinghuan_NOUN,1372
Jal_NOUN,3980
Joys_NOUN,3299
Jerri,1210
Joana,3038
JOYCE_NOUN,2519
JORDAN,2778
Jurors_NOUN,4908
Jock,27100
Jacquemin,1269
Jadz,2024
Joanie,6583
Junyang_NOUN,5005
Jaeschke,1077
Jainism_NOUN,6338
Jann,2518
Juggernaut_NOUN,2869
Jareth,1550
Jeshua,3880
Jovis,1226
Javed,4813
Jogiches,1038
Jürgen,33478
Jaber_NOUN,2965
Jerking,2441
Journeys_NOUN,11656
Jerrold_NOUN,7398
Jankowski_NOUN,4528
Jorgensen,12413
Journaling_NOUN,2035
Janik_NOUN,1663
Jeanette_NOUN,16447
Jansenist_NOUN,2865
Jeena_NOUN,2574
Jessamyn,1027
Josie,81518
Judgment,140318
Joaquín,7773
Judith,138612
Juv_NOUN,2146
Jianhao_NOUN,1571
Jessie_NOUN,111707
Jabbok,1413
Junlin_NOUN,2139
Janowski_NOUN,1404
Jacksonville_NOUN,16114
J.C.B.,1024
Janu,1011
Jimena,1510
Jiahui,1801
Jerycha_NOUN,1041
Jónsson_NOUN,2409
Judaeans,1130
Jaan,1545
Juhani_NOUN,1317
Johannsen_NOUN,2396
Jenkinson,6144
Jiayin,12680
Japonském,2039
Jabbour_NOUN,2108
JENSEN,1049
Justinian,21298
Jew_NOUN,181219
Jinyan,3657
Jeźli,4830
Julianne_NOUN,4940
J.W.,47523
Jazeera,11490
Jakobsson,1773
Jeeps,2237
Jessor,1046
Joab,19655
Jove_NOUN,39404
Jehovah,73841
Jingzhi,2274
Jom_NOUN,1667
Jingyu_NOUN,15165
Josselin,2229
Juin_NOUN,1518
Jeddah,8886
Jinwoo,2008
Joerg_NOUN,1236
JST_NOUN,1308
Jam,19558
Jarrar_NOUN,1058
Jubie_NOUN,1214
Jian,123263
Jaslene_NOUN,3005
Juan,228193
Janesville_NOUN,1192
JE_NOUN,55463
JUST,28044
Jag_NOUN,6381
Jansenist,3117
Jungmann_NOUN,1227
Jimeno_NOUN,1090
Jacobite_NOUN,9464
Jessamy,1536
Jacksonian_NOUN,3069
Joséphine,1988
Jody_NOUN,17816
Jims,1421
Jools_NOUN,2029
JRE_NOUN,1053
Jiayan_NOUN,4765
Julie,167832
Józef,4060
JAR,4251
Jayla_NOUN,4054
Julieta,2420
JSNTSup,1623
JEL,2186
Johnstone_NOUN,21332
Je,40728
Junlan_NOUN,1054
Jiaojiao_NOUN,3994
Jad,2572
JOURNALIST_NOUN,1345
J3_NOUN,1421
Joint,231818
Jace,39328
Janitor_NOUN,1059
Jaq,3036
Jurong,1415
JOY,7477
Junctional,1711
Juke_NOUN,1956
Jacquol_NOUN,1452
JON,1502
Jaqueline,1387
Jurisdictions_NOUN,5122
Jaffer_NOUN,1019
JNA_NOUN,1700
JNU,1948
Jadeite,1297
Jeanneret_NOUN,1814
Jure,3297
Justifications_NOUN,2653
Jellyby,1152
Jingxuan_NOUN,3159
JAM,3373
Jochebed,1075
Jushan_NOUN,1300
Jiaxi,1234
Judës,1214
Jeddah_NOUN,8658
Jézust_NOUN,3320
Jorgensen_NOUN,12407
Jahrbücher_NOUN,2261
Jeconiah,1097
JAK,4692
Joad,2465
Jadwiga,1137
Jannie,2368
Jadid_NOUN,1118
Jockey,5806
Jamaat_ADJ,1451
JONAH_NOUN,1260
JETS,1070
Jeffries_NOUN,15883
Justinian_NOUN,20981
Jakobit_NOUN,1675
Jonassen,2106
Judo,3104
Jessner,1298
Jer.,6030
Jago,10356
Jeanine_NOUN,5774
Jewitt,3120
Jingqi,2536
Jurgen_NOUN,7461
Jeruzsálemben,1079
Jabba_NOUN,1454
Jinling,2973
Juba,8871
Jassi,1039
Jiaqi,3352
Jencks_NOUN,6720
JEFFERSON,2292
J.,7095003
Jinquan,1915
Jicheng,1123
Jennet_NOUN,3086
Jadid,1185
Jinzhi_NOUN,10654
Jinse_NOUN,19974
Jacobin_NOUN,11540
JUICE_NOUN,2518
Joinville_NOUN,3898
Jorac,1689
Jaafar_NOUN,2197
Jayaprakash,1144
Jacob,423535
J.H.,46917
Jutta,3990
JDC_NOUN,4205
Jacquetta,1006
Joannis_NOUN,1052
Johan_NOUN,36733
JUDICIAL_NOUN,3439
Juarez,7791
JOHNNY,2378
Jinxiu_NOUN,4635
Junctional_NOUN,1444
Jiaying_NOUN,2283
Jaafar,2231
Jobson_NOUN,2052
Jinling_NOUN,2968
Jemima,18170
Juste_NOUN,1823
Judentum_NOUN,1771
Jianjian_NOUN,2502
JONES,8420
Jehuda_NOUN,1026
Jinfeng_NOUN,8730
Jean,526478
JOHNSTON_NOUN,1401
Jor_NOUN,1617
Jommer,2216
Javi,4924
Jianning_NOUN,2178
J.B._NOUN,38635
J.V.,8262
JOAN,3024
JPO,1187
JSS,1831
Jog,2229
Jaak_NOUN,1043
Johanna_NOUN,30550
Joffre,2796
Jacinto,7299
Jaroslav,4486
Jehoahaz_NOUN,2901
J.-Y.,3692
Jasola,1906
Jowell_NOUN,1024
Joshua_NOUN,216673
Jakab,1322
Jg_NOUN,1210
JOURNEY_NOUN,9238
J5,1227
Jamali_NOUN,2283
Jalalabad_NOUN,2373
Jax,40720
Jewess_NOUN,6367
Jairus,4809
Jamuna_NOUN,1536
Josserand,1035
Jayanthi_NOUN,1114
Juilliard,2975
Jephunneh_NOUN,1308
Jacintha_NOUN,1211
Joxe,1429
JPN_NOUN,1106
Jura_NOUN,8515
Jaya_NOUN,12890
Juntian_NOUN,13039
Jacky_NOUN,8824
Jürgens_NOUN,1212
Jäger_NOUN,5580
Jacobsen_NOUN,19555
Judaea,8732
Jacobins_NOUN,13330
Jams_NOUN,1298
Jojo,8592
Julietta_NOUN,1144
Judy_NOUN,89655
JUVENILE,2553
Jintian_NOUN,1555
J.I._NOUN,7389
JCL,1427
Jase_NOUN,13861
Jiuchen,9179
Josephus,55722
Judiciary,30476
Jizhou_NOUN,1320
Jabri,1157
Jiafeng,1064
JUDGE,7722
Jacobsen,19557
J.N._NOUN,14045
Journey,92469
Jardins,1528
Jiaren,7098
Javid_NOUN,2048
Jardines,1147
Jiuhuang_NOUN,1019
Jesuon,4067
JSC_NOUN,6264
Jeshua_NOUN,3873
JPAC_NOUN,3370
Joop_NOUN,2530
Jumping,16873
Johannis,1868
J.L._NOUN,59105
Jimi_NOUN,8699
Janel_NOUN,4510
Joya_NOUN,1592
Jesuit_NOUN,74408
Jazmine,2814
Jive_NOUN,1097
Jesuits,61601
Jellicoe_NOUN,4435
Jonesville,1217
JERSEY,2628
Jingran,2771
Jerlo_NOUN,1726
Jarod,5228
Jammu,19980
Jerdan_NOUN,1474
Júnior_NOUN,2200
JUDAH_NOUN,1573
Johanan_NOUN,3095
Jerrod_NOUN,3450
Jeane,1896
Joliet_NOUN,2810
J.S.,48089
Jenkinson_NOUN,6138
Jackals_NOUN,1782
Jebusites,3728
Jisi_NOUN,1596
Jordan,357524
Janae_NOUN,1942
JEFFREY_NOUN,1934
Jhon,1012
Journal_NOUN,3360170
Ježišovi_X,1048
Jellyby_NOUN,1150
Journeys,11711
Jerusha,3125
Jacinda_NOUN,2249
Junqing,1158
Jb_NOUN,10210
Jemez,1364
Junction,29959
Japp,1628
Jarvie_NOUN,1585
Joos_NOUN,2176
Joomla_NOUN,1742
Janos,3801
Jianyu,1212
Jeffery_NOUN,18125
Jêsus_NOUN,66485
Jpn_NOUN,15634
JW_NOUN,41384
Jagat_NOUN,1388
Jayde,1834
JVs_NOUN,1423
Jl_NOUN,7514
Jou,2765
Jiayue,1547
Jex_NOUN,1204
Jessica_NOUN,170007
Jacksonian,6108
Jüngel,7338
Junio_NOUN,1009
Jingya_NOUN,8941
Js_NOUN,1713
Jingyuan_NOUN,2706
Jastrow_NOUN,2318
Jie_NOUN,124883
JSX,1242
Jomo,3147
Jahr,4801
Jedda_NOUN,2034
JIANG,1523
Jena,23862
Jiří,2580
Jeźli_X,3166
Josquin_NOUN,2025
Jerk_NOUN,4218
Jovanovic_NOUN,2811
Jekyll_NOUN,15661
JELLY,1441
Jamaat_NOUN,2125
Josep_NOUN,5522
JURISDICTION,2407
Jiayue_NOUN,1543
Judit,2045
JAR_NOUN,4251
Jehoiakim,6020
Jahveh,1217
Junkie,1438
Jeruzalemu,5289
Jervell_NOUN,1184
Jeruzalemie,1725
Jorg_NOUN,1205
Jozef,4121
JNP,1105
Jiumei_NOUN,1587
Jnr_NOUN,1677
Jésus,3262
Jennison,1432
Jins,2099
Jingmian,2077
Joinville,3919
Jablonski_NOUN,3202
Jianmin_NOUN,1064
Joos,2182
Jiang,412008
Jakov,1235
JV_ADJ,1620
Judáš,1484
JAY_NOUN,3428
Jokowi,2538
Jeg_X,2835
Jailed_VERB,1473
Joachim_NOUN,35001
Japonica_NOUN,1074
Josette,6034
J.-A.,2278
Jong_NOUN,39674
Josef,46287
Joanna_NOUN,72167
Juul_NOUN,4118
J.-L.,7267
Junk,8195
Juniors_NOUN,2993
Jiacomo_NOUN,1076
Jihadist_NOUN,2880
Jeffry,1787
Jianhao,1571
JPS_NOUN,3369
Juillet_NOUN,1248
Janata_NOUN,9221
Josey,3754
Jabari,5612
JEE_NOUN,3483
Jedidiah_NOUN,1874
Jethro,13844
Juli,5509
Japheth,4372
Jacques,175752
Joyeuse_NOUN,1418
Jacksonian_ADJ,3038
Jolla_NOUN,7131
JEWEL_NOUN,1086
JAG,1754
Judaism_NOUN,160617
Just,2476131
Jewellery,3118
Japoneză,2041
Jiabao,1658
Jayasuriya,1225
Jenifer_NOUN,2722
Jerusalemiin,2075
Jobes,1080
J.T._NOUN,27241
Junaid,1651
Jeppesen,1844
Jette_NOUN,1347
Jd,1285
Jeźliby_NOUN,1132
Journals_NOUN,35503
Julianna,4770
Jerseys_NOUN,1380
JON_NOUN,1499
Jefferson_NOUN,219765
Jodie_NOUN,15298
Juwayni_NOUN,1076
Jasmin_NOUN,6303
Johannah_NOUN,1100
Jaguars,3012
Jarre_NOUN,1001
Jayhawks,1004
Jovial,1123
Jenner,16162
Jiménez,20301
Judgement_NOUN,21916
Jonge_NOUN,3938
Jingyan,2366
Judgement,22157
Jacinta,6185
Josh.,2611
Johannes_NOUN,68419
Johari_NOUN,2138
Judaeo,3527
Jawa_NOUN,2086
Jiangyou_NOUN,2038
Jacquot_NOUN,1744
Jericho_NOUN,35971
Jammu_NOUN,19730
Jah,8463
JUNIOR,1779
Junwen,3916
Jakobs_NOUN,1498
Jordan_NOUN,357451
JF_NOUN,37777
JOB_NOUN,10010
Jules,83630
Jebusite_NOUN,1672
Jarman,5976
Jayakumar,2090
Jester_NOUN,5806
Jornet_NOUN,1003
JeCerson_NOUN,5006
Jad_NOUN,2407
Joensuu_NOUN,1386
Justification,28178
Jurassic,26923
Jamshid_NOUN,1892
Jimmie,27722
Jumala_X,1091
Jessel,1782
Jus_NOUN,7526
Joël_NOUN,2105
Jains,4875
J.D.,51039
JY_NOUN,14087
JOURNALISM_NOUN,1131
Janko,2825
Josephina,1296
Jost,9604
Joaquim,5463
JENSEN_NOUN,1049
Junie_NOUN,3605
JAGS,1534
Javits,1834
Jezusem,3465
Junko,1912
JAL_NOUN,1493
Jiaxuan,1005
Jazzy_NOUN,2281
Jindal,3420
JSON_NOUN,28879
Jurchen,1367
Jyväskylä_NOUN,2733
JPMorgan,5909
Juries_NOUN,4108
JASPER,1063
Jaws,7483
Joms_NOUN,1010
Jevons_NOUN,6229
Justiz,1272
Javaid_NOUN,1670
Jinn,4490
J.-F.,6066
Jip,5341
Jaye_NOUN,1514
Ježíšem,1756
Jorkens,2117
JAVA,2099
Jejeune,5279
Juxtaposing,1222
Jungfrau_NOUN,1654
Jewelry,6614
Jalali_NOUN,1925
Jdj_NOUN,1171
Joslyn,3196
Jessen_NOUN,2930
Jacobson,35357
Jerningham_NOUN,1455
Judentums_NOUN,2016
Janelle_NOUN,14212
Jinny_NOUN,5518
Jezusowych_NOUN,1038
JOUR,1407
Joliot,2218
JACC_NOUN,4707
JWT,3412
Jovian_ADJ,1750
Jannik,1543
J.-D._NOUN,1497
Johan,36855
Jiji_NOUN,1118
Jungian,10432
Jiancai_NOUN,2403
Jiexi_NOUN,1838
Jats_NOUN,1865
Jiro_NOUN,2692
Jingle_NOUN,4357
Jobes_NOUN,1079
Jacobi,22010
Jackman_NOUN,7925
Joffe,4014
Juice,21684
Janaway,1151
JEW,1049
Jingcheng,1015
Jovanovic,2855
JSL,1259
Jessup,13270
Josh_NOUN,203495
Jeśliś,1044
J.G.,28102
Jeffs,3219
Jodl_NOUN,2135
Jassy,1630
Julian_NOUN,191023
Jennie,41037
Joiner_NOUN,4900
Jn,48260
Journeyman,1310
Jeannot_NOUN,1593
Jarrow,5106
Jorgenson,5131
Jono,1118
JAm_NOUN,10006
JSJ_NOUN,1071
Janet,156048
Jommer_NOUN,2212
Jeri_NOUN,5713
Jingye,1573
Jorm_NOUN,1269
Jeruzalemi_X,1410
Jasper,106465
Janin,2156
Jordans,1927
Jacobson_NOUN,35339
Jilly_NOUN,7794
Jr.,339153
Janey,15042
Judit_NOUN,2034
Jacinto_NOUN,7259
JSNT_NOUN,1665
Jendzian,1473
Jordanit_NOUN,1009
Junie,3611
Jansson_NOUN,6303
Jennifer,190416
JPC_NOUN,1417
J.-S.,3919
Juta_NOUN,1948
Juvenal_NOUN,8997
Jablonski,3203
JOHNSON,12065
Jick,1257
Job,260829
Jakobsen,4246
Jinks_NOUN,3180
Julia_NOUN,278247
Jit,1020
Jaci,1512
Judenrat_NOUN,1594
Jaycee_NOUN,1200
Jingjing_NOUN,23844
Jinks,3180
Jehangir_NOUN,1856
Jokes_NOUN,4479
Jabbour,2111
Jalaluddin_NOUN,1065
Jobbik,1494
Juha,1768
Junction_NOUN,29928
Jumper,2747
Jeeves_NOUN,6561
JACK_NOUN,11916
J0_NOUN,1499
Jé,1109
Jakubowski,1385
Jordie_NOUN,1133
Junxuan_NOUN,4513
Jokes_VERB,1412
Jingting,1135
Juvenile_NOUN,35744
Joyce,119917
Judaizers_NOUN,3007
Jiuyou_NOUN,1021
Juneja,1114
Juhasz_NOUN,1114
Jianfeng_NOUN,4623
Jaroslav_NOUN,4476
Jicheng_NOUN,1123
Jordi_NOUN,6621
Jiří_NOUN,2578
Jagadish_NOUN,1354
JH_NOUN,49964
Janowitz_NOUN,2263
Jacana_NOUN,1146
JUSTIN_NOUN,1715
Jingyuan,2707
Jullien_NOUN,2964
Jepsen_NOUN,1526
Jordanes_NOUN,1346
Jobim,2106
Junxuan,4515
Joyful_ADJ,2347
JANUARY,11539
Jingzhou_NOUN,2212
Jeff,209671
J.-E._NOUN,1422
Jabba,1454
Jezusit_X,3006
Jerking_VERB,2386
Julie_NOUN,167733
Jews,845802
Jakož,1466
Jenner_NOUN,16153
JavaScript_ADJ,6327
Judum,1653
Jao_NOUN,1315
Jehoiachin_NOUN,4291
Jenness_NOUN,1738
Jordon_NOUN,3022
Juifs_NOUN,1544
JUNE_NOUN,12768
Jc_NOUN,1091
Jemmy_NOUN,6624
Jez_NOUN,4764
Jeffersonville,1492
Jury_NOUN,48123
JPs_NOUN,1282
Jeghers,1364
Jub_NOUN,5014
Jessamine_NOUN,4880
Jachin_NOUN,2891
Jason,336825
Jushan,1300
Jacaranda_NOUN,2586
Jick_NOUN,1255
Johannine,13883
Jiaojiao,3994
Jeshurun_NOUN,1134
Jask_NOUN,1352
Jiangcheng,2031
J.-C.,9099
Junia_NOUN,3409
Joule,9362
Jingfeng,1333
Joppa_NOUN,5421
Juergensmeyer,1752
Juices,1826
Jayaraman_NOUN,2373
Javelin,1943
JJ,75645
Jxx_NOUN,1115
Jnr,1678
Jobe_NOUN,3446
Jn._NOUN,4210
J.-C._NOUN,8897
Jin_NOUN,392098
Jawaharlal,12420
Justine,41954
Jesu_NOUN,6763
Journalistic_NOUN,1503
Jabhat,2010
Japon,1750
JAN_NOUN,3498
Jones_ADJ,7292
Jehoram_NOUN,4140
Jeopardy_NOUN,7282
Janice,42178
Jeda_NOUN,1380
Jharkhand,10014
Jumped,1608
Jesse,160446
Junto,1802
Jena_NOUN,23851
Jorat_NOUN,1195
Jehan,6686
Jessop,10800
Jar,8806
Junctions_NOUN,1791
JONATHAN_NOUN,4527
Jonesville_NOUN,1211
Jackson,497607
Jackpot_NOUN,2119
Judzkiej_NOUN,1610
Juniata,1052
J.A._NOUN,84886
Journals,35546
July,1578128
J2_NOUN,4771
Joneses_NOUN,3923
Jada,14001
Journeying_VERB,1042
Julho,2324
Jeet_NOUN,1648
Jinbei,1060
Jingting_NOUN,1133
Jail,20877
J1,5233
Jagged_NOUN,1350
Jelen,1053
Jesús_X,3240
Justice_NOUN,732236
Jaye,1521
Jaisalmer,1588
JAC,2981
Jerod,2148
Jespersen,4196
Jani,3813
Jadhav,3603
Johanson,5162
Johnston,107690
Jelen_NOUN,1053
Jaswant,1082
Japp_NOUN,1628
Junius,10610
Juliana,22088
Johannessen_NOUN,2474
Jamestown,14767
Jiaer,1863
Jacopo_NOUN,11244
Jurisdiction,41745
Jahveh_NOUN,1215
Jeshurun,1195
Jona_NOUN,2221
J_NOUN,2901134
Jinx_NOUN,10397
Jonadab_NOUN,1730
JetBlue_NOUN,1472
Jamesian_ADJ,1210
Jame_NOUN,1547
JULIE,3861
Jackendoff_NOUN,5188
Jaz,7265
Jemma_NOUN,6716
Jerott_NOUN,3722
Jamieson_NOUN,16200
JoJo,7385
JULIAN_NOUN,1628
J.F.,35928
JeCerson,5054
J48,1869
JT_NOUN,36324
JSJ,1078
JCR,2410
JULIAN,1664
Jess,123534
Journalistic,3003
Janik,1664
JSOTSup_NOUN,1955
Jett_NOUN,11208
Joost,4887
Judiciary_NOUN,30469
Jeez_NOUN,11355
Jazmin,2062
Jardin_NOUN,9165
Jeremiah,146314
Junyan,2290
Jayant_NOUN,1562
Jordyn_NOUN,2742
Jeopardy,7286
Jonze_NOUN,1048
Jennett_NOUN,1381
Jo,200523
Joplin,8484
Joke_NOUN,6856
J0,1940
Jefe_NOUN,1803
JPAC,3381
Jdg_NOUN,8890
Jiahui_NOUN,1800
Jitendra,1393
JEE,3828
JSJSup,1169
JAZZ,1194
Journaling,3072
Jisu_NOUN,1390
Jarod_NOUN,5169
JC_NOUN,74291
Journ_NOUN,3920
Jour,9627
Jerusalem_NOUN,522741
JACQUES,1505
Js,1750
Jaap_NOUN,4375
Jeruzalemie_NOUN,1725
Jesper_NOUN,5536
Jackdaw_NOUN,2071
JULIE_NOUN,3858
Jolla,7137
Jamison,18472
Jasola_NOUN,1906
Jeffersonville_NOUN,1491
JEZUS,1706
Jawad_NOUN,2529
Jeon_NOUN,8088
Jugular_NOUN,1228
Jenna,84743
Jinnie_NOUN,1856
Jar_NOUN,8796
Jargon_NOUN,3543
Juche,1359
JAXA,1970
JLP_NOUN,1513
Jedburgh,1603
Jamming_NOUN,1494
Junmao,2419
Jaisalmer_NOUN,1581
Jefe,1979
Jetara_NOUN,1568
Jericho,36056
Jabir,2175
Jaramillo_NOUN,4736
Juslin_NOUN,3044
James,1876136
Jefferies_NOUN,5808
Justifying,4404
Johar_NOUN,1947
Jhala,1035
JAI_NOUN,4334
Jabbar_NOUN,3417
Joneses,3926
JCE_NOUN,1559
Javin_NOUN,1643
JERRY_NOUN,2023
Joosten,2215
Jayyed,1871
Jardim,2657
Juana,13464
Janssen_NOUN,18365
Jiangsu_NOUN,15731
Jelly,12132
Jiangnan,10857
Jehoiachin,4355
Jinnan_NOUN,8130
Jovanovich_NOUN,7051
Jebel,6243
Jest_NOUN,6053
Jinye_NOUN,5075
Judicious,1774
Jiugong_NOUN,2611
Javanese_ADJ,8558
Jari_NOUN,1504
JDR,1029
Jaffrelot,2251
Jocelyne,1438
Jorg,1205
Je_X,25988
JSA_NOUN,2153
Jue,46293
Jonathon,10770
Jonge,4105
Jelt_NOUN,1253
Jewels,10479
Jeffrey,125233
Johnstone,21355
Jakov_NOUN,1235
Jürgen_NOUN,33454
Jefferson,219822
Jessner_NOUN,1252
J'ni,1062
Jastrau,2000
JR,74399
Jb,10219
Jenne,1419
Justicia,3790
Jakob_NOUN,34133
Julián_NOUN,3512
Jahn_NOUN,7543
JULIA,4643
Jiro,2692
Jay,194941
Jiang_NOUN,410518
Junfeng_NOUN,1158
Jahre,8688
Jingqi_NOUN,2536
Josephus_NOUN,55668
Jewish_ADJ,843090
Janiculum,1002
Jönköping_NOUN,1077
Jotunheim,1248
Justis_NOUN,1631
Jossey,28557
Jomini_NOUN,1034
Jaakko,1391
Jaeschke_NOUN,1077
Joh,5467
Josy_NOUN,2155
Jaipur_NOUN,12666
Jets_NOUN,8103
Jagger_NOUN,12675
Jamal,28509
Jom,1686
Jeroboam_NOUN,17104
Jalapeño_NOUN,2113
Jauss,1561
Jinzhi,10666
Jehoash_NOUN,2872
Japanese_ADJ,654180
Jes_NOUN,5126
Jef_NOUN,2265
JS,58686
Juan_NOUN,228106
Junjie_NOUN,2228
Justis,1639
Jadeite_NOUN,1283
Jaycee,1205
Jornet,1013
Jeśliby,1508
JBS_NOUN,2611
Jervis_NOUN,13156
JavaScript_NOUN,29395
Jallianwala,2432
Joplin_NOUN,8481
Jedao,1115
Jewess,6501
Juran_NOUN,2164
JMA,1321
Jessa_NOUN,4262
Jovian,3080
Johnsen,4900
Jouvenel,1022
Jago_NOUN,10335
Jen_NOUN,74364
Jendzian_NOUN,1467
Jaffna_NOUN,3481
Joses,1733
Judges,72120
Jealous_NOUN,1756
Jointly_ADV,3828
JTS_NOUN,2351
JSA,2157
Joye,2050
Joslin,2311
Jehoiada,5725
Jarry,2241
Jorden,1178
JMC_NOUN,1364
Jin,395531
Jenö_NOUN,1139
Jarvik_NOUN,1599
Jahi,1374
JPMorgan_NOUN,5845
Jiaer_NOUN,1863
Jaya,12926
Janke,1501
Jiangcheng_NOUN,2031
Jung,124461
Junqueira,1028
Jutta_NOUN,3986
JAMA,59485
Jehangir,1857
Jaga,1193
JANUARY_NOUN,10888
Jaina,3226
Jødernes_NOUN,6370
Jiean,1332
Jabhat_NOUN,2007
JK_NOUN,27863
JULY,12840
Justina,2582
Juneau_NOUN,5821
J.A.,84996
Jehoram,4178
Je_NOUN,13304
Jailed,1515
Jehane_NOUN,1065
JSX_NOUN,1242
Javed_NOUN,4801
Joys,3305
Jaworski_NOUN,5559
J.H._NOUN,46899
Javid,2060
Jio_NOUN,1479
JRE,1060
Jojo_NOUN,8589
JOSE,1243
Juden,7586
Jessamine,4952
JK,27931
Jondar,1034
Jaycox,1096
Janin_NOUN,2148
Japonském_NOUN,2039
Jotunheim_NOUN,1244
JD,90197
Junmao_NOUN,2419
J.E.,41159
Jewitt_NOUN,3120
JOYCE,2519
Joyner,6504
Jiyuan_NOUN,1521
Jaworski,5563
Jen,74543
JADE_NOUN,3759
Jms,2783
Janvry_NOUN,1012
Jitendra_NOUN,1393
Jiang_VERB,1089
JESSICA_NOUN,2601
Jeg_NOUN,2024
Jansen,31573
Josephine,65541
Junta,9438
Jerónimo_NOUN,2677
Jacobean_NOUN,4211
Jillian_NOUN,34897
Junju,1814
JHA,1926
Julier_NOUN,1046
Joann,3295
Jewett_NOUN,10373
Joinder,1935
Jovie_NOUN,1522
Journal_,1071
José_NOUN,136464
Judg.,2019
Jacki,1404
Jeunesse,2299
Jeeva,1102
Jaimini_NOUN,1691
Jamshedpur,1689
JURY_NOUN,2936
JHEP_NOUN,1302
Jaques_NOUN,5648
Janny_NOUN,1809
JVP_NOUN,2063
Jacquol,1453
Jüngel_NOUN,7328
Jenifer,2724
Jacquelyn,4453
JEANNE_NOUN,1108
Jermyn,6240
Jihad,21024
Jours,1005
Jer_NOUN,62441
Jovian_NOUN,1329
JF,38068
Javanese,16631
Junger,1753
Jayce_NOUN,2972
Jelinek,2998
Jaffa,14742
Jun,267288
Jinxiu,4637
Jamia_NOUN,1671
Jennison_NOUN,1431
J.V._NOUN,8256
Jeffersonian,7120
J.-G.,1285
Jonsen_NOUN,1489
JEROME_NOUN,1075
Joes,2521
Jarosz_NOUN,1091
Jayhawks_NOUN,1003
JN_NOUN,16860
Jurong_NOUN,1411
JACQUES_NOUN,1505
Jeghers_NOUN,1364
João_NOUN,20784
Jaipur,13362
Jinhua_NOUN,4574
Jeppesen_NOUN,1841
Jamison_NOUN,18450
JUVENILE_ADJ,1364
Joie,1875
J.-J._NOUN,3880
Janine,24533
Junior,113053
Jeanne,61833
JEHOVAH,13438
JESSE,1548
Jodhpur,3741
Jaga_NOUN,1186
Jaspers,10892
Janaka_NOUN,1509
Junyao_NOUN,8838
Jacobitism,2030
Jaylon_NOUN,1109
Jawahar_NOUN,2082
Jiaming_NOUN,2649
JOURNALS_NOUN,1101
Jolene,6223
Jeanette,16474
January_NOUN,1369391
Junning_NOUN,1378
Jessi,2907
J.R._NOUN,55273
Joly,6211
Journalistic_ADJ,1500
Junco,2584
Jicarilla_NOUN,1959
Ježíšovi_NOUN,4329
Jennet,3091
Jowl_NOUN,1432
Jessop_NOUN,10797
Jespersen_NOUN,4181
Juniper_NOUN,13098
JRA,2075
JUAN_NOUN,2528
Juridical_NOUN,2693
Journalists_NOUN,24589
Jarron_NOUN,1621
JRS_NOUN,2416
Junge,3358
JOANNA_NOUN,1236
Jetson,1465
Jerzy_NOUN,7202
Julian,193896
Jinyan_NOUN,3657
JUDGE_NOUN,7352
Jeng_NOUN,1686
J.-H._NOUN,5360
Jang,20132
JUPITER,1398
Joms,1010
Java_NOUN,125387
Jess_NOUN,123508
Jepson_NOUN,3977
Jubilees,7416
Joharan,1110
Jaan_NOUN,1485
JASMINE,1258
Janak_NOUN,1338
Jingshan_NOUN,1255
Juel_NOUN,1229
JERUSALEM,3344
Jingzhi_NOUN,2265
Javanese_NOUN,7826
Jehiel_NOUN,1659
Jue_NOUN,46284
Joker,10277
Jujuy,1202
Jarrell,2701
Jany,1244
Jul._NOUN,10149
Jurisdictional,5462
JOEL_NOUN,1413
Jasbir,1899
Jingli,1978
Jaleel_NOUN,1146
Jimbo_NOUN,3643
Jules_NOUN,83405
Jagaddhara,1006
Jabin,3335
Jilani_NOUN,1062
Josie_NOUN,81492
Jr._NOUN,338913
Jeffs_NOUN,3215
Junagadh,1024
Johnson,747022
Juárez_NOUN,13827
Jacobs_NOUN,86735
Joins_VERB,4003
Ji_NOUN,216409
Jinse,19984
Jovin_NOUN,2601
Jon_NOUN,141543
Jersey,214959
Jamari,1069
Jingle,4370
Jiefang,1099
Jeptha,1125
Jepsen,1529
Janvier_NOUN,3058
Jehoiakim_NOUN,5923
Jiuzhou,1491
Jodi_NOUN,17977
Jeruzalema,4913
Janitor,1063
Jueming,1770
Jaffier,1014
Jayda,2232
Joining_VERB,19044
JACKSON,4388
Jinghua_NOUN,17325
Jabal,3492
JDM,1188
Jun._NOUN,12922
JOURNEY,9242
Janina_NOUN,3968
JMP,3646
Jone,1673
Jinn_NOUN,4485
Jumping_NOUN,8074
JOURNAL_NOUN,9098
JeanPaul_NOUN,2572
Jacey_NOUN,3029
Juanito_NOUN,2429
Jeźli_NOUN,1664
Jetson_NOUN,1465
JET_NOUN,2782
JWT_NOUN,3352
Jeeva_NOUN,1094
Joffre_NOUN,2788
Jamil,7540
Jaffrey,1264
Jenin_NOUN,1989
Jaffar_NOUN,1088
Jeannie_NOUN,22110
Jingfeng_NOUN,1330
Jeźliby,1150
Jm,1072
Jerry_NOUN,189494
Jiugong,2614
Japoneză_NOUN,2041
Jazeera_NOUN,11490
Janan,1105
Jinx,10471
Jizi,1209
Johannis_NOUN,1687
JHS,1819
Jaco,1799
Jim_NOUN,543723
JAY,3430
Josefina,3095
Jiayin_NOUN,12678
Jot_NOUN,2390
JavaFX_NOUN,1910
Jaylen_NOUN,1569
Januar,1377
Jezusa_X,2458
Jameel_NOUN,1691
Jäger,5595
Jayson_NOUN,4152
Järvinen,1183
Jeruzaléma,5121
Jowitt,1610
Jardinn_NOUN,1068
Jorge_NOUN,63813
Jerrie,2268
Jihadists,1724
Jing'an,1250
Joop,2549
Jayakumar_NOUN,2089
JG,31433
Japhet_NOUN,2796
J.X.,2076
Jihadi_NOUN,3485
Jarli_NOUN,1982
Jealous_ADJ,6700
Jiangdong_NOUN,1245
Jovin,2608
JCP_NOUN,3300
Jupyter,6833
Janna,4484
J4,1140
JHalseth_NOUN,2047
JEFFERSON_NOUN,2290
Jabir_NOUN,2166
Jolly_ADJ,4289
Joubert_NOUN,7290
Jardins_NOUN,1086
JM,108013
Jerycha,1041
Jordi,6647
Jaggard,1021
Jingtian,6665
Jobling_NOUN,2090
Juliette_NOUN,34589
Jia_NOUN,128248
Junfeng,1158
J.-G._NOUN,1285
Jagannath_NOUN,3393
Jutes_NOUN,1357
Juncker_NOUN,3814
Junker,4676
Janse,1286
JMIR,1516
Jacobian,12340
Jerdan,1494
Jaggar,1484
JES3,1034
Jonassen_NOUN,2104
Jewry_NOUN,26602
Jing'er_NOUN,1296
Jiayan,4766
Joshua,216735
Jeanie,8838
JUSTIN,1718
Jinsheng_NOUN,1852
JeanJacques_NOUN,1055
Jab,1819
Justi_NOUN,4620
Japanilainen,2039
JRT_NOUN,1504
Jory,3062
Josué_NOUN,1020
JG_NOUN,31224
Join,48628
JAMIE_NOUN,1237
Jakobson,10643
Junling,2790
Judd,33017
Joakim,1602
Juris,6003
Juice_NOUN,21681
Jaffer,1021
Jake_NOUN,356268
Josep,5532
JCM_NOUN,1228
Ju,55193
Josephson_NOUN,13764
J.S._NOUN,48077
Jackass,1548
JOSE_NOUN,1236
Jester,5829
Jit_NOUN,1005
Judéa_X,1017
Jiufeng_NOUN,1167
Junwen_NOUN,3916
Jewelers,1210
J.F._NOUN,35915
Jui_NOUN,1115
Jianzhu,1070
Jordanes,1354
Journalism_NOUN,52931
Jeffreys,10889
J1_NOUN,3639
Journey_NOUN,92334
Jeju,4741
Julija,2180
Jakub,5635
Judg_NOUN,14232
Jacobi_NOUN,21910
Jalen_NOUN,2907
Jeannette_NOUN,9903
Jurgen,7473
Jianying_NOUN,3304
Jxx,1140
Jule_NOUN,2256
Joy_NOUN,145159
Juicy,2834
JEOL_NOUN,2054
Jonah,96344
Joscelyn,1696
Jiean_NOUN,1332
Jolie,7678
Jabez_NOUN,6131
JPRS_NOUN,2363
Jiumei,1587
Jewel_NOUN,37104
Jinchen,12311
Jonesboro_NOUN,1723
Jinnie,1857
Jingran_NOUN,2720
JOEL,1413
Journa1Home_NOUN,1023
JUNIOR_NOUN,1695
JST,1363
Jealous,8463
Jaakkola_NOUN,1063
Jocelyn_NOUN,26229
JRD,1110
Jermaine_NOUN,3678
Jasanoff,4399
Jakoż_X,1812
Jest,8070
JLabel,1555
Jiayu_NOUN,1539
Jean_NOUN,526216
Jianguo,7578
Joi,1732
J.M._NOUN,98863
Jingji_NOUN,1313
Joyfully,1024
JEA_NOUN,1232
Jacksonville,16133
Jacket,14622
Jaci_NOUN,1512
Jordanians_NOUN,5065
Ja'far_NOUN,2409
Jotham,5132
JAM_NOUN,3346
Jeruzsálembe_NOUN,1592
Jory_NOUN,3043
Jablonka,1347
Jin_VERB,2203
Jamari_NOUN,1069
JOHN,58943
Judgment_NOUN,140299
Jenks,9892
Judeo_NOUN,5046
Jerod_NOUN,2148
Joharan_NOUN,1091
Judaica_NOUN,4304
Judge,274806
Jesuit,74517
Jukes,3875
Jinnah,7899
JBI_NOUN,1010
Japońska_NOUN,2039
Jessica,170126
JESSE_NOUN,1548
JUDGMENT_NOUN,7002
Jervis,13191
Jaguars_NOUN,3004
Jud,17121
Jowett_NOUN,7404
Jocko_NOUN,1964
Jolley_NOUN,2742
Jeruzalemu_NOUN,4829
Janne,2066
J.K._NOUN,24867
Juli_NOUN,5331
Jaggers,3434
Jannik_NOUN,1543
Jagged_ADJ,1064
Jaqueline_NOUN,1385
Jiffy,1230
Jahoda,2507
Jerez,3607
Jotham_NOUN,5124
Jawaharlal_NOUN,12404
J.-W.,2133
Jigme,1062
Johor_NOUN,5515
Jacky,9046
JUNGLE_NOUN,1271
Jonson_NOUN,28750
J.Y.,9642
Jetta,2291
JCS_NOUN,6062
J.-K.,1269
Jornal,2086
Jig,2210
JAZZ_NOUN,1191
JEANNE,1114
JSTOR,2873
J.N.,14049
Journal,3361233
Juden_NOUN,5329
Janissaries,3387
Janu_NOUN,1008
JUAN,2530
Joshy,1295
Jacobsson,2256
JCE,1560
Juergensmeyer_NOUN,1748
Jamia,1671
Judi_NOUN,4854
JCS,6114
Jacobitism_NOUN,2028
Jüdische_NOUN,2335
Jeanie_NOUN,8828
Jask,1356
J.J.,53255
Jón,4088
Jeri,5760
Jhansi,3365
Jung_NOUN,122721
Jansson,6303
Jönköping,1080
Joint_ADJ,49802
Jonna_NOUN,1017
Jovinian,1013
Judea,33532
JCB,1371
Joane_NOUN,1213
Jute,4623
Jug,5212
Jurisprudence,23415
Josephson,13768
J/cm2_NUM,1359
Jade,111473
Jimi,8703
JAK2,4111
Jaleel,1151
Jonty_NOUN,1253
Jupp,2970
Janeway_NOUN,2423
Japanese,1023947
Jouka,1198
Joon,3964
Jaakobin_NOUN,1335
Jawahar,2083
Jansz,1145
J.-J.,3882
Jaiswal,3279
Jaiswal_NOUN,3277
Jasenovac_NOUN,1770
JURISDICTION_NOUN,2407
JUDITH,2253
Jayme,2827
Jarrah,2430
JONES_NOUN,8315
Jussi_NOUN,2595
J.J._NOUN,53226
Jablonka_NOUN,1347
Jaakkola,1063
Jamshidi,1251
Jaeger_NOUN,17795
JTF,2359
Junto_NOUN,1686
JPS,3382
Javidan_NOUN,1247
Johri,1242
Jovie,1540
Johnstown_NOUN,5554
Janusz,4110
Jianhua,1603
Jennifer_NOUN,190270
Jeni,2134
Jarl_NOUN,9574
Jazer,1002
Juvenile,60380
Justo,2986
Javidan,1254
Johar,1947
Jiyuan,1523
Janaki_NOUN,3163
Jabalpur_NOUN,1609
Jealousy_NOUN,14235
Junning,1378
Juniors,2993
Jewkes_NOUN,4046
JBS,2627
Judaizing,1682
Jeppe,2033
Jorkens_NOUN,2111
Jamiat,1195
Jincheng,3056
Joash,7975
Jeep_NOUN,41427
Jacoby,14003
Jochen_NOUN,5929
JPY_NOUN,3323
Jingshi,2509
JPN,1113
Judkins,1731
Jingshan,1259
Jays_NOUN,4481
Jalalabad,2483
Junju_NOUN,1812
Japa,3350
Jhon_NOUN,1012
Jip_NOUN,5333
Jetten,1770
Jatin_NOUN,2621
JUSTICE,17663
Jair_NOUN,3659
JOC,1043
Jatin,2630
Judaic_ADJ,4297
Juni,3436
JUMP_NOUN,1513
Joannes,3074
JIC_NOUN,1890
Jakey,1623
Jez,4801
Journaling_VERB,1003
Joules_NOUN,1643
Joint_NOUN,181965
Jehane,1067
Juillet,1340
JB,45768
JOSEPH,12559
Juda,3335
Josephs_NOUN,3367
Jenny,218682
Jgs_NOUN,2916
Jingwei_NOUN,1023
Jaskett,1316
JUDAH,1577
Jeong,17898
JMIR_NOUN,1512
Josefina_NOUN,3088
Jiangxi_NOUN,7429
Jerold_NOUN,1058
Juliette,34632
Jessel_NOUN,1769
Jaruzelski,2954
Jiu_NOUN,43539
JEWELRY,1057
Jarnac_NOUN,1701
JP_NOUN,75365
Jeane_NOUN,1896
Jinan,6457
Jenson,9163
Julia,278350
Joins,4003
Jordana_NOUN,2859
Jiménez_ADJ,1226
Jouvet,1065
Janaka,1512
JETS_NOUN,1068
Jdj,1171
JVs,1424
J.Y._NOUN,9641
JAPM_NOUN,1250
Jankélévitch,2285
Jamaica_NOUN,101254
Joron,4310
Jihadism_NOUN,1237
Jiacheng,4397
Janie,26037
Josefine_NOUN,2361
JNK_NOUN,4717
JBC,3088
Jezusowe,2078
Judgmental,1138
Jiaqing_NOUN,3975
Jafar,4052
Jehoshaphat_NOUN,12479
Jeremy_NOUN,174078
JOM,1200
Justo_NOUN,2870
Jephcott_NOUN,2355
Jinghuan,1372
Jovis_NOUN,1091
Jarrah_NOUN,2421
Jama,3386
Jacqueline_NOUN,46653
Jamin,1588
Jolan,1421
Jansen_NOUN,31549
Jinan_NOUN,6344
Janette_NOUN,5782
Jerrold,7433
Jiaotong,3956
Jucker_NOUN,1026
JES2,1685
Jat,3802
Jianming,1747
Joss,17341
Judujo_NOUN,1660
Jaz_NOUN,7264
Juang,1571
Jarosław,1605
Joanna,72246
JOAN_NOUN,3023
Jinnan,8135
JEZUS_NOUN,1706
Juncheng_NOUN,1162
Jive,1152
Jalaluddin,1065
Jac_NOUN,9363
JOSHUA_NOUN,3906
Jézushoz,1577
JAm,10017
Jodhpur_NOUN,3585
Jinlian,1036
Johansen,14970
Jagjit,1088
Jaffa_NOUN,14573
Jeffersonians,1221
Janine_NOUN,24429
Jailer_NOUN,1109
Jenna_NOUN,84714
JUSTICE_NOUN,17652
Johannsen,2396
Johari,2138
Janes,5111
Jesse_NOUN,160416
Jaimini,1691
Jeez,12348
Johnnies_NOUN,1757
Jiva_NOUN,1795
Jamila_NOUN,4624
Juha_NOUN,1767
Josse_NOUN,1699
JCL_NOUN,1403
Janko_NOUN,2824
Jingxuan,3201
Jamaicans_NOUN,5211
Janis_NOUN,25070
Jeffry_NOUN,1779
Jordanians,5069
Jx,1658
Jawbone_NOUN,1155
Jugurtha,2403
Jon,141606
JMPR,1164
Jex,1206
JEROME,1075
Janak,1339
Jai_NOUN,14420
Jaden,5696
Jacaranda,2682
Jornada,3648
Junot,2576
Janelle,14217
Jetty,3194
Josselin_NOUN,2152
Jasi,2194
Jara,4617
Jongman,1015
JPY,3770
Jove,40524
Jinlian_NOUN,1030
Jemez_NOUN,1359
JRC_NOUN,3389
Journalize,1141
Jordanian_ADJ,17171
Jihad_NOUN,20769
Jabal_NOUN,3454
Judgments_NOUN,19172
Jing'an_NOUN,1246
Jabuti,1758
Jurist,3401
Jazz_NOUN,61123
Judaean,3139
JMS,2581
Jezreel,5702
Jams,1298
Johannesson,1449
Juss,1536
Jaak,1047
JoAnne_NOUN,1533
Jam_NOUN,18671
Jiangxi,7466
Jeannie,22134
Juliana_NOUN,22052
Jackie_NOUN,101349
Jinzi_NOUN,9533
Johnnie_NOUN,22482
JOA_NOUN,1017
JAL,1493
Jurisdiction_NOUN,41738
Jennie_NOUN,41024
Jas,16944
Jezusem_X,1270
Juve,2488
JCB_NOUN,1354
Jno_NOUN,2182
Jakobson_NOUN,10639
Jazz,61917
Johnsson,1452
Joslin_NOUN,2310
Jindal_NOUN,3402
Jeng,1686
JULIUS,1106
Jayaraman,2373
Joy,145210
Jaynes,4585
John,4285704
Jehu,11826
Jamaican,30786
Jeronimo,1734
J.E._NOUN,41143
Judstva,1071
Jordane_NOUN,1088
Judge_VERB,3867
JSJSup_NOUN,1162
Jamar_NOUN,1294
Jebb_NOUN,3807
Jianli_NOUN,1822
Junagadh_NOUN,1024
Jas_NOUN,16889
Jessika,1292
JTA,1414
Jailer,1123
Jools,2029
JBL,5715
Juanita,15523
Jackie,101403
Jedediah_NOUN,3429
Jedediah,3430
Jehoshaphat,12647
JONATHAN,4536
Jimena_NOUN,1508
JSNTSup_NOUN,1607
Janka,1495
Juniperus_NOUN,2532
Jimmy,244672
Josip_NOUN,2718
Jeesukselle,1660
Jaruzelski_NOUN,2951
Jokinen_NOUN,1137
Jm_NOUN,1061
Justices_NOUN,24751
JOKE,1849
Jörg_NOUN,10160
JULY_NOUN,12829
Juror,3850
JW,41498
Joel_NOUN,125870
Jos,23647
Jaden_NOUN,5668
Justify,11347
Janvry,1012
Judkins_NOUN,1730
Johanne,1952
Jinyuan,1528
Jacquard_NOUN,2767
JU_NOUN,2753
Joliet,2879
Jari,1522
Julietta,1146
JOSHUA,3907
Jedda,2037
Jello_NOUN,1201
JAPANESE,4626
Ježíšovi,5035
Jt_NOUN,2044
Júlia_NOUN,1048
Juifs_X,1059
Jizi_NOUN,1206
JBI,1012
Jingles_NOUN,2067
JDBC,3724
Jhansi_NOUN,3351
Jammer,1673
JACC,4707
Jadhav_NOUN,3600
Jingwei,1023
John_,2376
Johannesburg_NOUN,41681
Jana_NOUN,26001
Jiminy,1345
Joffe_NOUN,4014
Julija_NOUN,2162
Julienne_NOUN,1872
Judicial,91484
Jaxson_NOUN,2858
JQ_NOUN,2294
Jesu,10307
Juin,1592
Japheth_NOUN,4367
Ježišovo,1140
Jaffe,13591
JHS_NOUN,1817
Jeroboam,17455
Julliard,1465
Jellinek,4395
Junyang,5006
Jaunell,1702
J.-R._NOUN,1307
Jachin,2896
Jarad,1514
Jianting_NOUN,1799
Jubal,4595
Joppke_NOUN,1534
Jens_NOUN,19320
Jinye,5075
JWST,1003
JVM,5556
JAKE_NOUN,3145
Jays,4490
Jornal_NOUN,1927
Jackets_NOUN,2639
JONAH,1262
JCI_NOUN,2335
Jovanović_NOUN,1154
J48_NOUN,1262
Jordanit,1125
Jamaat,3578
Jpn,15638
Jie,125181
Jg,1234
Jaakobin_X,1080
Jingjing,24100
Jalali,1968
Jehiel,1660
Joab_NOUN,19603
Jee,3764
Jenkin,3307
Joking,2719
Juanita_NOUN,15522
Jyoti_NOUN,5006
JAKE,3148
JACKIE_NOUN,1600
Jayasuriya_NOUN,1225
Juhi_NOUN,1307
Jara_NOUN,4520
Jamike_NOUN,1298
Jamaican_NOUN,6973
Jahrhundert_NOUN,11181
Jackets,2643
Jyothi_NOUN,1078
Jahnke,2845
Joelle,4767
Jaypee_NOUN,1838
Jamali,2287
Jms_NOUN,2768
Jungian_ADJ,4754
Jamel_NOUN,1405
JENNY_NOUN,3310
Jagannathan,1597
Junjie,2229
Jiutian,2331
Jugend_NOUN,2726
Judi,4873
Jekyll,16337
Jumeirah,1302
Jakubowski_NOUN,1385
Jintao,3978
Jeesusta_X,1334
Jaakko_NOUN,1391
Jiuhuang,1030
Jacquelin_NOUN,1389
Jingya,8941
Jonsson,7263
Jc,1114
Jehoahaz,2908
Jeppe_NOUN,1894
January_ADJ,23282
Jetten_NOUN,1770
Jewett,10379
Jans,1972
Jaume_NOUN,5199
Juneja_NOUN,1114
Judge_NOUN,270360
Jassi_NOUN,1038
JavaFX,1927
Jiaxi_NOUN,1234
Jing_VERB,3742
Jelena_NOUN,2481
Jugurtha_NOUN,2398
JDA,1247
Jacquot,1745
Jeruzalema_NOUN,4404
Junhao_NOUN,5880
Jianjun,1473
Jagger,12676
Jozefi_NOUN,1007
Jennee_NOUN,1084
Jernigan_NOUN,2156
Jahren,4204
Juventus,2388
Jathen_NOUN,1517
József_NOUN,1945
Jabuti_NOUN,1754
Jérusalem,1473
Jughead_NOUN,1291
Jawbone,1159
Jardine,11423
Jist_ADV,1086
Jezusie_NOUN,2768
Jadwin_NOUN,1341
Jayla,4055
Jaurès,2656
Jy,10193
Judging_VERB,46884
JJ_NOUN,75441
Jullien,2968
JME_NOUN,1149
Johnny_NOUN,190932
Javert,7280
Jayme_NOUN,2810
JA_NOUN,105947
Jephson_NOUN,1603
Jacobus,8446
Jónsson,2409
Josten,1162
Janey_NOUN,14975
Jingwen_NOUN,2246
Justin,163069
Jordana,2862
Jocko,1967
Jakož_NOUN,1073
Jurassic_NOUN,20432
Jnana_NOUN,1251
JRT,1519
Jahi_NOUN,1370
Jünger_NOUN,4695
Job_NOUN,260771
Jaeggi_NOUN,1283
Jaffrelot_NOUN,2251
Jozefi,1143
Jorac_NOUN,1689
Junxiu_NOUN,2760
Jeeps_NOUN,2226
Jebel_NOUN,6241
Jarrod,8005
Jacks_NOUN,11081
JEM_NOUN,1633
Jathen,1602
Jasanoff_NOUN,4398
JUNGLE,1271
Jourdan,4969
Judaism,160749
Jacksons,2101
J._NOUN,7092943
Jacobs,86756
Joking_VERB,2718
Jafar_NOUN,3983
Jakub_NOUN,5629
Judicial_ADJ,10394
Jerome,110742
Josina,1091
Junxiu,2761
JMS_NOUN,2564
Jet,37757
Jami_NOUN,4180
Jaw_NOUN,7735
Jihadists_NOUN,1722
Janki_NOUN,1421
JAE,2598
J.L.,59132
JIMMY_NOUN,2845
Josh,206140
Joining,19046
Jeruzsálembe,2241
Jolan_NOUN,1314
Justin_NOUN,163008
Jianmin,1065
Janoff,1148
JTA_NOUN,1407
Joon_NOUN,3954
Jacuzzi_NOUN,5114
Johanneksen_X,1009
Jo_NOUN,200455
Joo,6064
Jayda_NOUN,2232
Japoneze_NOUN,2039
JULIET,1163
Jurists_NOUN,4915
Jansz_NOUN,1144
Jauss_NOUN,1560
Jerrie_NOUN,2266
J.O._NOUN,7408
Judaea_NOUN,8656
JCM,1229
Jana,26081
Jalal,5964
Justus,11507
Junling_NOUN,2790
JORDAN_NOUN,2772
Jiafeng_NOUN,1064
Juno,33085
Jadwin,1354
Jaslene,3015
Juveniles_NOUN,4742
Jolyon_NOUN,2989
Jupiter,103247
Ja'far,2497
Jamahiriya_NOUN,1089
Jeannette,9920
Jno,2182
Jp,1162
Jiji,1153
JRD_NOUN,1108
Jeong_NOUN,17726
Jocelyn,26281
Johnsson_NOUN,1452
Jonker_NOUN,2945
Jukes_NOUN,3874
Jessor_NOUN,1046
Jarvik,1599
Jaguar,19093
Jina_NOUN,1500
Josue,1214
Jungle_NOUN,24934
Junker_NOUN,4654
JN,17124
Jeg,5486
Jiaqing,4072
Junger_NOUN,1753
Jamil_NOUN,7500
Jos._NOUN,4774
Jahrbuch,9889
Jughead,1307
Jaxx,1196
Ja_X,1624
Jarron,1623
Jaffna,3486
Judæa_NOUN,2168
Jezusowe_NOUN,1847
Jezebel_NOUN,19504
Jentsch_NOUN,1561
Jax_NOUN,40315
Julianna_NOUN,4768
Joke,6929
Jarl,9583
Jaundice_NOUN,4529
Jaén,1901
Jamie_NOUN,166591
Jaylon,1109
Jordy_NOUN,3146
Judging,46884
Judaic_NOUN,3702
Jerez_NOUN,3346
JIA_NOUN,4644
Jeduthun_NOUN,1427
JOURNALIST,1345
Janoff_NOUN,1146
Jerrod,3450
Jem_NOUN,28344
Joanie_NOUN,6561
JCC,1966
JASON_NOUN,5897
Jawa,2111
Junyao,8840
Juhani,1318
J.P._NOUN,58839
J.-E.,1422
Jeune,5384
JOBS_NOUN,3053
Jerseys,1380
Jose,71568
Jae,10409
Jahan_NOUN,10715
Jingo_NOUN,1256
Judges_NOUN,72098
Jonze,1049
Jinkun_NOUN,2839
Jong,41466
Juglans,1871
Janesville,1198
JCO,1174
Jaswant_NOUN,1081
Juden_X,2246
Jarvie,1587
J.X._NOUN,2076
Junkers_NOUN,3446
Juries,4108
JOSÉ,1106
Jennings,63376
Javier_NOUN,36700
Joses_NOUN,1729
Jakarta,35059
Jakab_NOUN,1322
Jessamyn_NOUN,1026
JX,2493
Jolly_NOUN,19846
Jezusin_NOUN,4134
Jeans_NOUN,8847
Judentums,2449
Jewry,27453
Jeeves,6679
Jiayi_NOUN,15247
Jock_NOUN,26779
Jeena,2580
Jerusalem,522821
Jacy_NOUN,2422
Josina_NOUN,1091
Jager_NOUN,7582
Jou_NOUN,1766
June_ADJ,9174
Jerimiah,1043
Josh._NOUN,2565
Jeconiah_NOUN,1097
Jellyfish_NOUN,2123
Jáť_NOUN,1802
Joris,5137
Jozef_NOUN,4093
Jezusit_NOUN,4021
Jot,2532
J.W._NOUN,47500
Judah,175066
Jagan,2245
Jenga,1240
Jiacomo,1078
Josepha_NOUN,2261
Jacobus_NOUN,7523
Jac,9370
Jug_NOUN,4849
Justy,1962
January,1393034
J'ni_NOUN,1052
Jinyue_NOUN,5393
Johnno_NOUN,1728
Joule_NOUN,9246
Jaques,5679
Jealousy,14238
Jianming_NOUN,1745
Jinhua,4575
Josy,2202
Juma,4248
Jure_NOUN,3244
Jadon_NOUN,3027
Jones_NOUN,683301
Jaron_NOUN,1455
Jiu,43719
Jiaqi_NOUN,3347
Jellinek_NOUN,4385
Jeunes,1091
Janowski,1424
Jihadism,1243
Jonty,1254
Jeffers_NOUN,6821
Jeevan_NOUN,2494
Jain,51919
Janissary_NOUN,1093
JEN_NOUN,1545
Joomla,1758
JCR_NOUN,2400
Jenin,2027
Jinping,18468
Jonker,2947
Juices_NOUN,1820
Jacqui_NOUN,7136
Janie_NOUN,26011
Javascript,1480
Jón_NOUN,4065
Jessalyn_NOUN,1077
JEsum,5830
JOBS,3068
Jungen,1130
Jansenists,2485
Jevon,1202
Jonah_NOUN,96266
Jelinek_NOUN,2994
Jasbir_NOUN,1898
Jacq_NOUN,1479
July_NOUN,1577706
Jacy,2429
Junkin,1111
JOHNSTON,1402
Jacinta_NOUN,6165
Juventud_NOUN,1510
Jessup_NOUN,13208
JAPAN,5517
Jolson_NOUN,2996
JUDGMENTS_NOUN,1139
Jehu_NOUN,11570
Jondrette_NOUN,2302
JEAN,5958
Jacksons_NOUN,2099
Jiaotong_NOUN,3948
J.-M._NOUN,10098
Jantzen_NOUN,2092
Juncker,3829
Johns,113130
JUDGMENTS,1139
J.-L._NOUN,7263
Jeb,19763
Jup,1322
Jujuy_NOUN,1197
JOHN_NOUN,58775
JOSEPH_NOUN,12544
Jaccard_NOUN,5155
Jacquelin,1393
Jenson_NOUN,9159
Javi_NOUN,4922
JNP_NOUN,1098
Jagiellonian_NOUN,1960
Jonestown,2192
Joslyn_NOUN,3190
JACOB_NOUN,4076
Jihoon,1362
Juliane_NOUN,2814
Janicki,1160
Joannis,1194
Jochebed_NOUN,1040
JETP,1557
Jd_NOUN,1267
Jumps,2924
Juss_NOUN,1527
Jurkat,1234
Jairus_NOUN,4804
Jur_NOUN,6573
Jiri_NOUN,2198
Jolo,1170
JAD,1344
Jolie_NOUN,7595
Jy_NOUN,10120
Jarad_NOUN,1511
Jus,7861
Jodie,15314
JIS_NOUN,1918
Jardin,9466
Jupyter_NOUN,6781
Jany_NOUN,1244
Junk_NOUN,8125
JDM_NOUN,1172
Jab_NOUN,1653
Jinjiang_NOUN,1428
Japan_NOUN,1023802
Jaunell_NOUN,1688
Jornada_NOUN,3588
Juifs,2609
Julier,1048
JMC,1368
Junjun,2955
JUDGMENT,7003
JSNT,1666
Joron_NOUN,4310
Jagged,2416
Jarry_NOUN,2231
Jasher_NOUN,1136
Jt,2077
Jakóba,2186
Jolivet_NOUN,1477
Jennette_NOUN,1080
Jolley,2751
Jhelum_NOUN,1961
Jiawei,1148
JEWS,2957
Jaffé_NOUN,1526
JUDGES_NOUN,1832
Jenn,15207
Jianting,1799
Jenseits,1236
JILL_NOUN,2431
JSOTSup,1970
Justa,1176
Joosten_NOUN,2215
Jody,18203
Jianjun_NOUN,1471
Juliano_NOUN,1708
Jianjian,2502
Jamshidi_NOUN,1249
Jiménez_NOUN,19030
Josias_NOUN,1204
Jay_NOUN,194856
Jerico,1647
Judicature,3696
Jessy_NOUN,3937
Judas,60463
Judeo,17946
Jairo_NOUN,1207
Jacey,3032
Jaesa,1544
Jasinski,1094
Juve_NOUN,2445
JIM,7873
J.G._NOUN,28085
Jan.,130507
Jacob_NOUN,423406
JENNIFER,4332
Joas_NOUN,2466
Jude_NOUN,75926
Jianghu_NOUN,2448
Josefa,3157
Joscelyn_NOUN,1696
Jorgenson_NOUN,5130
Junkie_NOUN,1438
Jorm,1270
JDP,2623
Jordaan,1446
Jalil_NOUN,2313
JANET_NOUN,3273
Juran,2169
Jevons,6243
Jingyun,1606
Jeria,1695
Juventus_NOUN,2383
Jogiches_NOUN,1028
Jihadist,3064
Justified_ADJ,3209
Jorat,1208
Jebb,3813
Jonadab,1732
Jamshedpur_NOUN,1648
Jain_NOUN,51386
Josias,1208
Jalapeño,2151
Julio_NOUN,28767
Jaspar_NOUN,2232
Jahren_NOUN,3806
JOURNAL,9109
Juárez,13854
Jaffrey_NOUN,1264
JEALOUSY,1306
JEN,1647
Jeszczeż,1039
Joseph_NOUN,788176
Jolly,24430
Janus_NOUN,25882
Johansson_NOUN,23989
Jurgis,2836
Jayyed_NOUN,1847
Jia,128362
Jarrett,13653
Josselson,1001
Jeruzalemi,1420
Jezreel_NOUN,5444
Jinchen_NOUN,12308
Jaramillo,4798
JNA,1705
Jiuyou,1021
Jenness,1738
Jerusalemiin_NOUN,1245
Josefine,2364
Jardim_NOUN,2539
JSP_NOUN,5777
Johannes,68950
Jonesboro,1728
Jianghai_NOUN,1565
JOHNSON_NOUN,12052
Jacq,1480
Józef_NOUN,4054
Jong_ADJ,1297
Jézust,4150
Jacquemin_NOUN,1269
JFTC,1599
JOURNALISM,1131
Justi,4667
Joad_NOUN,2454
Junge_NOUN,3255
Journalist_NOUN,11996
Jermyn_NOUN,6182
Jessen,2930
Jackass_NOUN,1535
Joined_VERB,15427
Jinli,1834
Jing_NOUN,190548
JENNY,3314
Jazzi_NOUN,2091
JBL_NOUN,5711
Jafari_NOUN,6074
JButton_NOUN,1331
Jaeggi,1287
Joyful_NOUN,2405
JSSCBI,1283
Jonestown_NOUN,2184
Jedidiah,1878
Josephine_NOUN,65404
Jem,28639
Jn.,4232
Jeanne_NOUN,60947
JoAnn_NOUN,3099
Janx_NOUN,1255
Joash_NOUN,7945
Josiah,60922
JAXA_NOUN,1951
Janse_NOUN,1279
JIA,4648
Jap_NOUN,11529
Jenkyns,1118
Junqueira_NOUN,1027
J.R.R.,1853
Jezusem_NOUN,2195
Japanese_NOUN,369553
J.-M.,10106
JT,37129
JSOC,1269
JOIN_VERB,7716
J.C.,63173
Jianghu,2483
Jumbo_NOUN,5034
Jindan,3681
Jasper_NOUN,105945
Jadavpur,1986
Justine_NOUN,41801
JUVENILE_NOUN,1164
JI_NOUN,14460
Jacobinism_NOUN,2472
Jaimie_NOUN,1312
Jülich_NOUN,2073
Jurist_NOUN,3150
Jp_NOUN,1153
Janki,1421
Jigme_NOUN,1062
Jewelers_NOUN,1210
Jaspar,2235
JEL_NOUN,2131
Jorgen_NOUN,2415
Jinxuan_NOUN,1528
JD_X,2531
Jingyun_NOUN,1605
J.M.,98910
Judg,14259
Jinjiang,1430
Jesús,19119
Jeon,8090
Junior_ADJ,3601
Jesup_NOUN,2562
Jolene_NOUN,6114
Johann,87079
J.Q.,2049
J.Q._NOUN,2041
Jaffier_NOUN,1007
Jaitley,1172
Judenjtë_X,1077
Journalism,52978
Jossey_ADJ,1103
Jungle,24956
Jobim_NOUN,2092
Jezebel,19617
Jurisprudence_NOUN,23365
Janna_NOUN,4480
Jordanian,22995
Jabesh,2832
JIN_NOUN,2161
JACOB,4077
Jaeger,17806
Jour_NOUN,9108
Jebusites_NOUN,3728
Joelle_NOUN,4767
Judum_NOUN,1640
Jamilo,1000
Jone_NOUN,1652
Joséphine_NOUN,1969
J/cm2,2211
JOE,7032
JPL_NOUN,6580
Jakes,4704
Jingyan_NOUN,2361
Jurkat_NOUN,1194
Jordy,3425
Josquin,2175
Jolson,3014
Jacobin,11714
Jee_NOUN,3097
Jann_NOUN,2516
JIN,2198
Joseon_NOUN,3125
Jianfeng,4623
Jianhua_NOUN,1602
Jouve_NOUN,1219
Jodi,18012
Jewkes,4048
Judahite_NOUN,1472
JDK,4315
Jeannine,2211
Jenefer_NOUN,1031
Jencks,6731
Judoj,6392
Jun_NOUN,265954
JERUSALEM_NOUN,3344
Jira,4269
Juliet_NOUN,78509
Jln,2723
JSON,29046
Jack_NOUN,1115628
Jyothi,1079
Jian_ADJ,2711
Jalen,2912
JPEG,11698
Justinus_NOUN,1343
Jonesy,4890
Joram_NOUN,4759
JULIA_NOUN,4642
Jaffé,1529
Jakobsen_NOUN,4245
Jabalpur,1704
JIANG_NOUN,1517
Junior_NOUN,109385
JFM_NOUN,1465
Jewellery_NOUN,3052
JMP_NOUN,3641
JM_NOUN,107943
Juliet,78789
Juvenal,9125
Jacek_NOUN,3389
Jette,1354
JLP,1641
Jowitt_NOUN,1610
Johanna,30586
JudeoChristian,1508
Jingzhou,2218
Jennee,1084
JudeoChristian_ADJ,1185
Juana_NOUN,13345
Jahr_NOUN,4021
JSSCBI_NOUN,1283
Jameson,46789
J3,2030
Jellicoe,4456
Jarosław_NOUN,1600
Jemima_NOUN,18162
Jozefit,1331
Jordane,1092
Janos_NOUN,3800
Jejeune_NOUN,5246
Jacko_NOUN,5643
Jails,2640
Juhi,1307
Jordaan_NOUN,1439
Jephson,1603
JAPANESE_NOUN,2558
Jewell_NOUN,9610
Junhao,5880
Japs_NOUN,8583
Jessika_NOUN,1285
Jerri_NOUN,1161
Jemal_NOUN,2731
Jagadish,1356
Jisi,1599
Julien_NOUN,35440
Janaki,3167
JADE,3782
Jeju_NOUN,4633
Joyner_NOUN,6369
Jarndyce,2555
Jing,194374
Jedburgh_NOUN,1588
Jeda,1381
Johannessen,2474
JZ,2837
Joannes_NOUN,3017
Joakim_NOUN,1598
Janvier,3079
Jamey_NOUN,3092
Jardines_NOUN,1134
JOE_NOUN,7023
Jabari_NOUN,5612
Jobling,2090
Jahan,10722
Jocelyne_NOUN,1434
Jueming_NOUN,1770
Jeffords_NOUN,2019
Janes_NOUN,5082
JMPR_NOUN,1164
Jacki_NOUN,1404
Jondar_NOUN,1028
Jassy_NOUN,1620
Jaclyn,3778
Janz,2622
Jessamy_NOUN,1491
Jasher,1142
Josefa_NOUN,3141
Johnson_NOUN,746847
Jephcott,2355
Jongh,1312
Joubert,7293
Jello,1213
June_NOUN,1688974
Jinmeng,1018
Judesë_NOUN,1034
Jatropha,5445
Jian_NOUN,119603
Jahn,7544
Jagannath,3393
Jeruzalemit,1458
Jascha_NOUN,1110
Jae_NOUN,10335
Jaeden_NOUN,1767
Jobson,2052
Jemison_NOUN,2754
Jul_ADJ,4048
Jamahiriya,1097
JANE,8180
Jingxiu,3017
Jemison,2761
Jeremiah_NOUN,145714
Junyan_NOUN,2287
Janek,2036
Jodl,2136
Jarasandha,1137
Jizhou,1333
Joyous_NOUN,1491
Jarrett_NOUN,13643
JESUS,21757
Jussi,2598
Jeroen,4005
Jurisdictions,5133
JMR_NOUN,1113
Jeffersonians_NOUN,1219
JSTOR_NOUN,2865
Ju_NOUN,55101
Jevon_NOUN,1200
Jenö,1141
Jouve,1222
Judgements,2676
Jobe,3449
Jeannot,1594
Judah_NOUN,174780
Jintao_NOUN,3956
Jurek_NOUN,1549
Jep_NOUN,1259
Justifications,2660
Jiacheng_NOUN,4397
JA,107098
Judaeans_NOUN,1130
Judean,13003
Jennings_NOUN,63352
Jomo_NOUN,3147
Jaggard_NOUN,1021
Jinmeng_NOUN,1018
JELLY_NOUN,1251
Jewels_NOUN,10462
Jurado,2136
Janus,25988
Jer,62729
Jaffee_NOUN,3198
JOUR_NOUN,1396
Jepson,3977
Jorn_NOUN,2422
JBC_NOUN,3070
Jammer_NOUN,1556
Jiangyou,2047
Joye_NOUN,2037
Janny,1809
Jihoon_NOUN,1353
Jadwiga_NOUN,1134
Jankovic,1917
Jup_NOUN,1306
JEREMY,2045
Jerold,1061
Jumping_VERB,8796
Jeunesse_NOUN,2060
JHA_NOUN,1916
Jagaddhara_NOUN,1006
Jiaxuan_NOUN,1004
Jl,7525
Jurek,1554
Junipero_NOUN,1339
József,1948
Jezusin_X,3198
Jugend,3077
Justice,732489
Jaguar_NOUN,19083
Judeans_NOUN,6637
Jezusi_X,20466
Josey_NOUN,3750
Judska,1026
Jeux,1271
Jackal_NOUN,6856
Juggernaut,2913
Judgements_NOUN,2659
Jurgens,1446
JPEG_NOUN,11357
Jha_NOUN,13145
Jentsch,1564
Jinzi,9533
Jabotinsky_NOUN,7819
Jankowski,4530
Jeet,1679
Jail_NOUN,20871
JEFF,2815
JEREMIAH,2215
JUICE,2519
Jacquet,2937
Jabin_NOUN,3296
Juel,1229
Jarrow_NOUN,5049
Janan_NOUN,1094
Joko_NOUN,1618
JY,14120
JEWEL,1123
Janney,1733
JSOC_NOUN,1241
Jillian,35213
Jane,601420
Jeśliby_NOUN,1240
Juxtaposition,1004
Ježíše_X,1415
Jogging_NOUN,1645
Joshi_NOUN,27982
JCPOA_NOUN,3453
Javelin_NOUN,1925
Johnny,190993
Justification_NOUN,28170
Jiangsu,16064
June,1698610