ja,28304
jammed_ADJ,1390
judicialization,1397
jeweled,10458
judgeth,1498
jackals_NOUN,9023
jewellery_NOUN,47214
jocularity,2139
jocularity_NOUN,2123
jaune,2087
jibed_VERB,1348
jess,1380
japan_ADJ,1697
jurymen_NOUN,2444
junctional,8653
julle_X,4053
jutting_VERB,24904
jiggle,4870
jackdaws_NOUN,1538
jettison,5484
jealous,221368
jottings_NOUN,2787
jigging,1798
justa,1305
job_ADJ,6063
jamás,1131
japë_X,2810
jars_NOUN,71229
jumped_VERB,561556
juvenile_NOUN,14098
jocks,4988
jurists,27150
juxtapose_VERB,5464
jeopardise,5924
jesters,2682
jewelry,110599
juster_NOUN,1208
jugular_ADJ,18376
jubilant,15547
jujitsu,1369
joked_VERB,70439
judiciaries_NOUN,2099
jenny_NOUN,1823
japonská_ADJ,2038
joyful_ADJ,88458
jests_NOUN,9919
jerrod_NOUN,1281
jack,46320
janitors,3688
jingling,11866
jaded_ADJ,11507
juggled,4874
java.awt.event.ActionEvent,1380
jaguars_NOUN,3862
jocose_ADJ,1331
juvie,1771
joysticks_NOUN,1297
jiroveci,1877
jω,4759
jeźliby,5750
jus_X,6827
juices,96378
jewelers,3393
jubilant_ADJ,14851
juste_X,1736
jutted_VERB,17063
juego_X,1220
jacked_ADJ,1280
judgment_NOUN,925501
jewels,107556
jailers,5049
juan,3733
joys,69840
jujube_NOUN,2282
jakoż,4617
jiggling,6428
junket,1778
jakoż_ADJ,1040
johnny_NOUN,1047
jelt_X,1247
joke,341902
jostled,17925
jacking,5654
juror,23431
jest_NOUN,54290
jogging,32408
jinn_NOUN,5148
jeunes,3236
jammer,4447
james_NOUN,1816
jeweler_NOUN,9593
jh,1295
jungle_NOUN,135983
jubilee,9342
jawnie_X,1963
joust,3767
juddered_VERB,1741
joon,1175
jests,10471
judicial,383893
jeopardized_VERB,11611
justices_NOUN,50955
judgement_NOUN,173182
journeyings_NOUN,2222
joked,71056
julep,1420
jk,13531
joblessness_NOUN,2507
jl,2945
jp,1727
jotted_VERB,14827
judicially,11681
jibes,3468
joint_ADJ,603838
java,11459
judgeship_NOUN,1966
jeopardising,1848
jolting,12837
jolliest,1211
jødenes_X,1278
joven,2321
jade,110223
jackass_NOUN,9300
joystick,6335
jpg_NOUN,1481
jazzed_VERB,1291
juice,347303
justice_NOUN,1362679
jewelers_NOUN,3393
jog,30199
jested_VERB,3808
jihad_NOUN,22431
juniors,14195
juncea_NOUN,3599
journeyman,7443
jeune_X,3730
jessamine,1718
justification_NOUN,280525
jobbers_NOUN,3008
jÞ_NOUN,1537
jogging_VERB,9411
jaunty_ADJ,9048
judgeship,1986
js,3603
jnana,1137
jibe,5568
jiggle_NOUN,1336
journalism,132748
jeeps,6216
jest_ADV,1910
jogged_VERB,34643
javelin_NOUN,9070
jeweller_NOUN,9638
junky_NOUN,1023
jawed,9727
j3,1055
jambs,2875
jokingly,24280
jab_VERB,3819
jockeys,7029
jailed_VERB,21324
journalistic_ADJ,41518
ji,38218
jerky_ADJ,16803
joined,908846
jizya,1240
judiciary_NOUN,75972
joggers,4137
joss_NOUN,1460
juvenile,136776
jackdaw,1792
jure,16445
jacket,376119
junk,73638
juego,1342
jolts_NOUN,6804
jenny,1823
jerked,154260
juncture,53641
jáť,2836
jackpot_NOUN,7871
jasper_NOUN,5865
jolliest_ADJ,1211
jointing_NOUN,1426
jut_VERB,2243
jive,2591
jobs,679079
japonica_NOUN,5482
jetting,5158
jewelled_VERB,1524
jocular_ADJ,6927
javelin,11060
jarl_NOUN,2533
justiciable_ADJ,4276
jihadi_ADJ,3918
juke_NOUN,2532
java_ADJ,2627
jestingly_ADV,2464
joist_NOUN,3408
jockeying_NOUN,1762
japonica,8283
jeans,279945
jinxed_VERB,1042
jes_NOUN,7594
jocularly_ADV,1922
jess_NOUN,1380
justified,341264
jabber,2642
jarring,26332
jerky,23105
java_X,1760
jing_NOUN,3515
jatropha_NOUN,1894
jaggery_NOUN,2420
jou_NOUN,2063
jailer,16877
jth_NOUN,2508
junction,166290
jittered_VERB,1222
jerks_NOUN,19680
jinx_VERB,2391
juncea,3695
journalistic,41712
justifying_NOUN,3045
juridico,1242
jettisoned,6678
jugement,1583
jungle,135996
jumbled_ADJ,9432
jerking,36563
jes,9090
jealousy,161365
jQuery,1894
jeg_VERB,1170
jasmonate,2606
juicier_ADJ,1236
junctions_NOUN,38301
jeopardizing_VERB,8608
jeśliż,1044
jia,2046
job,2521671
jingji,2013
jure_NOUN,13727
jihād,1520
joker,9561
jerkin_NOUN,4973
justo,6475
jCharles_NOUN,1004
jabbered_VERB,1796
jesting,11888
jack_VERB,4073
jury,343759
jackrabbits_NOUN,1123
judgements,65995
jukebox_NOUN,8589
juxtapositions_NOUN,5186
jiggled_VERB,7170
judiciaries,2118
jihadism_NOUN,2759
juiciness,1284
juniper,16014
jicama,1282
jetlag,1256
jig,14720
jolting_NOUN,1439
judgments,247601
jedli_NOUN,4047
jest_ADJ,6187
jersey,21975
julio,1264
jarringly_ADV,1295
jarring_NOUN,2115
jackets_NOUN,50433
july_NOUN,1205
jan,2194
joyous_ADJ,74665
judo_NOUN,5527
jaundiced_ADJ,4496
jackfruit,3238
jettisoning,2595
jammers,1340
jeez_X,1367
jawline,13133
judicial_ADJ,383084
joyously,16385
jeopardizes,3055
joyless_ADJ,5020
jest_X,1887
jails,21474
jailhouse_NOUN,3958
jenseitige_VERB,1060
je_VERB,1986
jut,5061
jades,2014
jurisprudential_ADJ,6642
jockeys_NOUN,6988
jazz,125091
justiciability,2220
jovially_ADV,4379
juridification,1151
jumps,85624
jobber,1777
jolting_ADJ,5592
jigsaw_DET,1169
javelins_NOUN,6427
jeu_X,3689
jogging_NOUN,22294
jamming_NOUN,8960
judicially_ADV,11400
jd,1194
jeźli_X,5656
jőnek,1079
japan,1851
justices,51376
jusqu'au,1243
jujube,2348
jelly_ADJ,6111
jm_NOUN,1541
juicy_NOUN,3157
jobbing_ADJ,1609
junior,180478
jurisprudence,69833
japë,3665
joy,897909
jetsam,2499
jalopy_NOUN,1075
jack_NOUN,42236
jr,3249
juicio,1272
jóvenes,1696
jaundiced,5693
jumpsuits,2582
jaar_X,1806
jk_VERB,1412
jilted,6298
jetted_VERB,2844
jerkins_NOUN,1052
jalopy,1251
juggling_NOUN,11942
jasmonate_NOUN,2150
journeyings,2226
just_ADV,17508782
julienned_VERB,1554
jacaranda_NOUN,1115
judgemental_ADJ,8862
java_NOUN,6475
jeopardizing,8696
jeering,9580
jewel_NOUN,57075
jarring_VERB,18030
jigging_VERB,1476
jodhpurs,1604
jω_NOUN,3231
jugaad,1025
jazzed,1482
jamboree_NOUN,1054
justiciar_NOUN,1241
jesting_VERB,9434
jouer,1366
jolting_VERB,5806
j'ai,6297
jingles_NOUN,3083
japonicus_NOUN,1359
jogged,34707
juutalaisten_X,2328
jitter_NOUN,6987
jumping_NOUN,29417
jolly,61662
je_ADJ,6770
jima,1454
jah,2710
jaunts,2559
jar_NOUN,161133
jpg,2688
ji_ADJ,8536
jaar,3149
juddering,2113
jargon_ADJ,1577
jays,5570
javanica_NOUN,1468
jumps_NOUN,41005
juxtapositions,5204
jewelled,11209
jacuzzi,1511
jazz_ADJ,1781
jittery_ADJ,11305
jackass,9695
jazzy_ADJ,2781
jigs_NOUN,3571
jiffy,4810
jugular,25650
joss,2181
johnny,1047
janissaries,2515
jabbering_VERB,3816
jazzy,2833
jean,9300
julia_NOUN,2165
journaling_NOUN,7159
j2_NOUN,1075
jeweler,9715
jeźli,7130
jacaranda,1350
jigs,3663
jananas_NOUN,1107
jen_NOUN,1287
juste,3445
jitter,7315
jabbing,10315
javanica,1489
jingo_NOUN,1118
jeopardy,35933
journal,395248
juke,2632
jingji_X,1821
jolt_VERB,4741
jazz_NOUN,123294
jejunum_NOUN,6663
juggler_NOUN,5175
jouer_X,1067
junior_ADJ,140754
journeys_NOUN,87747
justifiability,1882
jaggery,2863
jee,1628
jerk,102610
jetty_NOUN,18961
j1_NUM,2410
jis,1417
juifs,1242
jungles,16770
juju_NOUN,2041
jackhammer_NOUN,3264
jokes_NOUN,120495
joyfulness,2379
jour_NOUN,3154
jumbo,10005
joiners_NOUN,2565
jellied,1936
juggernaut_NOUN,5100
jy,32173
jihad,24444
judgments_NOUN,247574
julia,2174
jackasses,1572
jingo,1204
join'd,1728
jihadism,2777
jester_NOUN,10520
jerry_NOUN,3195
journeying_VERB,13491
jasmonic_ADJ,1903
judge_ADJ,11304
jellyfish_ADJ,4284
jinks_NOUN,1637
jamboree,1086
jin_X,1212
joyous,74807
janitorial,3376
jovially,4390
joinery,2460
jade_NOUN,94432
jasmonic,1968
jams_NOUN,20028
jj_NOUN,4248
jet_NOUN,183429
joviality,2776
justified_VERB,271427
jurors,58040
jangling,8568
junta,13463
jubilantly,2827
jog_NOUN,16070
journalist_NOUN,175931
jiggles,1289
jeep_NOUN,29079
jak,1267
juridico_NOUN,1118
jaunts_NOUN,2543
jailbreak_NOUN,1011
jogger_NOUN,3380
jaundice_NOUN,22376
jerk_VERB,20910
jitters_NOUN,5725
joiner,4389
jolts_VERB,2478
jumbo_NOUN,3840
jackrabbit_NOUN,1807
jg,1391
joule_NOUN,2773
jangle_NOUN,3612
joysticks,1300
junkyard_NOUN,5319
jargons_NOUN,1035
jeux,1839
joie_X,4533
jackasses_NOUN,1516
jowls,5329
juxta,2102
jirovecii,2066
jowl,4591
jarred_VERB,16011
jargon,41840
jingoistic,1809
jumped,561572
jokers,3307
jolts,9286
jumbled,19724
jewellers_NOUN,3897
juicer_NOUN,3258
jural,1473
jibe_NOUN,3889
ja_NOUN,12823
jure_X,2536
journeymen,5976
jima_NOUN,1025
jt,3500
john_NOUN,8826
j_NOUN,1235284
juddering_ADJ,1060
jugs_NOUN,14912
jerk_NOUN,72046
joystick_NOUN,6051
jostles,1154
journeyman_ADJ,3499
jawed_ADJ,8625
jock,7476
joins_VERB,80150
jejuni_NOUN,5078
japanned,1081
jinni,1084
jocular,7013
jerks,27426
justicia_X,1855
jolted,34842
jammed,53524
jQuery_NOUN,1869
jus_ADV,2175
jakž_ADJ,1015
jot_NOUN,8322
jerking_VERB,35211
jth_ADJ,11539
jigger,1802
joshing,1162
jumpstart,2025
jurists_NOUN,26914
jigsaw_NOUN,14573
jackal_ADJ,1141
jib_ADJ,1082
jejunum,6825
jesters_NOUN,2668
jimmy_NOUN,1596
jailbird,1021
jobless_ADJ,8577
jeans_NOUN,279943
juries,27670
jockey_NOUN,15802
joyed,1330
joint,812822
journalist,175964
jaundice,26542
jackknife_NOUN,2601
juge_NOUN,1417
jauntily,5221
judge,893358
jews,1286
jam_NOUN,84761
juggernaut,5248
jackpot,7924
judg,1173
jeden_X,1595
jinns,1061
jawline_NOUN,12996
jellies_NOUN,6728
jalapeno,1568
juster,1911
jeopardised,2513
justificatory,6974
jealous_ADJ,221097
judgement_ADJ,2798
jüdische,1553
joviality_NOUN,2745
jealously,14511
jCharles,1008
jumbo_ADJ,6161
jollity,4255
jurist,17103
jostling,17019
judges,363354
jailing_NOUN,1091
jaywalking,1052
jobless,8577
janitor,17854
jointness_NOUN,1019
jujitsu_NOUN,1323
jousting_NOUN,1352
jobbing,2677
jam_VERB,10408
joining,268814
jetties_NOUN,3193
julle,5471
jerkily,4098
jihad_VERB,1101
jingles,3405
jardin_X,1222
june,1427
justifies_VERB,50908
jewel,65066
jellyfish,14686
justiciar,1280
jokey,2250
jestingly,2467
jail,258601
judgemental,8917
jostling_ADJ,1164
jackdaw_NOUN,1724
joe,2929
jailing,2491
justifiably_ADV,16379
juicing_VERB,1237
jilted_VERB,5717
juice_NOUN,347276
jinx_NOUN,2126
juiciest_ADJ,1218
jutted,17257
jointly,113885
je_PRON,1903
jackets,50438
jepet_X,1180
jerseys_NOUN,6331
jewel_ADJ,7680
jolly_ADV,7863
jam_X,3389
jaw,346399
junction_NOUN,163266
ju_X,5950
juges,1032
justifiable_ADJ,39211
jacking_VERB,3747
jig_NOUN,12809
jeho_X,2842
juris_NOUN,4574
jockeyed,1875
jakoby_VERB,2890
judged_VERB,229992
jungles_NOUN,16733
jacquard,1061
jah_NOUN,1786
jins,2532
jth,14607
jesus_X,1293
jostled_VERB,17139
jostle_VERB,6063
jingling_NOUN,5660
je_X,66810
jockeying,4485
jestiť_X,1182
jiao_X,1014
justifying_ADJ,1644
jojoba_NOUN,2456
jittering_VERB,1184
jerked_VERB,154257
junzi,1094
jammed_VERB,52134
jangling_VERB,5036
joyously_ADV,16330
jg_NOUN,1287
jab_NOUN,15583
jukeboxes_NOUN,1005
jawbone_NOUN,4993
jowly,1186
jestiť,1299
jockey_ADJ,1674
jolt,49327
juggled_VERB,4844
justifiable,41307
jades_NOUN,1984
jaunty_NOUN,2312
jointing,1954
jaguar,9999
jealousies_NOUN,10790
jacking_NOUN,1599
jejuni,6661
json,5622
jumbling,1099
justness,3887
jiu_X,1554
jointed,11886
judgement_VERB,1589
juxtaposition,39380
janvier,2517
jihadi_NOUN,2039
jam,99508
joyfully_ADV,34395
jakoż_X,2885
judicata_NOUN,6619
jay_NOUN,8764
jeer,6083
jeopardize,26622
juridically,1526
jalapeño,8636
jobs_NOUN,678921
jő_X,2905
jihadi,7085
jumpers_NOUN,9749
joyfully,34541
juniper_NOUN,15364
jaded_VERB,4934
judiciaire,1253
jilt,1149
ju_ADJ,2052
jokester,1238
jej_X,5009
jeu,4259
jar,161146
johns_NOUN,3363
jargon_NOUN,39392
juntas_NOUN,1585
judicata,6860
jettisoned_VERB,6584
joints_NOUN,188976
jaundiced_VERB,1194
john,8831
jalapeño_NOUN,7805
jerky_NOUN,5687
jiaoyu,1934
justify_VERB,303247
jotted,14976
jp_NOUN,1054
juryman_NOUN,1266
jiu,3747
judging_VERB,144973
jammers_NOUN,1336
jackfruit_NOUN,3148
journeying,16474
jes_VERB,1256
jackanapes_NOUN,1198
jati,1515
junctions,38434
jihād_NOUN,1266
jokey_ADJ,2212
juggler,5179
j1,4235
jug_NOUN,54051
justification,280572
jusqu_ADV,2491
jing_VERB,4775
jute,12034
jubilantly_ADV,2813
j0_NUM,1787
jo_NOUN,8459
jiffy_NOUN,4520
jowl_NOUN,4199
jog_ADJ,1557
juvenile_VERB,1149
judiciously_ADV,15685
jay,8766
jejunostomy,1546
juge_X,1347
jarring_ADJ,6169
jocund,2415
jewelled_ADJ,9599
jurisprudence_NOUN,69046
jammies_NOUN,1428
joke_NOUN,316855
junky,1476
jeopardised_VERB,2503
jumper_NOUN,27010
jist_ADV,9281
jaguar_ADJ,1854
jocose,2136
jotting,6963
judgmental,27100
juggling,19473
journey_VERB,12505
juiced,2994
journal/10_NOUN,31750
jangling_NOUN,3229
jetted,3280
jackknife,3144
jointed_VERB,2533
jacketed,4389
japonicum,3994
journeys,89863
joyousness,2901
jellied_ADJ,1333
jets,52626
jm,2295
jamming,20843
juryman,1270
jaunty,11864
jeopardise_VERB,5607
jeez_NOUN,1059
jocks_NOUN,4873
juifs_X,1081
jump_VERB,277273
join,919003
japonicum_NOUN,1770
jesus,1497
jousts,1922
jinxed,1139
jung_NOUN,1503
justifying_VERB,49442
juicer,3301
jocosely,1570
jail_NOUN,258596
jars_VERB,9818
jaws_NOUN,84394
joyfulness_NOUN,2349
jauntily_ADV,5192
ji_X,15252
jousts_NOUN,1897
jubilation,8341
junctional_NOUN,6016
journey,1042692
jáť_X,2257
jaguars,3893
justice,1362954
justificatory_NOUN,2054
jakž,6180
jobseekers_NOUN,2217
já,1277
jumping,185033
jars,81209
jabbered,1812
jeopardize_VERB,26622
jardín,1049
jaw_NOUN,346390
joinder,4574
jacked_VERB,6817
junctures_NOUN,8412
jeopardized,11737
jalapeños,3608
juicing,2060
jittering,1484
juridically_ADV,1501
jarred,16948
jitsu,1941
jinx,4655
jibe_VERB,1601
jelly_ADV,29056
juristic,7020
jihadist,13111
juristic_ADJ,6920
ji_NOUN,12025
jawless,1092
jk_NOUN,9145
jinks,1676
jamb_NOUN,6860
jiggled,7187
junipers,1980
juiced_VERB,1028
jumpsuit_NOUN,9856
jÞ,1581
jails_NOUN,21363
jointure_NOUN,1706
jumpin,1313
jamais_X,6208
jean_NOUN,9300
joins,80160
jerry,3195
jian,2622
jeered,11268
jects,1091
jagged,59103
juicy_ADJ,37172
jury_NOUN,342422
jy_X,11997
juntas,1851
jumble,24789
jellies,6897
jockeying_VERB,2661
jins_NOUN,2473
jou,26646
jetzt_X,2502
jerkily_ADV,4086
jq,1106
jewish_ADJ,1617
jurisdiction_NOUN,411023
jingoism,1924
jesting_NOUN,2233
juxtaposed_ADJ,1503
jerks_VERB,7736
jetsam_NOUN,2339
joker_NOUN,9498
jenë_X,4285
journalism_NOUN,132678
joining_VERB,268737
juridical_NOUN,4748
jeebies_NOUN,1138
jackals,9060
jð,1695
jin_NOUN,5875
juris,5579
jusqu'à_X,3210
jurisdictional_ADJ,45822
juridical,33369
jailor,3273
juridique_NOUN,1045
juncture_NOUN,53517
jugs,14949
journeyed_VERB,29291
jailer_NOUN,16524
jr_NOUN,2649
jepet,2114
jabs,9528
jello,1026
journal_NOUN,395078
joules,4109
juggling_VERB,7193
jargons,1042
jabbed,25185
jeźliby_X,4039
juillet_NOUN,2204
jurisdiction,411053
jardin,1858
jouissance,7913
jabber_NOUN,1620
jihadist_NOUN,9972
jag,3773
jailhouse,4016
jackrabbit,1945
jumping_VERB,155594
jednę,1847
jiaoyu_X,1613
jus,27684
jolted_VERB,34841
jiggling_VERB,5674
jen,3408
joust_NOUN,2712
juggles,1093
jeho,3160
justness_NOUN,3833
jeweled_ADJ,9442
juices_NOUN,95769
junipers_NOUN,1979
juror_NOUN,22863
journeying_NOUN,2497
jeebies,1140
jeez,2596
jerseys,6372
je_NOUN,1729
jailor_NOUN,3192
jizz_NOUN,2017
jittered,1317
joints,190318
japonica_DET,1937
jealousies,10808
jüdische_X,1115
jejunal,3244
jk_X,2213
joyless,6083
jeśliby_ADJ,1107
justiciable,4351
justifiability_NOUN,1877
juvenile_ADJ,121008
jeźliż,1035
joke_VERB,25033
joinery_NOUN,2291
jejune,1258
jitters,5727
jeweller,9812
jumpy_ADJ,9066
jefe,2697
jie_NOUN,7482
judge_VERB,314347
justicia,2456
juggle_VERB,10254
jester,10807
joyride_NOUN,1397
jeeps_NOUN,6212
jugular_NOUN,7040
jī,1006
jointed_ADJ,9341
joys_NOUN,68943
jóvenes_NOUN,1065
jolt_NOUN,44586
jurisdictional,46505
jays_NOUN,5540
jumble_NOUN,22825
jetty,19258
jingle_NOUN,11672
jalapeños_NOUN,3594
jadeite_NOUN,1452
jihadis_NOUN,3037
judiciary,75984
joie,5448
joyride,1485
juaj_NOUN,1052
jettison_VERB,4716
jeunes_X,2944
jade_ADJ,13748
jump_NOUN,154928
ja_ADJ,1253
joyousness_NOUN,2850
jusqu'au_X,1021
juicy,40567
jingle,14091
jours_X,5422
janitors_NOUN,3685
jocularly,2004
jukeboxes,1008
juveniles,31214
jeune,4779
jabbering,4865
jot,19407
joven_X,1428
jours,6270
jailbreak,1194
jus_NOUN,10066
jerkin,5656
jobseekers,2238
jobsite_NOUN,1280
jugglery_NOUN,1214
juridique,2980
julienned,1736
jittery,11306
jeopardy_NOUN,35926
jailers_NOUN,5033
jour_X,7474
jaws,84421
jackanapes,1211
jim_NOUN,1478
justin_NOUN,1362
journée,1382
jibed,1377
jungen,1196
jalapeno_ADJ,1097
jumpy_NOUN,1999
jÀ1_NOUN,1158
jovial,23305
jig_ADJ,1273
jawbone,5095
je,79652
judicious_ADJ,35405
javac,1265
juridical_ADJ,28567
ji_VERB,2093
jurymen,2474
jag_NOUN,2511
jou_X,22823
jockeyed_VERB,1850
jasmine_ADJ,1768
jawing,1239
jug,54983
juridique_X,1756
jaunt_NOUN,7320
jacketed_ADJ,3647
jun,4884
jags_NOUN,1103
jaundice_ADJ,2324
japa,1080
jointly_ADV,113869
jessamine_NOUN,1482
jt_NOUN,2167
journeyman_NOUN,3800
jeunesse,2270
junior_NOUN,39707
jested,3823
jødenes,2208
japonicus_X,1358
judged,230010
jumbled_VERB,10287
jest_VERB,10781
judge_NOUN,567653
jovial_ADJ,23124
juxtaglomerular_ADJ,1012
jet,183453
journey_NOUN,1029596
judicialization_NOUN,1385
joiners,2636
jus_ADJ,6822
jeered_VERB,11247
july,1205
juts_VERB,4439
journeyed,29862
job_NOUN,2515427
jade_VERB,1363
joiner_NOUN,4272
jie_X,1263
jugglers,4216
jerk_ADJ,9501
jousting,4857
jokers_NOUN,3253
jobsite,1790
jiu_NOUN,1758
jeopardising_VERB,1828
jarl,2709
junk_NOUN,73008
jackdaws,1545
jambs_NOUN,2827
jn,1902
jukebox,8612
jigsaw,16788
just_ADJ,131045
jealousy_NOUN,161351
jingled,7297
j2,5116
jingoism_NOUN,1907
journalists,189686
jinn,5786
junctures,8454
julle_NOUN,1191
jailed,21653
jpeg,1001
jx,1698
juillet,2964
jetzt,3175
judgeth_VERB,1035
juddered,1753
jumpstart_VERB,1441
juxtaposes,6754
jeder,1569
journals_NOUN,215023
journalists_NOUN,189661
jointness,1192
journeymen_NOUN,5893
journals,216253
juxtaposes_VERB,6464
jabbed_VERB,25102
jeg_X,5918
janissaries_NOUN,2513
jñāna,1034
jealously_ADV,14297
jew_NOUN,1394
jiggle_VERB,2164
jej_NOUN,1012
juridiques,1161
jihadists,8362
japin_X,1083
judgement,177749
juiciness_NOUN,1269
jumbles,1029
jerrod,1516
jeer_NOUN,1884
jobber_NOUN,1703
jute_NOUN,11534
junkie_NOUN,9973
jammer_NOUN,3935
jeer_VERB,4083
jouissance_NOUN,7231
jingled_VERB,7293
jeremiad_NOUN,1235
junta_NOUN,12793
jeers,7686
jun_NOUN,3829
jurist_NOUN,17043
jewish,1619
jotting_VERB,6575
joule,3845
jy_NOUN,14847
jaded,16460
jewellery,48361
jurisdictions,120004
ju_NOUN,3540
jo,8459
jasmine_NOUN,17543
j'ai_X,5781
jog_VERB,12035
jut_NOUN,2073
joists_NOUN,7869
jism_NOUN,1322
jaunt,7816
jockey,17940
jin,8590
jj,4860
justiciability_NOUN,2215
juiced_ADJ,1960
jacked,8099
jojoba,2564
jeux_X,1617
jelly,62172
jugglery,1220
jostle_NOUN,1407
j,1235320
juiciest,1220
jackrabbits,1134
jangle,4848
joint_NOUN,208909
jejunal_ADJ,3109
juxtaposing_VERB,7248
jeering_VERB,8510
jöve,1329
jousting_VERB,3474
jearim,1063
jai,1925
jews_NOUN,1286
jüdischen_X,1769
jot_VERB,9595
jurisdictions_NOUN,119268
jy_ADJ,2942
jingling_VERB,6098
jointure,1928
jocund_NOUN,1304
jackhammer,3468
jewels_NOUN,106961
joking,110481
juxtaposing,7649
japonicus,3763
juveniles_NOUN,30561
ja_VERB,1432
jing,9094
ja_X,12703
ju,11947
jurors_NOUN,58018
jump,432228
javelin_ADJ,1274
jelly_NOUN,26969
jostling_VERB,11511
jokester_NOUN,1227
jetting_VERB,4793
jollity_NOUN,4192
juniors_NOUN,14182
jumpy,11265
jumper,28013
jihadist_ADJ,2714
jersey_NOUN,21973
judicature,2014
j0,2659
jian_X,1098
joggers_NOUN,4132
jackal_NOUN,8991
jeep,29260
jiang,1225
justifying,54135
joe_NOUN,2929
jetties,3215
jams,20030
jestci_X,1150
jib,8426
janitorial_NOUN,1140
jagged_ADJ,57446
jutting,25746
judges_NOUN,363333
jeopardizes_VERB,2781
jejune_ADJ,1191
jots,1131
j2_NUM,2726
jakž_X,4074
justly,70068
justifications_NOUN,40853
justify,303257
javelins,6437
jailing_VERB,1260
jaan,1169
jenë,4411
junkyard,5388
jugglers_NOUN,4209
junkie,10029
jie,9028
justifiably,16433
justin,1362
jigger_NOUN,1620
jimmy,1596
jiao,1624
jung,2424
juntos,1151
join_VERB,918572
junctional_ADJ,2423
jammies,1451
junto_X,1201
jubilation_NOUN,8186
justly_ADV,69900
jő,3984
juin,3008
jeunesse_X,1558
jumpsuits_NOUN,2571
jeden,2251
jy_VERB,1861
jamais,7041
jus_VERB,1409
jocosely_ADV,1530
juxtaposed_VERB,21005
ject,1907
jüdischen,2093
jingoistic_ADJ,1807
jostle,7727
jaguar_NOUN,8144
jolly_ADJ,53128
joyful,88876
judo,6302
jefe_NOUN,1268
jestci,1265
jicama_NOUN,1266
jackal,10167
jacket_NOUN,376102
james,1818
jokes,136956
jurisprudential,7061
juggle,11891
jeremiad,1352
jew,1395
jewelry_NOUN,110591
juive,1111
jia_NOUN,1143
junkies,5611
jeśliby_X,3798
jellyfish_NOUN,9864
jokingly_ADV,23993
jc,1097
jejunostomy_NOUN,1275
js_NOUN,2070
jihadis,3142
jokes_VERB,16447
jogger,3394
jubilee_NOUN,9141
json_NOUN,4886
joinder_NOUN,3719
jagged_VERB,1484
junction_ADJ,2770
joking_VERB,110479
junkies_NOUN,5569
just_,1174
juries_NOUN,27667
journeys_VERB,1988
jacuzzi_NOUN,1484
judicature_NOUN,1977
june_ADJ,1292
junge,1063
jacks_NOUN,10112
jou_VERB,1317
jako,1226
juxtapose,5963
jets_NOUN,52622
jour,12030
joust_VERB,1005
julep_NOUN,1326
juste_NOUN,1589
juicier,1239
judging,144976
junket_NOUN,1742
jumpers,9807
joined_VERB,908796
jamming_VERB,10962
joblessness,3170
jangled,7475
jottings,2792
juts,4608
jism,1379
junks,5116
jadeite,1789
justo_X,5817
jasper,6911
jabs_NOUN,6932
jan_NOUN,2193
jodhpurs_NOUN,1594
jobbers,3010
junio,1111
juist,1326
jumps_VERB,44614
jerkins,1057
jowls_NOUN,5194
jacks,10485
juge,2809
journaling_VERB,3345
janitorial_ADJ,2176
jinns_NOUN,1057
jizz,2196
jest,75309
jane,1013
joy_NOUN,897668
jefe_X,1221
jasmine,19541
jananas,1117
jarringly,1307
judgmental_ADJ,26636
judicious,35480
jamb,7634
justifies,50915
judder,1020
jihadists_NOUN,8320
joules_NOUN,3993
jumpsuit,10111
jewellers,3939
janitor_NOUN,17676
jabs_VERB,2593
junks_NOUN,5008
judgment,925550
jock_NOUN,7006
jatropha,1916
justified_ADJ,69823
justificatory_ADJ,4858
juin_NOUN,2613
judiciously,15712
juvie_NOUN,1151
jane_NOUN,1013
jumble_ADJ,1360
jangled_VERB,6697
jej,6283
jusqu'à,4004
jesh_X,1025
jab,20139
jn_NOUN,1054
just,17640993
jogs_VERB,3524
johns,3363
jib_NOUN,7091
joists,7987
jones,1077
joist,4165
juju,2413
jabbing_VERB,9782
justifications,41037
junked,1163
juan_NOUN,3733
jettisoning_VERB,2186
jogs,4321
juxtaposition_NOUN,39176
jist,9281
jl_NOUN,1564
juridification_NOUN,1150
jingle_VERB,1540
journaling,10616
join'd_VERB,1013
judgements_NOUN,65710
jeg,7771
jeers_NOUN,7427
junto,2401
jong,1942
juxtaglomerular,1171
jim,1479
jostling_NOUN,4344
jÀ1,1472
juxtaposed,22517
jags,1153
jibes_NOUN,3317
janvier_ADJ,2014