Kashmiri_NOUN,10796
Kantianism,3484
Kannada_NOUN,6572
KT,14361
Kido,2304
Kateri,1286
Kafr_NOUN,1145
Khaldun_NOUN,5972
K.B._NOUN,9084
Kearsley_NOUN,1436
Katerin_NOUN,1546
Kaiserreich,1866
KOR_NOUN,1723
KILLED_VERB,3204
Kelo,1843
Kalai,1081
Kaposi_NOUN,7219
Khong,1736
Kepler_NOUN,31752
Keeping_VERB,101879
Kenmare,1232
Kanji_NOUN,2259
Khai,2348
Kaplow_NOUN,1534
Kerrick,1826
Keri,6214
Kansa,1570
Karlin_NOUN,2665
Kevin_NOUN,239379
Keyhole,1894
Karadzic_NOUN,1081
Kalla_NOUN,2983
Kegan,33048
KOREA,2438
Kanga_NOUN,3032
Kappy_NOUN,1163
Ki67,1971
Kaplow,1535
Ketones,2979
Ketchikan,1091
Kaminer_NOUN,1079
Khaled_NOUN,14269
Kezar_NOUN,1346
Kahlil,1891
Kazakhs,3654
Kanakas,1004
Keeps_NOUN,2033
Kepler,31817
Karpf_NOUN,1029
Kerma,1625
Kaylin,4070
Karl,240685
Kell_NOUN,7988
Kiana,2003
Kaaro_NOUN,1662
Kalamata,1777
KIR,1268
Kember,1016
Kaira,3356
KNP,1247
Karan_NOUN,15964
Kg_NOUN,6448
Kayla,44030
Kahlo,4679
Kaffee,1306
Kertzer,1251
K.A.2d_NUM,1408
Kazakhs_NOUN,3638
Kd_NOUN,3718
Ked,1251
Kadar_NOUN,1904
Kall,1579
Kata_NOUN,4803
Keitel_NOUN,3990
Ker_NOUN,11230
Kendra,32203
Kani_NOUN,3265
KDE,2529
Khosla_NOUN,3386
Kassa,1159
Kagel,1053
KEPT_VERB,2261
Keynes_VERB,1772
Keefer_NOUN,4497
Keres,1161
KIC,1349
Karlstadt_NOUN,2234
Khoe,1202
Kidder_NOUN,4661
Kargil_NOUN,3021
Kane,88623
Khalk'ru,2004
Karmen_NOUN,1340
Kerala_NOUN,41216
Kappler_NOUN,1474
Keel,5877
Kett,3106
Kehoe,4499
Katarzyna_NOUN,3083
Keltan,1417
Kaz,6137
Keyu_NOUN,1213
Kepner,1218
Kabbalistic_NOUN,1260
Khumalo,2342
Kadri,1509
Kellogg_NOUN,24588
Kenley_NOUN,1096
Kayleigh,6142
Kentucky_NOUN,146497
Keynesianism_NOUN,5025
Kandler,1117
Kalindi,1073
Kaltwasser_NOUN,1944
Kaleidoscope,2305
Kallman,1252
Karima_NOUN,2596
Kabbalah,16515
Keyi_NOUN,2252
KHAN_NOUN,1353
KSAs_NOUN,2306
Karuizawa,1032
Kelso,7499
KILL_NOUN,5205
KW_X,1757
Kalenjin,1149
Kidnapping,5429
Karoly,1286
K.I._NOUN,3386
KAREN,4640
Katie_NOUN,185797
Katrín,1412
Kiarostami,1166
Kenton_NOUN,9165
Kaunas_NOUN,3111
Kadie_NOUN,1418
Kader_NOUN,5307
Kappan,2955
Kazuko_NOUN,1456
Kensei_NOUN,1094
Kefauver,2399
Khadija_NOUN,3453
Kanna,1657
Keon,2503
Kei,6254
Kanpur,6319
Karnak_NOUN,4511
Kapérnaüm,1359
Kaduna,3046
Khan_NOUN,202497
Karine_NOUN,2319
KNP_NOUN,1240
Kehl_NOUN,1589
Kaviraj,1045
Kantor_NOUN,7862
Kenyan_ADJ,16594
Kaiser_NOUN,78446
Kennelly_NOUN,1780
Kase,2798
Kenmore,3151
Katerina_NOUN,19772
Kazimir_NOUN,2589
Katowice_NOUN,2988
Kicked,2085
Kenrick,3464
KINDS_NOUN,1966
Kalil_NOUN,1383
KIND_NOUN,7005
Kalevala,2617
Kaibab,1647
Kelle_NOUN,1998
Katanga,5506
Kako,1575
KNOX_NOUN,1247
Khera,1428
Kevlar,7431
Kenneth_NOUN,134782
Kennecott_NOUN,1030
Kennington,3135
Kennon_NOUN,2316
KY_NOUN,26675
Karelia,3247
Kasich,1860
Keen_VERB,2194
Kahoot_NOUN,1360
KNOX,1327
Kenwood,1893
Kahoot,1368
Kapellmeister_NOUN,1001
Kagyü_NOUN,1246
Keyhole_NOUN,1786
Kelkar_NOUN,1591
Katlin_NOUN,1240
Kassem,1428
Kasimir,1220
Kanda_NOUN,4137
Kemper,8346
Khalq,1323
Kai,129505
Kadam_NOUN,2126
Kehoe_NOUN,4499
Karen,201709
Kayani,1173
Khomiakov_NOUN,3249
Kellman_NOUN,1260
Keeps_VERB,9667
Katiyar,1255
Kael_NOUN,8260
Karyn,1750
KCl_NOUN,8963
Kanan,1511
Kennett_NOUN,4005
Karra,1022
Ka'ba_NOUN,1303
Kenan_NOUN,6275
Keat,1021
Kickapoo,2185
Khodorkovsky_NOUN,1040
KNOWING,2637
Karna,4645
Khadduri_NOUN,1028
Kamchatka_NOUN,5369
KALITA_NOUN,1403
Karami,1180
KJ,26029
Kaye_NOUN,27625
Katlyn,1335
Kasey_NOUN,5656
Ka,48768
KRI_NOUN,1087
Karris,2641
Karolinska,2764
Kamraj,1042
Kaji,1545
Keller_NOUN,77023
Karsh,1495
KAU_NOUN,1012
Kaname,1626
Keay_NOUN,2831
Kashmir_NOUN,66650
Katzenbach,2226
Kamada_NOUN,1201
Kathie,2662
Katariina,1002
KZ,2801
Keltner,4186
KN,11989
Kazhdan_NOUN,1133
Kare,1586
Kennie_NOUN,1470
Kaldellis,1051
Kahraman_NOUN,1557
Kellam_NOUN,1386
Karman_NOUN,2432
Kenosha_NOUN,1368
Kein,2736
Kark,1134
Kaczynski_NOUN,2737
Keita_NOUN,4429
Kaishan_NOUN,1011
Kalinda,1258
KINDNESS,1773
Katahdin,1749
Katzman,2317
Kapital,3934
Kashyap,4580
Kagame,3315
KALITA,1403
Kid,74106
Kabbalists,1791
Kamba,1403
K4_NOUN,2671
K.T._NOUN,6658
Kellynch_NOUN,1099
KH_NOUN,20880
Kasbah_NOUN,1379
Kalie_NOUN,1290
Khalsa_NOUN,3538
Kelsall_NOUN,1255
Kamloops,2419
Kidnapping_NOUN,5319
Kashdan_NOUN,1471
Kelsey_NOUN,37395
Kayo'y,1942
Kammen_NOUN,1794
Karelian_NOUN,1906
Kaiyuan_NOUN,1106
Katsumi,1072
Kazuchiyo,2178
KQ_NOUN,1150
Katina_NOUN,2135
KDIGO,2452
Kerrie,7833
Kalinin_NOUN,4145
Kerney,1892
Kash_NOUN,3202
Khashoggi,3196
Kars,2821
Kaizen_NOUN,3285
Ketamine,4805
KAP_NOUN,1332
K.C.B._NOUN,2044
KOREA_NOUN,2438
Kho_NOUN,1501
KD_NOUN,23587
Kammler_NOUN,2045
KCL_NOUN,1686
Khaki,2406
Kats,1509
K.C.B.,2044
Kadence,1433
KEYWORDS,3721
Kennebec_NOUN,2394
Keren_NOUN,5766
KCC_NOUN,1856
Kaku,1834
Kepes,1842
Khuri_NOUN,1272
KEK,1011
Kellie,9112
Kalahari_NOUN,6391
Kev,7793
KNO_NOUN,1258
Ked_NOUN,1209
K4,3746
Kennedys_NOUN,4899
Kaplinsky_NOUN,1321
Kenny_NOUN,70714
Katarina_NOUN,8271
Kidderminster,1152
Kanazawa_NOUN,4501
KPMG,7972
Kandiyoti,1347
Kangas,2834
Kalai_NOUN,1075
Karst_NOUN,5559
Kaltenbach,1015
Khaw,1062
Kaunda,3392
Khans,1636
Kanno_NOUN,1985
Kethry,1777
Katanga_NOUN,5397
Keizai,3054
Karim,27448
Khanum_NOUN,1255
Kedzie,1988
Kassin_NOUN,1865
Katmai_NOUN,1461
Keong_NOUN,1940
Kegel,1989
Kiani_NOUN,1039
Katarina,8277
Kennebec,2415
Kasahara_NOUN,1607
Karras_NOUN,2578
Kemble_NOUN,7232
Kabat_ADJ,1753
Kathryn,48514
Keplerian_NOUN,1612
Kawase,1166
KATHLEEN_NOUN,1259
Kati_NOUN,3828
Kalispell_NOUN,2175
Kestrel,4536
Kellar,1239
Kath_NOUN,12708
Kagan_NOUN,17270
Kiadó,1110
Karmapa,2780
Kashiwagi_NOUN,1377
Kady,1313
Keras,9924
Kaua'i,2151
Kass,7193
KKK_NOUN,7640
Kenann_NOUN,1547
Khalidi,3625
Kalev_NOUN,1109
Kemal_NOUN,14853
Khartoum_NOUN,18894
Kenzo_NOUN,1626
Kanaka,2944
Karin_NOUN,25310
Kamrasi_NOUN,1932
Keck,10285
KTV,2932
Kaos,1616
Kalat,1471
Kafer_NOUN,1165
KeyGen_NOUN,1641
Kerberos,3096
Kettler_NOUN,1258
Kahle,2470
Kavi_NOUN,1570
Khala_NOUN,1024
Kexin,4117
Kalina_NOUN,4061
Kankad,1072
Kei_NOUN,5613
Kerner_NOUN,5050
Khalsa,3544
KKE,1954
Karuizawa_NOUN,1031
Keratoconjunctivitis,1068
Kastor_NOUN,1174
Kehinde,1104
Kc,2390
Katotohanang_NOUN,1432
Kalia,2648
KNN,10414
Karlstad,1153
Kanner,3107
Kappel,1211
KFOR,1008
Kick_NOUN,10835
KANU_NOUN,2352
Kelpie_NOUN,1188
Kesselring_NOUN,2293
Kalpić,1150
KDP_NOUN,4128
Karter,1036
Kesselring,2309
Karlsson,9766
Kerri_NOUN,5107
Kazan,13997
Kharagpur,2570
Keyblade,1014
Karenga,1186
Kapitel_NOUN,1420
Katherine,141761
Kerem_NOUN,1737
Kanfer,1741
Kezia,2719
Khambas_NOUN,1043
Kedrin_NOUN,2704
Kabyle_NOUN,2049
Katana,1693
Karpov_NOUN,3879
Kham_NOUN,4887
Karlsruhe,10562
Ker,11235
Kaleena_NOUN,1134
Kelim,1356
Kanon,1321
Kasuga,1401
Ka_X,14140
Kalleberg_NOUN,1821
Kabnis,1233
Kalahari,6438
Keras_NOUN,9903
Kenji,8657
Kaul,7783
Kato_NOUN,21701
Kaczyński_NOUN,2105
Keg_NOUN,1161
K.Y._NOUN,3717
K.R.,14515
Kaur_NOUN,20327
KILLING_NOUN,2223
KEEPING_VERB,2340
Keech,4658
Kamat,1916
Kaidyn,1036
Keir,5943
Kennan_NOUN,12028
Keywords,146083
Kakutani,1257
Kateb_NOUN,2395
Kavka_NOUN,1094
KEEPING,2977
Kalinda_NOUN,1258
Kickstarter,5422
Karel,11822
Karlsen,2383
Kesler,1308
Kawano,2461
KLA,1927
Keying,5036
Ki,33086
Kaser_NOUN,1281
Kayaking,1445
Keluo,2971
Kester,4573
KNOWN,5582
Kazak_NOUN,1530
Kalleberg,1821
Kaoru_NOUN,3173
KIM_NOUN,5211
Kag,1144
Kazimir,2593
Kestrel_NOUN,4501
Khurram_NOUN,1032
Kareem_NOUN,5469
Kesri_NOUN,1041
KCC,1873
Kan.,8221
Kankakee_NOUN,1363
Kaw_NOUN,1764
Khushi,2272
Kaster_NOUN,1193
Kassam_NOUN,2283
Kashag_NOUN,1133
KLEMS,1142
Kandler_NOUN,1117
Karmal,1185
Keynesian_NOUN,6216
Kai_NOUN,129277
Khalilzad_NOUN,1199
KID_NOUN,3751
Kay_NOUN,94581
Karra_NOUN,1020
Karni_NOUN,2888
Kadri_NOUN,1509
Kelton_NOUN,3566
Keeper_NOUN,28871
Kalani,1216
Keong,1951
K.L._NOUN,16778
Keradel,1590
Kabbalist,1276
Karpinski_NOUN,1158
Kafirs_NOUN,2049
Kammerer_NOUN,1416
Kekulé,1260
Katniss,3754
Kaolin_NOUN,2673
Khilafat_NOUN,1827
Karsten,6392
Keds_NOUN,1095
Ke,96140
Kaggle,1794
Khyber,4566
Kashani_NOUN,1751
Kenworthy,3473
Keeton_NOUN,2463
Kashiwagi,1377
Karenina_NOUN,4274
Keeps,11706
Karis_NOUN,2633
Kauppinen_NOUN,1026
Kasparov,4991
Karas,1938
Kadet,2614
KELLY_NOUN,3813
Keiko_NOUN,6842
Kappeler_NOUN,1727
Khanate,1427
Kampen_NOUN,4551
KMFs,1028
Kendell,1047
KIPP_NOUN,2270
Kamryn_NOUN,2053
Ke_NOUN,93709
Kampf_NOUN,8134
Kenny,70732
Kawabata_NOUN,3590
Khyentse_NOUN,1460
Kanab_NOUN,1765
Kasia,4560
Khorshed,1170
Keitel,3996
Kellanved,1172
Keston_NOUN,1101
Kelkar,1591
KCL,1703
Karaca,1463
K.O.,2313
KWS,1097
Kayleigh_NOUN,6069
Keeley,8371
Kassner_NOUN,1051
Keough,1251
Kalpić_NOUN,1150
Kelderek_NOUN,1116
Khardan,2180
Kadee_NOUN,1365
Kelp,1962
Keane_NOUN,19866
Kept_VERB,13724
Keynesians,2800
Kaufmann_NOUN,29687
Katmai,1462
Khamis,2303
Kalanick_NOUN,2438
Kans,2208
Kaplan_NOUN,80707
Kaysen,1064
Kenway_NOUN,1056
Karyn_NOUN,1747
Kazuki,2357
Kellerman,4506
Kansai,3020
Kal_NOUN,13123
Keshav,1838
KPS_NOUN,1352
Kazhak,1087
KK,19157
Keats_NOUN,32557
Khanate_NOUN,1416
Keitt_NOUN,1022
Kailey,1063
Kayak,2615
Keeble,2434
KEEPS,1173
Khurshid,1953
Karoo,2563
Kalisch_NOUN,1166
Kalin_NOUN,3040
Kaibab_NOUN,1642
Kaas_NOUN,2152
KOR,2236
Keon_NOUN,2500
Kaj,2021
Kgs,23465
Kajiwara,1136
Kangxi_NOUN,3427
Kamali,2359
Ketling,1663
Kelo_NOUN,1833
Kearny,4959
K3,6749
Kelim_NOUN,1329
Kardos,1601
Kadyrov_NOUN,1437
Kap_NOUN,1101
Ketling_NOUN,1608
K'da_NOUN,1164
Kawai_NOUN,6059
Kathe,1873
Kaitlin,6675
KRE_NOUN,2496
Keurig_NOUN,1502
Kennie,1470
Kanai_NOUN,3558
Kapodistrian_NOUN,1148
Karlsen_NOUN,2382
Karlheinz,1597
Kamp,6863
Kertész,1503
Kannon,1215
Kathrina,1767
Kahneman_NOUN,26286
KENNETH,1981
Keiji_NOUN,1519
Kalimantan_NOUN,7406
KGB,28264
Khin,1642
KKR_NOUN,1599
Katherina_NOUN,1842
Kenrick_NOUN,3461
Katzman_NOUN,2316
Kaitlin_NOUN,6670
Ketch,2850
Kara,57111
Kawaguchi,5190
Kalvin_NOUN,1609
Kennet_NOUN,2578
KAS_NOUN,1747
Kessels_NOUN,1088
Kayden,1323
Keim_NOUN,3318
Kadi,4508
Kezar,1346
Karmakar_NOUN,1653
KFC,5801
Kate_NOUN,413785
Kennett,4005
Karnac,6564
Keating_NOUN,24129
Katholieke,1272
Katalin_NOUN,2241
Kaylie,1452
Kann_NOUN,2320
KARL_NOUN,2005
Kaathi,1052
Keller,77153
Kac_NOUN,2195
Kaner_NOUN,1029
Kenway,1057
Karimov_NOUN,2303
Keppler_NOUN,1855
Katona,1787
KMC,1515
Kanye_NOUN,3840
Karageorghis,1465
Kampuchea,6442
Kabbalistic_ADJ,2190
Kempen,2231
KSA,6114
Keil,8826
Kavidas,1895
Kaiya,2633
Kenya_NOUN,159301
Kammen,1794
Kamble_NOUN,1182
Karana,1009
Kerameikos,1083
Kaan_NOUN,1180
Kaufmann,29776
KITCHEN,4783
Kaathi_NOUN,1050
Kashima_NOUN,2342
KATHLEEN,1294
Keohane_NOUN,8726
KMnO4,1168
KPI,9688
Karon_NOUN,1953
KILLER,2703
Kandy,7677
Khe,2651
Kateb,2404
Kennard,4662
Keen_ADJ,12950
Kidnapped_VERB,3184
Kerch_NOUN,1799
Karger_NOUN,6238
Khara_NOUN,2650
KNU_NOUN,1281
KEEPER,1017
Khirbet,2069
Ki_NOUN,30005
Kaunitz_NOUN,1356
Khumalo_NOUN,2130
Kasztner,1197
Kabba,1099
KNN_NOUN,10271
Kayser_NOUN,4971
Katrine,5289
Kass_NOUN,7180
KOREAN,2549
Kan_X,1625
Kassala_NOUN,1098
Kamiya,2995
Kamada,1203
Kahan_NOUN,5614
Kakadu,1749
Karis,2635
Keeble_NOUN,2430
Kayley,1038
Kaffirs_NOUN,3301
Kama_NOUN,7104
Keogh_NOUN,6918
Kalmar_NOUN,3223
Kemerovo,1050
Karin,25368
Kiddush,1220
Karenin_NOUN,1083
Kallman_NOUN,1250
Khurshid_NOUN,1952
Kibbutz_NOUN,3538
Kariba_NOUN,1337
Keating,24131
K12_NOUN,1699
Keurig,1513
Ken,141482
KNIGHT_NOUN,4084
Khosravi,1465
KA_X,1230
Kawahara_NOUN,2264
Kaishan,1011
Kachin_NOUN,5391
Kesha,1101
Karelia_NOUN,3246
Kaldellis_NOUN,1042
Khurasan_NOUN,1340
K_ADP,2201
Kawamoto_NOUN,2138
Kennel_NOUN,4418
KCS,1233
KAKENHI_NOUN,1564
Kenney,13121
Khusrau_NOUN,1277
Khaliq,1181
Kerrison,1223
Kaylee,6897
Kaneda,1307
Kallistos,1286
Katya,21016
KLEMS_NOUN,1100
KNOT_NOUN,1027
Kahraman,1562
Kempe_NOUN,7245
Kamm,3101
Kenai_NOUN,3285
Kelson_NOUN,2494
Kean_NOUN,9091
Kanamori,1591
Kalpana_NOUN,2547
Karamazov,5733
Kabaka,2339
Kae_NOUN,1117
Kaneda_NOUN,1307
Karageorghis_NOUN,1439
Khedive_NOUN,4567
Kellett_NOUN,2472
Khanty,1582
Kaiyuan,1237
Kalidasa,1419
Khala,1026
Keach,1355
Kempen_NOUN,2221
Keim,3329
Kady_NOUN,1300
Kanner_NOUN,3093
Katharina,18329
Kaikeyi,1340
Kassel,9005
Kazakh,12666
Keillor_NOUN,1012
Kaine_NOUN,6627
Kha,3660
Kamloops_NOUN,2387
Khaled,14853
Kaga_NOUN,1768
Kakuma_NOUN,1348
KIR_NOUN,1254
Kattan,1410
KDIGO_NOUN,2427
Kaya_NOUN,13392
Kempis_NOUN,3181
Kearney_NOUN,21701
Kaskaskia,3714
Kanto,2153
KETO,2154
Keefer,4501
Kefauver_NOUN,2362
K.A.2d,1420
Kamikaze_NOUN,1574
Kensy,2821
Kiara,6902
Kathe_NOUN,1869
Kalisch,1166
Kag_NOUN,1117
Kadets_NOUN,4269
KW,14633
Kalra_NOUN,3138
Kensal,1315
Kabbalistic,3451
Kawamoto,2213
Kapteyn_NOUN,1532
Kamata,1082
Ki_VERB,1377
Kas_NOUN,2976
Kageyama_NOUN,1194
Kalulu_NOUN,1375
Keno,1672
Kertész_NOUN,1503
Kamei,1377
Kamps_NOUN,1022
Kappy,1164
K.G.,9321
Kayo'y_NOUN,1678
Kanai,3570
KBr_NOUN,2562
KA,42708
Katsina,1210
Kho,1586
KNEW_VERB,6124
Kensington_NOUN,35872
Kathrin,3498
KYC_NOUN,2733
Kangaroo_NOUN,7461
Kidneys_NOUN,5248
Kayseri,1487
Kevlar_ADJ,1123
Karachi,18985
Karzai,5107
Kayenta_NOUN,1808
Kendi_NOUN,1383
KNO,1268
Kaan,1187
Kanazawa,4524
Karls_NOUN,1090
Karakoram_NOUN,2513
Kazhdan,1134
Kakar_NOUN,1615
Kerensky_NOUN,6447
Kelsall,1255
Kapital_NOUN,3816
K.-D._NOUN,1150
Kali_X,1167
Kaepernick_NOUN,3843
Kawa_NOUN,1751
K.P.,8751
Kees_NOUN,7683
Keds,1121
Kaal,2159
Khon,1808
Kalki_NOUN,1539
Kahu_NOUN,3175
Kickapoos_NOUN,1516
Ka_NOUN,34540
KOH_NOUN,12478
K.S.,19432
Kavanagh,10659
Kersey_NOUN,1794
Kershner_NOUN,1302
Keynote_NOUN,5766
K.-S._NOUN,1232
Katrien_NOUN,2968
Kettering,7687
KATIE_NOUN,1328
Khayyam,2496
Kicsoda,1744
Kalecki,3044
KANSAS_NOUN,1393
Keziah_NOUN,2102
Karski,1381
Kawashima,4001
Kasim_NOUN,5901
Keto,9853
Kellar_NOUN,1237
Kelling_NOUN,1920
Kahane_NOUN,4223
KONG_NOUN,1676
Kautilya_NOUN,3184
KILLING_VERB,1526
Keesing,1861
Kett_NOUN,3106
Kagyü,1251
Kailey_NOUN,1061
Khouri,1460
Kandi_NOUN,2149
KALE,1054
Kantian_ADJ,17876
Kha_NOUN,3649
Kami_NOUN,11068
Kathrine_NOUN,1419
KENNEDY,3426
Kakuma,1348
Kalen_NOUN,3578
Keidanren_NOUN,1105
Kellermann_NOUN,1810
K.W._NOUN,9654
Keio_NOUN,2268
Kassam,2428
Khyentse,1465
Kahler,2221
Kal,13849
Kagame_NOUN,3310
Kharif,1475
K'inich,1485
Kaya't_X,2498
K.J._NOUN,20695
Karuna_NOUN,1796
Kahle_NOUN,2453
Kary_NOUN,1310
KMC_NOUN,1506
Karlie,1443
Kempis,3248
Katey,1024
KINGDOM_NOUN,7281
Kagaku_NOUN,1515
Kakadu_NOUN,1716
Kamraj_NOUN,1041
Khedive,4714
Kentridge_NOUN,1908
Kean,9094
Kerley,1340
Kenaz,1103
Ketchen,1177
Ketchup,2743
Kaohsiung_NOUN,4195
Kavka,1095
Keela_NOUN,1141
Kerrigan,6980
Kesey,2043
Kardashians,1724
KAKENHI,1565
Kalyn,1295
Kataoka,3178
Kaifeng_NOUN,3397
Kanno,1989
KMS_NOUN,3953
Karloff_NOUN,2598
Keeper,28981
Kanada_NOUN,1072
Karpf,1030
Kermode,3905
Khatri,2668
KEN_NOUN,2295
Keep,386583
Kenyan,27323
Keawe_NOUN,1260
KKK,7687
Kasztner_NOUN,1197
Kellan_NOUN,15650
Kennesaw,2594
Kahin_NOUN,1030
Kakutani_NOUN,1254
Kapoor,12828
Khem_NOUN,1119
Kcal,1859
Kharkov_NOUN,5006
K10,1059
Kadee,1369
Kappan_NOUN,2954
KEVIN,4171
Kazakhstani_NOUN,1193
Kawano_NOUN,2458
Katharine,39230
Khamenei,3535
K.H._NOUN,12218
Khuzestan,1089
Kamenev,3187
Katarzyna,3089
Kajiwara_NOUN,1136
Kates,3977
KSL_NOUN,1002
KIDNEY,2794
Khazar_NOUN,1540
Kalimpong,1689
Kames,3253
Kapur_NOUN,8730
Karan,15984
Kale_NOUN,20213
Keep_NOUN,11434
Khara,2653
Keqiang,1455
Kichwa_NOUN,1351
Ketch_NOUN,2692
Khanum,1259
Khayelitsha,1004
Kellyanne_NOUN,1698
KIT_NOUN,8618
Kearney,21734
K.-C._NOUN,1055
Katinka,1153
Kaak,1180
KPD_NOUN,3533
Kansas_NOUN,179241
Kailyn_NOUN,1301
Kethry_NOUN,1771
Kang,85957
Kelemen,2587
Kathakali_NOUN,1050
Kerguelen_NOUN,1668
KIBS_NOUN,1730
Khirbet_NOUN,2012
Katzenstein,4165
Keegan_NOUN,13899
Keeping_NOUN,1923
Kantorovich_NOUN,2208
Kabutihang,2039
Kalman,23508
Kaskaskia_NOUN,3713
Kelley_NOUN,47124
Kenton,9173
Khorsabad,1103
Karimi,5474
Kharkiv,2930
Kia_NOUN,7961
Keir_NOUN,5940
Kennebunkport_NOUN,1110
Keya_NOUN,3323
Kappen_NOUN,1018
Kapérnaüm_X,1130
Karski_NOUN,1381
Kaizer_NOUN,1056
Kernan_NOUN,3294
KROLL,1007
Kaya't,3492
Kazu,1488
Kavian_NOUN,1114
Kaap,1291
Kautsky,8505
Kareyan_NOUN,1032
Kawata_NOUN,1418
K.B.,9095
Kenichi_NOUN,1843
Kaen,2152
Kent_NOUN,156594
Kalecki_NOUN,3013
Kibana,2689
Karuk,1232
Keld_NOUN,1727
Kf,1025
Katrin_NOUN,6816
Khurram,1033
KNOCK_NOUN,1178
Kertesz,1396
Kagyu,1559
Karlstadt,2239
Kiddo,1153
Kayden_NOUN,1322
Kartik_NOUN,2086
KL_NOUN,32945
Kampuchean,1585
Keturah,3281
Kelly_NOUN,314955
Kiana_NOUN,2003
Kehl,1597
Kawashima_NOUN,4001
Kapitan,1204
Kibler_NOUN,2123
KARL,2009
Kars_NOUN,2778
Kentridge,1912
KIM,5215
Kenji_NOUN,8631
Kali_NOUN,31778
Keely,10990
Kellner,7960
Kapitel,1805
Karla_NOUN,11930
Karia,1266
Keef_NOUN,1771
Kawakami_NOUN,4862
Kalina,4065
Kaleena,1134
Kenali,2075
Kaiming,3598
Khun,2960
K,1525034
Kenosha,1369
KISS_NOUN,4903
KIDS_NOUN,6072
Khosrow,2431
Khalilzad,1265
Khandelwal,1758
Kellum,1161
Kalev,1111
Kastner_NOUN,4157
Kibble,1756
Kew_NOUN,17939
Karthik_NOUN,3124
Kensington,35939
K7,1125
Kampung_NOUN,1634
Kangxi,3491
Kendi,1401
Kap,1114
Kentucky,146553
Kaffirs,3365
Katonda_X,2394
Karolinska_NOUN,2753
Kalyn_NOUN,1288
Keene,12316
Kalidasa_NOUN,1399
Keziah,2107
Kailash_NOUN,3606
Kautz_NOUN,1766
Kalish,1602
Kathleen_NOUN,84412
Kenley,1096
Kamil,5614
Kallen_NOUN,4463
Khayyam_NOUN,2489
KEYWORDS_NOUN,3417
Kasen_NOUN,1133
KC_NOUN,23208
Kart,1624
Kee_NOUN,10624
Kennon,2317
Kellen,9590
Karaite_NOUN,2067
Kerry,58205
Kants_NOUN,1000
KL,33184
KVM_NOUN,1700
Kali,34317
KLM,4049
Katherina,1844
Kala_NOUN,11245
KPD,3632
KE,22853
Keck_NOUN,10280
Kamaya_NOUN,1170
Kaley,1402
Keepers,9361
Keyser,5801
KSC,1533
Kennecott,1032
Kemalism_NOUN,2064
Keown,1740
Khin_NOUN,1636
Kedah_NOUN,3504
Kerem,1744
K.K.,10645
KINGS_NOUN,5161
Karolina,4062
Kexin_NOUN,4117
Keogh,6923
KENTUCKY,1555
KMnO,1331
Kade_NOUN,11510
Keeler,6184
Khaki_NOUN,2403
Katō,1523
Karrie_NOUN,2139
Katyn_NOUN,1799
Keble_NOUN,4566
Kamehameha_NOUN,4744
Kelantan_NOUN,3168
Karmapa_NOUN,2775
Khorasan,2588
Kasten,4635
Kempf_NOUN,3194
Kanade,1678
Kaz_NOUN,6125
Karp,9402
Katia_NOUN,5947
Kanbur,1446
Kazran,1684
Khoi,1567
Kefir_NOUN,2011
Kavin_NOUN,1244
Kassab,1685
KELLY,3824
Karlsefin_NOUN,1138
Kerwin_NOUN,3016
Kassab_NOUN,1684
Karamoja,1024
Kaser,1282
Kelantan,3213
Keegan,13976
Khun_NOUN,2956
Kasai,3988
Kaiden_NOUN,7177
KLD,1180
Kajevic,1368
Kah,3067
KKT_NOUN,1784
Keynes_NOUN,64510
Kidding_VERB,1940
Kalisha_NOUN,1082
Kel_NOUN,13397
KENNEDY_NOUN,3419
Kanbur_NOUN,1421
Kairos,8456
Kalamazoo,8360
Kekulé_NOUN,1256
Kana_NOUN,4042
Kaaro,1668
Keg,1162
Kali_VERB,1328
Kasper_NOUN,10945
Kantrowitz_NOUN,1183
Karri,1164
KPK_NOUN,1581
Keyword,7810
Kart_NOUN,1621
Karch_NOUN,1284
KINDNESS_NOUN,1698
Kher,1059
Keneally_NOUN,5900
Kettle,13980
Kenelm,3293
Kataoka_NOUN,2974
Keo_NOUN,1276
Karlheinz_NOUN,1594
Karger,6238
Kauravas_NOUN,2290
Karta,1181
Keeling,8048
K3_NOUN,4614
Keplerian,1668
Kemper_NOUN,8346
Keratinocytes_NOUN,1176
Khatami_NOUN,4543
Kensie,4934
K.R._NOUN,14501
Khandelwal_NOUN,1757
Khalid,29088
Kammler,2051
Kellman,1268
Khim_NOUN,1855
Karnac_NOUN,6562
Kentish_NOUN,8275
Khattak_NOUN,2732
Keter,2769
Keisha,12898
Keer_NOUN,2978
Karta_NOUN,1149
Kansas,179336
Kathie_NOUN,2656
Kahan,5639
Kallis,1502
Kaishek_NOUN,1014
Kac,2367
Kaizong_NOUN,1611
KPK,1599
Kaegan_NOUN,2362
Kaliningrad_NOUN,3592
Kataria_NOUN,1021
Kanji,2508
K.C._NOUN,15382
Katza_NOUN,2980
Kayne,2700
Keenly,1076
Kako_NOUN,1278
KZ_NOUN,2653
Kameny_NOUN,1043
Khan,202620
Kabol_NOUN,1051
KJV,45971
Kachka,1326
Khalif,1727
Kastor,1175
KS_NOUN,43385
Kamala_NOUN,6687
Kibbutz,3573
Keun,1069
Khoisan_NOUN,1984
Kalmar,3227
Kaisha,1640
Kessinger_NOUN,1512
Kamla,1241
Keach_NOUN,1355
Karolina_NOUN,4058
K.,2269067
Karau_NOUN,1043
Kataria,1023
Katayama,4001
Karamzin_NOUN,1893
Keyserling,1275
Kern,26232
Kati,3840
K.-S.,1232
Kensy_NOUN,2821
Kaluga_NOUN,1473
KENYA_NOUN,1070
Kellen_NOUN,9584
Katzenbach_NOUN,2225
Kalanchoe,2709
Katana_NOUN,1687
Kibble_NOUN,1706
Kerensky,6450
K.E._NOUN,14873
KEM_NOUN,1582
Ken_NOUN,141391
Keeley_NOUN,8371
K5_NOUN,1967
Kallie_NOUN,3352
Kalita_NOUN,1686
KID,3756
Karner,1279
K0_NOUN,2803
Khurana,3913
Kar,9023
Kagoshima,3083
Kampong,2119
Kasugoan_NOUN,4549
KY,27259
Karbala,3291
Khusro,1000
Kashmiris,2864
Kalyan,3305
Kawamura_NOUN,4592
Kenichi,1843
Karlsson_NOUN,9762
KPA,1694
Kantorowicz_NOUN,2188
Katrinka_NOUN,1378
Kappa_NOUN,12413
Kerridge,1516
Kerma_NOUN,1614
KB_NOUN,29813
Ketty_NOUN,1031
Kannon_NOUN,1215
Katō_NOUN,1514
Kalashnikov,4186
Kaczyński,2106
Kida,1304
Kellis_NOUN,1397
Khazars,1579
KISS,6084
Kagiso_NOUN,1042
Keldysh,1332
Kathy_NOUN,80523
K.V._NOUN,4766
Katz,74232
Khali_NOUN,1360
Kaia_NOUN,4009
KMT,14767
Kasahara,1609
Khalili,2951
Kaldor_NOUN,8232
Keiko,6849
Kanagawa,3396
Karl_NOUN,240202
Khosrow_NOUN,2383
Kelling,1924
Kawabata,3599
Kiadó_NOUN,1109
Kassie_NOUN,1957
Kampf,8988
Karissa,1193
K.N._NOUN,6142
Kayla_NOUN,44003
Kadish_NOUN,1326
KING_NOUN,39197
Kallen,4508
KIO_NOUN,1163
KC,23281
Katayama_NOUN,3998
Kalashnikovs,1200
Kampung,1638
Keela,1141
Kiara_NOUN,6887
Kamara_NOUN,2466
K_NOUN,1522479
Katagiri,1206
Kedar,4589
Kautsky_NOUN,8488
Kermanshah_NOUN,1071
KRS_NOUN,3333
Kats_NOUN,1493
Kelp_NOUN,1958
Kanuri,1699
Karo_NOUN,4174
Kelowna_NOUN,1963
KBS_NOUN,1462
Kaci,1911
Karpinski,1158
Kardos_NOUN,1600
Kawada,1166
Kandasamy_NOUN,1185
Kabat_NOUN,5396
Khadijah_NOUN,1194
Kappen,1023
Khashoggi_NOUN,3195
Kearny_NOUN,4950
Kamakura,5089
Kasim,5906
Kerman,2809
Keng,3162
Kamble,1183
Kangra_NOUN,1519
Kempf,3204
Karel_NOUN,11572
KU,11978
Kappler,1478
Kensei,1094
Kelsen_NOUN,11223
Kenyans_NOUN,5040
Kelan_NOUN,2633
Kelber,1326
Khartoum,19206
KNOT,1168
Kidd_NOUN,27092
Khong_NOUN,1731
K.D._NOUN,11697
KAREN_NOUN,4636
Kenntnis,1032
Kersting,1057
Kidder,4661
Kebir,1556
Khir_NOUN,1430
Kaley_NOUN,1401
Keying_NOUN,4637
Kefir,2021
Kashyap_NOUN,4578
Karm_NOUN,1570
Kidane,1757
Kexue,1056
Keskin_NOUN,1310
Kharya,1054
Kalan_NOUN,2265
Keung,1035
Kamchak,1129
Kamaya,1172
Kherson,1271
Ki_X,1604
Kelly,315062
Kadish,1341
Kasparov_NOUN,4988
Khawaja,2087
Karttunen_NOUN,1593
Karuna,1806
Kain,6295
Kalispell,2195
Kassin,1867
Keast,1360
Kalākaua,1052
Kerber_NOUN,2816
Kadyrov,1439
Kasi_NOUN,1258
Kennesaw_NOUN,2594
Katrín_NOUN,1410
Key_ADJ,126584
Kabeer,3242
KANSAS,1395
Kabul,34257
Kaila_NOUN,1442
KTP,1549
KE_NOUN,22585
Kanter_NOUN,6482
Kanem_NOUN,1118
Karamazov_NOUN,5731
K.-D.,1150
Kepner_NOUN,1218
KAI_NOUN,2207
Kamm_NOUN,3039
Kellett,2472
Katniss_NOUN,3717
Kabir_NOUN,18032
Kailash,3622
Kenobi_NOUN,1902
Kamikaze,1771
KNOWS_VERB,2884
Kafir_NOUN,2302
Kelson,2496
Kennebunkport,1167
Kennerly,2704
Keston,1101
Keneally,5901
Katheryn_NOUN,1412
Keefe_NOUN,7948
Ketoconazole_NOUN,1806
Kason,1228
Kellie_NOUN,9062
Kanamori_NOUN,1589
Katznelson_NOUN,3572
Khoo_NOUN,4804
Kerr,54143
Keizai_NOUN,2993
Kb,2702
Khader_NOUN,1442
KSS_NOUN,1222
Katiyar_NOUN,1255
Kace_NOUN,5339
Khalifa_NOUN,10880
Kerns_NOUN,2826
Ketosis,1434
Khorsabad_NOUN,1102
Khazars_NOUN,1566
KAS,1756
Keele,3887
Kelley,47144
Kefarnahum'a,1120
Kerrick_NOUN,1817
KOREAN_ADJ,1024
Kamin,1938
KAN_NOUN,1131
Kelliher_NOUN,1147
Khon_NOUN,1791
Kamara,2471
Kazhak_NOUN,1077
Keat_NOUN,1020
Karn_NOUN,4864
Katrine_NOUN,5274
Khedrup,1063
KHAN,1354
Kiarostami_NOUN,1162
Kagawa,2485
Kara_NOUN,57065
Khalili_NOUN,2950
Khushi_NOUN,2089
KAY_NOUN,1792
Kharif_NOUN,1386
Kamran_NOUN,3001
Kamran,3038
Kannan_NOUN,7749
Kawahara,2264
Kavan_NOUN,1328
KIT,8690
Kaos_NOUN,1574
Kentek_NOUN,1073
Kaveri_NOUN,1737
Kantians_NOUN,2118
Karlan,1136
Kamen,3281
Kher_NOUN,1059
Kahler_NOUN,2217
Kentuckians_NOUN,2757
Kb_NOUN,2657
Katelyn_NOUN,4014
KYI,1366
Kalif_NOUN,1058
Kernberg,3048
Kaunitz,1365
Kalm,1401
Kat,82160
Kessinger,1515
Karpis_NOUN,2734
Kebangsaan_NOUN,1151
Kapadia_NOUN,2484
KITLV,1186
Kerk,1983
K.I.,3391
Kata,4849
Keen,18161
Karo,4294
K'ang_NOUN,1162
K'iche_NOUN,2149
KKE_NOUN,1928
Katina,2135
Kartik,2087
KRISHNAMURTI_NOUN,3710
Keynesian_ADJ,24774
Khanna_NOUN,10618
Kesari,1131
Kaba,1742
Kalyani,3712
Kaw,1825
KIPP,2285
KdV_NOUN,2023
Ketcham,2010
Kidman,2628
Kapstein_NOUN,1296
Kettner,1418
Kare_NOUN,1524
Kidderminster_NOUN,1149
Kantian_NOUN,24966
Kham,4901
Kibaki,1333
Kcal_NOUN,1830
Karcher_NOUN,1218
KRE,2597
Khaldūn,1578
Kalinin,4150
KM_NOUN,51596
Karakorum,2231
Keturah_NOUN,3280
KITLV_NOUN,1170
Kazakhstan,52712
Kharga_NOUN,1332
Khufu,2245
Kangaroo,7861
Khān,1455
Kanga,3110
Kesler_NOUN,1308
Kashgar,3067
Keown_NOUN,1738
Khorana_NOUN,1229
Kagan,17308
Khiva_NOUN,1853
Kallistos_NOUN,1284
Kames_NOUN,3246
Kidney_NOUN,46567
Kadam,2292
Kaja,3309
Kesari_NOUN,1131
Khaliq_NOUN,1178
KNOWS,2889
Kaak_NOUN,1176
Kamrasi,1939
Kalasandra,1040
Katia,5954
Kava_NOUN,1398
Keltner_NOUN,4184
Kept,14028
Keisha_NOUN,12898
Kibera_NOUN,1020
Kathrin_NOUN,3476
Kaja_NOUN,3305
Kaczmarek_NOUN,1834
Kazimierz,3774
Keswani_NOUN,1039
Kaunas,3111
Keener,6728
Kemalist_NOUN,2471
Kanye,3861
Kage,1508
Kendon,1897
KEMMERLIN_NOUN,2869
Kapila_NOUN,2306
Keli_NOUN,2275
K'ang,2141
Kazdin_NOUN,3213
Kanungo,1320
Kaito_NOUN,3348
Kesha_NOUN,1098
Karoo_NOUN,2473
K'iche,2217
Kaplan,80777
KAM_NOUN,1687
Kaoru,3190
KNIGHT,4087
Kazakhstani,1229
KDD,4954
Kenna_NOUN,11295
Kabul_NOUN,34249
Kattan_NOUN,1408
Khabarovsk_NOUN,2589
Kenney_NOUN,13121
KEY,63546
Kaiming_NOUN,3596
Kasuga_NOUN,1395
KITTI_NOUN,1418
Kaper,1053
KROLL_NOUN,1002
Kardashian,4157
Kamiya_NOUN,2991
KM,52009
KG,23975
Kary,1310
Khalid_NOUN,28944
Kachru_NOUN,3732
Keqiang_NOUN,1455
KHz,1602
Kahl,3418
Karaoke_NOUN,1732
Kaifeng,3407
Kaleb_NOUN,6989
Kassiani_NOUN,1564
Kera,2144
Kevles_NOUN,1153
Kasbah,1388
Kailyn,1304
Khorshed_NOUN,1152
Keaton,11130
Kaltwasser,1946
Kfar_NOUN,1322
Kendai_NOUN,1974
Keynesianism,5036
Katrien,3183
KYI_NOUN,1359
Khader,1443
KSAs,2337
Kennerly_NOUN,2702
KAL,1119
Khadi_NOUN,1313
K.-Y.,1020
K0,3732
Keble,4627
Keillor,1015
Kalvin,1630
Khair_NOUN,1876
KV_NOUN,10958
Kapadia,2485
Kanaan,1256
K'da,1185
Keightley,1636
Kafka,33846
Kensal_NOUN,1315
Kaper_NOUN,1051
Khoe_NOUN,1196
Kauppinen,1026
Kidding,1940
Katy_NOUN,45207
K5,2507
Kaspi_NOUN,2481
Kachka_NOUN,1307
KLEIN,1191
KNOCK_VERB,2162
KOH,12888
Keradel_NOUN,1584
KATE_NOUN,5214
Kez,3966
Kaiya_NOUN,2632
Kennington_NOUN,3135
Karthikeyan_NOUN,2107
Kedzie_NOUN,1984
Khanna,10621
Kengo,1002
Katharina_NOUN,18303
Kaylinn_NOUN,1096
Kehler,1100
Khubilai,1138
KMS,4074
Kasha_NOUN,1414
Kanban_NOUN,3953
Keron,1295
KING,39222
Kanagawa_NOUN,3371
Khadijah,1196
Keratinocytes,1177
Katz_NOUN,74217
Khusrau,1293
Katty_NOUN,2821
Kells,4217
Khatami,4588
Karnes_NOUN,1742
Keagan_NOUN,1234
KENSINGTON_NOUN,1032
Kalki,1542
Karner_NOUN,1278
KJ_NOUN,25883
Kauravas,2306
Kenn,3156
KH,21721
Kabbalist_NOUN,1238
Kamel,5136
Keeler_NOUN,6181
KI,12005
Kamé,1515
Kentek,1075
Kavoussi_NOUN,1113
Kenyon,19304
Kanin_NOUN,1144
Katherine_NOUN,141465
Kandinsky_NOUN,6087
Keswick_NOUN,6186
Kakkar_NOUN,1433
KRI,1088
Kernan,3298
KPMG_NOUN,7882
Keswani,1039
K.D.,11714
Keung_NOUN,1035
Khulna,1594
Kelsie_NOUN,1248
Kaunda_NOUN,3386
Kafer,1165
KAU,1105
Kendler,4269
KA_NOUN,41385
Kateri_NOUN,1280
KLM_NOUN,4004
K.J.,20711
Kersten_NOUN,3840
Kessler_NOUN,30565
KMO,2432
Keele_NOUN,3882
Katrina,59055
Kangaroos_NOUN,1388
Kellan,15683
Kesri,1042
Kayseri_NOUN,1456
Kait_NOUN,4061
KAN,1246
Kabila_NOUN,2888
Kabir,18112
Kawaii_NOUN,1353
Kalpana,2552
Karabakh_NOUN,7119
KNIFE_NOUN,2774
Kenna,11303
Karoly_NOUN,1286
Kaptein,1379
Kampala_NOUN,10606
Kennedys,4903
Kaiserslautern_NOUN,1634
Kharagpur_NOUN,2565
Kensie_NOUN,4933
KNOWING_VERB,2552
Kemalism,2066
Kamen_NOUN,3278
Kabbalah_NOUN,16407
KPS,1398
Kedrin,2704
Kemalist,4275
K6_NOUN,1486
Kabba_NOUN,1099
K.Y.,3720
Khuzestan_NOUN,1089
Kaddish,3192
Kerns,2837
Keats,32600
Kem_NOUN,1815
Kaddish_NOUN,3149
Keesing_NOUN,1800
KAT_NOUN,1648
Kassim_NOUN,3867
Kamal,25961
Keno_NOUN,1648
Kehr_NOUN,1029
Kellert_NOUN,1459
Kelso_NOUN,7453
Kacey_NOUN,2937
Kendal_NOUN,10522
Kamsa_NOUN,1604
Kaul_NOUN,7762
Kido_NOUN,2303
Kacha_NOUN,1857
Kaps,1244
Karlson_NOUN,1078
Karana_NOUN,1009
Khyam,1500
Kammer,1539
Kicking,8300
Kamau,2155
Kawachi_NOUN,2859
Khoa_NOUN,2227
Kaidyn_NOUN,1031
Kashan,1062
KR,20969
Kelsey,37426
Kennel,4428
KRISHNAMURTI,3710
Kanade_NOUN,1677
Kauffman_NOUN,13187
Katsu_NOUN,1434
Karoline_NOUN,1561
Khawaja_NOUN,2076
Katsina_NOUN,1210
Kalb,3729
KRS,3385
Kemmerer_NOUN,1493
Katerin,1551
Karrie,2209
KITTI,1418
Kaner,1033
Ka'ba,1348
Keiji,1528
Kaviraj_NOUN,1045
Kerberos_NOUN,3085
Kermani,1257
KP,19081
Kenai,3285
KETO_NOUN,2144
Karthala_NOUN,1977
Kauffmann,2647
Kabeer_NOUN,3240
Kantian,43122
Kalyvas_NOUN,2061
Kev_NOUN,7689
Kidman_NOUN,2614
Kaupapa,1012
Kennedy_NOUN,305502
Karakorum_NOUN,2183
Kenema_NOUN,1026
Kaid_NOUN,1880
Kanal_NOUN,1109
Kanu,4540
Kaia,4023
Khoo,4813
Kalashnikovs_NOUN,1181
KK_NOUN,19064
Khattab,1989
Kerstin,3853
Karmakar,1654
Kajevic_NOUN,1348
Kamuf_NOUN,1323
Kalman_NOUN,23198
K562,1390
Kathi,3163
KEEP_VERB,10482
Kamchak_NOUN,1127
K.C.,15438
Karau,1044
Keymer_NOUN,1144
Kayak_NOUN,2506
Kanfer_NOUN,1741
Kaba_NOUN,1720
KNA_NOUN,2218
Kamsa,1605
Kaku_NOUN,1697
Kegan_NOUN,33018
Karlsruhe_NOUN,10490
Kappel_NOUN,1206
Keawe,1260
Kavanagh_NOUN,10645
KENT,1985
KYLE_NOUN,1463
Kace,5347
Kidneys,5322
Keizer_NOUN,2224
Khamis_NOUN,2299
Kapil_NOUN,3724
Kallis_NOUN,1462
Kalil,1390
Kellys_NOUN,1115
Karter_NOUN,1033
Keilah,1793
Kairos_NOUN,8354
Katyn,1812
Kazakov,1024
Kaleidoscope_NOUN,2271
Khalaf,2840
KEITH,3066
Kernels_NOUN,2662
Kahn_NOUN,47594
Kabbala_NOUN,1327
KTB_NOUN,2100
Katowice,3018
Kelowna,1980
Keener_NOUN,6728
Keppel,4447
Keighley_NOUN,1860
Ketogenic,2881
Kareyan,1036
Kfar,1400
Kicking_VERB,8300
Kamla_NOUN,1239
KN_NOUN,11658
Kallmann_NOUN,1362
KAR,1752
Ketchen_NOUN,1176
Katan_NOUN,1663
Kase_NOUN,2761
Karman,2467
Kettering_NOUN,7650
KMT_NOUN,14047
Khai_NOUN,2333
Kampala,10608
Karoline,1563
Kalgoorlie_NOUN,1302
Kania_NOUN,2223
Kez_NOUN,3965
Kanem,1151
Kaisa_NOUN,1644
Kendell_NOUN,1046
Kaylinn,1102
Kellam,1386
Kari,21912
Kickstarter_NOUN,5364
KEVIN_NOUN,4165
Kh,3109
Kalyana_NOUN,1465
Kaluga,1476
Kempe,7246
Kamehameha,4749
Kaishek,1014
Kantrowitz,1183
Kes_NOUN,2329
Kaede_NOUN,1314
Kants,1196
Kasi,1278
Kellis,1415
Kidron_NOUN,2983
KEM,1609
Khare,2931
Ketu_NOUN,2734
Kevorkian_NOUN,2411
Kankakee,1380
Khaldūn_NOUN,1577
Keriya,1236
Keeney,2874
Kellee_NOUN,1121
Kellogg,24595
Khatun_NOUN,1243
Kellerman_NOUN,4476
Kalimantan,7423
Kavitha,2069
Kidney,46577
Karas_NOUN,1882
Kapstein,1308
Keep_VERB,375053
Kelliher,1147
Kailua,1065
Kantor,7869
Karma_NOUN,25845
KSS,1247
Kebangsaan,1152
Keke,12128
Kamchatka,5416
K.M._NOUN,24575
KAI,2212
Kenobi,1906
KNU,1290
Keshavan,1032
Khang,1355
Kern_NOUN,25985
Keys,38878
Kalulu,1377
Kanya_NOUN,1028
Kenilworth_NOUN,4547
Kalisa_NOUN,1163
Kherson_NOUN,1271
Khloe_NOUN,2560
Kaczynski,2737
Kak_NOUN,1892
Kanishka_NOUN,2259
Kazakhstan_NOUN,51990
Kaolin,2676
Kapellmeister,1007
Kenn_NOUN,3143
Katalin,2245
KUB,1411
Kamuf,1324
Kaitlyn_NOUN,16419
KVS,1510
Kaka_NOUN,2425
Kenwood_NOUN,1886
Kagyu_NOUN,1515
KENYA,1081
Kalm_NOUN,1379
Kaupapa_NOUN,1001
Kerby,2218
KINGDOM,7526
Kaely_NOUN,1099
Kanan_NOUN,1505
Kafkaesque_ADJ,1026
Kettunen_NOUN,1106
Kait,4064
Kanban,4243
Kailas_NOUN,1046
Khera_NOUN,1428
K8,1135
Kerosene,2661
Khare_NOUN,2928
Kavoussi,1120
Kendricks_NOUN,1189
Kato,21975
Kawasaki_NOUN,13136
Kiddie_NOUN,1838
Kaffee_NOUN,1116
KAP,1337
Kel,13718
Karate_NOUN,3826
Khas_NOUN,1792
Kessed,1117
Karissa_NOUN,1181
Kaminer,1079
Kenyans,5054
Khoja_NOUN,1701
KPSS,2140
KILL_VERB,4536
Karol,6894
Karbala_NOUN,3280
Kevorkian,2489
Kabat,7164
KG_NOUN,23619
Karlson,1078
Kashan_NOUN,1062
Kavya,2081
Kidd,27138
Kernel,15643
Kesh_NOUN,2723
Kajafas,1569
Katinka_NOUN,1069
Kansa_NOUN,1569
Kelan,2667
Kenan,6308
Kaisa,1649
Kason_NOUN,1228
Khambas,1045
Kaepernick,3845
Kenites,1260
Kanu_NOUN,4486
Kawata,1426
Khilji_NOUN,1412
Khalq_NOUN,1311
Kasen,1133
Kawamura,4599
Khalek,1188
KX,1191
Katzenstein_NOUN,4143
Kantorovich,2232
Kadence_NOUN,1432
Kendrix,1036
Kemeny,3364
Kawaguchi_NOUN,5187
Kemp_NOUN,42264
Kapp,6319
KV,11386
Keppel_NOUN,4432
Kamilla,1213
Kamath,2706
Khanty_NOUN,1572
Kabutihang_NOUN,2039
KMA_NOUN,1050
Karch,1286
Kenneth,134893
Kalinga,2255
Katerina,19785
Kathrina_NOUN,1767
Kallie,3355
KUMAR,1337
Karplus_NOUN,1125
Kenyatta,9318
Kasmiri,1663
Kamajors,1070
Kalita,1690
Kantianism_NOUN,3481
Khulna_NOUN,1591
KGB_NOUN,28260
Kerim,1520
Keď_X,1162
Kathy,80727
Kaila,1444
Kaminsky_NOUN,4843
Kamath_NOUN,2703
Kalindi_NOUN,1066
Kazuko,1458
Kabnis_NOUN,1210
KEEP,13103
Kanak_NOUN,1655
Keel_NOUN,5860
Karcher,1218
Ketchikan_NOUN,1073
Kashi,3703
Keulen_NOUN,1030
Kafka_NOUN,33838
Kavanaugh,21675
Ki67_NOUN,1702
Kanti_NOUN,1230
KNEE,1373
Kick,15996
Keys_NOUN,38861
Keio,2270
Kalisa,1168
KPSS_NOUN,2064
Keen_NOUN,3015
Keystroke,1104
KGaA,7306
KTP_NOUN,1528
Khattak,2735
Kawachi,2861
Ketu,2752
Karak,1619
Kennan,12044
Key,399596
Karri_NOUN,1162
Kelsie,1256
Kabol,1057
Kenzie_NOUN,15599
Kanal,1155
Kick_VERB,5155
Kaen_NOUN,2063
Katahdin_NOUN,1745
Karm,1597
KIC_NOUN,1326
Keeling_NOUN,8004
K.V.,4772
Kenner_NOUN,5687
Keer,2987
Kallmann,1366
Kabila,2890
Kahlo_NOUN,4669
Khor_NOUN,2606
KINDS,1967
Kavanaugh_NOUN,21609
Kashmiri,10833
KFC_NOUN,5765
Kellanved_NOUN,1162
Kader,5321
Kaspersky_NOUN,1472
Karmen,1342
Keyboard_NOUN,8190
Khe_NOUN,2638
Kasich_NOUN,1848
Kapil,3732
Karmal_NOUN,1184
Katelyn,4021
Keyser_NOUN,5672
K12,2493
Kampuchea_NOUN,6432
Kea_NOUN,5624
Kenali_NOUN,2069
Keddrick_NOUN,1811
Keun_NOUN,1068
Kemal,14886
Kenworthy_NOUN,3473
Kaya,13486
Kania,2223
Kamé_NOUN,1513
Kashi_NOUN,3700
K.F.,5074
Karn,4869
Kantar_NOUN,1339
Kacey,2938
Kashani,1751
Kasia_NOUN,4558
Kian_NOUN,4127
Khel_NOUN,1888
Kani,3585
K2O,1006
Kander,1050
Kalra,3139
Karachi_NOUN,18979
Kamala,6692
KRG,2933
Kessed_NOUN,1054
Khoisan,2051
Kail,1802
Karthik,3124
Karadžić_NOUN,2141
Kant,247947
Karplus,1128
Karaca_NOUN,1463
Kassel_NOUN,8922
Keymer,1165
Kahana_NOUN,3726
Kenaz_NOUN,1100
Kamila,1788
Kandyan,1270
Kau,1625
Kautilya,3246
Kaci_NOUN,1909
K.E.,14881
Kessler,30582
KVM,1762
Kerrie_NOUN,7827
Kenilworth,4588
Kaster,1195
Kalyvas,2077
Kazuo,3993
Karam,5891
Kebir_NOUN,1542
Khwaja,2334
Kandahar_NOUN,8181
Kbps_NOUN,1490
Kanawha_NOUN,2114
Kaori,2310
Katznelson,3576
Karlovy,1451
Karabakh,7125
Karagiannis,1054
Khiva,1868
KNA,2218
Kendrick_NOUN,19477
Kaffir_NOUN,4679
Khoury_NOUN,7320
Kemmerer,1499
Kamali_NOUN,2359
KBR_NOUN,1542
Kapernaum_X,8364
Kellynch,1129
KILLING,4749
Karim_NOUN,27389
K3_NUM,1096
Kaspi,2486
K.P._NOUN,8710
Kassala,1098
Khardan_NOUN,2156
Katey_NOUN,1024
Kade,11529
KBS,1521
KYC,2747
Kah_NOUN,2713
Khasi_NOUN,2307
Kays,1074
Khadi,1329
Kg,6646
KANU,2363
KUMAR_NOUN,1337
Kevlar_NOUN,6277
Kanada,1160
Karamoja_NOUN,1024
Keedy,2021
Kelman,4820
Keena,1640
Kanti,1238
Kaili_NOUN,1394
Kallimachos,3303
KIA_NOUN,4699
Kapferer,1678
KeyGen,1740
Kano,13535
Kellner_NOUN,7920
KENTUCKY_NOUN,1555
Kates_NOUN,3843
Kalliope_NOUN,1023
Karnal_NOUN,1551
Khaimah_NOUN,1209
Kankad_NOUN,1072
Keiser,2740
Katha_NOUN,3099
Kernels,2674
Karni,2918
Katona_NOUN,1786
Karakoram,2626
Kathakali,1065
Kenkyu,1146
Khleevi,1482
KILL,9818
Kathryn_NOUN,48434
Kanwar,1977
Kasugoan,5153
Kam,10895
Kazuo_NOUN,3991
Keelin_NOUN,1392
KVL,1004
Kharkov,5015
Kenyan_NOUN,10701
Ket,3349
Kalat_NOUN,1466
Kentish,8530
Kerameikos_NOUN,1078
Kershaw,10226
KEEP_NOUN,2604
Kafarnauma_NOUN,1254
Kalam_NOUN,5192
Kaplinsky,1322
Kalla,2987
KMA,1052
KIDS,6078
Kermode_NOUN,3905
K.F._NOUN,5070
Kasung,1158
Kersten,3844
Kannada,6644
KMO_NOUN,2413
Khadduri,1028
Kichwa,1353
Kells_NOUN,4214
Keddie_NOUN,2814
Kaczmarek,1838
KEY_ADJ,24065
Kail_NOUN,1748
Kammerer,1426
Karina_NOUN,13082
Keystone_NOUN,10583
Kamin_NOUN,1931
Keith,161070
Khyam_NOUN,1500
Kelvin_NOUN,24903
Kaposi,7541
Kelpie,1190
Khosla,3391
Kalanick,2453
Kath,12713
Kegel_NOUN,1983
Kael,8269
Katrin,6822
KCN,1201
Kanin,1146
Kassie,1958
Kera_NOUN,2138
Katan,1666
Karr_NOUN,6281
Karia_NOUN,1265
Khorana,1229
KPC,1392
Keiser_NOUN,2735
Kapoor_NOUN,12815
Kalanthe,1048
Keratin_NOUN,1874
Kamenev_NOUN,3097
Kgs_NOUN,23460
Kidnap,1011
Kantar,1344
KEITH_NOUN,3062
Karpov,3881
Karnataka,28405
Kageyama,1194
KALE_NOUN,1051
Kemeny_NOUN,3364
KES_NOUN,1176
Kandahar,8241
Kayani_NOUN,1172
Kenites_NOUN,1259
Katagiri_NOUN,1205
KIO,1164
Kassiani,1569
Keeah_NOUN,1749
K._NOUN,2268406
Keidanren,1109
Keena_NOUN,1640
Khaw_NOUN,1058
Kazin_NOUN,2025
Kaufman_NOUN,41657
Kanna_NOUN,1653
Kava,1680
KEMMERLIN,2869
Kazuchiyo_NOUN,2158
Kerim_NOUN,1516
Keron_NOUN,1295
Kadlec,1773
Kaizen,3460
Kat_NOUN,81758
Keane,19880
Kazan_NOUN,13706
Kapitalismus_NOUN,1331
KTB,2152
Kiang_NOUN,2500
Kiang,2519
Khatun,1243
Karlovy_NOUN,1450
Kazi_NOUN,3817
Katholieke_NOUN,1252
Khalek_NOUN,1188
Kafr,1145
Kafkaesque,1553
Keswick,6246
Karhati,1544
Kedah,3538
Kelton,3568
Kallas_NOUN,2035
Kessel,5070
Keynote_ADJ,2192
KS2,1106
Kidlington,2026
Kaprow,1078
Kangra,1521
Ketones_NOUN,2966
Kearns_NOUN,10100
Kaaba,3090
KO,12484
Kamo_NOUN,1258
Kalantzis,1785
Kayley_NOUN,1038
Kalinga_NOUN,2200
Khlebnikov_NOUN,1086
Keita,4430
Kaas,2160
Katrinka,1428
Kampfgruppe_NOUN,2307
Kae,1123
Kalyana,1466
Khama,1383
Kaylin_NOUN,4070
KNEE_NOUN,1187
Kahane,4224
Kalenjin_NOUN,1109
Kann,2779
Kentuckian,3081
Karenga_NOUN,1185
Kelleher,5677
Kaldor,8282
Kaveri,1743
Kanaan_NOUN,1249
Kerr_NOUN,54125
Kc_NOUN,2360
Kalinowski,1309
Khine_NOUN,1094
Keima,1196
Kassandra,1650
Keď,1983
Keya,3336
Kess_NOUN,1285
Kamryn,2055
Kagawa_NOUN,2480
Kalu,3786
Kibera,1027
Kansu,1025
Keren,5774
KD,23957
Kasturi,1119
Kapp_NOUN,6307
Kassem_NOUN,1425
Keanu,2877
Khilji,1440
Kadie,1419
Kibaki_NOUN,1333
Karlan_NOUN,1136
Kazim,1317
Katoh_NOUN,1583
Keshav_NOUN,1837
Khufu_NOUN,2210
Kashmiris_NOUN,2843
Kayenta,1810
Kashag,1136
Keagan,1235
Keepers_NOUN,9334
Khālid,1108
Kalākaua_NOUN,1043
Kennedy,305581
Kendrix_NOUN,1036
Keystone,11028
KONG,1698
Kalin,3041
KF_NOUN,11032
K.U._NOUN,1088
Kaj_NOUN,1437
Keaton_NOUN,11124
KdV,2189
Kaikeyi_NOUN,1321
Kaprow_NOUN,1077
Kermit,5453
Kami,11818
Kettner_NOUN,1418
Kanta,1816
Khloe,2562
Kalevala_NOUN,2610
Kathmandu_NOUN,14718
Kalen,3588
Keto_NOUN,9825
Kenkyu_NOUN,1110
Khouri_NOUN,1459
Kandasamy,1185
KPC_NOUN,1069
Kerridge_NOUN,1514
Katza,2981
Karine,2321
Kerwin,3023
KIA,4704
Keynesian,31059
Kashgar_NOUN,3048
Katie,185858
K.Q._NOUN,1052
Kazi,4016
Kaji_NOUN,1544
Khrushchev,38024
Kan_NOUN,17479
Kaizer,1056
Kaminsky,4845
Kiani,1039
Kasson,1025
Khasi,2329
Kavita,3378
KPIs_NOUN,16098
Kenema,1026
Kaurava_NOUN,1124
Kayaking_NOUN,1148
Kathrine,1433
Kendall_NOUN,60779
Karyotype_NOUN,1052
K9_NOUN,2237
K.-C.,1055
Kehinde_NOUN,1098
Kemble,7243
Khurana_NOUN,3913
Kenelm_NOUN,3290
Khodorkovsky,1041
Khyber_NOUN,4564
Kampfgruppe,2344
Khali,1415
Kemmis,2367
Keynesians_NOUN,2755
Kazin,2027
Kardashians_NOUN,1722
Kaede,1317
KEPT,2363
Kalish_NOUN,1600
Kamp_NOUN,6776
Karras,2611
Kaka,2700
KNOW_NOUN,3702
Katsu,1515
KES,1237
Kent,156660
KGA,1180
Kandinsky,6110
KBr,2617
KNOWN_VERB,5063
Khalil,20138
Kandi,2153
Kena,1070
Kamilla_NOUN,1211
Khem,1123
Kain_NOUN,6246
KS,44171
Kavitha_NOUN,2068
Khine,1094
Karaman_NOUN,1670
Kam_NOUN,10149
Kevan_NOUN,1909
Khorasan_NOUN,2580
Katheryn,1413
Kalantzis_NOUN,1778
KNOW,45686
Kasher,1014
Kaeva_NOUN,1606
Keeping,104823
Keenan,20519
Kayleen_NOUN,1168
Kamo,1348
KILLED,3209
Kaneko_NOUN,5898
KSA_NOUN,6107
Kerby_NOUN,2217
Kibana_NOUN,2686
Kazim_NOUN,1313
Kabuki_NOUN,2717
Kallio,1611
Kicks,2216
Kelli,11179
Keskin,1385
Kerouac,7203
Khanh,1548
Khao,2860
KAY,1807
Kess,1287
Karzai_NOUN,5104
Khaimah,1209
KIBS,1839
Keith_NOUN,160994
KMnO_NOUN,1277
Kia,7966
Kallas,2080
Karvonen_NOUN,1231
Kapitalismus,1496
Kedesh,1296
KNIFE,2775
Kashdan,1471
Kandel_NOUN,6726
Kd,3807
Kaspersky,1472
Kessels,1090
Ke_X,2090
Ketty,1037
K1_NUM,2664
Katha,3115
Khoja,1704
Karenina,4276
Kathi_NOUN,3151
K.L.,16783
KCS_NOUN,1212
Kansei_NOUN,1439
KCl,9107
Kharkiv_NOUN,2910
Khwaja_NOUN,2331
Kalanthe_NOUN,1033
Kayleen,1170
Kavidas_NOUN,1852
Kaptein_NOUN,1255
Kathleen,84655
Kalos_NOUN,1059
KEYS,2208
Karlstad_NOUN,1145
Kangas_NOUN,2807
Ketchum_NOUN,5193
Kangaroos,1410
Kersting_NOUN,1056
Karon,1969
Kaliningrad,3596
KATHERINE,2675
Kater,1686
Karima,2597
KI_NOUN,11694
Kalakaua,1924
Keizer,2224
KEEPER_NOUN,1004
Katlin,1240
Kaga,1777
Kazemi_NOUN,2263
Kaden,5604
Kasten_NOUN,4613
KNOWLEDGE_NOUN,15161
Karyotype,1056
Kahin,1053
K.U.,1090
Kazakov_NOUN,1023
Kenyon_NOUN,19271
Keratitis_NOUN,1440
KATHERINE_NOUN,2672
Kerry_NOUN,58172
Kauai_NOUN,4110
Kavi,1576
Karaite,2071
Kawakami,4870
Khrushchev_NOUN,37829
Katsura_NOUN,1927
Khalifa,10894
Kem,1821
Keohane,8729
Khans_NOUN,1627
Kamila_NOUN,1786
Kathmandu,14778
Karlee,1503
Karadžić,2142
Karwowski_NOUN,1855
Kelli_NOUN,11155
Kasey,5667
Keay,2831
Keri_NOUN,6203
Ketamine_NOUN,4754
KO_NOUN,12134
Kanter,6493
Karnak,4521
Kerner,5060
Khomiakov,3253
Kerman_NOUN,2804
Kerch,1803
Kastner,4162
KEGG_NOUN,3343
KRAS,7452
Karimov,2304
Kennelly,1780
Kanika_NOUN,1281
Khleevi_NOUN,1470
Khabarovsk,2645
Kennard_NOUN,4656
Kidlington_NOUN,2024
K2,15774
Kadlec_NOUN,1773
Karris_NOUN,2641
Katsumi_NOUN,1037
Kaa,2357
Kawai,6073
Keyword_NOUN,6633
KOA_NOUN,1202
Katrina_NOUN,59010
Kenya,159765
Katalog,1171
Kaa_NOUN,2279
Kawasaki,13139
Khang_NOUN,1354
Kaleb,7009
Ketone,1892
Keulen,1097
K.N.,6144
Kagoshima_NOUN,3072
Keltic,1109
Ketchup_NOUN,2733
Kansei,1494
Kaal_NOUN,1832
Khadija,3458
Kalamata_NOUN,1766
Karlsefin,1144
Karelian,2286
Kander_NOUN,1050
Keppler,1858
Kakkar,1434
Karam_NOUN,5783
Ketosis_NOUN,1426
Karttunen,1597
Kaduna_NOUN,3040
Kearsarge_NOUN,1164
Kanchan,1022
Kallio_NOUN,1607
Kasser,3504
Kbps,1491
Kana,4207
KVS_NOUN,1499
Keo,1280
Keightley_NOUN,1636
Kena_NOUN,1059
Kets,1294
Kage_NOUN,1481
Kempton,3287
K.G._NOUN,9315
Keighley,1860
K.H.,12221
KENNETH_NOUN,1980
Katy,45248
Kanaka_NOUN,2696
Keynote,7992
Khama_NOUN,1382
KPIs,17041
Kellyanne,1698
Kalu_NOUN,3764
K.K._NOUN,10602
Kanchan_NOUN,1020
Kaili,1443
Karthikeyan,2107
Kagiso,1043
Kibler,2123
Kermani_NOUN,1257
Kalani_NOUN,1198
Keyboard,8194
Ketchum,5216
Kaminski,5322
KIP,1328
Khosravi_NOUN,1465
Kachin,5421
Kanyakumari,1620
Kalyan_NOUN,3271
Kanishka,2277
KRG_NOUN,2884
KDD_NOUN,4945
K.Q.,1053
Kagel_NOUN,1053
Kachru,3763
Karate,3892
Kasmiri_NOUN,1659
K.W.,9675
Kaneko,5906
Kelsen,11241
Karwowski,1857
KX_NOUN,1160
KINGS,5174
Kernberg_NOUN,3048
Keywords_NOUN,145194
Kaliel,1141
Kalamazoo_NOUN,8355
Karmic,1769
Ketoconazole,1817
KYLE,1465
K.-J._NOUN,1256
Karna_NOUN,4627
Khān_NOUN,1451
Kelderek,1126
Kanpur_NOUN,6229
K.O._NOUN,2303
Kids,80131
Kandy_NOUN,7284
Kayne_NOUN,2691
Kalinowski_NOUN,1296
Kayser,4995
Kash,3219
KW_NOUN,12783
Kacha,2069
Kees,7721
Karuk_NOUN,1227
Kaname_NOUN,1625
Kas,3233
Karina,13086
KIDNEY_NOUN,2794
Karhati_NOUN,1544
Kasser_NOUN,3504
Kaitlyn,16442
KU_NOUN,11774
Khurasan,1340
Kahu,3186
KEY_NOUN,39447
Kapitan_NOUN,1183
Kalia_NOUN,2644
Kearns,10101
Kenmore_NOUN,3145
Kenzo,1629
Karen_NOUN,201573
Kassim,3872
Kadets,4332
Kaifas_X,1255
Kazakh_NOUN,11856
Katharine_NOUN,39214
Khālid_NOUN,1088
Kein_NOUN,2531
K.T.,6670
Kengo_NOUN,1000
Katsura,1928
Kemalist_ADJ,1786
Karagiannis_NOUN,1054
Khatri_NOUN,2661
Kenner,5708
KBR,1567
Kar_NOUN,8836
Kalle_NOUN,2313
Kasher_NOUN,1012
KAL_NOUN,1071
Khlebnikov,1087
Kea,5694
Keyes,15650
Kashmir,66804
Kidnapped,3184
Kaushal_NOUN,2901
K'inich_NOUN,1484
Karlee_NOUN,1503
Karami_NOUN,1147
KP_NOUN,18736
Katja_NOUN,5134
KTH_NOUN,2395
Kalam,5213
Kapodistrian,1152
Kehler_NOUN,1098
Kettler,1258
Kamel_NOUN,5117
Kansai_NOUN,2977
K.-H._NOUN,3230
Keeney_NOUN,2871
KQ,1161
Kaiserslautern,1653
Keyi,2262
Khao_NOUN,2811
Kappa,12596
Kember_NOUN,1014
Kabbala,1457
Kenann,1564
Kerrison_NOUN,1222
Kaisha_NOUN,1619
Kauffman,13206
Kersey,1803
Keelin,1394
Kapila,2307
Kaffir,4876
Kao,12844
Keef,1817
Kendal,10566
Kellert,1459
Kapha,3046
Kermit_NOUN,5405
KILLER_NOUN,2700
Kendrick,19500
Kameny,1043
Karadzic,1081
Kardashian_NOUN,4121
Kh_NOUN,2997
KISS_VERB,1174
Keefe,7983
Kaushal,2905
Kaiser,78463
Keech_NOUN,4653
Kian,4243
KAM,1967
Khamenei_NOUN,3523
Kanab,1793
Kaden_NOUN,5544
Kasper,11007
KR_NOUN,20726
Karrim_NOUN,1364
Kezia_NOUN,2719
Keratin,1884
Kanika,1315
Kendler_NOUN,4269
Keng_NOUN,3159
Kaylee_NOUN,6881
Khor,2620
Kannan,7760
Kasson_NOUN,1024
Karnal,1558
Kessel_NOUN,5047
Kerouac_NOUN,7199
Kharga,1349
Kanwar_NOUN,1973
Kate,413960
Kabuki,2824
Kerney_NOUN,1892
Kerala,41256
Kaliel_NOUN,1121
KIN,1336
KLD_NOUN,1168
Kalashnikov_NOUN,4132
Kesh,2767
Kautz,1766
KAR_NOUN,1731
Kew,18457
Karli,1805
KAT,1666
Kaiden,7197
Kearsarge,1164
Kalif,1068
Kaua'i_NOUN,2121
Keilah_NOUN,1793
Kafirs,2063
Kacprzyk,1391
Kasimir_NOUN,1219
KTH,2409
Kanon_NOUN,1190
Kaaba_NOUN,3088
Kettle_NOUN,13931
Kelmscott,2027
Kay,94694
KPI_NOUN,9615
Khuri,1273
K.A.,23966
Karimi_NOUN,5224
K6,1684
KCNA,1389
Kavin,1249
Kao_NOUN,12109
Kaira_NOUN,3352
Ketone_NOUN,1870
Kennet,2601
Ketcham_NOUN,2007
Kentuckians,2761
Kelmscott_NOUN,2026
Kale,20366
Kazak,1539
Kelty,1236
Kazran_NOUN,1662
Kevan,1912
Kettunen,1107
Katoh,1586
Khalaf_NOUN,2838
Keima_NOUN,1196
Kahana,3729
Kan._NOUN,8221
Kapo,1020
Karla,11949
K.S._NOUN,19428
KEK_NOUN,1008
Kaufman,41696
Kama,7177
Kicks_NOUN,2087
Keld,1728
KB,30528
Khedrup_NOUN,1062
Kalos,1089
KIN_NOUN,1281
Karsten_NOUN,6380
Kaspar_NOUN,6135
Kafarnauma,1254
Keddrick,1821
Keedy_NOUN,2016
Kertesz_NOUN,1396
KJV_NOUN,45183
Kays_NOUN,1069
K1_NOUN,13465
K1,17908
Karmic_NOUN,1764
KIND,7198
Karpis,2741
Kassner,1051
KIP_NOUN,1179
Keira_NOUN,10488
Karaoke,1962
Kauai,4147
Kark_NOUN,1134
Katty,2822
Kaveh_NOUN,2035
Kagaku,1612
Khomeini,19166
Kadir_NOUN,3706
K2tog_NOUN,1367
Katya_NOUN,20979
Kalb_NOUN,3715
Katotohanang,3789
Kendra_NOUN,32190
Kak,2362
KLEIN_NOUN,1191
Khoury,7320
Kerosene_NOUN,2570
KMFs_NOUN,1024
KTV_NOUN,2874
Kalisha,1082
KNOCK,3560
Kid_NOUN,73983
Kahlil_NOUN,1889
Kadi_NOUN,4483
KDE_NOUN,2516
KT_NOUN,14037
K.-Y._NOUN,1020
Kenzie,15599
Kawada_NOUN,1166
Kerk_NOUN,1959
Kater_NOUN,1657
Kaine,6649
Kaushik,5896
Karol_NOUN,6882
Kahr,1499
Kidron,2986
Khaldun,5973
Kerley_NOUN,1340
KSC_NOUN,1524
KSAOs_NOUN,1502
Kari_NOUN,21887
Kaur,21163
Kellum_NOUN,1160
Kanda,4148
Kaohsiung,4217
K9,2417
K.-H.,3230
Khayelitsha_NOUN,1001
Kickapoo_NOUN,2183
KOA,1204
Kajal_NOUN,1570
KDP,4141
Kamil_NOUN,5577
Kamer,1320
Kaggle_NOUN,1793
Kellermann,1815
Kaysen_NOUN,1064
KKT,1811
Kerguelen,1729
KNOW_VERB,41858
Keter_NOUN,2752
Kazdin,3216
Kadir,3708
Keres_NOUN,1158
KHz_NOUN,1584
Kaeva,1626
KCNA_NOUN,1389
Kasturi_NOUN,1119
Kakar,1619
Khanh_NOUN,1543
Kariba,1340
Kapur,8759
Keynes,66605
Kerber,2816
Khattab_NOUN,1987
Keeping_ADJ,1003
Kemmis_NOUN,2366
Keough_NOUN,1251
Kedar_NOUN,4574
Kalakaua_NOUN,1867
Kernel_NOUN,15601
Khmer_NOUN,24291
Karnataka_NOUN,28251
Katotohanang_X,2357
Kazimierz_NOUN,3772
Khal_NOUN,2696
Karenin,1092
Kampen,4688
Keyu,1213
Kabaka_NOUN,2240
Kammer_NOUN,1403
Keyes_NOUN,15043
Kanyakumari_NOUN,1618
Keshavan_NOUN,1032
Kershaw_NOUN,10218
Kahneman,26377
Kermanshah,1071
Kevin,239507
Kendon_NOUN,1897
Kerri,5107
Khmer,24293
Kendai,1976
Kalan,2297
Khubilai_NOUN,1136
Kalliope,1027
Kamata_NOUN,1081
Khilafat,2099
Keokuk_NOUN,2353
Kamer_NOUN,1224
Khurāsān_NOUN,1156
Kavan,1329
Key_NOUN,272793
Keanu_NOUN,2876
Keely_NOUN,10696
Kauffmann_NOUN,2631
Keli,2296
Karli_NOUN,1705
Kadar,1914
Kacprzyk_NOUN,1390
Kall_NOUN,1518
KICK,1276
Kaely,1123
Kalanchoe_NOUN,2076
Kevles,1154
Keluo_NOUN,2971
Kappeler,1736
Kiddush_NOUN,1191
KCN_NOUN,1186
K2_NUM,2138
Kaspar,6144
Kickapoos,1516
Kalasandra_NOUN,1039
KENSINGTON,1032
Kapha_NOUN,3025
KEYS_NOUN,2207
KGA_NOUN,1176
Khazar,1576
Kazu_NOUN,1479
KATIE,1330
Kashima,2342
Karst,5713
Karamzin,1894
Kajal,1581
Kamat_NOUN,1915
Karsh_NOUN,1494
Karma,26255
Kicked_VERB,2085
Keene_NOUN,12250
K.A._NOUN,23887
KKR,1599
Kalgoorlie,1305
Kertzer_NOUN,1251
Kahr_NOUN,1434
Khomeini_NOUN,19133
KGaA_NOUN,7302
Keratitis,1472
Kiarda_NOUN,1796
Kasung_NOUN,1158
Ketogenic_NOUN,2726
Keokuk,2359
KNEW,6128
Kaltenbrunner,1248
Kiddo_NOUN,1149
Kareem,5482
KWS_NOUN,1072
Kedesh_NOUN,1286
Khoa,2290
Karlin,2674
KITCHEN_NOUN,4783
Keyserling_NOUN,1207
Kaegan,2365
Kaiserreich_NOUN,1652
Keriya_NOUN,1234
KRAS_NOUN,7320
Kantorowicz,2188
Karnes,1745
Kes,2342
Khatib,4782
Khalil_NOUN,19807
Kaori_NOUN,2305
K.M.,24618
Kiarda,1796
Khalif_NOUN,1714
Kanya,1047
Kendricks,1189
Keenan_NOUN,20516
Kelemen_NOUN,2583
K2_NOUN,12337
Keap1,1123
Khatib_NOUN,4781
Kala,11312
Kempton_NOUN,3283
Kaurava,1127
Kanawha,2131
Kaushik_NOUN,5895
Keltan_NOUN,1415
Karak_NOUN,1619
Kasai_NOUN,3977
Kaylie_NOUN,1451
Katja,5163
Kaizong,1614
Kellys,1115
Kerstin_NOUN,3848
Kampong_NOUN,2115
KLA_NOUN,1922
Kaveh,2039
Kaps_NOUN,1234
Kapferer_NOUN,1678
Kan,19211
Kadet_NOUN,2602
Kavian,1145
Kahl_NOUN,3408
Khalk'ru_NOUN,1944
KATE,5221
Kadesh_NOUN,5164
Kanungo_NOUN,1297
Keil_NOUN,8806
Keddie,2815
Kandiyoti_NOUN,1340
Karaman,1672
Karrim,1374
Kabyle,2146
Karthala,1978
Kalimpong_NOUN,1688
Kafir,2325
Kerrigan_NOUN,6978
Kargil,3032
Kanuri_NOUN,1668
Kemerovo_NOUN,1049
Kawaii,1791
Khas,1821
Kershner,1302
Kane_NOUN,88602
Karaites,1423
Kidane_NOUN,1757
Kabbalists_NOUN,1768
Keeton,2463
Karlie_NOUN,1438
KF,11763
Kahn,47916
Kamakura_NOUN,5004
Kamau_NOUN,2112
K.-J.,1258
Kamps,1027
Keke_NOUN,12118
Kazuki_NOUN,2272
Kentuckian_NOUN,3031
Kelman_NOUN,4816
Kendall,60986
Kanto_NOUN,2114
Kayode,1687
Kaleen_NOUN,1347
Kavya_NOUN,2071
Kemp,42272
Khair,1888
Kallimachos_NOUN,3159
Kaye,27710
K2tog,1386
Kaid,1897
Kelber_NOUN,1326
KENT_NOUN,1981
Kassandra_NOUN,1636
Keitt,1022
Kampuchean_NOUN,1493
Khim,1857
Kandel,6737
Ket_NOUN,3194
Kalie,1290
Kenyatta_NOUN,9315
Karloff,2599
Kearsley,1436
Kant_NOUN,246377
Khoi_NOUN,1523
Khir,1433
Kadesh,5176
KUB_NOUN,1411
Kantians,2136
Kalle,2319
Kell,8000
Kamajors_NOUN,1069
Karaites_NOUN,1412
Kida_NOUN,1299
Kawase_NOUN,1158
Kailas,1054
KRW_NOUN,1395
Karls,1249
Kang_NOUN,85763
KEN,2296
Kans_NOUN,2203
Kee,11076
Kaito,3348
Keldysh_NOUN,1288
Kepes_NOUN,1834
Kalyani_NOUN,3701
Keira,10490
Kasha,1416
Kano_NOUN,13187
Kayode_NOUN,1687
Khal,2990
KSAOs,1520
Kanta_NOUN,1766
Khel,1922
Kazemi,2386
Kavita_NOUN,3370
Kapteyn,1534
Khalidi_NOUN,3622
Kelty_NOUN,1234
Karp_NOUN,9361
Kelvin,25897
Kellee,1124
Kanak,1664
Kesey_NOUN,2041
Kawa,1790
KEGG,3346
Kelle,2000
KNOWLEDGE,15169
Karr,6291
Kailua_NOUN,1054
Keast_NOUN,1360
Kau_NOUN,1318
KRW,1407
KOREAN_NOUN,1525
Kamba_NOUN,1401
Kamei_NOUN,1374
Kiddie,1854
Kelleher_NOUN,5668
Karvonen,1232
Kamal_NOUN,25689
Kaminski_NOUN,5319
Katlyn_NOUN,1334
KPA_NOUN,1691
KSL,1013
Khurāsān,1168
Kaltenbach_NOUN,1014
Kester_NOUN,4568
Kehr,1033
Kassa_NOUN,1153
Kaleen,1355
Kenmare_NOUN,1227
Koslow,1044
Kushan,2013
Knorr,6748
Kratochwill,1114
Kitching,1672
Kotov_NOUN,1694
Koop_NOUN,3407
Kring_NOUN,1481
Krueger_NOUN,19863
Kills_NOUN,2451
Kunze_NOUN,3339
Kitty,115305
Kushida_NOUN,1435
København,2116
Kitschelt,2027
Kristan_NOUN,1044
Kështu_NOUN,2365
Kuhl,5612
Kuran,1902
Krissy,4172
Knicks_NOUN,2407
Kirksville,1351
Kollwitz,1013
Konya_NOUN,3514
Kym_NOUN,3471
Kuwahara_NOUN,1392
Kirghiz,1966
Kosovar_NOUN,2254
Käthe_NOUN,1438
Kipps_NOUN,2516
Kokusai,1060
Kiran_NOUN,11515
Korf,1562
Klopstock_NOUN,2283
Kristy_NOUN,9837
Koll_NOUN,1179
Kühne_NOUN,1814
Kitch_NOUN,1226
Körper_NOUN,1947
Kilimanjaro,6867
Kovács_NOUN,3639
Kloos,1352
Killean_NOUN,1589
Kingstown_NOUN,2031
Kimball,22049
Klebsiella_NOUN,11944
Krawczyk,2070
Kosova_NOUN,2830
Krahn,1486
Kier,2084
Kush,8605
Kulick,1385
Kiel_NOUN,12764
Kishimoto_NOUN,2698
Kreiner,1682
Kume_NOUN,1306
Károly_NOUN,1326
Kuhlmann_NOUN,3026
Knepp_NOUN,2160
Ksenia,2411
Korff,1553
Kuchma_NOUN,1926
Kirtley_NOUN,1213
Kylo,1295
Kneeling_VERB,9853
Kuntze,1211
Kyanite,1156
Kube,1146
Kinh,1219
Kolhapur_NOUN,1296
Kohlhaas,1424
Kramers_NOUN,4215
Kopec,1008
Kvale_NOUN,1931
Koba_NOUN,1435
Knocked_VERB,3314
Knitter_NOUN,1702
Killeen_NOUN,1935
Koufax,1319
Kuper,3374
Kochanek,1281
Klotz_NOUN,4320
Kubrick_NOUN,14083
Knowlton_NOUN,6585
Kriz_NOUN,1282
Kyanite_NOUN,1138
Krasner,5449
Kurland,2720
Klansmen,3237
Kui_NOUN,20166
Kumi,1970
Kiely_NOUN,3531
Kieron_NOUN,2727
Krushan_NOUN,1488
Kroon,2515
Koren_NOUN,6448
Klee_NOUN,8327
Käthe,1442
Konrad_NOUN,27233
Kindt_NOUN,1482
Kulla_NOUN,2639
Knockdown_NOUN,1228
Kovak_NOUN,1056
Kisa,2087
Kuh_NOUN,4019
Kleiner,5206
Krafft,5412
Kristoff,2640
Kyoshi,1315
Kin,38340
Köppen,1540
Kolbe_NOUN,3374
Konings,1724
Kuching_NOUN,2446
Kilgore_NOUN,3726
Knighthood,2169
Kool_NOUN,6658
Kléber_NOUN,1086
Këto,1361
Kyrin_NOUN,8916
Kutcher_NOUN,1224
Kirkbride,1595
Kieran,20463
Kunkel_NOUN,3468
Kohala,1048
Korner,1699
Koestner,1324
Kitchin,5069
Koheleth_NOUN,1026
KΣ,3028
Kirsch_NOUN,8870
Koli_NOUN,1181
Konigsberg_NOUN,1397
Kyong_NOUN,1404
Klima,2178
Kistler_NOUN,2178
Kovalic_NOUN,1563
Krispies,1137
Kiribati_NOUN,8514
Kundu_NOUN,5744
Kjeldsen_NOUN,1022
Knoll_NOUN,10621
Kindly_ADJ,1056
Knockout,2345
Kony,3102
Krishnamurti_NOUN,3273
Klerk_NOUN,5450
Kjeldahl,1038
Kyoto_NOUN,53469
Kumaraswamy,1111
Kuomintang,8966
Klabbers,1461
Kuril,1487
Kitzinger,2627
Knoop_NOUN,1668
Konigsberg,1398
Kirmayer_NOUN,1640
Kipping,1077
Kitahara,1089
Kittler,4242
Kunsthistorisches_NOUN,1436
Kuno,3558
Kirk_NOUN,78612
Kilbride,1782
Klanor,1279
Kume,1306
Krajcik,1088
Klawans_NOUN,1240
Kotak,1051
Kuti_NOUN,1453
Kritika_NOUN,1776
Kobi_NOUN,2431
Kinley_NOUN,2649
Kollin_NOUN,1005
Kory,2314
Known_VERB,59142
Kindly_ADV,7803
Killian_NOUN,15790
Kmart_NOUN,2312
Kishida_NOUN,1059
Kutner_NOUN,1356
Kundalini,5068
Kitsch,1860
Kirch_NOUN,2753
Kligman_NOUN,1341
Kështu,6397
Krstić,1759
Kneeling_NOUN,1761
Koizumi_NOUN,4401
Kinematograph,1049
Kiraly,1070
Koreanska,2039
Kullu_NOUN,1771
Kislyak,4573
Knight_NOUN,189501
Krenn_NOUN,1351
Kronenberg,1922
Kinesiology,2498
Kundera_NOUN,4262
Krige,1634
Kluger,2942
Kuldeep_NOUN,1258
Kneale,1318
Kurman,1097
Kristopher,2640
Kosciusko,1408
Kilometers,1781
Kringelbach_NOUN,1198
Kosuke_NOUN,1455
Kvadruppel_NOUN,2039
Kleiman_NOUN,3376
Kuroki,1084
Kitt,9457
Kramer,56300
Kini_NOUN,1366
Krasnaia,1366
Koninklijke_NOUN,4848
Kuwaitis_NOUN,2628
Kurtz,15677
Korea,444453
Kua,2045
Koelsch_NOUN,2474
Klemm,3017
Kinneret,1774
Kink_NOUN,1624
Kremen,3603
Kiparsky,1580
Krantz_NOUN,4649
Kissel,1721
Koi_NOUN,1997
Kleenex_NOUN,5633
Kolob,1136
Kiecolt,1200
Kylie,26936
Kohath_NOUN,2491
Koichi,2050
Kowalewski_NOUN,1452
Kiso,1061
Koreansk,6118
Kremlin_NOUN,37995
Krav,3661
Kyushu,8164
Kinta,1213
Kilpatrick,10300
Kohath,2492
Kristallnacht,4356
Kittredge_NOUN,2874
Koc,1869
Kvasir,1381
Kohonen_NOUN,2450
Kul,2274
Kleene_NOUN,2089
Koos,1714
Kindle_NOUN,23633
Kuchipudi,1571
Kui,20221
Kuei_NOUN,1338
Knutsen,1314
Knossos_NOUN,4513
Kwangju_NOUN,1136
Kori,2159
Kouki_NOUN,1195
Kunst_NOUN,12563
Kuczynski,1907
Kudos,1766
Kircher,5409
Kyran_NOUN,1281
Klett_NOUN,2698
Kirsty_NOUN,12541
Kiswahili,2988
Kraakman,1099
Kleef_NOUN,1322
Kino,6605
Kipling_NOUN,24668
Kis,2522
Kozłowski_NOUN,1305
Kobuk,1196
Kings,187197
Koonin,1180
Kuzmin_NOUN,1730
Klotho_NOUN,1136
Kovit_NOUN,1683
Kit,127639
Kyria,1226
Kilmarnock_NOUN,2154
Krug,6151
Kokomo_NOUN,1676
Kupperman_NOUN,1458
Klerk,5462
Krapp_NOUN,2415
Kröll_NOUN,1162
Kittiwake,1029
Kirjath_NOUN,1094
Kotor_NOUN,1332
Kilbride_NOUN,1773
Kurki,1122
Kurbegovic,2302
Kollidon_NOUN,1299
Kimiko_NOUN,2056
Koselleck_NOUN,5315
Kipper_NOUN,4104
Kufa_NOUN,1971
Kunduz,1372
Kings_NOUN,187111
Knitting_NOUN,6194
Kraut_NOUN,6335
Klan_NOUN,31701
Kosten_NOUN,1152
Kirkcudbright_NOUN,1655
Kress_NOUN,10790
Kretschmer,2482
Königshausen_NOUN,1252
Kirchhoff,10089
Koenig_NOUN,17722
Kirche,7413
Kohn,20332
Klansman,1309
Koshi,1124
Kumara,1813
Kittel_NOUN,4032
Kirkeby,1349
Komarov,1709
Klimt,4243
Kristensen,6689
Komsomol,4189
Kornberg,1210
Kinsella,5457
Krsna,1361
Knack_NOUN,1792
Krishna,84054
Kirschenbaum_NOUN,1532
Kinderman,1139
Kuo_NOUN,25854
Kudo_NOUN,3591
Kratochwil,1029
Koops_NOUN,1558
Kurile,1211
Kraj_NOUN,1925
Kingsolver,1547
Kilroy_NOUN,2462
Koreas,3180
Killick,1980
Kč,1015
Kovacs_NOUN,7820
Kraft_NOUN,23325
Koo_NOUN,9791
Kulturkampf_NOUN,1512
Kunlun_NOUN,7178
Kut,3815
Koli,1184
Krämer_NOUN,4403
Kraay,1983
Kyria_NOUN,1226
Klingemann,1171
Kirche_NOUN,3937
Kop_NOUN,2356
Kurz_NOUN,6828
Kronstadt_NOUN,3429
Koutrakos,1146
Klages,1118
Kung_ADJ,1686
Kleinian_NOUN,2687
Knauss,1167
Kilo,3328
Kr,6527
Krawczyk_NOUN,2065
Krushan,1488
Kronecker,6107
Kind_ADJ,1733
Kishon_NOUN,1242
Kills_VERB,3555
Koob,3044
Koskinen,2518
Kirkland,10371
Kurz,6869
Kone,1071
Kupfer_NOUN,3147
Kunitz,1479
Köppen_NOUN,1513
Kultura,1467
Kornfeld,1125
Kreps_NOUN,2899
Klee,8395
Kuchipudi_NOUN,1547
Konstruktion,1289
Kinkaid_NOUN,2172
Kokott,1565
Koa_NOUN,2609
Kubler,2073
Krifka,1552
Kirton,2965
Koryo_NOUN,1054
Kravitz,2701
Kudo,3595
Kimiko,2080
Krieges,1250
Kristin,28065
Kubota,6261
Knowledge,379510
Köln_NOUN,7394
Kumbha_NOUN,2933
Krugman,9679
Krajina_NOUN,1741
Koot_NOUN,1259
Knee,26922
Krausz_NOUN,1446
Kosmos_NOUN,2888
Korner_NOUN,1666
Krasin,1232
Kilauea,1943
Kokkinos,1553
Kloepper_NOUN,1366
Kraay_NOUN,1983
Killing_ADJ,1187
Kinnock,2713
Kindred,6526
Koons,2657
Kv,1358
Klinefelter,3552
Kurihara_NOUN,2454
Kirkwall,2209
Kupffer_NOUN,3109
Kim_NOUN,479335
Kuiper,10256
Kyrian_NOUN,1852
Kujala,1314
Kröner,1219
Kinnear_NOUN,1836
Kluckhohn_NOUN,2296
Kool,6870
Kiowas_NOUN,2482
Kindergarten,10682
König_NOUN,12129
Kore_NOUN,4909
KÀ1,1027
Kol,7776
Ksenia_NOUN,2407
Knowledge_NOUN,379335
Kinabalu_NOUN,1824
Kiko_NOUN,2147
Kung_NOUN,16338
Krister,1139
Kingfisher_NOUN,6227
Kranenburg,2104
Koki,3082
Kilroy,2477
Kivy,1464
Kilgour,2804
Kokott_NOUN,1565
Königshausen,1252
Kley_NOUN,1544
Kincheloe_NOUN,2133
Kootenay,1852
Kurata,1011
Kumagai_NOUN,2383
Kilgour_NOUN,2778
Klemperer,2569
Knives_NOUN,7189
Kuntz,2736
Koreansk_NOUN,6118
Knauss_NOUN,1163
Kurdish_ADJ,26827
Kronborg_NOUN,2888
Ku_NOUN,35064
Kinnunen_NOUN,1132
Kiln_NOUN,2596
Klausen_NOUN,1497
Kruger,17899
Kollmann,1113
Knoke,1151
Kine,1055
Kliuchevskii,1559
Kullback_NOUN,3051
Koivisto,1370
Kiera_NOUN,9073
Konstantinou,1031
Kites_NOUN,1694
Knill,1961
Kyu_NOUN,1478
Kuipers_NOUN,3527
Kingma,2631
Krise,2293
Kitto_NOUN,3079
Koontz_NOUN,3133
Koester,4973
Korngold_NOUN,3283
Kyr_NOUN,2388
Kini,1538
Knot_ADJ,1611
Knightsbridge_NOUN,3895
Komachi,1487
Killingsworth,1469
Kimo_NOUN,1686
Krazy_NOUN,1017
Kraus,21288
Kristeller,1776
Kishinev,1598
Krajewski_NOUN,1929
Kornai,1815
Koda,2365
Klin,4166
Kramsch,2037
Kritische_NOUN,2687
Kunshan,1225
Kristeva,17169
Kittie_NOUN,1073
Kunwar,1495
Knead,3457
Knox_NOUN,89712
Kwa_NOUN,2355
Kt,7216
Kothari,6158
Kitamura,5668
Kirkman_NOUN,4080
Kolata_NOUN,1024
Kreuter_NOUN,1936
Kitto,3080
Kronberg_NOUN,1158
Kish_NOUN,6003
Kovno,1385
Koss_NOUN,2727
Korda,2629
Kristol,3117
Kirchheimer,1042
Kipp_NOUN,6765
Krystal,8412
Kocka,1308
Krakow_NOUN,7443
Korpela,1141
Kristin_NOUN,28023
Kilda,4203
Kula,4506
Kofman_NOUN,2660
Kirst,1111
Kreiss_NOUN,1076
Krylov,3347
Kojima,6245
Klotho,1170
Kubera,1106
Kirshner_NOUN,1914
Kreisel_NOUN,1222
Klea,1301
Kloner,1025
Kilbourne,1483
Koen,5166
Kook_NOUN,3799
Kingsbury_NOUN,7430
Kosovo_NOUN,60569
Klug,3264
Kotze,1141
Konings_NOUN,1719
Korteweg,1274
Küng,2208
Komatsu,4841
Krasnaya_NOUN,1471
Kutta_NOUN,5628
Kiessling_NOUN,1223
Kingu,1103
Killion_NOUN,1304
Kubu,4889
Kiva_NOUN,3355
Kray,2552
Kunti,2944
Kiehl,1505
Klijn_NOUN,1702
Kruskal_NOUN,7053
Kwak_NOUN,5561
Kott,1354
Kli,1274
Kubicek,1199
Kuiken,1207
Krumhansl_NOUN,1092
Kracauer_NOUN,4047
Kozyrev_NOUN,1632
Klopp,2502
Komeito_NOUN,1032
Kirkendall_NOUN,1069
Kármán,2754
Krebs,17419
Kwame_NOUN,11627
Kiesling,1019
Knots_NOUN,4483
Kisch_NOUN,1431
Krasner_NOUN,5449
Kiernan,5623
Kral_NOUN,2215
Kirchen,1700
Kiri_NOUN,3415
Kilic,1431
Kirchner_NOUN,9150
Klatt,2049
Klarsfeld_NOUN,1527
Kuypers,1029
Kornilov_NOUN,3279
Kublai,3077
Kurian_NOUN,1544
Kipnis_NOUN,2496
Kumano_NOUN,1666
Krumholz_NOUN,1196
Kimberly_NOUN,37267
Krav_NOUN,3606
Kuo,25870
Kitagawa_NOUN,4268
Kolstad_NOUN,1064
Kolob_NOUN,1131
Koch_NOUN,73350
Kittim_NOUN,1130
Kirsteen,1515
Koblenz,3492
Kuku,1775
Kuwaitis,2647
Köster,1573
Kron_NOUN,2621
Kx_NOUN,2839
Kristina,15877
Kovit,1687
Kirklin_NOUN,1170
Knocks,1610
Kris,34915
Kites,1705
Killing_NOUN,12535
Kilduff,1535
Kövecses_NOUN,2184
Kollmann_NOUN,1109
Kulp,1083
Kongtrul,4200
Klansman_NOUN,1308
Kroner,1732
Kochan_NOUN,1718
Knight,189544
Kötz,1347
Kotkin,1621
Knickerbocker,5805
Kriging,3139
Kompetenz,1181
Klandermans_NOUN,1843
Kuhlmann,3028
Kindī,1054
Kuna_NOUN,2310
Koresh,1906
Kureishi_NOUN,1664
Kingsport_NOUN,1768
Kopano_NOUN,1339
Kilner_NOUN,1660
Kriemhild_NOUN,3342
Kurtzman_NOUN,2211
Kushal,1221
Kresge_NOUN,1836
Kieron,2735
Kjeldahl_NOUN,1004
Kroenke,1579
Kram,1526
Kinnard,1022
Klædebon,3718
Kokhba_NOUN,1950
Kurchatov,1544
Kubernetes,28875
Komachi_NOUN,1487
Klapper_NOUN,1817
Kindersley,5198
Krypton_NOUN,1744
Kuhlman,3491
Kreiner_NOUN,1680
Kley,1544
Knutsen_NOUN,1314
Kirkcaldy_NOUN,1470
Kraemer,8298
Kimmerer,1149
Kosaka_NOUN,1515
Kieff,1526
Krathwohl,2102
Kinch_NOUN,1434
Kristi_NOUN,6398
Koranic,1861
Knoch,1553
Kilmartin_NOUN,1295
Kolt,6430
Kyran,1286
Kraken_NOUN,3761
Kyiv,11553
Krystyna,1364
Kundu,5746
Krupa,1859
Kraal,1324
Knaus_NOUN,1125
Kilconnor,1149
Kühl,1004
Kindertransport_NOUN,1590
Kiley_NOUN,4811
Kuykendall_NOUN,1462
Kraepelin_NOUN,4494
Kretzmann_NOUN,1505
Kulka_NOUN,2062
Kisumu,1504
Kyushu_NOUN,8133
Kyd_NOUN,2558
Kristeller_NOUN,1776
Krausz,1447
Kuypers_NOUN,1029
Kumaon,1667
Kulkarni,10868
Knop,1552
Kole_NOUN,4380
Konrad,27316
Kiriath,2072
Kitano,2615
Korean,322767
Kultur_X,4100
Koole,1299
Kora_NOUN,3631
Klass,2328
Kongling,1868
Korpi,1236
Kuwabara_NOUN,1457
Kootenai,1482
Kingship,7953
Kochi_NOUN,5799
Kiya,2744
Kluckhohn,2299
Koval_NOUN,1682
Krapp,2415
Kirkcaldy,1521
Kitayama_NOUN,5266
Knutson,5018
Klimov,1474
Krillie,3482
Klondike,5778
Kikuchi_NOUN,9472
Krio_NOUN,1387
Kutch_NOUN,2535
Kingpin_NOUN,1590
Kozak,5543
Kinta_NOUN,1206
Kram_NOUN,1524
Konno,1844
Kitch,1240
Knowlton,6594
Krishnaraja,1235
Kostka,1435
Korolev_NOUN,2459
Kraska,1049
Kneel_VERB,5101
Kristol_NOUN,3110
Kravis,1160
Kwai_NOUN,2229
Kloos_NOUN,1352
Kishore_NOUN,4899
Klijn,1702
Koryŏ_NOUN,1721
Kinda_NOUN,3852
Kinder,13100
Kwok,7908
Kingella_NOUN,1618
Komatsu_NOUN,4695
Kurdish_NOUN,28421
Kila,3292
Kravchuk,1423
Komnenos,1928
Kimball_NOUN,21937
Kiro,1611
Koala_NOUN,1723
Knoblauch_NOUN,1955
Krishi,1319
Kroeber,4483
Kugel_NOUN,2729
Kurgan_NOUN,2155
Kooi,1281
Knopf_NOUN,41954
Kundalini_NOUN,5040
Kilmer_NOUN,2682
Kooi_NOUN,1100
Knowledgeable,1984
Knopp,1395
Kitten_NOUN,7025
Kung_VERB,1494
Kokutai_NOUN,1989
Kunstler,1223
Kyung,4024
Kirkcudbright,1663
Kongtrul_NOUN,4144
Klan,31847
Kris_NOUN,34588
Korčula_NOUN,1018
Kontos_NOUN,1278
Koerner_NOUN,3620
Krishnamoorthy_NOUN,1694
Kinematic,5881
Kitay,1566
Konkani,1413
Kingo,1258
Kilmainham,1147
Klingberg,1017
Kister,1365
Komal,1421
Kier_NOUN,2073
Königsberg,6569
Klebsiella,11993
Krishnamurti,3276
Kull_NOUN,3156
Killers,7259
Kylan_NOUN,1586
Krysia,2101
Kingsland,2192
Kraakman_NOUN,1099
Kjell_NOUN,1938
Kreutzer,2799
Kingo_NOUN,1253
Kunze,3358
Kulturkampf,1554
Kyla_NOUN,5065
Kubera_NOUN,1106
Knudson,2757
Kiran,11577
Knightley_NOUN,9610
Kloss_NOUN,1827
Klingner_NOUN,1026
Kiesler,2711
Kord_NOUN,1709
Kort,2428
Knave,4170
Kudos_NOUN,1745
Kose_NOUN,1791
Kroemer,1310
Kölner_NOUN,1362
Kon,5812
Koran,23234
Krems_NOUN,1494
Krishnaswamy_NOUN,1443
Knowles_NOUN,26149
Kirche_X,3442
Kron,2623
Kozma_NOUN,1247
Koffka,1430
Krillie_NOUN,3480
Kono_NOUN,3907
Kyodo_NOUN,1016
Kurth_NOUN,2997
Kiev_NOUN,27865
Kissed,3992
Kinloch,2459
Kongress_NOUN,1070
Knollys_NOUN,4074
Kronos_NOUN,5825
Kochanska_NOUN,1917
Kojève_NOUN,2858
Krook,2136
Kyi_NOUN,7899
Ko_X,3389
Kuster_NOUN,1210
Kleingläubigen,1188
Koller,6677
Killer_NOUN,34714
Killed_VERB,27015
Kubla_NOUN,1909
Kullback,3052
Kom,5883
Krook_NOUN,2131
Kosher_ADJ,2080
Kislev,1112
Knickerbocker_NOUN,5803
Kye,2974
Kura_NOUN,2075
Kulthum_NOUN,1142
Kleiber_NOUN,1508
Krippendorff_NOUN,1826
Kovner,1346
Krauts,1347
Kismet,3146
Kurds,29340
Kingdom_NOUN,584873
Kummer_NOUN,2899
Kommunikation_NOUN,1674
Kolstad,1067
Kirchner,9194
Korin_NOUN,1948
Koreans,41141
Knock,27811
Kinh_NOUN,1191
Kregel,2364
Kulikov_NOUN,1672
Körper,2496
Krog_NOUN,1510
Kristiansand,1256
Köpke,1134
Košice_NOUN,1550
Krupa_NOUN,1857
Kotter,5808
Knell,1376
Kwok_NOUN,7899
Kojia,1670
Kirsh_NOUN,1292
Kurian,1546
Kurokawa,2206
Knobloch_NOUN,2255
Knafo,1109
Kinks,1436
Kota,7042
Knot_NOUN,11030
Klabbers_NOUN,1461
Kohan_NOUN,1041
Kingdon_NOUN,5800
Konoe_NOUN,1156
Kriege_NOUN,1035
Kristofferson,1309
Kira_NOUN,54599
Kou,10232
Kolodny_NOUN,2316
Kodansha,2023
Kozinets_NOUN,2043
Kumm,1631
Kusakabe,1124
Kunstgeschichte_NOUN,1110
Kinnaird,2060
Krishti_X,1180
Koreas_NOUN,3171
Koski,1854
Kulturgeschichte,1660
Korb,1491
Kunwar_NOUN,1495
Korhonen,2683
Kose,1817
Kinnear,1843
Koss,2727
Kwong,5308
Klar_NOUN,1511
Koshi_NOUN,1119
Käsemann_NOUN,2209
Kojima_NOUN,6243
Ktav_NOUN,1226
Kister_NOUN,1364
Kotak_NOUN,1050
Koenen_NOUN,1920
Kingsport,1830
Kragh_NOUN,1377
Kleene,2100
Koine,1396
Kohen_NOUN,2325
Koselleck,5326
Koo,9811
Koyama_NOUN,4739
Kilimnik,3623
Komer_NOUN,1563
Kishon,1242
Klugman,1352
Kitchin_NOUN,5066
Kinghorn_NOUN,1039
Kyrie,7105
Kosta,2572
Kohli_NOUN,8380
Krall_NOUN,1980
Kutz_NOUN,1968
Kojou_NOUN,1923
Köhler,9216
Killa,1300
Kristof,5264
Killings,4320
Kripal,1486
Kinnunen,1134
Krishnamoorthy,1694
Klara,11281
Kristy,9852
Kino_NOUN,6384
Kumarappa,2185
Kuna,2370
Kxx,2031
Kop,2372
Kill_NOUN,20684
Kotkin_NOUN,1616
Kimberlé_NOUN,3147
Kies_NOUN,1182
Kirkendall,1076
Kross,2628
Kumari,8313
Koran_NOUN,22354
Kimble,4652
Killed,27022
Kotze_NOUN,1127
Koskenniemi,4054
Kriemhild,3411
Krzysztof,5120
Kristiansen_NOUN,3567
Kindler_NOUN,2050
Kleinschmidt_NOUN,1591
Knolles_NOUN,1068
Kringle_NOUN,1101
Krull_NOUN,4283
Knoxville_NOUN,17303
Kien_NOUN,4969
Kristine_NOUN,7470
Kisin,1000
Kyodo,1020
Kobe,13113
Kronecker_NOUN,6104
Kosim,1015
Kochenov_NOUN,1673
Któryż_NOUN,1370
Krone_NOUN,2575
Krishi_NOUN,1319
Kuba,2218
Kirehe_NOUN,1030
Kinoshita,4491
Knights_NOUN,61927
Kratz,2782
Kumar,164920
Kirkland_NOUN,10310
Kojia_NOUN,1670
Kohima,1409
Klop_NOUN,1290
Kushite_NOUN,1142
Kochhar,1654
Kozyrev,1636
Kirshenblatt,1138
Kracauer,4050
Komal_NOUN,1417
Kuipers,3531
Kupffer,3127
Klooster_NOUN,1060
Kléber,1088
Kiruna_NOUN,1113
Kindly,8861
Klædebon_X,1045
Kimchi_NOUN,2956
Kingdome,2299
Kilbourne_NOUN,1478
Kochan,1720
Kraków,11270
Kumaraswamy_NOUN,1078
Kismet_NOUN,3087
Kolmogorov_NOUN,12456
Knotts,1206
Kinesiology_NOUN,2496
Klass_NOUN,2313
Kunsheng_NOUN,1315
Knows,14607
Kirkham,5333
Kontext_NOUN,1076
Kreuter,1945
Kwang_NOUN,3768
Knowl,7186
Kinshasa_NOUN,6877
Kripke,10151
Kutas_NOUN,1311
Knowingly_ADV,1338
Kotz,3098
Klædebon_NOUN,2673
Kramer_NOUN,56213
Kukla,1105
Kiriath_NOUN,2072
Kotter_NOUN,5792
Kureishi,1665
Kooij_NOUN,1956
Kirkman,4091
Kupperman,1458
Killing,55086
Knepper_NOUN,1511
Klement_NOUN,1404
Kleinig,1474
Kong,368168
Kika,1241
Kiessling,1225
Kloppenborg_NOUN,2352
Knapp,20372
Köln,7534
Krysia_NOUN,2101
Kosciuszko,1376
Kropotkin_NOUN,6841
Kohen,2326
Kunsthalle_NOUN,1301
Kumar_NOUN,164853
Kinzler,1072
Kraftwerk_NOUN,1151
Klincksieck_NOUN,1144
Klippel_NOUN,2013
Krings,1328
Kinsale,2635
Koegel_NOUN,1358
Kriesi,3186
Knapsack_NOUN,1429
Kimberley,14654
Kuriyama,1010
Kolakowski_NOUN,1103
Kp_NOUN,3379
Klein,123487
Knitting,7362
Kirschbaum_NOUN,2183
Kratzer,2874
Knuckles_NOUN,3766
Kuyper,4165
Kleiber,1511
Kollgrim,1000
Kinsmen_NOUN,2049
Knuckle,1457
Kogut_NOUN,2142
Kinkel,1144
Kumari_NOUN,8309
Kington,1032
Kya,2679
Knippenberg,2131
Killarney,3748
Kisumu_NOUN,1448
Krey,1482
Krugman_NOUN,9670
Knighthood_NOUN,2169
Kshatriya,2768
Kincaid_NOUN,16990
Kutner,1358
Kristiansand_NOUN,1246
Korps_NOUN,2837
Kuldip,2161
Kosta_NOUN,2554
Kobayashi,26210
Kurtis_NOUN,2853
Klasse,2290
Kosinski,2341
Kongsfjorden_NOUN,1917
Kurki_NOUN,1121
Kuan,12959
Koine_NOUN,1368
Kölner,1433
Krems,1532
Koop,3422
Koga_NOUN,4267
Kutta,5630
Kubernetes_NOUN,28788
Kristofferson_NOUN,1307
Kindersley_NOUN,5080
Kostova,1459
Kingsway_NOUN,1479
Kilimanjaro_NOUN,6843
Kristopher_NOUN,2637
Krane_NOUN,3041
Kongo_NOUN,6521
Krogstad_NOUN,2594
Koresh_NOUN,1894
Kingsley,34068
Kirzner_NOUN,1714
Knocking_VERB,5750
Kronborg,2888
Krech,1058
Kray_NOUN,2494
Kohn_NOUN,20312
Knobel,1769
Kinky_NOUN,1532
Kull,3168
Kosciusko_NOUN,1395
Kiryat_NOUN,1312
Kinzie,5061
Knoxville,17324
Kin_NOUN,37702
Kinsley_NOUN,7617
Kosovar,2474
Kreuger,1418
Kushite,1238
Kirillov,2799
Kukkonen,1462
Kittay,1871
Kolby_NOUN,1241
Kozłowski,1311
Kock_NOUN,4293
Kvanvig_NOUN,1218
Konstantinov,1116
Kluge_NOUN,9041
Kotler_NOUN,8214
Koru_NOUN,1131
Kofi,11921
Kistler,2180
Koryŏ,1807
Kohei_NOUN,1057
Komeito,1046
Krosnick_NOUN,1608
Kwang,3776
Koehler,13380
Komar_NOUN,1319
Kurokawa_NOUN,2206
Kleiman,3382
Kuruvilla_NOUN,1090
Kuiken_NOUN,1207
Krumlov_NOUN,1136
Kom_NOUN,4676
Kundera,4267
Kush_NOUN,8543
Kristen_NOUN,30139
Konner_NOUN,1756
Kurdistan_NOUN,16961
Kovacevic,1041
Kyd,2567
Krim,2179
Kinetoscope,1035
Kurukshetra_NOUN,2742
Kumbh,1177
Knossos,4527
Kiri,3433
Klaassen_NOUN,2300
Koster_NOUN,6332
Knudson_NOUN,2757
Kretschmann_NOUN,1092
Kollontai_NOUN,1527
Klawans,1240
Koto,1947
Kozinski_NOUN,1018
Kuklick_NOUN,1026
Koehn_NOUN,1937
Kunda,2869
Koru,1147
Klippel,2013
Kshatriyas,1955
Kindling,1217
Kreutz,1392
Kym,3473
Krai_NOUN,3138
Kunin_NOUN,1092
Kovacs,7842
Kreuz_NOUN,1853
Kriesi_NOUN,3170
Klima_NOUN,2149
Kirsch,8893
Klugman_NOUN,1351
Kluwer_NOUN,47669
Kovalic,1565
Kuster,1210
Kirby_NOUN,51835
Kuti,1479
Kxx_NOUN,1983
Klingon,1643
Klopfer_NOUN,1418
Kite,12180
Kështu_X,4032
Kratos_NOUN,1222
Klaus,48489
Knobe,1152
Kivu_NOUN,3053
Kru,1297
Kinda_X,2826
Kindi,1956
Kirchoff_NOUN,1192
Kitāb_NOUN,4647
Kutuzov,4255
Koji,3742
Kristoffer,1804
Kusch,1177
Kroll_NOUN,10552
Kingman_NOUN,4155
Koirala,1414
Kloepper,1366
Kinsey_NOUN,12815
Krahn_NOUN,1486
Klinge_NOUN,1082
Kwei,1203
Kreuzer,1488
Krzysztof_NOUN,5101
Kullu,1777
Kshatriya_NOUN,2765
Kleiner_NOUN,5201
Kiera,9077
Knights,61967
Krishna_NOUN,83805
Kilgore,3755
Kucera_NOUN,1438
Kommos,1300
Kristoff_NOUN,2636
Kuznets,8327
Klasse_NOUN,2084
Kiser_NOUN,1804
Kristian,6614
Kringelbach,1198
Kii,1061
Kyla,5075
Kirkham_NOUN,5330
Krispies_NOUN,1125
Kurtz_NOUN,15673
Kästner_NOUN,1101
Kubrick,14168
Klinger_NOUN,6720
Kuperman_NOUN,1038
Kornfield,1518
Krasnoyarsk_NOUN,2866
Kwesi_NOUN,1403
Kitson,3427
Kvist_NOUN,1082
Klostermann_NOUN,3091
Ko_NOUN,31745
Kinetoscope_NOUN,1031
Kislyak_NOUN,4548
Kühl_NOUN,1004
Knightly,1501
Kuntz_NOUN,2736
Kitty_NOUN,115287
Komnenos_NOUN,1924
Kunduz_NOUN,1370
KwaZulu_NOUN,7518
Kiska_NOUN,2798
Kingdome_NOUN,2288
Korolev,2461
Kozma,1249
Knighton_NOUN,3974
Kinnard_NOUN,1022
Kingsborough,1138
Kunz_NOUN,6684
Kwan_NOUN,12829
Knob_NOUN,4342
Krenn,1351
Kuklinski_NOUN,4588
Kinkel_NOUN,1127
Krasin_NOUN,1229
Kolt_NOUN,6384
Kushal_NOUN,1220
Kitchener_NOUN,15975
Krishnamurthy,4343
Knobel_NOUN,1768
Kreisler,1854
Kross_NOUN,2628
Kirill,6020
Knudsen,11498
Kitzinger_NOUN,2627
Kleinman_NOUN,8470
Krizhevsky,3074
Kostova_NOUN,1459
Kiko,2161
Kirsti_NOUN,1655
Koppel,3164
Kraftwerk,1151
Kohler,15385
Kunde,1413
Koh,17358
Kurbegovic_NOUN,2300
Kuwaiti,11379
Killer,34743
Kinetic_NOUN,9063
Kishimoto,2778
Korejském,2039
Kw,1007
Kilkenny_NOUN,5872
Kvale,1931
Kirke_NOUN,4032
Komodo,3043
Krishan,1899
Krasnodar,2020
Kieffer,3252
Kyong,1443
Kord,1724
Kutas,1312
Krakatoa,1832
Korr_NOUN,1654
Klostermann,3091
Kingsbury,7433
Koki_NOUN,3078
Krista,17200
Kuch,1184
Kothari_NOUN,6158
Kumarappa_NOUN,2171
Kristiania,1361
Kobo_NOUN,2179
Killion,1319
Kilby_NOUN,3126
Kinesthetic_ADJ,1101
Kim,479480
Kra_NOUN,1063
Kip,24345
Kleist,8662
Krak_NOUN,1429
Kropotkin,6849
Korematsu_NOUN,2090
Knot,12641
Kyoto_ADV,1244
Kooij,1984
Kisses_NOUN,6773
Konovalov,1007
Kunal_NOUN,5773
Kristofer,2018
Kovacic,1217
Kodiak,4194
Knobe_NOUN,1152
Kiyo,1010
Kupfer,3164
Kivy_NOUN,1460
Koufax_NOUN,1319
Kubelka,1148
Kiryat,1326
Krone,2637
Kovács,3643
Kuon_NOUN,1337
Komagata_NOUN,1321
Knowing_VERB,182396
Kokomo,1704
Koskinen_NOUN,2494
Kraal_NOUN,1305
Kirkbank,1147
Koster,6363
Kirti,1604
Kimmie,3879
Kimi,4053
Kuon,1337
Kleingläubigen_NOUN,1188
Kunar_NOUN,1058
Kritik_X,2171
Kopp,6531
Kragh,1377
Km_NOUN,11843
Kretschmann,1095
Kirkaldy_NOUN,1587
Kollar_NOUN,1494
Kinematograph_NOUN,1048
Kierkegaardian_NOUN,1272
Knud,3966
Kieft_NOUN,1140
Knowe,1273
Kosmos,3110
Knows_VERB,14605
Koopman_NOUN,5101
Kristo_NOUN,1849
Kuznetsova_NOUN,1631
Kuril_NOUN,1485
Kinky,1956
Krill_NOUN,1857
Kingsville_NOUN,1181
Kunar,1067
Kott_NOUN,1353
Kruse_NOUN,8891
Knock_ADJ,3044
Kodama_NOUN,4004
Kingsland_NOUN,2187
Klemperer_NOUN,2567
Kmita_NOUN,7615
Kurosawa_NOUN,6480
Koestner_NOUN,1324
Korsgaard,3131
Kyleigh_NOUN,1862
Krafft_NOUN,5394
Kiinalainen_NOUN,2039
Koro,1594
Kobuk_NOUN,1196
Klempner_NOUN,2015
Kovac_NOUN,2472
Kornhauser,1517
Kroeger_NOUN,2279
Koalition,1321
Kretzschmar,1259
Knox,90544
Kleinman,8477
Kozhikode_NOUN,1146
Klose_NOUN,2419
Kühn_NOUN,3181
Kocsis,1523
Kruglanski_NOUN,2897
Kirkus,2948
Knit_ADJ,2380
Kozlov_NOUN,4188
Knots,4538
Kilou_NOUN,1122
Konovalov_NOUN,1007
Kota_NOUN,6851
Kraska_NOUN,1044
Kroc,1751
Kylee,2223
Komar,1319
Kitarō_NOUN,1130
Kranz_NOUN,4791
Koenig,17728
Kloner_NOUN,1025
Kobylians'ka,2528
Kurtosis,2373
Körner_NOUN,3016
Km,12026
Kyrian,1875
Kremen_NOUN,3558
Kum,3227
Kingdom_ADJ,8717
Knockout_NOUN,1899
Kristiansen,3569
Kuala_NOUN,22263
Kinematic_NOUN,4036
Kish,6236
Kirsti,1658
Kosi,1257
Klingemann_NOUN,1171
Knott_NOUN,9187
Kimbell_NOUN,1504
Kirehe,1033
Klea_NOUN,1301
Kowalski,10646
Kluge,9063
Koyré,1458
Knute,2838
Kirjath,1096
Kingsbridge,1165
Krupp_NOUN,5922
Kregel_NOUN,2360
Kori_NOUN,2141
Kyaw_NOUN,2303
Kostas,3213
Kshatriyas_NOUN,1941
Kitayama,5269
Kuyper_NOUN,4159
Krabbe,1470
Kumamoto,4425
Knopf,42014
Krishn,1745
Kishan_NOUN,1914
Kiriha,1610
Kidwell,2364
Kigali,6921
Kirsty,12572
Kushner,18824
Kronstadt,3433
Know_NOUN,22427
Kit_NOUN,126299
Kumbha,2933
Kroeber_NOUN,4482
Kuper_NOUN,3371
Kilmarnock,2159
Kuroshio_NOUN,6316
Kirklin,1175
Kindermann_NOUN,1122
Kinda,6923
Ks_NOUN,6607
Kusch_NOUN,1177
Kievan_NOUN,2359
Krauss_NOUN,12202
Krogh,3901
Kreis,4179
Krishnakumar_NOUN,1081
Knapsack,1436
Killen_NOUN,3255
Kratzer_NOUN,2873
Kohima_NOUN,1401
Klaas,3364
Kohlberg,10026
Kultur,10442
Kteřížto,1089
Korps,2863
Kot,2662
Kizzy,2165
Kohan,1044
Klingon_NOUN,1641
Kutub,1330
Koning,3582
Koen_NOUN,5157
Kokoda,1505
Kol_NOUN,7539
Kumaran,1550
Konstan_NOUN,2786
Kranenburg_NOUN,2104
Killick_NOUN,1974
Kádár_NOUN,1927
Kopelman,1416
Konopka,1052
Kutuzov_NOUN,4254
Kittel,4036
Killarney_NOUN,3694
Kimmel,10415
Kolar_NOUN,1749
Knut,9287
Kästner,1105
Kohler_NOUN,15374
Kleef,1323
Korf_NOUN,1562
Kodiak_NOUN,4178
Korngold,3293
Kinkaid,2221
King,2188869
Kost,1590
Kutub_NOUN,1329
Krupp,5930
Kyaw,2304
Kow_NOUN,1750
Kutúzov,2632
Kuwari,1535
Korealainen,2039
Kutnjak,1418
Kulturen,1349
Kuss_NOUN,1509
Kwakiutl,1750
Kunst_X,2866
Kunal,5790
Kilmartin,1295
Kiro_NOUN,1606
Knoch_NOUN,1553
Knop_NOUN,1551
Krug_NOUN,6118
Kunstler_NOUN,1220
Kmart,2320
Koç_NOUN,2078
Kushida,1435
Kirsh,1292
Kok_NOUN,10140
Kiss_VERB,25944
Klages_NOUN,1112
Kiska,2812
Korczak,1834
Kristensen_NOUN,6686
Klinefelter_NOUN,3551
Kite_NOUN,11744
Kowalski_NOUN,10638
Kosuke,1467
Kitay_NOUN,1561
Kyrios,1025
Kushwaha,1257
Krantz,4650
Klaussen,1179
Koops,1561
Kornbluh_NOUN,1020
Kotler,8229
Kobylians'ka_NOUN,2492
Kissimmee,1117
Kroger_NOUN,4666
Kiwis,1440
Korey,1280
Kock,4323
Koskela,1234
Konstantin_NOUN,15237
Kinsman_NOUN,3070
Kinnock_NOUN,2712
Koestler,6908
Klocke_NOUN,1346
Käsemann,2222
Klausner_NOUN,2129
Kurtzman,2223
Kulthum,1142
Kumm_NOUN,1605
Kuhns_NOUN,1055
Kitāb,4698
Krenz,1270
Koya,2532
Klinghoffer_NOUN,1320
Koopmans,3607
Knapton,1295
Kohala_NOUN,1044
Kilpatrick_NOUN,10278
Kornilov,3282
Kindeken_X,1008
Kwak,5561
Kuehn,3111
Kinross,1946
Kikuyu_NOUN,7301
Korn,7253
Knoppers,1884
Kircher_NOUN,5391
Kos_NOUN,5183
Klerman_NOUN,1097
Kimbrough_NOUN,2062
Kunshan_NOUN,1225
Kuttner,2339
Korth_NOUN,1075
Kimo,1707
Krohn,4238
Kunth_NOUN,1024
Knowles,26191
Komori_NOUN,1319
Kikuyu,7345
Kirsteen_NOUN,1501
Kumasi_NOUN,3224
Krish,4654
Kirschbaum,2208
Kobani_NOUN,1428
Kokoschka,2094
Krasnov,1133
Kobal,2861
Kincaid,17635
Kluyveromyces_NOUN,1470
Kimon,1059
Kochanska,2077
Kitteridge_NOUN,1133
Kurland_NOUN,2718
Krakauer,2055
Kyler_NOUN,3076
Korea_NOUN,444328
Kunst,15555
Kn_NOUN,6318
Kopano,1340
Kinbote_NOUN,1048
Kyrgyz_NOUN,13840
Koot,1265
Kolyma,1555
Kuma,2590
Kids_NOUN,79929
Koul,1724
Kippur,11938
Kirkwood,8577
Kuang,16572
Kosher,9265
Kinetics,22340
Kodak,13095
Konner,1759
Kila_ADJ,1154
Krist,1102
Kuno_NOUN,3543
Kruk_NOUN,1666
Kolko_NOUN,1955
Kova,2889
Koper,2037
Kuhrt,1062
Kyoto,55513
Kombucha,1882
Klesmer_NOUN,1353
Krio,1392
Kodi,1509
Ks,6757
Kiraly_NOUN,1068
Kylee_NOUN,2221
Kilcullen,1209
Kumaran_NOUN,1549
Kunsthistorisches,1438
Kylie_NOUN,26894
Kitchen_NOUN,41620
Krankheit_NOUN,1256
Kongsfjorden,1933
Krissy_NOUN,4168
Kuzma,2611
Ktav,1230
Kravis_NOUN,1160
Krüger_NOUN,7337
Kissing_VERB,18218
Kingswood_NOUN,2652
Kongling_NOUN,1867
Kurier_NOUN,1059
Königsberg_NOUN,6556
Kyrgyzstan_NOUN,19889
Knowest_ADJ,1249
Koranic_ADJ,1631
Kobayashi_NOUN,26193
Kwantung_NOUN,1531
Kooper,2276
Knitted,1523
Kitcher,2582
Kittery,1051
Kisaki,1296
Kossuth_NOUN,3579
Kinbote,1056
Kliegman,1059
Krom_NOUN,1373
Kolb_NOUN,17856
Krisch_NOUN,1277
Kosten,1366
Kretzmann,1506
Knead_VERB,2642
Kittery_NOUN,1045
Krell,6102
Know,185334
Kuntillet,1020
Kreisel,1227
Kikuchi,9472
Koc_NOUN,1847
Kindler,2051
Kovalev,2223
Kwajalein,1811
Kondo,11695
Koya_NOUN,2527
Kollidon,1299
Kuhrt_NOUN,1062
Kukkonen_NOUN,1459
Koslowski,1178
Kuntillet_NOUN,1016
Klemens_NOUN,1224
Komori,1383
Konstantinos,3815
Kyng_NOUN,1818
Kossuth,3640
Krasnaia_NOUN,1335
Kusama,1047
Kuroda_NOUN,5763
Koppen_NOUN,1464
Kyklos,1084
Kink,1635
Kα,1392
Krathwohl_NOUN,2102
Konstanz,3735
Koizumi,4408
Kwon_NOUN,18743
Kudzu,1085
Knoop,1671
Kriya,1866
Klin_NOUN,4166
Kirke,4054
Kostas_NOUN,3213
Kusum,1879
Kinross_NOUN,1945
Klang,3271
Kitt_NOUN,9454
Kisch,1431
Kodama,4007
Kriya_NOUN,1865
Kurdistan,17019
Krishnan,12708
Klockars,1200
Kostya_NOUN,4378
Kunth,1050
Kremer_NOUN,7608
Kildare_NOUN,7733
Kodály,6782
Kurita_NOUN,2279
Kiwanis_NOUN,1700
Kittiwake_NOUN,1013
Kondratieff_NOUN,1712
Krüger,7337
Klinghoffer,1320
Krein,1289
Kármán_NOUN,2582
Kunming_NOUN,7463
Kor_NOUN,3696
Kindai_NOUN,1285
Kreider_NOUN,2060
Kommentar_NOUN,3826
Kristan,1045
Kristeva_NOUN,17132
Knee_ADJ,4612
Krippner,1765
Kola_NOUN,6360
Kik_NOUN,1007
Kurtis,2861
Kiersten,1266
Kymlicka_NOUN,6819
Kootenay_NOUN,1826
Krech_NOUN,1058
Krag,1546
Kiruna,1116
Kurth,2998
Kononenko,1146
Knee_NOUN,22273
Kritik_NOUN,4772
Kirkpatrick_NOUN,21691
Kussmaul,1472
Kolodny,2316
Kinematics,5068
Knepp,2161
Klincksieck,1144
Krieg_NOUN,8239
Kr_NOUN,6324
Kyung_NOUN,3991
Knockdown,1228
Kulla,2639
Kitagawa,4269
Kosovo,60953
Kolk,6675
Krum,1083
Kittay_NOUN,1870
Kuwahara,1393
Kindred_NOUN,6039
Koul_NOUN,1721
Kwajalein_NOUN,1778
Kitahara_NOUN,1089
Kjaer,1658
Koudan_NOUN,1230
Kokoda_NOUN,1504
Kubicek_NOUN,1199
Konnor,2464
Knife,22499
Kina,2128
Kohl_NOUN,20544
Kouzes,1287
Kral,2224
Kirti_NOUN,1603
Kilman,1059
Kratz_NOUN,2782
Koirala_NOUN,1412
Koolhaas,3722
Kommunikation,2135
Kristal_NOUN,2392
Kilda_NOUN,4203
Kilimnik_NOUN,3623
Kodak_NOUN,13095
Kovach,2573
Kirchengeschichte_NOUN,1034
Kooper_NOUN,2271
Kurzweil_NOUN,5361
Kolmogorov,12461
Kirsi_NOUN,1271
Kisaki_NOUN,1294
Künstler,1431
Knit,6272
Kissinger_NOUN,38666
Koziol,1558
Kyllikki,1103
Kościuszko_NOUN,1218
Kingman,4208
Kloster_NOUN,1352
Kien,5010
Kona,6579
Kittens_NOUN,2490
Kinematics_NOUN,5053
Krishnamurthy_NOUN,4342
Kulturgeschichte_NOUN,1220
Kuzma_NOUN,2611
Korematsu,2105
Kursk,4489
Kulikov,1676
Kur,1754
KwaZulu,7550
Kigali_NOUN,6833
Kottayam,1600
Kislev_NOUN,1091
Korsakov,2110
Kiyoshi,3155
Kona_NOUN,6538
Kindī_NOUN,1054
Kindleberger,2529
Knoke_NOUN,1148
Kieft,1145
Konkan_NOUN,1561
Kloppenborg,2352
Klip,1038
Kursk_NOUN,4477
Kosim_NOUN,1013
Kubo_NOUN,5648
Krell_NOUN,6098
Kilometer,2271
Krisch,1277
Kuby,1312
Ky_NOUN,6613
Kontos,1281
Kintsch_NOUN,2028
Konkan,1568
Kretzschmar_NOUN,1259
Kostya,4385
Klingner,1026
Krogstad,2594
Koutarou_NOUN,6219
Korman,1884
Koval,1685
Kishida,1060
Kokhba,2086
Krsna_NOUN,1360
Kokutai,2020
Klingberg_NOUN,1017
Kotzebue_NOUN,2723
Kyro_NOUN,1191
Kuiper_NOUN,10245
Knack,1797
Konig,2117
Klesmer,1353
Kinsmen,2053
Kishor_NOUN,1802
Klimov_NOUN,1473
Klamath,5588
Kingfisher,6273
Kur_NOUN,1601
Krumm,1055
Kurata_NOUN,1009
Kl_NOUN,1680
Kozlowski_NOUN,4312
Kober_NOUN,2231
Kurds_NOUN,29331
Klara_NOUN,11274
Kirschenbaum,1537
Kriss_NOUN,1413
Kiesling_NOUN,1001
Kiln,2647
Kimani,2131
Kunti_NOUN,2944
Kyllikki_NOUN,1102
Kuykendall,1463
Kinsley,7617
Kinship_NOUN,16781
Kimberlé,3151
Kristiania_NOUN,1349
Kyden_NOUN,2076
Kopf_NOUN,3509
Kirmayer,1640
Kjartan_NOUN,1792
Korte,2636
Krajcik_NOUN,1088
Killers_NOUN,7255
Kwangju,1142
Kitchen,41654
Kuehn_NOUN,3111
Komagata,1322
Kii_NOUN,1031
Kissling,1246
Klop,1339
Klasen,1320
Koi,3227
Klagenfurt_NOUN,1608
Kinzie_NOUN,5054
Known_ADJ,5518
Kutcher,1250
Koyanagi,1214
Kuta_NOUN,1650
Kondratieff,1802
Krajewski,1930
Kowal,2452
Kröger,2020
Kyden,2084
Kruger_NOUN,17898
Kind,69102
Kisses,7400
Kunsheng,1315
Krakatoa_NOUN,1830
Kimani_NOUN,2127
Kitts_NOUN,9636
Krauthammer,1379
Kingswood,2665
Koi_X,1209
Kilner,1663
Któryż,1385
Knafo_NOUN,1109
Killing_VERB,41346
Krankheit,1511
Kwesi,1405
Klatt_NOUN,2049
Kriz,1283
Kowalczyk,1714
Kurdi,1947
Kra,1065
Koji_NOUN,3690
Kristjánsson,1143
Kl,1771
Krister_NOUN,1139
Kok,10150
Kmita,7631
Knopp_NOUN,1395
Klaneth_NOUN,1940
Komer,1567
Krieger,12274
Kingsway,1500
Kingella,1655
Koshy,1371
Kṛṣṇa,4297
Kirchheimer_NOUN,1041
Kterak_NOUN,1981
Kliuchevskii_NOUN,1556
Kilduff_NOUN,1535
Kiesler_NOUN,2709
Kook,3824
Kuczynski_NOUN,1899
Korah_NOUN,6848
Kuhn,50729
König,12403
Kwasi,1130
Kody,4311
Kovacevic_NOUN,1014
Kurihara,2462
Kübler_NOUN,4106
Knipe,1288
Kroemer_NOUN,1310
Kits_NOUN,2627
Krizhevsky_NOUN,3067
Know_VERB,162823
Kubiak_NOUN,1179
Kralicka,87678
Ku_X,1821
Kirov_NOUN,3056
Károly,1327
Kruk,1669
Kingly,1597
Knauer_NOUN,1506
Kits,2682
Kumi_NOUN,1592
Kühn,3184
Kineze_NOUN,2040
Knuckles,3766
Kindai,1398
Kulick_NOUN,1384
Kinsey,12830
Kvanvig,1219
Kyklos_NOUN,1084
Kneeling,11663
Kube_NOUN,1144
Krinsky,1113
Killen,3263
Knesset,11964
Kiir,2329
Kipling,25188
Kodaikanal,1023
Kristoffer_NOUN,1803
Krystyna_NOUN,1359
Koreans_NOUN,41139
Kieser_NOUN,1255
Kurita,2281
Knower_NOUN,1338
Koala,1731
Kristo,1851
Knowing,182856
Köster_NOUN,1573
Kurchatov_NOUN,1540
Köhler_NOUN,9213
Kishor,1802
Klonopin,1109
Kirkaldy,1622
Krashen_NOUN,2724
Koch,73363
Kinase,4465
Kirkuk,4700
Konno_NOUN,1843
Kyle_NOUN,146982
Kinglake_NOUN,1024
Kort_NOUN,2318
Klimt_NOUN,4229
Kydd_NOUN,2989
Kristian_NOUN,6581
Klux,17299
Kuei,1340
Kolbert,1654
Kurkas,1038
Kuki,1699
Kresge,1836
Kissel_NOUN,1719
Kjell,1940
Kore,5330
Kotlin_NOUN,8650
Klansmen_NOUN,3234
Kroeger,2281
Krauts_NOUN,1347
Kterýž_NOUN,2239
Kriss,1419
Kurdish,55433
Kotzebue,2800
Kost_NOUN,1578
Kindertransport,1603
Kusama_NOUN,1046
Koreanska_NOUN,2039
Kvadruppel,2039
Kolko,1966
Kos,5228
Klondike_NOUN,5677
Kornfeld_NOUN,1124
Klaassen,2300
Kraut,6369
Kuznets_NOUN,8306
Knecht,2884
Kraus_NOUN,21278
Kosofsky,2889
Kirstie_NOUN,4450
Kindermann,1122
Kocsis_NOUN,1523
Krakow,7484
Kornai_NOUN,1815
Kita,7316
Kiwi_NOUN,7817
Koussevitzky,1642
Kleinian,2956
Kneebone,2413
Kiel,13028
Kiril,1308
Klempner,2020
Kitamura_NOUN,5666
Kingston,57934
Kreuz,1933
Kolya_NOUN,5088
Kokkinos_NOUN,1552
Kimmy_NOUN,3009
Krashen,2742
Kiefer_NOUN,6625
Korsgaard_NOUN,3127
Kru_NOUN,1273
Kilburn,4419
Kiwi,7881
Knowledgeable_ADJ,1984
Krohn_NOUN,4237
Krista_NOUN,17162
Klip_NOUN,1032
Kugler_NOUN,4069
Kymlicka,6834
Kinshasa,6931
Korte_NOUN,2599
Kozhikode,1151
Kordofan_NOUN,1925
Kimi_NOUN,4007
Kingdoms_NOUN,17649
Kuroki_NOUN,1084
Kormos,1029
Kies,1200
Klare,1817
Klux_NOUN,17183
Kil_NOUN,1989
Kissling_NOUN,1243
Knicks,2410
Kuk_NOUN,1459
Kingpin,1601
Kurt,82780
Krane,3041
Konstan,2789
Kyra,14260
Koutarou,6409
Kootenai_NOUN,1481
Kiparsky_NOUN,1576
Koon,1545
Klooster,1061
Kreuzberg_NOUN,2043
Kuri_NOUN,2401
Kremer,7613
Kirsten,23172
Kingdoms,17670
Konopka_NOUN,1014
Kwong_NOUN,5004
Kon_NOUN,5633
Kishi,3885
Krymov,1627
Kogan,10275
Kwan,13048
Kremlin,38000
Kushner_NOUN,18809
Krieger_NOUN,12258
Kiva,3663
Kärkkäinen_NOUN,1336
Klose,2421
Koninklijke,5044
Kovak,1056
Kirkup,1225
Krog,1510
Kolbe,3375
Kádár,1939
Kole,4400
Kieran_NOUN,20343
Konzepte,1155
Kipps,2526
Kilian,5381
Kohut,5640
Knife_NOUN,22493
Kisa_NOUN,2066
Kiowas,2487
Kriegel_NOUN,2520
Kluyveromyces,1637
Kiwanis,1703
Koyré_NOUN,1455
Krumholz,1196
Konu,1050
Kyleigh,1868
Kruglanski,2907
Kirkup_NOUN,1224
Kipnis,2499
Kolar,1773
Komi_NOUN,2718
Kinloch_NOUN,2430
Künste_NOUN,1464
Knaus,1125
Kouzes_NOUN,1287
Kugler,4075
Krehbiel_NOUN,1237
Knocking,6266
Knolles,1068
Kubler_NOUN,2073
Knowe_NOUN,1186
Klahr,1213
Kunlun,7185
Kunstgeschichte,1239
Kotani_NOUN,1401
Kit_VERB,1078
Kohno,1558
Klein_NOUN,123462
Kowal_NOUN,2414
Koons_NOUN,2642
Kitsch_NOUN,1822
Koole_NOUN,1299
Krajina,1742
Kum_NOUN,3094
Kyra_NOUN,14255
Kwabena_NOUN,1037
Kindleberger_NOUN,2529
Knowingly,1498
Knew_VERB,20917
Kv_NOUN,1335
Kyng,1824
Kumaon_NOUN,1667
Kraft,23333
Kors,1615
Kroc_NOUN,1751
Korman_NOUN,1879
Knecht_NOUN,2859
Kou_NOUN,9479
Kovner_NOUN,1345
Kronberg,1158
Kirstie,4461
Komen_NOUN,1204
Krauss,12210
Klug_NOUN,3257
Kranz,4812
Kilwa,1152
Krogh_NOUN,3879
Kleve_NOUN,1346
Kuro,2206
Korteweg_NOUN,1274
Krasnodar_NOUN,1979
Kneller_NOUN,2017
Koolhaas_NOUN,3707
Knit_VERB,3887
Korčula,1023
Kisan_NOUN,2833
Kofman,2663
Kupper,1028
Krefeld_NOUN,1310
Kriege,1201
Kropp_NOUN,2052
Kyphosis,1045
Kubiak,1179
Kimura,18132
Kiya_NOUN,2722
Ky.,15857
Kitano_NOUN,2615
Kutnjak_NOUN,1418
Kwon,18754
Korczak_NOUN,1829
Kingsbridge_NOUN,1160
Kingu_NOUN,1089
Kingship_NOUN,7914
Krenz_NOUN,1270
Kilmer,2690
Klanor_NOUN,1275
Kuh,4032
Kinase_NOUN,4325
Kononenko_NOUN,1146
Kluger_NOUN,2942
Kova_NOUN,2886
Klaus_NOUN,48428
Knell_NOUN,1376
Klement,1404
Kierkegaard_NOUN,50223
Kruskal,7055
Killebrew,1074
Kura,2123
Koerner,3620
Kochi,5808
Kirin_NOUN,4856
Kreps,2900
Kiev,28218
Kinsella_NOUN,5457
Kyu,1705
Krewe_NOUN,1158
Krasnov_NOUN,1133
Kola,6515
Klassen_NOUN,4572
Korsakoff,2808
Kippur_NOUN,11676
Kimber_NOUN,13898
Kiswahili_NOUN,2971
Kindergarten_NOUN,10538
Komonchak,2009
Kinsman,3262
Kil,2024
Kterýžto,1132
Koudan,1231
Kubik_NOUN,1952
Kreis_NOUN,3906
Kiffin_NOUN,1539
Kuklinski,4588
Kröll,1163
Kody_NOUN,4153
Knut_NOUN,8941
Kitab,4542
Kozol,1466
Kultura_NOUN,1451
Kobrin,1084
Kojo,2720
Kong_NOUN,367071
Kloet,1075
Kinks_NOUN,1434
Künste,1855
Kirsten_NOUN,23139
Kwai,2229
Krein_NOUN,1279
Kindness,15296
Kooning_NOUN,3058
Koryo,1087
Krakauer_NOUN,2051
Kneebone_NOUN,2411
Koehl,1075
Krypton,1771
Ku,36931
Kiely,3532
Kirstein_NOUN,1606
Kirghiz_NOUN,1952
Kurus_NOUN,1012
Krim_NOUN,2127
Kincheloe,2133
Kościuszko,1227
Klem,1246
Kterak,2241
Krabbe_NOUN,1467
Kp,3452
Kitajima,1118
Kurzweil,5361
Kohlberg_NOUN,10026
Kosher_NOUN,6731
Kono,4055
Kinney,10727
Kuriyama_NOUN,1010
Kriegsmarine_NOUN,1963
Kilman_NOUN,1059
Koning_NOUN,3530
Kolb,17901
Kidwell_NOUN,2360
Kohathites,1374
Kuki_NOUN,1693
Kreiss,1076
Konkani_NOUN,1391
Kineze,2040
Kulik_NOUN,3444
Körner,3026
Krishnaswamy,1443
Kingsmill_NOUN,1103
Knapp_NOUN,20368
Ky,7052
Kress,10800
Kornbluh,1021
Kronos,5861
Kortmann,1555
Krings_NOUN,1325
Korean_NOUN,151640
Kimble_NOUN,4633
Kobal_NOUN,2825
Kilic_NOUN,1426
Killeen,2288
Kummer,2924
Kinsale_NOUN,2624
Kunt,2506
Kṛṣṇa_NOUN,4293
Kubota_NOUN,6260
Kirkus_NOUN,2906
Kowloon,6906
Kritische,2757
Kohli,8383
Kuro_NOUN,2176
Korten,1689
Kirstein,1608
Kitchener,16283
Kring,1488
Kublai_NOUN,3071
Knuth_NOUN,3087
Kronig_NOUN,1771
Kravchenko_NOUN,1839
Knotts_NOUN,1205
Knave_NOUN,4042
Kun,36009
Knapton_NOUN,1295
Knocked,3314
Koichi_NOUN,2042
Kuru_NOUN,4634
Kingma_NOUN,2629
Kleinschmidt,1591
Kult,1037
Knud_NOUN,3964
Kuching,2453
Kuba_NOUN,2172
Kula_NOUN,4437
Kusum_NOUN,1878
Knudsen_NOUN,11489
Kojou,1972
Kingsmill,1107
Kingdon,5836
Košice,1563
Kolchak,4275
Korhonen_NOUN,2677
Krebs_NOUN,17372
Kirwan_NOUN,4442
Kuwabara,1457
Kirchengeschichte,1246
Kurgan,2190
Kimbell,1508
Kogan_NOUN,10268
Kirstin,2197
Koehn,1938
Klarsfeld,1527
Kosygin_NOUN,2564
Kübler,4106
Kirksville_NOUN,1351
Kishi_NOUN,3870
Kövecses,2187
Kyr,2390
Klagenfurt,1611
Krol,2095
Kotov,1694
Kuhnian_NOUN,1026
Kora,3744
Krumhansl,1099
Koester_NOUN,4969
Kievan,2368
Kingsolver_NOUN,1546
Kun_NOUN,35734
Knobloch,2256
Kimber,13923
Ko,35259
Kleine_NOUN,5201
Kynaston,2018
Kutz,1968
Kinglake,1052
Kindle,24055
Kuklick,1026
Kiselev,1571
Kuala,22273
Kligman,1341
Kringle,1101
Kreutzer_NOUN,2799
Kopytoff,1346
Kuby_NOUN,1312
Kree_NOUN,2378
Kroon_NOUN,2494
Komorowski,1116
Kobo,2242
Kuban_NOUN,3138
Kut_NOUN,3417
Killean,1665
Krey_NOUN,1482
Kling_NOUN,4767
Kleinberg,3005
Knightsbridge,3899
Kiron,1136
Knew,20929
Klassen,4708
Kochenov,1675
Komorowski_NOUN,1114
Kuban,3165
Kleinberg_NOUN,3003
Konya,3572
Kohonen,2456
Kirtland,4592
Kita_NOUN,6867
Kriegsknechte,2833
Kiron_NOUN,1133
Koza,1518
Kul_NOUN,2213
Kline_NOUN,18614
Kurzman_NOUN,1049
Koyama,4744
Kinder_NOUN,13085
Kojiki,1272
Klaas_NOUN,3320
Kuroshio,6332
Kwei_NOUN,1201
Kleve,1402
Klaneth,1940
Kroenke_NOUN,1578
Kittie,1080
Kuk,1460
Kobrin_NOUN,1084
Kristjánsson_NOUN,1143
Komm,1108
Kila_NOUN,2133
Kilwardby_NOUN,1264
Kramers,4220
Kilburn_NOUN,4378
Kopf,3982
Kober,2239
Klapper,1819
Kosinski_NOUN,2341
Koskela_NOUN,1234
Kolhapur,1305
Klem_NOUN,1246
Korten_NOUN,1688
Kylin_NOUN,1625
Kreuzberg,2043
Kollwitz_NOUN,1013
Kunt_NOUN,2501
Kingsford_NOUN,3010
Kristof_NOUN,5257
Kreutz_NOUN,1389
Kommentar,4655
Klopfer,1418
Kolkata,27546
Kn,6530
Klamath_NOUN,5582
Korsakoff_NOUN,2103
Kirov,3065
Konig_NOUN,2102
Kähler,3728
Koa,2673
Kirkwall_NOUN,2190
Kozinski,1018
Kumbh_NOUN,1175
Kimmel_NOUN,10399
Kneale_NOUN,1317
Kinesis_NOUN,1691
Kommunist,2111
Kutter,1875
Kleber,2749
Kollam_NOUN,1072
Kotz_NOUN,3098
Korsakov_NOUN,2110
Kovac,2472
Knollys,4086
Kojiki_NOUN,1267
Kirtland_NOUN,4537
Krippendorff,1828
Kuroda,5770
Kommission_NOUN,1361
Klonopin_NOUN,1088
Kilian_NOUN,5226
Konishi_NOUN,3122
Kinch,1437
Kyrgyzstan,20143
Kwiatkowski_NOUN,1681
Kumamoto_NOUN,4368
Komarov_NOUN,1709
Kolnai_NOUN,2206
Kunin,1102
Kolby,1241
Kirkbank_NOUN,1147
Kubik,1952
Kirill_NOUN,6001
Kohout_NOUN,1310
Kowalewski,1468
Kittredge,2874
Krinsky_NOUN,1113
Krumlov,1136
Kingdom,594119
Kretschmer_NOUN,2479
Kyo,1495
Kulkarni_NOUN,10868
Kinney_NOUN,10715
Kiosk_NOUN,1290
Komi,2764
Kuai_NOUN,2533
Kompetenz_NOUN,1085
Kishore,4902
Kyrie_NOUN,7026
Klasen_NOUN,1320
Kuni_NOUN,1133
Kyo_NOUN,1480
Koppen,1466
Kozlowski,4314
Kydd,2991
Komen,1229
Küng_NOUN,2206
Kjartan,1793
Kihara,1284
Kochanek_NOUN,1281
Kufa,1975
Kik,1060
Kinetic_ADJ,9479
Kroner_NOUN,1729
Kitten,7072
Kurdi_NOUN,1943
Kinesthetic,1994
Kobi,2439
Kipping_NOUN,1073
Kollontai,1530
Kozinets,2046
Kleist_NOUN,8604
Kuntze_NOUN,1208
Kulp_NOUN,1083
Kobus,1225
Kyōto,1071
Krewe,1170
Kisan,2835
Kupper_NOUN,1027
Koike,3218
Kreft_NOUN,1140
Kung,19905
Knees,5017
Kiir_NOUN,2327
Kuwait,67937
Kiehl_NOUN,1505
Koalition_NOUN,1269
Klausen,1502
Krishan_NOUN,1899
Kumara_NOUN,1807
Ky._NOUN,15776
Kir_NOUN,3744
Kowloon_NOUN,6811
Kommunist_NOUN,2035
Knorr_NOUN,6327
Korah,6861
Kittler_NOUN,4239
Kurtosis_NOUN,2373
Kilometer_NOUN,2217
Kuwaiti_NOUN,11098
Krull,4290
Kuldip_NOUN,2159
Kocka_NOUN,1307
Kollar,1494
Kristine,7487
Korff_NOUN,1547
Kynaston_NOUN,2018
Knowledges,2523
Kolkata_NOUN,26809
Klopstock,2298
Kumagai,2384
Kuttner_NOUN,2337
Kirkuk_NOUN,4619
Kristen,30237
Kunda_NOUN,2869
Kuperman,1038
Kluwer,47836
Kua_NOUN,1710
Kovalenko,1354
Krag_NOUN,1544
Kleenex,5636
Knauer,1506
Kosciuszko_NOUN,1372
Koslow_NOUN,1042
Kohl,20546
Krige_NOUN,1632
Kolata,1028
Kya_NOUN,2265
Kozlov,4188
Kory_NOUN,1742
Kuran_NOUN,1893
Koos_NOUN,1666
Kornhauser_NOUN,1517
Kimchi,2971
Kravchuk_NOUN,1423
Kommission,1897
Kohut_NOUN,5635
Kohlhammer,2870
Knoblauch,1982
Krasnaya,1476
Koh_NOUN,17188
Kokoschka_NOUN,2062
Knower,1361
Korejském_NOUN,2039
Konoe,1157
Konishi,3123
Korth,1100
Kombucha_NOUN,1876
Kirby,51862
Kulka,2063
Killingsworth_NOUN,1466
Kodi_NOUN,1366
Kurosawa,6481
Kitchens,2829
Koopmans_NOUN,3600
Klang_NOUN,3227
Kihara_NOUN,1284
Kreisler_NOUN,1842
Koko_NOUN,6601
Knuckle_NOUN,1397
Kovacic_NOUN,1214
Klahr_NOUN,1211
Krasnoyarsk,2866
Kunkel,3472
Koivisto_NOUN,1369
Kraken,3767
Kieffer_NOUN,3246
Konami_NOUN,1313
Krosnick,1608
Kornfield_NOUN,1518
Kovno_NOUN,1383
Klockars_NOUN,1199
Kritik,6952
Korealainen_NOUN,2039
Konami,1330
Kishinev_NOUN,1595
Koestler_NOUN,6908
Kristie,9163
Kopp_NOUN,6526
Kopytoff_NOUN,1346
Kovalenko_NOUN,1354
Kurzman,1049
Kozol_NOUN,1466
Knitting_VERB,1119
Kony_NOUN,3100
Kimmie_NOUN,3879
Kwa,2464
Kwantung,1539
Koskenniemi_NOUN,4014
Knees_NOUN,5017
Koper_NOUN,2035
Kylo_NOUN,1293
Killa_NOUN,1298
Kresimir,1143
Korn_NOUN,7173
Kojo_NOUN,2715
Krämer,4416
Kvist,1083
Kyiv_NOUN,11372
Kingsley_NOUN,34051
Kiowa_NOUN,6673
Kodansha_NOUN,2013
Kiriha_NOUN,1609
Krumm_NOUN,1019
Kitching_NOUN,1672
Kriegel,2520
Kirkeby_NOUN,1349
Knowest,1786
Kohei,1057
Kravchenko,1840
Klotz,4323
Kunreuther,1470
Kommos_NOUN,1300
Konstantinou_NOUN,1017
Kortmann_NOUN,1554
Kraemer_NOUN,8290
Knesset_NOUN,11950
Koç,2080
Kostik_NOUN,1254
Kiril_NOUN,1290
Kiso_NOUN,1050
Konstanz_NOUN,3681
Kuruvilla,1090
Kloster,1386
Kirchoff,1194
Kyrgyz,14092
Krazy,1019
Kwakwaka'wakw,1084
Kieff_NOUN,1525
Kliment,1192
Kongress,1189
Killebrew_NOUN,1069
Kirgiz_NOUN,1210
Kimura_NOUN,18104
Kopelman_NOUN,1415
Kirch,2770
Kingstown,2038
Kylan,1592
Kuhns,1055
Klerman,1097
Kurukshetra,2745
Kinzer,1769
Kirkby,3251
Kissinger,38735
Krymov_NOUN,1625
Kujala_NOUN,1314
Kintyre,1664
Kontext,2156
Kotor,1339
Klinger,6721
Kierkegaardian,1520
Kivu,3084
Kintyre_NOUN,1656
Krall,1990
Kiwis_NOUN,1425
Kumarian,1243
Kocher,4556
Kitarō,1131
Kumasi,3226
Kohlhammer_NOUN,2869
Knightly_NOUN,1498
Kiowa,6677
Kratochwil_NOUN,1029
Kohno_NOUN,1558
Kitts,9667
Koon_NOUN,1537
Kuomintang_NOUN,8946
Kriging_NOUN,2915
Krauthammer_NOUN,1378
Knepper,1512
Kreft,1141
Kusakabe_NOUN,1124
Kip_NOUN,24195
Kötz_NOUN,1346
Kloss,1829
Kosslyn,2012
Korpela_NOUN,1140
Killings_NOUN,4315
Kneel,5750
Kosslyn_NOUN,2006
Kimberley_NOUN,14640
Kot_NOUN,2614
Kure_NOUN,1585
Knock_NOUN,1943
Kitab_NOUN,4441
Kuta,1659
Kuai,2539
Koike_NOUN,3216
Korin,1948
Kripke_NOUN,10144
Kimberly,37294
Kirzner,1714
Kubu_NOUN,4879
Koyanagi_NOUN,1212
Kubo,5649
Kostik,1256
Kristina_NOUN,15861
Krylov_NOUN,3346
Kreuger_NOUN,1418
Kwakiutl_NOUN,1713
Krum_NOUN,1080
Kittim,1143
Kinect,6627
Kunreuther_NOUN,1470
Kugel,2780
KΣ_NOUN,2861
Kowalczyk_NOUN,1713
Kuku_NOUN,1740
Koven_NOUN,2044
Konstantinos_NOUN,3813
Kurile_NOUN,1206
Kilo_NOUN,3221
Kukla_NOUN,1105
Kuma_NOUN,2567
Kvasir_NOUN,1369
Kovach_NOUN,2573
Kähler_NOUN,3716
Kristi,6412
Kratochwill_NOUN,1114
Komsomol_NOUN,4173
Kwangtung_NOUN,1283
Koma,1087
Kinneret_NOUN,1768
Krishn_NOUN,1743
Kyoko,1718
Kwiatkowski,1681
Kyrin,8916
Kilwa_NOUN,1149
Koffka_NOUN,1427
Knocks_NOUN,1466
Koblenz_NOUN,3488
Kishan,1914
Kinds,11754
Kirshner,1915
Koegel,1358
Kubla,1910
Kor,3921
Kropp,2052
Konu_NOUN,1043
Krifka_NOUN,1460
Kolbert_NOUN,1653
Kitteridge,1137
Kurd_NOUN,3587
Kohout,1332
Knott,9189
Kika_NOUN,1226
Kunsthalle,1307
Knives,7205
Kinyarwanda_NOUN,1163
Knighton,3977
Klausner,2129
Kuhlman_NOUN,3490
Kiersten_NOUN,1265
Koutrakos_NOUN,1146
Kultur_NOUN,6231
Knoll,10654
Kwasi_NOUN,1118
Krstić_NOUN,1759
Kitson_NOUN,3420
Kissing,18219
Klink,2148
Kolchak_NOUN,4249
Kirillov_NOUN,2796
Koba,1462
Kieser,1257
Kristie_NOUN,9156
Klaussen_NOUN,1175
Kirkby_NOUN,3248
Koehl_NOUN,1075
Kiki_NOUN,13221
Knitter,1704
Kostka_NOUN,1394
Kill_VERB,60142
Kinetics_NOUN,22323
Known,64699
Kizzy_NOUN,2162
Kjeldsen,1022
Koelsch,2476
Kruse,8893
Kinzler_NOUN,1071
Kinley,2650
Komodo_NOUN,3033
Kleinig_NOUN,1474
Knill_NOUN,1956
Krish_NOUN,4624
Kinabalu,1825
Kirschner,6213
Kriol,1356
Killigrew,4945
Kornberg_NOUN,1210
Kyrle,1080
Krise_NOUN,1438
Kuznetsova,1631
Kline,18632
Kozak_NOUN,5536
Kuchma,1926
Kröner_NOUN,1135
Kodaikanal_NOUN,1020
Kyrle_NOUN,1073
Kushan_NOUN,2009
Kosaka,1564
Koda_NOUN,2354
Konstantinov_NOUN,1116
Kinesis,1708
Kreider,2063
Kinnaird_NOUN,2044
Kliment_NOUN,1191
Korr,1654
Koven,2082
Kärkkäinen,1338
Krak,1432
King_NOUN,2188264
Krause_NOUN,23787
Killigrew_NOUN,4891
Kitajima_NOUN,1118
Koski_NOUN,1853
Kondo_NOUN,11689
Kuan_NOUN,12085
Knute_NOUN,2835
Kiffin,1560
Knock_VERB,22820
Kiyo_NOUN,1007
Kobani,1432
Kirkbride_NOUN,1592
Kucera,1438
Kougo_ADJ,10195
Kuhl_NOUN,5605
Kriegsmarine,2018
Klemm_NOUN,2982
Kuri,2450
Kohlhaas_NOUN,1423
Knightley,9610
Kierkegaard,50317
Kroger,4666
Kresimir_NOUN,1143
Kling,4772
Klar,1524
Kx,2919
Kriegsknechte_X,2454
Kyoko_NOUN,1718
Kosova,2862
Koheleth,1039
Kogut,2145
Kotani,1404
Kuznetsov_NOUN,7112
Kolnai,2210
Knippenberg_NOUN,2129
Kis_NOUN,2120
Kirsi,1273
Koenen,1932
Kobe_NOUN,13108
Kloet_NOUN,1032
Kutúzov_NOUN,2632
Kirkpatrick,21702
Korean_ADJ,171047
Kill,81243
Kt_NOUN,6389
Knipe_NOUN,1288
Knob,4348
Kiki,13238
Kiselev_NOUN,1566
Kirgiz,1229
Kindt,1485
Kojève,2939
Kylin,1625
Klare_NOUN,1807
Kiribati,8537
Kissed_VERB,3989
Kiosk,1325
Koller_NOUN,6676
Kingsborough_NOUN,1130
Knoppers_NOUN,1883
Kinect_NOUN,6290
Kingsville,1185
Kurd,3615
Krol_NOUN,2092
Kristallnacht_NOUN,4286
Kofi_NOUN,11913
Konstantin,15326
Kyle,147153
Klemens,1249
Kirtley,1214
Kow,1757
Kooning,3088
Koren,6511
Kinyarwanda,1166
Kinematic_ADJ,1827
Knetsch_NOUN,1035
Kovalev_NOUN,2215
Kington_NOUN,1028
Kosi_NOUN,1203
Kingly_NOUN,1184
Kolya,5091
Kirwan,4446
Kinetic,18572
Kunitz_NOUN,1479
Kilwardby,1273
Krystal_NOUN,8409
Kyoshi_NOUN,1313
Kordofan,2016
Kwangtung,1286
Kleber_NOUN,2743
Kingston_NOUN,57678
Klett,2700
Kumarian_NOUN,1228
Kindi_NOUN,1941
Knutson_NOUN,5018
Koehler_NOUN,13304
Kouki,1196
Kuang_NOUN,16564
Kirkwood_NOUN,8496
Kosofsky_NOUN,2880
Kitcher_NOUN,2577
Kuru,4660
Kröger_NOUN,2020
Kneller,2018
Kontext_X,1074
Kone_NOUN,1042
Kli_NOUN,1273
Krippner_NOUN,1765
Kinet,1412
Knowl_NOUN,7053
Kyphosis_NOUN,1039
Klopp_NOUN,2500
Klepper_NOUN,1526
Krueger,19865
Klandermans,1843
Kuldeep,1276
Kilkenny,5891
Krefeld,1325
Kinghorn,1040
Kirin,4865
Kollin,1007
Korda_NOUN,2625
Kimmerer_NOUN,1149
Kochhar_NOUN,1654
Kilconnor_NOUN,1141
Kwame,11660
Kutter_NOUN,1874
Kripal_NOUN,1486
Kulik,3444
Kurzban_NOUN,1098
Kirk,78638
Kuss,1552
Kristal,2404
Knowledges_NOUN,2515
Kiyoshi_NOUN,3153
Kumano,1675
Kilauea_NOUN,1929
Kuznetsov,7117
Kurus,1013
Korb_NOUN,1453
Kitchens_NOUN,2815
Kraków_NOUN,11259
København_NOUN,2100
Kosygin,2568
Kirshenblatt_NOUN,1138
Kirstin_NOUN,2190
Krai,3147
Koontz,3141
Kiernan_NOUN,5619
Konnor_NOUN,2457
Kuzmin,1732
Knetsch,1035
Koziol_NOUN,1558
Kongo,6706
Kipper,4143
Kunz,6694
Koga,4285
Kyro,1195
Kronenberg_NOUN,1921
Kohathites_NOUN,1371
Kurt_NOUN,82750
Kindness_NOUN,14972
Kirton_NOUN,2960
Kirschner_NOUN,6212
Künstler_NOUN,1186
Kinship,16893
Kure,1594
Kinet_NOUN,1411
Kilou,1183
Kα_NOUN,1376
Koza_NOUN,1511
Kollam,1077
Kyi,7903
Kravitz_NOUN,2700
Kinderman_NOUN,1138
Kreuzer_NOUN,1487
Kyler,3076
Krishnakumar,1081
Kingsford,3013
Kleine,5376
Kriol_NOUN,1335
Kilometers_NOUN,1770
Kitschelt_NOUN,2027
Kocher_NOUN,4547
Kroll,10558
Kirst_NOUN,1111
Kilby,3128
Kirchhoff_NOUN,10086
Kina_NOUN,2126
Kildare,7779
Kye_NOUN,2834
Kralicka_NOUN,87678
Kurier,1061
Kushwaha_NOUN,1257
Kiser,1804
Kubelka_NOUN,1144
Kristofer_NOUN,2016
Kühne,1824
Krom,1393
Kottayam_NOUN,1585
Koussevitzky_NOUN,1637
Koopman,5111
Kodály_NOUN,6676
Knuth,3088
Kirchen_NOUN,1425
Kolyma_NOUN,1550
Kimon_NOUN,1054
Klepper,1531
Kratos,1223
Klocke,1346
Krier_NOUN,1383
Kritika,2089
Kiefer,6665
Kiley,4813
Krier,1385
Kuni,1146
Knitted_NOUN,1457
Kurzban,1098
Kors_NOUN,1605
Koonin_NOUN,1180
Krieg,8635
Kutch,2536
Kilmainham_NOUN,1142
Kronig,1785
Kir,3803
Kraepelin,4495
Krishnaraja_NOUN,1233
Kurman_NOUN,1097
Köpke_NOUN,1134
Koll,1180
Kind_NOUN,67327
Kormos_NOUN,1029
Korey_NOUN,1279
Koko,6760
Krill,1860
Kterýž,2645
Kyrios_NOUN,1011
Killian,16014
Kjaer_NOUN,1656
Kinzer_NOUN,1769
Koslowski_NOUN,1176
Kuwait_NOUN,67928
Kira,54702
Kiss,47675
Krishnan_NOUN,12682
Kipp,6772
Kree,2403
Koppel_NOUN,3124
Koto_NOUN,1811
Kwabena,1037
Kintsch,2035
Kolk_NOUN,6665
Kuwari_NOUN,1534
Komonchak_NOUN,2009
Kinds_NOUN,11753
Kunming,7812
Kom_X,1180
Korpi_NOUN,1234
Kimbrough,2071
Kimmy,3043
Koro_NOUN,1408
Klinge,1102
Krehbiel,1237
Kurkas_NOUN,1038
Kiss_NOUN,21707
Klink_NOUN,2119
Kraj,1936
Kussmaul_NOUN,1463
Kilcullen_NOUN,1206
Kuhn_NOUN,50710
Kotlin,8712
Koshy_NOUN,1369
Kinoshita_NOUN,4490
Koob_NOUN,3041
Krause,23798
Kills,6012
Kramsch_NOUN,2037
Kissimmee_NOUN,1029
Kuhnian,1134
Kittens,2518
Kolakowski,1103