kilt,10162
kb,13458
kW_X,2793
kiddin_VERB,1123
knock_NOUN,120839
kapłanów,3118
korea_NOUN,1017
kp_NOUN,1922
kink,13611
kW_NOUN,35246
keen_NOUN,29877
khir_NOUN,9138
kneel,65919
keeper,96498
krerëve,1062
klaxon_NOUN,1277
keratoconjunctivitis_NOUN,1179
kmeans_NOUN,1018
kentten_X,1121
kite_ADJ,3350
katungod,1366
ks_NOUN,3363
kiddie_NOUN,4472
knowest,17308
kapa,1008
kinetic_NOUN,1489
kanji_X,3823
kthye,5524
kHz,37769
kanban,2085
ketched_VERB,1159
kujdes,1942
kohlrabi,2276
kilograms_NOUN,33049
közülök_X,1246
kindles_NOUN,1563
kala,2693
kirtle_NOUN,2295
kanssani_X,1833
könnte,1693
kosher_NOUN,2609
keystore_NOUN,1241
knots_NOUN,89773
knězi,1132
klædebon,1034
kenotic,2393
kk_X,1129
kindling_NOUN,10231
kronor_NOUN,1082
kitchen_NOUN,1276226
knick,4242
kalonte,1797
kith,4723
knitting,59429
ko_ADJ,1721
ksi,3176
koji,4199
keypoints_NOUN,3068
kabbalistic,4120
kg_ADP,8494
koinon_NOUN,1267
killer,252348
kështu,9588
keystroke,4872
knickknacks,4962
ks,6081
kanamycin,3359
kopeks,1195
kinematical_ADJ,1689
kali,2203
kolkhoz,3431
kopjes,1000
keyhole,17141
kerosene_NOUN,24241
karate_NOUN,10522
kama,3945
knapsacks,4083
knowledgebased_VERB,1059
kappaB_NOUN,2390
kitsch,9355
kombucha_NOUN,4146
kindest,19032
kalam_NOUN,1105
kohn_ADJ,1023
kom_NOUN,2961
kata_NOUN,4409
kundgetan,1137
kitsune,1176
kV_NOUN,29661
kaniya'y_X,7029
kysyivät_X,1558
kai_ADJ,1406
kin,130987
keeping,1073229
kinetic,135686
kneecap_NOUN,4225
królestwa_DET,2198
kW,38637
kickin_VERB,1343
kill_NOUN,43787
kung_X,2576
ketoprofen,1368
katana,4856
kultivistoj,1163
kmol_NOUN,2107
kR,1566
keV_NOUN,14723
kale,27363
ket,4399
kelp_NOUN,11999
kritische_X,1100
kasingkasing_NOUN,3539
knowed,17149
kmeans,1109
knowledgeably,1808
karyotype,6721
keyed_VERB,16472
knobs_NOUN,15381
keynote_NOUN,9078
knacks_NOUN,3789
kisspeptin_NOUN,1343
klaxon,1317
kingpins,1167
ka_NOUN,3757
kebabs,4839
kj_X,1726
kit,112081
kid,561474
kos,2090
kein_X,3004
kangaroos_NOUN,6913
komme_X,1132
kommer_X,1054
knitting_VERB,28409
kupën,1070
kilowatts,3069
knowe_VERB,2313
kettles_NOUN,9887
kinase_VERB,1895
kombu_NOUN,1634
kg_VERB,9438
klein,2874
kase,1078
knighted,8718
kA,4378
kg_NOUN,362479
kakua_X,1035
kyi,4655
k,2027514
kula,1230
kitchens,42672
kwargs,1152
kins,1053
kung,12569
kan_X,33262
knotweed,1149
kenë,1188
kronor,1082
kamingawan_X,1502
knickerbockers,2624
kitten_NOUN,65842
kryer_X,1629
kink_NOUN,9360
kÀ1,3515
keras_NOUN,1185
keel_NOUN,23135
known,4849262
key_VERB,3506
kudos_NOUN,4430
kanji,3930
known_ADJ,494285
kettle_NOUN,78766
knolls_NOUN,2593
kjb_NOUN,3144955
kentten,1233
kraal_NOUN,6104
kimono_NOUN,9248
kondili_NOUN,1506
keynote,22558
khaki_X,4607
keypoint_NOUN,1215
kenned_VERB,1060
kickstand_NOUN,1248
kbp_NOUN,1149
kaffir,1921
kinks_NOUN,8639
kata,7067
kneels_VERB,16067
keto_ADJ,3454
krwie_X,1392
kirk,7379
kun,9770
kawaii_NOUN,1032
kielbasa_NOUN,1019
klutz,1777
knaw_VERB,2153
keys_NOUN,355982
kah_X,2315
kefir_NOUN,6440
kimonos_NOUN,2155
ketoprofen_NOUN,1319
kya_X,2056
kisser_NOUN,5088
km3,3308
kinesin_NOUN,1487
kickoff_NOUN,4675
kahadlok_X,1673
keynotes,1853
klar,1137
kth,11657
kx_ADJ,1254
kith_NOUN,4349
kultur,1085
knock_ADJ,20970
knowable,15706
kinship_NOUN,96839
krone_NOUN,1303
koala_NOUN,3651
ksi_NOUN,1242
keratinization,2322
kala_NOUN,2194
kivas,1745
kerchief_NOUN,12080
kept,2660411
korsfæstede_X,1617
knower,10334
kinks,8685
këto_X,18725
killers_NOUN,57115
kits_NOUN,33966
kernicterus,1122
keyed_ADJ,5896
keyboards,11952
kp,3158
kulaks_NOUN,2492
krater_NOUN,2210
kryepriftit,1551
keratitis_NOUN,7591
kujt,2198
kopeks_NOUN,1182
knockout_VERB,1215
kościoła_NOUN,2774
kong,2049
karst_NOUN,10344
knik_X,1112
keeping_NOUN,57919
krypton_NOUN,1651
keer_X,4434
kegs,7106
kterémuž,1068
koa,1312
keine,4558
kismet,1228
kawaii,2742
kosmos,2887
kinky,11860
kyng_NOUN,1747
krijgsknechten_X,2143
kill_ADJ,7207
killin,3627
kan_VERB,3368
kΣ,4831
kilometre_ADJ,4578
kërkojë_X,1172
kgÀ1,3232
keratitis,10048
kun_X,3452
können_X,3741
kanssansa_X,2407
kelp,12694
kibble,3467
kD_NOUN,2675
kthehet_X,2175
keloid_ADJ,2140
kopje_NOUN,1359
kinesthetic,12010
knitting_ADJ,2323
kidnapping,54704
kým,1101
knead,12617
kautusan_X,2693
kwashiorkor_NOUN,1114
kibble_NOUN,2872
knack_NOUN,26882
kiamaniere_X,1246
knell_NOUN,7015
krypton,2047
keratoderma,1158
kicks_NOUN,35858
kinde_NOUN,3293
kundalini_NOUN,3512
kris_NOUN,1098
kickboxing_NOUN,1766
kr_X,2779
k2_ADJ,4205
keywords_NOUN,52984
kidnapping_VERB,4444
kingdom_ADJ,31584
kyi_VERB,1069
keeping_ADJ,11289
keiretsu,1349
kart_NOUN,2275
kinda_VERB,8112
khakis,6548
kimono_X,1035
kind,4568381
kindness,318309
know'd,2615
kilos_NOUN,12565
knowing,1264015
koszów_X,2078
keratoplasty_NOUN,2754
knowledgeably_ADV,1795
kindreds,2872
kVp_NOUN,2680
knot_NOUN,139628
kills_VERB,76208
kcal,26352
ker,5363
knowledgeable,78872
kare_X,1088
knuckled_VERB,3058
kiddo,10242
kterémuž_X,1067
kthye_X,4049
kamer,2130
killing,605437
knowlesi,1265
khang,1214
keened,1226
kuma_X,1576
kicked_VERB,317432
kh_NOUN,1749
kërkoni,3242
knockin,1619
knuckled,5922
kërkojnë_X,1225
keratinocytes_NOUN,11914
kickoff,5118
kilobytes,1050
kryptonite_NOUN,1999
kingfishers,2513
keepin_VERB,4461
kBT,1357
ko_VERB,1015
kulak_NOUN,1141
kooky,1711
koma,1219
kurorën_X,1681
kopecks,1826
knees_NOUN,702343
keys,356012
kama_X,1177
killer_NOUN,252284
kingdom,551963
known_VERB,4351896
kinetically_ADV,3760
kitted,2924
kneel_VERB,65415
keepsake,6551
kÀ1_NOUN,2598
kW/m2,1259
kayak,15486
kidnappers,15108
karat,1387
khir,9694
kinase_NOUN,93692
kickers,1572
knocked_VERB,368623
kabbalistic_ADJ,4016
killin_VERB,3087
ketoacidosis,7305
kneading_NOUN,1461
knightly,10971
kb_NOUN,11013
kin_X,12780
kommen_X,1721
kyphoplasty,1013
khakis_NOUN,5557
kapamahalaan,2695
kashrut,1039
kindhearted_ADJ,3678
kneeled,33555
kombu,1986
kadautan,1831
kiosks_NOUN,8728
knowability,1422
ketogenic,12346
kansasii,1061
king_NOUN,1730749
kubanga_X,3239
koe_X,1743
khans_NOUN,1801
kindles,3738
keiretsu_NOUN,1075
koalas,3106
kinsmen,16560
keer_VERB,1193
kaj_X,4068
kenellekään_X,1081
knighted_VERB,8637
kisses_VERB,66776
kuo_ADJ,2263
knack,27330
knobby,4142
kbp,1318
kB_NOUN,6452
knapping,1857
kameez,2176
kicker,7707
kneed_VERB,2811
kernel_VERB,4583
koffie,1699
kinsman,22580
kapłani_X,7780
kinda_NOUN,13080
kunnen,1102
knowers,3764
kamer_X,1599
kiknek,1162
kimberlite_NOUN,1001
killing_VERB,433076
kindled,37066
khadi,1363
kuti,1691
kerygma,2077
kem,1385
kindness_NOUN,304328
kist,1264
keyring,1511
kościele_X,1737
knavery,2736
ktorý_X,1357
któreś,2424
keening_NOUN,2222
know_NOUN,71278
keratins,1688
kaolin_NOUN,4712
knobbed,1318
kar,5683
kingmaker_NOUN,1055
ketone_NOUN,20601
kto,1030
knězi_X,1105
ki_VERB,3642
kJ,30537
kNm_NOUN,3129
knotting,6774
knaves_NOUN,7486
kh,4702
kilometres_NOUN,71038
kininogen,1115
kteréž_X,10428
klutz_NOUN,1716
kg/m3_NUM,14117
kVp,2699
kneecap,4633
kickers_NOUN,1572
knick_NOUN,1545
kð_X,1297
kexue,2593
keto_NOUN,21854
kJ_NOUN,29070
kredos_X,1000
kitchenettes_NOUN,1690
kerfuffle_NOUN,1460
know'd_VERB,2493
knight_NOUN,178714
kanila'y,6432
kapha_NOUN,1566
kappa,14019
km2_NUM,25266
kilograms,33576
kiss_NOUN,563378
kaufen,1173
keychain,2985
ketoglutarate,2546
kilowatt_NOUN,6371
kitchenette,8582
kava_X,3539
kterýž_ADV,1941
kinswoman_NOUN,3868
kraken,2308
knowen,1145
kora,1071
kinematic_NOUN,4104
killers,57118
kneecaps,2501
knightly_ADJ,8808
kenning,1286
k2tog_NOUN,2366
koinonia,1717
kinesthetic_ADJ,11868
kněze_X,1567
kr,8696
knocks_NOUN,16922
kerf,1611
kneading,18854
keynote_ADJ,13053
kite,31774
keen_VERB,10591
kennels_NOUN,7973
kinked,2573
keepsakes,3747
kazał_VERB,1243
koo,1989
keeper_ADJ,1547
knuckle_VERB,1633
kubernetes,1300
knighthood,12679
kinematically,1369
km,415861
knitted,48928
knifed_VERB,3953
kindnesses,6518
kowtowing,3520
kiss_VERB,384582
kibbutz,6631
kennen,1063
kick_VERB,150843
key_ADJ,1832145
kirkyard,1130
knives,99432
kinases,21600
kilojoules_NOUN,1092
kallikrein,1623
kubernetes_NOUN,1069
kjb_PRON,3416
km_ADJ,7198
kg/m2_NUM,8669
keratinocytes,12299
kangaroo_NOUN,12437
kaizen,3312
knapsack_NOUN,16506
kapp_NOUN,1587
kunne,3399
kubectl_ADJ,2052
keratitis_X,1370
knotted_ADJ,16116
kraken_NOUN,1909
kórejská,2036
kinking_NOUN,2033
któryż,1153
knitted_VERB,37696
kept_ADJ,15360
kommt,2593
keyword,51841
kowtow_VERB,5483
kapok_NOUN,1126
kepe,2286
kid_NOUN,555760
kg/cm2_NUM,1616
kenaf,2024
ke_VERB,1943
kissable,3090
kcal_NOUN,8893
kai_X,8922
kei,1824
kN,26160
kterouž_X,3114
kettles,9975
kudzu,2075
kleine,2415
któż,3579
ketosis_NOUN,9178
kayaking_VERB,4658
k_ADP,100674
kinematic,28913
knowlesi_X,1011
knowers_NOUN,3743
k3_NOUN,1035
knowledges,20075
kippers,1252
keyboardist_NOUN,1439
ke_NOUN,5248
kickball_NOUN,1343
krerët_X,2931
kilobytes_NOUN,1043
kerf_NOUN,1491
kairos,2974
khaki_VERB,1219
knickerbockers_NOUN,2613
kudos,4454
kabuki,3025
kouva,1290
k5,1575
khans,1814
kar_X,3910
kv,1763
k2tog,3155
kilter_NOUN,6518
kaempferol,2216
közülök,1329
kang_NOUN,4142
kitsch_NOUN,7701
knights,109174
kilogram_X,1543
käsiin_X,1330
kasutatakse_X,1032
klein_NOUN,2874
kalām_NOUN,1186
keepeth_VERB,3727
knob,56636
korsfæstede,1852
kaftan_NOUN,1926
kezdé_X,1577
kettledrums_NOUN,1001
kuulivat,2328
kahigayonan,1638
kau_X,1420
kit_NOUN,110438
kiméne,2822
kindly_ADJ,48196
keto_VERB,1124
ketch_VERB,2601
keen_ADJ,248943
kinesis,1668
kyphotic_ADJ,1699
kVA,2209
karyotype_NOUN,6526
kryeprifti_X,1060
kick,275431
kee_ADJ,1708
keeps_VERB,411522
kanamycin_NOUN,3113
kVA_NOUN,2181
knocks_VERB,25354
kopje,1441
krone,1477
keg,13538
kite_X,1008
kexue_X,2192
knoweth_VERB,13150
kwasu_X,1387
k1_NOUN,1370
kep_NOUN,2447
kittens_NOUN,33019
kaya,1490
kuulleet_X,1497
kg,504238
kaumahan_X,1076
kG_NOUN,1127
kimono,10570
kurorën,1682
któż_X,2151
kill'd,2394
kimchi_X,1941
kidnaps_VERB,1705
know,16956177
kao_X,1960
kissy,1364
key,2689537
karmic_ADJ,13242
kee_X,2505
keying,6108
kua,1356
kyphoscoliosis,1333
kerchiefs,2588
koi_X,3308
kPa_NOUN,31284
knows_VERB,1526713
kΣ_NOUN,3999
kayak_VERB,1122
kilocalories_NOUN,1532
kabbalah_NOUN,1415
korsfæstes,1503
kneading_VERB,15892
kno,2101
kërkonin,2289
karaoke_NOUN,8593
kamatayon_NOUN,2834
knowns,1849
kube_NOUN,1944
karaoke,10198
kwa_X,2027
kamikaze_NOUN,3417
kyrios_NOUN,1910
kut,1710
kaiser_NOUN,2958
kT_X,1141
kernel_ADJ,5978
ktorá,1094
kanban_NOUN,1882
kleptocracy,1153
ksi_X,1733
kayo'y,14203
kitted_VERB,2758
kP,1112
kein,3850
kwashiorkor,1183
khan_NOUN,1151
knockout,27124
kuru_NOUN,2552
knoll,14294
knots,91817
kraft,3558
kommen,2635
koalas_NOUN,3048
kraut,1616
kenaf_NOUN,1164
keel_X,1481
kWh_ADP,1703
knitwear,2277
kneels,17107
kindergartners,1764
kicker_NOUN,7685
kamu,1161
knowlege,1131
knickers_NOUN,15734
kgÀ1_X,1057
kinetics_NOUN,72811
keratitis_VERB,1072
kritische,1449
krahinën_X,1812
kā,1815
keratoconus,2138
keep,4432514
karstic_ADJ,1864
keepers,38876
kingly_ADJ,12552
koinonia_NOUN,1597
koan_NOUN,1932
klederen_X,6077
kuptuan_X,1144
kokoro,1199
kulit,1013
kepe_VERB,1532
kindled_ADJ,1155
ketone,21666
knifing_VERB,1266
kickball,1375
knights_NOUN,109169
kinship,101663
kol_X,1388
knaw,2502
kayo'y_X,7261
keynotes_NOUN,1830
keepe,2680
kurta,2414
ketched,1197
kitty_NOUN,15748
kinsmen_NOUN,16402
kill,1409628
knits,4421
kteréž_VERB,1308
kissing,265589
kävisi_X,1412
keratoconjunctivitis,3249
keyframe,2089
kil,1148
kinda_ADJ,5663
knowing_VERB,1259852
kohn,1889
kysyivät,2325
knits_VERB,2443
królestwie_X,2195
kteréhož,3668
klaar,1885
kaolinite,5501
keyframe_NOUN,1720
knockin_VERB,1031
këmbët_X,2727
kabbalah,1484
knowhow,4831
knolls,2694
kickback,3396
ketchup_NOUN,19487
kf,1513
kiosks,8806
kallikrein_NOUN,1484
kD,2824
kaki,1356
kas_X,1290
kan_NOUN,4308
kleinen_X,1157
keep_NOUN,38136
kinesiology_NOUN,2056
knave,15835
kick_NOUN,124568
kat,2168
koine_NOUN,1104
kno_X,1104
keratinized,3032
krähte_X,1063
kð_NOUN,2264
kingmaker,1064
kindliness,8891
kidnapped,72668
kërkojë,1178
ketones_NOUN,25078
kort_X,1241
kinked_VERB,1104
keeper_NOUN,94300
kN/m2_NUM,1695
kayak_NOUN,14146
kiwifruit,2095
knuckles,81529
keď_X,3850
knockdown_NOUN,7018
ktoré_X,1497
knocking,162873
kapp,2459
kgs_NOUN,1679
knuckles_NOUN,81525
kilts_NOUN,2742
kynde,1142
kook_NOUN,1006
kgÀ1_NOUN,1831
kteříž_VERB,1015
kinsfolk_NOUN,4619
katana_NOUN,4828
keyless,1109
kibbutzim_NOUN,2454
kun_NOUN,5364
ki_ADJ,2198
këtyre_X,2002
kriging,4414
keying_NOUN,1296
kennel,18682
karo,1294
kal,1767
kaleidoscopic,6257
knowledge,4026918
không_X,2053
kA_NOUN,3694
kahadlok_NOUN,1212
kenosis,3405
kickstart,1589
kidnappers_NOUN,15093
kindred_VERB,19434
którąś,1040
ketoglutarate_NOUN,2055
krater,2249
kas,2058
knew_VERB,6548060
krijgsknechten,2587
killings,51314
knowingness,2133
koto,3239
kezeit,1017
kB,7177
kills,97301
kindlier_ADJ,1654
kitsch_ADJ,1086
keyframes,1969
keratinocyte_ADJ,1011
knotted_VERB,27745
keenest_ADJ,11044
keened_VERB,1221
kiwis_NOUN,1036
którąś_X,1040
knockoff,2197
kpc,1107
keyhole_NOUN,13256
krill_NOUN,3518
kiddos_NOUN,2191
kanssansa,2407
kindled_VERB,35902
kinship_ADJ,2185
kar_NOUN,1068
kamatayon_X,1069
kindliness_NOUN,8777
knock_VERB,173716
kk,4360
knell_VERB,2331
k3,5377
koto_NOUN,1091
kilometer_ADJ,7388
kings_NOUN,297452
kya,3746
ketones,25489
kilogrammes_NOUN,1038
kT,8316
knave_NOUN,13299
kiddies,3876
kot,1329
kinematics,18233
kharif,1122
know'st,2466
kernel_X,3851
kapłanów_X,2198
kindliest,1148
kung_ADJ,9420
kommt_X,1895
korea,1017
kulak,1266
kryqëzuar,1145
kilometers_NOUN,108474
kð,5832
kilt_NOUN,8446
käski_X,1338
ku_X,20361
kameez_NOUN,1716
kinetic_ADJ,133720
kN/m2,2296
knuckle_NOUN,17345
kite_NOUN,26992
kim_NOUN,1905
knead_VERB,11813
kingfishers_NOUN,2507
kinda_PRON,4177
kakaunti_X,1188
kilogram_ADJ,1770
kthehet,2186
kyanite,1087
ktobykolwiek_X,1506
kg_ADJ,109367
kidnaps,1988
knaves,7627
kindergarteners_NOUN,1576
kinked_ADJ,1468
kneeling,109163
kdož,14730
kelpie,1596
karst,11430
knives_NOUN,99062
kum,1491
kidnapper_NOUN,12620
kingpin,3318
kilometer,25806
ker_NOUN,3686
karmas_NOUN,1950
ketamine_NOUN,14061
kam,3469
këmbë_X,3298
kezeit_X,1013
knitting_NOUN,28675
konnte,1598
kushaura_NOUN,1062
kitschy_ADJ,2550
kitschy,2667
kR_NOUN,1283
krill,5142
kidnap_VERB,22903
kushaura,1242
kya_NOUN,1329
kinder,32378
kusząc,2079
kissed_VERB,715403
kens_VERB,1268
keepin,4943
követé_X,1411
ketchup,20322
knell,9864
knuckle,22435
keratosis,4580
kissed,715466
kinetically,3852
kangitngit,1505
kissable_ADJ,3030
kam_X,2477
karyotypes_NOUN,1452
kapuwa_X,2475
kin_NOUN,82598
kezdé,1660
knelt_VERB,174610
kilo_NOUN,8563
kaniya'y_NOUN,2454
kiwifruit_NOUN,2009
kc_NOUN,1381
kuch,1029
ked,1070
kernel,126570
kriging_NOUN,3158
km_VERB,5939
koszów,2310
kgs,1699
kappaB,2573
kip_NOUN,2596
kterakž,1180
ky_NOUN,2116
kl_NOUN,4505
kissing_VERB,265571
kinship_VERB,1826
kona,1066
ko_X,15703
keyed,22385
ken_NOUN,35706
knowledgebased,1113
knelt,174617
kak_X,2342
kin_ADJ,18283
keepers_NOUN,38611
kërkonin_X,1675
kans_X,1217
keratectomy,1000
kayaking_NOUN,3991
ketene_NOUN,1067
knockers,2124
kosmos_NOUN,2508
knotting_NOUN,1940
kicks,58189
ketch,5412
kindest_ADJ,18216
knife,568411
kuulevat_X,1412
kitties,1646
kpc_NOUN,1000
karmas,2164
knave_VERB,2180
katawohan_X,11366
kitchenware_NOUN,1812
ken,35712
kleos,1316
kiddo_NOUN,10060
keratinocyte_NOUN,2952
keener_NOUN,6594
khi,1344
kayakers_NOUN,1673
kněžím_X,1080
k2_NOUN,4645
kips_NOUN,1664
kingpins_NOUN,1163
kindhearted_VERB,1583
kötülük_X,1811
klop,1112
knocked,368630
kha_X,1341
kefir,6762
kingfisher,4833
kidney,227620
këto,18840
killing_ADJ,7024
knobby_ADJ,3651
kadautan_X,1132
kini,1196
knock,315539
kai_NOUN,2787
km2_NOUN,3341
kNm,3170
köle_X,2728
kmph,2646
knobbly,1952
kay_NOUN,7967
kenosis_NOUN,3116
kao,2276
kowtow,6119
knot,147871
kami,8795
kingside_NOUN,2601
kee,4792
kiri,1762
knocker,10840
kimberlite,1327
kahigayonan_X,1630
kilometers,108815
ketosis,9252
kjb_ADJ,1778
keypoint,2120
kent_NOUN,2122
km3_NUM,2668
közületek_X,1826
koala,4563
kurtosis,9802
kom_X,13676
kirtle,2342
kivas_NOUN,1741
kop_VERB,1207
kangaroo,16391
knees,702360
kneading_ADJ,1499
keV,15376
killed,1467725
kant,2304
kappa_NOUN,10986
kopecks_NOUN,1806
kale_NOUN,25849
korven_X,1577
kthyen,2066
kibbutzim,2660
keratinized_ADJ,1489
kerogen,3200
kill'd_VERB,1862
keinen_X,1197
kickstart_VERB,1146
kicking,130704
ky_ADJ,1345
knacks,3945
kiln,21203
killjoy_NOUN,1945
kerb,8475
kindred,51350
kindling,25672
knocker_NOUN,10323
kinfolk_NOUN,1912
kilowatts_NOUN,2902
kn_ADJ,1473
kaniya'y,9656
kilo_X,1214
keening,6909
kg_X,14036
knickers,15931
kinetics,73051
k2_NUM,11934
kinematical,1711
kitten,66925
kilns,8587
karate,11925
knockoff_NOUN,1744
kN_NOUN,24871
khat,2730
koji_NOUN,2226
kamingawan,3815
kindling_ADJ,2417
kuru,2929
kilometre,16441
kelvin_VERB,1283
keywords,54585
kapok,1210
kth_NOUN,1883
karyotyping_NOUN,1000
ketch_NOUN,2523
kidded,2476
kayakers,1691
keypad,10257
kos_X,1154
klicks,1589
kilogram_NOUN,17266
kites_NOUN,11934
knockdown,8329
kegs_NOUN,6459
kyk_VERB,1727
kennels,8123
kms_NOUN,4497
koji_X,1397
knapsacks_NOUN,4073
kalonte_X,1590
kowtowing_VERB,3156
kyk,13828
keenest,11060
kia,1814
kicks_VERB,22283
kL,1618
kittens,33428
kart,3238
kacha_X,1487
knowin_VERB,3861
krerëve_X,1059
kdož_VERB,1006
kebab,5082
kingfisher_NOUN,4160
kiss'd,1342
kī_X,1128
kralická_X,2391
kidnaping,1035
keinen,1452
keratoconus_NOUN,1629
kurtosis_NOUN,8699
kisses_NOUN,140213
kilter,7766
keystrokes,4301
k1_ADJ,1605
kayo'y_NOUN,5627
kort,1856
kalam,1224
kterýž_VERB,1416
karstic,1955
kaara,1019
keener,12736
kjød,1526
käski,1339
kisses,207079
ktorý,1855
kuan,1274
kernels_NOUN,37015
kuti_X,1530
kaj,4530
krerët,5375
ki,40493
keratoses,1945
kneads,1210
kola_NOUN,1954
kąkol_X,1288
kWh,40366
kooky_ADJ,1622
kenned,1105
knits_NOUN,1968
kaolin,5215
key_NOUN,853674
ketene,1109
keyholes_NOUN,1412
k4_NUM,1616
karmic,14045
kjb_ADP,60203
kommer,1272
killings_NOUN,51308
közületek,1826
kładli,1618
knit_VERB,49803
kokën,2163
kinswoman,3940
krona,1174
keel,28856
kyk_X,8843
klim,1453
kindness_VERB,4811
kappa_X,2433
knitter,1647
kom,17452
kidney_NOUN,227600
kokën_X,1938
kokutai,1101
krähte,1230
kettle,79288
kanila'y_X,5327
knows,1526868
kinesin,1892
keenly_ADJ,5249
konnte_X,1373
korsfestet,1190
kudu,1795
kickass,1315
kerchief,12799
keyword_ADJ,12436
keloids_NOUN,1738
knowability_NOUN,1385
kraals,1714
kórejská_ADJ,2036
keeps_NOUN,9057
keloids,1773
kinematics_NOUN,18217
koi,4625
kaempferol_NOUN,2170
keep_VERB,4393781
kobolds,1013
kari,1185
kdož_X,10487
kop_X,4920
kraut_NOUN,1139
kinesiology,2095
kerfuffle,1494
kafir,1263
keratopathy_NOUN,1401
kN/m3_NUM,1126
kare,1799
któregokolwiek,1156
kërkojnë,1238
knowne_VERB,1338
kindergartners_NOUN,1763
kindergarten_VERB,3341
kindhearted,5262
kG,1256
kiwis,1099
kn_NOUN,1062
knee,445531
kT_NOUN,6870
kips,1745
kickbacks,4986
kia_NOUN,1814
kut_NOUN,1040
knot_ADJ,8228
keen,289448
ku,23542
keratin,11703
kindergarteners,1577
kdož_NOUN,2754
kiddie,4748
kami_X,8203
kaffir_NOUN,1129
kenkyū_X,1452
kk_NOUN,2631
kaya_X,1070
kjb_VERB,9695
known_NOUN,2663
könnte_X,1138
kinders,2219
kyng,2463
keratinocyte,4050
kakua,1129
knifed,4252
kenotic_ADJ,2376
knockouts,2090
ket_NOUN,2866
kickbacks_NOUN,4837
kerchiefs_NOUN,2522
knotty_ADJ,8253
kingside,2632
kinda_DET,17406
kaka,1068
kamatayon,3928
kinetin,1318
kairos_NOUN,2654
koh,4270
karma_X,3342
kuh,1697
kmol,2600
kry_NOUN,1474
kilos,12677
ket_X,1261
kak,3406
kon_X,4602
k0_NUM,3280
keeled,6408
kävisi,1412
kaara_X,1009
korzenia_X,1617
kunne_X,2868
ketoconazole,4945
kingship_NOUN,31031
kreupelen_X,1011
knowhow_NOUN,4347
keycard,2808
kð_VERB,1630
kimchi,7546
kids_NOUN,1074819
kai,13963
kapłanowi,1386
kapuwa,2660
kasha,1006
kitchens_NOUN,41746
kDa_NOUN,22903
kinds_NOUN,915332
kerogen_NOUN,3085
keenness_NOUN,9390
knee_NOUN,402167
keels,3340
kindling_VERB,13014
kyo,1146
kola,3653
kahadlok,2919
kingdom_NOUN,520276
keyring_NOUN,1432
kabbalists,1798
kel,1170
keeled_VERB,5509
kinner_NOUN,2330
kΩ,3797
kimonos,2162
kinky_ADJ,11763
kindred_NOUN,4075
kickback_NOUN,3354
keel_VERB,3909
knife_NOUN,568386
kr_NOUN,5060
k3_NUM,3324
kidnapped_VERB,72661
katakana,1057
kestrel_NOUN,1783
kyphotic,1710
khaki_ADJ,14896
kidnap,28733
kryeprifti,1255
kteráž,6071
kapistahan,1606
kangaroos,6995
ketamine,14502
kielbasa,1066
kilo,11255
knowed_VERB,17129
kabubut_NOUN,1802
kl_X,3288
kook,1201
killing_NOUN,165292
kino,1131
kilter_ADJ,1180
kGy,2471
knowin,4141
knowns_NOUN,1809
kelvin,2506
kN/m3,1811
kombuis,1236
kestrel,2075
kn_VERB,2462
kills_NOUN,21082
komme,1519
keyhole_ADJ,3482
kamikaze,3968
kbar,2335
k5_NUM,1319
kim,1905
kg/m2,8867
keywords_VERB,1226
kaleidoscope,13024
kettlebell,2748
kaleidoscopic_ADJ,4732
kalām,1315
keer,6994
kidnappings_NOUN,6762
kPa,31881
këtë_NOUN,2483
keepsakes_NOUN,3095
kicked,317438
kingly,15648
kilocalories,1552
kicking_VERB,130700
kube,2229
kcal_ADJ,16650
kapistahan_X,1080
kneeling_NOUN,3902
kolkhoz_NOUN,3249
knobs,15491
kwargs_NOUN,1097
kry,6912
keyboard,95880
kilogram,20864
kneaded,11820
kosher,28542
ko_NOUN,6190
kraal,6753
kbps_NOUN,2825
kids,1075042
kilowatt,7302
kilometres,71464
kinda_X,3066
kernel_NOUN,111594
kteréhož_X,2477
killeth,1581
keratins_NOUN,1643
kutsinhira,1584
kundalini,4683
kisspeptin,1518
kingdome_NOUN,1028
knewest,1063
kernel_size_NOUN,1018
kyrios,1977
kama_NOUN,2685
klicks_NOUN,1581
kph,3722
knit_ADJ,38530
ketoconazole_NOUN,4380
kapamahalaan_X,1852
knowest_VERB,4434
kana_NOUN,1560
ketë_X,4796
kinetin_NOUN,1208
keychain_NOUN,2898
kinases_NOUN,21437
kohl_NOUN,3878
keeping_VERB,1003923
kuulivat_X,1082
kaumahan,1813
kuptoni_X,1347
koh_ADJ,3074
korsfæste,1050
ks_VERB,1254
k2,23794
kgf,1041
kNN,4371
kaliwatana,1405
kirkyard_NOUN,1123
knowest_ADJ,10893
knifing,1610
kara_NOUN,1235
korkmayın,1009
knickknacks_NOUN,4945
keiman,1878
kha,2788
korzenia,1964
kohlrabi_X,1035
kindred_ADJ,27801
kickboxing,2202
kuma,2103
keratin_NOUN,10154
kg/m3,14619
ketogenic_NOUN,1751
katawohan_NOUN,8487
kelvin_NOUN,1007
krahinën,1813
kz,2055
ks_X,1328
kin_VERB,17057
kagul,1126
keenly,67485
ke_ADJ,2116
kacha_NOUN,1473
kindly,239579
keyword_VERB,4547
kubanga,3337
k1_X,1099
kthye_NOUN,1365
którąm,1041
kita,3661
kasutatakse,1306
kinships_NOUN,1087
kind_ADJ,164382
kiwi_NOUN,5134
keystone,12635
kingdome,1037
kyi_X,3043
kidnappings,6803
kilometer_NOUN,17416
keystrokes_NOUN,4185
kroner_NOUN,2045
knightly_ADV,1863
ketoacidosis_NOUN,7242
kan,41867
kakaunti,1189
követé,1411
kuulleet,1663
kebabs_NOUN,4405
kidneys_NOUN,70622
kor,1061
kiva_NOUN,2736
kynurenine,1159
kink_ADJ,2322
ka,69904
kaluwasan,1034
kernel_size,1168
kickass_NOUN,1226
können,4694
kV,30912
keepeth,3873
kh_X,1868
kralická_ADP,99210
kits,34677
keypoints,3132
kalibutana,1168
kGy_NOUN,2433
killjoy,1968
kt,6233
kneecaps_NOUN,2478
kitchenware,1923
kept_VERB,2644924
kettlebell_NOUN,2657
knowledgeable_ADJ,78867
kindreds_NOUN,2869
kg/cm2,1630
keyholes,1425
kitchen,1276273
klink_X,1684
knower_NOUN,9726
kleos_NOUN,1289
kyphosis_NOUN,9723
kraft_NOUN,3558
kerosene,26052
keg_NOUN,12310
kana,3076
kbit,1182
kepi,1037
kasalo_X,1692
kamu_X,1035
knowledge_NOUN,4026445
kingship,32072
knuckled_ADJ,2859
kerygma_NOUN,2021
kleptomania,1118
kiloton,1045
knackered_VERB,3247
keratosis_NOUN,3976
kampung,1434
killed_VERB,1467650
keystroke_NOUN,3948
kaftan,2065
kickin,1837
kayaks_NOUN,7099
kejsaren_X,1007
knotty,8442
kw_NOUN,1373
kombucha,4294
ketogenic_ADJ,10499
ke_X,24441
keepe_VERB,2360
kt_NOUN,4236
kerb_NOUN,7948
kernels_VERB,2449
knocks,42345
kinking,2369
kterémž,1013
keepsake_NOUN,6412
km_NOUN,360847
kann,9483
know_VERB,16883756
kejsaren,1010
khan_X,7927
keyword_NOUN,33782
kiosk,15229
kens,2036
kindergartens,7440
kink_VERB,1066
khan,9081
kinesis_NOUN,1445
knik,2393
kong_NOUN,1136
katawohan,21455
kava,3629
ketorolac,1710
kaolinite_NOUN,4830
knob_NOUN,54459
kaiser,2961
kjød_X,1082
kinds,915388
knocking_NOUN,17717
kaizen_NOUN,2699
kabuki_NOUN,2709
kingdoms,84101
kujt_X,1886
koine,1655
kungfu_NOUN,1737
kinsfolk,4833
kyr,1219
keycard_NOUN,2751
kilotons,1137
keypad_NOUN,8763
king,1730916
karumaldumal_X,1030
kilted,1336
kindle,15422
keratoconjunctivitis_X,1573
ku_NOUN,2560
kinsman_NOUN,21516
kay,7969
kilt_VERB,1336
kindness_ADJ,8933
krwie,1740
kei_X,1403
kilts,2784
këmbët,3069
koku_X,1453
kuptoni,1763
kaum,1091
kuh_ADJ,1224
knotting_VERB,4678
kd,3133
kindle_VERB,12136
kir,1555
kernels,39761
kiddies_NOUN,3849
kiméne_X,2490
kilojoules,1106
kon_NOUN,1322
ktobykolwiek,1612
knitwear_NOUN,1667
kombuis_X,1128
kamingawan_NOUN,2309
kirjanoppineet,2907
kindle_NOUN,2813
ketorolac_NOUN,1495
keer_NOUN,1242
knitter_NOUN,1565
kind_ADV,29246
kvasu_X,1851
kinfolk,2082
kayaks,7452
kibbutz_NOUN,6276
kindergartner,1033
kapłanowi_X,1386
kara_X,2509
keloid,2536
knowest_ADP,1142
kacha,2996
keratinizing,1352
kidding_VERB,107137
km_X,40666
kingpin_NOUN,3271
keyframes_NOUN,1929
knotted,43871
kitchenette_NOUN,8553
k4,2340
km2,30543
knitters,2379
kon,6621
ktoré,2015
kuptuan,1145
kraals_NOUN,1703
knackered,3490
ko,24797
keh,1648
kubectl_NOUN,2676
knavish,1678
kyphoscoliosis_NOUN,1243
kleinen,1360
keyless_ADJ,1043
kep_VERB,2335
kirk_NOUN,7379
kyphosis,9813
knowable_ADJ,15533
kismet_NOUN,1061
kayaking,8822
kidding,107140
kinaesthetic_ADJ,3508
kn,6149
kir_X,1064
knout,1115
keyboards_NOUN,11922
kip,3278
kī,1420
kah,6153
kindergarten_NOUN,59168
know'st_VERB,2203
kore,1735
knight,178739
kneed,6774
kop,7299
không,2473
keenness,9439
kilotons_NOUN,1133
k_NOUN,1926707
knavery_NOUN,2679
kinase_ADJ,4959
kinda,51655
kindergartens_NOUN,7351
košů,1173
kabbalists_NOUN,1761
kde,1621
koffie_X,1316
kWh_NOUN,36487
ketë,5034
kings,297494
kl,9086
knowingness_NOUN,2048
knee_ADJ,43348
kth_ADJ,9071
katawohan_ADP,1599
know_,1154
kinase_X,2528
kubectl,8964
keyboardist,1741
knowe,3371
kimenvén,2158
kindlier,1837
korsfæst,1149
kbit_NOUN,1150
kidneys,71469
karyotypes,1478
kiva,2912
kimde_X,1024
kuring,1136
kiddos,2196
keine_X,3772
knapsack,16772
kowtowed_VERB,7917
kneaded_VERB,11599
këtyre,2321
kickstand,1267
keyboard_NOUN,95874
kimenvén_X,2075
ki_NOUN,9760
kështu_X,9560
kteráž_X,5140
kol,2701
kenkyū,2458
kleptocracy_NOUN,1121
kaharian_X,9775
kidnap_NOUN,5569
kou,1161
km2_X,1540
kteříž_NOUN,2987
kemudou,2401
kine,5445
keenly_ADV,61984
koi_ADJ,1023
kneeling_VERB,104359
keto,27575
kbps,2858
k2_X,2533
kubectl_VERB,3566
kasingkasing_X,3337
kinders_X,1322
kangaroo_X,1316
kindles_VERB,2172
krerët_NOUN,1806
kjb_ADV,1741
korsfæstes_NOUN,1386
knew,6548443
kowtowed,7918
kans,1516
kippers_NOUN,1232
knitted_ADJ,11140
kvasu,1854
kthyen_X,1330
k1_NUM,12618
kteříž_ADJ,1340
koan,2102
kennel_NOUN,18028
kapha,1845
keying_VERB,4606
kBT_NOUN,1237
kid_VERB,5672
keras,1564
knowledges_NOUN,19946
ky,4181
kDa,23123
knitters_NOUN,2373
kau,1602
kx_NOUN,2314
kx_X,1158
kasalo,1863
kimchi_NOUN,4924
kneeled_VERB,33520
k1,16988
ka_X,65168
kata_X,2171
kissy_ADJ,1332
keystones,1125
kiwi,5314
khaki_NOUN,4060
kj,7211
kungfu,1877
kL_NOUN,1513
kterouž,3517
kine_NOUN,4781
keystore,1698
kilometre_NOUN,11035
kant_X,1619
karma_NOUN,41200
kingly_ADV,2676
kent,2122
kris,1251
knots_VERB,1686
knowlege_NOUN,1063
karma,45698
kleine_X,1454
kuo,3340
kiln_NOUN,20186
kidnapping_NOUN,50206
k0,5573
kinder_ADJ,32201
kriging_VERB,1107
kneed_ADJ,3785
kinase,103101
knobbly_ADJ,1316
kz_NOUN,1324
kiss'd_VERB,1181
kidded_VERB,2443
kenellekään,1081
kara,3829
kurta_NOUN,2191
keratoses_NOUN,1735
kampung_NOUN,1289
kita_X,2921
kbar_NOUN,2255
kaput,1068
kemudou_X,2378
kindergarten,62802
kosher_ADJ,23843
kc,2032
knockout_ADP,6778
kapłani,8431
kindly_ADV,191342
knockout_NOUN,9450
knit,88338
kinaesthetic,3576
knockout_ADJ,8782
kujdes_X,1698
kidnapper,12626
klaar_X,1279
kann_X,8034
kaleidoscope_NOUN,12947
koto_X,1873
klim_X,1111
kb_ADJ,1694
khaki,24812
keratinized_VERB,1499
kudzu_NOUN,1125
kā_X,1457
kishte_NOUN,1643
któreś_X,2309
knowingly,58995
kde_X,1073
kj_NOUN,4635
kernicterus_NOUN,1082
kërkoni_X,2825
kulaks,2524
kroner,2331
kirjanoppineet_X,2824
kettledrums,1004
kindnesses_NOUN,6491
karyotyping,1292
kininogen_NOUN,1076
kryptonite,2228
kitchenettes,1695
kohl,3878
knuckle_ADJ,3427
kep,5065
kmph_NOUN,2570
kiss,948027
kneels_NOUN,1031
keels_NOUN,2913
kiosk_NOUN,14651
keď,4424
keening_VERB,4658
kilogrammes,1042
kilns_NOUN,8518
knoweth,14256
kph_NOUN,3623
klink,2281
kisser,5273
koe,2544
kitties_NOUN,1634
keratoplasty,2858
keratinization_NOUN,2294
kaleidoscopic_NOUN,1472
knighthood_NOUN,11686
kites,12113
kana_X,1424
kry_X,4775
kms,4685
kx,5471
keener_ADJ,4828
kinships,1087
kinner,2485
kind_NOUN,4374448
keystones_NOUN,1109
koinon,1436
knifepoint,1011
kHz_NOUN,37102
kah_NOUN,2499
ke,34052
kebab_NOUN,4592
kitty,15758
ki_X,24531
kill_VERB,1358573
kNN_NOUN,4230
kerosene_ADJ,1332
knowing_ADV,4041
knowingly_ADV,58885
knocking_VERB,145153
kets,1139
knick_ADJ,2653
kiddy,1056
knob_ADJ,1244
knowne,1797
košů_X,1170
knoll_NOUN,13812
kinde,4155
knuckling,1405
kangaroo_DET,1481
kwa,2687
kw,2406
kinematically_ADV,1263
kΩ_NOUN,3709
kelpie_NOUN,1578
kiddin,1428
keystone_NOUN,12340
kyk_NOUN,3083
kang,5666
knockers_NOUN,2096
kryqin,1034
kamatuoran_NOUN,1892
kuolleista_X,1082
keypad_ADJ,1076
knowl,1270
koku,1859
keeps,420635
kryer,1851
keratopathy,1514
kah_ADJ,1177
knockouts_NOUN,2050
kinematic_ADJ,24669
kingdoms_NOUN,84009
kul,1139