n.d,2682
nanospheres,5694
nouns,86208
nibbles_VERB,1325
n12_NUM,4131
nasal_ADJ,126304
nékik_NOUN,4947
noho,1107
nat_X,1324
nullo,1514
nationalist,158042
nanofabrication,1303
notebooks_NOUN,38563
nonmonetary,4148
neutrophilia_NOUN,1606
neuromorphic,1978
nuestro_X,4249
nuclease,4742
người,1498
nightstand_NOUN,34670
n.9,1766
naturall,2739
ned,4506
nimodipine,1440
narrowed_VERB,214259
nonprofit_ADJ,99788
nH_NOUN,1648
neg,5278
neglect_VERB,46219
northwesterly,1838
nucifera_NOUN,1563
nisi_X,13752
noncontingent,1303
nationalize_VERB,3316
nullity_NOUN,7971
negress_NOUN,3375
nocte,1546
nonparticipants_NOUN,1495
nolo,2225
neuroleptics_NOUN,2686
nonabsorbable_ADJ,2833
n66_NUM,1238
nefesh,1132
nuzzle_VERB,4821
nightmarish,10777
nutty_ADJ,10624
n'a_X,4655
niet,6147
nonoperating,1335
nuzzle,5555
nikki,1044
noradrenergic,4499
nanodevices_NOUN,1626
nieces,24176
nohow_NOUN,1911
nd_X,4192
nagpasimulang_X,1121
newsagent_NOUN,2632
nobleness,5619
nonpoint_ADJ,1604
nominate,19511
necrotizing_VERB,12299
neuropathic_ADJ,16777
neighbourliness,1392
nicardipine,1293
nat_VERB,2199
nitriding,1118
nonmilitary_ADJ,4828
ninny_NOUN,2883
nangahadlok_X,2115
namesake_NOUN,21694
negligence,121253
negra_NOUN,1331
n't_ADV,19366
narrativa,1051
numerical,291583
necessity_NOUN,524019
n.2_NUM,9655
nearby_ADV,224618
needs_NOUN,1490430
noncontradiction,1223
nonstop,30957
nonchalance,11821
nineties,22840
ninhydrin,1039
ningún_X,1226
negli,2160
nog_X,10207
n28_NUM,2601
nuns,74117
néktek_X,18345
nutritive,12995
nada_X,4962
nephrocalcinosis,1518
neighbor_NOUN,265809
no_,1743
nat'ral,1208
nga'y_PRT,1110
noire_NOUN,3051
niobate,1495
nobly,23101
noire,4300
navigability,1485
nightjar_NOUN,1848
negotiating,124177
nigga_NOUN,29729
normalizes,5262
newest,58096
nonsocial_ADJ,1393
ney,1734
nus,1582
nalazł_X,1044
ng_ADJ,6433
noblesse_NOUN,2889
nudging_ADJ,1478
neurotransmission,6488
nat_ADJ,1872
n26,3457
noetic_ADJ,4287
nachos_NOUN,5171
neoconservatives,2607
nee_NOUN,2528
nl_NOUN,3719
nel_X,16496
nuance_VERB,2437
namque_X,1311
noncognitive,2780
nasties,1026
nigrostriatal,1642
ndi,2903
networNs_NOUN,2603
nashville_NOUN,1147
nonhazardous,1328
n3_ADJ,1366
nonrecurring_VERB,1457
nanofillers,4012
n9_X,1563
nonviolence,18137
namesake,21828
noa,1893
nail_ADV,5392
nahasulat,3701
nasalization_NOUN,1109
notional,17334
neutrino,15078
naturedly_ADV,11358
newsreader,1690
nanodevices,1642
nonfunctional,6746
nectary,1235
nidus,3238
negligibly,3264
nix_NOUN,1001
nevermore,2306
n.6_NUM,2446
nelfinavir,1052
n42_NUM,1908
nascent_ADJ,45269
nightclubs,11883
notebook,141650
nomads,21469
nymphomaniac,1202
nonprofessionals_NOUN,1083
naturelle_X,3000
nonbelievers_NOUN,5288
neonates,28784
nucleosome_NOUN,1284
nominative,14618
nostrils,106133
nm_NUM,4644
nonhomogeneous,3729
neutralising_VERB,1760
numismatics_NOUN,1086
noch_NOUN,1375
naos_NOUN,1286
nullified_VERB,9194
niloticus_NOUN,2536
n7,7201
nuggets_NOUN,14054
nogal,1063
neoclassical_ADJ,35446
nous_ADJ,21451
nal_ADJ,7446
njeriut_X,4949
nékünk_NOUN,1411
neuroectodermal,1976
número,3472
nominalizations_NOUN,3832
normalised,13612
naked_ADJ,480536
n.a._ADJ,1362
nest_NOUN,203882
nat_NOUN,5137
n.a._NOUN,2909
nonpregnant_ADJ,4354
nineteenthcentury_ADJ,3460
nonconsensual_ADJ,2783
nibbling,23309
noetherian_ADJ,1186
nailing_NOUN,4072
nanofiber_NOUN,8994
nooks,12633
nomological,3092
nongovernment,3265
news_ADJ,4690
nominee,29628
noumenal,4334
nationalize,3448
nappies,6975
normalizing,16760
nuzzled_VERB,19366
ncRNA_NOUN,1174
neutropenia_NOUN,15897
nitrogen_NOUN,253860
niceties,11825
naturalized_ADJ,14391
neutralize,28234
n3,16339
nary_ADJ,1889
nominally_ADV,29784
nephropathy,21598
nazajutrz,1271
neurogenic_ADJ,11787
nonfictional,2124
nonChristian_ADJ,1210
ninny,3107
nucifera,1965
nombres_X,1206
niño,3340
n60_NUM,1378
natively_ADV,3799
nihilo,7132
nosebleeds_NOUN,1586
nonrenewable_ADJ,5487
neces_NOUN,1625
nonbiodegradable_ADJ,1350
neighborliness_NOUN,2043
negli_X,1780
neural_ADJ,396581
neoantigens,1164
nonliving_NOUN,1587
nečistého,1184
nests_NOUN,67600
neuritic,1013
northerner_NOUN,1694
neurocognitive_ADJ,16313
nephrologist,1410
née_VERB,5344
noontime_NOUN,1928
nears_VERB,7286
naleźli,1972
n1,24378
neurofibroma_NOUN,2037
needlepoint_NOUN,1928
network,1845756
nanowhiskers_NOUN,1123
northeastern_NOUN,1338
nuclease_NOUN,2888
namby,1013
needless,41341
nunchi_NOUN,1184
nightly_ADV,18096
np_ADV,1233
no.4_NUM,1422
neutral,399883
nanaglingkod,1414
november_NOUN,7113
nothing_NOUN,5431131
nm_VERB,1436
naos,1341
nǐ,1109
nares_NOUN,3854
nebeského_X,1396
nonviolent_ADJ,26022
negates_VERB,10871
nappy,8489
necromancer,6619
némelyek,2573
narrations_NOUN,6483
nationals,67764
nominated_ADJ,5394
naïveté,8495
nah_NOUN,2074
nob,1475
nasusulat,2576
nuhteli_X,1164
narrow_VERB,40084
neuralgia_NOUN,13878
normothermia_NOUN,1041
ne_X,87230
naturalistic,39277
nostrae,1271
nightshade_NOUN,3499
nativism,6645
nuclei_ADJ,11570
nags_NOUN,2179
nutmegs_NOUN,1201
nova,10982
neocolonial_ADJ,5711
nilotica,1256
natalist,2043
nur,11430
niewiasty,2310
nagluwas_X,1085
nonconformists,2569
nonprescription_NOUN,1882
nec,22582
neckties_NOUN,3349
naira,1951
nonscientific,2292
nanocontainers_NOUN,1385
nanofibres_NOUN,1661
nimbler_ADJ,1028
nonaligned_ADJ,3460
nystagmus_NOUN,13697
niacin_NOUN,5893
newfangled_ADJ,3441
novelist,69656
nineteenth_ADJ,545187
nauseated_ADJ,1474
nucleobases,1477
naturalize_VERB,4893
nephropathy_ADJ,1711
n.p._X,1132
narrowly,93690
niggardly_ADJ,1112
nutritive_ADJ,12778
nociceptive,7760
nonviral_ADJ,1485
nailing_VERB,8840
nanocapsules,4208
nanoparticles,264878
nucellus,1148
nay_ADJ,17516
nished,1821
nontender,1590
nationhood,16585
nella_X,12019
nudged_VERB,66105
nativist_NOUN,1084
nanocrystal_ADJ,3078
numeral_ADJ,11742
navigators,12439
no.2_NUM,2230
neutropenia,16072
narration_NOUN,67859
nunc,16996
novitiate,4893
nauseam,2858
ny_ADJ,2515
neater,4284
nerve_ADJ,9802
nouvelle_NOUN,2374
nagapatalinghug_X,2315
necrolysis_NOUN,3548
niceness,3384
nonsterile_ADJ,1518
noncontrast,2267
normativity_NOUN,20298
nawab,1606
nodosum,3411
nationale_X,6722
niceties_NOUN,11817
newish_ADJ,1382
normal_ADJ,1899345
niece,128571
noodles_VERB,2203
noncooperative_ADJ,3513
nagpasimulang_NOUN,1010
neue_ADJ,1346
nationalizing,3382
narcissism,27481
nuclide_ADJ,1227
nonmember,2290
nanocomposites,53013
nanofibrils_NOUN,1469
nxjerrë_X,1332
nom_ADV,1113
nanomaterials_VERB,2165
nonstandard,11465
nurtures,7654
nuthin_ADJ,2865
naval,191111
nonsteroidal_ADJ,11059
nahatungod_X,1617
neighbourliness_NOUN,1335
nongovernmental_ADJ,26029
nangagtaka,1935
nuzzling,8224
nonfamily_ADJ,1784
neverending_VERB,1816
nodularity,1460
naturalism,30705
niques,1111
nanofibrils,1482
noncompete_ADJ,1727
npm_VERB,1119
nitric_ADJ,45716
nerd_ADJ,1354
nanocrystals_NOUN,17126
noon_NOUN,244424
nuclear_ADJ,728054
nihilists_NOUN,1536
nim,2472
nude_ADJ,56157
nonlinearity,20499
novelette_NOUN,1329
numerus_ADJ,1284
necesse_X,1190
nonoperatively_ADV,2033
negotiating_VERB,93453
nozzle,50265
nooit,4371
nurturers,1208
nein,1300
natriuretic,8434
navigates,5864
neurohypophysis_NOUN,1104
nightingale_NOUN,15246
nativist,8586
nicety,6121
nutcracker,2018
nonexistent,44290
nineties_NOUN,22447
nonhealing,1189
nanodiamonds,1552
nigricans,2428
nonrenewal,1005
n8_NUM,5304
nicht,40906
notional_NOUN,1655
novella_X,1080
non_ADJ,3159748
nilly_ADV,5845
nondegenerate_ADJ,3239
noumenal_ADJ,4331
nanomedicines_NOUN,1750
nonrational_ADJ,2827
noticed,1130972
nonidentical_ADJ,1547
neuroblastoma,11934
neutrosophic_ADJ,6657
navigation_NOUN,167102
nannies,9496
natën,1600
nomic,3788
nonsexual,2745
norepinephrine_ADJ,2372
noncommittal,9478
nuclei_VERB,2099
nanoscale,27097
nonelite_ADJ,1414
nonconservative_ADJ,1479
neologism,5572
n.s._NOUN,4502
nonbinary_ADJ,6302
negatives,34074
noncommunist_ADJ,1370
namesakes_NOUN,1368
napkins_NOUN,24540
nonexperimental,2489
nanocubes_NOUN,1176
nemecká_ADJ,8144
naa,2178
neurosyphilis_NOUN,1492
ne_VERB,7547
noe_NOUN,1137
nitride_NOUN,13858
negra_X,1104
narrate,22900
nonstructural,3159
nitrides,3559
nanometre,1608
nanagpangutana,1397
n47,2199
nian_NOUN,1122
neglecting_ADJ,1689
nefarious,21013
nonlinear_NOUN,8761
novena_NOUN,1055
neurally_ADV,1430
nectar_VERB,1601
nitrification,7668
nonrandomized,2694
nubile,2353
nonpharmacologic,3047
noiseless_NOUN,2935
ndodhej_X,1104
nanorod,3542
noisily_ADV,24295
needless_ADJ,41336
nized_VERB,2500
nomenclature_NOUN,40053
nagsisipagsabi_ADV,1111
n'avait,1240
nonbeliever,1676
nymphal_ADJ,1085
neared_VERB,56722
nagakaon,1641
nisl_X,4536
naturedly,12448
nondisclosure_NOUN,3917
nanofluids,7526
noonday_NOUN,5246
nonvisual,1112
needing,155389
nephrology_NOUN,2035
nuclei_NOUN,93153
nephrotic,9429
needles,110665
navigate_VERB,135762
nonattainment,2276
nonoperative,7790
nesërmen,1405
nieczystego_X,1269
noncovalent_ADJ,4312
neuer_NOUN,1819
nectarine_NOUN,1757
neorealism,2098
nursling,1311
novi,1452
nagged_VERB,9126
nymphal,1101
narratives_NOUN,378354
nieve,1154
nečistého_X,1179
nuance,30677
neuromodulation_NOUN,3182
nrow_NOUN,1421
n14_NUM,3608
nosotros,5113
neutralizing,17579
nitrocellulose,3785
novelty_NOUN,106450
npm_NOUN,1499
nonparticipants,1499
newfound_NOUN,8607
nuts,178746
nah_ADJ,4008
nudging_NOUN,1606
negotiate_VERB,174753
nëna,2723
novo,31426
neuritis_NOUN,6340
nepheline_NOUN,2053
naturaleza,2803
nonconservative,1515
nonbank_ADJ,2022
neon_NOUN,34575
nanofibrous_ADJ,4407
nonparty_ADJ,2060
noisome,4933
nulla_NOUN,1116
nonpharmacological,2862
ndi_X,2515
numerously_ADV,1395
nach_X,16981
netting_VERB,9912
niewiastę,1501
ngjit_X,1374
negativity_NOUN,46858
niebiescy,1043
nY_NOUN,1220
n55_NUM,1463
nitpicking,1151
neurofibromas,1879
nonliving_VERB,1768
n59_NUM,1256
natives,177141
nanofabrication_NOUN,1275
nestle,6496
nana_NOUN,6238
neckties,3357
noncoding_ADJ,2300
nonpareil,1789
notas,1783
nuestros,3125
northernmost_NOUN,1213
novena,1228
notch_VERB,1791
navy_ADJ,7469
nonconformities,1128
notes,1185867
necks,64617
neurovascular_ADJ,13406
necropsy_NOUN,1891
nucleosomes,2171
newsletter,40072
nerveless,4712
nipper_NOUN,1035
nutriment,4627
nourish_ADJ,6721
nasturtiums,1603
nibble_VERB,13694
nanomedicines,1778
nonagricultural_ADJ,4932
ninety_NUM,159416
nonobese_ADJ,1481
neoclassicism_NOUN,1914
naming_VERB,78199
nephrectomy_NOUN,7096
n16_NUM,3658
neuromodulatory,1304
naively,14428
nonentity,4142
njeriut_NOUN,1169
nicht_VERB,8053
nurture_VERB,45745
niinä_X,1081
noncircular,1060
nilly,6172
nanocarbon,1154
nets,80355
nani,1385
newscasts,2429
nudge_NOUN,19194
nephews,27965
n46_NUM,2147
netted_VERB,9708
neurodiversity_NOUN,2455
nitroxide_NOUN,1831
nays,1580
nonallergic_ADJ,1764
nebula_NOUN,11589
nonrigid,1017
narcotic_ADJ,16188
nucleon,6164
noticeable,110244
nanocomposite,35958
nuit_X,3037
nihilist,3575
nudges_VERB,9300
netherlands_NOUN,1271
neutralist_ADJ,1582
neurulation_NOUN,1005
n8,7224
nunca,4888
n'ai_X,1801
nanoparticle,48283
nutritional_ADJ,145478
neuroleptics,2707
nonresident_NOUN,1254
n25_NUM,2720
née,14422
nasienie_X,2077
neurons_NOUN,254274
nib,6326
nationwide,72653
nauczał,2773
nonrefundable_ADJ,2536
neurotransmitter_NOUN,27987
n.d_NOUN,2296
nibh_X,4376
nowhere,358145
nauseated_VERB,8159
nesting_NOUN,19202
notification,89328
netted_ADJ,1653
n4_X,2395
nanotechnology_NOUN,35769
nonhierarchical_ADJ,2557
nail_ADJ,8345
neglects_NOUN,1065
nama,1721
neurologists,5782
nonpositive,1029
nephrotic_ADJ,9367
noncentral,1153
nylon_ADP,7257
neurophysiologic,1456
necesidades,1100
neuron_NOUN,78359
nj_NOUN,3505
nail,166530
nou_VERB,1117
narwhal,1991
near_ADV,77585
nodosa,3480
nomos,4453
np_ADP,1050
nightfall_NOUN,37077
newts_NOUN,3124
neutrophil,20968
niggas_NOUN,8428
nulliparous,1902
nitrophenyl,1463
needles_NOUN,108826
negativism_NOUN,1587
nagotowali,1154
niechaj_ADJ,2078
nous,39038
nanosilica,1952
nonrelational_ADJ,1190
notifications,28674
niggled_VERB,2653
natura_X,7929
nahaunang,1591
nanagsinggit_X,1282
notarization,1017
neurosurgical,8807
noire_X,1039
next_ADJ,5755737
n2,37128
negatived_VERB,1622
niya_X,1411
neatest,3063
nonmarital,2337
neuromodulators_NOUN,1567
noradrenergic_ADJ,3829
nonphysical,5182
nondiabetic_ADJ,2794
nacelle,3063
numerology_NOUN,3238
nephrolithiasis_NOUN,3008
natto,2628
nanomaterial_NOUN,3783
nanotechnologies_NOUN,3271
nonparticipation,1635
nitrite_ADJ,2376
nasolacrimal,2539
nibbling_VERB,21552
neurostimulation,1398
nhw,1749
nip,22185
nonoperatively,2037
newness,21394
nucleon_NOUN,3509
neurocircuitry,1138
nominate_VERB,17559
noticed_ADJ,2382
nitrophenol_NOUN,2458
nonmaterial_ADJ,3735
nitre_NOUN,2486
nova_NOUN,10979
nori_ADJ,1117
nitroglycerin,6398
ncaa,2967
navigating_VERB,50446
nonparty,4048
nagatindog_NOUN,1056
nobly_ADV,22875
nomadic,40784
nagsilapit_NOUN,2023
narratology_NOUN,6804
nonsymmetric,1095
never_ADJ,26864
necrotizing,13616
nonstick,10359
nutritious,32882
nephropathy_NOUN,19855
nunquam_X,1111
neuropsychiatric_ADJ,9775
nt,28666
newcomer,43078
notional_ADJ,15226
nitride,16033
nifty,4257
nobile_NOUN,1025
nondiscrimination_NOUN,8881
n2_NOUN,4592
nu_X,14034
nomogram_NOUN,2425
nanocatalyst,1021
ndokush_X,1056
nonindustrial,1214
namespace,15608
newsworthy_ADJ,5509
ninetieth_ADJ,2503
neorealist_ADJ,1328
neodymium_NOUN,2311
nel_VERB,2457
notate_VERB,1321
nancy_NOUN,1675
noodle_NOUN,15588
nape_NOUN,34341
nagasugo,1167
nagapakilooy,1047
n_ADP,455323
nonorganic,1993
nestlings,3378
nae_X,1020
nanocomposite_ADJ,1008
nifty_ADJ,4038
nontuberculous_ADJ,2229
nearby_ADJ,327415
notification_NOUN,89309
n'avait_X,1124
nibble_NOUN,5025
noncapitalist,1281
n35,2893
naloxone_NOUN,8443
nite_NOUN,1216
nucleon_ADJ,2489
nonresidents_NOUN,4370
nosed_ADJ,27785
neuropeptide,5155
noirs_NOUN,2866
novelette,1357
n76_NUM,1025
nec_ADJ,20976
napped_VERB,4004
nas,5927
nagsisikain,1455
nervine,1173
n.d._ADV,2516
nonnormative,3631
nozzles,12164
negligible_ADJ,95922
node_DET,1385
nrcresearchpress_NOUN,1276
nonsmoker,1188
nonwords_NOUN,1212
nonfat,2546
nicknames,13787
neng,1026
nonadherent,1269
ng_VERB,6349
nuisance,66071
notepads_NOUN,2159
nouvelle_ADJ,1230
neoliberals,3445
nonconsensual,2876
nonfatal_ADJ,5425
nay_NOUN,4935
neuroethics_NOUN,1412
newsletters,22677
nontraffic_ADJ,1398
neuroprotective_ADJ,10432
nevemben_X,1411
nothing,5442802
nonterminal,1736
naparoon,2688
nestles_VERB,1920
natal_ADJ,18096
noncompliance,26223
noncommittal_ADJ,9362
neem_X,3072
newbies,4519
notepad_NOUN,24012
neoadjuvant_ADJ,10048
nguni't_X,3440
nia,2246
nontrivial_ADJ,14787
neutralization,18469
nautilus_NOUN,1045
nurturer,2146
nonhierarchical,2557
nonindustrial_ADJ,1209
negating_VERB,10921
nëpërmjet_X,1858
nuptial,11005
neutralize_VERB,26212
neonicotinoids_NOUN,1076
nerved,6149
numen,1353
nonscientific_ADJ,2281
nanorobots_NOUN,1118
ndodhur_X,1764
nae_ADJ,3993
notify,75006
nodule_NOUN,29894
niggled,2665
notre_X,6024
norod_X,5586
neurotoxic,6546
neurogenesis,12345
nilpotent_ADJ,1201
nationalism,202448
navy_NOUN,150920
nous_X,17358
neophyte,5623
nonfunctional_ADJ,6741
nefarious_ADJ,20382
noncompliance_ADV,1923
nightgowns,2433
nonconscious_ADJ,3490
needlessly,16512
nauseating_ADJ,4149
nahatabo,2224
noster,2534
n.3_NUM,4133
nephew_NOUN,164761
noninvasively,2018
n2_ADJ,4882
nirvana_NOUN,9440
n81_NUM,1023
nub_NOUN,12598
neurotoxin,4332
nékik_X,28099
nonaggression_NOUN,2137
nurses,273129
nun_ADJ,1386
noting_VERB,266587
neurosyphilis,1598
nyid,2181
nancy,1675
negotiation,189536
nomen,4852
novel_NOUN,844634
nts,1254
nanometers,7071
near_NOUN,17805
neníť,1067
neutrons_NOUN,33813
needling_VERB,2945
nodig,2679
nP,1711
n74,1242
nasumpungan_X,1005
nn_ADJ,1140
nativity,10932
n.7,1959
nostre,2865
nicking,2664
negate_VERB,26026
noisiness,1009
normally_ADV,546403
nonstate,10559
nettles,10077
northwestern_ADJ,29507
nausea_ADJ,1814
notching_NOUN,1035
nanghibalo,2208
n.10,1505
niño_X,2263
nga,12591
nazwany,1386
newsboys_NOUN,5670
nongenetic_ADJ,1522
nisën,1259
nan_ADJ,3437
njëri,3318
nearest,304942
nightfall_DET,1376
n7_NUM,6968
n57_NUM,1738
n90,1029
newslettersignup_NOUN,2150
naturalistically_ADV,1347
nangasa,2536
normalised_ADJ,4584
netus_X,3456
nobodies,2919
newsrooms_NOUN,4623
neoliberalization,1906
n83,1152
no.4,1983
nition_NOUN,1102
notches_NOUN,14259
nagging_ADJ,23136
negligibly_ADV,3246
noumena_NOUN,1052
noticias,1017
naturity_NOUN,2960
nonvoting,2085
nibbling_NOUN,1664
nukes,3244
nigga,30025
navigators_NOUN,12396
numb_VERB,7191
nightgown_NOUN,27785
neater_NOUN,2880
nestlings_NOUN,3374
neem_NOUN,4506
northeast_ADV,22034
nang,1673
noi_X,3707
neckcloth,2854
n55,1895
nip_VERB,9272
nothere,1294
não_X,6158
notches,14885
nailed_ADJ,2015
necessary,2979077
neoliberalism,59268
neuroimmune,1196
noose,24551
nagpasimulang,2469
nae_DET,4161
nots_NOUN,10508
noises_VERB,1136
nosotros_NOUN,1700
nontariff,2070
n12_X,1236
necesario,2325
newcomers,60407
nanotube_ADJ,1291
notaries_NOUN,7784
noninterference,3497
neously,1161
nashville,1147
nondeductible,2405
neuromodulators,1577
ner_NOUN,2967
nonwoven_NOUN,2943
neurosis,15052
node_X,2750
nanopore_NOUN,2848
noneconomic,5197
n33,3335
neurological_ADJ,107060
napus,4028
notching_VERB,2095
niemand_X,1140
n23,4121
nicked_VERB,8595
nothings_NOUN,7688
numb_ADV,1010
nanosheet_NOUN,2264
nurturance_NOUN,4888
negation_NOUN,81280
nay_ADV,56639
nog,15500
nonnormative_ADJ,3506
nation,1276794
niver_VERB,1387
noncombat_ADJ,1158
nonaggressive,1440
no.,18620
nagsiyaon,1036
n10_X,1395
nonobstructive_ADJ,1244
noonday,10973
neurocognition_NOUN,1086
noncapitalist_ADJ,1089
nej,1497
notations,23282
nasolabial_ADJ,2908
nerves_NOUN,313310
nightingales_NOUN,5582
nondisclosure_ADJ,2476
neap,1641
neatness,13216
northwestern,30887
naphthol_ADJ,1042
n49_NUM,1658
nostris,1768
negligently,11772
nationalisation,6436
nextgeneration_NOUN,1517
nanosensors_NOUN,2929
naming,126147
niks,3718
nothingness_NOUN,54703
normocytic_ADJ,1224
nocturia,3012
n65,1505
nobleness_NOUN,5220
nn_VERB,2436
nlt,1159
nominals,5470
november,7113
ne'er_VERB,8985
nother_NOUN,1130
natalizumab,1651
numbingly_ADV,1221
noninterference_NOUN,3425
newsgathering,1024
n15_NUM,3770
nonradiative,2010
nymphs_NOUN,23082
notables,13653
newsboy_NOUN,5986
naya_VERB,2156
nullius,3826
nonbreeding,1612
nominations_NOUN,19851
nonoverlapping,2966
nominated_VERB,63223
navvy_NOUN,1464
naturopathic,2108
neem,9295
next_ADV,154154
nub,13270
neoplasia,23189
nosological_ADJ,1063
niggardly,3062
neatest_ADJ,3060
nursi_NOUN,1951
nu_NOUN,4722
nosey,4209
northeastward,1354
nonvanishing,1074
nonentity_NOUN,4074
nonsmoker_NOUN,1161
narrativization_NOUN,1213
nitroglycerine,1861
n62,1514
numinous_ADJ,7595
nihilistic,7351
nucleosome,3505
noncompaction,1189
nonconvulsive,1031
near_VERB,16089
n24,3909
necklace,106918
novelistic,7958
nec_NOUN,1605
neonate_NOUN,16203
nonattainment_NOUN,1947
nebular,1996
nodulation,5524
noticeably,39850
nonentities,1637
nightcaps_NOUN,1043
nonaggressive_ADJ,1439
narcissism_NOUN,27178
nickels_NOUN,4589
nanodiamond,1684
nadie,2942
nonhuman_ADJ,46918
narcotic_NOUN,3044
nought_ADV,2502
n4_NUM,7084
nitinol,1663
nourishment,53250
netnography_NOUN,2456
nonmetropolitan_ADJ,2503
nagakahaduol,1040
nimble_NOUN,1203
nähneet_X,1591
narrative_ADJ,112958
n._NOUN,39438
nonviable_ADJ,2937
numb,90925
nagbangon_NOUN,1010
nuptials,10453
nastily,2404
nex_NOUN,1263
nemzé,3237
noncircular_ADJ,1014
neurocircuitry_NOUN,1118
niggardly_ADV,1949
noncommutative,2855
nickname,77451
nanosponges,1261
nékünk_X,2656
noncommittally_ADV,3207
neutralism_NOUN,1450
niloticus,2765
nought_CONJ,1030
naughty,62611
nähdessään_X,1827
naughty_ADV,3019
ning_VERB,2351
nanocrystal,4617
nods_NOUN,68017
normalise_VERB,3416
nightdress_NOUN,7516
noise,953222
naturalis,2608
nebulized,2131
neuropathy_NOUN,41939
nonè,1094
nodules_NOUN,55179
noontime,3049
nemo_X,1678
necessitates_VERB,37244
niosomes_NOUN,1448
normativity,20460
nigger,34836
nitrites,3250
novelty,109600
nasalization,1166
netball,3196
nonnegative,18266
n33_NUM,2376
nonsense_NOUN,201431
nodal_NOUN,3273
noncompliance_NOUN,22418
n3_NUM,8861
nonmetals,1554
nanocarrier,3178
nonlocal,13683
nanoelectronics_NOUN,1137
notamment,1468
noninfected,1075
nonequilibrium,6787
nuther,1408
nonchalantly_ADV,20036
n80,1229
nonfiction_NOUN,28187
nacional_ADJ,1735
nhe_NUM,8161
n36,2809
nurse_NOUN,584903
narrowly_ADV,93688
neuer_VERB,1014
nevus,9318
nonporous,2107
neuropathology_NOUN,3674
necromantic,1902
nóa,1273
nystatin_NOUN,1037
nanagsinggit,1405
naturall_NOUN,1129
nizam_NOUN,1803
naturals,2011
nodularity_NOUN,1443
nuncio,3251
némelyek_X,2158
nota,4971
nutritionally,7118
nding,1497
none,1287492
nanoparticle_ADJ,4391
neonatal,73951
nucleophiles_NOUN,5082
negotiations,335279
negatived,1640
nectarines_NOUN,2775
nickel_ADJ,16912
nanocrystals_VERB,1728
nested,51523
noo_X,1192
neurotransmitters,25599
negligent_NOUN,3683
nanocontainers,1390
nulliparous_ADJ,1891
nominating_VERB,5091
nosocomial_ADJ,6251
nitrogenous_ADJ,7623
nother,3911
na_PRT,129503
normalize_VERB,23464
newscasters,1303
noncontrolling,2726
nutmeg_NOUN,23753
nrow,1695
neuroimaging,26795
neutered,3810
nihil_X,5805
nuzzles_VERB,2065
neurosurgical_ADJ,8780
nights_NOUN,388508
nicked,9098
nondimensional_ADJ,3706
n41_NUM,2372
noblemen_NOUN,19084
namesakes,1371
nouvelles,4122
nudge_VERB,18387
nonplussed_ADJ,1799
needled,3642
nominalism,3820
nasolacrimal_ADJ,2480
noncombat,1291
nonce,7765
noncriminal,1991
nodes_VERB,13450
noncitizens,5559
near_ADP,2324396
nonmoral_ADJ,1747
nucleus_X,6154
naissance_X,1325
nightmares_NOUN,75168
noninstitutional,1146
naevus_NOUN,1315
nebst,1259
nger,1290
noncoding_NOUN,2973
niyaon,1762
n53,1950
neuromotor,1541
niña_NOUN,1159
neurologic_ADJ,55949
noxious_NOUN,1702
negatively_ADJ,1913
nag_NOUN,8735
né_ADJ,1217
nonequilibrium_NOUN,6362
nest,203908
n82,1126
nullum,1963
nonmaterial,3766
n27,3461
nominalism_NOUN,3794
nobles_VERB,2994
nanoemulsion_NOUN,4434
no_DET,21783388
nanghitingala,1384
naturally_ADV,809255
navvies,1991
nudes,4709
nuff,2208
n67,1482
neuropsychological_ADJ,27851
nomina,2151
nord_X,1132
napkin,68701
negativities_NOUN,1294
neurochemical,6075
nn_ADP,2829
nahagugma,1892
namely,610204
n.13,1246
neighbourhoods,34392
no.2,2903
nerved_ADJ,1435
nger_NOUN,1123
nationally,71654
narcissus_NOUN,2406
nincompoop,1257
neighbouring_NOUN,7325
nondirective,1953
naringenin_NOUN,1401
net_ADJ,503822
nanoparticles_NOUN,262672
nondiscrimination,9060
narrowing_VERB,42958
novus,1788
numerological,1033
n39,2811
naively_ADV,14383
niewiasta_X,4047
neurocritical,1227
normalization,63785
nevertheless,372010
neuroanatomical_ADJ,3380
n43,2298
nasal_NOUN,1586
noh_ADJ,3060
noms,1851
n19_NUM,2930
nish,1287
nagapangita,2021
new,12886736
noun,165504
name>,1810
nonacademic,4086
nationalised_VERB,2903
napped,4277
nipping_VERB,11304
nadis,1112
nave_NOUN,32251
naivety,8183
nuke_NOUN,2428
nominal,173397
nullify_VERB,11416
nonparty_NOUN,1882
neh_ADJ,2328
nevěřili,1060
necrophilia_NOUN,1244
notice_NOUN,592498
nondeductible_ADJ,2400
naps,11582
nonmusical_ADJ,1326
nanoclay,3504
neighing,5261
nonmetallic_ADJ,3733
ne'er_NOUN,6073
nanogenerator,1707
notated,6431
n50_NUM,1709
nonroutine_ADJ,1714
nursling_NOUN,1066
nanites_NOUN,2951
neurotrophic_ADJ,8725
nebulae,6095
negotiated,134399
nobleman,44647
nexuses_NOUN,1016
nibbled_VERB,25232
narration,68569
nuncio_NOUN,3165
nightlife_NOUN,14825
niobium_NOUN,4689
notifiable_ADJ,2273
naughtily,1625
nonmagnetic,3038
noninvasively_ADV,1989
neighbours_VERB,1046
neutrons,33821
noticeably_ADV,39490
neurophysiological,10107
necromancers,2235
nero,2375
noght_VERB,1358
nology_NOUN,1005
nahatungod,2186
naughty_ADJ,32529
nephrons_NOUN,3785
nity,2433
ndodhej,1109
neigh_ADJ,2767
nazionale_X,1238
nonvisual_ADJ,1112
novel_ADJ,189788
noiselessly,20848
nontaxable,2082
neurobehavioral_ADJ,3543
newsworthiness_NOUN,1443
nonrecognition_NOUN,2277
nullum_X,1476
nugget,11681
noema_NOUN,1096
nitrification_NOUN,7594
networking_VERB,24167
n'y,4946
nipple,115835
ngipon_X,1292
nonelite,1612
need,10017305
nexus_ADJ,2889
nonsignificant_ADJ,5516
nationalization_VERB,1031
notions,293183
nibbles,6726
neurotics_NOUN,1764
nA,3417
naturam,2002
nucleases_NOUN,4032
neatly,160332
negator,1319
njëqind,1024
neighbour_NOUN,120625
noumena,1795
nows,1157
nostalgia,68908
ns_NOUN,24463
nonindigenous,1914
nouveaux_X,1876
nanometres_NOUN,1382
nostalgia_NOUN,68900
n't,19368
napełnił,1156
nebular_NOUN,1813
nanoplatelets_NOUN,2488
nangagsasabi,4409
nanofiltration_NOUN,3904
nettle_ADJ,1604
ngā,1396
nr_X,1806
nearest_ADJ,282987
namespaces,2934
nightshade,3600
nanofluid,6279
nelle,5394
num,21298
num1,1181
nervous_ADJ,686913
northern,563408
nitrosative,1296
nasa_NOUN,4988
naysayers_NOUN,4847
nomad_NOUN,9369
nonresponse_NOUN,5617
nightlight,2025
nursing_NOUN,289412
neutrophil_ADJ,17935
nutritious_ADJ,32867
noncommunist,2326
nonstandard_ADJ,9063
notte,2265
nightly_ADJ,27859
netherworld_NOUN,4791
neurochemistry_NOUN,1848
nawyższy,1856
nex,2254
neurofibroma,2086
nucleus_NOUN,164882
neglecting_VERB,43259
nonrepresentational_ADJ,1515
nonobstructive,1280
nakedly_ADV,2640
nipple_ADJ,2181
nine_NUM,849387
neediness,4165
nonviolent,30319
nader,2379
n17,4560
nuovo_NOUN,3003
naturale,2164
n76,1239
nonresident_.,1051
nás,1369
notions_NOUN,293155
neutrals,8191
nicknamed_VERB,30370
notices_NOUN,106133
nejvyššího_X,1560
nič,1533
numerous_ADJ,867575
nu_ADJ,4771
neostigmine_NOUN,1515
nonjudicial_ADJ,1685
nucleating,2496
neuroleptic,4054
notarial,6132
narratological_ADJ,3840
neurodevelopmental_ADJ,10897
neologisms_NOUN,4158
noodle,17479
n'était_X,1344
nephron,7869
niobate_NOUN,1374
nagadawat_X,1275
n,4285166
nisin,4821
noose_NOUN,24013
nominally,29997
neuroepithelial,1789
nelson,1285
noticing_VERB,131809
nonlinguistic_ADJ,2872
nourished_ADJ,18043
neben,1079
narrative,1014700
nutritionally_ADV,6838
nJ,2677
nursemaids,1446
naturalist_ADJ,3391
numbering,36641
nonconformist_NOUN,2921
n23_X,1004
nonspherical_ADJ,1375
nuisances_NOUN,5985
nasienia,1849
nangabusog,1213
nagsugo,12100
nonconformities_NOUN,1121
narcissist,9488
niveau_X,2172
nonzero,28965
neurogenic,12107
nor,2376995
nosocomial,6457
nondemocratic,2904
nasally_ADV,1791
nursing,335740
ninguna_X,1540
nanoindentation,2380
nT,4577
nonindigenous_ADJ,1912
nakedly,2712
n.d.,152608
nn_NOUN,11834
neurodevelopment,3249
naturity,2962
narcissistically_ADV,1086
nontarget,2999
newborns,28105
n'ont,1933
nastily_ADV,2394
nz,1582
noun_X,7205
nanocarrier_NOUN,2206
natures,63235
noblewoman_NOUN,4543
nee,9469
neurosciences_NOUN,3106
nonconstant_ADJ,1508
neutrinos_NOUN,10086
neoclassicism,1915
nononsense_ADJ,1521
now_,3379
nano_ADJ,27812
nomothetic_ADJ,2792
not_ADV,133413907
nonchalant_ADJ,17345
nucleation,33773
navigated,26879
nanomolar_ADJ,1696
nears,7374
nondiagnostic_ADJ,1743
nouns_ADJ,3168
nonsynonymous_ADJ,1058
nonhuman,49627
naar_X,4553
naturalistically,1370
nocturne_NOUN,1192
nonneoplastic,2061
n40,2647
nautical_ADJ,28561
narco_NOUN,2385
noncompete,1910
nonintrusive_ADJ,1145
nags,3405
navigating,54138
nonopioid_ADJ,1230
newsroom,13174
nudges,15980
niger_ADV,2814
nagpapalabas_X,1008
newspaper_ADJ,1919
narrations,6513
nitrosylation_NOUN,1547
neuroscience,54938
neglected,230336
now,15715186
neighbour,125320
nevi,7356
nese,3373
nanoparticles_VERB,1654
needleless,1008
nF,1796
needy,69938
nullah_NOUN,1363
nuh,2927
nasal,130443
neoconservatism_NOUN,1236
nafs_NOUN,2165
nanos,1207
neuroectodermal_ADJ,1950
nada,9635
nonroutine,1768
neurosis_NOUN,14565
nuptials_NOUN,10412
ng,65885
nobility,118487
nginx_ADJ,1576
nearside,1039
needs,3019658
numerous,867834
nonsmokers,4577
noncommunicable,4478
neuroscience_VERB,1072
now_ADJ,84846
nozzle_NOUN,48932
nippy,1573
novels_NOUN,251023
n1_ADJ,2709
nonuniform_ADJ,8385
neet,1292
nonwhite,12800
n38,2742
noir,23604
n57,1822
nocturnal_ADJ,47628
n.d._CONJ,3599
nonrecourse_ADJ,2313
nudged_ADJ,2887
norte,2355
nxjerrë,1442
nþ1,1080
nicht_NOUN,5046
noncognitive_ADJ,2768
negresses,1004
northeastern,39653
nonsyndromic_ADJ,1360
northeasterly_ADJ,1737
nanohybrids,1546
newbie_NOUN,7178
nostalgic_ADJ,38765
nt_X,3964
nw,1629
northerners,7490
nearer_ADJ,92100
nucleoli_NOUN,7905
nice_ADJ,1125374
naturalized_VERB,7838
norte_X,1422
n_NOUN,1003460
nonnegotiable,5159
nagagikan,1895
nato_ADJ,2329
ngers_NOUN,1497
nine_ADJ,81325
neocolonialism,3935
neigh_NOUN,1679
n'en,2879
nonunion_ADJ,4761
nominating,10870
n87,1038
nuevas,2104
nal,8787
nivver,1607
necessary_ADJ,2978914
nineteen_ADJ,16070
nonessential,7477
neutralisation_NOUN,2582
naturel_X,1553
nai_X,2042
n.d._NOUN,123765
normative_ADJ,257119
no_X,1989343
needin_VERB,1248
nonintervention_NOUN,3518
nondominant,5916
nagasugo_X,1166
np_NOUN,5365
natriuretic_ADJ,8208
normalcy,19460
n31_NUM,3132
naturalists,19443
narrowminded,1386
niches_NOUN,35545
nitrate_NOUN,63841
noninferiority_NOUN,1450
neoplastic_ADJ,24642
natën_X,1468
ning_NOUN,3017
nitride_ADJ,1411
nucleosynthesis,1538
nitrofurantoin_NOUN,1484
nuwe_X,1184
nationhood_NOUN,14842
ninetieth,2835
negativity,48999
nant,1444
near,2840526
numeral_NOUN,3162
nð,3739
nouvelle_X,4660
nagsidating,1637
notified,73299
np_ADJ,3408
navrátili,1432
nhw'n,1310
numbingly,1231
nonaction,1011
nowhere_ADV,352396
no._NOUN,18226
newscast,3318
nominates_VERB,2096
nonlinearly_ADV,2247
nonclassical,2808
nervy_ADJ,1774
nonnative_ADJ,6692
nacre,1346
nanggula,1444
nS,1346
nicety_NOUN,6062
neuroleptic_ADJ,3950
noe,2774
nav,4198
n48_NUM,1678
n25,3650
nurturers_NOUN,1190
navigating_NOUN,2820
nowe_ADV,1129
nÞ,1087
niger_NOUN,5961
nae_NOUN,1451
neh,3746
near_ADJ,404378
nameplate,5429
nonwoven,3413
numerically,43538
needling,5533
nuclide_NOUN,1230
nonverbally,2626
nevertheless_ADV,371998
nanocrystalline_ADJ,1513
negotiate,174760
nouvelle,8290
nanosized_VERB,2891
nonissue,1139
nasties_NOUN,1011
nonclassical_ADJ,2795
nebulized_ADJ,1437
negatives_NOUN,33452
nauki,1029
nanosensor,1627
nemesis,17904
nationalists_NOUN,49631
nonmetric_ADJ,1159
nonrestrictive,1230
newness_ADJ,1637
narco,2991
nance,1881
nonstop_NOUN,5019
naltrexone_NOUN,5777
neurodevelopmental,12364
nibble,20522
n.d._VERB,1861
nuovo,3003
nod,331762
neural,397541
netlist_NOUN,1433
nostra,8100
networker,1066
nanosensor_NOUN,1575
nard,1291
necessitous,1765
namespaces_NOUN,2890
neighbors_NOUN,312610
noche,5113
når,1376
neurally,1494
nanosecond,6282
nephews_NOUN,27311
nad,4522
nanagpanuol_X,1040
neighborhood,422576
nectar_NOUN,35394
naby,1059
nanotechnology,36049
nonviolent_NOUN,3798
nS_NOUN,1288
numismatic_ADJ,2814
neh_NOUN,1052
n63,1578
nanodiamonds_NOUN,1544
niżeli,3450
nell'Italia,1577
neutrophil_NOUN,2059
noninfectious,4313
neuropsychologists,3062
neocortical_ADJ,3494
nem_NOUN,1059
nonproductive,4092
nondiscriminatory,6090
notso,1155
nonracial,1137
null_NOUN,11163
nuit,4473
n'aţi,3306
nanoribbons,3608
naturelle,4141
nudge,39744
neuropil,1896
neighboring_VERB,109267
numerus,1854
nontarget_ADJ,2484
nationalist_ADJ,121512
nonfarm,6455
nocked,3439
neuronal_NOUN,1048
noch,10527
nonalignment,2669
neodymium,2936
newsletter_NOUN,39196
nuclear,733795
niinä,1245
nachos,5209
n'are,1597
navigations_NOUN,1279
national,2714825
negligent_ADJ,45107
not,133453946
naething_VERB,1332
navvy,1703
nuchal,4259
nucleated_VERB,1457
nucleic,43128
n'y_VERB,1152
nanostructured,15392
nance_NOUN,1607
nonsurgical,7510
nonusers,1709
negroes_NOUN,48041
nonfunctioning,2301
n.8,2108
nie,129837
nonblack_ADJ,1106
noncontradiction_NOUN,1184
nonrandom_ADJ,3993
nondestructive_ADJ,5955
nonracial_ADJ,1135
nanofibers_NOUN,24975
noisiest_ADJ,1751
numen_NOUN,1071
neon,39105
nanoclusters_NOUN,3000
nuovi,1222
nanosized_ADJ,1929
normotensive_ADJ,3225
nostram,1068
naturale_NOUN,1225
nationalizations,1222
neutralisation,2628
netizens,4138
nanoemulsion,4486
nostrum_NOUN,1966
nitrogen,255625
neuter,11439
nightcap_NOUN,9246
normal,1901767
nonword,1116
nt_NOUN,15110
nononsense,1694
narrativity_NOUN,3450
nationalized_ADJ,4326
nauseating_NOUN,2606
nominalization,4609
nigh_ADV,63517
nangagsasabi_ADV,3384
nullam_X,2770
neduhy,1396
neuroscientists_NOUN,7978
nightshirt_NOUN,5857
nearer_ADV,33288
nonchalantly,20058
nostril,18804
npm,6681
natu,3408
nutter_NOUN,1560
nitroprusside_NOUN,3080
n71,1294
nourished,38871
nannies_NOUN,9420
naa_X,1312
nonemployer,1204
networking_NOUN,101167
nato,2853
neurostimulation_NOUN,1387
numbness,32312
nanotube,27290
notoriety,27978
naskutku,1482
nonfinancial,11803
neueren_X,1078
neutralization_NOUN,18272
nuclide,2541
nach_NOUN,3480
nanoformulations_NOUN,1288
n67_NUM,1412
nu_VERB,1066
notching,3182
neighing_NOUN,2980
nexus_NOUN,60869
nmap,2619
nonfederal_ADJ,1520
nourished_VERB,20820
nanofluids_NOUN,7449
nobilis,2471
narcotics,27586
nanomaterials,54258
nagapanudlo,1269
neque_X,7822
nabob,1475
neighbourly_ADV,1022
noncommunicable_ADJ,4435
nanofibrous,4456
niżli_X,2668
neutered_VERB,3022
nimbler,1029
nincompoop_NOUN,1164
neutrophilic_ADJ,4870
noncontiguous,1303
nucleated_ADJ,5787
neovascularization_NOUN,6655
nie_NOUN,45789
ny,20282
null,153397
neutrality,91957
neuro_ADJ,17530
nicer_NOUN,2660
nonurban_ADJ,1046
natively,3848
nagging_NOUN,6271
notables_NOUN,13430
ngers,1504
numeracy,13842
neurofibromas_NOUN,1837
nań_X,4711
nostro_X,2636
neediness_NOUN,4071
norman,1209
negligee_NOUN,4288
newsletters_,1577
noises,120750
nanosystems_NOUN,2588
nematic_ADJ,5317
nangagsabi_NOUN,1534
nonmonotonic,1382
nostra_X,7016
nearby,552051
normative_VERB,6595
narcissus,2690
navigable_ADJ,17849
newsgroups,1274
nonMuslims_NOUN,1126
noncoding,8033
numbing,20381
negotiator_NOUN,17126
ness,44419
nectar_ADV,1335
neurochemicals,1228
nΠ,2325
nonexperimental_ADJ,2456
niger,10842
newlyweds_NOUN,10285
no.3_ADJ,1755
nonmarket,4088
nondecreasing_VERB,1310
nad_X,2119
n54,1860
nutter,1721
nonimmigrant_ADJ,2092
nd_NOUN,23035
neurotypical,3017
neckerchief_NOUN,2973
ninety,159424
narcotics_NOUN,27584
nother_DET,2355
nanorod_NOUN,3045
nr_NOUN,15230
nucleases,4099
navigate,137675
n6_NUM,5689
nobs,1162
naga_NOUN,1939
nonworking,2276
nanoscopic,1108
nudist,2653
nail_NOUN,131553
nodal,37803
naturel,2874
noroade,1254
nn_X,1145
nonionic,5258
negation,81980
naphthalene,7736
newer_ADJ,111671
nonferrous_ADJ,2831
n.a._X,1199
nagapangita_X,1999
neutralised,4224
nightstick,1475
noodles_NOUN,58293
np.exp,1108
nð_NOUN,1443
nly,1623
neutralist,1598
niqab,2832
nibbled,25597
negating_ADJ,1579
neurochemical_ADJ,6022
nonrelativistic,2261
nagsabi_VERB,1120
nasopharyngeal_ADJ,9921
neighbourhood_ADJ,3043
nuisances,6071
noontide,3627
nylon_ADJ,3232
numbs,1500
nonbasic,1097
nationstates,2219
newe,2429
n44,2388
nontransferable_ADJ,4404
nimodipine_NOUN,1317
nanorods,12268
nhw'n_X,1100
nonsocial,1403
noninfectious_ADJ,4300
neuroprotective,10496
nonlinear,184970
norms_NOUN,493739
nasturtiums_NOUN,1588
nonresponders,2078
neutrophils,34577
nauczonych,1725
normalized_VERB,64908
njëjtën,1321
nontargeted,1178
naught_NOUN,42240
numbing_ADJ,16601
n.4_NUM,3795
naphthol,2314
notamment_X,1097
noted_ADJ,25490
nanoparticulate,2046
noncontroversial,1332
norma,1544
networth_ADJ,1859
nd_VERB,10015
nicotinic,7846
nonChristian,1598
nee_ADJ,4001
nga_X,9527
n.10_NUM,1482
nauczonych_NOUN,1143
negroes,48045
neurologists_NOUN,5642
netting_NOUN,12617
neurogenesis_NOUN,12156
naivety_NOUN,8137
nginx_NOUN,1096
nonpartisan_ADJ,8434
natural_NOUN,152693
nursemaid_NOUN,3356
neoplasm,22904
necessarily_ADV,877908
nouveau,15138
nowadays,117134
novella_NOUN,19701
nonpayment_NOUN,4861
neighborly,7526
nonjudicial,1686
neovascular,2209
novels,251219
notebooks,38703
nutmeg,29045
nonconformist_ADJ,1838
now_ADV,15626967
nemůž_X,1174
newest_ADJ,58061
nautilus,1762
neurochemicals_NOUN,1216
n.15_NUM,1051
navigation,167124
naturalised_VERB,2567
naves,2292
nape,35294
nanohybrids_NOUN,1531
neutralising,2193
n.r.e.,1730
normalised_VERB,8990
nosology_NOUN,2356
neurasthenia_NOUN,3763
nonmembers_NOUN,3887
nipping_NOUN,1743
necked_ADJ,20213
nutritionists_NOUN,4189
niques_NOUN,1104
nobilis_X,1211
nonspatial_ADJ,1096
narrowing_NOUN,28871
neurotropic,1233
nod_VERB,126508
n77_NUM,1184
n.d.b_NOUN,1434
noo_NOUN,2939
nf,2538
nos._ADP,1975
nye,1575
nunnery_NOUN,7790
nAChRs_NOUN,1538
northwards,14532
nipped_VERB,21243
nitrogenase,3567
nonliteral,1432
northerly_ADV,1509
narrators_NOUN,16494
novelties,11640
numerously,1406
nonprofessional,4021
nonpolitical,4009
noncash,3971
normothermia,1137
nominalized,2212
nmap_NOUN,1338
nonthermal_ADJ,2801
nondegenerate,4015
nationwide_ADJ,60722
numerators,2355
nents_NOUN,1020
niemand,1839
neurotrophin,1384
nonmarket_ADJ,3966
nicer,38885
neue,6860
neuroma_NOUN,4806
nontraditional,16074
notarial_ADJ,5993
novela,2642
nonnuclear,2553
neuromuscular,32605
nanometer,9675
noches_NOUN,1126
newsagents_NOUN,1388
nocebo,1405
nurseryman,1083
nursemaids_NOUN,1434
ne'er,26837
nähdessään,1994
nationale,11597
neue_X,3986
nudged,69024
ncRNA,1182
natto_NOUN,2543
nonresponsive,2451
neuroscientist_NOUN,5268
neocortex,8394
n18,4482
nontrivial,14809
newly_ADV,458771
nosedive_NOUN,1925
nucleate,4409
numbly,6302
nonzero_ADJ,26226
nihilo_NOUN,1338
nagaingon_X,28214
nook,31192
neurohypophysis,1135
n13_X,1123
nonpolar_ADJ,10621
neurointerventions,1418
newborn_ADJ,104020
nomological_ADJ,3057
nazwał,1039
noticed_VERB,1128570
n.d.a_NOUN,1494
normals_NOUN,5837
neuf,1599
nonunion,11307
narwhal_ADJ,1399
nonlinear_ADP,8681
neurokinin,1134
nociception,2401
nonbonding,1068
nucleus_ADP,1783
nocturia_NOUN,2952
nationaux,1287
nieuwe,1072
navigational_ADJ,18747
nudges_NOUN,6644
nonresponsive_ADJ,2449
n62_NUM,1228
nuova_X,1915
nitrobenzene,2169
notion_NOUN,920617
nimbleness,2394
nanny,44447
nonconductive,1420
nocked_VERB,3322
narratorial_ADJ,1719
neuralgia,15005
nanowires_NOUN,16704
neuropathy,47519
nonexempt,2920
nonrecognition,2302
nutcase_NOUN,1922
niks_NOUN,1443
nabob_NOUN,1453
nanotube_NOUN,25889
nationalisms_NOUN,6490
noisy,136370
neuroscientists,8042
nonmaleficence,2224
nangatakot,1208
nonadherent_ADJ,1244
nuthin,3687
nag_VERB,5080
nación_X,1411
nu,25402
nosegays,1263
n22_NUM,3184
nonconforming,10501
nobles_NOUN,97749
nudging_VERB,22716
neighbours_NOUN,158415
networNs,2625
nationalizations_NOUN,1219
nology,1597
nahi_X,2164
negations,6053
nucleolus,3699
n2_X,8261
noncontrast_ADJ,1755
nalezli,2016
needs_VERB,1528943
nigh_ADJ,3806
narrower,69614
northwest_ADV,23795
nonaqueous_ADJ,2955
nen_X,1127
nationalised_ADJ,1840
necropsy,3229
neither_ADV,271432
nematodes,20205
n27_NUM,3323
neurologic,57320
ns_VERB,4338
negro_ADJ,82786
nutrition_NOUN,211878
nitrosylation,1623
nonmetro,1253
neuroscientific,6910
nou,16386
normalized,103904
n.r.e._NOUN,1346
naturalize,4950
nr,19401
nondirective_ADJ,1927
nonurban,1058
networks,971303
nursed_VERB,34545
nuptial_ADJ,10933
noradrenaline_NOUN,8103
nameplates,1114
nephrostomy,1778
nonconstant,1609
nonlegal_ADJ,1512
networked,45344
nurseries,13906
neurolysis,1245
nonreciprocal_ADJ,1841
niggard_NOUN,1102
naughty_NOUN,23803
nourishes_VERB,10474
nucleoprotein,1081
nonholonomic_ADJ,1025
network_ADJ,27293
n72,1195
nm_ADJ,14740
nanoindentation_NOUN,2289
neurite,3002
nonWestern_ADJ,2249
nutty,11479
narrates,17925
như,1168
nonoccurrence_NOUN,1060
nabbed,4950
nonmetric,1171
nonverbally_ADV,2610
newsfeeds_NOUN,1356
napping_NOUN,5150
nazwany_NOUN,1156
nights,388553
neuritic_ADJ,1001
nixed_VERB,2100
numerator_NOUN,24514
nutmeg_ADJ,4122
nationwide_ADV,11864
nawyższego_X,1624
nomos_NOUN,4277
netting_ADJ,1878
noir_ADJ,4792
nits,2636
nomad,11314
nonnegative_ADJ,17835
nullified,9590
noisome_ADJ,4741
n69_NUM,1161
npm_ADJ,1846
neckline_NOUN,17587
naan_ADJ,1686
naivete_NOUN,3400
noncompetitive,4536
nicks_NOUN,3388
nique,1032
nonrecourse,2637
negotiation_NOUN,189520
nailing,12983
n13_NUM,3851
neatness_NOUN,10925
n.d.a,1639
nonreciprocal,1852
negro,83756
nonmetro_ADJ,1119
nonresponders_NOUN,2068
nonrandom,4063
n'en_X,2487
nicotinamide,6516
nationalities,41367
neurobehavioral,3795
nosey_ADJ,3631
nationalized_VERB,9406
nihilists,1544
nursery,105610
nonequivalent,2435
noncooperation,2175
n46,2245
neo_VERB,2955
neonates_NOUN,27543
naevus,1811
nonconvex_ADJ,1643
nonsmooth,1712
night_ADV,9515
normalisation_NOUN,8088
nightie_NOUN,5790
nonbeing_NOUN,2601
n19,4177
n'aţi_X,2964
nurturant,1139
notorious_ADJ,105384
nag,15453
noirs,3575
nagasinggit,1278
n70,1328
numeracy_ADJ,2955
nucleons,4249
nephrons,3796
neonates_VERB,1185
nonproliferation_NOUN,5892
nmol,6172
nëna_DET,1144
neuroanatomy,3965
nel_NOUN,5146
nerdy_ADJ,6236
nlogn,1001
nečtli,1170
noncanonical_ADJ,2733
nemocné,1073
nought_VERB,3226
nosegays_NOUN,1262
neighboring_ADJ,53061
netus,4002
neoconservative_ADJ,3566
nightstick_NOUN,1468
nitration_NOUN,4620
noncommissioned_ADJ,4060
niektóry_X,2093
nearing,45756
narrowing_ADJ,1504
nooks_NOUN,12577
notoriety_NOUN,26462
naturalised,5147
nonobese,1743
naparoon_NOUN,1285
noblewomen_NOUN,2238
neuroimaging_VERB,3498
newline_ADJ,1017
noone,2223
neurophysiologic_ADJ,1447
neurorehabilitation,2027
newsmen_NOUN,2064
neuropathic,17006
neoliberalization_NOUN,1870
noredirect_X,1494
norfloxacin,1106
nonmaleficence_NOUN,2052
nepotism_NOUN,8701
nachgefolgt_X,1865
nonstick_NOUN,6420
nonsymmetric_ADJ,1093
nanoemulsions,5843
nanometer_NOUN,6261
numinous,7659
nock,1255
nay,79788
neanderthalensis,1214
naphthyl,1293
nonenhancing,1168
nonfatal,5526
notepads,2164
nanometre_NOUN,1060
northwest_NOUN,29784
nonwork,2763
northeastward_ADV,1023
neonatal_NOUN,2906
nystagmus,13856
negotiated_ADJ,1497
narrative_NOUN,889595
normative,294560
nasb,1207
names,1248431
nothings,7764
natal,19587
none_NOUN,1287382
nominates,2390
nicotinamide_ADJ,4992
nursing_VERB,46284
nervousness,52528
normally,546413
north,1085993
needeth,1606
ny_NOUN,12487
nails_NOUN,188858
ndodhë_X,1557
narcosis_NOUN,1583
negativity_ADJ,1832
nanoclays,1311
numbed_ADJ,3924
notified_VERB,73215
nearer_NOUN,12906
narrow_ADJ,810489
nanaglingkod_X,1063
nullius_ADJ,1793
netting,24410
needled_VERB,2901
nipping,13100
nudes_NOUN,4636
ninepence,1867
nociceptors_NOUN,3032
nucleus,200501
neurosensory_ADJ,1168
nonemergency_ADJ,1169
neurocysticercosis,1206
nimble,30897
nieczystego,1269
newsboys,6824
nk_NOUN,6340
nosological,1065
novelle,1311
neurophysiology,4858
nutshell,24335
nominalist_ADJ,1118
n3_X,5077
n14,4951
nae,13389
noising,1321
nominal_ADJ,165147
n20,4190
narrator_NOUN,167281
nightingale,15571
noncompliant_ADJ,4550
nodosa_X,1743
noisy_ADJ,136365
necessario_X,1047
newish,1384
nagsiparoon_X,1037
novice_NOUN,57146
nontaxable_ADJ,2024
nationalisation_NOUN,6140
neither,1411743
neediest_ADJ,1558
np.zeros,1489
nor_CONJ,2376780
nuances_NOUN,50747
newsstands_NOUN,3262
nearest_ADP,16210
needing_VERB,155375
newsmen,2207
night_NOUN,5624592
needlework_NOUN,12970
nowadays_ADV,117127
nonlawyer,1147
nickel,81649
neoconservative,3711
naltrexone,5909
noncitizens_NOUN,5444
nunc_X,13545
notable_ADJ,241401
nonresponse,6655
neuropathies,7516
neighbors,312632
negotiability_NOUN,1504
nortriptyline_NOUN,1769
neuritis,7518
nawyższego,1740
nanotech,1598
nicht_ADJ,1512
nanoplates,1808
necktie,9296
naturalizes,1722
nееd,1058
neutralizing_NOUN,2824
naïveté_NOUN,8163
naevi,1784
nucleoli,8045
novation_NOUN,2393
nc_NOUN,5000
nez_NOUN,3845
nausea_NOUN,116492
nonpregnant,4386
necesita,1347
ndyrë,1455
n.d.b,1524
nonpoint,3220
neuroticism_NOUN,8532
nondirectional,1294
nephrostomy_NOUN,1135
nextgeneration,1657
nëse,6467
n34_NUM,2289
nanoparticulate_NOUN,1942
nouvelles_X,2676
new_ADJ,12870714
nonempty_ADJ,6018
notion,920654
nonconceptual_ADJ,3179
n'y_X,3498
naturalized,22293
nada_NOUN,3766
notochord_NOUN,2910
nonconfrontational_ADJ,1784
naturalistic_ADJ,39195
nah_ADV,1383
noncombustible,1159
networking_ADJ,1801
neighbourhood_NOUN,162633
nanoseconds,3366
nite,2255
neurasthenic_ADJ,1257
neurobiology,10864
neocolonialism_NOUN,3925
nitro_NOUN,2289
nephron_NOUN,6550
neoprene,2725
nauseating,9587
neocolonial,5747
nameplates_NOUN,1108
noninferiority,2257
nonbiological_ADJ,1960
nоt,2014
narodził_X,2310
nilotinib,1132
neuropathological,3045
nonprogressive_ADJ,1262
nitrates_NOUN,13411
n10,6139
negotiable,23270
naturalist,37228
novela_NOUN,1305
nickel_NOUN,64735
nonEuropean,1484
nobile,1822
no_ADV,2340216
newel,1960
nakedness,30812
nulls_NOUN,1533
newfangled,3737
nines,7426
nAChR,1991
nancial,2202
n.5_NUM,2986
newsfeed,2026
nadi,1136
neurosecretory_ADJ,1877
neurofeedback_ADJ,1218
nab,5642
nods,165021
naturally,809286
neutralizing_VERB,13359
noninstitutional_ADJ,1128
nihil,7613
nonwhites,4009
nachgefolgt,1974
no.1,4722
neuroses,7289
noncancer,1754
nes_NOUN,1343
notepaper,4298
niente,2005
noblesse,6018
notable,241416
n'est,14620
necklines,1208
nichts_NOUN,1987
nasa,4996
nut,93260
noninflammatory_ADJ,1516
negra,2565
nether,16118
nano_X,1371
newsgroups_NOUN,1256
nonconformist,4769
nonoverlapping_ADJ,1651
nosebleeds,2018
nothink,1258
n74_NUM,1023
nonthreatening_ADJ,5008
narrating,19532
nineteenth,545522
noncurrent_ADJ,1426
nonholonomic,1090
nation_NOUN,1264218
natura_NOUN,3591
neighbourhood,166828
nexuses,1021
n29_NUM,2408
neck,1408175
niños_NOUN,2257
novella,21156
nanosystem,1058
nameless_NOUN,10148
nitrite_NOUN,13701
niewiasty_ADJ,1147
needle,286278
next,5961527
neuronet,3072
nonparametric,16167
neighborliness,2110
nurturance,4991
nationstates_NOUN,2202
noroadelor,1710
nickered,1838
nanofiller_NOUN,1905
niver_ADV,1816
nonnegligible_ADJ,1035
nonprotein,1286
nanocrystals,18894
nonzero_ADV,1922
nanosilver_NOUN,1072
nps,1076
noninstitutionalized,1036
noblewomen,2266
n9_NUM,4508
nibble_ADJ,1663
nestling_NOUN,4639
n32,3277
numismatics,1105
neurotrophins_NOUN,1040
n28,3388
neuromas_NOUN,1566
nonJewish,1231
nonnative,7050
nostrums_NOUN,2097
nones_NOUN,2333
neutralise_VERB,4754
nonvolatile,5235
noncitizen,3136
names_NOUN,1211338
nonwhites_NOUN,3997
nano_DET,1361
nanagsunod,1181
nobis_X,8119
naturaleza_X,2470
nonconfidential,1041
nutraceuticals_NOUN,7254
nucleating_ADJ,1555
nihon,1007
navigations,1324
naevi_NOUN,1472
nested_ADJ,10177
n45,2202
nate,2153
nomogram,2469
njerëzve_NOUN,1080
necessitates,37488
naya,2617
njëri_X,2071
neutrality_NOUN,90860
normalized_ADJ,38253
não,7330
nullable_ADJ,1722
nonrepudiation_NOUN,1093
nibh,5168
nouveau_NOUN,2260
nonlegal,1519
n52_NUM,1542
notice_ADJ,1744
nagadawat,1507
nationalization,19665
neotropical_ADJ,1817
nucleotide_VERB,1102
nukes_NOUN,3026
ninjas,2719
narcosis,1635
natural_ADJ,2779088
norm_NOUN,261398
naturalizes_VERB,1600
nigh,69561
n30_NUM,2455
nationalisms,6529
niceness_NOUN,3051
niggling,7397
nurturing_NOUN,8547
nightclub,29843
nonetheless,201596
nonrenewable,5515
ní,1177
ns,32677
naphtha,7499
nulls,1780
nothin_NOUN,42742
numeration_NOUN,2087
nontransferable,4405
nucleatum,1115
noninteracting,1329
n'ai,1871
nagluwas,1086
n'are_X,1596
nave,34902
nonprofessional_ADJ,3990
neutral_ADJ,399864
nanosilver,1186
necklaces,18095
nonconforming_NOUN,2821
niggas,8641
n24_NUM,2869
nanocarbon_NOUN,1004
naturae_X,2842
neuronal_ADJ,81406
nanowire,10276
newspapermen,2216
novation,2572
nagahingilin_X,1151
necromantic_ADJ,1772
niya,1925
nondominant_NOUN,2897
negligible,95928
nettles_NOUN,9318
nonideal,3693
nonsuicidal,1216
newsvendor_NOUN,1166
narrated,49057
n89,1008
nonoperative_ADJ,7644
ng_NOUN,42322
nent,1671
naturals_NOUN,1971
neurologically_ADV,4608
newsworthy,8052
noninflammatory,1533
neuraxial_ADJ,4724
n5_NUM,6444
nonWestern,2449
noncorporate,1008
nanowires,16812
naturalizing_VERB,2738
natty_ADJ,1832
newtons_NOUN,1556
nič_X,1024
nucleotides,27055
notices,106151
noiselessly_ADV,20830
nails,188873
nonviable,2943
nullah,1417
nonexistent_ADJ,43199
necessities,72305
notre,8111
nagakaon_X,1174
nebulizer,5378
needlessly_ADV,16460
nares,4182
nè,1124
nationality_NOUN,116936
normotensive,3287
nueva_X,3970
nozzles_NOUN,12021
nonsectarian_ADJ,2334
neurofibromatosis_NOUN,5486
nativity_NOUN,10724
nL_NOUN,1563
n78,1197
nutraceutical,5491
nomine,4621
neuroses_NOUN,7200
n17_NUM,3390
nucleation_ADJ,1292
nagsisunod_NOUN,1524
newsvendor,1280
nanoelectronics,1154
n.12_NUM,1298
nonmonetary_ADJ,4131
n.3,4217
ne'er_ADV,5741
notarized,4262
namespace_NOUN,15094
nΣ,27993
nonconvex,2628
nonalignment_NOUN,2425
nucleophilicity,1159
new_,2354
ninja_NOUN,11215
notebook_ADJ,1719
nanofillers_NOUN,3991
neutralised_VERB,4122
nok,1322
nonpharmacological_ADJ,2857
nadir_NOUN,11244
nodulation_NOUN,5345
nagbuhat_X,2186
neurotensin,1155
nude,56975
nontherapeutic_ADJ,1063
neuropeptide_NOUN,4767
nasi_X,1088
neuen_X,3729
nationalistic_ADJ,24558
neprihăniţi_X,1825
nonsmooth_ADJ,1406
nanofibers,25015
nastiness_ADJ,1623
n.8_NUM,2080
necked_VERB,1230
normed_VERB,2210
newt,3447
neutering,1881
nodded_VERB,1935931
nigrum_NOUN,2986
nominee_NOUN,29625
nucleophilic,13790
nob_NOUN,1435
nanosheets_NOUN,14955
nought,26655
nobodies_NOUN,2898
nudist_ADJ,2282
nighty,1023
nonhumans_NOUN,5246
nearest_ADV,5735
nagsugo_X,10134
nutcase,2095
nests,67652
negations_NOUN,6024
nuts_ADJ,15326
nirvāṇa_NOUN,2758
nΣ_X,2004
nanomolar,2087
nonempty_NOUN,3770
nonrecurring,1609
niżli,3364
nurture_ADJ,8074
naïvely,4644
nostri_X,3791
northwest_ADJ,41512
nauczając,1271
nM,14316
nanghitingala_X,1046
nonconvulsive_ADJ,1013
nightgown,28157
nawyższy_X,1063
n9,6579
northwestward,1083
nen,3724
nanostructures,28641
notwithstanding,150833
neopterin,1714
naso,1615
notch,69291
n.d._X,9539
nagpakilooy,2310
neighbor,265826
nonessential_ADJ,6997
nettle,9449
nonbeliever_NOUN,1634
nutrients_VERB,1491
nary_DET,3986
ninepence_NOUN,1528
n.1_NUM,4802
nonconforming_ADJ,3991
nocht,2059
n93,1134
naturalization_NOUN,17540
national_NOUN,13176
ndipo_X,1064
nonintrusive,1155
nursed,35173
n84,1145
news_NOUN,1796730
noggin_NOUN,2557
neighed,3345
networks_NOUN,971168
naiad,1120
nificant,1188
necessitating_VERB,17472
nourishing,28930
nimbus,4060
nitrosative_ADJ,1237
nonprescription,2032
naething,2127
nonobvious,1095
nonnegotiable_ADJ,5142
nginx,3056
nullifies_VERB,1108
nonempty,10158
nagasulti_X,4225
narrowing,73335
new_NOUN,13762
najdziecie,1160
nowt,5608
nul_X,1306
neurofeedback,4492
neo,132877
nothing_ADJ,11372
nuestras,2401
nationstate,3476
newsprint,6491
nontoxicity_NOUN,1057
nanoclusters,3016
nectar_DET,1735
nervousness_NOUN,52526
nazajutrz_X,1086
nonformal_ADJ,2324
ni,83744
nanosphere_NOUN,1119
nightie,5864
nga'y_X,2540
noted_VERB,1458620
noisier,3809
nagagikan_X,1106
niggle_NOUN,1858
nanostructures_NOUN,28459
neoplasms_NOUN,27993
nonresistance_NOUN,1181
nagbuhat,2793
nauseating_VERB,2830
n51,2147
neutropenic_ADJ,4327
nitrites_NOUN,3026
newfound_ADJ,28170
nunchi,1468
nutation_NOUN,1055
nonsingular,4109
nephritic_ADJ,1261
nach_ADJ,2577
niks_X,2109
nutrient_NOUN,30966
naupo,1291
nun,59961
nanosheets,15108
n34,3221
neurotoxicity_NOUN,10051
nečistý,1000
nanocatalysts_NOUN,1812
nitre,2689
noncontact,3694
numero_X,2246
nonrefundable,2543
nisl,5257
neurotic_ADJ,22837
nonsignificant,5566
nonspecialist_ADJ,1054
narodził,3118
najwyższego_X,1959
nontoxic_ADJ,10665
nH,1715
numeral,14953
nominative_ADJ,12958
naturalised_ADJ,2577
naïve_VERB,2394
nightclothes_NOUN,2452
niche,107224
nadir,11245
nots,10752
numeration,2103
neces,1708
notate,1360
nether_NOUN,1214
newbies_NOUN,4479
nonprogressive,1283
nobody_NOUN,475410
nonce_NOUN,7282
nonobvious_ADJ,1094
nectar_ADP,1605
n1_NOUN,1452
nigger_NOUN,34834
neurocysticercosis_NOUN,1172
nostalgic,38916
nuestro,5158
nonmetropolitan,2685
nightlife,15140
neoliberal_ADJ,118447
nouna_ADJ,1518
nontoxicity,1060
neurohormonal,1294
nitrides_NOUN,3531
narrowband_ADJ,1086
nowise_ADV,4682
nonfat_NOUN,1264
narthex_NOUN,2844
nanag_ADJ,8024
necrolysis,3602
nephrotoxicity_NOUN,7249
nonsense,220698
nΣ_NOUN,23814
numismatic,2821
nonconfidential_ADJ,1041
né,8259
nosegay,3432
nanghibalo_X,1978
nanogel,1661
nevirapine_NOUN,1549
nightcap,9292
naturel_NOUN,1190
nanofluid_ADJ,2057
neuroendocrine_ADJ,11017
noxious_ADJ,27108
negative_ADJ,1729000
nucleophiles,5223
nonrelativistic_ADJ,2253
napoleon,1005
nostrums,2098
noncardiac,3215
nightclothes,2454
newspapers_NOUN,342799
non_NOUN,48578
noncustodial,2865
nancial_ADJ,1438
nurturant_ADJ,1137
niżeli_X,2185
nullifies_NOUN,1286
nd_CONJ,11949
nanosheet,2847
nagahingilin,1496
nunnery,8103
neurofeedback_NOUN,2763
nonresidential,3105
n1_NUM,15853
notice_VERB,664129
nestled,54595
như_X,1100
novelists,23553
napping,14586
n38_NUM,1986
nonmotor,1002
nai,3485
nesters,2079
néki_NOUN,3644
nullification,6711
need_VERB,7310650
neurotoxic_ADJ,6541
needle_NOUN,286259
noonday_ADJ,5479
noncoercive,1128
nurses_NOUN,273103
naïve,77525
niggling_ADJ,3135
naive_ADJ,82948
native,728229
n44_NUM,1922
nonfunctioning_ADJ,2055
nosy,16484
nicknames_NOUN,13538
nominees,15754
neurites_NOUN,1680
nfl,1403
notecards_NOUN,1039
nauseous_ADJ,20710
needling_NOUN,2318
naninguha,1180
nost,2265
ncol_NOUN,1109
nudging,25804
negator_NOUN,1270
noticeboard_NOUN,1972
nangakatayo,1107
n66,1496
nost_NOUN,2183
nuances,50752
nurturing_ADJ,33154
numerology,3563
nav_NOUN,2806
ness_NOUN,12745
nasopharyngeal,10140
napokban_NOUN,1079
nooses,1856
nobis,8816
nek,1692
neurologic_NOUN,1348
newspaperman_NOUN,3379
nonlocality_NOUN,2175
nanocellulose_NOUN,3393
nicotine,36734
nugatory,1998
nanometric_ADJ,2094
n39_NUM,2125
nonexperts,1180
nome_X,1485
necesse,1315
noone_NOUN,1683
node_VERB,15865
nucleophile_ADJ,4912
nicotine_ADJ,22587
neuromodulatory_ADJ,1271
neuralgic,1688
nan_NOUN,5476
nearness_NOUN,21918
nos.,2189
negl,1570
nonimmigrant,2468
nomad_ADJ,1780
ng_X,9855
newts,3163
nΠ_NOUN,2037
naturopathic_ADJ,2102
nejvyššího,1801
nos,73348
nightly,45973
nighters_NOUN,1549
neutralized_VERB,19076
nN,1681
nonfood,2480
neurotoxins,2744
neutrally_ADV,6792
nafs,2525
nat'ral_ADJ,1071
neurofilament,1208
nationhood_VERB,1325
nevirapine,1648
nórska_ADJ,2036
nonalcoholic_ADJ,8252
nebulizers_NOUN,1834
nailed,49756
natter,1089
nazionale,2085
notte_X,1002
nursery_NOUN,105600
newsstand_NOUN,3892
nj,4681
neuroendocrine_NOUN,9911
non_X,149060
nuns_VERB,1362
nosedive,2573
n29,3130
neverending_ADJ,2087
nonimmune_ADJ,1330
neglecting_NOUN,1023
nó,1072
nasally,2384
nodule,32673
nodules_VERB,2941
nonresidents,4380
navigational,19755
nature_NOUN,3911485
nonspecialists_NOUN,1206
n0_NUM,3378
nerd_NOUN,11973
nonexistence_NOUN,10325
noodles,61140
nonself,2236
nondominant_ADJ,2910
numberless_ADJ,14931
netherworld,4993
node_NOUN,404497
noncurrent,2010
narrows,24932
nourishes,10790
nondairy,2530
noncommercial,9925
nagsiparoon,3045
nondisclosure,6570
narcissist_NOUN,9321
nanghibulong_X,2312
nomen_X,2448
nunquam,1335
neuromonitoring_NOUN,1193
nutritionists,4297
np.array_ADV,1536
nuts_NOUN,163402
nelson_NOUN,1285
n5,9572
ngo,1633
numbness_ADJ,13449
noses_NOUN,65252
nongovernmental,26108
noncontroversial_ADJ,1331
notoriously,44447
nge,1268
nociception_NOUN,2394
nefazodone_NOUN,1182
nonuniformity_NOUN,2069
neuromyelitis,1539
nitriles_NOUN,3231
nan_X,2417
nonnuclear_ADJ,2342
naturae_NOUN,1744
nonequivalent_ADJ,2220
neediest,1560
nonsmall_ADJ,1180
newsworthiness,1478
nonwords,1226
nondenominational_ADJ,2503
numerosity,2384
nombre_ADJ,1142
nucleoside_NOUN,2245
neurotypical_ADJ,2997
nomenclatures_NOUN,1620
n.15,1066
natu_NOUN,1129
nuevo_X,5131
nitrogenase_NOUN,3466
nitty_ADJ,4111
ncRNAs,1750
nifedipine,4055
nostalgically,3878
np,13061
neurosurgeons,2959
nonexempt_ADJ,2803
nanomaterial_ADJ,5916
neer,3602
nondominated,1080
neurovascular,13974
nasal_VERB,1363
not_,7898
nior,1514
neck_NOUN,1391038
napakita,1171
nanorobots,1128
nurtures_VERB,6446
nie_VERB,1687
necropsy_ADV,1145
n70_NUM,1247
nutriment_NOUN,4282
neurotoxicity,10060
nL,1854
null_VERB,2596
nanostructure_NOUN,7970
nit_NOUN,2683
nonsmoking,2138
nonproliferation,5947
nonoccurrence,1079
nonverbal_ADJ,45163
neurodegenerative,23813
normatively,14036
nip_ADJ,1039
nonrepudiation,1103
n1_X,4022
notary_NOUN,23416
ngimurok_NOUN,1448
neuroblasts_NOUN,1515
nonmalignant_ADJ,1931
nephrolithotomy_NOUN,1292
nanoribbons_NOUN,3591
nonsmokers_NOUN,4560
nowhere_NOUN,5712
neurologist_NOUN,14435
nope_X,4229
nagpatirapa,1213
norms,493794
necessitated,39307
notoriously_ADV,44264
nursemaid_ADJ,2231
nameplate_NOUN,5361
nori,4331
nationalised,4744
nanocrystal_NOUN,1431
neighbouring_VERB,54921
nY,1226
nattering,1361
nonstate_ADJ,10266
noche_X,4217
nightshirt,5904
nAChRs,1559
nanocomposite_NOUN,33969
narratological,3870
neutrophils_NOUN,34309
nazi,1460
nación,1917
norepinephrine,21588
newsrooms,4638
nimbleness_NOUN,2357
nord,2930
neuromuscular_ADJ,26673
nonjudgmental,9154
nearing_VERB,45755
noggin,2643
nian,3378
nonlethal,3042
neglecting,46017
nough_ADJ,1588
noninterventionist,1057
nemo,2549
nucleotide_NOUN,19543
nas_NOUN,2477
nanocarriers,8816
nah_X,5233
noncombustible_ADJ,1142
nonsuit,1027
noir_NOUN,14993
nursemaid,5770
northwards_NOUN,2846
nonpublic,6994
neolithic_ADJ,2595
noise_NOUN,953152
nonmembers,3907
naturalism_NOUN,30557
nonbinary,6627
nanometers_NOUN,7055
nephrocalcinosis_NOUN,1414
nm_X,2583
nakapamulong_X,1502
note_VERB,553459
nurtured,49829
northeast,92014
naive,82951
neatly_ADV,160329
ndodhin,1461
nasturtium,1359
necropolitics,1241
nonoverlapping_VERB,1220
njëjtën_X,1321
nota_NOUN,1188
nez,5672
neighbours,160290
nodding,135909
nahatabo_X,1846
nog_NOUN,1908
noun_ADJ,37700
narrates_VERB,17116
narrowness,12997
nymph,23862
napalm,4548
nombre,9029
nonliteral_ADJ,1415
nighter,2334
notice,1258501
noncommutative_ADJ,2773
notfor_ADJ,1063
nonconfrontational,1784
nih,1226
neg_NOUN,2376
neuroscientific_ADJ,6895
newlywed,4172
niggle,2309
notwithstanding_ADP,134572
nominalization_NOUN,4543
n36_NUM,2237
nomenclature,41325
nNOS_NOUN,1134
nnyumba,1032
na_VERB,65873
n18_NOUN,1044
n83_NUM,1098
nick,21248
nuther_ADJ,1107
nutcracker_NOUN,1873
newsfeed_NOUN,1824
nuzzles,2182
nucleosome_ADJ,2040
natriuresis_NOUN,1217
nonpharmacologic_ADJ,3042
neurocognitive,16647
neglects,19164
nostro,3747
numerical_ADJ,291148
necrotic_ADJ,19525
nuchal_ADJ,4224
nerveless_ADJ,4654
nanogel_NOUN,1515
nonmetal_ADJ,1568
needlepoint,2404
nostrils_NOUN,106037
nonflammable_ADJ,1005
negating,12704
neurochemistry,1867
nip_NOUN,10488
nettle_NOUN,7573
nectarine,1804
nonaqueous,2967
nonconventional,4004
narrowness_NOUN,12897
northbound,4645
nonenzymatic_ADJ,2885
nanoscale_ADJ,12158
néktek,25066
neque_ADJ,2122
neuropsychology,9722
nebber,1361
nb,3249
nigher,1513
nonrational,2862
noncitizen_NOUN,1083
necrosis,96043
nisi,15197
nonbank,3112
nighttime_ADJ,6786
nia_NOUN,1667
novices,21637
nimble_ADJ,29484
niños,3993
nonsensical,19858
nelle_X,4272
nonfiction,28380
nurse,584931
nonlethal_ADJ,3020
noght_ADV,1131
nam_NOUN,10647
numbing_VERB,3110
nerds_NOUN,6031
newsreel_NOUN,4285
northerly,12973
notfor,1135
nieces_NOUN,24060
nonattachment,1087
nozzle_ADJ,1031
necropolis,6081
nightclub_NOUN,29584
nitty,4317
nam,10650
neuromotor_NOUN,1524
nitrogenous,8114
nitrile_NOUN,4746
nā,1073
naga,2301
nastier_ADJ,2443
needed_ADJ,58164
nrcresearchpress,1276
northernmost_ADJ,9666
nods_VERB,96773
newlywed_ADJ,3114
nonchalant,17423
nontransparent_ADJ,1164
neglectful_ADJ,8035
nociceptive_ADJ,6740
nidus_NOUN,3090
nke,1133
nagahatag,3036
nameless_ADJ,29791
neurotrophin_NOUN,1077
neighbour_ADJ,3049
networN_NOUN,4788
noncovalent,5106
nosy_ADJ,15656
nonterminal_ADJ,1617
nurturer_NOUN,2085
nonprofits,19761
noncompetitive_ADJ,4416
neuroinflammatory_ADJ,1406
nga'y,4111
nonsyndromic,1374
nevus_NOUN,8798
noncritical,2198
n64,1458
nn,19612
nunneries,2460
nanagpanuol,1041
n58,1804
numeric,37232
nianjian,1074
nondimensional,3741
nebulous,16768
ne'er_ADJ,3580
negotiability,1510
nefazodone,1206
nuestras_X,2187
newsman,2325
northward_ADV,50524
name_VERB,263496
neurotransmitters_NOUN,24761
neurasthenic,1276
nonvoting_ADJ,1204
neutralized,19244
nonmonotonic_ADJ,1376
nt_ADJ,2261
newly,490917
notepaper_NOUN,3817
nicest,23759
nubile_ADJ,2198
noches,1411
ny_VERB,1163
niña,2114
nays_NOUN,1557
neuroplasticity,7628
nutrient_ADJ,114254
narratorial,1763
nangagtaka_X,1683
n20_NUM,3042
nonmember_ADJ,1227
nonstick_ADJ,3825
nowise,5250
nondenominational,2507
nov,11792
nativists,2031
netted,11361
novices_NOUN,21500
nehmen,1454
nearer_VERB,4913
nomothetic,2854
naming_NOUN,47925
natura_DET,1284
n37_NUM,2903
neere_VERB,1033
nonpathogenic,2618
noroadele_X,1368
neuronavigation_NOUN,1104
nonmalignant,1949
nebeského,1867
neighing_VERB,2025
nil_X,4605
nonbusiness_ADJ,1250
n56_NUM,1389
nadie_X,2015
naps_NOUN,11063
nez_ADJ,1086
nonhazardous_ADJ,1327
nonfinancial_ADJ,11540
normalizes_VERB,5260
noget,2056
nightfall,39540
nagpakilooy_NOUN,1353
nanoplates_NOUN,1777
n75_NUM,1069
nd_ADJ,2691
nipples,167614
nonlinguistic,2887
nestled_VERB,54196
newton,3249
naturam_X,1430
nonmetals_NOUN,1543
nilpotent_NOUN,2355
n96,1041
neurotic,23855
nose,871736
nfl_NOUN,1401
nanocubes,1185
nuisance_ADJ,9960
noncitizen_ADJ,1828
nitroso,1855
nominalized_VERB,1282
naturalness_NOUN,15091
newspapers,342844
naphthol_NOUN,1198
nanny_NOUN,39287
nunca_X,3766
noncombatant,2112
nivolumab,4527
nascent,46338
nucleoside_ADJ,5771
nondescript,18627
nonconductive_ADJ,1403
notational_ADJ,5278
neurobiological,14736
nostri,4358
negotiates,9330
nawab_NOUN,1570
nit,3771
negotiator,17130
neuro,20143
newsfeeds,1363
niektóry,8083
nihilism_NOUN,18211
non,3362994
novelty_ADJ,2214
news,1802323
newsboy,6073
nanocellulose,4987
newsroom_NOUN,12575
nerdy,6795
ns_X,2732
nemůž,1174
ná,3252
niver,5389
nytimes,1893
nonconscious,3504
nonna_NOUN,1334
neutrophilia,1725
neat_ADJ,177637
nonprofessionals,1086
neutrally,6835
nits_NOUN,2591
noroadelor_X,1596
nurture_NOUN,19158
network_NOUN,1805863
n.11,1447
nighters,1555
nuanced,75946
née_X,3211
nonliving_ADJ,1828
neighborhood_NOUN,422533
nerve,555585
narod,1143
nucleated,7245
nN_NOUN,1601
nombreux_X,1086
nouvel,1169
nanodiamond_NOUN,1489
nonchalance_NOUN,11583
norman_NOUN,1209
n71_NUM,1097
narrating_VERB,19217
nylons_NOUN,3012
nanostructured_ADJ,9664
notch_ADJ,14107
net_VERB,2910
naka,1267
nearer_ADP,78122
niende_VERB,1676
ne_ADJ,11674
numbed,13719
nonflammable,1007
nativists_NOUN,2004
nonliving,5186
neurodevelopmental_NOUN,1458
neoadjuvant,10465
neckcloth_NOUN,2788
nilpotent,3663
nucleic_ADJ,43107
notational,5319
nl,6143
niv_NOUN,2120
novelistic_ADJ,7935
nourish,31151
nt_VERB,3008
neurologically,4724
noncommittally,3207
n69,1362
neuroprotection,5665
novela_X,1268
normalisation,8501
nagasulti,4805
neuraminidase,2341
never,10274469
nectaries,1572
nimbus_NOUN,3458
normality_ADJ,1309
narrative_X,1154
noses,65273
noncardiac_ADJ,2921
napus_NOUN,3843
nickered_VERB,1823
nodosum_NOUN,2266
nematode,15271
nondual_ADJ,3259
nesting,40732
nighttime_NOUN,22213
nesters_NOUN,2048
noninterventionist_ADJ,1038
nonstationary_ADJ,5547
needin,1404
navy,158413
nigra_NOUN,11385
nitrate_VERB,2503
nanocatalysts,1817
naam,2369
nondairy_ADJ,1677
napkins,24711
nékünk,4731
nonexistence,11061
nippers,1630
narrow,850604
nylon_NOUN,22609
nonlinearities_NOUN,6722
nonacademic_ADJ,4072
neuronavigation,1113
nagsisisampalataya,1269
narratology,6914
negativa,1420
n.a.,6432
newslettersignup,2261
nagabautismo,1497
neap_ADJ,1553
nonideal_ADJ,3601
noon,244432
neutron,55270
necrosis_VERB,2879
neologisms,4227
neuropsychiatric,9822
n15_X,1021
north_ADJ,271967
neurotrophic,8772
nian_X,1363
nets_NOUN,78520
naves_NOUN,2119
nostalgically_ADV,3855
noninvasive_ADJ,28349
nitinol_NOUN,1608
nubs,2805
nondiscriminatory_ADJ,6040
necking,4306
noght,4452
nonfederal,1520
nivalis,2233
nobs_NOUN,1152
nought_ADJ,17579
nuclease_ADJ,1437
nuanced_ADJ,71367
nucleotide,49771
note_ADJ,3570
necessaries,17500
nagahatag_X,2546
naparoon_X,1115
notifying_VERB,13327
no.5,1055
nonparticipation_NOUN,1621
niacin,7169
neath_NOUN,1215
nicer_ADJ,35502
norethindrone,1096
nephrolithotomy,1338
nightjar,1934
nephritis,12051
nonadherence,3693
niyaong,1162
nombres,1712
nonsurgical_ADJ,7497
neere,2096
nienawidzi,1501
nonvirtuous_ADJ,1317
needy_ADJ,56185
ness_ADJ,31128
nonfamily,2219
n16,4796
named,1139374
neously_ADV,1124
northwards_ADV,11172
nuzzling_VERB,7620
nondeterministic_ADJ,4288
nonbiological,1965
newer,111674
noteworthy_ADJ,99683
noticeable_ADJ,109728
n2_NUM,18576
number_NOUN,7030818
notwithstanding_ADV,16258
nin_X,1117
noget_X,1596
noncritical_ADJ,2190
negated_VERB,18187
nly_ADV,1127
noncoding_VERB,2759
nonduality,1707
newbie,7303
nonpareil_NOUN,1171
nb_NOUN,2108
navigated_VERB,26478
negotiations_NOUN,335244
nil_VERB,2521
navigator,22626
nationalities_NOUN,41276
negligee,4482
nonautonomous,1275
northward,50531
neurones,6066
nontargeted_ADJ,1143
neoantigens_NOUN,1069
nightgowns_NOUN,2433
nitrates,13529
nanosize,1269
nano,79001
nextdoor,1067
noncontrolling_ADJ,1459
nifedipine_NOUN,3859
nooses_NOUN,1838
nodular_NOUN,4479
neurasthenia,3849
nonbinding_ADJ,3532
nortriptyline,1884
neigh,5425
naturali,1184
necessitating,17494
neophytes,4085
nasyceni_X,2108
net,705175
notabilities_NOUN,1036
nonagricultural,5449
ninjas_NOUN,2678
neuromas,1587
nanoflakes,1008
n.13_NUM,1223
ney_NOUN,1327
nC_NOUN,2888
nondemocratic_ADJ,2895
nephrotoxic,4031
neues,1240
newline,1936
negotiators_NOUN,23462
nulla_X,8787
notetaking,1228
nontoxic,10702
noble,482038
neurofibromatosis,5673
niečo_X,1610
nënës,1009
neurosecretory,1913
nacional_X,2273
n41,2472
nap_NOUN,79993
nonuse_NOUN,2258
nos_NOUN,42371
nitrosamines,1793
nitrobenzene_NOUN,2097
nearsighted,2129
noncommissioned,4348
nomine_NOUN,1147
next_NOUN,1482
nπ,1520
necessitate,32879
novembre_NOUN,2517
networN,5020
nasogastric,8714
nanopore,2953
nagsipasok,1208
nonalcoholic,8312
natured,54331
nomination_NOUN,76127
nitro_ADJ,8809
neoconservatives_NOUN,2566
nodes_NOUN,418996
np.zeros_NOUN,1447
niches,35756
nonfictional_ADJ,2116
nanosized,5582
newborn,104035
neurones_NOUN,5912
nader_X,1616
nagsisunod,2035
nucleophilicity_NOUN,1080
nated,1475
node,445303
nonresidential_ADJ,3015
neoliberals_NOUN,3350
ncol,1323
nitro,11634
negotiable_ADJ,23270
noumenon_NOUN,1556
netstat,1364
nim_ADJ,1368
nestling_VERB,7674
nowt_ADV,4267
nally_ADV,5955
nonhuman_NOUN,2595
nuns_NOUN,72204
nich,1433
narcolepsy,6420
nagsisampalataya,1444
neighbourly,4258
neckerchief,3058
nitrofurantoin,1490
n53_NUM,1373
neuropathies_NOUN,7363
nineteen,121906
neath_ADP,1346
naïve_ADJ,70114
normalising,3101
nanobots,2362
navrátil_X,1252
nanowhiskers,1131
numbering_NOUN,17682
nonperforming,2219
neurophysiological_ADJ,10083
natura,12845
nuanced_VERB,4525
nervy,2994
nanomedicine_NOUN,5300
nightclubs_NOUN,11828
number,7031314
noblesse_ADJ,2222
nixed,2129
n.6,2488
nonreligious_ADJ,8489
nodes,432716
nonlinear_ADJ,163557
nanosuspensions_NOUN,1001
nick_NOUN,21244
n58_NUM,1345
neurotoxin_NOUN,4220
nanos_NOUN,1186
nilotica_NOUN,1229
nahin,1208
nanoporous_ADJ,5426
nécessaire_X,1100
nullam,3098
nonclinical_ADJ,5420
nents,1170
noncombatant_ADJ,1974
nought_NOUN,1303
nAChR_NOUN,1872
nonfat_ADJ,1125
nonrespondents_NOUN,1248
nauczeni_NOUN,1582
northerly_ADJ,11454
neurointerventions_NOUN,1415
noh,5315
nic,2341
necropolis_NOUN,5701
no_ADJ,52444
narratives_VERB,3408
naproxen,3948
neovascularization,6666
negligent,49858
nosebleed,3439
napping_VERB,8822
native_ADJ,654431
noviny,1086
nevemben,1411
neo_X,1667
necrotic,22688
nonprofits_NOUN,19363
neurorehabilitation_NOUN,2003
nagatudlo_X,1279
neurological,108003
notochord,3351
nigricans_NOUN,2201
nis,1584
nity_NOUN,2323
nightwear,1004
neuromuscular_NOUN,5791
narrowband,5239
noncompaction_NOUN,1169
nerves,313337
nib_NOUN,5584
nα,1408
nanomaterial,9771
neuralgic_ADJ,1688
nize,1243
nara,1483
neuron,83343
nonpartisan,9257
nomen_NOUN,2333
nucleocapsid,1558
nécessaire,1412
n.d._PRT,3511
nuh_ADJ,1429
nized,3136
nonwhite_ADJ,12378
nanofiber,9634
nary,6509
naiveté,5911
nakedness_NOUN,29433
nanospheres_NOUN,5628
nanoclay_NOUN,3257
niece_ADJ,1293
naso_ADJ,1034
negative,1752263
nigrum,3264
newsprint_NOUN,6491
n.7_NUM,1931
nastiest_ADJ,2455
neglectful,8147
numerator,25405
näette,1662
neuropsychology_NOUN,9671
nationales,1989
nouveau_ADJ,7756
nobbut,1057
ngimurok,1753
natur_NOUN,2697
n56,1793
nullity,8113
nonconformity_NOUN,7020
negotiating_NOUN,30391
n63_NUM,1300
neutrino_NOUN,12926
nephritis_NOUN,10738
num_ADJ,3020
nasopharynx_ADJ,2654
nutraceuticals,7786
neuer,5335
nivalis_NOUN,1559
nondepressed,1033
nobler,26813
nemzé_CONJ,1803
nivel_X,1942
nonperforming_ADJ,1463
normalization_NOUN,63311
needful,29838
newtons,1607
nonworking_ADJ,1650
nye_NOUN,1575
neurocritical_ADJ,1227
n85,1108
nichts,3969
nonphysical_ADJ,5158
niqab_NOUN,2672
nonresident_ADJ,8608
naught_VERB,4706
nipples_NOUN,166139
notebook_NOUN,139912
neurosurgery_NOUN,7895
nonmedical_ADJ,5617
nonmedical,5624
nodig_X,1971
nutritional,145524
nightmare,156944
nappy_ADJ,4508
numbs_VERB,1485
normative_NOUN,29968
nebulæ_NOUN,1600
noisiest,1761
nephrectomy,7204
neprilysin,1149
narcolepsy_NOUN,2814
notionally,3516
nagalakaw,2258
nonrestrictive_ADJ,1220
nanoscience_NOUN,2473
neighborly_ADJ,5348
noncommercial_ADJ,9502
nougat,1588
nonpoint_NOUN,1607
n64_NUM,1191
nature,3911916
njeriut,9850
nonwork_ADJ,1981
nitrated,1132
nucleobases_NOUN,1460
naturalizing,3465
neurologist,14770
nonplanar,1094
nähneet,2424
ndërsa_X,6634
nines_NOUN,7325
narrate_VERB,21080
navigable_NOUN,1551
necrophilia,1418
nastiness,4715
nitrite,17695
nihilism,18303
nonfluent,1183
nonsexual_ADJ,2739
nonhumans,5280
neocortex_NOUN,8255
noiseless,12863
nlog,1072
negotiates_VERB,8554
numbness_NOUN,17440
narrative_VERB,10841
noontide_NOUN,3222
notorious,105386
navvies_NOUN,1985
nanoscopic_ADJ,1064
neonate,16527
nitrite_VERB,1554
n11_NUM,6156
necessaries_NOUN,17445
nanofiller,2378
nonbelievers,5295
ndiqnin,1977
nahasulat_X,1967
newspaper,522739
numbers_NOUN,1459148
nominees_NOUN,15725
nonnegligible,1043
narrowband_NOUN,2953
nicotine_VERB,1737
noisier_ADJ,3777
nanosystems,2679
nguni't,4351
nt_ADV,3885
necesario_X,1804
nder,1460
noroadele,1596
nondecreasing,2436
n.s.,8958
ning,6453
nervously,133915
nanoemulsions_NOUN,5839
neuroinflammatory,1569
nontraumatic,2278
neglected_ADJ,31188
nestling,13206
normocytic,1236
nF_NOUN,1707
nonmusical,1333
nosing,7064
nasty,131626
neuroimaging_NOUN,22717
nowe,2185
nom_NOUN,7284
nationalized,13774
nestle_NOUN,6495
norming,2852
nT_NOUN,4313
nem,3136
nonconformity,7072
nagsiparoon_NOUN,1914
nieprzyjacioły,1617
nil_ADJ,3352
nestles,3121
novelties_NOUN,11539
nonstarter,1677
nucleophilic_ADJ,13751
necessitation,1184
nonsingular_ADJ,3585
nesting_ADJ,17878
nucleosynthesis_NOUN,1480
nomes,1317
noo,6701
nosed,27790
naturelles,1219
naivete,3494
noblest,34075
nV,1013
noblest_ADJ,33971
narodowi_X,1272
noncustodial_ADJ,2862
nihilo_X,5542
naturopathy,1257
nibs_NOUN,3114
newsreels,4190
normalizing_NOUN,3311
nerve_NOUN,545722
neurodegenerative_ADJ,23286
neuen,4974
neighborhoods_NOUN,133291
nephritic,1262
nucleophile,7040
nones,2479
notated_VERB,5430
newfound,37151
necklaces_NOUN,17944
novel,1035034
networker_NOUN,1048
ningún,1704
neck_VERB,4153
natures_NOUN,62277
nebulizers,1864
niggard,1298
no,26710950
nally,6134
nana,7702
n4,10301
neoprene_NOUN,2592
nagapatalinghug,2777
necktie_NOUN,9229
neuroplastic,1097
notch_NOUN,51859
nya,1971
nominating_NOUN,5601
nationstate_NOUN,3115
neonatal_ADJ,70784
notarization_NOUN,1010
nonintervention,3562
ndokush,1163
nail_VERB,19002
neoliberal_NOUN,1129
nitroglycerin_NOUN,4828
nameless,41252
n59,1683
niosomes,1467
north_ADV,347782
neurosurgeons_NOUN,2926
nanoparticle_NOUN,43350
nuova,2867
naringenin,1518
nylon,34927
nome,5251
neorealist,2051
neuroanatomy_NOUN,3931
nauk_NOUN,1142
noncontiguous_ADJ,1300
narrowest_ADJ,12495
neutron_ADJ,1243
nurturing,63152
ni_NOUN,42516
nombre_X,6828
nubs_NOUN,2770
nuevos,1807
nipple_NOUN,112624
neprijde,1026
nosebleed_NOUN,3037
n15,5010
nodal_ADJ,33812
nmol_NOUN,5785
nueva,4657
nighttime,33936
nagabautismo_X,1382
national_ADJ,2701355
nanomachines,1159
nonstarter_NOUN,1665
n51_NUM,1631
n'est_VERB,1373
np.array,2280
neighbourhoods_NOUN,33972
nanoformulations,1290
neovascular_ADJ,1830
noncompliant,4583
nasopharynx_NOUN,3479
nativism_NOUN,6500
nonvolatile_ADJ,4713
numbers,1459334
nanometric,2100
nag_X,1144
nP_NOUN,1554
narratives,382497
notched_VERB,11249
nouveaux_ADJ,1811
nanosensors,2932
numbly_ADV,6293
narratively_ADV,4410
n61_NUM,1587
numbering_VERB,18515
newspapermen_NOUN,2143
noroade_X,1140
neuter_ADJ,2414
nix,2005
networth_NOUN,4477
needed_VERB,3714250
neighed_VERB,3300
n'a,5362
nurtured_VERB,44645
nugatory_ADJ,1988
normality_NOUN,38048
nou_X,12786
novellas,4644
nil,28359
naissance,2241
nagaingon,43731
newspaper_NOUN,520728
nightmarish_ADJ,10420
not_ADJ,31383
nuffin,1655
nine_NOUN,1111
nearly,1731479
noteworthy,100680
ninetynine,1168
nuclides,3435
neorealism_NOUN,2087
n_X,290265
nightmare_NOUN,156923
nonreactive,3457
nudity,20018
nei_X,7023
novitiate_NOUN,4538
nagged,9184
np_X,1223
norming_NOUN,1947
necropolitics_NOUN,1233
nonmagnetic_ADJ,3027
natalist_ADJ,1725
nineteenthcentury_NOUN,9053
nullable,1735
n23_NUM,2923
nouveau_X,4442
neuropsychological,28415
natural,2932013
nonduality_NOUN,1673
nauseated,9637
neurosensory,1304
nighttime_DET,3695
neu_X,4501
notecards,1041
nippy_ADJ,1536
nach_VERB,2074
narratively,4456
nightstands_NOUN,1153
noontime_ADJ,1034
née_NOUN,1031
nodular_ADJ,13748
neuronal,82489
nition,1134
nontraffic,1398
nÀ1_NOUN,2591
notes_VERB,308126
notifies_VERB,6796
narrators,16544
neath,6709
nomine_X,2552
nectar,42247
nullify,11416
naughty_NUM,2108
nce_NOUN,3248
nope,5130
nearshore,4932
n.,39450
newe_ADJ,1413
normality,39662
nobler_ADJ,26657
nonimmune,1577
noncompetition,1118
nociceptors,3041
neurosurgery,8248
northbound_ADJ,3324
nonmilitary,4901
newton_NOUN,3248
nk_X,1025
neophyte_NOUN,4075
nos_VERB,1562
neurosurgeon_NOUN,6947
neuter_NOUN,6959
nosotros_X,3131
niektórego_X,1730
nematode_NOUN,14324
noncentral_ADJ,1136
narrowed,214261
nan,11660
nonetheless_ADV,201590
nobody,475439
naturalis_NOUN,1232
nat,11035
necromancers_NOUN,2228
nagging,39625
neomycin,3368
n35_NUM,2130
nasogastric_ADJ,8688
nonparticipant,1185
naught,48036
nitroxide,2530
ni_VERB,2456
nba,1149
n77,1246
nabanhaw_X,1517
nonverbal,45570
nonna,1632
nigra,12101
naturalness,15300
neutralize_NOUN,1290
neuroanatomical,3391
navigable,20089
nonallergic,1804
neoconservatism,1266
nahi,2805
norm,261408
negatively,174797
nonuniform,9347
nostram_X,1011
nostre_X,2440
nom,21418
neurotropic_ADJ,1212
ngjit,1607
nanogenerator_NOUN,1689
nitrous_NOUN,2243
nahauna_X,1673
noncooperation_NOUN,2154
nongovernment_ADJ,2649
newsagents,1421
nitrosamines_NOUN,1750
nh,2440
n32_NUM,2140
n42,2420
nipples_VERB,1462
nervosa_NOUN,17642
n26_NUM,2553
negotiated_VERB,132898
nonexclusive,6232
numerically_ADV,43113
neocortical,3789
nuke,4015
natur,3603
nutraceutical_ADJ,5449
niv,2764
num_X,2528
neighborhoods,133298
n65_NUM,1249
niobium,5222
nondual,3317
nonradioactive_ADJ,1018
names_VERB,36632
nanomedicine,5673
nM_NOUN,13652
nodosa_NOUN,1151
nut_NOUN,93253
nullification_NOUN,6590
n.q.,1016
nylons,3018
neurology_NOUN,15770
nonpublic_ADJ,6681
número_X,2674
nonionic_ADJ,5242
n72_NUM,1009
noblemen,19453
nonorganic_ADJ,1982
noncriminal_ADJ,1981
nephrology,2072
nametag_NOUN,2905
noncombatants,4314
ninguna,1833
needed,3772559
ndodhë,2091
nom_X,10141
neurodegeneration_NOUN,10544
nitrate_ADJ,3843
nihilist_NOUN,2482
n18_NUM,3251
northerner,1740
nearly_ADV,1731400
nondirectional_ADJ,1255
nonlocality,2206
normalising_VERB,2511
nebulæ,1716
nizam,1943
nucleophile_NOUN,1839
neuraxial,4787
nondescript_ADJ,18627
naturales_NOUN,1986
nonperformance,2329
noun_NOUN,118967
nui,2276
n.5,3035
noncanonical,2752
nobles,101646
novellas_NOUN,4577
nonMuslims,1135
no_NOUN,543835
nanosecond_NOUN,5558
nasal_X,1081
nx_NOUN,2237
näette_X,1329
neuropil_NOUN,1454
noticing,140346
n.1,4919
neither_DET,637107
network_VERB,12157
nagtugyan,1072
nZVI_NOUN,2283
noir_X,3181
nonexclusive_ADJ,6226
n47_NUM,2103
nips,4916
nosiness_NOUN,1070
ny_X,3774
notched_ADJ,4711
narcotic,19282
newes_NOUN,1240
nëse_X,5509
nihil_ADJ,1303
nephrologist_NOUN,1356
nips_VERB,1486
nonpolar,10930
né_X,5077
necromancer_NOUN,6592
numerological_ADJ,1030
n49,2063
newscasters_NOUN,1264
n52,2040
negativism,1589
nastiness_NOUN,2908
nie_ADJ,2700
nau,1009
nonfluent_ADJ,1013
nutritionist_NOUN,5331
nov_NOUN,10764
nontechnical,5660
neoliberalism_NOUN,57450
nun_X,1522
nonresident,9889
neoplasia_NOUN,22311
nara_NOUN,1246
nonconformists_NOUN,2563
nonrandomized_ADJ,2571
neared,56734
norovirus_NOUN,2702
nicks,3694
needlework,13280
nanohybrid,1682
nomenklatura_NOUN,2632
negros_NOUN,1974
nivolumab_NOUN,4065
nonprobability,1657
normal_ADV,2315
nanopores,2574
nur_X,8904
naked,480550
nanoribbon_NOUN,1571
n30,3336
nipa,1063
nonpoor,1147
negativities,1310
nightstand,34800
n6,7829
nonsterile,1544
nonspecialists,1212
nearsighted_ADJ,1622
nucleoid,1404
nomenclatures,1634
nett,1842
nanocellulose_ADJ,1279
newsreels_NOUN,3394
néked,7886
nacre_NOUN,1118
nitric,46928
nephrotoxic_ADJ,3431
neurotransmission_NOUN,6317
nucleate_VERB,1940
nonidentity,1104
no.1_ADJ,3913
nisei,1138
networked_VERB,13253
neophyte_ADJ,1429
nonoperating_NOUN,1012
nightcaps,1049
numb_ADJ,82009
nagtugyan_X,1069
noradrenaline,8472
nudge_ADJ,1869
nationalistic,26233
notabilities,1041
nutation,1450
neurodisability_NOUN,1208
nëna_X,1262
nonconforming_VERB,3689
niggers,17631
nih_NOUN,1226
need_NOUN,2706023
nonformal,2341
nah,14182
nausea,118313
natured_ADJ,54329
neighbouring,110984
natality,2422
nobleman_NOUN,43684
numerals_NOUN,22213
northeasterly,2057
nineteenthcentury,13706
nonmetallic,3794
nerd,13593
neurodevelopment_NOUN,3134
née_ADJ,2062
nice,1125418
nuclides_NOUN,3381
necessitous_ADJ,1543
nA_VERB,1270
ncRNAs_NOUN,1745
notionally_ADV,3488
nontariff_ADJ,2051
noiseless_ADJ,9652
nationale_NOUN,3577
necklines_NOUN,1201
nonqualified_ADJ,2054
nullus,1266
neurophysiology_NOUN,4814
nonspatial,1110
neuron_ADJ,2867
netizens_NOUN,3998
nonthreatening,5412
nonvascular,1019
nom_ADJ,2284
nagsasabi_NOUN,6744
nod_NOUN,205244
nineyear_ADJ,1330
nonsuicidal_ADJ,1195
narrated_VERB,47004
nastiest,2491
nationalization_NOUN,18281
normed,6635
nanogels,3487
netnography,2543
n61,1642
narcissists_NOUN,5510
nitrous,18972
nonjudgmental_ADJ,9136
nanofibres,1669
neu,5376
nucleolar,1846
nonmoral,1780
neg_ADJ,1323
nontax,1041
nonincreasing,1244
nichts_X,1625
nonporous_ADJ,2106
nonissue_NOUN,1102
noncontact_ADJ,3068
n43_NUM,1638
n.p._NOUN,26992
noch_X,8195
neuroendocrine,21093
nagsilabas,1230
nominal_NOUN,8232
nonsense_ADJ,19257
nosology,2366
neostigmine,1591
nog_ADJ,1601
neueren,1126
nail_DET,1609
nicht_X,25091
niektórego,1962
naughtily_ADV,1621
n14_X,1028
nanagtindog,1332
nightdress,7563
nourish_VERB,24187
necromancy_NOUN,5574
nitriles,3284
nothin,42742
neutropenic,4398
neurobiological_ADJ,14438
néktek_NOUN,6389
naam_X,1779
nucleotide_ADJ,28817
num_NOUN,15336
nutrients_NOUN,169439
newborns_NOUN,27609
noi,4085
notably_ADV,247894
negros,3185
nurtures_NOUN,1193
narc,1043
necking_VERB,4253
necesidad_X,1416
nationalizing_VERB,2790
nether_ADJ,13681
nametag,2923
nondisabled,4161
nanites,2965
nel,24464
nodules,58263
nonadherence_NOUN,3648
narthex,2914
nékik,33449
nonaligned,3954
noninvasive,28539
n10_NUM,4459
northerners_NOUN,7412
nonbreeding_ADJ,1148
néki_VERB,1140
naskutku_X,1260
neroli,1126
n45_NUM,1435
neuron_ADP,1452
nitrifying,1923
nuevos_NOUN,1388
neopatristic_ADJ,1347
nonclinical,5429
nontransparent,1169
noetic,4408
ngriti_X,1127
nonopioid,1249
nastier,2606
naŋ,2432
napoleon_NOUN,1005
never_ADV,10246646
nebulizer_NOUN,5367
noised,2723
noncooperative,3616
neologism_NOUN,5562
nutritionist,5972
neuroprotection_NOUN,5651
nervously_ADV,133914
nane,2037
nalezli_X,1304
nanotech_NOUN,1398
nonradioactive,1026
nephrotoxicity,7260
nk,8524
nonviolence_NOUN,17682
novice_VERB,1184
normalise,3588
nerved_VERB,4556
nonnatural,1103
norvegicus_X,1055
neopatristic,1347
nationalism_NOUN,202408
nihilist_ADJ,1057
natriuresis,1291
numbered,121780
notably,247902
nalazł,2320
narrativity,3474
neuropsychologists_NOUN,3041
nacional,4603
nematodes_NOUN,19385
neighbouring_ADJ,48710
nanghibulong,2887
n40_NUM,2120
nagaingon_NOUN,15284
neglects_VERB,18093
naira_NOUN,1833
nighter_NOUN,2117
narcissistic,33491
nangakaupo,1270
nègre_NOUN,1247
newsreel,4902
neat,177647
nitration,4626
neuromarketing,1100
neurobiology_NOUN,10786
nid,1084
nin,3042
nomadism,4040
neuroblasts,1525
neighbourly_ADJ,2320
nota_X,2163
neck_ADJ,12919
nibs,3770
ná_X,2181
n21,4509
nce,4593
non_.,5254
ne,140407
nonmelanoma,1302
nominations,19879
nonvirtuous,1328
nagbangon,1719
nabbed_VERB,4924
nonlinearly,2493
nuance_NOUN,27086
noun_VERB,1553
n79,1087
nonbeing_VERB,1124
nourishment_NOUN,48316
nongenetic,1531
numpy,5759
necrosis_NOUN,92736
nerds,6034
nodular,18791
newlyweds,10680
navel_NOUN,26772
nunneries_NOUN,2366
nostril_NOUN,17261
numbed_VERB,9789
northernmost,10998
người_X,1224
niver_NOUN,1225
nëpërmjet,2087
neuronet_NOUN,2557
n75,1227
newsstands,3288
nangamatay,1397
nonstructural_ADJ,3150
nonmelanoma_NOUN,1277
niche_NOUN,107216
negative_NOUN,23174
nationals_NOUN,67360
nanodots_NOUN,1240
natal_NOUN,1215
nonrespondents,1253
njihni_X,1462
neuropeptides_NOUN,4813
neon_ADJ,4529
nightstands,1156
nosegay_NOUN,3372
narrowest,12511
nationalistic_NOUN,1636
néked_VERB,7056
nonfood_ADJ,1407
nitrophenol,2955
neoformans_NOUN,4294
nv,1589
naan,3330
nq,1123
neurofibrillary,2907
neuromodulation,3199
navigates_VERB,4929
negates,10938
neonatorum,1044
ninth,132801
numeraire,1940
nouvelles_NOUN,1086
nonidentical,1584
nanosphere,1416
nonprofit,99987
negated,18923
nanometres,1387
nose_NOUN,864191
nourishing_ADJ,13150
n22,4375
nasty_ADJ,131620
neopterin_NOUN,1462
nonischemic_ADJ,1966
newcomers_NOUN,60392
novum,1525
n81,1190
nonrelational,1197
neolithic,2665
nondiagnostic,1743
nauseous,20761
nA_PRT,2147
numerosity_NOUN,2304
nanowire_NOUN,9515
nave_ADJ,1042
nonnatural_ADJ,1077
nomination,76140
nonperformance_NOUN,2284
nociceptin,1022
neuropeptides,4914
n.4,3845
nullifies,2422
nearsightedness_NOUN,1069
neotropical,2030
nearness,22601
nicest_ADJ,23610
nonsectarian,2342
noble_ADJ,478968
nicely,116449
named_VERB,1139190
numerators_NOUN,2349
nohow,2815
noumenon,1766
nonthermal,2818
nonusers_NOUN,1678
nanofiltration,3940
neurology,15927
nap,87473
neuropsychologist,4056
narrows_VERB,24931
necesita_X,1061
noema,1150
nori_NOUN,2516
nationality,118058
neurons,256149
notifiable,2552
nonmarital_ADJ,2221
neutralizes_VERB,4379
nauseam_NOUN,2793
nett_NOUN,1228
nullo_X,1256
nimbly,12849
neuroepithelial_ADJ,1755
nas_X,2858
naan_NOUN,1244
nie_X,79525
napalm_NOUN,4114
nth_NOUN,1178
nondiabetic,2797
nego,1165
nanny_ADJ,4958
n37,2999
narrator,167293
neque,10340
nativist_ADJ,6996
nègre,1784
navies_NOUN,10634
note,1906753
nanometer_ADJ,2898
neoclassical,35863
nonlinearities,6724
nidulans,2458
nucleolus_NOUN,2694
nei,9045
neatness_ADJ,1977
novembre,3091
nonresistance,1249
neglected_VERB,199139
notations_NOUN,23052
n31,3257
neurites,1695
n.s._ADV,1316
nga_NOUN,1847
nonblack,1207
nauk,1564
n54_NUM,1393
nya_X,1072
nation_ADJ,12455
n48,1999
neuroplasticity_NOUN,7571
neutralism,1451
nonunion_NOUN,6419
necessities_NOUN,72303
nepotism,8986
nearsightedness,1100
nNOS,1148
ner,5666
nontechnical_ADJ,5652
native_NOUN,73672
nonbinding,4470
nullifying_VERB,3208
nanomachines_NOUN,1138
nitrate,70394
nabanhaw,1522
neglect,227825
nil_NOUN,17383
nanoclays_NOUN,1310
nucleate_ADJ,1935
neoplasms,28797
neoplastic,24987
nebulous_ADJ,16651
narcissistically,1095
novelist_NOUN,69643
nate_NOUN,2153
naval_ADJ,190756
navigator_NOUN,21596
nonconceptual,3265
necessitate_VERB,31764
newsman_NOUN,2297
nurture,74614
nonlocal_ADJ,13625
northwesterly_ADJ,1441
nám,1256
null_ADJ,137737
nippers_NOUN,1623
nasig_ADJ,1160
namque,1761
nahauna,2500
n12,5699
nāma,1188
nding_VERB,1041
newly_ADJ,31891
nomes_NOUN,1240
nesting_VERB,3641
nanocrystalline,7779
newsstand,4200
nes,2919
necromancy,5582
nella_NOUN,3799
nontuberculous,2233
neuromorphic_ADJ,1971
nx_X,1177
nasyceni,2573
n60,1690
nanoplatelets,2513
naïve_NOUN,3360
nonaggression,2272
notte_NOUN,1197
nonabsorbable,2853
n8_X,1673
niet_X,3663
nC,2955
nothingness,55748
nasals,2595
nagsugo_NOUN,1345
noncoercive_ADJ,1120
negatively_ADV,172861
nonstop_ADJ,24351
naturalisation,3364
nuclei_X,1372
neurodiversity,2686
nonparticipating,1113
nitroprusside,3260
nth_ADJ,15080
nailed_VERB,47694
nepheline,2415
n68_NUM,1307
notched,16006
nede,1276
nationalists,49786
nine,931897
novae,1524
nodding_VERB,135907
nonfarm_ADJ,5741
nexus,65117
nightmares,75307
notary_ADJ,8987
neutrophilic,4972
networked_ADJ,32080
nombreux,1201
n.9_NUM,1738
nienawidzi_X,1039
naturae,4834
newsworthy_NOUN,2361
neuroinflammation_NOUN,6345
narcissistic_ADJ,33178
nanoporous,5673
nonparametric_ADJ,16135
n6_X,1776
neurofibrillary_ADJ,2679
niveau,2576
nostris_X,1648
ndipo,1156
n5_X,2748
notary,32641
nineteen_NUM,105822
networking,127165
nonbusiness,1818
nystatin,1581
nostrae_X,1141
nuestra_X,4700
nanocrystalline_NOUN,6037
nondisabled_ADJ,3589
nanostructured_VERB,5673
n68,1373
nanobots_NOUN,2353
noising_ADJ,1111
nomadism_NOUN,4029
nanoscale_NOUN,14085
nar,2358
negros_X,1185
ninth_ADJ,132612
ngatanan_X,1078
navies,10668
negate,27365
nanaug,1187
n_CONJ,2535622
nth,17162
nondisplaced_ADJ,2042
nevere,1162
notso_NOUN,1064
nasals_NOUN,2575
nondestructive,6023
neurocognition,1091
name__,1388
naıve,1368
nipped,21845
niewiasty_NOUN,1163
nuestra,5613
nanosystem_NOUN,1010
normale,1692
nags_VERB,1206
naiveté_NOUN,5810
networth,6437
needlelike,1318
necesidad,1631
nervosa,19389
neuropsychologist_NOUN,3978
neither_CONJ,502848
nooit_X,3448
naturopathy_NOUN,1136
niños_X,1659
neighboring,162332
n94,1040
nished_VERB,1315
nondepolarizing,1116
noncombatants_NOUN,4312
nanoribbon,1741
neuroscience_NOUN,52683
notifying,13859
naturalist_NOUN,33700
nonunions,2014
neutralise,4896
neuroplastic_ADJ,1097
neuroinflammation,6374
newsagent,2691
numpy_ADJ,5526
nou_ADJ,1355
naw,2929
n86,1035
niyaon_X,1114
nourishing_VERB,9194
newspaperman,3473
ngjan,1963
nomads_NOUN,21370
nucleoside,8300
noredirect,1515
narcolepsy_ADV,2409
nebulization_NOUN,1631
naughtiness,3831
nul,2293
necessario,1282
nauczał_VERB,1119
ndodhin_X,1457
negotiators,23463
neurotrophins,1062
neurone,3244
nuevas_NOUN,1125
nodule_ADJ,2063
nuove,1399
nanocarriers_NOUN,8797
numeraire_NOUN,1678
nanoscience,2568
next_ADP,49392
nosing_VERB,5828
nanoencapsulation,1293
neutron_NOUN,52558
nanorods_NOUN,12106
nipper,1060
nem_X,1894
nicotinic_ADJ,7095
notifies,7510
nasolabial,2948
nanopores_NOUN,2568
notepad,24351
neurone_NOUN,3070
nÀ1,3678
nagsisipagsabi,1453
ne_NOUN,32760
nontherapeutic,1084
noncancer_NOUN,1634
naphthalene_NOUN,7307
nutrient_VERB,1525
normed_ADJ,4423
n.12,1317
nae_VERB,1688
nontraumatic_ADJ,2257
nematic,6264
nuhteli,1248
nanotubes,56807
nocturne,1543
notify_VERB,75004
newscasts_NOUN,2396
nacelle_NOUN,2900
nemesis_NOUN,17704
name_ADJ,17277
nagakuha_X,1041
novelists_NOUN,23430
net_NOUN,198298
naayo,1171
nylon_DET,1024
nm_NOUN,267158
nostrum_X,1433
naphtha_NOUN,7479
nightlight_NOUN,1927
necklace_NOUN,106629
nonemergency,1408
nanotubes_NOUN,56626
notaries,7848
n'est_ADJ,2174
nutmegs,1260
nationally_ADV,71642
nucleus_ADJ,26383
naysayers,4877
nitroglycerine_NOUN,1790
nips_NOUN,3411
nc,7239
navicular,4702
niggers_NOUN,17131
nonprobability_NOUN,1575
nested_VERB,41317
nonplussed,8709
nullifying,3807
nonEuropean_ADJ,1208
neuropathology,3689
noticing_NOUN,7926
nephew,164777
nanoencapsulation_NOUN,1266
nominalizations,3855
neurosurgeon,6961
nap_VERB,5870
nonbiodegradable,1397
nontraditional_ADJ,16038
neurotransmitter,28643
nicking_VERB,2259
nahaunang_X,1328
neutralizing_ADJ,1395
nebula,11763
njihni,1986
nestles_NOUN,1197
n50,2138
nephrogenic_ADJ,2721
nos_X,28038
natty,2186
nasopharynx,7108
north_NOUN,466173
nonconventional_ADJ,3994
nonexpert,1088
neckline,17878
n73,1175
nappy_NOUN,3865
neutrals_NOUN,8128
nouns_NOUN,82134
normatively_ADV,13924
née_ADP,2165
nugget_NOUN,11679
nucleotides_NOUN,25340
nanosponges_NOUN,1244
nonpathogenic_ADJ,2614
n11,6445
neurolysis_NOUN,1195
nakapamulong,1506
nonreactive_ADJ,3444
northern_ADJ,562600
nook_NOUN,30258
nebulae_NOUN,5966
niece_NOUN,126832
nuevo,6115
nomic_ADJ,3541
necked,21609
neuroma,4872
nonmetal,1636
ned_VERB,3321
nazi_ADJ,1368
nonspherical,1377
ndodhur,1765
neprihăniţi,1825
noises_NOUN,119105
nanagtindog_X,1094
nJ_NOUN,2654
nano_NOUN,47093
navel,28305
nagatudlo,1289
nonqualified,2443
narrated_ADJ,1999
needy_NOUN,12809
numeracy_NOUN,10719
nic_ADJ,1657
numeric_ADJ,37089
nonMuslim,1188
nanodots,1242
niger_ADJ,1769
nutshell_NOUN,23546
nonsteroidal,11275
neurite_ADJ,2479
nonidentity_NOUN,1093
newscaster,3156
nere,1504
needful_ADJ,29265
neuromonitoring,1340
netlist,1969
newt_NOUN,3099
neverending,3946
nab_VERB,4072
nurseries_NOUN,13806
naar,5964
normalize,24113
ngā_X,1149
naturalists_NOUN,19272
neglect_NOUN,181578
natus,1291
nucleation_NOUN,32354
northeast_NOUN,69976
normalizing_VERB,12511
necessarily,877944
neurulation,1018
nanomaterials_NOUN,52049
nivel,2629
noblewoman,4589
n.p.,30033
netherlands,1271
nearshore_NOUN,4155
netball_NOUN,2452
nurtured_ADJ,5175
neurosciences,3186
niggling_VERB,3606
nevi_NOUN,6963
ni_X,38447
nytimes_NOUN,1845
nonenzymatic,2888
n21_NUM,3371
nebulization,1667
notch_DET,1211
nuzzled,19414
nÞ_NOUN,1016
nonadjacent,1078
needles_VERB,1563
n'est_X,10359
notes_NOUN,877610
nose_VERB,7512
neonicotinoids,1101
navigability_NOUN,1484
nanosuspensions,1002
nonunions_NOUN,2005
nautical,28821
ninja,11948
necessitated_VERB,39182
nonischemic,1993
nitrous_ADJ,16716
nourishment_ADJ,4175
nationalist_NOUN,35914
nutrients,171125
northwest,95101
numero,3378
newsreader_NOUN,1357
n'ont_X,1710
nucleosomes_NOUN,2146
noting,266592
nasienia_X,1386
nonproductive_ADJ,4056
neer_X,1603
neurotoxins_NOUN,2659
northeastern_ADJ,36251
na,195429
nanagpangutana_X,1397
novice,59635
nickels,4608
neighborly_ADV,1975
novo_X,29956
nagpapalabas,1009
nagadumot,1088
niečo,2118
napkin_NOUN,67585
nourishing_NOUN,6577
nectarines,2790
natalizumab_NOUN,1431
n.2,9788
nhw_X,1594
noneconomic_ADJ,5118
neuropathy_ADJ,5555
nanofluid_NOUN,3594
ngriti,1246
nucleoid_ADJ,1358
nineyear,1385
newel_NOUN,1920
n.11_NUM,1425
nostrum,3521
nasumpungan,1987
neutrosophic,6749
nuff_ADV,1678
nominated,68664
norovirus,3077
nanotechnologies,3279
neo_NOUN,121694
nanocomposites_NOUN,52837
naturelle_NOUN,1074
neurohormonal_ADJ,1103
nephrolithiasis,3064
neutralizes,4384
neoformans,5049
nagalakaw_X,1561
newes,1371
n13,5203
noisily,24359
noted,1484155
nanoseconds_NOUN,3214
nickname_NOUN,77435
nagging_VERB,10214
neuraminidase_NOUN,2092
niektóry_NOUN,3225
nimbly_ADV,12799
nuke_VERB,1031
nonferrous,2847
noised_VERB,2279
neurotics,1778
nonentities_NOUN,1635
nanosilica_NOUN,1800
narrativization,1225
nese_ADJ,2305
nocturnal,48756
nomadic_ADJ,40669
natives_NOUN,177130
nihilistic_ADJ,7157
noth,1169
nonsynonymous,1063
nuclear_NOUN,5637
nonuse,2314
nun_NOUN,56878
nonspecific_ADJ,33924
naloxone,8684
nomenklatura,2696
nonpolitical_ADJ,4008
n'am_X,2738
nurturing_VERB,21402
nui_X,1103
nonsmall,1326
negress,3419
noncash_ADJ,3743
ncaa_NOUN,2966
nata,1646
newscaster_NOUN,3043
nymph_NOUN,23229
nationbuilding,1460
nervous,686942
napokban,1246
nondisplaced,2418
nello,1187
neomycin_NOUN,2996
night,5740136
neurodegeneration,10579
nonneoplastic_ADJ,2057
norepinephrine_NOUN,17906
nappies_NOUN,6946
nicotine_NOUN,11596
nanostructure,8399
nulla,10654
nucleosides,2790
nasi,2279
nonpayment,5086
neuropathological_ADJ,3042
nankeen,1187
nominals_NOUN,5415
nonspecialist,1332
nangasa_X,1516
neuroscientist,5688
naïf,1018
neuro_NOUN,1714
nuclei,109004
neuroblastoma_NOUN,11727
nodded,1935977
numberless,15770
nonemployer_ADJ,1027
notation,127486
neophytes_NOUN,4044
necrotic_NOUN,3143
note_NOUN,1349544
nets_VERB,1820
nuestros_NOUN,2328
negligently_ADV,11729
noetherian,1589
nightingales,5644
nds,1503
neuroethics,1425
nonhomogeneous_ADJ,3721
necessitation_NOUN,1174
nephrogenic,2787
nettled_VERB,4898
nectaries_NOUN,1515
nome_NOUN,3307
numbered_VERB,121766
nirvāṇa,3085
narrower_ADJ,69610
nominalist,2904
nominative_NOUN,1295
naturalization,18434
nonplussed_VERB,6905
nee_X,1646
nucleolar_ADJ,1761
nm,291097
neuroticism,8637
nearer,221742
n0,5389
noster_NOUN,1386
noticeboard,2097
nonbeing,3900
node_ADJ,20550
n.d._ADJ,7070
naturalisation_NOUN,3233
norvegicus,2122
nacho,1078
nuwe,1741
nymphomaniac_NOUN,1065
niektóry_ADJ,1970
nucleotides_VERB,1208
neoplasm_NOUN,22551
neurodisability,1224
nicknamed,30372
name_NOUN,5086079
no.3,2020
nibbles_NOUN,5390
nahagugma_X,1443
nonselective_ADJ,4848
nymphs,23317
newsletters_NOUN,21100
nonuniformity,2083
neuritis_X,1003
nach,26885
notifications_NOUN,28453
nx,4354
necessity,524064
naturales,2546
neutrinos,10188
nonautonomous_ADJ,1271
noble_NOUN,3004
nitrocellulose_NOUN,3317
nicely_ADV,116447
nonspecific,33975
nations,764183
nonstationary,5726
nonselective,4896
nane_NOUN,1550
navicular_NOUN,3717
nella,16643
normals,6117
nucleosides_NOUN,2714
nosiness,1089
neoliberal,120268
nonlinearity_NOUN,20311
nunc_NOUN,2223
negligence_NOUN,121233
nonrepresentational,1538
ngjan_X,1755
nough,1989
njeriut_VERB,3198
nonlinear_VERB,2959
nagaampo,1283
naw_X,1675
nap_ADJ,1449
npm_ADV,1277
nutrition,211926
naproxen_NOUN,3619
nonexperts_NOUN,1174
numerals,22544
nations_NOUN,764099
nudity_NOUN,19399
name,5367634
necks_NOUN,64036
nd,53156
nisin_NOUN,4377
nucleons_NOUN,4198
neath_VERB,2572
nikdy,1061
nZVI,2359
nondeterministic,4312
negarás_VERB,1244
nþ,1453
nouveaux,3936
naughtiness_NOUN,3806
normalcy_NOUN,19459
nuisance_NOUN,56103
nonbasic_ADJ,1055
nonreligious,8605
neo_ADJ,6194
night_ADJ,105545
nuggets,14153
naïvely_ADV,4595
notarized_VERB,3810
nanogels_NOUN,3471
newness_NOUN,19333
naacp,1465
noxious,28935
nonradiative_ADJ,1888
nirvana,9838
nettled,4921
notation_NOUN,126930
nanocapsules_NOUN,4193
nonviral,1496
nonsensical_ADJ,19838
namely_ADV,610172
nidulans_NOUN,2256
narcissists,5587
nutrient,146793
nominalist_NOUN,1724
nobility_NOUN,118105
naturalis_X,1214
nitrile,5344
natality_NOUN,2375
n'était,1594
newscast_NOUN,2901
newcomer_NOUN,42225
nangagsabi,2215