Qigong_NOUN,3631
Quaint,1749
Quench_NOUN,1066
Quis,2651
Quatermass_NOUN,1396
Qown,4521
Qianyan_NOUN,2292
Qingnan,1206
Quicken_NOUN,1460
Qadi,1126
Quiros,1254
Quebec_NOUN,111083
Qureshi,7687
Quantrill,2865
Quel_X,1625
Quixote,34462
Quilter_NOUN,1654
Qualification,11484
Qingyuan_NOUN,3717
Qingshan,9310
Qiuming,1434
Qutb,6034
Q._VERB,7764
Q.5,3053
Qualia,1098
Ques_NOUN,1333
Quinney,1913
Qiu,130370
Quirin_NOUN,1256
Qingyun,14081
Q.9_NUM,1595
Qingmei,1448
QUEEN_NOUN,14119
Quarterback,1585
Quill_NOUN,13337
Qoh_NOUN,2470
Questo_X,1001
Quijada,1040
Quimper,1219
QUESTIONS,44227
Qur'ān,14183
Qichao,2043
QRA_NOUN,1470
Quezada,1147
Qays_NOUN,1522
QMS,4192
Qm,1171
QPSK,4343
Quin,10793
Quam_X,1138
Q7_NOUN,1285
Quadriceps_NOUN,1539
Quirós,1094
Qué,13220
Quarantine,6077
Quatermass,1438
Quorum,7733
Quercus_NOUN,8671
QBO_NOUN,7333
QPR_NOUN,1039
Qazi,2541
Quite_DET,14352
Qingfeng,26356
QUESTION_VERB,3927
Quilp,1323
Quidditch_NOUN,1049
Quan_NOUN,55596
Quotient_NOUN,4478
QED,5892
Quesnay,3448
Quarry,9987
Qadi_NOUN,1115
Quadrature_NOUN,2070
Quicknotes_NOUN,1119
QB,17225
Qiushui,2438
Quartier,3344
Qinger_NOUN,2486
QCL,1155
Que,32776
Quint_NOUN,13331
Qur'anic_ADJ,11382
Q._X,1409
Qutayba,1022
Quantifying_VERB,9615
Quantization,3549
Q3,12829
Quant,7055
Quezada_NOUN,1115
Qi_NOUN,425487
Quintile_NOUN,1301
Qingran,1709
Quote_VERB,9519
Qingran_NOUN,1709
Quest,54486
Qiang_NOUN,46634
Qinghe,2471
Qianer,1111
Qiushuang,1260
Qahtani_NOUN,1007
Quirke,1767
Questa,1394
Quiggin_NOUN,1003
QD,12866
Qs_NOUN,3920
Quell_NOUN,2700
Quetzalcoatl_NOUN,4409
QRS_VERB,1097
Q6h_NOUN,2085
Q5_NOUN,2189
Qatar_NOUN,46933
Quangel,1001
Queghan,1154
Questions,295236
Quntao_NOUN,1812
QIN_NOUN,1536
QX_NOUN,1150
Q.2,1628
Quimby,5491
Q11,1254
Q'eros,1176
Qigong,3918
Quervain_NOUN,1311
Quiché_NOUN,1132
Qis,1521
Quien,1590
QIN,1543
Qingdao,7074
Quoting,8136
Quarrah,6402
Quite,155567
Quirky,1580
Quenching_NOUN,1569
Quarters,9933
Qk_NOUN,1177
Queneau,2126
Queensland,68777
Quartermaster,7886
Q6_NOUN,1971
QRIS_NOUN,1136
Quatre,5217
Qianyu,29745
Quillen_NOUN,2002
Queensberry_NOUN,2066
Queenie_NOUN,11114
QUALITATIVE_NOUN,1085
QUT,1012
QUOTE,1618
Qays,1563
QWERTY_NOUN,1092
Quotes,9092
Qianlou_NOUN,7746
QUICKLY,2080
Qiuqiu,1494
Quicker_ADJ,2167
Qianyao,2224
Quran_ADJ,2877
Quorum_NOUN,7234
Qianer_NOUN,1111
Qingfei,2268
Quand,4445
Qin'er_NOUN,2581
Qualitative_ADJ,40804
Queue_NOUN,7186
Quintessence_NOUN,3188
Qp_NOUN,1812
Qubit,1015
Quai_NOUN,6223
Quark,2182
Queens_NOUN,43500
Queen,675885
Qianhu_NOUN,1504
Qingyang,6967
Q4_NUM,5030
Qingrong_NOUN,7234
Queen_NOUN,675680
Quandt,2834
Qingming_NOUN,2442
Qianning,2559
Qingyue,1908
Quoted_VERB,92042
Qingfan,1130
QS_NOUN,17341
Quiroga,3708
Qualcomm_NOUN,5642
QuickBooks_NOUN,11069
QOL_NOUN,8471
Qasr,2225
Quinet_NOUN,1259
Quash_NOUN,1030
Qizhao,1234
Qiyue,5107
Q'eros_NOUN,1173
Quality_ADJ,2730
Quarter_NOUN,48976
QUD_NOUN,1354
Quaid_NOUN,2052
QBD_NOUN,1791
Qinghua,3078
Quarks_NOUN,1082
Qiming_NOUN,1494
Quade_NOUN,4654
Qasim_NOUN,6573
Quantile,2579
Queries_NOUN,11709
Quantification,15699
Quisling_NOUN,1432
Qianyan,2301
Question,257352
Qualities_NOUN,11506
Qinglan_NOUN,2435
QALYs_NOUN,2138
Q9_NOUN,1368
Qiao_NOUN,133767
Qur'ānic,2372
Qishen_NOUN,4406
Qoheleth_NOUN,4682
Quarterly_ADJ,28008
Qinghai_NOUN,7024
Qianjun_NOUN,1231
Quarantine_NOUN,5894
Quetzal,1415
Quadrants,1364
Qishao,1585
Quo,9916
Q2_NUM,7561
Qiang,46647
QUEST,3139
Qumran,29867
Qaroon,2797
Quilt,6669
Q0,2602
Quinze_NOUN,1336
Qingcheng_NOUN,16949
Quantities_NOUN,7012
Qur,2260
Queering_VERB,2558
Question_ADJ,2448
Qn,2521
QP,5437
Questo,1422
Quests,1544
Quisling,1469
Qingli_NOUN,3798
Qadir_NOUN,4078
Q4_NOUN,4273
Qualified_ADJ,2116
Qualitative_NOUN,59293
Qingyuan,3744
Qadhafi,1345
Quichua_NOUN,1218
Q1_NUM,7999
Qasr_NOUN,2216
Quotes_NOUN,7757
Quebecers,1114
Quo_X,5794
QUALIFIED,1022
Qiuyuan_NOUN,1232
Quadrants_NOUN,1339
Qianyun,2115
Qianlin,1264
Quaderni_NOUN,1767
QED_NOUN,4336
Quoted,92056
Quay,12304
Quilt_NOUN,6569
Qaddafi_NOUN,5184
Qiangu,1339
Quirinal,2044
QI_NOUN,10458
Querol,1052
Quesada_NOUN,5931
Qualify_VERB,1128
Quran_NOUN,42762
Qutayba_NOUN,1021
QCM,3491
Queenship_NOUN,1293
Qasim,6602
Quli,1467
Quine,20469
Quntao,1813
Quand_X,2385
Qvortrup_NOUN,1064
Quetta_NOUN,4693
Quang_NOUN,5942
Qianhua,1202
Quimper_NOUN,1205
Qianhai_NOUN,1108
Queers_NOUN,1901
QCs,1145
Quirin,1261
Quantitation,2256
Q.C._NOUN,2004
Qiaoling_NOUN,2029
Quigg,1174
Quon_NOUN,2207
Quiñones,2097
Quién_X,1019
Quotation,7533
Ques,1350
Que_NOUN,23782
Qiqi_NOUN,5589
Quand_NOUN,1177
Quercus,9396
Quantico,5306
Quintero,4359
Qitian_NOUN,16295
Q.3_NUM,1163
Quadrennial,1137
Quiney,1137
Quantify,1686
Qianqian,29495
QKD,2223
Qiuming_NOUN,1433
Qianjin_NOUN,1464
Qudsi_NOUN,2538
QoE_NOUN,3903
Qianlou,7754
QUANT,1556
Qing'er_NOUN,18142
Qilong,2997
Qingya,2655
Qingyu,24916
Quantifying,11377
Quotes_VERB,1322
Quid_X,2721
Qiting_NOUN,2811
Quitman,1193
Quack,4305
Quetzal_NOUN,1288
Qianli,1596
Qianmo_NOUN,1455
Qual,10933
Qingling_NOUN,1316
Qishao_NOUN,1584
QQ,7866
QTLs_NOUN,6452
Qian'Er_NOUN,2163
Qilin,6334
Qufu,1185
Qingying,2450
Quoc_NOUN,2222
Qa,1310
Q12h_NOUN,1488
Qingxiao_NOUN,4130
Quayle_NOUN,6799
Quando_X,2243
QUANTUM,2217
QCT,1043
Quince_NOUN,5367
QUICK,9106
Quatrefages_NOUN,1013
Quasi,20933
Quarto_NOUN,9899
Quitman_NOUN,1191
QH,2237
Quaker_NOUN,44160
QR_NOUN,19294
QF_NOUN,3191
Quakers_NOUN,30885
Qa'ida,2998
Qk,1206
Quick_NOUN,60230
Quicknotes,1191
Qirin,2974
Quién,1997
Quatermain_NOUN,1201
Qingxia,18974
Quite_ADV,140714
Qingzi_NOUN,7085
Qui,18355
Qaboos_NOUN,1704
Qingyang_NOUN,6949
Quranic_ADJ,4447
Quaglia,1162
Qaeda_NOUN,48726
Quinault,1762
Quispe_NOUN,1142
Quijote_NOUN,2671
Quan,56693
Quintin_NOUN,3965
Quarries_NOUN,1777
Quoting_VERB,8136
Quatrefages,1160
Q1,23032
Quantify_VERB,1255
Qingnan_NOUN,1206
Quetta,4761
Qichen,7025
Qirong_NOUN,3307
Qingfan_NOUN,1130
Quandt_NOUN,2834
Quai,8149
Quantum_NOUN,89279
QE_NOUN,9102
Quiz_NOUN,12375
Quorn,1524
QUAL_NOUN,2068
Quercetin_NOUN,2821
Quarterly_NOUN,246045
Qi,432186
QY,2004
Quartet_NOUN,17306
QING,1439
Quadratic_NOUN,4306
Qingshang_NOUN,2075
Quisque,1261
Quarrier_NOUN,1140
Quart_NOUN,4957
Quinola,1096
Qc,1044
QDs,15648
Qilin_NOUN,6332
Qualified,19823
QWs,1510
QUIT,1796
Queer_ADJ,12404
Quintana,9853
Q7_NUM,1208
Qaida,4945
Qianya,1935
Quantock_NOUN,1601
Quinby,1060
Quon,2254
Queues_NOUN,2365
Qiuyang_NOUN,1676
Quantifiers,1443
Quatre_NOUN,5181
Q.4,2353
Quincey,10254
Queueing_NOUN,1828
Qué_X,7445
Quincy,40201
Quilter,1654
Quirk,9409
Quanah,1542
Q_NOUN,735602
Quantity_NOUN,46449
Qumran_NOUN,29099
Quanzhou_NOUN,2525
QML,1388
Quem,1782
Querétaro,2430
QSAR,5053
Quaker,44592
Quemoy_NOUN,1131
Quraysh_NOUN,1998
Queste,1052
Qianhu,1504
QCA_NOUN,5299
QLD_NOUN,5365
Qingxi_NOUN,1825
QoE,4007
Quattrocento,3296
Quantity_ADJ,1475
Quodlibet_NOUN,1214
Qishan,1323
Quicksand_NOUN,1703
Q8_NOUN,1151
QUOTE_NOUN,1399
Queuing_NOUN,1993
Qal_NOUN,1281
Qiagen_NOUN,1827
Q10_NUM,1186
Quadrant,9227
Quilting_NOUN,1543
QUIT_VERB,1795
Qianxue,3108
Quetiapine,1179
QN,1343
Quotations_NOUN,10994
Quiet_NOUN,1536
QPU_NOUN,1478
Quichotte_NOUN,2077
Quack_NOUN,2389
Quasimodo_NOUN,5780
Qingqi,1422
Quixotic,1697
Qi'er_NOUN,3864
QCA,5314
Qur'an_X,1826
QFD_NOUN,3817
Qiran_NOUN,1799
Q_VERB,4311
Quantock,1618
Q.1_NUM,1384
Quin_NOUN,10521
QUIET_ADJ,2994
Quik,1925
Qirin_NOUN,2973
Quintín_NOUN,1740
Qd,1058
Queequeg_NOUN,3248
Q2_X,1497
Quietly,15716
Quirós_NOUN,1070
Qingwu,2560
QUANTUM_NOUN,2216
Quinn_NOUN,142593
QBOA,1719
QAA,1766
Quarries,1787
Q.B._NOUN,1423
Q1_X,1415
QA_NOUN,19116
Qizheng_NOUN,1507
Quenya,3129
Q0_NOUN,1441
Quota_NOUN,5203
Quds_NOUN,2435
Qianxue_NOUN,3107
Quakerism,3978
Q,745401
Q_X,3400
Quarrels,1952
Qinghan,2259
Quintilian,14428
QUESTIONS_VERB,1287
Qadhafi_NOUN,1321
Qiran,1808
Quick_ADJ,49206
QPSK_NOUN,4274
Qualls,1516
QDROs,1507
QMS_NOUN,4073
Querol_NOUN,1019
Quince,5423
Quartz_NOUN,12138
Quiero,1014
Quivering,1103
Qld,4299
Qui_NOUN,6668
Quadrature,2266
Qal,1317
QP_NOUN,5303
Quadrilateral_NOUN,1608
Quintín,1741
Quiller_NOUN,1010
Q5_NUM,1821
Quelques,2829
QUANTITY,4273
QTL_NOUN,12688
Qualia_NOUN,1048
Qiao,134264
Queries,12236
Quantitative,84028
Qureshi_NOUN,7680
Quadruple,2734
Qualities,11506
Quiet_VERB,2247
QM_NOUN,11613
Qingying_NOUN,2446
Qiuyuan,1233
Qudsi,2538
Quarterly,276666
Quonset,2460
QSAR_NOUN,4824
Qu_X,2152
Queso,1144
Quarks,1195
QbD,2565
Qingsheng,1013
Quake_NOUN,2604
QFT,3156
Quantities,7013
Qur'an_ADJ,6590
Quintana_NOUN,9538
Qingchen_NOUN,2066
QUIZ_NOUN,3593
Queueing,2140
Quickly_ADV,68434
Quinidine_NOUN,1082
Qtd,1709
Quelques_NOUN,1628
Queers,1907
QOF_NOUN,1000
Qisheng,1837
QA,19192
Qur'ānic_ADJ,1886
Q3_NOUN,5390
Qianjin,1467
QTc,5548
Quinet,1265
Qi'er,3875
Quincey_NOUN,10239
Qur'anic,12974
Quantifying_NOUN,1685
Quichua,1276
Qt,9297
QSEN,1204
QM,11861
Qinglian,3028
Quotations,11004
QOF,1035
Qingtian,11980
Quijote,2719
Queue,7828
Quay_NOUN,12223
Qazvin,1002
Quod_X,3472
Qingdi,9480
Quiney_NOUN,1137
Questioned_VERB,4478
Queller,1001
Quaternary_ADJ,6782
Quantified,2357
Quarrier,1152
QRA,1486
Quasimodo,5808
Quintin,3980
Quintus_NOUN,13662
Que_X,5495
Qs.,20162
QAA_NOUN,1749
Q10,5215
Quah,1287
Qualifications,11835
Quetiapine_NOUN,1103
QPS,1247
Quem_X,1371
QU,1122
Qianlong,4921
Quah_NOUN,1284
Qiaoling,2032
QAM_NOUN,4468
Qown_NOUN,4504
Qiankun_NOUN,5092
QC_NOUN,25234
Quarterback_NOUN,1575
Quotation_NOUN,7519
Quasar,2578
Q12,1563
QDs_NOUN,15018
Qual_NOUN,9936
Quando,3557
QR,19739
Queering,5246
Qingfeng_NOUN,26355
Qianmo,1457
Qingmo,1227
QQ_NOUN,7805
Quilp_NOUN,1317
Quintet,2496
Quickly,68464
Questions_NOUN,287242
QCD,6635
Qinglin,1056
Quare,1321
Qichao_NOUN,2025
Quant_NOUN,5672
Qingwei_NOUN,1172
Québécois_NOUN,4531
Qtd_NOUN,1670
Quellen_NOUN,1917
Quoth,3977
QRS_NOUN,24527
Qiuxiang,2019
Question_NOUN,203277
Qirui,1147
Quinnipiac,1509
Qiangwei,2336
QG,1878
Qiting,2811
Quintus,13698
QML_NOUN,1375
Quinine_NOUN,2904
Quad,7947
Quintilian_NOUN,13895
Quebec,111119
Québec_NOUN,20867
Qingya_NOUN,2655
Quarrels_NOUN,1927
Quartermaster_NOUN,7859
Quidditch,1209
QUEEN,14126
Q._NOUN,351163
Quito_NOUN,17702
Qingluo_NOUN,4243
Qualitative,100606
Quincy_NOUN,39894
Qinghai,7066
Quis_X,1689
Qiu_NOUN,130304
Quentin_NOUN,50545
Quotas_NOUN,4026
Qingheng_NOUN,6364
Quebecois,1445
Quadrilateral,1717
Quelle_NOUN,2558
QUIET,3474
Quiller,1014
Queensland_NOUN,68129
Q8_NUM,1125
QUEER_NOUN,1300
Quataert_NOUN,1049
Quadruple_NOUN,2506
Qinglan,2444
Qinglin_NOUN,1056
Quong,1578
Qualify,1128
Qinghua_NOUN,3053
Quarterly_ADV,2495
Questionable,2507
Quinney_NOUN,1912
Q6,2684
Qingping_NOUN,2349
Qingge,1913
Quicksand,2220
Q2_NOUN,9823
Qinger,2486
Qian,237740
Quad_NOUN,6913
Quietly_ADV,15714
Quiberon_NOUN,1059
Qianjun,1231
Quirke_NOUN,1767
Quo_NOUN,4117
Q3_ADJ,1040
Quantization_NOUN,3519
QL,4568
Qiong_NOUN,12550
Quell,2999
Qingxia_NOUN,18972
Qizhao_NOUN,1234
Quinby_NOUN,1052
Qara,1146
Qianye,64033
Quetelet_NOUN,2401
Q8,2504
Qianye_NOUN,64019
Quaritch,1570
QuEChERS_NOUN,1369
Queens,43616
Qianyun_NOUN,2115
Qingchen,2077
Qatar,48228
Qamar_NOUN,1769
Quicksilver_NOUN,2864
QJ,1448
QUANT_NOUN,1434
Quanzhou,2632
Qingrong,7234
Queer_VERB,1184
QUANTITATIVE_NOUN,1837
Quarrying,1077
QRIS,1182
Qajar_NOUN,3195
Québec_X,1184
QUANTITY_NOUN,4252
Qinghe_NOUN,2468
QG_NOUN,1835
Qianqiu,5642
Qingrou,12921
Quail_NOUN,5002
Qun_NOUN,4363
Qingshang,2075
QDRO,7842
Qingmei_NOUN,1445
Qualifying,6244
Qingwan_NOUN,5426
QUAN,1151
Qingyan,12389
Qingheng,6364
Qingxu,2840
Qeteb_NOUN,1019
Qn_NOUN,2450
Qu'est_ADJ,2940
Quarto,10149
Quelle_X,1280
Qingyue_NOUN,1904
Quiz,13322
QN_NOUN,1293
Que_ADJ,3458
Quadros_NOUN,1162
Quirinus_NOUN,1213
QUANTITATIVE,2813
Quarter,49341
QV,1238
Quadriceps,1857
Quizzes,1646
Quantitatively_ADV,1652
Qianying_NOUN,1044
Qingdi_NOUN,9472
Quel,3953
Quinton,8904
Qadhdhafi,1222
QT,24347
Qt_NOUN,8992
Qingyan_NOUN,12379
QLD,5471
Quinones,2271
Qeteb,1029
Quakers,31057
Quintanilla_NOUN,1697
Qaeda,48732
Quotient,4546
Qingqi_NOUN,1419
Qinghan_NOUN,2259
Quetzalcoatl,4430
Quadrennial_NOUN,1045
Qingyao_NOUN,1567
Quine_NOUN,20413
Quinn,142970
QSR,1119
Quantity,47962
Qingxiu,3039
Qianhua_NOUN,1202
Qiangwei_NOUN,2335
Quixotic_ADJ,1368
Qingxue_NOUN,6947
QUARTER_NOUN,2074
Qi_X,5405
Questioner,1186
Qianyi_NOUN,1064
Questionnaire_NOUN,41095
Qingshan_NOUN,9306
Qohelet_NOUN,2494
Q.B.,1423
QTc_NOUN,4777
Quiros_NOUN,1243
Q7,2603
Qualtrics_NOUN,1549
Quarles,7819
Q.C.,2040
Quia_X,1356
Qutb_NOUN,5997
Quaranta,1126
QF,3262
Qianliang,9871
Quaglia_NOUN,1161
Qu'est,4002
Quiche,2414
Quadra_NOUN,1117
QT_NOUN,22806
QUESTION,26801
Quist_NOUN,5329
Quattrocento_NOUN,2709
Quoc,2229
Quispe,1211
Quartile,1476
Quadrangle_NOUN,3246
Quen,1585
Quintile,1365
Qing_NOUN,390911
Qadeer_NOUN,1014
Qa'ida_NOUN,2997
Query_NOUN,26185
Quando_NOUN,1134
Queequeg,3279
Quek,1345
QID_NOUN,10356
QoS,26783
Queer_NOUN,38929
Q.3,1373
Quoth_NOUN,3872
Quadratic,8619
Qaradawi,1077
Qingdao_NOUN,6962
Qm_NOUN,1133
Quaranta_NOUN,1109
Qur'an_NOUN,57496
QCD_NOUN,6468
Quiroz_NOUN,1773
Querelle_NOUN,1266
Qantas,3008
Quattro,3079
QBI,1482
QB_NOUN,17111
Qingxuan_NOUN,3960
Quarantelli,1153
QALY_NOUN,2706
Qiuqiu_NOUN,1492
Qimu_NOUN,3221
Qiushuang_NOUN,1260
Quinten_NOUN,1314
Qizheng,1507
Qty_NOUN,3450
Quino_NOUN,1713
Quaternary,17837
Quai_X,1922
QPR,1044
Qualcomm,5852
Qahtani,1009
QuickBooks,11685
Questions_VERB,7917
Queenslander_NOUN,1010
Qirong,3307
Quilting,1820
QH_NOUN,2057
Qinghong_NOUN,1915
Qualls_NOUN,1512
Qvortrup,1065
Qx,2545
Quimby_NOUN,5487
Quang,5956
Quigley_NOUN,11418
Quarrel,3382
Quevedo,3639
Quen_NOUN,1525
Quota,5336
QUALITY,12549
Qāsim_NOUN,1137
Qara_NOUN,1145
QW,3610
Qiuyu_NOUN,1441
Qantas_NOUN,2949
Qingliu_NOUN,1033
Quemoy,1133
Qianlong_NOUN,4839
Quadratic_ADJ,4309
Quadratus,1572
QSR_NOUN,1097
QW_NOUN,3501
Quadri,1026
QAM,4603
Quick,110659
Qaida_NOUN,4945
Quotas,4028
QS,18473
Qué_NOUN,5571
QUALITIES,1407
Quaderni,3119
Quivering_VERB,1103
Qualitatively_ADV,1774
Qty,3476
QCs_NOUN,1142
QBI_NOUN,1481
Quintero_NOUN,4147
Queues,2479
QTL,12922
Qualtrics,1561
Qe7,1046
Quiroga_NOUN,3669
Questioner_NOUN,1163
QFD,3879
Qajar,3296
QBOA_NOUN,1715
Qing_ADJ,1328
Quellen_X,2014
Quinnipiac_NOUN,1508
Qingyi,15981
Quinlan_NOUN,10287
QUEER,1882
Qxx_NOUN,1513
Quinta_NOUN,3595
Qingqing,10307
Qingsheng_NOUN,1013
Questionable_ADJ,2506
Qixuan,1040
Quaritch_NOUN,1520
Quaestiones_NOUN,2455
Quantified_VERB,1001
Querying,2501
Quinine,3164
Quantitation_NOUN,2253
Quayle,6800
Qadri_NOUN,1668
Quadratus_NOUN,1458
QUICKLY_ADV,2080
Queenie,11124
Qinan,7435
Qingzi,7093
Quinones_NOUN,2147
Qui_X,10193
Quillen,2018
Q12h,1494
QE,9367
Qisheng_NOUN,1837
Qua,1921
QOL,8646
Qimu,3253
Q9,2043
Qd_NOUN,1041
Quantrill_NOUN,2861
Qiuxiang_NOUN,2019
Quench,1384
Q.2_NUM,1315
Questionnaires_NOUN,6900
Quartering,1083
Quirinus,1219
QJ_NOUN,1430
Quiet,50102
QUARTER,2080
Quartets_NOUN,2708
Qiankun,5098
Quarters_NOUN,9931
Qur'ān_NOUN,13942
QUALITATIVE,1479
Quigley,11428
Quill,13633
Qianfan_NOUN,1877
Qingxiu_NOUN,3036
Quorn_NOUN,1501
Quinton_NOUN,8865
Q.H.,1164
Quevedo_NOUN,3543
Quarry_NOUN,9983
Qingping,2350
Quelques_X,1193
Quranic,5339
Qingtao_NOUN,1120
Queenstown,5363
Quintet_NOUN,2480
QUESTIONS_NOUN,42928
Quick_ADV,1179
Qur'anic_NOUN,1586
QC_X,1807
Qala,2886
QWs_NOUN,1474
Quraysh,2180
QoS_NOUN,26251
Querelle,1354
Qingling,1316
Quartile_NOUN,1250
Qiuyu,1441
QED_VERB,1467
Quality,300032
QUAL,2777
Quilty,1330
Qianying,1044
Qamar,1770
QUINN_NOUN,1181
Quantitative_NOUN,39422
Qaddafi,5283
Q8h_NOUN,1550
Qian'er,2678
Quint,13335
Qian'er_NOUN,2661
Quataert,1049
Quirinal_NOUN,2026
Q6h,2085
Qilong_NOUN,2996
Qualifications_NOUN,11830
Qr,1020
Quaint_ADJ,1749
Queensberry,2068
Quinto_NOUN,1984
Quran,45823
Qingcheng,16951
QuEChERS,1403
Qufu_NOUN,1145
QING_NOUN,1384
Quid_NOUN,2031
Quest_NOUN,54437
Química,1392
Quantified_NOUN,1256
Quiberon,1059
Quadros,1177
Quezon_NOUN,5095
Quantitatively,1829
Qingyi_NOUN,15971
Quid_ADJ,1256
Quartets,2742
Qiluo_NOUN,1580
Qianning_NOUN,2559
QTLs,6727
Qāsim,1162
Quitting_VERB,2389
Quicksilver,3150
Quests_NOUN,1536
Quillian,1203
Qingwei,1172
Quellen,3953
Qingqing_NOUN,10297
Qiming,1494
QD_NOUN,12547
Qs,3994
Qx_NOUN,2480
Quilla,2596
Qingtao,1120
Québécois,4798
Qingyu_NOUN,24892
Q.,363517
Qinghong,1917
Qu_NOUN,65369
Questionnaires,7004
Quays,1060
Qishen,4408
QID,10413
Quarantelli_NOUN,1152
Qui_ADJ,1211
QFT_NOUN,3063
QALY,3609
Queene_NOUN,11064
Quinola_NOUN,1093
Quinlan,10288
Questioned,4478
Qiagen,1828
Qingxuan,3967
QUITE,2538
Qiuyang,1678
Quartier_NOUN,3095
Qingming,2448
Query_ADV,1166
Quality_NOUN,297172
Quel_NOUN,2031
Quenya_NOUN,3125
Quervain,1595
QCM_NOUN,3434
Quezon,5103
Quercetin,3079
QPS_NOUN,1227
Quesnel_NOUN,2107
Quinault_NOUN,1693
Qualifying_VERB,2573
Qiangu_NOUN,1329
Quebecers_NOUN,1114
Quora_NOUN,1755
Q2,19882
Quattro_NOUN,2668
Quae_X,1146
Quicker,2386
Quilts_NOUN,1879
Qingrou_NOUN,12892
Quays_NOUN,1057
Quarrah_NOUN,6369
Quichotte,2080
Qualification_NOUN,11395
Quinoa_NOUN,8081
Qu,67638
Quart,4999
Quixote_NOUN,34424
Queneau_NOUN,2100
Quino,1743
Quat,1706
Quist,5330
QUERY,1678
Qatari,5580
Qianliang_NOUN,9868
Qingzhang_NOUN,3558
Quelle,3845
Queer,53674
Quilla_NOUN,2593
Qianqian_NOUN,29407
Quinto,2198
Queenslander,1058
Qohelet,2586
QbD_NOUN,2510
QoL,8045
Quash,1145
Queering_NOUN,2564
Quadra,1144
Qingli,3804
Qingtian_NOUN,11950
Qiluo,1662
Qingzhou,17372
QDA_NOUN,1584
Quanah_NOUN,1527
QUESTION_NOUN,22852
Qianxun,1756
Quasi_ADJ,20929
Quora,1788
Quentin,51059
Question_VERB,51593
Qingwan,5427
Q.5_NUM,2634
QALYs,2260
Qua_NOUN,1609
Quek_NOUN,1342
Qixuan_NOUN,1040
Qirui_NOUN,1142
Quiver,1160
Qs._NOUN,20162
Queuing,2338
Qingfei_NOUN,2267
Quits,1273
QUICK_NOUN,5009
Queene,11088
Qingxiao,4198
Quirk_NOUN,9372
Quantico_NOUN,5276
Qingliu,1033
Qin'er,2596
Queenship,1296
Quito,17879
Quicken,1517
Qingluo,4273
QL_NOUN,4464
Qom,1937
QDROs_NOUN,1491
Qa_NOUN,1289
Quijada_NOUN,1034
Querétaro_NOUN,2117
Quli_NOUN,1463
Qe,1054
Quadrant_NOUN,8952
Qinlong,1420
Qiqi,5597
Qiyue_NOUN,5105
Qiuling_NOUN,2388
Quasar_NOUN,2485
Quid,6210
Qadhdhafi_NOUN,1209
QUERY_NOUN,1649
Quinten,1315
Qianxun_NOUN,1754
Qaboos,1704
Qur'an,66186
Quds,2436
Quiggin,1003
Queerness_NOUN,1921
Quonset_NOUN,2441
Quod,6167
QUITE_ADV,2411
Qxx,1546
Quilty_NOUN,1329
Q._.,2029
Q4,10528
Qishan_NOUN,1322
Qiong,12556
Quaestiones,3360
Quanto,1448
QV_NOUN,1216
Quale,1247
Qadri,1671
Qin_NOUN,678615
QWERTY,1119
Qianli_NOUN,1582
Queenston,1754
Quiche_NOUN,2329
QC,28097
Qadir,4082
Quanta,2917
Q.4_NUM,2067
QBO,7423
Quantitative_ADJ,43731
Quinta,3737
Qingyao,1567
Qualifying_NOUN,3117
Quote_NOUN,6386
Quechua_NOUN,6459
Quade,4654
Qingwu_NOUN,2552
Quarles_NOUN,7773
Q1_NOUN,11766
Quesada,6092
Quaderni_X,1350
Quinidine,1112
Quiché,1144
QoL_NOUN,7729
Qianyi,1065
Quantile_NOUN,2204
Questioning,16028
Q3_NUM,5660
Quia,2298
Queenston_NOUN,1747
Queenstown_NOUN,5258
Qichen_NOUN,7021
Qian_NOUN,237124
Quantification_NOUN,15666
Quebecois_NOUN,1392
Qaroon_NOUN,2782
Querying_NOUN,1965
Qiuling,2388
Queghan_NOUN,1146
Queiroz,3266
Qing'er,18326
Quakerism_NOUN,3968
Queerness,1928
Qoheleth,4691
QSEN_NOUN,1184
Quintanilla,1774
Quat_NOUN,1675
Quinoa,8138
Québec,22379
Qing,396515
Quartet,17361
Quong_NOUN,1576
Qp,1846
QUINN,1186
Qingmo_NOUN,1165
QDA,1601
Quadrangle,3269
QGIS_NOUN,2473
Qingzhou_NOUN,16524
Quae,2104
Quagmire,1004
QY_NOUN,1964
QX,1171
Qoh,2523
Quack_X,1908
Qinlong_NOUN,1420
Q5,4494
QPU,1515
Qazi_NOUN,2442
Qianya_NOUN,1935
Quesnay_NOUN,3204
Qitian,16300
Qianqiu_NOUN,5642
Quar,1040
QUE,1165
QUICK_ADJ,3957
Q.E.D._NOUN,1937
Qaradawi_NOUN,1075
Qinglian_NOUN,3023
QUE_NOUN,1035
Quinze,1461
Quigg_NOUN,1169
Quantum,89304
QUALITY_NOUN,12141
Quanta_NOUN,2825
QUD,1360
Qianyu_NOUN,29732
Quenching,2123
QGIS,2541
Q8h,1781
Qingxu_NOUN,2824
Qing_VERB,3998
QKD_NOUN,2183
Qianhai,1115
Qadeer,1014
Q.H._NOUN,1164
Queiroz_NOUN,3219
QUALITIES_NOUN,1407
Quatermain,1204
Quail,5288
Quillian_NOUN,1191
Qom_NOUN,1795
Qianyao_NOUN,2224
Quam,1907
Quiroz,1873
QCL_NOUN,1100
Quilts,1901
Q10_NOUN,3627
Qianfan,1877
Quark_NOUN,2132
Quit_VERB,21754
Qingge_NOUN,1909
Q.9,1751
Qur_NOUN,2058
Quesnel,2123
Quartz,12323
Quintessence,3213
QUIZ,3743
Queso_NOUN,1026
Quijano,4240
Quaternary_NOUN,10993
Qingyun_NOUN,14078
Q1_ADJ,1729
Quod_NOUN,1991
Qinan_NOUN,7423
Qin,678836
Qld_NOUN,4270
Questioning_NOUN,2226
Quote,16735
Qatari_NOUN,5297
Quitting,3362
Quiet_ADJ,46303
Quarrel_NOUN,2723
Qualitatively,1969
Quijano_NOUN,4204
Qilian,1037
QDRO_NOUN,7095
Quiñones_NOUN,2006
Qis_NOUN,1253
Q.1,1768
Qun,4374
Qualified_VERB,17700
QI,10863
Quodlibet,1239
QRS,25681
Query,28411
Quaid,2830
Quadrupole,1032
Qianlin_NOUN,1263
Quantifiers_NOUN,1424
Qian'Er,2254
Quik_NOUN,1925
Quechua,6527
Qingxue,6947
Quizzes_NOUN,1070
Qiushui_NOUN,2435
Química_NOUN,1341
Quit,21755
Q.E.D.,1949
Qala_NOUN,2880
QUEST_NOUN,3125
Qingzhang,3561
Questioning_VERB,12888
Quake,3014
Quetelet,2446
Questionnaire,41112
Qingxi,1835
QBD,1808
Quantifier,1147