quite,3663903
quiz_VERB,3960
quintuple,1323
quizzed_VERB,7489
quickness,18858
quantifiable,18235
quietude,7737
questioned_VERB,300988
queasiness_NOUN,2653
qT,1374
qiej,2281
quiz_NOUN,28566
quinine,12037
qilin_NOUN,3071
quesadilla,1070
quackery_NOUN,3026
quay_NOUN,28493
quelques_X,5454
qiyās_NOUN,1013
quires_NOUN,1520
quaking,12481
queer_VERB,8336
quizzing_VERB,3655
quartering_NOUN,1474
qv,1314
quaestor_NOUN,2743
quadroon,1679
quantifiers_NOUN,12322
quadruplets,1037
q.v._NOUN,8658
quartering,4745
quickening_ADJ,1572
quintet,3542
quenching_NOUN,8734
quién_X,1825
quaternions,2105
quilt_NOUN,55750
queued_VERB,5753
quad,17833
q2_NUM,7353
quashing,2489
qualifying_VERB,34725
quale_X,3547
quantile_ADJ,4300
questioner,12900
qid,2893
quencher_NOUN,2533
quail_NOUN,16091
quinoline_NOUN,1904
qi,63045
quiero,2739
qualifies_NOUN,1400
quatenus_X,1177
quanta_NOUN,7955
quietly,753650
quien,5912
quadrature,14495
quartiles_NOUN,4829
qiejve,3525
qua_NOUN,18902
quadrupedal_ADJ,1139
quae_ADJ,1122
quarantined,7003
quadrats,1623
quantified_ADJ,2393
quieting_VERB,6759
queued,5837
quibble,7453
quart_NUM,1014
qin,1345
quantified,55031
quilted_VERB,5870
qtd._X,6353
qubit,14251
quantitation,9042
quently_ADV,1687
quorum,23168
queers_NOUN,5543
questione,1187
quatrain_NOUN,4480
quotation,125891
quhilk,1055
quinone_NOUN,4195
quoits,1333
quiet_NOUN,47027
queerly,5820
quality_NOUN,2352628
questionnaires_NOUN,65330
quagmires_NOUN,1580
qm,2126
quibble_NOUN,2610
quarterfinals,1085
quedó_X,1027
quadratically_ADV,1744
quintiles,3658
quaestorship_NOUN,1354
quoins,1007
quasiexperimental,1169
quis_X,11548
quirking,1969
qian,1169
quelle_X,3619
quis_VERB,1974
quotient_NOUN,30038
quota_NOUN,62579
quisque,6140
q2_NOUN,1127
quarries_NOUN,15417
quorum_X,2430
quadrille,4642
qualifying_NOUN,22301
quid_NOUN,2529
quietist_ADJ,1152
quieter_ADV,4562
quelqu'un_X,1377
questionnaire_NOUN,150690
q3_NUM,1055
quietude_NOUN,7508
quarantines_NOUN,1589
quad_ADJ,7668
quarterly_NOUN,1241
questi,1709
quivers,8799
quarto_NOUN,8188
qu'elle,6457
q_ADV,3314
qualifying,59064
quitted_VERB,33567
qi_VERB,8551
quintana_NOUN,1385
quod_ADJ,2435
quinta,1266
quotas,47687
qu'il,21314
quasars_NOUN,2956
quizzical,16372
quaestorship,1366
quaintest_ADJ,1029
quitters,1072
quando,7691
quia,16060
quagmire,9924
q8h_NUM,1449
questioners,2895
quadriceps_VERB,1222
quintal,1616
quintile,9344
quantum_NOUN,354352
quarrelsome,10079
quaintness_NOUN,2785
quantificational_ADJ,2628
quarto,9866
quaternions_NOUN,2053
quitter,3715
quan,2906
quaint_ADJ,67720
qualifying_ADJ,2026
quem,9046
quid_X,10686
quae,22289
quand_X,4550
quirt_NOUN,1626
quisque_X,5912
quota,64059
quas_X,2351
qualifier_NOUN,7314
quarrelling,14654
q13,1035
quantities_NOUN,276300
quartz,60891
quaking_VERB,10352
quarrels_VERB,3561
quartos_NOUN,1523
queerbaiting,1083
quaestio,1124
queuing_VERB,7312
quarks,13859
quorum_NOUN,18901
quantisation,1248
quadrupled_VERB,6985
quickening_NOUN,6925
quamvis,1167
q12h_NOUN,2084
qn,3261
quartermasters_NOUN,1304
quicNly,2227
quintile_ADJ,1383
qPCR_NOUN,8388
quake,16849
qualia,5721
quesadillas_NOUN,1973
quin,1441
quirking_VERB,1797
quadrant,48294
quark_ADJ,6207
qué,16916
quinones,2391
quotations_NOUN,115651
quarters,338059
quadruple_VERB,2661
quantal_ADJ,1575
quadrupedal,1177
quinolone,2838
qRT_NOUN,2736
quidem,5423
quería,1684
quotes_NOUN,81589
qui_NOUN,1153
q1_NUM,4035
queuing,12556
quoted,383892
quarterback,24359
quadrupling_VERB,1053
qu'un_X,3053
qubit_NOUN,11357
qu'en,1913
quadrilateral_ADJ,3548
quinceañera,2517
quoi,5072
quitted,33598
quos,4246
queue,85387
quantitatively_ADV,35805
q4h_NUM,1343
qualité_X,1694
queerest_ADJ,3313
quacks_NOUN,4501
quips,7064
quai_X,1430
quadrivium_NOUN,1023
questioning,274130
quiescent_VERB,1312
qielli_X,4129
qu'à_X,1771
querying_VERB,7303
que_NOUN,14496
qielli,4232
qualitative_ADJ,343961
quire,3879
qubits,10840
quotative,1763
quantizer,1727
quietness_NOUN,17851
quicken,18487
querelle_X,1051
quercetin,9063
quasar,1920
queueing,5857
quiches,1553
queenly,5801
querulously,1915
qual_ADJ,1168
quadruplex_ADJ,1681
quantitative_X,1217
quench,26003
quitclaim,1601
qualify_VERB,135556
quibbling,2955
quartiles,5099
q._NOUN,1345
quicksilver_NOUN,4411
quintals,1768
queda,1656
queried,43244
quadriplegia_NOUN,2010
que_VERB,10502
quartets,4711
quarterly_ADJ,43190
qu'en_X,1672
quickdraws,1208
quartette,1973
quicksand_NOUN,7718
qu'est,1075
quicker_ADJ,80932
queso_X,1036
quagmire_NOUN,9785
quaver_NOUN,3850
quiddity,1676
qigong_ADJ,1350
quiver_ADV,3031
quaternary,14391
queer_ADV,1281
quaint,67726
q21,1024
quaternary_ADJ,12971
quarterly_ADV,7644
qualm,3981
quarter_ADJ,19129
quinidine_NOUN,3793
quis,13719
querer,1004
qtd.,6443
queenside_NOUN,2495
queue_VERB,5680
qu'un,3733
quadrupling,1765
quartered_VERB,22285
quavering_VERB,5696
quietism_NOUN,2416
quasiparticles,1717
quinolones_NOUN,2702
qibla,1039
q12h_NUM,1412
quadrennial_ADJ,1023
quietus,1138
quitting_VERB,37495
quelli_X,1162
quatre_ADJ,1029
queerest,3313
quay,29101
quail,19917
quoniam,2024
quadrupeds,5729
quinone,5031
quern,1280
qualify,135560
quilting_NOUN,7237
quarterfinals_NOUN,1065
q_X,211056
quadrotor_NOUN,1621
quivers_VERB,3225
queries_NOUN,79145
quelque,5868
questionnaires,66711
quasi_ADJ,164004
quasiparticle,2238
quoits_NOUN,1326
quantifier,14044
quantifying,24871
qiellit_X,1973
questionings,3571
quali,2847
quadruple_ADJ,1884
quippe,2291
quirked,17276
questionably_ADV,1704
quits,15874
qué_ADJ,1013
quantificational,2679
qualms_NOUN,19043
quantile,13841
quelqu'un,1578
quarrelsome_ADJ,9787
qualche_X,1395
quickdraws_NOUN,1192
qualité,1828
quartier_NOUN,1077
quadratically,1775
quartet,22545
quantifications_NOUN,1565
quips_NOUN,3588
quirked_VERB,16961
qua_PRT,1225
quondam,3715
queenside,2580
q2_ADJ,2019
quinine_ADJ,1326
quattro,1618
quirkiness,1157
quinto,1085
quella_X,2599
qua_VERB,1687
quiescent_ADJ,9464
quoting_VERB,86776
qualified,323893
quaternary_NOUN,1309
quadrangles,1474
quattro_X,1277
quip_NOUN,7739
q6h_NUM,1607
quaternion_NOUN,3606
quiet_VERB,31304
qualities_NOUN,479952
quartered_NOUN,1009
quickening,18318
q_VERB,85792
quantitatively,36204
quaedam,1995
quartering_VERB,3132
quads_NOUN,5277
qe,1864
queenly_ADV,1186
quadruplex,2265
quip_VERB,1585
quarks_VERB,1401
querulously_ADV,1911
qm_NOUN,1176
queered,1585
quibbles,2044
quip,9433
queueing_VERB,5121
quailed,5172
quailed_VERB,5161
quickie_NOUN,4340
quency_NOUN,1012
quivers_NOUN,5574
quart_NOUN,32073
quintal_NOUN,1307
qualification_NOUN,98366
quienes,1947
quick,1091459
quarterbacks,3437
questioning_VERB,165087
querida_NOUN,1996
quickens_VERB,7076
quesadilla_NOUN,1049
quenched,24213
qn_NOUN,1135
quadruplets_NOUN,1015
quieten_VERB,3680
quadrupoles_NOUN,1088
qu'une,2943
quilts,15671
quill_NOUN,16966
qtd_VERB,1741
quali_X,1934
quiescent_NOUN,3501
quantify_VERB,76480
qiej_X,2274
qs_NOUN,1750
quarrel_NOUN,86220
quidam_X,1549
quell_VERB,25049
quivered_VERB,47020
queer,243611
quiz,35164
quenching,25016
qualitatively,42235
quinces_NOUN,1990
quickest,23286
quipped,24536
quietism,2422
quadrangles_NOUN,1435
quotas_NOUN,47678
quarterly,52088
quintet_NOUN,3381
quenching_ADJ,1571
quantitative_NOUN,1478
querent,1480
quaff_VERB,1405
quadcopter_NOUN,1462
qualitative,361863
quixotic,6868
quoniam_X,1803
quadrangular_ADJ,1621
quidam,1980
quadrupole_ADJ,7903
quelques,7287
q4_ADJ,1216
qua,42367
quarts_NOUN,17795
quarante,1138
quitters_NOUN,1011
quietened_VERB,6479
qu'on_X,6873
qi_NOUN,31083
qa,2067
quadriplegia,2056
quod_X,37168
querida,2586
quads,5415
quibusdam,1039
quadrangle,9555
quartermaster_NOUN,10291
questionnaire,150716
quilted,8884
quadrilles_NOUN,1117
quatre_X,3743
quoth_ADJ,1126
quid_ADJ,17390
quizzes_VERB,8977
quartile_NOUN,10720
qi_ADJ,5941
quickness_NOUN,16728
qd_VERB,1298
quel_X,4662
queering,4228
quit_VERB,235077
quadrants,16358
quirks_VERB,1482
q.v.,9798
quaintly_ADV,6097
quelled,10598
quarks_NOUN,12374
questioned,300993
queered_VERB,1415
qortoi_X,1245
quelli,1273
q8h_NOUN,1159
quarterings_NOUN,1030
quits_VERB,14546
qc,2281
quavers,1354
quasiexperimental_ADJ,1070
quantize,1102
quadrotor,1677
quote,222961
queue_ADJ,2059
quartet_NOUN,22213
qq,2175
quiver_VERB,11278
quam,26742
quilt_VERB,1361
quadruped,5339
quarreling,10599
qu'elles,1537
quicker_ADV,16652
qytet_X,4670
quietist,1527
quicker,97590
qui_X,119658
q1,5857
quieter,49793
querying,11467
quibus_X,6951
querulous_ADJ,6962
quenches_VERB,2305
qs,3216
qid_VERB,1018
queasy,14363
quintessence,7930
quick_NOUN,4564
qué_X,14353
quarterdeck_NOUN,4407
quotable,1966
queda_X,1486
quai,3172
qyteti,1414
que_X,357708
quack,11122
quark_NOUN,8594
quatrains,2906
queerer_ADJ,1568
quartette_NOUN,1962
quayside_NOUN,4222
querying_NOUN,4080
qp,1557
quacking,1881
qui_ADJ,1895
queen,422957
quadrille_NOUN,4317
q0_NUM,2393
quandaries,3038
quant_NOUN,1645
quadruples,1024
quarrel,116387
quivering_VERB,72559
quintile_NOUN,6612
quo,144466
quello,3199
quicksands_NOUN,1775
quem_X,8150
quill_ADJ,1939
quae_X,19540
quiet_ADJ,1153694
quiescent,15777
qt,6208
quantitate_VERB,1727
quant,4391
q_PRT,4389
quintals_NOUN,1732
quire_NOUN,3340
qtd_NOUN,2941
quite_ADJ,14501
quakes_NOUN,3823
qiejve_NOUN,1135
quinoa,22968
qualitatively_ADV,41761
quips_VERB,3461
quadrilaterals_NOUN,1914
quest,217002
quinolones,2847
questioners_NOUN,2881
quiescence_NOUN,7290
quail_ADJ,1538
quenched_ADJ,1517
quarantine,30582
quai_VERB,1162
quarrelled,16575
quarterings,1036
quaedam_X,1756
quarreled,10471
quadrate,3089
quantifier_ADJ,5682
quare,2417
query,177916
quiets_VERB,3139
quote_ADJ,2530
quasi,164020
quarry_NOUN,51353
që_ADV,1379
quadratures,1446
qualified_VERB,302573
quartered,24522
quinones_NOUN,2311
quale_NOUN,1408
q_ADJ,39436
quadratic_ADJ,65188
quantitated_VERB,1257
quack_NOUN,10553
quests,11746
quotients_NOUN,3915
quadro,1026
quoth_X,3263
quantized_ADJ,6039
queues_NOUN,19337
quartz_NOUN,55291
quirk_NOUN,9315
qù,1078
quadrant_VERB,1092
quajtur,1293
quarters_NOUN,338043
quantized_VERB,4953
questioner_NOUN,12660
quirk,10438
questing,6596
quarreled_VERB,10450
quadrat,1709
questo_X,5582
quas,2658
quadrupole,11393
quart_ADJ,5236
quarantines,1755
quasispecies,1147
qT_NOUN,1107
quarrying_NOUN,4637
q2_X,1327
quaternionic,1240
query_NOUN,150863
queenship,1197
quietest,6981
quadrupolar_ADJ,1053
quartzite_NOUN,3622
queste,1534
quantiles_NOUN,5814
quotative_ADJ,1262
question_ADJ,2369
quickens,7158
quinque,1517
qualitative_X,1145
quarries,16414
q,691400
quotations,115748
quotients,3954
qualifies,35852
quench_NOUN,3969
quadrilateral_NOUN,6031
quello_X,2867
quatuor_X,1245
quoth_ADP,8570
querido,1162
quaked,6776
quelque_X,4114
quoad,1008
quasar_NOUN,1525
quarrelled_VERB,16550
quiches_NOUN,1388
quadratic,65676
queer_PRON,1275
quantity_NOUN,505952
quaestors_NOUN,1749
quotidian,15252
q.,1464
quanto,4755
quid_VERB,1764
quails,4282
quant_X,1842
qipao_NOUN,1895
quagmires,1593
quaff,2092
questing_NOUN,1179
qualifications_NOUN,148933
quadrilateral,9824
quarterdeck,4522
quadrupoles,1174
quacking_VERB,1368
quarrel_VERB,30164
quantitate,1951
quashed,9607
queens_NOUN,45769
quadrat_NOUN,1504
qu'une_X,2401
quench_ADJ,1209
quadrilles,1171
quod_VERB,4593
qigong,3659
qoftë_X,9332
qiyās,1192
quizzes,15085
questo,6258
quando_X,6663
quia_X,14231
quelled_VERB,10549
qualcosa,1243
qtd,5274
quantity_ADJ,3966
quo_NOUN,118734
q24h,1321
quicNly_ADV,1528
quantifiable_ADJ,17873
quavered_VERB,5440
qualification,99695
quaintly,6310
quarantine_VERB,2733
quiet,1232122
queasiness,2672
quadripartite,1343
quintessential,23475
quilting_VERB,1181
qubit_ADJ,2568
question,4462263
q_CONJ,17544
qualitative_VERB,9880
quart,39107
quantiles,6135
quarried,5781
quantization,20956
quoth_NOUN,10927
quartile,13457
quhej,2250
quatenus,1418
questioning_NOUN,94097
quantum,354389
quare_ADJ,1053
queer_ADJ,216118
quantization_NOUN,20491
quarrels_NOUN,32975
quadruple,11083
qualms_VERB,1382
quanta,8816
quickly_ADV,2796965
quilt_ADJ,1406
quantitative_VERB,8589
qualche,1696
quirt,1626
quickly,2797089
questi_X,1575
qualifications,148943
quondam_X,1240
quinceañera_NOUN,1611
qualifiers_NOUN,5630
questa,4133
quinidine,4158
quelling,5416
quarried_VERB,5040
quam_X,25060
ques,2707
quandary,13187
quackery,3026
qual,3931
quibble_VERB,4058
quintessentially_ADV,8008
q_NOUN,296455
qu'ils,4888
quiz_X,2094
quadratures_NOUN,1387
quivering,72567
questioningly_ADV,13419
quieting,7663
qui_VERB,5505
quests_NOUN,11518
quoque_X,4503
quality,2536605
quenched_VERB,22274
quays_NOUN,7570
questions_VERB,22700
q_NUM,16572
quays,7621
quark,16300
quetiapine_NOUN,3366
queerness_NOUN,12524
quercetin_NOUN,6924
quod_NOUN,1483
qualified_ADJ,21269
q6,1417
quicklime,2604
quasispecies_NOUN,1056
quizzing,5011
quadrants_NOUN,16043
quirks_NOUN,11433
quae_NOUN,1006
query_VERB,15194
quill,19193
quantified_VERB,52629
quaternion,3815
quantal,1683
quở,1169
quite_ADV,3608131
que,472525
quadrats_NOUN,1553
quiere,3053
quam_NOUN,1121
quoque,5607
quartic,2277
quot,1190
quartos,1557
qualifiers,5998
quaffed_VERB,2466
quetiapine,4041
qd_NOUN,1154
quavers_NOUN,1130
qi_X,15437
q3,2024
questionings_NOUN,3563
quanto_X,4069
quadrature_ADJ,4308
quarantining,1165
quarrying,8268
questions_NOUN,2935668
quench_VERB,20509
quadrupled,7113
questionnaires_VERB,1090
quaintest,1030
q8h,4773
quantile_NOUN,8710
quid,32590
questing_VERB,4189
quantized,10996
qadi,1624
qing,2403
questioningly,13422
quitting_ADJ,1160
quieted_VERB,34114
quadrangular_NOUN,2178
quinze,1074
quirk_VERB,1027
queries,92484
quondam_NOUN,2273
quantifier_NOUN,7903
quadriceps_NOUN,8747
quan_X,1055
quartets_NOUN,4565
quota_ADJ,1476
quilters_NOUN,1153
quadrupolar,1358
question_NOUN,4176083
queerer,1570
quivered,47077
quarrelling_NOUN,2060
q12h,4960
quoi_X,4901
quở_X,1166
quo_X,25721
query_ADV,5149
queasy_ADV,1978
quaffed,2486
quantifications,1579
quenches,2430
qu'elles_X,1286
quedó,1097
quantitated,1283
quadrupeds_NOUN,5614
quoins_NOUN,1002
q2,11980
quiero_X,2190
quarto_X,1397
qualifies_VERB,34414
quince_NOUN,5288
quick_ADV,45651
quails_NOUN,4166
quantify,77142
quarrying_VERB,3362
quizzical_ADJ,16222
quickness_ADJ,1600
queers,6055
quantification_NOUN,67874
querent_NOUN,1459
quasiparticle_ADJ,1323
qr_NOUN,1162
quadrature_NOUN,9535
quería_X,1444
quarrelling_VERB,12541
quizzically,14165
quicksilver_ADJ,1172
quietus_NOUN,1033
quires,1973
quién,2505
quaestor,3253
queerness,12844
queenship_NOUN,1128
quilting,8590
quickening_VERB,9820
q0,3392
quotidian_ADJ,13739
qk,1900
qx,1178
qigong_NOUN,1329
quartered_ADJ,1213
quiddity_NOUN,1672
qu'il_X,20073
quashing_VERB,2026
quibus,7100
quibbles_NOUN,1806
quaternionic_ADJ,1210
quiets,3551
quenching_VERB,14649
quaintness,2839
queso,2759
quibbling_VERB,2395
queens_VERB,1856
quicksilver,7279
quoth,26124
questions,2958762
questa_X,3432
quartic_ADJ,2168
quidem_X,5074
qilin,3543
quote_VERB,109905
queen_NOUN,422905
quiescence,7448
quieten,3724
qual_X,1836
quickened_ADJ,1221
quinine_NOUN,9484
quella,3316
quotable_ADJ,1965
quantities,276314
quesadillas,2085
quiche,5135
quintana,1471
quick_ADJ,1041198
quash,8619
quasiparticles_NOUN,1702
quietest_ADJ,6915
quavering_NOUN,1009
quodam,1015
qortoi,1555
qualia_NOUN,4347
quelling_VERB,4722
quills,11000
quest_NOUN,216957
qualm_NOUN,3902
qubits_NOUN,10696
quale,5357
quotes,136537
quencher,2725
quotation_NOUN,125726
qRT,2768
quavered,5695
quarantine_NOUN,27182
quadrangle_NOUN,9120
quia_NOUN,1066
quartz_ADJ,4686
quatrain,4762
quantification,68344
qytetin,1203
quent,1097
qui,128581
quently,1861
quizzically_ADV,14160
queens,47947
quinoa_NOUN,22016
quieres,1292
quadrennial,1079
quotidian_NOUN,1390
quirkiness_NOUN,1131
quadtree,1282
qd,3717
quadriplegic_ADJ,1351
queer_X,1213
quantitative,358574
quatrains_NOUN,2867
querelle,1466
quetzal,1662
quantifiers,12626
qr,2913
qualms,20432
quantizer_NOUN,1699
queering_NOUN,1359
q_ADP,13056
quiver,52049
questing_ADJ,1227
qPCR,8638
quicksilver_ADV,1035
quartile_ADJ,1960
quadriceps,10479
queer_CONJ,3020
quadrupole_NOUN,3161
quasars,3036
quomodo,1257
qua_ADJ,1314
question_VERB,283579
quatre,5383
quel,5951
quicklime_NOUN,2527
quienes_X,1101
quicksand,9957
quieter_ADJ,35802
queries_VERB,13131
qu'à,1938
qiejve_X,1763
questionable,103704
quizzed,7509
quantity,509944
quarantined_VERB,6829
quoted_VERB,383825
quadrillion,1645
quirky_ADJ,16362
querulous,6989
quieter_NOUN,8209
queue_NOUN,76578
queering_VERB,2580
quadriplegic,1839
quietly_ADV,753608
ques_NOUN,2591
quilters,1224
qualitative_NOUN,6627
que_ADJ,89043
quizzing_NOUN,1309
qualifier,7802
queso_NOUN,1638
quit,235098
quakes,4255
quaked_VERB,6774
quarterback_NOUN,24126
quatuor,1690
quake_NOUN,16091
qu'elle_X,6298
quirky_ADV,3834
quos_X,3222
quickest_ADJ,23286
quark_VERB,1166
qipao,2091
quantitative_ADJ,346767
quadroon_NOUN,1579
queerly_ADV,4870
queuing_NOUN,5114
quarter_NOUN,514164
quilted_ADJ,2812
quickened,53159
quasistatic_ADJ,1930
quartzite,4126
quail_VERB,1842
quinolines,1060
qua_X,18777
quasilinear,1605
quarts,18268
quadrate_NOUN,2178
queer_NOUN,10998
quilts_NOUN,14968
quadripartite_ADJ,1001
quell,26007
qyteti_X,1403
quarter,533329
quarry,51354
quotient,30517
quash_VERB,8063
quelque_NOUN,1119
queenly_ADJ,4601
qu'il_VERB,1022
qëndrojë,1176
quarterbacks_NOUN,3283
quote_NOUN,110410
quantifies,8718
quantifying_VERB,24376
qualities,479992
queues,19992
quinque_X,1011
quippe_X,2028
quadrilaterals,2009
questionably,1786
quietness,18416
quadruped_NOUN,4232
quantitation_NOUN,8999
quirky,20868
queasy_ADJ,9554
quirks,12920
quipped_VERB,24126
quitter_NOUN,3307
quency,1155
quilt,58657
qu'on,7339
qu,8032
quien_X,4705
quod,46183
q4,1794
quadratus,2418
q8h_ADJ,1224
quartier,1875
quashed_VERB,9551
quicksands,1819
quixotic_ADJ,6851
quadrant_ADJ,2595
quadruple_NOUN,5799
quæ_X,2928
quinces,2112
quite_DET,41116
quarrymen,1080
quadrivium,1090
q6h,3369
quan_ADJ,1345
qf,1173
quaffing,1422
quicken_VERB,17775
quaestors,1765
questioning_ADJ,14917
quintiles_NOUN,3111
quintessence_NOUN,7781
query_ADJ,6209
qt_NOUN,4772
qj,1560
quartermaster,11365
quintessential_ADJ,23097
quiver_NOUN,36688
quills_NOUN,10093
quotes_VERB,54887
quarrels,36542
quantisation_NOUN,1215
quandaries_NOUN,3014
qëndrojë_X,1068
queasy_NOUN,2518
quieted,34115
quintessentially,9053
queste_X,1234
quadrivalent,1157
quacks,4834
q12h_ADJ,1013
q_PRON,3339
quelle,4280
qu_X,6462
quasistatic,1949
quadrant_NOUN,44335
quizzes_NOUN,6092
quaver,4481
quinolone_NOUN,2516
quaking_NOUN,1723
quinoline,3051
quæ,3242
quieren,1043
q12,1427
quality_ADJ,183678
questionable_ADJ,103699
quaffing_VERB,1228
quiche_NOUN,4260
quiere_X,2233
quarreling_VERB,10599
quoting,86777
quitclaim_ADJ,1383
quantifies_VERB,8355
queried_VERB,42838
quayside,4941
quorum_ADJ,1533
quandary_NOUN,12849
q4h,1943
quadcopter,1623
qu'ils_X,4367
quad_NOUN,8938
quand,6473
quelques_NOUN,1667
quomodo_X,1070
quavering,6727
quadrangular,3940
quince,5955
quickie,4360
quietened,6520
quits_NOUN,1304
qΣ,1035
quartermasters,1319
quickened_VERB,51885
quitting,39655
qoftë,9367
quhej_X,2239
quarrymen_NOUN,1072