unselfconsciously_ADV,1247
unsociable,3624
unshaven,10651
undefinable,3732
upwind_ADJ,2888
unforgiveness,4220
upholstered,13354
utca_NOUN,2214
urolithiasis,2211
uzdravoval_ADJ,1149
understanding_ADJ,24450
unfailing,20044
ureteroscope_NOUN,1484
unwelcome_ADJ,52274
uh_X,87959
upstairs_ADV,154625
unmarried,69391
urbe,1647
utopian,63467
uplink,12024
unease,50066
unenthusiastically_ADV,1266
unchanging,33088
unclosed_VERB,1710
unofficially,8578
urdhër,1159
ummm,1384
unrighteous_ADJ,10531
unspeakably,8741
unfounded_ADJ,26808
ukiyo,1070
unceasing_ADJ,14994
usury_NOUN,13539
uncongenial_ADJ,4746
unify,25814
unrelentingly,2038
untrusted,3633
unconscionable_ADJ,11878
unionists_NOUN,14349
uncannily_ADV,6110
unusually,116226
uncovering,30478
unproved_ADJ,1467
uneasiness,53933
ureteral_NOUN,3624
urological_ADJ,2851
ujrzawszy_NOUN,1179
undervalue,4938
unionised_ADJ,1214
unseeingly,1547
uzřel_X,2502
učedlníci,12528
ulica,1159
underuse_NOUN,1485
unexcavated_ADJ,1015
uh_ADJ,1346
unfriended,1150
unrelenting_ADJ,26189
url_NOUN,6007
upperclass,1768
unobserved,25941
unloaded,34814
ultrasonography_NOUN,16078
uncial,1298
unverifiable,3011
upmost_ADJ,1200
ultrathin_NOUN,2063
untimely,31714
ukrzyżowali,1733
unrhymed_ADJ,1019
unhooked_VERB,10703
unsociable_ADJ,3622
unconverted_ADJ,3196
unwelcome,52277
unscathed,24802
uncoupling_NOUN,3486
unsuspicious_ADJ,3829
uncommon_ADJ,162183
unmistakably_ADJ,8868
upturn_NOUN,3837
undisciplined_ADJ,10492
unveils,5968
unconstitutionally_ADV,3830
untidy_ADJ,18920
urbanists_NOUN,1158
unheated,4037
unchristian_ADJ,4028
ujźrzycie_X,1519
unglamorous,1918
unreimbursed,1198
underestimating,12494
unjustifiably,3690
ulcerate,1082
unreal,46099
unanswerable_ADJ,10446
unprecedentedly_ADV,2291
unwed,6265
upcoming,102405
unscrew_VERB,2816
uf,1546
unmarred_ADJ,1051
universally,121161
uplifted,25949
urology,3996
unfelt_ADJ,2602
untried,9666
undersea,6462
unaddressed,7497
use_NOUN,5855895
unstrung,3343
uselessly_ADV,10929
union,594082
unappetizing,2020
undress_NOUN,9127
unfit_NOUN,2952
unwilling,192506
unidirectional,20816
unabridged_ADJ,2955
unzips_VERB,2067
undetected_ADJ,13758
usefully,29336
unrepentant,9937
uncommunicative_ADJ,3092
unrecorded_ADJ,6824
unbaked_ADJ,1508
unjust,127177
unclipped_VERB,4143
ureter_NOUN,16086
unbridled_ADJ,21062
underwood_NOUN,3419
unworn,1369
ubiquitination_NOUN,4333
uncivilized_ADJ,11755
understatement,28858
unset,1568
uprooted,19368
unconcerned_ADJ,27571
upland_ADV,1571
username_NOUN,19682
underappreciated,6765
uzdrowił_X,2089
unintended,63625
unaffiliated_ADJ,6643
unspoken_VERB,4509
unmissable,2086
unlocked_VERB,83058
undertake_VERB,195334
upper_ADV,47917
unter_ADP,3474
undescended_ADJ,1658
unsupported,18996
un_X,264841
unwashed_VERB,2205
urbem,1104
unfaithful,26837
unidad,2059
usable_NOUN,1897
unobservant,2074
unloved,9690
uncrowned_ADJ,1419
unscriptural,1474
untimely_ADV,3537
uschłą,1040
uomo,3424
unexpected_ADJ,404930
uncemented,1030
uncertainly_ADV,21889
unicellular_ADJ,8947
unplugged,6532
unenthusiastic,3597
unscientific_ADJ,11805
unaffiliated,6646
upgrade_ADJ,1594
unprotected_ADJ,34994
unworthy_ADJ,75284
updated,230803
undressed_VERB,32738
unconscionably_ADV,1046
useful_ADJ,1502522
unrepaired_ADJ,1808
uninformed_ADJ,14430
untroubled_ADJ,11291
upped,8782
universalist_ADJ,5220
unresponsiveness_NOUN,3369
undertaken_VERB,268808
uomini,1598
unprecedentedly,2893
unguarded_VERB,1096
unrepresentable,1828
unsheathed_VERB,6824
ureteral_ADJ,8716
unedifying,1287
undiluted_VERB,2389
unlikeliest_ADJ,1017
underwear_NOUN,102928
uzdrawiał_NOUN,1030
unrecorded,9730
uno_X,12876
unassimilable,1491
unmanly_ADJ,6370
ungodly_ADJ,23186
unleavened_ADJ,7708
uu_X,2134
ute,6415
undermining_NOUN,7339
using,6076560
undercarriage,5087
unquote,1277
unfertilized,2263
undisturbed_VERB,8244
ungulates_NOUN,4886
underscore_VERB,38635
undress_VERB,18951
unimpeded_ADJ,1803
upturned_ADJ,23274
unbelievably,18843
undertow,4399
unreformed_ADJ,1968
unhindered_VERB,2403
underway_ADJ,28532
ultrasounds_NOUN,2785
undergrad_NOUN,4518
ubiquitously_ADV,4621
up_ADP,2769726
unravelled_VERB,5577
ummah_NOUN,2547
unseemly,17859
unloaded_VERB,27105
unipolar,10884
urokinase,2128
urea_NOUN,41835
unprovoked_ADJ,8206
unlearning_VERB,1464
unadulterated_ADJ,10405
unlock_ADV,1127
unfired_ADJ,1183
unveil_VERB,12252
unwritten_ADJ,28863
unfit_PRON,2866
untoward_ADJ,13916
unearth_ADJ,3845
uncared_VERB,2219
unsecure,1073
unexceptional_ADJ,3748
underrated_ADJ,4933
unlatched_ADJ,1700
undeserving_ADJ,5485
updrafts_NOUN,1177
unfed_ADJ,1353
urn_NOUN,25976
untie_ADJ,1903
uschło,1037
unpardonable,9854
undercutting_VERB,5975
unsweetened_ADJ,6685
unplug_VERB,3720
unwelcomed,1995
unresectable,5727
usitatissimum,1093
underdogs_NOUN,3086
uplands_NOUN,11435
uplifting_ADJ,7516
unscheduled,9713
us.macmillan.com,2277
undiluted,6841
utopic,2155
ubogim_NOUN,1616
uncertainty_NOUN,506138
unhygienic_ADJ,3510
unity,442482
upwind,6366
utilities_NOUN,104956
uptown,10882
unpack_VERB,21520
unsurprised_VERB,3195
underlaid,1023
unam_X,1061
union_ADJ,17922
unthreatening_ADJ,2623
us.macmillan.com_NOUN,2165
unappeasable_ADJ,1098
uε,1261
unas_NOUN,1288
unashamed,5615
understandings_NOUN,143060
unflinching,12244
und_,1410
utm_campaign,1962
unevenly_ADV,18377
unimodal_ADJ,6032
undulations_NOUN,10288
uncanny,61036
ultrafast_ADJ,4242
ushered_VERB,79199
undergirds_VERB,4999
untrammeled_ADJ,2900
unpleasing_ADJ,3736
unintelligibility,1615
underdog,9306
usque,4659
undertones_NOUN,9499
uninvited,17784
unhesitating,2421
untenable_ADJ,28185
untrained,24668
unswerving_ADJ,6638
unfitness_NOUN,4761
unreceptive_ADJ,1856
uncorrected_ADJ,5718
unbelievable_ADJ,56432
usable_VERB,1032
uiteindelik,1009
uncorrelated_ADJ,11291
uc,2686
unpromising_ADJ,6280
undergarments_NOUN,9503
unimpressive_ADJ,4749
uncomplaining,3119
unpack,31151
unter,9402
urbanites_NOUN,4869
urinal_ADJ,1222
uncorking,1042
unstudied,3124
u0_ADJ,2083
unfunny_ADJ,1162
uri_NOUN,1049
undefeatable,1516
unreasoned,2042
undertakings,48691
unhelpful,25655
uczniom_ADJ,1138
unreliability,10245
unwaxed,1482
unreleased_ADJ,2133
uncoated,5436
undignified_ADJ,9636
undemonstrative,1905
unbeliever_NOUN,7417
unalloyed,5848
uptown_ADJ,4211
untarnished,3166
unwashed_NOUN,1097
unceremonious,3457
umbrella,133887
urethroplasty_NOUN,1724
unseat_VERB,4240
upside_NOUN,14390
unceasing_VERB,1430
unjustified_ADJ,22063
unromantic,4045
upgrades,21588
unlock_VERB,52170
undernutrition,5795
unfixed_ADJ,3558
unitless,1470
undercoat,1408
unresolvable_ADJ,2904
unblemished,10607
unchained_VERB,1508
ungodly,23611
undergirding_ADJ,1031
underwritten,7470
undressed_ADJ,3081
universitet_NOUN,1286
urography,1394
uk_NOUN,7142
unfeminine,2282
unarguable_ADJ,1003
uller,2500
undivided,28190
unphysical,1716
unmarred,2082
une_ADJ,35604
unstructured,37478
upwelling,7803
unheated_ADJ,3259
urologists,1724
underpins_VERB,18854
unserer,2157
ungulate,2738
unpicking_VERB,1126
univariate,15796
unseeing_ADJ,6516
uppermost_VERB,1171
underpinning,44628
unsaturated,35890
unconcern,6287
unhurt,10309
unsorted_ADJ,1615
unshackled_VERB,1754
uncompromisingly_ADV,3539
unsettling_ADJ,47839
unquestioningly,4660
unsupervised_VERB,3740
uncouple_VERB,1385
upbringing,58237
undermines,44812
underpinned,35192
unallocated,2104
uncombed,2706
undigested_ADJ,4463
unfurls,2336
upwardly,6676
unconfined_ADJ,6053
underactive,1032
unhealthily,1196
undertaken,268826
useable,6355
unpacked_VERB,20204
uppity_NOUN,1314
unintelligibly,1296
unscrew,2947
upbringing_NOUN,46978
undressed,35822
unknotted,1221
uncomfortably,50558
untethered,5893
undated_ADJ,17708
uterus_NOUN,64296
unswervingly,1818
ująwszy,1502
upp,1679
unassisted_VERB,2280
underlined_VERB,48957
unsparing,4648
unities,7650
unfurl_VERB,3701
underrepresentation,5478
unostentatious_ADJ,2141
underbrush,14584
unsaid,16741
untruthful,4723
unbuttoning,9223
unfair_ADJ,175331
unclaimed_ADJ,6162
unsolvable_ADJ,5353
unripe,7297
unconfined,6428
ult_CONJ,1447
ulcerated_ADJ,3436
upbraiding_VERB,2467
understandable,112188
upcoming_ADJ,45486
undersection,1305
unperturbed_ADJ,11022
undeserving_NOUN,2455
updraft,2152
unalienable,3588
underperforming,5661
urbane_ADJ,5007
unfold_VERB,68577
understating,2400
ua_NOUN,5773
unachievable,4187
unslung_VERB,1031
undergo,179965
unlocked_ADJ,17084
uncaring_ADJ,8352
urinating,5508
unsinkable_ADJ,1296
ust_NOUN,2466
unaltered_VERB,1116
uit_X,13786
unclasping_VERB,1268
underthings,1366
unfreeze,1305
undefiled_ADJ,3025
unsuspectingly,1238
unmyelinated,2428
unsupervised,35344
unvisited,2920
undutiful,1551
unrealistic,65377
unobstructed_ADJ,11074
unclosed_ADJ,1049
ureteroscopy,2103
untruthful_ADJ,4721
us.macmillanusa.com_NOUN,1034
unpick_VERB,2904
unspotted_ADJ,1510
unfreedom,3284
une_NOUN,1153
unfitting,2549
underscore,38639
unvaccinated_ADJ,1783
unmasked_VERB,5390
understandability,2454
upperparts,6552
unblushingly_ADV,1349
underestimating_VERB,11967
uncharacteristic_ADJ,12472
unsure_VERB,1206
undermine_VERB,144107
unsuitability,2901
unfavorably_ADV,5854
unbidden,12538
untraceable_ADJ,5160
unsold,9051
uncontested,11827
undisturbed_ADJ,45908
ubi,6822
uninfected,7193
unfeeling,12790
uninhabitable_ADJ,7478
uttering_NOUN,1158
unemotionally_ADV,1048
unpalatable,10822
undying,16795
untuk_X,2953
unearthly_ADV,2937
uninhibited,11548
unresisting_ADJ,2867
untidily_ADV,1427
unencumbered,12123
uplands,11654
unenlightened_ADJ,4730
unexpressed,6598
unwashed,13996
unuttered_ADJ,1286
unjustifiably_ADV,3566
unorthodox,21733
upload,31602
unreason_NOUN,3598
unrefined,6653
unpopular,46877
upswept,1191
underlain,3399
unlovable,4857
unwelcoming_ADJ,3108
upregulates,2936
unengaged_ADJ,1541
unalterable_ADJ,11165
unready_ADJ,2643
umpire_ADP,1084
ut_NOUN,10318
unmarried_VERB,9724
unlooked_ADJ,5397
unsealed_VERB,2663
unsparingly,1657
unmediated,10422
untold,28570
unrepresentable_ADJ,1806
unfocused_VERB,1357
ums,1156
unmolested_VERB,2916
unembarrassed,2679
unreconciled,2830
utter,222971
uncountable_ADJ,8039
ubuntu_NOUN,2382
uprooting_VERB,5404
unclean,60957
ug_ADJ,2355
unincorporated_ADJ,8625
unabated_VERB,1414
used_ADJ,78524
utricle,1826
underreporting,4417
ungainly,11147
unharnessed_VERB,1175
uncaring_VERB,3132
unus_X,1469
undersurface_NOUN,2536
uremia_NOUN,3606
upholders,2235
undercover_ADJ,29530
unhealthy_ADJ,82709
unctuous_ADJ,4705
untranslated_ADJ,5093
uso_X,5907
unimodal,6279
underworld_ADJ,7868
umbilical_ADJ,33783
uncrossed_VERB,4498
unreligious,1030
untainted,8597
unworldly,4189
unifying,50170
urban_NOUN,3006
unidentifiable_ADJ,6661
undetected,23825
unqualifiedly,1132
unify_ADJ,2622
uncharitable,5494
unassuming_ADJ,17465
upset_VERB,257952
unanswered,44556
unsurprisingly_ADV,17684
unfounded,27019
underlines_VERB,31147
unraveled_VERB,9913
underground,255928
unkindly,10578
untreated_ADJ,55151
urogenital_ADJ,5220
urticarial,2322
unnerves,1214
unclench_VERB,2199
ultrasonically,1473
urns,10684
unhealthiness,1065
unsettlement,1024
universitet,1576
uninterested,19976
unkind_ADJ,37479
underestimation,10113
unhesitatingly,10483
unpinned,1950
unembarrassed_ADJ,2638
upflow_ADJ,1287
uneasily,44787
utopic_ADJ,2142
untraditional,1290
uppermost_NOUN,1440
unflinchingly,5191
uncensored,3834
upholstery,13136
unamiable,1477
urination_NOUN,11178
unilateralism_NOUN,2802
unmistakeable,3802
unmarked_VERB,5296
ui,12604
unsatisfied,23699
urged,286650
unrewarded_ADJ,2986
usurers_NOUN,2779
unsupported_VERB,1569
unbearably_ADJ,2048
unsentimental_ADJ,3181
unreadable_ADJ,20772
unskilful_ADJ,2575
upsetting_ADJ,7250
unfamiliarity_NOUN,7696
undercut_ADJ,10402
uplifts_VERB,1872
utopianism_NOUN,7049
uranyl_NOUN,2252
unrepeatable,2556
understandings,143204
unrealistic_ADJ,65372
useful,1502675
underreport_VERB,1092
uploading_VERB,13389
undoubted_ADJ,17014
unglazed,2210
utilisation,25720
under_NOUN,21622
ultramodern,1850
unregistered_VERB,1195
unmusical_ADJ,2429
unfelt,2626
universalist_NOUN,7345
unproductive_ADJ,28442
unenviable_ADJ,5515
underfunding,2072
unengaged,1551
underdetermined_ADJ,2049
ultrahigh,6558
umbrage,5632
urine_VERB,1349
undistinguished,5456
unbeliever_ADJ,1564
ultracentrifugation,1889
unspent_ADJ,2574
unstinting_ADJ,2778
upholsterer_NOUN,1983
unbleached,3712
underwrites,3479
uchi_NOUN,1611
unwise_ADJ,36896
unhappiness,47711
universalists_NOUN,1097
unfractionated,3068
unpromising,6839
unweighted_ADJ,5874
unburied_ADJ,4608
uitgeworpen,1122
ultrafine,5083
unsayable_ADJ,1781
uncoil,1399
unheimlich,1376
underwater_ADV,26745
utterly,284119
unrelated,111918
understatement_NOUN,27778
unreservedly_ADV,8561
ulnar_ADJ,21557
untempered,1385
uk_X,2069
uskoneet,1246
underarm_NOUN,2169
unworthy_NOUN,4215
universale,1071
uranium,61926
ultralight,1011
uracil,4090
unbelief_NOUN,14807
underlie_VERB,40058
unius,1481
underlay_NOUN,2957
unnervingly_ADV,1977
underling_NOUN,3931
unbind_VERB,1822
unwarrantable_ADJ,3219
uninfluenced,2942
unpleasing,3983
upholding_NOUN,1959
unpacking,22991
unfavourably_ADV,4455
ure_NOUN,3421
unhelpful_ADJ,25625
unframed,1153
undernourishment_NOUN,2290
urine_NOUN,198616
ultima,2755
upadszy,1160
unsatisfactorily,1104
unauthorized_ADJ,65192
unexperienced_ADJ,1218
unsurprisingly,18207
ur_X,2550
unabated,15846
underestimate_VERB,52423
upgrade_NOUN,28031
unassigned_ADJ,2252
unsuitability_NOUN,2864
upscaling_NOUN,2248
ungulates,4969
uğruna_X,2594
unborn,38868
usum_X,1218
undue_ADJ,65377
undistinguished_ADJ,5103
utilised_ADJ,2022
undefined,31944
uplift_ADP,1528
urine,205325
upset,410702
unquenchable,7404
unarmed,42680
unclear_ADJ,203484
unfitness,4988
universe,584635
unlawfully_ADJ,1349
underrate_VERB,2421
unabsorbed_ADJ,1058
unfamiliarity,7789
upper_ADJ,1030731
urography_NOUN,1384
uplift_NOUN,16308
utility_NOUN,374588
unassisted,6504
ultra_ADJ,74532
usa,5329
uppercase_NOUN,1277
unsheathing,1143
uptight,9777
urolithiasis_NOUN,2157
ureteral,12343
unpunished_ADJ,12586
utilis,1188
urbanized_VERB,2909
unacc_X,1370
unflinchingly_ADV,5163
unstirred,1122
unjust_ADJ,122819
undiminished,8142
ultrices,4796
usum,1540
undeserved,13354
unicellular,9227
unadjusted,4894
untilled,1307
unremarked_ADJ,2704
untiring_VERB,1323
unmitigated_ADJ,10992
unprivileged_ADJ,1793
unafraid_ADJ,14532
uninterruptedly,4592
universal_NOUN,6133
undersell_VERB,1261
unconstitutionality,2701
unmissable_ADJ,2081
unconsidered,3346
unguarded,18760
unsentimental,3181
unmonitored_ADJ,1335
uð,1509
unsettled,57975
unspecific,5179
unfurl,5783
usable_ADJ,45894
unquestionably_ADV,36652
ujźrzawszy,4872
ui_NOUN,4113
unsurprised,4254
ulipon,9286
ude,1012
ulnaris_X,1547
undershirts_NOUN,1151
understandingly_ADV,2879
ultranationalist_ADJ,1322
unconsciously,114014
unfavourable_ADJ,29030
uninterpretable,2269
unearth,11891
unfortunate_ADJ,236716
unchaste,2482
unapologetic,7287
unremembered_ADJ,1653
unloving,3950
unreservedly,8891
urethritis_NOUN,3943
urna_X,5785
uninsured_ADJ,18459
unconvincing,12289
unbarred,1924
uridine_NOUN,2198
unleaded,1870
ulna,11334
upstairs_NOUN,169266
unhinged_VERB,11881
undesired,19851
unevenness,7155
understate,4507
upregulate,3761
unforgiveness_NOUN,3135
unexploited,2638
underdeveloped,38531
unlace_VERB,1406
untangling_VERB,3790
unsupportive,3279
unlocks_VERB,9894
unraveled_ADJ,1151
unpredictably,5295
unfriendly_ADJ,32385
underfoot,22358
unluckily_ADV,4863
using_ADJ,15108
unforgivable_ADJ,13868
unlinked_ADJ,2089
undermines_NOUN,1235
untried_VERB,1239
unchastity,1412
umbrageous_ADJ,1263
unifies,7014
utsendt,2110
untypical,2380
urbanity,7397
utm_campaign_NOUN,1401
unhindered,11589
uncontested_ADJ,11048
utilitarianism,21815
uhm,2227
undeceived,2961
unsteadily_ADV,17782
underperformed,1801
unmistakably,25290
underreported_ADJ,2602
unheralded_ADJ,2383
uncorroborated_ADJ,1331
unimolecular_ADJ,1477
unsavoury_ADJ,5906
unburnt,2864
untestable_ADJ,1383
un_ADV,2748
unfilial,4629
unattainable,24709
uwierzyło_X,1270
unobserved_ADJ,22240
upkeep_NOUN,15285
unmapped_ADJ,2271
unregenerate,3660
uri,4511
ungovernable,7136
unharmed_VERB,5891
upcoming_VERB,54945
unerringly_ADV,5422
unshakable,9711
unannounced_ADJ,16693
unmethylated_ADJ,1606
uninitiated_VERB,1467
untarnished_ADJ,3138
unwaveringly_ADV,3305
uninfluenced_VERB,1605
unfastening_VERB,2911
unpack_ADV,1119
unconstitutionally,3871
unashamedly_ADV,5215
unfenced_ADJ,1742
unconsolidated_ADJ,3815
up_ADJ,661413
undervaluing,2051
unsupervised_ADJ,31594
unforgotten,1506
uniaxial,15113
unwrapped,17782
unclassifiable,1624
unrecognisable,4569
ue_NOUN,2234
upregulating,2321
untranslatable,4264
uhh,1362
ubi_X,4536
unequivocal,28808
unsayable,1782
untutored_ADJ,5660
us_,3070
undirected_ADJ,10825
unrelated_ADJ,111909
undivided_ADJ,22136
unitary_ADJ,58701
unlock_ADJ,3390
unexcavated,1019
undervaluation,1833
undamaged,12061
uninspiring_ADJ,1445
unhuman,1180
unblinkingly_ADV,2926
unaware_ADJ,160348
uncomfortable_ADJ,373256
uvula_NOUN,3322
ungraciously_ADV,2366
unplugging,2136
unicity,1425
ugly_ADJ,296773
ungulate_ADJ,2116
unbound_NOUN,6700
unruffled_ADJ,7235
unfinished_ADJ,76448
upright,239337
unknown_NOUN,70540
unconfident_ADJ,1276
uncanniness_NOUN,1913
unary_ADJ,5346
untranslated,5518
unbiased_ADJ,40114
unsolvable,5353
utf,1592
upscale,24538
unionism_NOUN,13305
ulcerations,4928
unwatched_ADJ,1414
unfairly,35477
upto_ADP,7761
unsettled_ADJ,37430
unfailingly,7377
unnerving,21611
unco,1716
unstuck,4518
ungloved_ADJ,1649
underexplored,3065
unreasonable,122673
unconstrained,19011
underperformance,4308
unidimensional_ADJ,5127
um_PRON,7257
untreatable,2378
unformulated_ADJ,1014
upon,7096115
unanchored,1122
unaudited,2720
untidily,1450
unambiguously,22522
universalized_ADJ,1648
unimpaired,8232
under_ADJ,121434
uv,14842
uczynili,5428
untangle,11050
untruth_NOUN,9298
unsettled_VERB,20543
utopia_NOUN,36941
unwell_NOUN,1403
ultraviolet_ADJ,3515
unique,1089474
unlikeable,1076
unbending_ADJ,6867
unerring,12379
unisexual,2772
urticaria_NOUN,14284
unmethylated,1620
utilitarians,3846
undressing,15909
undocumented_ADJ,49267
unitive_ADJ,1965
urbanized_ADJ,9682
uncouple,1437
urethral_NOUN,9119
unmitigated,11097
untamable_ADJ,1813
unbidden_ADJ,9779
undies_NOUN,4885
unconquerable,8975
underdamped,1087
unmanned_VERB,1909
unaccepted,1425
ulna_NOUN,10303
ukrižovali,1255
uninitiated,9544
undersides,3945
unyielding,26386
unravels,4508
ułomków_X,1390
und_ADJ,30709
unaccounted,8318
undeniably_ADV,28757
unpasteurized,2576
unprovable_ADJ,1904
unveiling_VERB,4080
unfortunates_NOUN,6719
unreliable,69531
updrafts,1186
user,1004976
uciął,1155
unbowed,1251
unheard,49439
unsurmountable_ADJ,1171
unshaken_VERB,3545
uncut_ADJ,7327
universalists,1122
unstimulated,1524
unquestioning_ADJ,7571
unstained,4958
undercooked_ADJ,3274
uo,2027
ureter,16480
unicorns_NOUN,12658
ungentle_ADJ,1284
utensil,7189
unmanageable,14083
upholsterer,2057
učeníkmi_X,2053
unfinished,77196
usda,1277
utilises_VERB,5830
ultimate_ADJ,484630
underweight_ADJ,7287
unturned_VERB,2777
unset_ADJ,1270
unattributed,2024
ull_VERB,1562
undamped,2797
unveiling,17685
unconstitutionality_NOUN,2564
uncooked_VERB,3174
učedlníků_ADP,1053
un,460005
unpretentious_ADJ,9510
utilizing_NOUN,1225
unhistorical_ADJ,2095
unfallen_ADJ,1047
upbraids,1032
usurer,4247
unpunished,13587
unoriginal,2744
unreformed,1975
uncontroversial_ADJ,10303
unhurt_NOUN,3395
underpin,32139
utilising_VERB,15457
uncompleted_ADJ,3395
unreacted,3846
undeniable,54005
universities,393312
unifying_VERB,9157
uit_NOUN,4082
us,14496480
undertail,2336
ultralow_ADJ,2272
upgrades_NOUN,18689
uncapped_ADJ,1385
unhappier_ADJ,1097
uncontroversial,10304
unrealizable,1894
untrusted_ADJ,3579
uncommitted,5223
unquestionably,36882
upscale_ADJ,21530
uniformed_ADJ,37011
unintegrated_ADJ,1045
uczynię,3236
unconditional,78123
undertaking_NOUN,113394
ummara_NOUN,2590
unpaginated,2794
unexampled,5013
unequalled_VERB,1075
unequipped_ADJ,1458
ultramarine_ADJ,1781
understood_ADJ,15921
uncleared_ADJ,1107
unnerved_ADJ,13320
underlines_NOUN,1287
unmeasurable,2199
unfurnished,3224
uncommitted_ADJ,4755
underwritten_ADJ,1636
unsustainability_NOUN,2598
unabashed_ADJ,11526
undulate,2833
unreflectively_ADV,1074
uproarious,4609
unrepeatable_ADJ,2556
uber,5651
unspoiled_ADJ,7020
uncredited_VERB,6168
ultrasonically_ADV,1375
untiringly,1251
understudied_VERB,2835
universelle_NOUN,1323
unlined,3589
uniform,556338
ubiquitous_ADJ,94272
uses_NOUN,278878
upfront_PRT,3351
ungrateful,41989
unambitious,2597
unimpeded,11045
unwelcomed_ADJ,1879
uno_NOUN,1616
unbuckled,10633
uhl,1199
untrammelled_ADJ,3803
urologists_NOUN,1708
upstairs_ADJ,2734
unto_ADJ,4692
unicameral,6119
undid_VERB,33716
unbelieving_ADJ,10208
uvěřili,2241
unattractive_ADJ,26642
uterine_NOUN,43403
ursi,1242
unavenged_ADJ,1484
unfastened,15407
underweight,8540
users_NOUN,898318
updating_VERB,68894
uncertain,334649
unforgiveness_ADJ,1061
underwriters,8287
unbound_VERB,3465
uninjured_ADJ,6561
upped_VERB,8040
unshed,7143
unconjugated_ADJ,3120
umbrage_ADV,2748
unnaturalness,1583
una,140578
unappetizing_ADJ,2006
uncreated_ADJ,5985
unfitting_ADJ,2322
unlettered,4255
umbra_NOUN,1468
underreport,1125
urdhëroi,2597
undoubtedly,241616
uso,6995
unaccomplished,1311
unwittingly_ADV,38523
uncountable,8051
unmeasurable_ADJ,2199
urothelium_NOUN,1803
urbanists,1163
unreliability_NOUN,10175
um_VERB,1831
unconstitutional_ADJ,49234
ulcers,54093
underuse,1668
unilamellar,2163
untempered_ADJ,1375
uglier,10863
uote_NOUN,1839
unveils_VERB,5424
unclarity,1125
unions_NOUN,230421
unrolling,4784
uniqueness,72285
upfront_ADJ,13002
understorey,2052
unstandardized_ADJ,1771
unnatural,100779
uremic,6581
unviable,2925
unexplainable_ADJ,8749
ureteroscopy_NOUN,1144
unrecoverable_ADJ,2263
unsettles_VERB,3878
underscored,34718
unscrupulous,32581
unionized_ADJ,5661
unreconstructed_ADJ,1819
unscrewing,1945
used,11886963
undue,66949
underestimates_VERB,7820
unemployable,2245
unselfishly_ADV,2661
umył_X,1156
uncontaminated_ADJ,6456
unwrapped_VERB,14402
underfoot_ADV,14134
underscores,42899
unchurched_ADJ,1610
upbeat,23448
uring,2643
upheavals_NOUN,18718
undoped_ADJ,3746
underresourced,1294
unstructured_ADJ,33657
unrecognised_ADJ,3229
unacceptably_ADV,5253
urdhëruar,1592
uzdrowiła,1270
unending_ADJ,29741
unhomely,1043
unfairly_ADV,35473
undernourished,5589
unimportance_NOUN,2179
underwhelming,3384
unsuccessfully,33021
uncivil_ADJ,8152
unnaturally_ADJ,3844
unserved_ADJ,1198
uncompressed_ADJ,1865
universals_NOUN,20696
unite_NOUN,7470
upstate_ADV,2419
unhappy,284232
unworthiness_NOUN,7655
unnaturally_ADV,18109
uczynili_X,3372
unblinking,11673
upscale_NOUN,3008
uncommon_ADV,1274
uselessness,9041
unbanked_ADJ,1618
undignified,10704
ultimate,485002
unë_ADJ,4937
uni_ADJ,7324
underspecified_ADJ,1216
unfathomable,34172
unspeakably_ADV,6971
unvisited_VERB,1187
unobtainable,4480
unbending,7487
unpowered,1156
unrecognized_ADJ,14504
urinary_NOUN,19049
unsubstantial,3923
urological,2888
uranium_NOUN,59892
upholder,2134
utm_term,6596
undercover_NOUN,4310
unexplained,43637
unpretending_ADJ,1941
unmentioned_VERB,1875
unqualified_ADJ,29033
undaunted,12785
ubasan_X,1234
upskilling_VERB,1387
unsheltered_ADJ,1352
uncomprehending_ADJ,4999
upheavals,18765
universalistic,6911
upward,290949
ulema,4477
unrepresentative_ADJ,5219
upload_ADV,1058
unconstitutional,49238
usurped_ADJ,1233
uncrossing,1139
unavenged,1642
unscramble,1083
unstated,9044
undulating_ADJ,21077
unadulterated,10555
unchurched,1841
untying,7191
unveiled_VERB,29094
unchangeable,18056
unexploded,3323
unprejudiced,5938
unwrapped_NOUN,1004
upstarts,3218
urea,42450
unlovely,5280
unvaried_ADJ,1004
unsatisfactorily_ADV,1062
undue_VERB,1223
ulcerans,2957
urinals,2863
upholds_NOUN,3929
unisex_NOUN,2544
urbanism,19414
unremittingly,2438
universality_ADJ,1656
urease,3986
unharmed,28715
underwriter_NOUN,8473
upwards,145944
undercuts,6935
unforeseeable_ADJ,7162
utilises,5849
unwieldy,17617
unsportsmanlike,1045
untransformed,1651
usted_X,3153
uninvited_VERB,3109
unexciting,2261
unmistakable,69159
unallocated_ADJ,1751
utter_NOUN,15778
unassigned,2514
unpredictable_ADJ,113987
underwood,3559
unsavory,10808
urinalysis,7200
uniqueness_ADJ,8561
unbuilt,1677
unos_X,1511
urge_VERB,88058
utilitarian_NOUN,2255
unders_NOUN,1743
usurious_ADJ,3035
unwarranted_ADJ,26813
unswervingly_ADV,1802
unforgotten_ADJ,1455
unsaturated_ADJ,32889
umpires_NOUN,5662
unredeemed,2578
undivided_VERB,5785
unmodified_ADJ,12422
utmost,173766
unsound,14807
unaccompanied_VERB,1963
ujrzycie_NOUN,1150
uronic_ADJ,1332
unevenly_ADJ,1348
unrelieved_ADJ,4938
understood_VERB,1673243
urologist_NOUN,3390
usernames,3865
utm_source,2122
uninteresting_ADJ,16468
u0_NUM,3654
ultras0und,1127
usages_NOUN,26723
underpin_ADP,1445
unenthusiastic_ADJ,3597
unison,78988
uncovered_VERB,97015
unregenerate_ADJ,3303
undercapitalized_ADJ,1011
unicast_ADJ,1901
unallowable,1327
unpaved,14799
undergirded,5248
unconsciously_ADJ,1981
unopposed_ADJ,7079
unorthodox_ADJ,21541
universalize,2321
upgrading_VERB,32924
unforeseeable,7166
usually_ADV,2714656
unreduced,1752
unfastening,3174
untouchables_NOUN,3864
ultrapure_NOUN,1378
unhitch_VERB,1040
uta,1686
unleashing_ADJ,3096
unthinkable_ADJ,43630
unremitting,11813
unrolling_VERB,3941
unsealed_ADJ,3949
unbuckling_VERB,3033
utilizing,123094
untouchables,4464
underlings,9209
unobserved_VERB,3645
undeviating,2118
uz_X,1107
undemonstrative_ADJ,1903
unreleased,2165
underlay_VERB,6437
ultrasonographic_ADJ,2383
upstroke_NOUN,1455
unafraid,14586
uploads_VERB,1792
unpractical,3029
unfaltering,3491
unhuman_ADJ,1149
unfurls_VERB,2320
underground_ADJ,204540
urbane_NOUN,2756
unworried,1162
unflattering_ADJ,9355
unilocular,3513
unaccountable,22137
uid._ADJ,1128
unassisted_ADJ,4208
upregulate_VERB,3599
underresourced_ADJ,1139
unambitious_ADJ,2596
unionization,7382
unprovided_VERB,2163
unpronounceable_ADJ,2017
unequipped,1481
untiring_ADJ,2245
ukřižován_X,1055
uz_NOUN,1056
urn,27916
uncapped_VERB,1990
unambiguously_ADV,22068
unpaired,10651
uel_X,1800
unrequited,10500
uncoiling_VERB,1705
unconvinced_VERB,1127
underwrite,8897
upends_VERB,1337
unimaginative_ADJ,7171
unheeded_ADJ,1093
unedited_ADJ,4051
uj_NOUN,1181
underinvestment,2020
untiring,9382
unactivated,1533
uu_NOUN,1616
uremia,3640
unrewarded,3170
unreduced_ADJ,1678
unlined_ADJ,3403
uint,1206
umiecie,1155
unfurled_ADJ,1693
undernutrition_NOUN,5313
undermining_ADJ,2368
uzdrowieni,1038
ultraconservative,1774
u0,7997
uncircumcised_ADJ,6738
um,113567
u.s.,2912
underemployed,4987
unheroic_ADJ,1588
unconquered,3823
uniformity,73909
untruthfulness_NOUN,1728
upheaved,1287
unum,5708
usages,28470
unmasks_VERB,1629
undecidable,3784
uncurtained_ADJ,1198
uomini_X,1181
unsound_ADJ,14537
unfettered_ADJ,24473
urgencies_NOUN,1731
ulipon_X,7035
uti_X,2174
ungracious_ADJ,5809
unquestioned,20292
unwillingness_NOUN,44718
unactivated_ADJ,1514
unclench,2349
uncoated_ADJ,4768
unstoppable,26710
undersides_NOUN,3922
unionized_VERB,3359
unsuited,10819
uncharted,13723
unselfconsciously,1269
unaccented_ADJ,2825
unlettered_ADJ,4187
unopened,17404
ultrices_X,3858
učíš,1158
uu,4661
uptake_ADJ,4505
unreturned,1071
underway_NOUN,6970
unleashing_VERB,9615
upfront,22654
unconventionally,1293
under_ADP,9377830
username,21156
unpolished_ADJ,5213
unsheathed_ADJ,2234
undertreated,1193
uncontainable_ADJ,1774
underpinned_ADJ,1433
unhurriedly_ADV,4443
unsatisfied_ADJ,15145
upwards_NOUN,24519
unpatriotic,4712
unregulated,24660
unpersuaded,1265
unobligated,2078
unmannerly,2182
ulcers_NOUN,52180
urbanism_NOUN,19014
unrivaled_ADJ,4781
unachievable_ADJ,4187
unpopulated,2291
unprotected_VERB,3050
unbuttoned,28238
unwound,8892
util,1059
unpatriotic_ADJ,4711
upstart_NOUN,9672
unprotected,38047
uninvolved_ADJ,5341
unselfconscious_ADJ,2317
underhanded,6939
uptick_NOUN,5115
upwardly_ADV,6510
unrevealed_ADJ,2206
uppermost_ADV,15692
unleashing_NOUN,1720
unmoved_ADJ,32711
usage_NOUN,364263
uller_NOUN,2178
unwrap,7985
unbolted_VERB,2148
ulcerated,5600
ubiquinone,2156
underdog_NOUN,4184
underpayment_NOUN,1754
unstable_ADJ,181157
undoes,5794
uncracked,1128
unclipped,4741
unsuitable,44574
upstanding,9417
unconquered_ADJ,2859
ugh,6971
upsets_VERB,10097
unrevealing,1131
unthinkable,46357
unravelling,9901
underused_ADJ,3093
ushers_NOUN,5442
ungratefully,1258
unrest_NOUN,80774
unearth_VERB,7664
uncut,9090
upright_ADV,202867
unrecognizable_ADJ,16330
uproariously_ADV,3882
unwinding_NOUN,2284
uninfluenced_ADJ,1337
unkind,38515
usr_NOUN,1213
unfaltering_NOUN,1459
underlying,664122
unwearying,1153
unperceived_ADJ,3607
ub_NOUN,2529
upsurge_NOUN,13928
undistracted_ADJ,1388
unreasoned_ADJ,2029
unlocking_ADJ,4577
undeterred_ADJ,5683
unmolested_ADJ,8886
unsurprising,19829
unnoted,1178
unwrapping_VERB,5287
undergoes,58069
utilities,104973
unclasped,4678
upgraded,34617
unfunded,4664
unscrewed_VERB,6655
unnerve_VERB,2919
unloved_ADJ,9243
unrequited_ADJ,10384
unchartered,1733
unspeakably_ADJ,1768
unstained_ADJ,1933
und_NOUN,21962
unraveling_ADJ,1356
undertow_NOUN,3053
utan,1171
underestimate_NOUN,2809
undefeatable_ADJ,1515
unavailing,9050
unbearable_ADJ,81874
uterine_ADJ,18131
understaffed_ADJ,3742
undo,63108
unpleasantly,12757
undetectable,13723
utopias,9302
undergrad,4579
unshaken,7975
unparalleled,39744
ungraspable,1913
undervaluing_VERB,1510
unphysical_ADJ,1715
ungrounded,4057
uczyni,1735
undecided_ADJ,19260
unless_ADP,1139277
uncannily,6725
unseasonably_ADV,3292
usurpers_NOUN,3513
unbelief_ADJ,11565
underclothes_NOUN,3957
unforeseen_ADJ,42723
unlucky_ADJ,58284
učedlníci_X,10902
undergrowth_NOUN,27805
umbrächten_X,1325
unelected,5263
unfreedom_NOUN,2688
unsurpassable_ADJ,2913
uta_NOUN,1022
unchained_ADJ,1781
untranslatability,1125
uncircumcision,2170
uniformly,103846
utensils,40694
unintentionally,39285
ustekinumab,1240
ukrzyżowali_NOUN,1155
uK_NOUN,1856
universalizing,6234
unblinking_VERB,1516
ultrasonic,39088
undated_VERB,13135
unconcernedly_ADV,3841
underhanded_ADJ,6248
uptown_ADV,5667
underscores_NOUN,2089
unclassifiable_ADJ,1621
unbroken_ADJ,52758
underpass_NOUN,3277
upflow,1614
upconversion,2947
uteroplacental_ADJ,1426
undefended,5202
ultricies_X,3516
unnaturalness_NOUN,1522
unburned_ADJ,3750
unc,2491
urban,1178697
underinsured_ADJ,2986
unmoving_ADJ,20490
unisex,2815
uremic_ADJ,6364
unbridled,23294
unsealed,6612
unfading_ADJ,1616
unsecured_ADJ,18160
unite,100237
ultrastructural,7552
unmasked,9534
undertaker,13488
uncurtained,1369
unpaginated_ADJ,2615
understate_VERB,4368
učeníkom,6043
unidades,1063
unimpaired_VERB,1798
unlisted_ADJ,4376
ult,3716
unravel,37580
urgent,249050
uppercut_NOUN,2776
ur_ADJ,9959
urges,71689
unhappily,35044
urethane,3819
unfurling_NOUN,1011
unwinding_VERB,5366
unused_ADJ,58564
unglazed_ADJ,2111
unwinds,1906
unarticulated,3490
ur_NOUN,4808
undrained,7701
unofficial,46368
unsearchable_ADJ,2785
ultrasonication,3318
underhand_NOUN,1179
uneasiness_NOUN,53931
unguent,1455
unquenchable_ADJ,7401
unperformed_ADJ,1108
undoubtedly_ADV,241582
uploaded_VERB,25718
uninterruptedly_ADV,4561
undisclosed_ADJ,14733
ul,24467
unaffected_ADJ,65278
undiscerning,1114
unlit_ADJ,9752
unsightly_ADJ,18701
uphold_ADV,1032
upstaged,1951
unshaven_ADJ,8972
ungrammaticality_NOUN,1777
unserviceable,2509
unraveling_NOUN,4675
underline_NOUN,1336
unanimous_ADJ,53412
undocumented_VERB,2720
unostentatiously_ADV,1037
umiłował_X,1616
ultrasonographic,2424
uzdrowiła_X,1270
undergrads_NOUN,1815
unsubdued,1403
undulation_NOUN,4082
uitgevaren_X,1236
untouchability_NOUN,4465
unfurnished_ADJ,3152
undisputable_ADJ,1657
utopian_ADJ,63144
uphold_VERB,70276
unromantic_ADJ,4045
unspecialized,1140
uncircumcised,8017
unofficially_ADV,8393
utilizations_NOUN,1164
unfairness_NOUN,7549
unsere,2087
unstrapped_VERB,2301
unbeknownst_ADJ,7783
unmasking_ADJ,3129
underscores_VERB,40726
unnervingly,2136
underscored_VERB,34717
unheard_ADJ,49138
undiscoverable_ADJ,1232
ushering,16911
unpeeled,3645
unambiguous,37027
unfit_VERB,1894
urchin_NOUN,12065
unfolded_VERB,78996
unloosed,2107
universalize_VERB,2303
upo,1251
unashamedly,5390
unallowable_ADJ,1327
unum_X,3935
uncertain_ADJ,334093
unfortunates,6837
ungraciously,2381
use,11508725
unattractive,26722
unraveled,11065
uplifts,3119
unfazed_ADJ,5078
unholy_ADV,3012
unlace,1427
ungreased_ADJ,2049
unbiassed_ADJ,1208
undercurrent,16452
uman,1007
uncluttered_ADJ,3679
undertake,195337
ultranationalist,1530
uranyl,2337
umiłował,2194
unproblematic_ADJ,10333
underpinning_ADJ,4819
unpracticed,1179
undertakes_VERB,25554
unreasonably,22119
učedlníky_ADJ,2442
unemployment_NOUN,246810
uploaded,27408
unconscious_NOUN,35676
unless,1139391
unruffled_VERB,2632
ungrateful_ADJ,41961
undersecretary_NOUN,4028
unarticulated_ADJ,3449
unhooked,11697
undeserved_ADJ,12164
umpteenth_ADJ,5708
unavoidable_ADJ,73536
unwind_VERB,14687
undrinkable_ADJ,1217
unsweetened_VERB,8064
uneventful,20305
unbuckle_VERB,3440
unharnessed,1774
understandable_ADJ,112186
uno,16410
unburden_VERB,5099
uncharacterized,1428
ura_NOUN,1166
unacknowledged,14724
uranium_ADJ,1100
undiscriminating,1404
unfit,52610
unquenched,1269
unfastened_VERB,13834
unladylike_ADJ,4667
unmentionable_ADJ,2985
uneconomical,2952
unworked,1620
ultrasensitive_ADJ,3113
unheeding_VERB,2714
uncomplicated_ADJ,23735
ureteric,4158
upregulates_VERB,2930
unrighteousness_NOUN,6958
urealyticum,1605
und,537140
unlabeled_ADJ,10521
ulcerated_VERB,2164
upsidedown,1331
unit_ADJ,4891
unanimously_ADV,44928
ungracefully_ADV,1208
unneeded,5378
unbuttoned_VERB,22430
unimodular,1581
unclenched,4908
urges_VERB,71676
unchecked_VERB,7164
unsullied,6617
unassimilated_ADJ,1235
usufructuary,1172
ungentlemanly,2403
unequaled_ADJ,2668
underwrote,2969
unstrained,1036
uprooted_ADJ,4984
unorganized,10457
unenlightened,4773
underlay,9871
uncus,1328
unfailing_ADJ,19247
untainted_ADJ,8442
unlucky,58305
universality_NOUN,54777
underlying_ADJ,382622
unthinking_ADJ,9922
ultrasound_VERB,4305
unoriginal_ADJ,2743
unanswered_ADJ,40577
unaccountably_ADV,7367
umbrellas_NOUN,20438
uncompromising_VERB,2153
usurpers,3540
undiscovered_VERB,3293
unwillingly,25175
unrehearsed,1304
unhurried_VERB,2294
unblushing_ADJ,1450
unshod,1436
ultrasound,143940
underplay,1848
uniquely_ADV,102531
undercoat_NOUN,1218
unsurprised_ADJ,1059
unbalanced,39074
upsides_NOUN,1830
und_VERB,212666
usually,2714762
uncorrupted_ADJ,3858
uncontainable,1774
unto_ADP,501460
unaffordable,5861
underfed,2525
underdogs,3336
unenforceable_ADJ,11584
uti,3429
unprompted,2376
unos_NOUN,2403
unseated_VERB,2080
ullamcorper,4338
upwelling_VERB,3216
užitku,1044
unknown,826162
unmask,6920
unhurried,8894
unsullied_ADJ,5772
unchangeable_ADJ,18035
unintelligibly_ADV,1289
urinated_VERB,2777
unbelief,27697
unfrequented,3481
unregistered,12756
unlit,11327
underflow_ADJ,1007
unquiet_ADJ,4311
uncontained_ADJ,1358
uch,3011
unremitting_VERB,1682
ungloved,1738
undyed,1199
undeclared_ADJ,5717
unexposed_ADJ,5662
underscoring_VERB,13898
ulcerative,18480
undone,64188
unspent,2615
unpaved_ADJ,10711
usted,8140
underfloor,1478
unsorted,1995
umbilicus,8745
unburnt_ADJ,2846
uncivilised,3598
umber,3935
uplink_ADJ,6895
uneasily_ADV,44441
unlicensed_ADJ,13990
unbearably_ADV,10448
unattended,22533
unexceptional,3750
unnerve,2947
usefulness_NOUN,109655
universitaires,3934
urbis,1722
urinals_NOUN,2848
underwhelmed,1346
unpersuasive_ADJ,2513
unidimensional,5153
unfocused,14389
unseeing,7665
unbolted,2691
underplay_VERB,1770
unprejudiced_ADJ,5859
use_,6391
unopposed,8553
unlearning_ADJ,2511
unfree,7552
unsanitary,5997
utopians_NOUN,1573
users,898391
uneaten_ADJ,3656
ultrathin_ADP,1533
using_VERB,6060839
undertook,84547
undersized_ADJ,4823
unforgiven_ADJ,1188
unprintable,1043
undergoes_VERB,56249
urothelium,1864
uterosacral_ADJ,1337
unconcerned,27572
untucked,3402
userfriendly,1307
unmake_VERB,2767
unsympathetic,14228
unscrewing_VERB,1636
unselfishly,2916
universalization,4045
unionist,9250
unconscious,377109
unseeingly_ADV,1533
unearths_VERB,1535
unbelievers_NOUN,21167
unsystematic,5554
unpasteurized_ADJ,2303
upholding,37005
unified_ADJ,110671
unwilling_ADJ,192491
uttermost_ADJ,10551
unconditionally,30804
unfathomed_ADJ,1443
unpacking_VERB,16599
underfunded_ADJ,3189
unwed_ADJ,5663
upbringings,1703
unwearied,5141
urticaria,14354
uppertail,1213
unveiling_NOUN,13475
upend,4783
upstarts_NOUN,3179
unfruitful,4696
unremarkable_ADJ,24383
ustedes_NOUN,1029
unperfected,1145
unessential,1860
uy_NOUN,1122
unanticipated,24133
unsure,124183
upload_ADJ,3170
unscrupulous_ADJ,32581
uninterpretable_ADJ,2266
undertones,9566
unsuspecting,29469
unchosen,1288
upbringings_NOUN,1703
ung,2525
unbounded,34580
unresting,1161
undifferentiated,26651
utilizing_VERB,120372
uneasy,158629
unfree_ADJ,7470
ub,3836
unschooled_ADJ,2175
univocity_NOUN,2050
undersigned_ADJ,5890
unburned,4231
unrelenting_VERB,1732
underclass_NOUN,8810
ushers,12887
undetected_VERB,10042
unperceived,7432
uninterrupted,41769
u.s._ADJ,1724
unwonted_ADJ,12243
unimpeded_VERB,8587
unfurling,6271
ulation,1075
uniqueness_NOUN,63182
unfriendly,32387
upheld_VERB,84813
ujźrzawszy_ADJ,2329
unfurled,16152
undulator,1262
underexplored_ADJ,2539
uptakes,1047
unimagined,3912
un_ADJ,157402
unsung_ADJ,6186
updating,68915
undesirables,4208
upheld,84819
undrinkable,1312
uninhabitable,7514
unfussy,1071
unreasoning_ADJ,6485
unfaithfulness,7094
unhedged,1020
unkempt_ADJ,20815
upland_CONJ,1779
uprightness,7787
unfurling_ADJ,1804
unbeknown,2806
uselessly,10968
useless_ADJ,321740
unfiltered_ADJ,8202
undocumented,51998
undiscovered_ADJ,13731
unpleasantly_ADJ,3500
unutterable_ADJ,11798
uddrev_X,1271
učedlník,1641
unclouded_ADJ,4566
uploading,14404
unlock,57767
unread,8072
unprofitable_ADJ,19313
unproblematically_ADV,2302
uncomplicated,25064
unresponsive,25569
ultramontane,1269
united_VERB,245508
ułomków,1848
uproot_ADV,2653
unnoticeable_ADJ,3397
unwholesome,12096
umbilical_NOUN,1167
uppers_NOUN,3230
uv_NOUN,14489
unrolled_VERB,12165
unfasten_VERB,4930
unbuilt_ADJ,1559
unsaddled_VERB,2050
unhelpfully_ADV,2555
unperturbed,13728
uprightness_NOUN,7568
underperform,2748
underpinnings,28547
unreconstructed,1819
undescended,1827
uzelven,5734
unfriendliness_NOUN,1316
unpleasant,188206
ung_ADJ,1718
underlining_VERB,16854
unseasonably,4070
undoped,3962
understandingly,2891
undergraduates_NOUN,27132
unconvincing_ADJ,9209
upbraid_VERB,3820
undereducated,1155
unkindness,6701
urealyticum_NOUN,1520
unforgiveable_ADJ,1526
unmated,1297
unlearned,9101
uninterpreted,1350
underneath,252318
unimaginably_ADV,5285
ungenerous_ADJ,5993
up_ADV,5666255
unknowing,10456
underrepresented,23601
untreated_VERB,1388
uncured,2040
unburdened_VERB,4877
unites,31918
unperformed,1128
urban_ADJ,1175409
untangle_ADJ,1588
unforgiveable,1526
usu_X,1163
unspoken_ADJ,56226
unenforceable,11587
upholstered_VERB,4378
unwrinkled_ADJ,1178
understudied,6863
urbano,1446
unchecked_ADJ,22141
unsatisfiable_ADJ,1811
udder,5305
uplifted_ADJ,9892
unverified,3468
unacceptability,1985
urbanizing_VERB,2214
unga_ADJ,1002
unstrung_ADJ,2955
u2_ADJ,4219
uninspiring_VERB,2925
unlearning,4558
unconformably,1005
urethral_ADJ,14534
unshaved,1108
useless,321761
understory_NOUN,3111
undaunted_VERB,2607
u1,8172
umpteenth,5792
unproblematically,2403
unimpressed,15211
unpacking_ADJ,3309
unwinding,8499
underside_NOUN,37261
universel,1572
unsigned_ADJ,15217
unzipping,4857
unequalled,6211
um_NOUN,4942
unmannerly_ADJ,2171
uzřeli,1072
unrestricted_ADJ,29168
unequivocal_ADJ,28805
unmanifested,1094
unending,30023
upgrade_VERB,33758
unpreparedness_NOUN,2014
urging_VERB,110572
unitary,60028
unsanctioned,3235
utilized_ADJ,4210
uvula,3363
upended_ADJ,1386
upholds,13397
unity_NOUN,442429
unmarked,37266
unresolved,57628
unpowered_ADJ,1088
urokinase_NOUN,1563
unwell_ADV,8232
unresolvable,2904
unction,6683
ulcer_NOUN,48860
uncurled,3559
unrealized,13918
uncertainty,506242
uninformed,15124
ujźrzycie,2436
uncovered,110875
unfused,1051
undesired_ADJ,18568
underserved,13665
uns_ADJ,2700
unreasoning,7195
unprofessional_ADJ,13685
unlocking_VERB,15148
unlikable_ADJ,1226
unstressed_ADJ,8462
undisguised_ADJ,11785
uncivil,8277
utopia,37991
undersampling,1527
urology_NOUN,3799
uncensored_ADJ,3217
universalist,12679
uneven,108899
untangle_VERB,9369
unadorned_VERB,1545
unparalleled_ADJ,38862
underlying_VERB,281471
undress_ADJ,2101
underbelly,7801
unnaturally,21955
uncovered_ADJ,13854
upscaled,1050
unconfessed,1483
usurpations,2328
untill_ADP,1770
unidirectional_ADJ,20610
uncompensated_ADJ,4354
unproved,1939
unpeeled_VERB,1472
upwind_ADV,1618
uneventful_ADJ,20305
understands,187565
unearthing_VERB,3650
unpractised_ADJ,1399
unliNe_NOUN,1025
urbanity_NOUN,7227
understand_VERB,3979264
understands_VERB,187547
unutterably,3632
unearths,1632
underwent_VERB,79461
uncluttered,4172
unvarying_NOUN,1603
ud_NOUN,2317
unrecoverable,2267
untalented_ADJ,1169
unavoidably,15712
unrepresented,5593
uzelven_X,3384
univocally,1812
unwitting_ADJ,11160
underpants,11305
upsetting_VERB,33536
undesirable_ADJ,96220
underdiagnosed_ADJ,1252
unendurable,8774
unrighteousness,9692
unfolded_ADJ,8206
unnecessary,250179
unjust_NOUN,2854
urbanite,1055
uproot_VERB,6852
unemotionally,1056
unevenly,19736
undrained_ADJ,7254
underpinning_VERB,27489
unsympathetic_ADJ,14218
unburden,5137
unknowability_NOUN,2470
unlovable_ADJ,4856
unfamiliar_NOUN,2936
uninflected_ADJ,1449
unawares,19178
underspecified,2203
undulating_NOUN,2613
untransformed_ADJ,1644
unrepresented_ADJ,5508
urgently,69645
unreactive,2072
uncircumcision_NOUN,1694
unfailingly_ADV,6757
unconstrained_ADJ,12675
unto_X,4045
unstandardized,2081
unwound_VERB,4366
unreached,1414
untidiness_NOUN,1113
universelle,2570
uncoordinated,9972
uneconomic_ADJ,3414
unflappable,4241
untamed,14052
umył,1274
unnecessarily,45021
unshaded,2818
undercover_ADV,6162
uninteresting,20674
unintentional_ADJ,35757
uzdrowił_VERB,1262
understates_VERB,2087
unloving_ADJ,3792
unscented,1740
unforgiven,1350
utile,2820
underprivileged,11216
unavailability_NOUN,10651
unbarred_VERB,1254
unbranched_ADJ,3355
unloose,1526
unifier,1735
usurping,7871
unmerited,6264
undimmed,2653
unto_VERB,117471
unconcealment_NOUN,1173
undissolved_ADJ,1181
unfrequently_ADV,7972
understandability_NOUN,2428
unexamined_ADJ,10107
uphill_ADJ,23744
ures,1090
unuttered,1817
unhurt_VERB,3141
undisputable,1658
unmotivated,6204
utterance_ADJ,2164
unprepossessing,3162
unfeasible,6430
unconvincingly_ADV,3104
unhewn,1071
unpeopled_ADJ,1491
universals,21626
unbelievably_ADV,17793
under_PRT,1529
unsteady_VERB,1570
uhm_NOUN,1447
unguarded_ADJ,17656
um_X,84541
unassuming,17573
uncoiled_VERB,3099
učiac,1254
uppers,3306
unwanted_ADJ,119353
urbanized,12595
unsoundness,1482
unbreakable_ADJ,13321
unscripted_ADJ,2702
unwrinkled,1313
unsolved_ADJ,19502
unhooking,2398
unhindered_ADJ,9169
unenclosed_ADJ,1168
unclasped_VERB,4209
unacceptable_ADJ,96983
unaffectedly_ADV,1564
unpolluted,3401
unlatched_VERB,4202
upstaged_VERB,1920
uz,4152
undergirds,5036
urbanisation,16561
unsolved,23042
uzříte,1765
unsuspected,12128
unravels_VERB,3991
ultrastructure,5692
unrestrainedly_ADV,3989
unconcern_NOUN,5993
upstroke,1932
unclouded,4982
unwinking,1307
ulama,8294
untitled,6748
uplift_VERB,8859
underwear,102936
underfoot_NOUN,7866
unsocial_ADJ,2850
untreatable_ADJ,2377
uncus_NOUN,1194
unintended_VERB,6397
ug_X,3951
uptake_VERB,4407
u1_ADJ,3289
usability_NOUN,47869
undoing,37536
ulcer_ADP,1361
understated_VERB,21421
upturned_VERB,5141
unsnapped,2508
unmask_VERB,6330
ultramafic_ADJ,2208
untraceable,5165
unwaveringly,3317
unionized,9039
unobtrusively_ADV,7338
usufruct,4210
ungallant,1152
uncounted_ADJ,3882
uncritical,16856
unimpressed_ADJ,14316
unencumbered_ADJ,12102
unwavering,30624
unsecured,18160
unspiritual_ADJ,1807
unleaded_ADJ,1654
unfertilized_ADJ,2220
unmistakably_ADV,16421
unfiltered,8566
unluckily,4980
unchaste_ADJ,2252
union_NOUN,576075
uprooting,7549
unapologetically,6342
unforced,4049
unprovided,3072
unstinted_ADJ,1326
unbeknown_ADJ,2063
uncleanness_NOUN,8471
u1_NUM,3029
uS_PRON,2090
unbroken,52761
unwrapping,6126
unchallenged_ADJ,10220
unchaperoned_ADJ,1087
unsoundness_NOUN,1328
unseal_VERB,1106
untargeted_ADJ,2298
uur,1079
underfunded_VERB,3601
untalented,1182
unlawfully,13215
unostentatious,2143
uncomplaining_ADJ,2892
unscented_ADJ,1564
unaccepted_ADJ,1395
unprovoked,8331
unconfirmed,5535
uncorroborated,1428
už_X,2916
unsupported_ADJ,17427
unrestrained_ADJ,28780
unleashed_VERB,58929
uma,10585
uncodified_ADJ,1093
upslope_NOUN,1010
urbanization,76032
unprepossessing_ADJ,2935
unNnown,1745
unceremoniously_ADV,17654
unworthiness,7807
university_NOUN,799331
unstoppable_ADJ,26693
unarmed_ADJ,42378
upholders_NOUN,2230
unconditioned_VERB,1114
unsavory_ADJ,10802
uglier_ADV,2220
unawares_ADV,4042
unconsciousness_ADJ,12088
uncle_NOUN,515535
underpaid_ADJ,7207
unveiled,29095
unfixed,3623
upward_ADJ,93652
unheralded,3084
uncomely,1136
unobligated_ADJ,2066
unexperienced,1225
upswing_NOUN,5376
unbuckling,3126
uczyni_X,1061
uncodified,1157
unpubl,1368
uczynili_VERB,1018
upsides,1871
upper_NOUN,33568
unmasks,1703
unnoticed_ADJ,72023
unambiguous_ADJ,37025
unquiet,5014
upping_VERB,3039
unhappiest,1185
unequalled_ADJ,5134
upbraid,3917
undertow_ADJ,1141
unload,28091
unamiable_ADJ,1477
underestimate_ADJ,1267
unnerves_VERB,1176
unalterably_ADV,1790
unmixed_ADJ,10248
uncorrelated_VERB,1785
upstream_ADJ,36468
unexploded_ADJ,3289
unlikeness_NOUN,1322
unsafe,62557
upregulation_NOUN,17960
ubiquinone_NOUN,1785
unrewarding_ADJ,1921
unrecovered,1529
unsuccessful,107461
urbs,1004
uk_ADJ,2807
undermining_VERB,55282
uphill,41874
unlikeness,1975
unmusical,2429
unethical_ADJ,41461
unpaid,67722
uprightly_ADV,2419
unlisted,4596
upscaling,3860
urticarial_ADJ,2202
underutilization_NOUN,2083
unserer_X,1118
unavoidably_ADV,14999
unital_ADJ,1860
unsparing_ADJ,4624
uses,1254540
upmarket_ADJ,6572
unmedicated_ADJ,1085
ultricies,5636
undergraduate,114629
upset_ADJ,105965
ulnar,27331
undiminished_ADJ,7456
unsophisticated_ADJ,13283
unconverted,3595
unnerving_VERB,5874
unguents_NOUN,1699
unsaved,4630
used_VERB,11806850
unturned_ADJ,3728
upconversion_NOUN,2849
upbraided,4451
ui_X,5184
uncreated,6477
untangled_VERB,4879
underutilized,8788
unintelligible,34114
ultimacy_NOUN,1203
unlearn_VERB,4178
umlaut,1243
unpick,2981
unmyelinated_ADJ,2386
upsampling,1930
upcountry,1785
uptime_NOUN,2221
unlivable,1433
unaccusative,2083
unthought,3790
unspiritual,1807
underpins_NOUN,2300
ultimatum,23326
unam,1557
unerring_ADJ,12268
unmarketable_ADJ,1169
ujrzał_X,2327
ure,4541
unobtrusively,7491
usurpation,12862
usda_NOUN,1091
uppermiddle_ADJ,1155
unpacks_VERB,3600
unmasking,6880
unfold,80626
undergraduate_ADJ,78466
unrepentant_ADJ,9865
unimpassioned,1190
us.macmillanusa.com,1035
unburdened,5552
unknowable,21534
unaccountable_ADJ,22136
usin_VERB,3471
unison_NOUN,77048
unheroic,1588
understorey_NOUN,1598
unnerving_ADJ,15718
ubiquitous,94820
ulnaris,2903
udder_NOUN,4634
unremitting_ADJ,9768
unimpassioned_ADJ,1053
undercuts_VERB,5868
unknowing_VERB,1009
unmoored_ADJ,4282
utm_term_NOUN,1773
učedlníkům_NOUN,1988
uncleared,1202
unconvinced,18845
ultrathin_ADJ,4089
uplifting,25998
unannounced,19391
unappreciated_ADJ,6032
underlies,39878
urinal_NOUN,4496
uniformed,38965
unexploited_ADJ,2631
uprising_NOUN,69527
unburdening_VERB,1339
underpriced_ADJ,1064
undercooked,4259
unheeded_VERB,10658
unmentioned_ADJ,3089
unrhymed,1025
unspecified,43896
undesired_VERB,1251
undamped_ADJ,2522
unwieldy_ADJ,17438
unearthed,25595
unwavering_VERB,28834
uplifting_VERB,15330
untrusting,1247
upsampling_NOUN,1112
urchins,11533
utterly_ADV,284101
urdhëruar_X,1535
uniformity_NOUN,73586
unwitting,12169
unresectable_ADJ,5707
unscrupulously,1841
usurious,3038
unpainted_ADJ,5284
underflow,1767
unconformity,3030
unexpected,404978
unexpectedness_NOUN,3611
unmeaning_ADJ,3863
unstudied_ADJ,2900
unalienable_ADJ,3584
undiagnosed_ADJ,8268
unfading,1855
upmost,1278
unescorted_ADJ,1887
uh,100500
ujrzał,4370
underprivileged_ADJ,10541
uncompleted,3870
underutilised,1061
unpacked_ADJ,3546
unremembered,1681
ubiquitously,4639
unwomanly,1687
unholy_ADJ,20600
unnamed_ADJ,45194
undret_X,1943
unloose_VERB,1204
unilaterally,27939
unders,1868
unseaworthy_ADJ,1153
uplifts_NOUN,1243
unmarked_ADJ,31781
ungratefully_ADV,1238
unhitched,2382
unshed_ADJ,7056
undimmed_ADJ,2356
uncorked,4748
undress,30192
unproblematic,10333
uncalled,6603
unionist_NOUN,4722
undesirability,1894
unappreciated,6306
uma_NOUN,1782
unconsciously_ADV,111986
umpteen_ADJ,1205
univalent_ADJ,1853
unmercifully_ADV,5437
undervalued,13568
unaltered_ADJ,16322
unclenching_VERB,1342
underperformance_NOUN,4048
unbridgeable_ADJ,4335
unwaxed_ADJ,1310
underage,14092
upmanship,1937
unbuckled_VERB,9481
unreserved,5863
uninjured,14338
unfair,175339
ull,2245
undemanding_ADJ,2895
unseen,127295
unpredicted_ADJ,2319
unanimity,21388
underpowered,2864
uncompromisingly,3637
unrecognized,22196
unsurprising_ADJ,19326
ushers_VERB,7437
unhistorical,2108
urinate_VERB,8415
ugliest_ADJ,8614
ulceration_NOUN,21962
undiscovered,17036
unmanaged_ADJ,3847
urbano_X,1058
unsophisticated,13947
unselfish_ADJ,21534
unskilled,37486
unlikely_ADJ,383383
unspeakable_ADJ,42821
uL,1017
unwind,15714
unfulfilling_ADJ,2155
unhurriedly,4460
urease_NOUN,3645
uncooperative,10292
unvarying_ADJ,4316
unskilled_ADJ,31632
underworld_NOUN,50332
unconventionally_ADV,1271
untraditional_ADJ,1290
unquestioningly_ADV,4640
ups_NOUN,192121
unlikeable_ADJ,1076
unbound,20657
unequal_ADJ,120937
unsaid_ADJ,16145
unpleasantness,13531
unconditional_ADJ,78045
unintelligible_NOUN,5339
unutilized,1299
uncontrollably,42393
usernames_NOUN,3765
unfired,1213
unpeopled,1541
unconditioned,10219
unknowing_NOUN,2352
unassailable,10350
undressing_VERB,10714
uninstructed,2197
uncrowded,1474
ukrzyżowan,1276
unfreeze_VERB,1042
unworkable,7689
utilitarians_NOUN,3818
underwrites_VERB,3352
upto_ADJ,1846
uveal_ADJ,2857
unawares_NOUN,13616
unordered,4993
untoward,18520
unwisely_ADV,6494
undertakes,25874
undulates_VERB,1270
umbel_NOUN,1041
upheaval,41586
unleavened,8406
uric_ADJ,14141
unliquidated_ADJ,1188
uslyšev,1184
ues_NOUN,1260
unforgivable,13872
unzipped,23401
undone_VERB,46934
unselected,3471
ulama_NOUN,8142
uncharacteristic,12474
unoccupied_ADJ,28638
unë_NOUN,1591
unabashed,11582
unflattering,9870
uint256,1414
unites_NOUN,3287
unproven,10136
unfathomably,2052
unspotted,2946
uring_VERB,2181
utilisation_NOUN,24719
unclip,1261
unrecognised_VERB,1960
university,816697
unfaithfulness_NOUN,6662
undiscriminating_ADJ,1242
ureteroscopes,1008
unsheltered,1681
unreflective,5396
unavailing_ADJ,8980
unsympathetically,1149
unconcealable_ADJ,1996
una_NOUN,3274
unmade_ADJ,8836
ummm_X,1266
upskilling,1792
useable_ADJ,6249
unhinge_VERB,1460
unblinking_NOUN,1367
underarms,1703
underconsumption,1035
uneconomical_ADJ,2950
upregulated_VERB,13920
unread_ADJ,7425
unrounded_ADJ,1082
unwisely,6684
ustedes,2272
u3,2649
undervalued_ADJ,2413
undeceived_VERB,2632
unraveling_VERB,9096
unrivalled_ADJ,11854
unmodified,13006
undertook_VERB,84174
unde_X,2834
underworld,58983
urticae,1200
underarm,2560
uncool_ADJ,2409
unflagging,4723
unaffected,66610
unfamiliar_VERB,2037
ue_X,2102
utters_VERB,11815
uninhabited_VERB,4068
unlit_NOUN,1113
unroll_VERB,3478
usher_VERB,15683
uninfected_ADJ,6358
unregistered_ADJ,11531
unsure_ADJ,122544
umbrellas,20522
unscarred,1014
unverified_ADJ,2806
untidiness_ADJ,1207
unlikely_ADV,3403
unseasonable,4092
universalizing_VERB,3688
unexampled_ADJ,4988
uh_ADP,11113
urodynamic_ADJ,1402
uszedł,1039
unter_X,4869
unsubtle,2022
underlining,17223
uid,2733
ukřižován,1173
upended_VERB,9397
unquenched_ADJ,1172
unmarred_VERB,1029
ulipon_NOUN,1080
unmixed,10300
uni,18510
unilateral,90924
unequal,121026
unattended_VERB,6509
ups,192155
underestimation_NOUN,9873
unoffending_ADJ,2231
untenable,28189
unreflectively,1206
ultras,2441
usability,48286
universes_NOUN,23188
unbutton,10956
untutored,5869
ux,2685
untasted_ADJ,2010
underwater_ADJ,53590
undependable_ADJ,1443
uncommon,163464
unemployed_VERB,6897
unintelligent_ADJ,5953
uncultivated,11739
unconcealment,1490
universalized,3687
unopposed_VERB,1465
uninspired_ADJ,5150
underperforming_VERB,3249
unsuspecting_ADJ,28965
uptime,2561
uncoiled,3367
undercurrents,6069
uniquely_ADJ,2687
unaligned,1704
unlimited,111240
unravelling_VERB,5753
une,120008
unselfish,21634
uncapped,3416
undetermined,17276
unspooled,1066
unité,1477
underinvestment_NOUN,1716
unresolved_ADJ,57036
underpants_NOUN,11144
unselfishness_NOUN,5025
ungentle,1364
uncertainly,23352
unanalyzed_ADJ,1106
uninhabited,20758
unNnown_NOUN,1235
unperturbed_VERB,2701
utm_medium_NOUN,1904
umm,6079
unreceptive,1856
učedlníky,3166
undersecretary,4028
unrolls,1403
unit_NOUN,1261453
unfrequented_ADJ,3448
unprivileged,1865
uncultured,5585
ust_VERB,1511
unsettle,9510
ushering_VERB,16114
unconscionability_NOUN,4189
ultrapure,1482
undiagnosed,10073
unreason,3854
ual,1924
undoes_VERB,5773
unobjectionable_ADJ,2713
unbridled_VERB,2226
urchin,16859
undulation,4121
unhappier,1157
ubiquitination,4376
unsubstituted_ADJ,1707
u2_NOUN,2180
ut_X,49091
utca,2491
unorganized_ADJ,10187
unlimited_ADJ,111232
unshaven_VERB,1658
uninstall_VERB,1064
upon_PRT,123389
undergird_VERB,5667
underachievement,2933
unsightly_ADV,1721
uncarpeted_ADJ,1437
unquestionable,18416
upstart_ADJ,2075
unceremonious_ADJ,3449
utterances_NOUN,62313
unfolds_VERB,47305
unsettling_VERB,3260
unlabeled,11838
underbelly_NOUN,5733
urbaine,1018
ultraviolet_VERB,2649
unaided_ADJ,16310
upheaved_VERB,1017
ultimately_ADV,682481
uncles,46114
undertaking,172464
unclarity_NOUN,1113
unfairness_ADJ,14416
untangling,4336
unhitch,1046
uncharged_ADJ,5130
unconformably_ADV,1000
unbuttoned_ADJ,5673
unreachable_ADJ,10765
unmarried_ADJ,59537
unitary_NOUN,1144
uniparental,1374
unsuitable_ADJ,44545
unloads,1808
unlocked,100145
uncoupled_ADJ,3052
učeníkov,5358
underachievement_NOUN,2770
ulceration,22345
unfit_ADJ,44822
unclear,203490
underfunding_NOUN,1737
unaltered,17439
usted_VERB,2685
unsatisfiable,1813
undignified_VERB,1068
updo_NOUN,1444
universalized_VERB,2020
unappreciative,2302
unsteadiness_ADJ,2297
unlawfulness,2595
unicast,3061
unpack_ADJ,8040
ulcerations_NOUN,4856
unlabelled_ADJ,2420
unowned,1401
uppermost,29758
underclothes,4008
unbothered_ADJ,2356
urchins_NOUN,11432
unwrap_VERB,7463
upbraiding,2967
unhook,4875
unused,58567
unbiblical,1881
unbaptized,2199
ultracentrifugation_NOUN,1849
utils_NOUN,1384
uld,1059
uncreative_ADJ,1459
uncertainties,102672
unwell_VERB,1903
utm_source_X,1225
unfractionated_ADJ,3057
untapped,12863
uncertainly_ADJ,1425
ustekinumab_NOUN,1148
ultrathin,7851
unstained_VERB,3016
uS,2090
unconsidered_ADJ,3104
unfeeling_ADJ,12659
underarms_NOUN,1685
unnoticeable,3397
unconventional_ADJ,52248
usufruct_NOUN,3417
uptake,162204
unpainted,6295
unhampered,3630
uproot,9736
unprocessed_ADJ,7855
unmanly,6413
unmingled,1818
unmistakeably,1211
ultraviolet_NOUN,38151
unformed_ADJ,7090
unregulated_ADJ,24321
unmatched_VERB,2506
uT,2331
uninformative_ADJ,3458
underutilized_VERB,8522
unstinting,2789
unvoiced_ADJ,2152
unpolarized_ADJ,1450
uchi,3165
undersigned,7690
unearthed_ADJ,4284
unfortified_ADJ,1124
unfettered,24868
unsought,3320
underway_ADV,30239
urinating_VERB,4967
unexciting_ADJ,2212
uncommonly_ADV,15290
uttermost,12968
underappreciated_ADJ,5651
unstable,181167
unfold_ADJ,8139
urgency,134435
unmentionable,2989
unthinking,11061
unnoticed,76988
ultra_NOUN,13934
unblinkingly,2936
unworldly_ADJ,3190
ulterior,23044
ujźrzał,4060
unpopulated_ADJ,2259
umpires,5716
unicorn,31570
unseat,4291
updates,122806
uniforms_VERB,1651
unsurpassable,2917
undermined_VERB,89217
unnumbered,6797
ut,72295
undifferentiated_ADJ,23425
unworthy,80643
undamaged_ADJ,11627
undemocratic,11573
uncaring,12072
unbutton_VERB,10792
uplift_ADJ,2979
urgency_NOUN,134430
unites_VERB,28565
unabsorbed,1292
untended,3724
untangled,5725
uninviting,4486
undermanned_ADJ,1042
unmaking,3218
unspoilt,2802
unc_ADJ,1456
unethical,41474
unsatisfying,8403
underwriter,8476
unusable_ADJ,10582
uzřev,2709
uncurl_VERB,1231
undercut,26512
updated_VERB,230660
uprooted_VERB,14381
unpractised,1805
urethra,24640
used_,1244
unfitted,4947
ultrafiltration,9019
unrecognised,5194
u.S._NOUN,1083
unlaced_ADJ,1177
upgrading,47447
undecided_VERB,3823
unsaddled,2237
unfolding_VERB,99496
urbanization_NOUN,75990
unneeded_ADJ,5257
unweighted,6265
uptrend_NOUN,1989
understandably,35597
underclothing,2283
undistributed_ADJ,1860
učeníci,12085
unrecognizable,16332
universes,23433
unrighteous,10574
untrustworthiness_NOUN,1519
upsurge,14249
undeveloped_ADJ,25372
unreported,11489
unleash_VERB,31248
uciął_X,1155
underclothing_NOUN,1917
unfilled_ADJ,7742
unmoved,33472
unmake,2935
unbuckled_ADJ,1149
unpopular_ADJ,46876
upends,1681
užitku_X,1042
unreconciled_ADJ,2808
underside,38948
unruliness_NOUN,2100
undergraduates,27805
unify_VERB,22925
uncomfortable,373264
uncertified,1140
unionised,1668
unnerved,20897
utm_medium,2090
uncovers_VERB,11018
uncoupled,5654
undefined_ADJ,31936
unmovable_ADJ,2275
unsought_ADJ,2851
underwing_NOUN,1575
unaided,16777
until,6307255
ultimatums,1975
underemployment_NOUN,6629
unsexy,1021
unapproachable_ADJ,8339
urination,11238
unbeliever,9532
unsymmetrical_ADJ,2829
utero_NOUN,9401
unrecorded_VERB,2903
upright_ADJ,36458
unload_VERB,28090
uke_NOUN,1211
unauthorised_ADJ,12178
usurpations_NOUN,2277
unaccounted_ADJ,8179
unbound_ADJ,9650
unwatched,1562
unbalance,6185
uttered_ADJ,2684
uncarpeted,1578
uber_NOUN,1429
unsettling,51204
unsurpassed_VERB,5350
učeníkov_X,4902
unnoticed_VERB,4926
unchartered_ADJ,1701
unpaired_ADJ,10333
unguided,3656
uncircumcised_VERB,1273
untrustworthiness,1570
underused,4060
ui_VERB,1183
uneventfully,2753
understand,3979525
uneventfully_ADV,2737
uneven_ADJ,108016
unrehearsed_ADJ,1278
učedlníkům_X,3519
ultimo,2053
unthreatening,2706
unt,1795
undercutting,7385
unchallenged_VERB,9248
uncovering_VERB,28994
ungentlemanly_ADJ,2401
unappealing_ADJ,5964
undesirability_NOUN,1879
uncooked,10270
upholding_VERB,34603
units_NOUN,960105
uncrowned,1588
underwrote_VERB,2360
unroll,4349
unite_VERB,85313
unanimity_ADJ,5152
unadorned_ADJ,9922
unevenness_NOUN,6838
unresisting,3987
unrestricted,33327
upperclassmen_NOUN,1602
unsubtle_ADJ,2013
ubi_ADJ,1129
unchanged_ADJ,118057
unsettle_VERB,9301
upbuilding_NOUN,1113
unconnected_VERB,2910
uncared,3155
unemployment,246887
usos,1180
unlighted_ADJ,2974
unconventionality,1383
underdevelopment,15492
urbanisation_NOUN,16074
undefinable_ADJ,3731
unrest,80786
untied_VERB,23469
ugliness_NOUN,28900
upstanding_VERB,4181
umami_ADJ,1825
ungraceful,2666
unwashed_ADJ,10694
universally_ADV,121148
unchristian,4037
unwell_ADJ,20482
unanimity_NOUN,15584
unary,5367
unbelievable,56443
utilise_VERB,20866
unfavourably,4522
unmasking_VERB,2217
ulcer,52144
unwraps,1502
underexposed,1090
unclenched_ADJ,1806
undulatory,1369
underrate,2452
unequally_ADV,10789
uninstall,1610
unofficial_ADJ,46357
uncaused,2275
undertakings_NOUN,47842
uncomfortably_ADV,50114
uomo_X,2249
univariate_ADJ,14580
untouchability,4554
unrefined_ADJ,6588
usus,2132
upload_VERB,21841
unease_NOUN,48421
unreligious_ADJ,1030
unschooled,2360
unnameable,1729
untucked_ADJ,2198
unbelieving_NOUN,2072
uninteresting_VERB,3556
urbanist_NOUN,1083
undesirable,96221
unstructured_VERB,3801
underground_NOUN,22742
underlain_VERB,3055
unavailable,63077
uncritically_ADV,11626
unseen_ADJ,127275
unrealizable_ADJ,1893
umami_NOUN,1899
unconcealed_ADJ,3742
unchanging_ADJ,32336
unzips,2139
umbra,2406
underscoring,14152
unnoted_ADJ,1144
unaccompanied,19927
unanimously,44933
untranslatable_ADJ,4262
unrealized_ADJ,11625
underreporting_VERB,2326
unbend,1864
unfulfilled,24228
untoward_VERB,3346
unmovable,2276
unready,2650
unlike_ADP,479175
underdone_ADJ,1109
unfolded,87216
uncontrolled,56251
unusual_ADJ,514927
unmarketable,1169
undrawn_ADJ,1076
uttered_VERB,185554
underwriting,17849
usher,31341
unsatisfactory_ADJ,51285
ureteroscope,1510
unwraps_VERB,1486
unkindly_ADJ,1057
unthankful,1494
unpopularity_NOUN,7328
unbounded_ADJ,27765
unimolecular,1624
unjustifiable_ADJ,11449
ulcer_ADJ,1376
unicorn_NOUN,29390
unsteadily,18076
unequivocally_ADV,29483
unkempt,20991
uninvited_ADJ,14605
unsalted_VERB,1780
undreamed,3448
usurper_NOUN,11385
undescribed_ADJ,3040
usurping_VERB,6491
učeníci_X,11182
universities_NOUN,393210
unbundling,3315
undemocratic_ADJ,11573
unseated,2702
uncompensated,5103
uncinate,2263
ultrasound_NOUN,130027
under_,1219
ureters_NOUN,5891
unsolved_VERB,3533
unfurling_VERB,3455
uncontrolled_VERB,2372
uma_X,8258
unscientific,11813
understanding,2774931
unfreezing,1200
un_VERB,10891
untested,11265
urinal,5734
unicycle_NOUN,1148
unshorn,1104
unpinned_VERB,1376
ul_NOUN,6244
unconscious_ADJ,341366
undertail_ADJ,1923
ulla,1226
undercut_VERB,16110
unfeasible_ADJ,6430
unloading,40727
use_VERB,5547100
uppercase_ADJ,5356
una_ADJ,37459
unexplainable,8753
ulcerative_ADJ,17623
univ_ADJ,1238
unspecialized_ADJ,1023
unclasping,1477
unties_VERB,1970
uncooperative_ADJ,10278
unwary_ADJ,7732
undergirding_VERB,2891
undeniable_ADJ,53987
undoing_VERB,17077
umbilicus_NOUN,8167
unceremoniously,17733
unduly_ADV,38368
unreactive_ADJ,2071
unapproved_ADJ,3130
ungenerous,5996
ultima_X,1060
untwisted,1777
unto,629140
undergoing_VERB,134554
unmanned,22503
unprecedented_ADJ,144787
utility,384620
underdressed,2060
unexhausted_ADJ,1069
untitled_ADJ,6510
underlings_NOUN,9165
undermine,144108
uniform_NOUN,290266
undercarriage_NOUN,4202
ungrammatical_ADJ,7251
unquestioned_VERB,7093
utilize_VERB,153576
unwound_ADJ,2476
unrealistically,5006
uncooked_ADJ,7038
underpriced,1438
urinalysis_NOUN,6846
uncorrected,8011
usher_NOUN,13767
undisputed_ADJ,20424
unlearn_ADJ,1934
u.S.,1119
unclos,1009
unranked_ADJ,1196
undershirts,1158
uppertail_ADJ,1068
unreachable,10768
undergone_ADJ,1031
ulema_NOUN,4385
unanalyzed,1133
undecidable_ADJ,3689
unlocking,20850
urinated,2807
ugliest,8710
unbeatable_ADJ,5914
unselfconscious,2317
unsupportive_ADJ,3269
understaffed,4512
unrivalled,12342
unformed,7129
unpaid_ADJ,67710
undeservedly,1830
undercount,1339
uncultivated_ADJ,11009
umbel,1337
uncured_ADJ,1877
ut_VERB,1839
unskilled_VERB,5828
undernourishment,2454
universalising,1137
unmasked_ADJ,4141
uropathy,1023
unsatisfied_VERB,8553
unsteady,48276
universalis,2138
ust,5345
undrawn,1153
uncurled_VERB,3359
uptick,5354
untaxed,2179
unmerited_ADJ,6216
unaccompanied_ADJ,17954
unrestrainedly,4104
undervalued_VERB,11155
unbundled_ADJ,1117
unsexy_ADJ,1020
undead_NOUN,21000
unhoped,1142
underreporting_NOUN,1816
uzdrowiony,1269
ubiquitin,12192
unfilial_ADJ,4629
unscriptural_ADJ,1474
unbeatable,5916
univalent,2205
unease_ADJ,1312
unilateralism,2869
unimpeachable,6153
undermining,64991
unsupportable,1365
untaught_ADJ,3653
unforgiving,21621
underestimates,8271
unserviceable_ADJ,2508
usitatissimum_NOUN,1046
unionists,14891
unhurried_ADJ,6600
undistributed,2685
uninhabited_ADJ,16687
unfortunately,183841
uddriver,2091
underdevelopment_NOUN,14512
uwierzyło,1501
untaught,3719
unsightly,20425
unconsciousness,28997
uppercase,7814
undone_ADJ,10086
unite_ADJ,6421
unpredictably_ADV,5169
underplayed_VERB,1647
unattained_ADJ,1015
urologic_ADJ,3685
unsteady_ADJ,46688
unpredictability,21362
unclosed,2763
uninflected,1706
unapologetic_ADJ,7286
uN,1473
unproductive,28521
uptrend,2037
unasked_ADJ,5891
unpolished,5291
untrusting_ADJ,1117
upgraded_VERB,34615
uploads_ADJ,1043
unionist_ADJ,4368
uppity,3689
unpacking_NOUN,3080
unbalanced_ADJ,36424
unë_ADV,1456
ute_ADJ,1549
unwillingness,47017
unskilful,2583
umber_NOUN,3258
uninjured_VERB,7765
unremarked,3024
universalism_NOUN,24280
undulate_VERB,1802
uneducated,26601
undiscounted,1187
undying_ADJ,14905
unescorted,2246
utilize,154540
unreadable,20772
unscripted,2889
undertaking_VERB,59060
unrelieved,5011
unstratified,1256
unfamiliar_ADJ,162703
unobservant_ADJ,2065
usted_ADJ,2279
uprisings,26878
unhelpfully,2567
undoubted,19396
undersea_ADJ,5886
unobtrusive,15099
unqualified_VERB,1871
unserved,1398
unapproachable,8341
unsystematic_ADJ,5553
undutiful_ADJ,1530
unquestionable_ADJ,18401
unlearned_ADJ,8356
unicompartmental,1027
unerupted_ADJ,1310
urna,6318
unmaking_NOUN,1798
unsuited_VERB,10020
ulipon_ADP,1050
uncool,2661
ulcers_VERB,1868
unexpectedly_ADV,126508
uncommunicative,3093
undertakers_NOUN,4239
unfeigned,5190
ug,10772
unhealthily_ADV,1179
uses_VERB,975510
umbrage_NOUN,2742
unknown_ADJ,755492
unspoiled,7997
umpteen,2059
unmeasured_ADJ,6618
unattained,1039
uploads_NOUN,5833
undressing_ADJ,3520
utmost_NOUN,39242
underling,4907
unveil,12254
unexplored_ADJ,24989
unelected_ADJ,5242
upcycling,1492
underwritten_VERB,5409
uno_ADJ,1179
unimportance,2208
untrimmed_ADJ,2140
unitive,2011
ungraspable_ADJ,1913
uniformly_ADV,99014
unicameral_ADJ,5864
undeserved_VERB,1175
ur,20038
unmixing,1279
unhealed,2829
učedlníkům,5736
unrealised_ADJ,2353
uncrowded_ADJ,1402
ultramodern_ADJ,1635
unknowable_ADJ,21287
unvoiced,3062
untypical_ADJ,2377
unhcr,1034
unappreciative_ADJ,2302
unfocused_ADJ,13032
unobservable,10118
unviable_ADJ,2872
utilization,180036
usar,2089
undergarments,9655
unseemly_ADJ,17651
unapproved,3175
unlocking_NOUN,1121
unilamellar_ADJ,2090
unhorsed,1796
unfulfilled_ADJ,23762
upraised_VERB,6094
ucznie_X,1040
uteri,2826
unliNe,1498
uncritical_ADJ,16825
undertone,21868
unrighteousness_ADJ,2561
underline_ADJ,1586
undecidability_NOUN,2656
unpractical_ADJ,3029
unidad_X,1374
utilizes,51723
upgrade,63411
uncomprehendingly_ADV,1865
unroofed,1529
unawakened,1125
unerupted,1334
uninformative,3473
unhitched_VERB,1961
undo_VERB,63106
underside_ADJ,1295
undid,33862
ugliness,30272
unmated_ADJ,1254
uproar_NOUN,46637
universalistic_ADJ,6883
unemployed,96042
urbana,1981
undone_NOUN,6902
ultraconservative_ADJ,1746
unwittingly,39070
upperclassmen,1667
unutterable,11818
unlinked,2291
unawareness,4394
undecorated_ADJ,2129
unitarity_NOUN,1779
urate,3850
umlaut_NOUN,1045
uncounted,4207
unknowability,2493
uncharitable_ADJ,5479
unionisation_NOUN,1034
unifying_ADJ,40154
ultimatum_NOUN,22830
unforgiving_ADJ,21523
unguided_ADJ,3488
urethane_NOUN,3459
unconsumed,1154
ungraded,1036
unfamiliar,168389
unfrequent_ADJ,1285
unicycle,1235
uns_NOUN,6141
unbleached_ADJ,2841
underpinning_NOUN,12318
unknowingly,29983
undergirding,4473
upping,3618
unpreparedness,2054
ultimum,1493
unionize_VERB,2201
unshakeable_ADJ,5590
unleashing,14432
upside_ADV,83524
upending_VERB,2872
unsparingly_ADV,1646
unearthing,6005
upgradation,1543
uncivilized,12426
unconvincingly,3143
uterus,66393
unintentionally_ADV,39145
uitgevaren,1574
unplugged_VERB,5154
utilised,48481
unleashes,5064
unmapped,2283
unlawful_ADJ,84480
unpleasantness_NOUN,12964
unhooking_VERB,2239
umma,6642
underhand,7404
understanding_NOUN,2141901
upsetting,43453
učiním_NOUN,1087
ud_ADJ,5405
unreasonableness,3219
unsheathed,9058
uncover,77935
unwrapped_ADJ,2374
unhesitatingly_ADV,10440
underlined_ADJ,10110
uz_VERB,1406
uninviting_ADJ,3763
undefeated_ADJ,4027
uneconomic,3414
unclasp_VERB,1359
upper,1112281
unwanted,119360
utils,1534
unfrequent,1298
umarli_X,1040
unblinded,1049
unicorn_ADJ,1814
unprincipled_ADJ,9456
unwillingness_ADJ,1975
untrodden,3588
unconstrained_VERB,6293
unga,1452
url,9777
unlawful,84491
uppercut,3698
understudy_NOUN,1394
unifier_NOUN,1686
uncouth,17463
uncharacterized_ADJ,1308
unfathomable_ADJ,34162
unleashes_VERB,4878
unasked,6374
uncreative,1460
uninsured,18460
unblemished_ADJ,10097
unpronounceable,2017
umami,5036
unser,1946
upodobało_X,1500
unprincipled,9559
undated,31215
unbecoming,12613
unamused,1668
unclassified_ADJ,7044
utilized_VERB,253307
unpacked,23758
unspecified_ADJ,43891
unlikable,1226
uncharacteristically_ADV,12725
utero_ADJ,8144
unbind,1899
ultramarine_NOUN,1887
unbecoming_ADJ,10415
unknowns,25426
us_PRON,14493455
unavoidable,73545
upperwing,1274
unctuous,4712
unchaperoned,1626
unconcernedly,3869
ujźrzał_X,2564
unreflective_ADJ,5394
une_X,82989
upperparts_NOUN,6008
uprights,4322
underwent,91498
unaccomplished_ADJ,1189
unqualified,30916
unmanned_ADJ,20584
utensils_NOUN,40561
unsecure_ADJ,1055
unhinged,12168
usurp,12755
underpass,3449
unbundled,1565
underground_ADV,28622
upraised,8566
untidy,19002
ummara,2752
unprepared_ADJ,46698
unsuspected_ADJ,11186
unfrozen,2501
umadto,1337
understanding_VERB,608274
uncracked_ADJ,1073
ubiquity_NOUN,21270
unexcelled_ADJ,1278
unbelievers,21576
uttering_VERB,44167
upscaling_VERB,1590
undisguised,12257
unconfident,1296
unacquainted_VERB,10949
upholstery_NOUN,12867
univ,1691
unappealing,7634
untruthfulness,1883
ultrashort,2332
umbels_NOUN,1953
undies,4996
unannounced_VERB,2604
undresses_VERB,1367
undelivered,1666
undistorted,2972
upregulation,18021
unenhanced,1992
uddrev,1271
unexplained_ADJ,43630
unordered_ADJ,4827
unliquidated,1237
unfulfilling,2172
utilising,15752
updo,1582
uniting_NOUN,2460
unglamorous_ADJ,1918
undershirt_NOUN,6754
untethered_ADJ,5609
unacceptable,97008
unthinkingly,4388
unguiculata,1242
unceasing,16773
uglier_ADJ,7406
uplift,34141
unconcealable,2001
urologist,3512
upto,11286
unchastity_NOUN,1398
unbeknownst,8468
ubiquitinated,1236
uncoil_VERB,1141
ulkokullatut,1079
unbalanced_VERB,2643
ulcerans_NOUN,2251
urais,1501
unsustainability,2651
untranslatability_NOUN,1082
upbringing_VERB,10460
unverifiable_ADJ,2968
unconcealed,3892
uncheck,1428
unjustly_ADV,30154
unmerciful_ADJ,2783
unsymmetrical,2833
unyielding_VERB,1628
untrue,38410
undistorted_ADJ,2704
uncleanness,8814
understory,5504
undisciplined,11896
urine_ADJ,5022
uncorked_VERB,4242
uprights_NOUN,4276
undeviating_ADJ,1910
unstinted,1748
unfoldment,2139
uncoordinated_ADJ,9519
uprightly,2422
unsnapped_VERB,2402
usury_ADJ,2722
urgings_NOUN,2588
ultrafast,5086
ugh_X,5730
unfunny,1166
unbiased_VERB,1224
uridine,2533
universelle_X,1208
unpicked,1341
unfaithful_ADJ,26812
ulster,2357
undefiled,5685
unethically_ADV,1748
usin,4294
unexercised,1093
uwielbiony,1151
urgencies,1732
unphilosophical_ADJ,1638
unlicensed,14714
underpins,21197
unpolluted_ADJ,3325
unobjectionable,2714
unburdening,1961
uns_X,6684
untamed_ADJ,11969
upregulated_ADJ,2309
unimproved_VERB,1904
uncomplimentary_ADJ,2266
unwonted,12537
unseaworthy,1154
usury,17153
unsuspicious,3829
ubiquitin_ADJ,4383
unbridgeable,4335
unskillful_ADJ,1632
unhinge,1510
ulamā,1458
unprovable,1905
untested_ADJ,11155
unthinkingly_ADV,4339
uncleanliness,1928
unresponsive_ADJ,25154
unified_VERB,58328
unarguable,1003
unravelling_ADJ,1825
undulatory_ADJ,1347
unclenched_VERB,3102
underfed_ADJ,2165
unconventional,52284
unchained,3290
undeclared,5982
ua,5778
upsetting_NOUN,2641
unutterably_ADV,3357
unhampered_VERB,2651
unsubstantiated,8362
underage_ADJ,12858
unable_ADJ,1049263
unencrypted,2873
upgradation_NOUN,1510
unconsolidated,4157
unwearied_ADJ,4168
unreinforced_ADJ,2781
unimaginable_ADJ,42328
unraveling,15129
unhallowed_ADJ,2895
underwhelmed_VERB,1183
undersection_NOUN,1171
unobservable_ADJ,10117
unattributed_ADJ,1698
unsocial,2852
unruptured_ADJ,2067
unquestioned_ADJ,13197
unmistakeable_ADJ,3802
utilized,257604
unmet,21312
und_X,261416
unmanageable_ADJ,14081
undiagnosed_VERB,1800
undisputed,25878
unpropitious_ADJ,2176
untie,18733
unsanitary_ADJ,5992
united_ADJ,12861
unstated_ADJ,8309
unshod_ADJ,1416
utes,1444
uteri_NOUN,1548
unseasoned_ADJ,1777
uprisings_NOUN,26798
unexposed,5689
undistinguishable,2063
unattainable_ADJ,24706
uppon,1445
unravelled,6535
undying_VERB,1149
urbanised_ADJ,2318
unzip,9232
unwavering_ADJ,1384
unrevealed,2248
understates,2088
unflavored_ADJ,1187
unwritten,29989
unloosed_VERB,1937
unmeasured,6671
unobtrusive_ADJ,15081
unfold_ADV,3467
unmet_ADJ,20733
unhealthy,83678
underperform_VERB,1542
unheeded,11769
unconquerable_ADJ,8962
undaunted_ADJ,10168
unvarying,6199
unnecessarily_ADV,45018
unfazed_VERB,5112
unexcelled,1281
unanswerable,10446
unbaptized_ADJ,1987
uncoiling,2115
untrustworthy_ADJ,15392
unhappiness_NOUN,47636
unhandsome,1187
unstuck_ADJ,3450
underwing,3376
unabashedly,7743
uterosacral,1344
underrated,6891
ultrasonography,16362
unbinding,1916
unilinear,1989
upkeep,15743
unlawfully_ADV,11561
uprooting_NOUN,1918
uncompromised,1589
unclaimed,7120
uplink_ADP,1110
unifies_VERB,6646
untruths_NOUN,2405
unpacks,3739
undergird,5932
unwinnable,1915
unavailability_ADJ,1035
unicity_NOUN,1400
uzdravený,1030
unreached_ADJ,1399
unhappy_ADJ,284209
unranked,1198
unilateral_ADJ,90553
uplift_ADV,2762
usus_X,1439
unapologetically_ADV,6142
ucts,1074
unseal,1476
unfashionable_ADJ,6123
u0_NOUN,1093
undergrads,1858
unum_NOUN,1119
ubiquity,21360
ungreased,2064
unblushingly,1356
use_ADJ,99346
uch_ADJ,1102
underserved_ADJ,12067
underwent_ADJ,11476
untied,32632
usual_ADJ,1075019
unlived_ADJ,1478
undergarment,4205
unionize,2229
unaffected_VERB,1331
unaccented,2902
unequaled,3039
unedifying_ADJ,1271
unemotional_ADJ,8253
uzřel,3693
undirected,11667
untrained_ADJ,24191
univocal,6695
unbeaten,3346
undulations,10306
utilizing_ADJ,1484
unostentatiously,1056
unimaginable,42894
unimodular_ADJ,1416
ultricies_NOUN,1686
unnatural_ADJ,100762
updraft_NOUN,1965
utterance_NOUN,105549
underpinned_VERB,33745
unpropitious,2176
urologic,3730
umpire_NOUN,12299
uzdrowiona,1384
unacceptability_NOUN,1946
ummah,3033
unstressed,9099
untrodden_ADJ,3575
urbanised,3036
untiringly_ADV,1234
unbranded,1140
underserved_VERB,1437
unpicking,1332
ungodliness,3060
undetectable_ADJ,13698
uterine,62114
untapped_ADJ,12754
unsalted_ADJ,21207
undercurrent_NOUN,15641
upload_NOUN,4397
undermanned,1194
uncorrected_VERB,2244
uncivilised_ADJ,3400
underestimate,56768
usr_ADP,1908
uprising,69536
unseasoned,1899
ulieden_VERB,1012
unfashionable,6261
unshielded_ADJ,1477
ultrastructure_NOUN,5601
usurper,11638
universalizing_NOUN,1607
unidentifiable,6681
uncompromising_ADJ,27166
unexpectedness,3736
unwounded,2186
unpretending,2915
unwisdom_NOUN,1053
unfoldment_NOUN,1518
unfazed,10190
ultrasonic_ADJ,38922
useth,1372
unsteadiness_NOUN,1610
unyielding_ADJ,24425
unscrewed,7482
untenanted_ADJ,2322
unattached_ADJ,5732
untie_VERB,15808
unredeemed_ADJ,2539
umma_NOUN,6291
uN_NOUN,1364
und_ADP,8776
ungoverned_ADJ,2835
undecided,23102
utters_NOUN,4084
untidiness,2322
ungracefully,1228
underdeveloped_ADJ,38034
urgently_ADV,69645
ul_ADJ,15647
unsuccessfully_ADV,33019
underpaid,7520
unincorporated,9307
unearned_ADJ,9688
underpayment,2344
unwell,32061
unreasonably_ADJ,4371
unethically,1778
unhealthful,1432
unfolds,47317
unreimbursed_ADJ,1102
undecorated,2327
upon_ADV,10337
under,9523678
unnamed,45196
unravelling_NOUN,2318
unregarded_ADJ,1375
uniting,37990
urachus,1021
ump,1321
unformulated,1188
upgrading_NOUN,14513
unrestricted_VERB,4121
uncrossed,5241
unreliable_ADJ,69512
univocal_ADJ,6689
usefully_ADV,29248
underfunded,6790
unbelieving,13266
unmentioned,4968
unwelcoming,4316
upland_NOUN,3497
učeníkom_NOUN,1879
unchosen_ADJ,1076
undercuts_NOUN,1039
unicorns,12989
uncongenial,4747
unbalancing,1223
unoccupied,28639
underwrite_VERB,8897
uel,2506
unfallen,1208
undergrowth,28270
upbeat_NOUN,1908
unperceived_VERB,3822
uncanniness,2086
unglued_VERB,1760
unbent,2648
uczniom_X,4643
undulated_ADJ,1068
unsee_VERB,1662
unipotent,1134
unspotted_VERB,1432
uptake_NOUN,151610
unenthusiastically,1273
uncontradicted_ADJ,1113
unpleasure,1032
uncurling,1120
ungrounded_ADJ,3951
ushered,79357
undeserving,12167
united,259025
utilizations,1202
unsteadiness,3932
unpubl_ADJ,1001
unsustainable,31504
uniting_ADJ,1993
uczniowie_VERB,1021
unopened_VERB,3350
upturn,4430
unleashed,58935
unbiassed,1543
unregarded,1413
unzipped_NOUN,1086
unaddressed_ADJ,6925
unsaturation,2656
unexceptionable_ADJ,3452
uncommonly,21491
unplanned,27071
urging,110636
unmindful,7164
unwholesome_ADJ,11765
undergoes_NOUN,1599
unspeakable,42845
urais_NOUN,1442
unrecognized_VERB,7630
uj,2983
ue,5621
uns,16288
uric,14206
učeníkmi,2053
unprecedented,144796
urdhër_X,1147
underlined,59072
unattested,1899
undisciplined_VERB,1389
unsay,1191
upwards_ADV,120522
unzipped_ADJ,1931
unction_NOUN,6590
untrammelled,3865
unabated_ADJ,14420
universe_NOUN,584532
unblocked,2013
uncontrolled_ADJ,53871
unknowns_NOUN,25131
urge_NOUN,192735
unnameable_ADJ,1729
unsustainable_ADJ,31488
underlies_VERB,39823
unthankful_ADJ,1494
unsubscribe,1791
unaccusative_ADJ,2071
uncomplicated_VERB,1325
unos,4152
usque_X,3415
understandably_ADV,35596
unmediated_ADJ,10344
unsatisfactory,51307
undergone,96169
unalloyed_ADJ,5800
untold_ADJ,28422
upswing,5457
utopias_NOUN,9273
upstairs,326636
unmanifest,1194
uncompressed,2244
uncalled_ADJ,4832
unendurable_ADJ,8774
unseating,1257
unassimilated,1292
uterus_ADJ,1038
uncanny_ADJ,61018
unceasingly_ADV,15473
unmercifully,5507
unborn_NOUN,4454
upsets,14800
urged_VERB,286644
unprocessed_VERB,1272
undercover,40685
unwarranted,26814
underwater,80401
unknowingly_ADV,29767
undigested,5571
undercutting_NOUN,1025
university_ADJ,17244
undramatic,1380
ureteric_ADJ,4094
unlabelled,2487
underrepresented_ADJ,12727
upfront_NOUN,4061
unassociated,1304
underfloor_ADJ,1288
underdetermined,2593
unlatch,1617
untaxed_ADJ,2154
ungallant_ADJ,1152
unanchored_ADJ,1100
uninterruptible_ADJ,1204
updates_VERB,38240
untied_ADJ,9152
undisturbed,54238
unseasonable_ADJ,4090
undergraduate_NOUN,35098
underclass,9566
ultrasounds,2927
underfitting,1062
unventilated,1071
uniquely,105227
unité_X,1113
unenviable,5520
unfortunately_ADV,183833
uninterrupted_ADJ,41331
u3_ADJ,1103
unconsecrated,1078
unreality_NOUN,12441
uncommonly_ADJ,6038
unintended_ADJ,57150
unpardonable_ADJ,9853
unhappiest_ADJ,1173
unblock_VERB,2058
upriver,11118
understory_ADJ,2389
unearned,10114
unsweetened,14875
uninspiring,4727
underrecognized,1013
upmanship_NOUN,1806
uniparental_ADJ,1261
urethritis,4129
uncertificated,1024
ungovernable_ADJ,7135
unaffordable_ADJ,5861
unvaccinated,2693
untamable,1814
undersell,1281
unimproved_ADJ,2840
unabridged,2996
unprocessed,9143
unguessed,1107
uppon_ADP,1328
unexpectedly,126520
unspoilt_ADJ,2724
unconsciousness_NOUN,16321
unremittingly_ADV,2249
unpainted_VERB,1004
uber_ADJ,3136
unshakeable,5593
unreinforced,2822
usurped,16569
unshared_ADJ,2250
unpracticed_ADJ,1141
unwary_NOUN,1770
until_ADP,6306832
unattested_ADJ,1321
ud_VERB,9908
urethra_NOUN,24207
urbane,8630
unrivaled,6122
uncontradicted,1184
urinary,122618
unashamed_ADJ,5548
unassailable_ADJ,10349
underline_VERB,33641
unselected_ADJ,3260
unamused_ADJ,1093
utilitarianism_NOUN,21434
ujrzawszy_VERB,1359
uke,1673
unpretentious,9521
upstanding_NOUN,4801
unintelligent,6422
unsafe_ADJ,62548
unhurt_ADJ,3665
uT_NOUN,2184
utensil_NOUN,6733
unfermented,1418
ultralow,2364
unmolested,11813
undeterred,7620
unblocked_ADJ,1404
urgings,2591
update_VERB,100309
usurpation_NOUN,12769
uttermost_NOUN,2224
uzdravoval,1732
undervaluation_NOUN,1816
underwing_ADJ,1373
univocity,2078
url_X,2436
unhealthful_ADJ,1430
unnecessary_ADJ,250150
untouchable_ADJ,15064
upbuilding,1899
unexplored,25267
unswerving,6674
untargeted,2318
unscrupulously_ADV,1776
unstimulated_ADJ,1445
unprofitable,19313
unphilosophical,1640
utilizes_VERB,50991
updates_NOUN,84060
ultras_NOUN,2400
uncomprehendingly,1867
unisexual_ADJ,2762
upheaval_NOUN,41585
unlikely,386805
unsmiling_ADJ,6629
universo,2430
unrepaired,1837
unworthily,2288
ubuntu,4009
unfavorably,5894
upturned,28436
uncoupling_ADJ,1210
unionization_NOUN,7300
unrelentingly_ADV,1903
unmistakable_ADJ,69151
universality,56612
upland,23002
undergone_VERB,92504
udhën,1053
upthrust,1021
uncompetitive,3710
unbranched,3487
understudy,4220
upbeat_ADJ,21540
urbanites,4985
unidentified_ADJ,36940
upside_ADJ,18631
uzdrowił,4159
unwomanly_ADV,1053
unjustifiable,11450
unreal_ADJ,45889
unrealised,2907
unpublished,96195
unscrupulousness,1051
ui_ADJ,1671
u,1103524
unemployed_ADJ,88635
untying_VERB,6014
upodobało,1500
unmindful_ADJ,7087
undreamed_VERB,2180
ular,2305
unclassified,7434
uninvolved,6948
upstage_VERB,1221
um_ADJ,14343
universalism,24387
unanticipated_ADJ,24129
uncurl,1336
undernourished_ADJ,4967
uncoupled_VERB,2602
unlooked,5939
uncuffed,1188
undeformed_ADJ,2404
upending,3390
uncontained,1484
undecidability,2714
underinsured,3646
unprompted_ADJ,1823
usual,1075568
unrivaled_VERB,1340
unforeseen,44902
urge,280808
upstart,11957
unplanned_ADJ,26254
underrepresented_VERB,10866
unvalued,1205
unfortified,1204
underrepresentation_NOUN,5375
unattached_VERB,3787
utopians,1574
untrammeled,3266
unalterable,11166
unas,2452
unrewarding,2152
ungrammaticality,1824
unruffled,9881
uteroplacental,1452
uncomplainingly_ADV,1542
uproariously,3882
underdiagnosed,1654
unintelligibility_NOUN,1602
unbuttoning_VERB,9076
upliftment,2247
unconvincing_VERB,2355
unsubstituted,1858
upraised_ADJ,2471
unionisation,1041
umbo,1131
unhallowed,3439
utes_NOUN,1370
umm_X,4979
uncalled_VERB,1771
utero,18061
unlived,1510
unstrapped,2370
unus,2328
unreflecting,1373
unpremeditated_ADJ,2768
underachieving,1159
urbanizing,2689
unimportant_ADJ,56083
unclean_ADJ,60228
ulterior_ADJ,22477
unversed,1004
unintegrated,1219
unskillful,1634
ud,20922
usque_ADJ,1113
uncredited,9026
unmatched,14090
undiluted_ADJ,4447
unlearn,6267
unshared,2741
unsurpassed_ADJ,4531
uphill_ADV,18129
unacceptably,5911
unbounded_VERB,6787
unintelligible_ADJ,28038
uc_NOUN,1168
unshielded,1746
undeceive,2535
underprepared_ADJ,1654
unspectacular,1731
unimproved,4826
unclip_VERB,1213
unpalatable_ADJ,10677
uproarious_ADJ,4591
upholds_VERB,9257
ul_X,1911
unworkable_ADJ,7632
unqualifiedly_ADV,1102
ungoverned,2916
uczynił_VERB,1334
unacknowledged_ADJ,14561
ubiquitin_NOUN,7384
usurps_VERB,2344
unblock,2156
upgrades_VERB,2876
unsinkable,1297
unital,2109
unauthorised,12616
urethral,23684
udon,1570
ultrashort_ADJ,2053
unwary,9509
unusually_ADV,116222
unceasingly,15562
unit,1266459
ultramafic,2428
underline,36840
udders_NOUN,2365
unplugged_ADJ,1344
uncontrollable,47777
undefended_ADJ,4618
uncoupling,5531
unquantifiable,2025
unkindness_NOUN,6303
unlikelihood_NOUN,2068
underplayed,2117
uncompetitive_ADJ,3699
undersigned_VERB,1266
ubasan,2030
ungraceful_ADJ,2666
uncaused_ADJ,2074
unfermented_ADJ,1403
unties,1981
underdone,1368
unimpressive,4977
underlie,40526
uczynił_ADP,1729
upshot_NOUN,19238
uncle,515559
unemotional,8254
unusual,514961
unwise,36896
unbiblical_ADJ,1881
unaccustomed,24394
ukulele_NOUN,3691
usan,1099
učedlníků,4337
utsendt_ADJ,1010
uhn,2358
upbraided_VERB,4418
unfrozen_ADJ,2016
unleash,32358
unconditionally_ADV,30498
uk,13064
undermined,89219
unerringly,5454
upfront_VERB,1553
underprepared,1891
underlines,32520
unholy,23803
urchin_ADP,4260
unbalance_VERB,1750
uplifting_NOUN,3135
unvaried,1406
undertone_NOUN,21620
umbral,1063
unspecific_ADJ,5178
unilinear_ADJ,1617
underperforming_ADJ,1941
uncharacteristically,13138
unhealed_ADJ,2248
usr_ADJ,4123
unsupportable_ADJ,1365
unreality,12683
unbundling_NOUN,2321
upshot,19428
uracil_NOUN,3791
unbreakable,13379
undeveloped,25374
unpremeditated,2851
uncial_ADJ,1202
unthinkable_NOUN,2629
uncross,1054
urinary_ADJ,103442
unconvinced_ADJ,17715
underestimated,70882
unhorsed_VERB,1699
user_NOUN,1004863
undertaker_NOUN,13288
unexhausted,1108
unravel_VERB,37570
unbidden_VERB,1105
unlivable_ADJ,1433
unbothered,2680
upland_ADJ,15247
unexamined,10175
unusable,10609
unjustified,22681
unitarian,1112
urothelial,8342
urns_NOUN,10574
unfortunate,236727
undercapitalized,1207
upperclass_ADJ,1534
unaudited_ADJ,2606
uniting_VERB,33525
unbanked,1730
unshackled,2300
unresponsiveness,3542
uncollected_ADJ,3415
unprofessional,13691
unowned_ADJ,1349
unclothed_ADJ,3811
understating_VERB,1577
unglued,2067
unsaturated_VERB,2935
utmost_ADJ,134511
uppity_ADJ,2132
unbalance_NOUN,4285
undercurrents_NOUN,5965
uр,3139
unius_X,1262
up_NOUN,765785
undergo_VERB,179961
uneaten,4562
uniform_ADJ,266025
unrolls_VERB,1333
upstream_ADV,60363
undecipherable_ADJ,1997
usando,1099
umbrella_NOUN,133873
unpeeled_ADJ,2169
unpersuasive,2514
undulated_VERB,4103
untended_ADJ,3409
utilise,22092
ultrasensitive,3128
urdhëroi_X,2490
unclothed,4144
uninterested_VERB,2739
up,33342269
undelivered_ADJ,1172
unimpaired_ADJ,6423
unflinching_ADJ,11772
unjustly,30558
ultrahigh_ADJ,6431
unvisited_ADJ,1722
unhesitating_ADJ,1929
undefeated_VERB,2772
ultrasonication_NOUN,3178
unruptured,2078
uri_X,2752
unsavoury,5952
unmoving,20955
uttering,45533
unawareness_NOUN,4203
uy,2099
unblushing,1630
unfaltering_ADJ,1870
unconscionability,4228
undergone_NOUN,2588
uppermiddle,1189
unedited,4080
underpricing,1440
unsalted,22991
unchecked,29370
ungracious,5816
underwriters_NOUN,8274
unreserved_ADJ,5641
unclasp,1691
unfruitful_ADJ,4696
understudies_NOUN,1248
unsympathetically_ADV,1135
ultrafine_ADJ,4496
udders,2374
understandeth,1011
usa_NOUN,5325
unearthly,18520
undresses,1491
understood,1689221
unwisdom,1075
už,3755
undreamed_ADJ,1259
us'd_VERB,1952
unripe_ADJ,6611
untouchable,15077
underwhelming_ADJ,2167
unionism,13371
unquantifiable_ADJ,2025
upholder_NOUN,2084
undependable,1444
urogenital,6047
undoing_ADJ,1832
utopianism,7125
unmade,9091
uncompromising,29573
utter_ADJ,207182
untried_ADJ,8393
unreasonably_ADV,17747
unfathomed,1451
uncharted_ADJ,13291
uninspired,5248
unsolicited,17153
unburied,5390
unheeding,3410
unknowing_ADJ,7094
utu,1146
underreported,3555
unipolar_ADJ,10611
unsubstantial_ADJ,3920
unlike,479187
unanimous,53421
uzelven_VERB,1568
unfussy_ADJ,1070
upregulating_VERB,2308
unmatched_ADJ,11580
upset_NOUN,46774
uncharged,5362
unmonitored,1581
unlaced_VERB,1887
u2,12578
unattended_ADJ,15979
unmanaged,3958
uhh_X,1053
unrounded,1332
underdog_ADJ,4939
unwounded_ADJ,1205
unconventionality_NOUN,1365
unsee,1703
uveitis_NOUN,11892
umadto_X,1334
unfunded_ADJ,4172
unrolled,14150
uninterruptible,1207
undismayed,2059
usurp_VERB,11686
unruly,48118
ultrasound_ADJ,9267
upregulated,16244
unhygienic,3547
underdetermination,2269
upslope,2729
unaccustomed_ADJ,23950
uninhibited_ADJ,11042
unwinnable_ADJ,1914
unappeasable,1098
unpredictable,113992
unfilled,7743
unzipping_VERB,4430
undefeated,6809
ular_ADJ,1522
unmasking_NOUN,1533
unlatched,5903
unpredictability_NOUN,19076
upsell,1010
usurers,2857
ut_ADJ,7441
untill,3000
unilaterally_ADV,27793
underrated_VERB,1958
uczynki_X,2080
unbuttons_VERB,1609
understated,21422
unearthing_ADJ,1308
uninvolved_VERB,1591
uote,2147
usurps,2402
underappreciated_VERB,1113
uncollected,3674
unflagging_ADJ,4274
ura,1678
urgent_ADJ,248870
unsurpassed,9885
underway,66279
uw,1264
upand,1126
uprose,1229
ud_X,3038
underutilization,2098
unconjugated,3226
uploaded_ADJ,1678
unabashedly_ADV,6869
ubique,1229
unpleasantly_ADV,9252
unwinds_VERB,1600
undressing_NOUN,1671
underperformed_VERB,1754
uр_X,1364
unforced_ADJ,3252
unassimilable_ADJ,1491
undeservedly_ADV,1750
unchallenged,20265
upended,10795
unities_NOUN,7582
upstage,3267
unconditioned_ADJ,9018
unimportant,56084
upward_ADV,197269
unforgettable,26987
untrustworthy,15422
underthings_NOUN,1353
unobtainable_ADJ,4473
understudy_ADJ,2472
ujźrzeli,1392
unpolarized,1620
unselfishness,5922
utterance,108643
ultimacy,1268
uzřev_X,1326
uplink_NOUN,2489
unsold_ADJ,8529
underdressed_ADJ,1782
uncontrollable_ADJ,47698
ureters,5912
umbrächten,1408
université,1373
ute_NOUN,4342
unfed,1737
uneducated_ADJ,26441
unruly_ADJ,48113
undergirded_VERB,5148
uncover_VERB,77906
underdetermination_NOUN,2159
uproar,46640
unslung,1817
unscheduled_ADJ,9442
untilled_ADJ,1280
unharmed_ADJ,22781
undeformed,2724
unde,4321
unfolding,99517
uncleanliness_NOUN,1867
utterer,1539
unforgivably,1107
universal_ADJ,697320
uczyniwszy,1504
unspooling,1184
unmeaning,4518
unexpressed_ADJ,6552
uniaxial_ADJ,15061
unaligned_ADJ,1672
usar_X,1591
uncombed_ADJ,2032
unzip_VERB,7849
uttered,188268
usable,48965
utterer_NOUN,1456
uplifted_VERB,16048
upon_ADP,6934835
untrimmed,2274
underplays_VERB,1045
umbilical,35192
undoing_NOUN,18620
unconscionably,1172
unchallengeable,1793
undiscoverable,1236
undeniably,29714
unsolicited_ADJ,17151
unearthly_ADJ,15539
undifferentiated_VERB,3177
untamed_VERB,2019
unclenching_ADJ,1270
unification,64394
unprintable_ADJ,1043
unnamable_ADJ,1466
unavailable_ADJ,63073
ultrastructural_ADJ,7514
undefiled_VERB,2645
unions,230472
upmarket,8459
unacquainted,11275
ujrzawszy_ADJ,1457
update_NOUN,158877
uniformly_ADJ,4786
undistinguishable_ADJ,2062
untucked_VERB,1204
unsubstantiated_ADJ,7724
unfavourable,29092
universal,703628
unwillingly_ADV,24775
undersurface,2584
uncredited_ADJ,2837
untasted,2598
uniformities_NOUN,1776
untrue_ADJ,38263
unfastened_ADJ,1573
utilitarian_ADJ,56533
ume,1556
utters,16306
u2_NUM,5026
unfathomably_ADV,1765
unaware,160358
uniforms_NOUN,94009
uploads,8762
ult_NOUN,1872
untiring_NOUN,5812
underhand_ADJ,5164
unsanctioned_ADJ,2908
usu,2282
uncorrelated,13079
undulating_VERB,5356
unfitted_ADJ,4344
unaffectedly,1607
underpin_VERB,29838
unexpired,7671
unborn_ADJ,34410
uczniom,6703
underpowered_ADJ,2590
unsung,6210
utm_term_X,4804
ultimatums_NOUN,1921
unsearchable,2786
unalterably,2162
ues,1636
unenhanced_ADJ,1966
uncollectible_ADJ,2972
unhook_VERB,4652
ultrafiltration_NOUN,8901
ullamcorper_X,3717
unlikeliest,1019
underestimated_VERB,70879
unworthily_ADV,2252
uninitiated_ADJ,8040
unauthorized,65571
unconscionable,11914
undissolved,1596
urethroplasty,1816
uzříte_X,1176
untenanted,2365
unbiased,41356
urbanist,1373
utile_X,1450
unreacted_ADJ,3664
undoubted_VERB,2375
undereducated_ADJ,1016
unreasonable_ADJ,122663
unvarnished_ADJ,4818
usurped_VERB,15318
unnumbered_ADJ,6588
unsatisfying_ADJ,8334
unbeaten_ADJ,3242
untimely_ADJ,28171
uncinate_ADJ,1995
unimaginative,7262
ujrzycie_X,1380
underemployed_ADJ,4511
undetermined_ADJ,16276
uninterested_ADJ,17224
up_PRT,23465852
unbuckle,3483
univocally_ADV,1807
untroubled,11661
undead,22187
unrealistically_ADV,4949
undertakers,4316
unchanged,118062
ungainly_ADJ,11049
učedlníků_X,2946
uncomplainingly,1546
unilocular_ADJ,3230
unblocking,1159
unsigned,16176
unremarkable,24386
unexpired_ADJ,7538
unfavorable,52475
undervalue_VERB,4157
unprepared,46701
usefulness,109668
unbent_ADJ,1741
unintentional,35833
ulieden_NOUN,1999
unpredictability_ADJ,2240
undramatic_ADJ,1380
unpredicted,2344
upstream,96845
undulating,29047
unforeseen_VERB,1273
undisputed_VERB,5449
ultraviolet,44391
unfavorable_ADJ,52474
unworn_ADJ,1278
uncomprehending,5313
uniforms,95717
unified,169016
unavailability,11703
unequally,10969
ujrzycie,2645
umbrageous,1269
unsaved_ADJ,3888
unflappable_ADJ,4189
unworked_ADJ,1482
unreasonableness_NOUN,3064
unshakable_ADJ,9709
uncorrupted,4310
unadorned,11474
underemployment,7541
unchallengeable_ADJ,1793
universalization_NOUN,3931
unlikelihood,2118
unfeigned_ADJ,5085
unsettles,4043
unhappily_ADV,34776
untouched,73597
urodynamic,1412
unbearably,12497
ungodliness_ADJ,2700
unbearable,81878
upcoming_NOUN,1837
uppermost_ADJ,10942
unrepresentative,5219
unlovely_ADJ,5063
uveal,4279
ukulele,4007
upwelling_NOUN,4480
unbuttons,1653
upholstered_ADJ,8902
unequivocally,29774
unconnected,20708
up_,6570
unaccountably,7639
usage,364331
uczynki,2544
unbaked,1554
uncovers,11723
undershirt,6970
undescribed,3281
upon_ADJ,26926
unlatch_VERB,1561
untruths,4395
upside,116558
unobstructed,11617
undisclosed,14734
untruth,10074
unconnected_ADJ,17793
umbels,1985
unassociated_ADJ,1289
ucznie,1503
unlocks,10506
unfasten,4995
uncontaminated,7189
utf_ADJ,1559
unquestioning,8753
unloaded_ADJ,7709
untouched_ADJ,72745
uphold,72297
utilitarian,59069
uddriver_X,1515
ulnar_NOUN,4398
usłyszawszy_VERB,1026
ux_NOUN,1792
uveitis,12642
unblinking_ADJ,8790
undismayed_VERB,1180
undulated,5176
underbrush_NOUN,14242
ulster_NOUN,2049
undulates,1271
underplays,1081
unloading_VERB,40723
unplug,4344
unutilized_ADJ,1103
unanswered_VERB,3970
unbend_VERB,1788
unlighted,3242
unappealing_VERB,1247
uK,1867
ungrammatical,7254
unwarrantable,3222
uselessness_NOUN,8923
undemanding,3228
unitarity,1801
unforgettable_ADJ,26976
unfeminine_ADJ,2272
upstate,13179
utilization_NOUN,180012
up_VERB,6688
unclenching,2705
undecipherable,1997
ultimately,682545
unlawfulness_NOUN,2223
unas_X,1041
ultra,88489
umpire,15980
ujrzawszy,5175
unloads_VERB,1607
unvarnished,5754
usłyszą,1041
unconfessed_ADJ,1151
unthought_ADJ,3550
unturned,6586
uniformed_VERB,1926
unattached,9546
unbidden_ADV,1303
unpublished_ADJ,96166
unfriendliness,1408
un_NOUN,19795
uncontrollably_ADV,42084
understudies,1274
unopened_ADJ,14033
unfairness,22097
unorganised_ADJ,2568
underparts_NOUN,9319
uncles_NOUN,45138
uncultured_ADJ,5359
undesirables_NOUN,4068
unzipped_VERB,20384
unspoken,60941
unmoored,4542
unidentified,36943
ut_ADP,2463
unrelenting,27965
untuk,3752
unadjusted_ADJ,4633
unscathed_ADJ,24801
unnamable,1466
uzdrawiał,1961
unladylike,4676
us'd,2345
untestable,1384
uptight_ADJ,9527
unorganised,2710
uneasy_ADJ,158626
uid.,2128
ugly,296791
uncomplimentary,2266
unduly,38368
unsmiling,6668
unrolled_ADJ,1985
una_X,99786
unmotivated_ADJ,6060
underwriting_VERB,3629
unscramble_VERB,1003
unfurled_VERB,14458
urothelial_ADJ,7985
unlabeled_VERB,1312
unenclosed,1222
unison_ADJ,1665
unshaken_ADJ,4412
unpaved_VERB,4088
undergoing,134562
unproven_ADJ,9297
usurer_NOUN,4175
unsaturation_NOUN,2177
unspectacular_ADJ,1730
underpinnings_NOUN,28521
unsuccessful_ADJ,107455
unruliness,2174
untreated,56676
uronic,1338
uncompromised_ADJ,1093
unbecoming_VERB,1981
unsurmountable,1171
universidad,1101
unfrequently,8279
universitaires_NOUN,3735
ulur_X,2280
unessential_ADJ,1859
un_ADP,3035
unguents,1714
unencrypted_ADJ,2788
upsets_NOUN,4674
unexceptionable,3452
upliftment_NOUN,2210
upbraids_VERB,1002
uncouth_ADJ,16616
uveal_NOUN,1414
upstate_ADJ,9853
urate_NOUN,3508
unrealized_VERB,1653
undermines_VERB,43392
undeceive_VERB,2437
unpleasant_ADJ,188202
upend_VERB,3733
utricle_NOUN,1720
utilised_VERB,46443
utility_ADJ,9721
units,960178
urinate,9006
uni_NOUN,8164
unearthed_VERB,21274
usr,7406
untruths_ADJ,1793
uncollectible,2974
unconformity_NOUN,2939
unplugging_VERB,1874
unconfirmed_ADJ,5267
unemployable_ADJ,2244
undergarment_NOUN,4049
unrecognisable_ADJ,4567
učeníkom_X,3825
unlacing,1083
unshaded_ADJ,2518
upriver_ADV,10050
unimagined_ADJ,3155
unable,1049318
unsuspectingly_ADV,1237
unimaginably,5358
undeterred_VERB,1937
underneath_ADP,252309
unbelievably_ADJ,1049
underwriting_NOUN,14219
update,259209
uniformities,1817
uncertainties_NOUN,102658
underactive_ADJ,1027
unhealthiness_NOUN,1054
unpopularity,7379
unearthing_NOUN,1047
unframed_ADJ,1019
unwelcoming_VERB,1154
ug_NOUN,3057
uczynił_NOUN,3234
utterances,62695
ual_NOUN,1924
unlaced,3064
undistracted,1578
unimpeachable_ADJ,6124
unoffending,2340
unnerved_VERB,7573
unflavored,1491
unification_NOUN,64382
unmedicated,1105
uncritically,11725
uczynię_NOUN,1502
unsere_X,1170
universo_X,1122
underbelly_ADV,1873
unrestrained,29519
ultramarine,3878
uit,18584
unreported_ADJ,11251
undreamt,1311
undeserving_VERB,4221
underparts,10085
u_NOUN,1103457
unkindly_ADV,9519
univers,1479
undersized,5312
uninstructed_ADJ,1633
unique_ADJ,1089307
unmerciful,2787
unfenced,1818
understudied_ADJ,4025
uni_VERB,1739