Uchino_NOUN,1696
UART_NOUN,1925
Uphoff,1135
UCM,1793
Umballa,1258
Ullman_NOUN,6965
U.C.C._NOUN,5260
Urbano_NOUN,3731
UGA_NOUN,2143
UCF_NOUN,1809
Unhappily,4845
Umbilical_ADJ,1994
Uhm,3657
Unsure_ADJ,5024
UPS_NOUN,17007
Utensils,1481
Useful_ADJ,36994
Uniqueness,6574
Uzelven_NOUN,1345
Umesh_NOUN,2541
UVC,1755
Unclassified,2212
Unspeakable_ADJ,1521
Undermine_VERB,1565
Uhura,1143
Underneath_ADP,20481
Unclaimed,1611
Ultrafast,2265
UNT,2251
Undertakings_NOUN,3069
U.K_NOUN,1480
Universidad_NOUN,46049
Ultrastructural_ADJ,2492
ULF_NOUN,1602
UK_NOUN,1152257
Understand,78687
Urien_NOUN,3122
Uzziel,1528
UMNO,5514
ULY_NOUN,1662
UCSF,3708
Uniate,1093
UTI_NOUN,12919
Upgrades,1349
UEA_NOUN,1314
UDHR,9641
UNFCCC_NOUN,13236
Unspecified,6094
Unintended_NOUN,2114
Umwelt_NOUN,3724
Useless_ADJ,8042
UNIP_NOUN,1413
UBI,8402
Uninsured,4019
Underinsured,1049
Unexpectedly,25916
UNDP,28429
Urinalysis,4225
Unspeakable_NOUN,1709
UCS,8710
Unité,1476
Ultrasound_ADJ,2170
UMMARY,1185
UHV,2705
UNCRPD,1181
Unitarian_ADJ,5616
Unrecognized,1542
UKF,1791
Unported,1121
Undead_NOUN,5589
Urbanisation,3611
UAW,3228
Unofficial_ADJ,4924
Uveitis,2102
Unfinished_ADJ,6534
USIS,1421
Usk,2091
Undated,4629
UTC_ADJ,1191
UConn_NOUN,1525
Uden,1376
USA_NOUN,827540
Unbelievable,9003
Untouched_ADJ,1403
UDP_NOUN,14862
Undoubtedly_ADV,33131
Univeristy_NOUN,1218
Undetermined,1363
Unsecured_ADJ,1815
Uni,7340
UMP_NOUN,2623
UNICEF_NOUN,35675
UR,11749
Urie,1364
Ursus,7930
Unmarried,4239
Un_ADJ,7042
Untold_ADJ,1493
Unidas,1727
UNEF,1254
USEFUL,3199
Unni,1891
Unde,3346
UWA_NOUN,1205
UNDESA,1823
Unintended,5524
USENIX,4665
Unavailable_ADJ,1674
Uffizi_NOUN,4586
Unsecured,1817
Unwrapping,1143
Undercover_NOUN,3474
Unlicensed,1609
Utilising,1873
Undergraduate,14867
Ussher,4208
Umph_NOUN,1359
Urteil,1172
Unna_NOUN,2013
UPOV_NOUN,2379
University_,4798
Underparts_NOUN,1218
Uttara,2208
Ultimate_ADJ,4934
Urbervilles,1307
Unanticipated_ADJ,1315
Uses_NOUN,34600
Unkarilainen,2039
UO_NOUN,3915
UVF_NOUN,2331
Ubisoft_NOUN,1575
U.A._NOUN,1202
UNCAC,2598
USI,1223
URBAN_ADJ,1046
Unesco,5631
U.S.S.R._NOUN,13224
Uji_NOUN,1427
UNPROFOR,2047
Undergoing,2004
Untimely_NOUN,1655
Urim,3425
Underdevelopment_NOUN,4434
U.M.,1088
Uh,131799
Urania_NOUN,5363
Ultrahigh,1547
Unwrap,1170
UNCTAD_ADJ,1469
ULA_NOUN,1973
Upwork_NOUN,1234
Unobligated_ADJ,3637
UCHESS,1099
USA_,1428
Ultramicroscopy,1533
Undeterred_ADJ,5350
Unilateral_ADJ,8371
Utopias,4790
Uniting,4469
Utterances_NOUN,1659
Ushant,1391
UKSC,7564
Unternehmen_NOUN,1545
Ugarte_NOUN,2097
UCA_NOUN,2571
Urdu_NOUN,19222
USP_NOUN,19749
UCD_NOUN,5037
Use_VERB,307950
Uddin_NOUN,4221
Upperparts,2343
Unione,1428
Ullah,5348
Unholy_NOUN,2941
Unites_NOUN,2936
UNA,1752
Unbelievably_ADV,2270
Unwritten,2502
Urgent_NOUN,8861
Uysal_NOUN,1842
Unsigned,2134
UHF_NOUN,4856
Uncovering_NOUN,2353
Unsafe_ADJ,3774
ULN_NOUN,2506
UNraine_NOUN,1069
Ulema_NOUN,1527
Uncommon,11665
UHMWPE_NOUN,5426
USA,828968
Undying_NOUN,1809
Unanswered,1934
UniProt_NOUN,1238
Underparts,1397
Ungerer,1090
Unsolicited_ADJ,1380
Using_ADJ,2617
Unifying_NOUN,2196
UTR_NOUN,3460
Upwork,1236
Underwriters,3784
Urry,8014
Underlying_VERB,15653
Uwe_NOUN,7488
Unocal,2031
Urinary_NOUN,21443
Ukrainy,1039
UAC_NOUN,3037
Used_ADJ,7738
Usa_NOUN,1140
Umma,2794
Undo,5227
Urging,2119
UAS,7720
UAV,29871
Utsunomiya_NOUN,1162
Urmila_NOUN,2102
Unconscious_NOUN,15070
Upton,19439
Underline_VERB,1393
Une,21490
Underwood_NOUN,24813
UCNPs,1376
URIs_NOUN,2121
Uninvited,1259
UTs,1708
UEA,1317
Uric_ADJ,1020
Urey_NOUN,5436
Ulf_NOUN,11488
Ulaanbaatar,3585
Uriah_NOUN,15377
Unincorporated,1120
Uj_NOUN,1220
Unintentional_NOUN,1392
Untitled,10390
União_NOUN,1308
Ubaldo,1163
Universitet,1659
UPPER_NOUN,6181
UPR_NOUN,6935
UGA,2176
Urbanus,1296
UNIFIL,2358
Urbano,3747
Uncharted,1300
Unser,2584
UpToDate,4025
Unterricht,1653
UMC_NOUN,1881
Ursins,1115
UDP,16440
Unilever_NOUN,10511
Usual_ADJ,13143
Ulyanov_NOUN,1436
Unrest_NOUN,5468
Unsteady,2868
Users,67233
Utter_NOUN,4427
UNIFIL_NOUN,2335
Unwilling_ADJ,6765
Ulbrich_NOUN,1162
Uphold,1331
USPSTF_NOUN,2839
Universitario_NOUN,2287
Uki,1169
Universelle,3391
Umayyad,7338
Ufa,2938
Urville,1075
USCCB,1567
Urmson_NOUN,1079
Unconditional_NOUN,2191
Undernutrition,1075
Unintentionally,1099
Under_NOUN,1128
USGPO,1232
Ulsan_NOUN,1119
UDCA,1687
U6_NOUN,1068
Uncertainties_NOUN,6388
Ursule,1313
Urbain,3530
Union_NOUN,1293317
Utilized,1542
UniProt,1248
UGH_NOUN,1236
UNCLE,4275
Underlying,24316
UNASUR,1040
UN_NOUN,484533
UDHR_NOUN,9552
Uyghurs,3320
Unclear,4194
U.N.T.S.,2638
Utes,3557
UFW,3192
Unless_ADP,243172
Uncertain_ADJ,3770
Undertakings,3091
URGENT,1227
Unpopular,1298
Urge,5363
UT,34601
Until_ADP,350061
Ultrastructure,2513
Uxmal_NOUN,1523
UNO,5588
UASV_NOUN,1117
USMC,3833
Uitgeverij,1285
Uruguayan_ADJ,4062
Uday,3494
Undertaken_VERB,1221
Unamuno_NOUN,2103
USING_VERB,20171
Utilising_VERB,1247
Ugliness,1305
Uhlenbeck,2568
USCIS_NOUN,6233
Unlabeled,1117
UNHCR,34602
Upadhyaya,2998
UMA_NOUN,1791
UP_NOUN,83627
Ursuline,2322
Uzbek,11415
Unix_NOUN,9109
Unavoidable,1199
Unbelievers_NOUN,1587
UD_NOUN,8616
Urges,4060
Universita,1471
Unhappiness,1363
Undertaker,3010
Unbidden,2164
U.S_ADJ,20635
Ust,1134
UPON,11220
USPSTF,2894
UML_NOUN,14796
UNITS_NOUN,2933
U1_NOUN,4574
UGTT,1345
Unhealthy_NOUN,1352
Uriah,15379
Unbiased,2150
Uniformed_ADJ,1062
UNAIDS,4691
Uncomfortable_ADJ,4551
Unjust,5857
USTIN,1308
Urie_NOUN,1361
Uxbridge,2691
Usain,1742
Uehara_NOUN,2303
Unworthy,1566
Urals_NOUN,6947
Unravelling,3298
Uruk,7399
Unfamiliar_ADJ,1921
Unofficially_ADV,1178
Upstate_NOUN,3111
Unionists_NOUN,9743
Unabomber_NOUN,1287
UCH_NOUN,2001
URING_NOUN,1471
Unbound_NOUN,8069
Uhlans_NOUN,1940
Ulu,1784
USES,6959
UCG,1555
Undesirable_ADJ,2449
Unequal_NOUN,4560
Unhappily_ADV,4577
Unconventional_NOUN,3583
Unplanned_ADJ,1404
Ulceration_NOUN,1658
UCP1_NOUN,1089
UCSD_NOUN,2416
Ualan_NOUN,1562
USER_NOUN,7381
Uncollected_ADJ,1790
Unfold_NOUN,1380
Upanishads,9176
UPD_NOUN,1106
Unimportant,1057
Unstructured_ADJ,2089
Ulric_NOUN,4558
UIs,1153
Umbanda,1200
UCP,4353
Utterly_ADV,7275
U.S._NOUN,3780230
Uygur_NOUN,1410
Unpaid,8223
Ultimatum,2097
UVC_NOUN,1749
Unnatural,5470
UTH_NOUN,1074
UNSCOM_NOUN,1043
UTS_NOUN,3556
UFC_ADJ,1114
Uterine,9428
Upaniṣad,1298
Utilizing_VERB,10773
Ulysses,52510
Umberto,14273
Uma_NOUN,12581
UQ_NOUN,1932
Urey,5455
Unregulated_ADJ,1237
Umma_NOUN,2737
UNSEEN,1959
Utterances,1667
UNM,1505
UNU_NOUN,3505
Utica_NOUN,8100
UDF_NOUN,5200
Underground_ADV,2143
Urn_NOUN,3223
Utah_NOUN,108535
Urwin_NOUN,1595
UNECA_NOUN,1651
UAVs,14838
Univeristy,1227
UniversityD,1203
UNPROFOR_NOUN,1554
Universitatis,2672
UNDERGROUND,1892
Unrestricted_ADJ,1410
Unitary_ADJ,1378
Ulbricht_NOUN,5839
Ultra_ADJ,21170
U.S.C.S._NOUN,3351
Unbounded_NOUN,1205
U.S.,4025493
Unlike_ADP,370502
Unbounded,1939
Unorna_NOUN,1497
United_VERB,1919
Unidas_NOUN,1708
Universiteit_NOUN,6205
Undue,3036
Unstable_ADJ,9159
UDL_NOUN,11103
Unknowing,1894
Unfold,1754
UAH_NOUN,1144
Umayyad_ADJ,1367
Universiti_NOUN,9866
Umbrellas,1294
UPON_ADP,10641
Undermine,1565
Unruly,3432
Undocumented_ADJ,2663
Urchin_NOUN,1202
Ungerer_NOUN,1089
UNRRA,2391
UTHOR_NOUN,1924
Unwin_NOUN,38055
Unraveling,5498
Ugarit_NOUN,5149
Upanishad_NOUN,5056
Unresolved_NOUN,1167
Unethical,2119
Unparalleled,3846
Univ,78544
Ui,4668
Ushioda_NOUN,1115
Username_NOUN,1775
USR,1009
UF_NOUN,11768
Uterine_NOUN,8806
Utilities_NOUN,34711
Ural_NOUN,7308
Unstructured,4420
Upjohn,3602
USG,6389
Unbearable,2563
Unitarians_NOUN,4153
Unbelievably,2403
Upstairs,16434
Unbearable_ADJ,2559
Undead,6058
Universitaires_NOUN,8340
Uric,2595
Undersea,2474
UNIFORM,2100
UY,1014
U3A_NOUN,1097
Unknown_ADJ,85416
Umbra_NOUN,4318
University_NOUN,6497235
Umezawa_NOUN,1069
Ute_NOUN,9380
Umi_NOUN,1419
Uttarakhand,10264
Unorthodox,1160
Understood,29210
Usable,2957
Unfortunately_ADV,446995
Utopianism,1785
UPF_NOUN,3073
USARI,1433
Usury_NOUN,2578
Union_ADJ,3382
UHC_NOUN,3494
Ullii_NOUN,1590
UTH,1082
UNITAR,1216
Ulema,1620
Utmost,1389
Unions,34817
Unlock_VERB,2379
Unresolved,3588
Undaunted,4775
Unsteady_ADJ,1484
UCITS_NOUN,3279
URINARY_NOUN,1041
Unitarians,4172
UFA_NOUN,1611
USIC,1108
UPM,1930
Uli,2426
Undocumented,6187
Undergraduate_NOUN,10062
Ubi_NOUN,1833
UVR,2956
Ucenicii_NOUN,2732
Uri,15465
USCT,1049
Ulcers,3744
UNIQUE_ADJ,3131
USL_NOUN,1335
Urbain_NOUN,3525
U.P.,6630
UPFC_NOUN,1006
Unexpected_ADJ,17435
UNEXPECTED_ADJ,3550
UiO_NOUN,3070
Upland,5204
Upham,3365
Unveiled_VERB,3380
Uematsu_NOUN,1056
Uhh_NOUN,3364
UBIT,1073
U.s._NOUN,3095
Umpire,1864
Usagi_NOUN,1556
Udall_NOUN,5115
Undo_VERB,5225
Unfolding,5089
UPV,1525
UCSC,1037
Utopie_NOUN,1015
UEEN,2522
Universidade,16795
Uthman_NOUN,2799
USED_VERB,11793
Ullah_NOUN,5344
Uncomplicated,1995
Unmet_ADJ,1268
Uniaxial,1921
Unsuitable,1190
USPTO,4357
Uccello,1046
Unorna,1507
Utopie,1179
Uniform,63678
UNMIK,2613
Unabridged,1840
Unruly_ADJ,3431
Units_NOUN,55672
Unleash,1841
ULC_NOUN,1429
UNCLE_NOUN,4275
Ueno,6766
Up_ADV,86357
Unexplained,4426
Utopian_NOUN,5543
Ud_NOUN,2468
USG_NOUN,6366
UWI_NOUN,1109
Ugarit,5163
ULC,1491
Upset_VERB,2485
Ultraviolet_NOUN,8136
Unspeakable,3233
Uncommon_ADJ,11492
UID_NOUN,1765
Unsuccessful_ADJ,3385
Usha,5786
Urbina,2402
UNCTAD_NOUN,22831
Usama,1256
Unit_NOUN,211190
Underwriter_NOUN,1079
Unitary_NOUN,4883
Urged,4051
Utne_NOUN,1000
Universal_NOUN,164906
Underworld_ADJ,1120
USFS_NOUN,1505
USDA_NOUN,47173
UCSD,2424
Unreported_ADJ,1028
Urgent,12930
Unfair_ADJ,14547
Ukraine,165508
UNCERTAINTY,1646
USE_VERB,6224
Uman_NOUN,1135
UDF,5516
Upcoming,2142
Unusually,5477
Upson,1068
Ummah,2463
Urrutia,2263
Usagi,1557
U.S.C._NOUN,93726
Usara,1313
Unit,211729
UNCCD_NOUN,1546
Understanding_ADJ,17159
UAB,1358
Updike_NOUN,5137
UNO_NOUN,5540
Uneasiness_NOUN,1219
Unionists,9774
Uden_NOUN,1359
Universals,5450
Ugandans,1920
UU,2353
Ulnar,4788
Understandable,3878
Urania,5368
UIM,2963
UPSC_NOUN,1393
Urethritis_NOUN,1545
Utley,3884
Ueber,5402
Unpredictable,3011
Upwards_NOUN,2012
Ul_NOUN,5129
Uighur_NOUN,2605
Un,87228
URBAN_NOUN,4822
Ud,2476
Universiteit,6213
Ua_NOUN,4824
Unconscionability,1184
Ulster,42644
Unité_NOUN,1417
Urtica,1498
Upward_ADV,4352
Uniformly_ADV,1336
USE,38316
Unconscious_ADJ,4846
Unravelling_VERB,1970
URLLC_NOUN,1879
UGT_NOUN,2524
Upgrading,8397
Unnecessary_ADJ,5376
Upwards,2370
Umph,1416
Universitaria,3166
Ulmus_NOUN,1355
UART,1978
UGLY,1297
Unaccompanied_ADJ,1315
Ul,5935
Uriel_NOUN,10099
UST_NOUN,4251
Uehara,2305
Ultrason_NOUN,2718
Unsuccessful,3386
Urinary,28247
UNISDR,2618
University,6502653
Uttara_NOUN,2208
UNGA,12512
Unearned,2577
Usmani_NOUN,1012
Up_ADP,104508
Upload_NOUN,3107
Ulsan,1121
Uzziah_NOUN,6279
Unionist_NOUN,13381
Update_VERB,2215
Underwear_NOUN,2122
UHPC,1701
Units,55689
Universalis,1353
UGT1A1,1438
Untersuchungen_NOUN,10000
Urine_NOUN,22752
UBC,10195
U.S.C.S.,3357
Usher,14263
Unfree,1263
Upanishads_NOUN,9085
Unfolded,1229
Unanswered_ADJ,1587
USDHHS,2577
Udine,3964
UPP_NOUN,1275
Urs,5373
Undivided_NOUN,1127
UNODC,8941
U.S.P.Q.2d_NOUN,2228
UNWCC_NOUN,1034
Urea_NOUN,8812
Urswicke,1343
Ugaritic,4221
Unpredictability_NOUN,1075
UCLA_NOUN,37575
Udaipur,3047
Uji,1441
Unmanned_ADJ,1744
Unbridled,1133
UNCLOS,16860
URSS_NOUN,1714
Uhl,4531
Utilitarians,1867
UIC_NOUN,3077
UGI_NOUN,1098
Ussuri_NOUN,1044
UCG_NOUN,1540
Ursa_NOUN,8843
Union,1297285
UWA,1206
Unspecified_ADJ,6092
USCT_NOUN,1017
Uric_NOUN,1571
Una_ADJ,1340
UNDERSTANDING_NOUN,8732
Utilitarian,5117
Ultras_NOUN,1064
U.K,1488
URC_NOUN,1253
Uhhh,1843
Urbanus_NOUN,1291
Unethical_ADJ,1759
URSS,1916
UITs_NOUN,1077
Ultrathin,1499
Utilization_NOUN,28760
UNTSO,1080
U.S.A._NOUN,45695
Untying,1395
U.s.,3133
U,806264
UNE,3357
Unscientific_NOUN,1024
Uyghurs_NOUN,3320
Ulam_NOUN,3574
Unsure,7831
Umballa_NOUN,1258
UKPC,1097
Uther_NOUN,4279
Ursins_NOUN,1102
Updates_NOUN,12806
Uba,1346
Upside_ADJ,2295
Upheld,1179
Unregulated,2060
Ullstein,1301
Université_X,2551
Underserved_NOUN,1721
UMAN_NOUN,1190
Ubi,2021
USPTO_NOUN,4349
U.S._ADJ,61018
Unreal_NOUN,3457
Unbelievers,1587
Uplink_NOUN,2124
USEFUL_ADJ,3198
UTAUT_NOUN,1893
Uprooted_NOUN,1022
Universidad_X,1847
UFH,3220
Umbrellas_NOUN,1285
UG_ADJ,1121
Urol,26739
USIA,2225
Usury,2585
Ustasha,1877
UV_ADJ,3304
U3,2162
Unveiling_NOUN,2381
UNM_NOUN,1479
Untouchability_NOUN,1272
UNECA,1659
Unknowns_NOUN,1466
Unitarian_NOUN,7761
UNODC_NOUN,8546
Urrea,1847
Unsettling_NOUN,2182
Urbino_NOUN,6768
Ugolino_NOUN,1390
UCSB,1357
Uno,10076
Uist,1854
Unionization,1051
Ultron_NOUN,1374
Unalaska_NOUN,1723
Unemployment_NOUN,41556
Umm_X,12175
Universalist_NOUN,3929
UFF_NOUN,1081
Unluckily_ADV,2535
Unification,13037
Uriel,10111
Uy_NOUN,1275
Unleavened,3187
Uyghur,6555
Uncivil,1555
UPI_NOUN,4366
Ugliness_NOUN,1278
UKHL,5434
Unnamed,3282
Unreasonable_ADJ,2199
UCSF_NOUN,3704
Unclaimed_ADJ,1115
Ulman,1102
UNCITRAL_NOUN,10233
Underdevelopment,4473
Us_PRON,109895
Undue_ADJ,2272
Urothelial_NOUN,1277
Unemployed_ADJ,1891
Undercover_ADJ,1175
UNFPA_NOUN,4319
Utilization,28775
USSC_NOUN,1738
Unofficial,4936
Unearned_ADJ,1193
Uncontrolled,4867
Udham_NOUN,3408
Utah,108589
Ugandans_NOUN,1915
Ushuaia,1198
UNECE_NOUN,5325
Underclass_NOUN,1905
UNKNOWN,6814
Unload,1090
Usk_NOUN,2089
Uffizi,4656
Unlucky_ADJ,1723
Uber,54910
UWC,1107
UHMWPE,5511
Upadhyaya_NOUN,2996
Unperturbed,1010
USES_VERB,4950
Ulisse_NOUN,1116
Ukrainians,14532
Urea,8821
Ulmer,5286
Utopia,36858
Umayyad_NOUN,5961
UNIDROIT_NOUN,3228
Unsworth_NOUN,3444
Ultrasonics,2486
Uncertainty,54055
Um_NOUN,16375
U.S.A_NOUN,2097
Updating_VERB,11235
Uneven_ADJ,4041
Underlining_VERB,1140
Underpinnings_NOUN,1817
Universals_NOUN,5424
UTIs_NOUN,5457
Uke,5490
Underwear,2132
Urology_NOUN,14751
Uckfield_NOUN,1277
Underdeveloped,2841
Urbervilles_NOUN,1307
Ultima_NOUN,3428
UNDERSTAND_VERB,6097
Unites,3050
Une_X,8602
UAL_NOUN,1489
Unstoppable,1587
USUALLY_ADV,1024
UX_NOUN,16259
Urban_ADJ,58336
Unchecked,1287
UVF,2409
Unavailable,1676
Ut_X,2181
USERS,1732
Urswicke_NOUN,1342
Unload_VERB,1090
UNGPs_NOUN,1279
USAGE,1674
UCAS_NOUN,2197
Unseelie_NOUN,3334
Unto,18686
UNDERSTANDING_VERB,3635
Unidirectional_NOUN,1119
UNA_NOUN,1603
Universität,22711
UMI,3127
Univision_NOUN,1056
Unhappy_ADJ,8497
Used_VERB,143495
Unearned_NOUN,1383
Ussuri,1044
Unmet,2072
Unreal_ADJ,1716
Ullmann_NOUN,4913
Umwelt,4473
UML,15016
Unauthorized,8904
Unipolar,1871
Unaware_ADJ,5750
Universitätsbibliothek_NOUN,1159
U.C.,2271
Urdu,19261
Usaeil,1668
Unrestricted,2862
Unclean,2691
Unsatisfactory_ADJ,1123
Unprecedented,2639
Umemoto,1002
UW_NOUN,5604
UNIX_NOUN,6006
Unbalanced_ADJ,1469
Undeterred,5471
Uchida,7859
Uppercross,1005
USERS_NOUN,1731
UTP_NOUN,3900
UNIQUE,3131
Unsolved_NOUN,1649
Unknowable,1684
Unc_NOUN,2273
Upset,4996
U0,2480
Ubiquitin,1570
Urbanisation_NOUN,3592
UNCRC,4242
UNIVERSITY_NOUN,20054
Usefulness,7013
Undying_ADJ,1313
Unknowable_NOUN,1299
Uplands,2459
Unholy,4706
UTM_NOUN,3712
Usui_NOUN,2353
Umbrian,2313
UEs,5082
UB,8499
Unhappiness_NOUN,1360
Unilever,10522
UMMARY_NOUN,1185
Uttar_NOUN,31094
Uncontrollable,1467
Uhlmann,2655
UNDAY,1488
Unal_NOUN,1491
Unbundling,1018
Unsupervised_NOUN,5085
Universita_NOUN,1458
Unlucky,2384
Upheavals_NOUN,1062
UBP_NOUN,1001
USDA,50623
Ureña_NOUN,1351
Universities,74957
Ulama_NOUN,3137
Upload,4108
Utilitarian_ADJ,2713
UTHOR,1975
UHI_NOUN,2387
UNCED_NOUN,2479
Ukraine_NOUN,165127
Undoing_NOUN,1687
Unif_NOUN,1933
UNTIL_ADP,6442
Uhuru_NOUN,2339
Ursule_NOUN,1301
Uj,1287
UDP_ADJ,1494
Unseen_ADJ,11318
Urchin,1239
Ulick,3293
ULN,2682
Unpacking_VERB,4175
UNIVERSITIES_NOUN,1201
U.N.T.S._NOUN,2638
Undergoing_VERB,2004
Umeå,3174
UIP_NOUN,3046
UNIA_NOUN,1635
Uphill_ADJ,1055
UPV_NOUN,1512
Uhuru,2342
Usatine,1778
UNSCEAR,1085
Urethra,1558
Uptown_NOUN,4615
UCB,3482
Understanding_NOUN,111696
UW,6447
Unable_ADJ,57225
Urbinati_NOUN,1921
Uta,3982
Upheavals,1062
Up_PRT,69483
Uganda,96951
Unbreakable,1426
Ulcer_NOUN,4342
Unconditional,7166
Unpublished,60116
Utilitarians_NOUN,1857
UBS_NOUN,5864
UIA_NOUN,2793
Utrecht,30548
Uncensored_NOUN,1131
USSR_ADJ,2703
UN_ADJ,12293
Unsigned_ADJ,1299
USAWKD_NOUN,1022
Uruguay_NOUN,49141
Ueda_NOUN,9486
USCG_NOUN,1612
Une_ADJ,5518
Ulcer,4374
Username,1790
Uhr,2477
Urgently_ADV,1112
Upendra_NOUN,1397
Ultrasonic,10371
Under,831027
Ultrastructural,3384
Urethral_NOUN,3324
Upgrade_NOUN,2257
UNU,3510
Undertake,2118
Uppingham,1842
Unter,4115
Undertaking,5043
U.R._NOUN,1068
USO_NOUN,3809
USEPA_NOUN,11850
Undertaking_NOUN,3128
Usted,1729
Unionist_ADJ,1229
UG,10687
UM_PRON,1326
Upjohn_NOUN,3597
Usually,213723
Ugh_NOUN,2053
USB_NOUN,41531
Unlock,4192
Unyoro_NOUN,1059
UEEN_NOUN,2519
Unmaking_NOUN,4190
Utter,4432
Upstart,1037
USL,1397
Unpack,1013
Uz,2368
UNTS_NOUN,12868
Under_ADJ,14913
Unisa_NOUN,1211
UAM_NOUN,2154
UMBC_NOUN,1704
UP,141583
Universitaires_X,1028
UPPER,6415
Uzzah_NOUN,1677
Umayyads,2299
Underscoring_VERB,1280
USO,3818
Utilitarianism,9977
U6,1149
UTS,3684
Ultrastructure_NOUN,2475
Ustinov,2319
Ugolino,1395
Uhr_NOUN,2000
UU_NOUN,2197
Unsettling_ADJ,1189
UI,35454
Unmodified_NOUN,1151
Unitarianism_NOUN,3057
UCP_NOUN,4257
Unforgettable,2078
USERRA,1401
Unauthorised,1043
UPLC,1969
Umber_NOUN,1314
Uplift,2854
Unicorn_NOUN,12162
Ullinjve,1137
Ulcerative,4151
Uitgeverij_NOUN,1284
UNFCCC_ADJ,2073
Updated_VERB,22211
Ur_NOUN,18626
Uto,1299
USDA_ADJ,3408
Ultimate,39736
Urbanism,11425
Università,9932
Universities_NOUN,74907
UNIX,6015
UFC_NOUN,3475
Ureaplasma,2199
Utilitarian_NOUN,2389
Urgent_ADJ,4066
Utterance_NOUN,2299
Urga,1142
Ubiquity_NOUN,1306
UConn,1558
UPE,1401
Ujamaa_NOUN,1582
Urumqi,1801
Unhealthy_ADJ,2279
Uncle_NOUN,480196
Universidade_NOUN,16748
Ulrich,48405
Unsaturated,4175
UNSCEAR_NOUN,1037
Unacceptable,6728
USTC_NOUN,1287
Usman_NOUN,4471
UCS_NOUN,8593
Urology,14759
UNFCCC,15346
Uhm_NOUN,3609
UCPD,1304
Unconsciously,6801
Unraveling_NOUN,1551
Utu,1200
Upward_ADJ,5443
Uno_NOUN,9533
Udell_NOUN,1579
Uberti,1008
Unsung,1505
UPDATE_NOUN,6054
Unloading,1887
Universitatis_NOUN,2645
Unknowingly_ADV,8146
Ungrateful,2174
UNRISD,1314
Upaniṣads_NOUN,1362
Undefeated,1151
Unique_ADJ,31081
Unidirectional,1827
UE,29193
Urquhart,9127
Unhand,1137
Unlikely,9995
Unilateral,13702
UNKNOWN_NOUN,1566
ULTRA_NOUN,1527
Ultimate_NOUN,34738
Ultrafiltration_NOUN,2107
Unintentional_ADJ,2247
Unwittingly_ADV,1615
Usual,13164
Unsettled_ADJ,2392
Ulbrich,1165
Udi,1277
Uzziel_NOUN,1527
Utterly,7278
UD,8667
Uzun_NOUN,1529
Uli_NOUN,2408
URA,1990
Unction_NOUN,1211
Used,151393
Usui,2355
Ualan,1575
União,1313
USCIS,6391
UBM_NOUN,1727
Unger_NOUN,17205
USFWS,1856
UGV,1107
Upchurch,1521
Unpaid_ADJ,8223
Unpopular_ADJ,1298
UTILITY_NOUN,2447
Undefined_ADJ,1439
UNR_NOUN,1186
Untie_VERB,1334
UBLIC_NOUN,1391
Urals,6966
UCSB_NOUN,1356
Und_NOUN,6114
USHMM_NOUN,2140
UNKNOWN_ADJ,5229
Uniting_VERB,1112
Underwriters_NOUN,3776
Unresolved_ADJ,2421
Uruk_NOUN,7372
U.S.S._NOUN,3467
Uncover,3521
Ughtred,1097
Understandings_NOUN,4319
UserForm,2171
URINARY,1176
Undertaker_NOUN,2975
UKHL_NOUN,5426
Unfit,1527
Uniwersytetu,1233
Underpinning_VERB,2449
UASV,1117
UNTO_NOUN,2807
Unfamiliar,2927
Urmia,1300
USAID,26484
Underwater_NOUN,8911
Universite,2168
Untimely,2790
UOP_NOUN,2669
Unlocking_ADJ,1393
Ulama,3188
Uncertain,18010
UKSC_NOUN,7561
U.S.P.Q.2d,2948
Umesh,2554
UNSW,3838
UWI,1114
Untouched,1612
Unabridged_NOUN,1462
UNTAET,1108
Unchanged,2221
Unspoken_NOUN,1494
Undisclosed,1049
Unitas_NOUN,1510
Uniformed_NOUN,2306
USD_NOUN,96053
Unlike,370510
Universitat_NOUN,8250
Usaeil_NOUN,1664
UNCTAD,25776
Utu_NOUN,1190
Uppsala,19343
Unexpectedly_ADV,25914
Universalists,1187
Umbrella_NOUN,11820
UNMIK_NOUN,2597
Ulnar_NOUN,4680
Unsurprisingly_ADV,19845
ULF,1639
Unsurprisingly_NOUN,3477
Urbanization_NOUN,20067
Unimportant_ADJ,1057
UK,1155096
Unresponsive,1184
Universitario,2288
UEL,1000
Ubiquity,1306
UNSC_NOUN,12947
U.N._NOUN,27716
Undone,1710
Ubu_NOUN,1601
UNCERTAINTY_NOUN,1644
Ursprung,2813
Ulrika,3755
Ultramarine_NOUN,1045
UNLESS,1402
UNGC_NOUN,1744
Unlawful_ADJ,7524
Unsteady_NOUN,1089
URS,2182
Unser_NOUN,2561
Uncas,3143
Urso,1889
Unforgettable_ADJ,1515
USGS,15054
Untersuchungen_X,2596
Ultrafiltration,2116
Upheaval_NOUN,2877
Undersecretary_NOUN,3843
Unfinished,11410
UND,1904
UTs_NOUN,1687
USI_NOUN,1222
UNIVERSAL_NOUN,3866
Usman,4475
UFOs,8927
Ultras,1087
Updike,5155
USV_NOUN,1582
Učiteľu_NOUN,3534
UMT,1058
Useless,8044
Underwriting_VERB,1104
UCR_NOUN,6446
Utrecht_NOUN,30211
Urological_NOUN,2192
Unweighted,1060
U3A,1116
Unknowing_NOUN,1564
Util_NOUN,1898
Um_X,95743
Umayyads_NOUN,2291
Uplands_NOUN,2448
Untitled_NOUN,3644
Urry_NOUN,8003
Unidad_NOUN,2986
Unyoro,1061
Unternehmen,1890
Uncanny,6639
UNFPA,4434
Uhler_NOUN,3469
Uttarakhand_NOUN,10252
Unmasking,2401
Ulric,4664
Ummm_X,4592
Untangling_NOUN,1088
URM_NOUN,1291
UNION_NOUN,9877
USFWS_NOUN,1819
UIL,1156
UHV_NOUN,2685
UNDRIP,4017
UEFI,3113
User_NOUN,121449
Uso_NOUN,1158
UNIP,1422
UNWTO,5498
UCT_NOUN,3158
Undoubtedly_NOUN,3372
Untouchability,1287
Uncollected,2328
Utility_NOUN,40039
Unity,87171
Urrutia_NOUN,2234
Universality,5977
Ushant_NOUN,1383
Underground_NOUN,4094
USAWKD,1029
Uribe,8289
USTR_NOUN,2781
Ubiquitous_NOUN,7233
Ulcers_NOUN,3670
USNM_NOUN,2056
Umbra,4364
UCI_NOUN,5708
Ullinjve_NOUN,1136
UASB,3344
Understandably,10275
Uncivilized,1139
Unterricht_NOUN,1305
Underserved,1830
Unbroken_ADJ,2417
Ureteral,2005
Unknown,94646
Uloma,1828
Unpredictable_ADJ,3011
Uruguayan_NOUN,2639
Uses,68832
Ultrasonographic,1577
U.R.,1068
Undecided_ADJ,1038
UPMC_NOUN,1798
Unicode_NOUN,4993
U.S._,2032
Urbis,1512
Uniformly,2079
Unparalleled_ADJ,2522
Uprooted,1279
Uhhh_X,1719
Unique,31106
Unheard,1946
Uzziah,6292
Upregulation_NOUN,1977
USAGE_NOUN,1674
UNC_NOUN,9034
Universally,2134
UPR,7211
Unearthing,1449
Uploading,1740
Uinta,2288
UFF,1104
Ungar_NOUN,6019
Unnoticed_ADJ,1164
Usatine_NOUN,1778
USTR,2789
UDC_NOUN,4217
Uniformity,6744
Unauthorized_ADJ,8893
Univer_NOUN,1207
Unrelated,3253
UIC,3297
Ulla,4419
Unequal,11982
Uranium,11508
Unsurprisingly,23330
Uh_NOUN,11346
Unmanned_NOUN,5473
UIP,3048
Uttering_VERB,1458
Univision,1060
Undeniably_ADV,3101
Unfettered,1478
UNSC,16462
Untamed,1361
Ueber_NOUN,4879
Undoubtedly,36504
UNCCD,1596
UL_NOUN,13222
URI_NOUN,8342
UMD_NOUN,1117
UV_NOUN,136367
Ung,1603
Undoing,5621
Ugo,8253
United_NOUN,4159289
Underwriting,2813
Upside_ADV,3094
Unanticipated,1316
UHPLC,3244
Urgell,1485
Ullman,6980
Undertake_VERB,2118
Undesired,1481
Ury,2419
UNSCR_NOUN,2938
UVA_NOUN,9695
Udo_NOUN,4774
Unprotected,2104
UEFA,5240
Ulam,3574
United_,2859
Unheard_ADJ,1425
Upstream,6959
Unemployed_NOUN,4626
UTILITY,2466
Undersecretary,3843
UPF,3130
Unemployment,41591
Unveiling,3217
Unmasked_NOUN,1206
Uzzah,1681
UTILITIES,3522
UNLV_NOUN,1500
UPs_NOUN,1197
Ultimately_ADV,136409
Uterus_NOUN,4604
Unicorns_NOUN,2705
UTR,3546
Unsere_NOUN,1090
Usain_NOUN,1739
Ub_NOUN,3108
Utopianism_NOUN,1782
USSR,145139
Unforeseen,1682
UNHCR_NOUN,34275
Ultrasonic_ADJ,6035
Ude_NOUN,1669
Utopia_NOUN,36804
Ulman_NOUN,1102
Utopian_ADJ,9374
UNTIL,6448
Uvarov,3816
Undiscovered,1488
Uc,1372
Usable_NOUN,2525
Ultrafast_NOUN,1711
Ustasha_NOUN,1845
USMCA,2237
ULE_NOUN,1312
U.S.C.A._NOUN,5339
UHPLC_NOUN,3236
Ua,4824
UFW_NOUN,2936
Undaunted_ADJ,3983
Unable,57227
URGENT_NOUN,1019
Unidentified,6308
Unnoticed,1325
Ursa,9197
Urville_NOUN,1074
UTIs,5513
Um,113026
Usian,1451
Urgency_NOUN,4314
Uppsala_NOUN,19325
Uzun,1535
USDP,1076
Urethral,3590
Ulpian,1854
Uppingham_NOUN,1833
Urd,1526
Unionization_NOUN,1048
Uchino,1696
Unsatisfactory,1861
URBAN,5868
Unanimity,1110
Unusually_ADV,5477
UNITED,22741
Umeda,1476
Ulaanbaatar_NOUN,3357
URLLC,1930
UNE_NOUN,2992
UAW_NOUN,3077
Unforeseen_ADJ,1138
Ursuline_NOUN,2322
Ulm,9580
Unwritten_NOUN,2061
Uncle,480243
Undocumented_NOUN,2689
Unchanged_ADJ,2220
User,121500
Ullstein_NOUN,1286
Uppal,1072
Upadhyay_NOUN,5243
UUID,1813
Useful,37018
UCNY,1016
Useem,1160
Unacceptable_ADJ,6214
Utensils_NOUN,1474
Uri_NOUN,15405
URINALYSIS_NOUN,1283
UNSW_NOUN,3554
Urmia_NOUN,1299
Unarmed_ADJ,1487
Urquiza_NOUN,1054
Upgrade_ADJ,1424
Unholy_ADJ,1649
Université,29194
Universally_ADV,2134
Untouchable,2780
Uneasy_ADJ,5421
UCR,6455
Ursinus_NOUN,1278
UNOCI,1194
UNGA_NOUN,12403
UGT1A1_NOUN,1294
Unum_NOUN,1764
Ups_NOUN,7294
Umbria,4821
UTILIZATION,1230
UKPC_NOUN,1097
UKNA_NOUN,2305
USDHHS_NOUN,2577
UPOV,2384
Uexküll,3695
Unite,7293
Ulla_NOUN,4410
Unaffected,1261
Unity_NOUN,87138
UNICEF,36211
UBA,2056
Usurper_NOUN,1113
UNB,1078
Ulrik,2361
Upgrades_NOUN,1298
Unplanned,2499
Uggen_NOUN,1090
Urging_VERB,1312
U.A.,1207
Urged_VERB,4051
Understandable_ADJ,3876
UAE,41174
USAID_NOUN,24293
Uniform_NOUN,8483
USAID_ADJ,1304
Ulan_NOUN,1243
USIA_NOUN,2194
UC,44349
Upstairs_NOUN,5589
USPD_NOUN,1504
Usage_NOUN,28274
Undying,3174
Upshaw,1634
Undermining_VERB,1241
Unpleasant_ADJ,3131
Udolpho,2045
U.N.,28027
Umbria_NOUN,4804
Urgell_NOUN,1478
Und,10740
UA,19830
Urologic,2224
UpToDate_NOUN,3540
Utica,8137
Undone_NOUN,1180
UASB_NOUN,3336
U.S.C.A.,5430
ULTIMATE,2822
ULONG,1442
UNC,9484
UTC_NOUN,12497
Unbound,8198
UNCG_NOUN,1050
Unmistakable,1064
Uluru_NOUN,3363
Urgh_X,1654
Unison,1506
UVB,9152
UE_ADJ,1121
UDC,4249
Urs_NOUN,5364
Upaniṣads,1363
Upsala,1917
Unskilled,2306
Unfair,14554
Unscheduled,2137
Universitätsverlag_NOUN,2273
Unobtrusive,1105
Ura,1707
UKIP_NOUN,6949
Unione_NOUN,1397
Unsupervised_ADJ,5088
UX,16607
Ugly,18214
USNA,1921
Unprepared_ADJ,1509
Uz_NOUN,2364
Uneasiness,1219
Uphoff_NOUN,1133
Unkarilainen_NOUN,2039
Uduak_NOUN,1043
UNCAC_NOUN,2574
UMN_NOUN,3194
Uptake_NOUN,8492
Unlocking,7695
ULL_NOUN,1376
Upgrade_VERB,2404
Uncorrected,1007
Universitaires,9372
Unsure_NOUN,2807
UTA,2477
U.K.,38191
Upheld_VERB,1179
Uhl_NOUN,4527
Ukrainian,81330
UWB,6624
Ulcerative_NOUN,3290
Unconventional,6809
Unconstitutional_ADJ,1632
Ureteral_NOUN,1858
Universitet_NOUN,1655
UNR,1252
Uremic,1028
UH_X,1037
Underpinnings,1818
UPDRS,1003
UKNA,2305
Universe,126284
USFS,1539
Unaccompanied,2084
ULTIMATE_NOUN,2389
Ucenicii,5586
UOP,2682
Ulu_NOUN,1754
Unidad,3043
Uppal_NOUN,1067
Une_NOUN,7354
USAAF_NOUN,3437
Unión,4565
Upper_NOUN,211646
Ultrasonography_NOUN,6313
ULTRA,2335
UIT,1285
Uzi,3009
URIs,2160
UPU_NOUN,4406
Ubiquitous,9819
Ultima,3458
Usages_NOUN,1491
Unprecedented_ADJ,2639
Unsaturated_NOUN,3205
Uzelven,1569
Urgency,4316
UJ_NOUN,1490
Urogenital,1170
Update_NOUN,69577
Upright_ADJ,1603
UCHESS_NOUN,1099
Unchained_NOUN,1389
UCC,24517
Urges_VERB,4059
Unfazed_ADJ,1224
USIS_NOUN,1414
UNRWA_NOUN,3322
UNOCI_NOUN,1189
UIs_NOUN,1066
Urologic_NOUN,1727
UNWTO_NOUN,5445
Uhh,3422
USV,1592
Utopians_NOUN,2300
UNTO,4764
UCAS,2222
Unum,1836
Unnecessary,5379
USTICE_NOUN,1075
Uluru,3390
Urbanization,20084
Ultrasound,43010
UAA_NOUN,1714
UCLA,37620
Ujamaa,1610
Ulna_NOUN,1293
UBM,1755
Unlawful,7531
Uncertain_NOUN,14234
Ure,3082
Unarmed,2155
UTILIZATION_NOUN,1230
Uvarov_NOUN,3809
Ub,3179
Unfortunate_ADJ,5304
Urgently,1113
UNGPs,1282
Ugh,53342
Ustad,1213
Unexplained_ADJ,4412
UCD,5501
Urien,3128
UNDER,20931
UNWCC,1049
Ugandan,12505
Unif,1936
UMN,3260
Usurper,1117
Univer,1464
Universit_NOUN,1330
Uzzi,1866
Urinalysis_NOUN,4156
Underwriter,1080
Ullrich,4490
Unconstrained_NOUN,1372
Urizen_NOUN,1938
Unitas,1517
UPS,17019
Urge_NOUN,1171
USM_NOUN,3773
Undertaking_VERB,1911
Universalist,4069
UGUST_NOUN,1483
Uniformed,3369
UNGC,2021
Ungar,6087
Universite_NOUN,2021
UAT,1095
Unloading_VERB,1887
Ury_NOUN,2416
Underside_NOUN,1120
Ubiquitous_ADJ,2576
UCB_NOUN,3316
UNDERSTANDING,13028
Uneven,6947
Ulan,2012
Unlocked,1257
Urbana_NOUN,34991
UNCITRAL_ADJ,3467
Uzbeks_NOUN,3117
UMI_NOUN,3121
Unruh,3301
Unnatural_ADJ,4324
Udo,4787
Unskilled_ADJ,1520
Unequal_ADJ,7409
Understands_VERB,2532
Up,416087
Usability,13395
Understanding,358934
URM,1351
Unilateral_NOUN,5298
Ung_NOUN,1084
U.C._NOUN,2270
Urga_NOUN,1141
Universalism_NOUN,5739
Udham,3411
Unregistered,1088
Uda_NOUN,1641
UGTT_NOUN,1343
Uncertainties,6390
Ursprung_NOUN,2436
UAB_NOUN,1349
Unionism_NOUN,5789
UNEP,22299
Urn,3297
UNESCO,103237
Uppercross_NOUN,1005
USGPO_NOUN,1223
Ulrike,7275
Ust_NOUN,1133
Untie,2382
Unclean_ADJ,2051
Universitetsforlaget_NOUN,1989
UDR,1710
Unqualified,1218
UTF_NOUN,2928
UCSC_NOUN,1034
Universitätsbibliothek,1165
Unfazed,1289
Usually_ADV,213716
U4_NOUN,1147
Unaware,5750
U4,1597
USED,11932
Uy,1305
Ucenicii_X,2854
Underscoring,1387
U5,1046
UAR_NOUN,1962
UNISDR_NOUN,2614
UP_PRT,49620
Until,350157
Upset_ADJ,1787
Uninsured_ADJ,4017
Ustinov_NOUN,2315
USCS_NOUN,11519
UID,2259
Usenet_NOUN,1566
Utilize_VERB,5244
Uncover_VERB,3503
Ungaria_NOUN,1058
Universes,2486
Unmarried_NOUN,2770
Underhill_NOUN,11360
Upgrading_NOUN,1162
Unluckily,2701
Univariate,4053
Univ._NOUN,1922
Usability_NOUN,13379
Universitaire_NOUN,1989
UPMC,1806
UNITY,2728
UCNY_NOUN,1014
Unknown_NOUN,9184
Undifferentiated_NOUN,1330
Und_X,3955
Undeclared,1223
USNM,2061
Underneath,20481
Uplink,2215
Universelle_NOUN,3388
Untersuchungen,12603
Ulmus,1364
USS,38302
UDS,1325
Unseen,11322
Unsweetened,1121
Unmarked,1863
Unesco_NOUN,5630
Usages,1541
UNI,2543
Undermining,2935
URLs,16220
Upsala_NOUN,1914
UNraine,1103
Unquestionably,5066
Ubud,1538
Unlock_NOUN,1541
USING,20463
Unjust_ADJ,1033
UT_NOUN,34307
UWB_NOUN,6493
Uncontrollable_ADJ,1251
ULS,2003
Universitas,4474
UC_NOUN,41309
Unparalleled_NOUN,1321
Uttam,1233
Ug,1228
Uc_NOUN,1310
USB,42386
Undated_NOUN,4334
Utz_NOUN,2059
Urvashi,1363
Ureter_NOUN,1482
Universitetsforlaget,1989
UNDERSTAND,6099
Understandably_ADV,10275
Urberville_NOUN,1258
UAR,1981
UTL_NOUN,2653
Usmani,1012
Undergraduates_NOUN,2185
UPP,1296
Ullmann,4916
Uzza,1032
Uttam_NOUN,1230
Ulmer_NOUN,5284
UAP_NOUN,2452
Underclass,2059
Urbani,1353
Uematsu,1057
Upson_NOUN,1067
Uighurs_NOUN,1980
UNIDO,8490
Unintentional,3650
UNIDO_NOUN,8465
Uncanny_ADJ,6633
Use_NOUN,561912
ULS_NOUN,1974
Unleashed_VERB,2573
Ulva,2612
Undine,7148
UCY,1762
UTAUT,2006
Unchecked_ADJ,1009
Umpqua,1029
USACE_NOUN,1944
Udolpho_NOUN,2039
Unhappy,8497
Untangling,2436
Ungrateful_ADJ,1918
UAM,2197
Ugo_NOUN,8096
Uso,1193
UWC_NOUN,1069
Ultimately,136425
Unabomber,1443
Uba_NOUN,1344
Us,110019
UNESCO_NOUN,103171
United_ADJ,1426
Unbelief_NOUN,2284
U1,5713
USNA_NOUN,1921
Unthinkable_NOUN,1395
U._NOUN,258794
Urvashi_NOUN,1361
Umbrian_NOUN,1095
Uniqueness_NOUN,6413
UAG,1110
Upon_ADP,335791
Uloma_NOUN,1828
Ursulines,2139
Unwelcome,1664
Unified,30187
Unconscionability_NOUN,1173
Uniform_ADJ,55139
Uhlans,1943
Unknowingly,8207
Uterus,4829
URI,8389
Unifying,3778
Unwelcome_ADJ,1664
Urbina_NOUN,2400
Unison_NOUN,1506
UNLV,1710
UNet,1002
Updates,13465
USCG,1625
Ula_NOUN,1595
Uruguayan,6705
Ursulines_NOUN,2076
Unfolding_VERB,5087
Unfortunately,447009
UND_NOUN,1837
UAP,2459
UR_NOUN,11103
UNRWA,3390
Unborn_ADJ,2096
USP,19807
Unfavorable,2151
UITs,1101
Unter_NOUN,2253
UTM,3823
UNAM,4507
UGV_NOUN,1092
Underground_ADJ,47263
Untangling_VERB,1284
Unis,3139
UKIP,7016
UDA,2311
Urethra_NOUN,1549
UNCLOS_NOUN,16786
Unmaking,4409
Undifferentiated_ADJ,1056
Unbeknown_NOUN,1780
UPDATE,6092
Ute,9645
Uranus,15357
Unconventional_ADJ,3216
Umpqua_NOUN,1029
UMA,1835
UP_ADV,7933
Umberto_NOUN,14258
Unified_VERB,17771
USPD,1507
UES_NOUN,2257
US_PRON,81754
Use,870803
Understand_VERB,78663
Unease_NOUN,2608
Uther,4312
Uncensored,1309
Ut_NOUN,5595
Uncovered,1921
Urtica_NOUN,1494
Unlimited_ADJ,14751
UNDER_ADP,20251
Ursinus,1279
Ushioda,1115
Undesirable,2449
Uberto_NOUN,1009
Unmodified,1716
Unrelated_ADJ,3247
UH,5084
Uberto,1018
Ude,1703
Ujjain,1962
Unix,9121
U.S.A,2107
Untreated_NOUN,3351
Unwin,38092
Utilisation,3306
Utterson_NOUN,3612
Unraveling_VERB,3671
UTURE,1121
Uzbekistan_NOUN,32226
Undang,1004
Uganda_NOUN,96909
USF_NOUN,2501
Uva_NOUN,1513
Under_ADP,814832
Unreasonable,2832
Unfavorable_ADJ,2150
UFO,22507
UDM_NOUN,1031
Underside,1228
UNCITRAL,13770
UVB_NOUN,9101
Unjust_NOUN,4805
Unsettled,2937
UPI,4390
Ultramicroscopy_NOUN,1528
UCITS,3531
Unclassified_NOUN,1114
URINALYSIS,1283
Unaccustomed,1184
Undertaken,1221
UHT_NOUN,2255
Ultrasonics_NOUN,2486
Unsalted,1172
Uveal,1003
Ugh_X,50064
Undecided,1544
Upholding_VERB,1083
Unpub_NOUN,3283
Ultrasonic_NOUN,4318
Untitled_ADJ,6396
Unreliable,2488
Urticaria_NOUN,3095
Urim_NOUN,3407
Unwittingly,1666
Unplanned_NOUN,1080
UNIA,1637
UDT_NOUN,1043
USER,7385
Urwin,1597
Ulm_NOUN,9573
UPC,8788
UKE,4645
Unknowns,1478
Unlikely_ADJ,9707
USES_NOUN,2009
Underlying_ADJ,8654
UOC_NOUN,1031
UNSCOM,1043
Undergraduates,2202
Urol_NOUN,26735
USUAL,1363
UNITA,3960
Ultrasensitive,1002
UKF_NOUN,1784
UMNO_NOUN,5450
Utility,40634
Understandings,4324
Urbinati,1923
Università_NOUN,9807
Udell,1579
Unbelievable_ADJ,8999
Ultimatum_NOUN,2077
Uzzi_NOUN,1861
Uhmma_NOUN,1137
Uk_NOUN,2616
Utterance,2358
UNABLE,1270
Universitaria_NOUN,3155
UIG,1042
U3_NOUN,1518
Uveitis_NOUN,2037
USIC_NOUN,1103
UBI_NOUN,8352
Universitaire,1994
UOC,1037
Unbeknown,1784
Upside,6030
UPLC_NOUN,1896
UHT,2367
Unmanned,7251
Unleavened_NOUN,2519
Utgard,1098
Untergang_NOUN,1078
Unsatisfied,1835
Uhlig,2025
Unsafe,3779
Unsworth,3448
UBP,1058
Upholding,2082
USTC,1291
Ursula,47688
Urethritis,1558
Underdeveloped_ADJ,1169
Upshaw_NOUN,1634
Underweight,1028
Umbilical_NOUN,2972
Universidad,47959
Unipolar_NOUN,1292
Uncharted_NOUN,1207
Unnamed_ADJ,3280
Urumqi_NOUN,1786
UNL,1116
Uralic_NOUN,1097
UUP,5351
USACE,1947
Ulster_NOUN,42427
UAV_NOUN,29284
USENIX_NOUN,4664
UMTS,1597
UPSC,1395
Un_X,15766
Ughtred_NOUN,1084
USSC,1738
Unused,3562
UFA,1625
Urban_NOUN,284016
Université_NOUN,26532
Ukrzyżuj_NOUN,1040
Udi_NOUN,1270
Unwanted,6410
URS_NOUN,2174
UNITS,2933
Urkunden_NOUN,1079
U_NOUN,805831
UNABLE_ADJ,1270
Unrealistic,1777
USUAL_ADJ,1357
UEM_NOUN,1220
Ulna,1295
Untersuchung,4836
Uniaxial_ADJ,1137
ULTRASOUND,1059
Urkunden,1430
Utopian,14922
Urge_VERB,4192
Unocal_NOUN,2029
Uncas_NOUN,3097
Utilize,6144
Unprepared,1509
Unbeknownst_ADJ,6548
Utterson,3615
UNS,1831
Ulpian_NOUN,1804
UNIT_NOUN,18691
UNTAET_NOUN,1012
UQ,1934
Untreated_ADJ,2348
UAH,1179
UNIFORM_ADJ,1100
Upper_ADJ,4483
UMass,1881
UnliNe,1176
Utilizing_NOUN,5646
Untold_NOUN,7355
Unc,2357
USERRA_NOUN,1388
Underhill,11495
USDP_NOUN,1074
Unidentified_ADJ,6306
UNRRA_NOUN,2346
UCPD_NOUN,1301
Unpredictability,1118
Unrealistic_ADJ,1776
US,81798
USCCB_NOUN,1556
Utley_NOUN,3880
UCP1,1477
Unified_ADJ,12391
UKA_NOUN,1473
Ujiji,1153
Uda,1644
Uhura_NOUN,1142
Ulceration,1664
Uduak,1046
Utopians,2312
UPU,4454
Umbanda_NOUN,1192
UKE_NOUN,4644
UNT_NOUN,2230
Untouchable_ADJ,2105
USD_.,2254
UPM_NOUN,1922
UNDAY_NOUN,1484
UF,12447
UNI_NOUN,2485
Unintended_ADJ,3380
ULONG_NOUN,1430
USPA,1988
Undermining_NOUN,1576
Uniontown_NOUN,1337
Uber_NOUN,53240
UESTIONS_NOUN,1477
UHPC_NOUN,1695
Undercover,4851
Urso_NOUN,1885
Utilisation_NOUN,3250
UserForm_NOUN,2115
Unsolicited,1382
UNCG,1051
Urbana,39843
Uxmal,1532
UPD,1118
Uthman,2822
UHC,3537
Unsupervised,10264
Uniformity_NOUN,6718
Unto_NOUN,5974
Uexküll_NOUN,3679
Unreported,1692
Ultrasonography,6340
Uncertainty_NOUN,54021
Unanimous_ADJ,1422
Unending,1733
UVA,9737
Uchida_NOUN,7851
USE_NOUN,32063
Urfa,1351
Unconscious,19938
Usher_NOUN,14198
Udaipur_NOUN,2934
Ups,7304
UNION,9965
Uma,12855
Unobligated,3808
Upgrading_VERB,7232
UAVs_NOUN,14418
Underground,53543
UEM,1242
UGI,1105
Unbidden_NOUN,1887
Ugric,1503
Unchained,1747
Ugandan_ADJ,1767
Unitary,6269
Urban,342579
UTURE_NOUN,1120
Umadto,1639
Uniting_NOUN,3334
Untold,8856
Umbrian_ADJ,1182
U.S.S.,3472
Univers_NOUN,1821
UCNPs_NOUN,1360
Universitätsverlag,2274
Unexpected,17443
Umbrella,11839
Ugandan_NOUN,10717
UB_NOUN,8205
Upon_ADJ,1584
Unpub,3295
Ummah_NOUN,2430
Uccello_NOUN,1046
Uncontrolled_ADJ,3426
Unexpired_NOUN,1484
Unwillingly_ADV,1037
Unbalanced_NOUN,1147
USAF,10922
Unbeknownst,7127
Unis_NOUN,3097
Uncovering,7736
USF,2504
U.M._NOUN,1085
Urbana_ADJ,4835
Ushuaia_NOUN,1185
Uday_NOUN,3487
Uhlig_NOUN,2024
Ural_ADJ,1015
Unicorn,12353
Unto_ADP,11648
Universality_NOUN,5922
Ui_NOUN,4416
Usama_NOUN,1256
Uplift_NOUN,2632
Ullrich_NOUN,4483
Underpinning,3734
Uhmma,1137
Ulysses_NOUN,52456
Usefulness_NOUN,7011
UMR_NOUN,3589
Udine_NOUN,3933
Ustad_NOUN,1213
U.S.A.,45800
Upstairs_ADV,10483
UV,139741
Unmasked,1579
Uncomfortable,4553
Univers,1925
UNDESA_NOUN,1799
UKA,1474
Umeå_NOUN,3149
Ulrich_NOUN,48282
UNITY_NOUN,2728
UDR_NOUN,1703
Unproven,1192
Understatement,1360
Unveiled,3384
Uniontown,1338
Umar,16079
Up_NOUN,155202
Uncovering_VERB,5224
Uniquely_ADV,2096
Uxbridge_NOUN,2600
Ujiji_NOUN,1150
Ureaplasma_NOUN,2167
Upon,337606
Uchiyama_NOUN,2457
USAF_NOUN,10796
Uysal,1847
Underwood,24943
Unpleasant,3132
Upstart_NOUN,1033
Ultrathin_NOUN,1104
Underwater,10897
Uniwersytetu_NOUN,1223
U0_NOUN,2044
Unborn,2596
UI_NOUN,34455
Ultra_NOUN,6562
Unna,2026
Uribe_NOUN,7970
UNP,1076
Upbringing,1006
UUP_NOUN,5164
UICC,1802
U.S,28652
UGC,9551
Univariate_NOUN,3662
URL_NOUN,64099
Utilities,34721
Underwater_ADJ,1820
Underwing,1037
Unless,243197
USC,20219
Unicode,4996
Unpacking,6931
UMR,3595
UIS_NOUN,1903
USM,3774
Uneven_NOUN,2863
Unthinkable,2343
Utilitarianism_NOUN,9940
Ursula_NOUN,47679
UICC_NOUN,1791
Ufa_NOUN,2929
USARI_NOUN,1433
Univ_NOUN,78519
Underworld,28727
UMass_NOUN,1778
UNSC_ADJ,3507
Urd_NOUN,1523
Utopias_NOUN,4781
Using_VERB,885209
Unreal,5178
UTAH,1542
UPs,1197
Urfa_NOUN,1350
Ujjain_NOUN,1960
UNHRC,3050
UiO,3092
Upham_NOUN,3363
UK_,1079
UNIDROIT,3239
Uke_NOUN,5476
Urbani_NOUN,1343
Unión_NOUN,4505
Unquestionably_ADV,4782
UBA_NOUN,2044
Ura_NOUN,1692
Uzbekistan,32624
Ultron,1378
UNCRPD_NOUN,1156
Undress,1132
Upstream_ADJ,3176
Unite_NOUN,6826
USPS,2060
Underdeveloped_NOUN,1670
Uniquely,2612
Universal,177073
UM_NOUN,9086
Uthyr,1003
Uckfield,1277
UBS,5867
Ulick_NOUN,3289
Ursimus_NOUN,1088
URING,1518
Urberville,1258
Una_X,1055
Unbelief,2483
Unal,1529
UPE_NOUN,1395
UNTO_VERB,1003
URN,1150
Ugaritic_NOUN,3928
Usha_NOUN,5784
Uist_NOUN,1822
Unamuno,2130
Ultra,27744
Unmoved,1639
Universiti,9872
Ungaria,1081
Unlearning,1396
UTL,2656
UUID_NOUN,1784
Ueno_NOUN,6742
Ubuntu_NOUN,17231
Ursimus,1088
UNCED,2927
Upanishad,5149
Unusual_ADJ,15387
ULA,1977
Utmost_ADJ,1002
UCH,2208
USTIN_NOUN,1308
Umaña,1320
Uighurs,1980
Uhlenbeck_NOUN,2565
Ubu,1650
Unconstrained,2292
ULE,1316
UNEP_NOUN,19409
URT,1428
Uwe,7574
Useem_NOUN,1158
Urquhart_NOUN,9118
Unstoppable_ADJ,1049
U.S._PRON,2079
Untying_VERB,1010
USUALLY,1024
Un_NOUN,63863
Unspoken,2652
Util,1962
Unbiased_ADJ,1063
ULL,1397
Undersea_NOUN,2009
Universität_NOUN,22448
Unifying_ADJ,1137
Unavailability,1157
Usborne,1444
Unsere,1160
Upperparts_NOUN,2334
Uyghur_NOUN,4464
Universal_ADJ,11957
UDT,1046
Uttering,1747
Unità,1295
Umemoto_NOUN,1001
Uggen,1090
Ukrzyżuj,1040
UM_X,1267
Uemura,1991
Uprising_NOUN,13727
Uprisings_NOUN,3766
Unveils,1078
UPA_NOUN,8454
Urological,2400
Unani_NOUN,2050
Unpublished_ADJ,60085
Urbach,2762
UA_NOUN,19828
Upland_NOUN,5171
U.,259388
UNSCR,2946
UDI_NOUN,2803
U2,9519
Unction,1228
Unhealthy,3641
Uzbeks,3127
UG_NOUN,9111
Ureter,1500
Understood_VERB,28684
Universe_NOUN,126221
Uki_NOUN,1168
Ureña,1364
Usage,28281
Ubaldo_NOUN,1162
Universitas_NOUN,4466
UGT,2559
Untergang,1197
Unwillingly,1053
Universalis_NOUN,1340
Universalism,5788
UNEXPECTED,3551
Undefined,1442
USN_NOUN,4706
Uranium_NOUN,11460
UEFA_NOUN,5211
Urbach_NOUN,2762
Unrealized,1908
Upstate,3133
Umbilical,4979
UM,13768
UNIT,18725
UTF,3843
Umi,1453
Unfortunate,5305
Urmila,2102
UNTAC,1392
Unpacking_NOUN,2432
Unleashing_VERB,1476
USAAF,3460
Uva,1540
Ulf,12338
Universit,1334
Ultramar_NOUN,1074
UCL,15970
Uralic,1182
Unidos,5910
Uzza_NOUN,1019
UNCRC_NOUN,4226
Unexpired,1548
Unsettling,3596
UNISA,1115
UCT,3212
U.S.C.,93835
Unitarianism,3061
USD,98881
Učiteľu,3534
UTA_NOUN,2444
UN,498083
Untersuchung_NOUN,3222
Unfulfilled,1439
UFC,4606
Unconstitutional,1633
Unscientific,1418
Uneasy,5421
UTILITIES_NOUN,3522
UFO_NOUN,22486
UDM,1061
Unsatisfied_ADJ,1394
Urine,23058
Utz,2059
Unification_NOUN,13030
Ulbricht,5862
URN_NOUN,1136
UL,14194
UDL,11356
USC_NOUN,20173
U.S.S.R.,13230
ULY,1665
Uncut,1325
Unleashed,2580
Umslopogaas,1115
Upheaval,2877
UPFC,1036
Unde_X,2271
Unrestrained,1675
UJ,1530
Uprising,13736
Uzi_NOUN,2883
UGH,1874
Ull,1042
UDCA_NOUN,1681
Understands,2541
Users_NOUN,67212
Urmson,1080
UAC,3051
UNTAC_NOUN,1329
Unseelie,3342
Unions_NOUN,34789
Unruh_NOUN,3260
Urrea_NOUN,1826
Ullii,1591
UGUST,1483
Una_NOUN,33885
Uniforms_NOUN,2808
Underpinning_NOUN,1039
UMP,3074
Uphill,1547
Unlocking_VERB,4679
Usenet,1593
Ure_NOUN,3053
Urinary_ADJ,6778
Urbis_NOUN,1481
UEFI_NOUN,3041
UNEF_NOUN,1077
UNEP_ADJ,2318
UNDP_NOUN,26817
Ulrike_NOUN,7254
Uemura_NOUN,1991
Utne,1011
Unscheduled_ADJ,1811
Upper,216325
USCS,11524
Unitarian,13391
Unconditioned,1157
USEPA,11875
UO,4188
UVR_NOUN,2881
Uses_VERB,34211
Updating,11241
Ultrasound_NOUN,40602
Univ.,1992
Unusual,15391
Urbanism_NOUN,11403
Ugh_ADJ,1175
Uncles,2185
UDA_NOUN,2267
Understatement_NOUN,1321
UNITAR_NOUN,1210
Update,71802
Ulloa_NOUN,3126
UGC_NOUN,9388
U.S_NOUN,8010
Unstructured_NOUN,2301
Unionist,14638
Unanimous,1422
Unalaska,1745
Uncles_NOUN,2162
UNHRC_NOUN,3035
USHMM,2213
UTC,13753
UGLY_ADJ,1297
Unconsciously_ADV,6727
Unfaithful,1094
Underlining,1393
UFH_NOUN,3036
USN,4727
Unbalanced,2965
Uprisings,3766
Uto_NOUN,1283
USGS_NOUN,14738
Umm_NOUN,10073
Unicorns,2712
USMC_NOUN,3824
Underworld_NOUN,27350
UMC,1905
Unidos_NOUN,5889
U2_NOUN,7896
Unclear_ADJ,4192
USPS_NOUN,2033
UNAM_NOUN,4090
U.P._NOUN,6603
Usa,1140
Ukrainian_ADJ,13111
Upward,9804
UNIVERSITY,20168
UCY_NOUN,1761
Umm,22274
Ummm,4662
Urothelial,1666
Uzbek_NOUN,11179
Undine_NOUN,6884
UC_ADJ,2910
UIT_NOUN,1275
UNESCAP,1003
Ussher_NOUN,4202
UE_NOUN,27847
Uruguay,49555
Unlimited,14765
Uplifting,1338
Uttar,31261
Underwriting_NOUN,1708
UNS_NOUN,1578
Umslopogaas_NOUN,1114
Utilizing,16438
Unani,2267
UAE_NOUN,40859
Undifferentiated,2419
UMD,1118
Ukrainians_NOUN,14523
UCF,1812
Ukrainian_NOUN,68179
Unrestricted_NOUN,1414
Unger,17214
Ubiquitin_NOUN,1377
Unavailability_NOUN,1088
Ugarte,2178
UBC_NOUN,10170
URA_NOUN,1990
Ultramarine,1100
Unveils_NOUN,1011
Uniforms,2833
Unleashing,2737
Upton_NOUN,19428
UEs_NOUN,5001
Ukrainy_NOUN,1039
Uni_NOUN,6897
UNRISD_NOUN,1247
Upgrade,6085
Using,887899
Ur,19334
Undisclosed_ADJ,1048
UNLESS_ADP,1399
USSR_NOUN,142171
Unease,2673
Urgh,2135
Unwanted_ADJ,6403
Undergraduate_ADJ,4782
UH_NOUN,3928
Uptown,4806
Untreated,5700
UCC_NOUN,24059
Unni_NOUN,1880
Ulyanov,1436
Usara_NOUN,1313
Unrest,5472
UPA,8467
Upendra,1398
Umber,1328
Urizen,1946
Umar_NOUN,15948
Utes_NOUN,3548
UNSEEN_ADJ,1959
UCA,2573
Upright_ADV,6012
UBLIC,1392
UNITED_NOUN,22416
Ubuntu,17667
Umezawa,1069
UESTIONS,1480
Unused_ADJ,3562
USTICE,1075
Unfinished_NOUN,4808
Uddin,4230
Upcoming_NOUN,1435
Unemployed,6531
Urticaria,3110
Uranus_NOUN,15279
Undoing_VERB,3088
UNAIDS_NOUN,4349
Ubud_NOUN,1536
Underline,2502
Una,36286
Ueda,9490
Unmarried_ADJ,1431
UIS,1979
UNECE,5506
Unlocking_NOUN,1621
Uighur,2698
Ultramar,1108
UAL,1489
UNIVERSE,3614
U.S._.,180098
Unsolved,2247
USPA_NOUN,1981
Umpire_NOUN,1779
USR_NOUN,1008
Uptake,8786
Universitat,8409
URLs_NOUN,16105
Upaniṣad_NOUN,1293
Updated,22230
Umeda_NOUN,1476
Uygur,1452
UAS_NOUN,7581
Uhler,3469
UNIVERSITIES,1201
Urquiza,1081
Ut,7799
Usian_NOUN,1451
UCM_NOUN,1761
UTI,13113
Ubisoft,1587
Upstream_ADV,3780
Ural,8346
UNIVERSE_NOUN,3607
Unnatural_NOUN,1143
U.K._NOUN,38174
Upregulation,1977
UNDERGROUND_ADJ,1438
UIA,2801
Unionism,5795
UNISA_NOUN,1114
Uk,2630
Urbino,6805
Upright,7616
UST,4254
UDI,2898
Uchiyama,2459
Ultraviolet,8802
UES,2316
UNIVERSAL,4277
UNITA_NOUN,3825
Uyghur_ADJ,1907
Undernutrition_NOUN,1025
UM_ADJ,1972
Universes_NOUN,2483
USMCA_NOUN,2234
Unported_NOUN,1115
Universalists_NOUN,1186
Uman,1146
Uta_NOUN,3826
Undivided,1392
URT_NOUN,1425
Untersuchung_X,1379
Ursus_NOUN,7841
UCI,5738
United,4165482
UFOs_NOUN,8877
Ulrik_NOUN,2360
Undesired_NOUN,1047
UNTS,13131
Undeniably,3204
Ugly_ADJ,18196
Understanding_VERB,229895
Upadhyay,5245
Unisa,1215
Upchurch_NOUN,1520
Unsustainable,1406
Unconditional_ADJ,4966
Unofficially,1333
UIM_NOUN,2856
Uhlmann_NOUN,2654
UNTER,1003
Ulisse,1131
URC,1256
UHI,2406
Unbroken,2417
UNTSO_NOUN,1065
Ulva_NOUN,2414
Unreliable_ADJ,1882
Usborne_NOUN,1437
UMBC,1708
URL,65256
UAA,1721
Unwilling,6765
Ula,1598
Ultrason,2719
UTP,4010
UHF,4941
Ulrika_NOUN,3753
Unstable,9161
U.C.C.,5261
UAG_NOUN,1096
Untouchables_NOUN,3578
UMAN,1193
UCL_NOUN,15726
Utsunomiya,1182
UIG_NOUN,1039
Uinta_NOUN,2261
Untouchables,3676
UPC_NOUN,8669
Unità_NOUN,1283
UTAH_NOUN,1541
UDS_NOUN,1298
USS_NOUN,38177
UMTS_NOUN,1561
Uh_X,120153
Uberti_NOUN,1006
UNDRIP_NOUN,3935
Udall,5125
Unconfined,1038
Unquiet,1546
Ulloa,3187