Venturi,7238
Vinita,1904
Vosges_NOUN,4240
Vermeule,1703
Ventricle,1659
Vedala_NOUN,1409
Vital_ADJ,35688
Von_X,3285
Valentinian_NOUN,4957
VSG,1158
VILLAGE_NOUN,6125
Vidrine_NOUN,1092
Voyages_NOUN,12342
Valuations_NOUN,1626
Vania_NOUN,1601
Vetas_NOUN,1066
Ventures,13286
Vietnamském,2039
Vaults_NOUN,1921
Varenna,1107
Vesuvius,12207
Vergniaud,1007
VAs_NOUN,1279
Vue,7149
Vecchi,2512
Var,24226
Vasily,7879
Vardy,1030
VIRTUE,1877
Varied_ADJ,3596
VIM,2288
Venetia,6882
Vol.2,1876
Variegated,1698
Victoria,319836
Visited_VERB,3737
Vernal,2494
Valkyries_NOUN,2707
Vineland,2202
VAWA_NOUN,1820
Vt,5470
Vagn,2604
Vila_NOUN,11746
Vansteenkiste,1425
Vania,1602
Vardi_NOUN,1690
Vieux,7482
Vivier,1160
Vanier,4074
Viable,4982
V.R.,4958
VRP,4164
Vologda,2085
VAE_NOUN,4233
Voiced,1128
Vandyke,2111
Vargrave,1586
Vanderpoel,3919
Vogelnest,1041
Villiger,1250
VFL_NOUN,1829
Vyasa,2473
Vanderpool_NOUN,1436
Vartanian,1399
Vocabulary_NOUN,29027
Vagal_NOUN,1623
Vira_NOUN,1474
Vernadsky,1472
Virg_NOUN,2202
Vee_NOUN,11231
Vitex,1669
Vestry,2577
VERA,2208
Vijver,2547
Vulnerability_NOUN,33888
Vandermeer_NOUN,1309
Valdivia,5115
Violencia,1557
VMAT_NOUN,1280
Vernazza,1230
VIN,4807
Việt,2299
Vinyl_NOUN,5955
VERY_ADJ,1174
Vakil,1348
VAWA,1823
Vitto_NOUN,1127
Vandewalle_NOUN,1014
Vaud,1962
Vex,4887
V.H.,2676
Varicose,1431
Viereck_NOUN,1580
Vietnamese_NOUN,50414
Vil_NOUN,1610
Vmax_NOUN,2814
Variorum,3894
VERBAL,1713
Verstraete,2185
Vyanjana_NOUN,1025
Vibrant,5955
Vento_NOUN,1885
Varallo_NOUN,1470
Vico,11469
Valero,4711
VLANs_NOUN,2816
Vicious,9771
Vasant,2042
VDD_NOUN,4217
Verrier,2900
VHI_NOUN,1132
VLE,4362
Voir,3093
Virginie_NOUN,5904
V0_NOUN,4653
V11,1047
Vila,11749
Venerable,30732
Vivian,72257
Vandamme,1924
Vata,4866
Vardar_NOUN,1664
Viviane,4641
Vestals,1043
Vrije_NOUN,3281
VV,12184
VDRL_NOUN,1403
Vanderbilts,1121
Vinh_NOUN,3244
Vazquez_NOUN,7557
Villalobos_NOUN,3316
Venetian,65077
Vinod_NOUN,5387
Vernet_NOUN,4203
Validating_VERB,3713
Vietcong_ADJ,1067
Virk_NOUN,1111
VRP_NOUN,4033
Vitaly,2277
Valletta,3903
Visitors_NOUN,39290
Verweij_NOUN,1476
Verstand_NOUN,1024
Varbarriere_NOUN,3714
Volga,16562
Vessel_NOUN,19896
Villains,3559
Valuing_VERB,6360
Verner,5912
Vasile,4697
V.Y._NOUN,1095
Vimal_NOUN,1187
Viegas,1392
Vice,173829
Venezuelan_NOUN,6250
Vector,97932
Vein_NOUN,8329
Vitoria_NOUN,8548
Vendetta,2233
Vered_NOUN,1163
Vy,3140
Void_VERB,1479
VI_ADJ,2753
Volodyovski_NOUN,5953
VERDICT_NOUN,1381
Volume_NOUN,290822
Varnum,1936
Varya_NOUN,1817
Vesicular_NOUN,2272
Villas_NOUN,6350
Valle,23289
VERSE,4208
Vaiṣṇava_NOUN,1693
Vigna,6467
Vollmann,1427
Vantage,2695
Vance_NOUN,45176
Vasile_NOUN,4694
Valeriano_NOUN,1084
Venda,1862
V.A._NOUN,13906
Venkateswarlu,1183
Valparaiso_NOUN,5959
Veronika,5366
Volunteering_VERB,1571
Virago,4540
VietNam_NOUN,1157
Villaverde_NOUN,1448
Vallière_NOUN,1163
Volcanol,1139
Visualization,28987
Varsha_NOUN,2132
VG_NOUN,9787
Valentina_NOUN,21830
Verbs,13525
Vermes,2375
Vajrayana,2164
Vidler,1946
Vespucci_NOUN,3755
Viera,3989
VALLEY_NOUN,7330
VRE_NOUN,3122
Vauchez_NOUN,1611
Verdun_NOUN,10863
Vert,3743
VERSIONS_NOUN,1371
Vortex_NOUN,8159
Vleck_NOUN,1316
Vekal,1039
Vingårdsmændene,1053
Vivant_NOUN,1062
Vittore_NOUN,1719
Vanberg,1018
Vestas,1454
Vinegar,11097
Vedder,3466
VIDENCE_NOUN,1366
VSO_NOUN,1673
Vasubandhu,2453
Vogler_NOUN,3912
VIRUSES_NOUN,1134
Valmont,2800
Vought_NOUN,1068
VERTEX_NOUN,1032
Vespers,4173
Vinet_NOUN,1983
Vertebral,6231
Vaccination,10906
Venezia_NOUN,11368
Veneration_NOUN,1632
Valin_NOUN,1747
Vari_NOUN,1518
Vincennes,9226
Vegetarians,2039
Vicente_NOUN,22613
Vis,29620
Viṣṇu_NOUN,2391
Versioning,1120
Vivendi,2188
Varona_NOUN,1164
Void_ADJ,13464
Villani_NOUN,5436
Vista_NOUN,20943
Vedantic_ADJ,1093
Vélez,3490
VLP,1565
Vicky_NOUN,34380
Vattel,5380
VOS,1357
Vandenhoeck,10950
Villages_NOUN,14444
Vienne_NOUN,5876
Vacancies,2019
VIVA,1082
Vire,1388
Valacyclovir_NOUN,1747
VERSE_NOUN,4179
VIGNETTE,1479
Venetian_ADJ,3535
Veritas,4785
Vishnu_NOUN,24369
Varney_NOUN,6954
Ventral_ADJ,1430
Voluntary,38896
Voetius_NOUN,1209
Volz_NOUN,2604
Voyagers_NOUN,1176
Verein_X,1717
Vinson_NOUN,9193
Volcanoes_NOUN,5301
Viewport,1741
Vickie,5693
VPL_NOUN,1621
VBAC_NOUN,1213
Viscountess,2232
VSB_NOUN,1073
VIX_NOUN,3896
Vondel_NOUN,1254
Vinet,1992
Vagabonds,2022
VIPs_NOUN,5241
Violation_NOUN,11223
Volka,2912
Varuna_NOUN,3491
Vitreous_NOUN,2112
Vicissitudes_NOUN,1616
Verschoyle,1136
Video_ADJ,6461
Vg_NOUN,5771
Vibrating,1751
Vanilla,15357
Velasco,12281
VICTORIA_NOUN,4609
VASCULAR,1656
Vespers_NOUN,4172
Vultar,1046
Velasquez,7549
Verein,4759
Vivo,8599
Vilfredo,1228
Venters_NOUN,3671
Vilhelm,1077
VSI_NOUN,2344
Venere,1072
Vidyasagar,1463
Valleys_NOUN,6605
VIP,38506
Vignettes_NOUN,1907
Vallée_NOUN,4486
Velho,1469
VGS_NOUN,1980
Vanish,1537
Valli,3503
Vidal,26165
Vashti_NOUN,8183
Vox_NOUN,11327
Valdez_NOUN,15371
VCA,2349
Vairocana_NOUN,1159
Viewing_VERB,17796
VSI,2375
Vegetables_NOUN,23643
VISIT_NOUN,6053
Vauxhall_NOUN,8969
Validation,46896
VISA,2079
Vietnamilainen_NOUN,2039
Volodya,2297
VHS_NOUN,11345
Vib_NOUN,2515
Vanya,6748
Vijayalakshmi_NOUN,1104
Vorlesungen_NOUN,2152
Vansteenkiste_NOUN,1425
Valencia,39083
Vietnamesiska,2039
Vrije,3292
Vismara,1053
Vandewalle,1015
VERBS_NOUN,1498
Vimy_NOUN,3056
Venturi_NOUN,7201
Volterra_NOUN,9320
Vale_NOUN,36412
Violently_ADV,1043
VERDICT,1381
VRA,1827
Veterinarian,1937
Vora_NOUN,2465
Vanda_NOUN,2727
Volk_NOUN,13258
Viraktamath_NOUN,1444
VOLTAGE_NOUN,1402
Victorian_ADJ,128022
VIVEKANANDA,1993
Varvara,7869
Vogel,36057
Vanda,2736
VTS_NOUN,1637
Vandalia,1387
V.N.,5859
Volume,306572
Vagrancy_NOUN,1994
Vipassana_NOUN,1963
Vassilyevitch_NOUN,1031
Vigne,2772
Verhoef,2485
VOR_NOUN,3333
Valdivia_NOUN,5074
VP1,1766
Vecchia,2993
Violante_NOUN,4152
Vizenor,1958
Vermillion,16931
VMD_NOUN,1848
Valet_NOUN,1937
Vectors,16542
Vorlage_NOUN,1752
Valsiner_NOUN,2729
Victimhood,1467
Vreeland_NOUN,2502
Veal_NOUN,5866
Valeria,12471
Vestnik_NOUN,4167
Vito,17492
Verum,1107
Verin,1103
V3,10204
VGI,1326
Valine_NOUN,1287
Vang,4214
VIKOR,1666
Verma_NOUN,24395
Virgili,1222
Viaduct,2323
Villette,3560
Vermandois_NOUN,1138
Vanquished_NOUN,1235
Vyds,1015
Vesicles_NOUN,2995
Vampyre,1159
Verwaltung,1496
Violating_VERB,2198
VIOLENT_ADJ,1383
Venkatraman,1895
Vegetarians_NOUN,2039
Viz,1505
Vaudreuil_NOUN,2074
Vogler,3914
Vulgate_NOUN,13391
Vaucluse_NOUN,2308
Villain,4964
Varenna_NOUN,1105
Victoire,6628
Voltaire,48618
Valentin_NOUN,19107
Verge,4273
Vereinigung,1809
Vorstellung_NOUN,1796
Vivid_ADJ,4257
Veterinary,46425
VEE_NOUN,1148
Venous,13937
Veterinary_NOUN,42179
V0,5968
V6,3643
VISUALIZATION,1013
VICTOR_NOUN,3433
VaA_NOUN,2019
VNS_NOUN,3546
Vidocq_NOUN,1210
Vapnik,2242
Vanguard_NOUN,14089
Verba_NOUN,4943
Veil,16720
Vuuren_NOUN,1842
Volumes,24593
VIRGO,1045
Vitality_NOUN,6068
Valeriano,1089
V2V,2972
VARIETIES_NOUN,1651
Vmax,2888
Vorontsov,2034
Vole,1324
VDF,1292
VVS_NOUN,1549
Vilnius,9543
Vagabond_NOUN,2738
VMS_NOUN,3224
Veggie_NOUN,5575
Verghese_NOUN,2024
Vérité,1387
Vieja,2506
Vostok,3525
Vocation_NOUN,6890
Vilanova_NOUN,1281
Vattel_NOUN,5304
Visit,81235
Varoufakis,1654
Voas_NOUN,1093
Vionnet,1193
VSC_NOUN,7851
Viewpoints_NOUN,3639
Vallè_NOUN,1567
Verty_NOUN,1075
VFR_NOUN,2375
Vara_NOUN,2606
VBNC,1001
Velarde_NOUN,1950
Varicocele,1606
Versuch_X,1578
Voss,18492
Vajiravudh_NOUN,1130
Vor_NOUN,2403
Veith,1926
View_VERB,7177
Viscount,27888
Validate,4385
Vans,3477
Venice_NOUN,169814
Volterra,9420
Vltava,1538
VPE,1272
Validity,28539
Vijayalakshmi,1105
VIRAL_NOUN,1966
VARCHAR_NOUN,2257
Victorious_ADJ,2556
Vasishta_NOUN,1395
Vague_ADJ,6840
Villeneuve_NOUN,6474
VE_VERB,3079
Vorster,2378
Vassiliev,1244
Vasconcelos_NOUN,5125
Vir_NOUN,4754
Volk,14015
Vesely_NOUN,1081
Volks,1544
Verticillium_NOUN,3208
V.E._NOUN,4027
Vader,7344
Villanelle,1267
Villers,4513
Vasseur,1054
Va_NOUN,10177
Verhagen,2369
Verma,24481
Venereol_NOUN,6644
Vale,36590
VAIN,1084
VITA_NOUN,1035
VOCABULARY,2358
Voila,1805
Vaca,4271
Vaid_NOUN,1723
Vitamins,10130
Valvular,2728
Vancomycin,6788
Viswanath,1691
Valdosta,1220
Voloshinov_NOUN,1321
Veg_NOUN,2176
Vinay_NOUN,5639
Valéry_NOUN,6118
Vel_NOUN,2613
VC_NOUN,52261
Vyas_NOUN,4385
Vassilyevitch,1031
Vinson,9206
Voices_VERB,1856
Valencian_ADJ,1577
V7_NOUN,1434
Valmy,1243
V12_NOUN,1387
Veracity,2075
Vinaya,3141
Volatility_NOUN,11561
Vivid,4262
Vapors,1077
Variance,23008
Vivienne,17289
Viacom,2442
ViewModel,1398
Vien,1384
Vagn_NOUN,2602
Valium_NOUN,5951
Verso_NOUN,46009
Veterinary_ADJ,4223
Vassili,1562
Vassar,6517
Vulgar_ADJ,2139
Vouchers_NOUN,2282
Vitebsk_NOUN,1674
Vitruvian,1958
Vaccine_NOUN,33181
Vendor_NOUN,9028
Vitruvian_NOUN,1049
Voort_NOUN,1183
Vesting,1543
Volder_NOUN,4174
Volkspartei_NOUN,1040
Vuong,2096
VMT,1704
Valproate_NOUN,1327
Votes_VERB,2754
Vajpayee_NOUN,5066
Vir,6279
Voth_NOUN,1968
VOD_NOUN,2402
Veen,5112
Virgilian,5043
Virol,27057
Vandal_NOUN,4546
VITAL_ADJ,2284
View_NOUN,200750
Valérie,5116
Victoire_NOUN,6316
Vanish_NOUN,1291
VK,9950
Voll,1792
Vincenzo_NOUN,16402
VTs,1147
VIEWS_NOUN,2731
Voynich,1127
VLBW,1351
V.J.,5535
Vocabularies,1200
VCH,14386
Vino_NOUN,1971
Voi_NOUN,3659
Verde_NOUN,29273
Verses_ADV,3872
VERTICAL_NOUN,1050
Vermont,67052
Voet_NOUN,1448
VIRUS_NOUN,14345
Vestergaard_NOUN,1481
Vantage_NOUN,2693
Video_NOUN,117904
Valenciana_NOUN,1001
Vincentio,1134
Vitriol_NOUN,1055
Vertices,2170
Vanzetti,1952
VIRTUAL_ADJ,2051
Vladimirovna_NOUN,1205
Vallet,1525
Versailles_NOUN,55024
VLC_NOUN,5142
Vidar,4237
VS,39727
Varon,2234
Verplanck,1065
VRT,1983
Vowels,3232
VNTR,1415
Vine,26326
Versailles,55958
Vinay,5739
Visby,1980
V.T._NOUN,2459
Vets,1999
Verlaine_NOUN,4645
Vf_NOUN,1466
Victory_NOUN,69853
Vickrey_NOUN,1134
Vehicles,31372
Vedas_NOUN,19339
VE_ADJ,1717
Vincent_NOUN,182760
Vini,1016
Vedanta_NOUN,12248
Voter,14779
Volfius,1008
Verena_NOUN,7461
Vortex,8239
Vidarian,1594
Vijayaraghavan_NOUN,1150
Varden_NOUN,2064
Vianca_NOUN,1994
Viruses_NOUN,17391
VARIANT,1042
VIPs,5255
Villari,1515
Vanishes,1130
VALIDATION,1369
Vindicated,1423
Velazquez,3678
Vik_NOUN,4158
Verbrugge_NOUN,1136
Virtuoso,1972
Vulpes_NOUN,2266
Villeroy,1523
Vasubandhu_NOUN,2447
VRS,3089
Voleta,1878
Varsity,6817
V.J._NOUN,5518
Viewing,22911
Vinaigrette_NOUN,5073
Vibert,2904
Vasu,1632
Voronin_NOUN,1048
Varius_NOUN,1379
Vandenberg,5673
Vive_NOUN,6687
Vansittart_NOUN,3681
VICTORY_NOUN,5099
Verrazzano_NOUN,1301
Villavicencio,1062
Verfahren,1455
Ventrue_NOUN,1304
Vygotsky,27001
Vicars,1604
Vivienne_NOUN,17243
Vigil_NOUN,6933
Vogl_NOUN,2328
Venables,5757
VAT_NOUN,52805
Verte,1225
VSCs,1042
Vermeer_NOUN,7674
Verse,46153
VOICES,3149
Vicarious,4452
Vide,7300
Veenstra_NOUN,1828
VICTOR,3496
Vigiliae_NOUN,1112
Valmiki_NOUN,2941
Vanik_NOUN,1212
Volcanoes,5323
VFA_NOUN,3910
Vos_X,1287
Voicemail_NOUN,1038
Video,124460
Vanden_NOUN,3151
Vieira,12893
Vict,3411
Vineyard,17412
Visser_NOUN,15693
Vientiane_NOUN,4810
Vasishtha_NOUN,1007
Verify_VERB,11464
Verify,20753
Vig_NOUN,2362
Vladivostok_NOUN,8751
Vaid,1732
Vallas_NOUN,1093
Vicolo,1081
Vigilant,2943
Verr,1029
Vertical,48575
Venetians_NOUN,13956
Vv_NOUN,1593
Vittoria,13370
Vietcong,3177
Vetus,3273
Vollmer_NOUN,5463
Vowell,1813
Vandermeer,1309
Vier,1858
Veles_NOUN,1162
VBS_NOUN,1557
VOCAL,1027
Victoria_NOUN,319388
Vela,5443
Vrba_NOUN,1205
Vendors,6254
VIRGINIA_NOUN,6191
Virtus,1252
Volatility,11582
Vetas,1066
VEGFR2_NOUN,1029
Vidas,1047
Vashti,8187
Vaibhav,1243
Vercingetorix,1617
VALUE,26238
Vess_NOUN,1305
Varangians_NOUN,1218
Vb,2099
Visitation_NOUN,7787
VSP,2652
Vonk_NOUN,1437
Vaseline_NOUN,3798
Valiant,6414
Verstehen,1939
Valence_NOUN,8447
Vaccinations,1695
Valori_NOUN,1228
Vitus,4329
Valdemar,3435
Vélez_NOUN,3134
Veiling,1119
VIX,3933
Villy_NOUN,1578
VF,15249
Vargas_NOUN,31342
Vasili_NOUN,4852
Very_ADV,597936
Vol.1_NOUN,1748
VECM,1349
Vinod,5401
VOA,2375
Vtedy_X,2189
Vinland_NOUN,2251
Verband,1931
Varz_NOUN,1061
Variables_NOUN,52146
Vautrin_NOUN,2727
Volos,1835
Vith,1927
Vaillancourt,1621
Vidor_NOUN,1738
Venture,27703
Victorian,185276
Vartan,1094
VISIONS,1414
VSWR_NOUN,1466
Verdurin_NOUN,1348
Volunteer_VERB,3573
Villard,7297
VLAN,6849
Ventilatory_NOUN,1708
Vinca,2322
Viterbi_NOUN,1806
VLBW_NOUN,1332
Voor,1626
Victims,45682
Vulnerability,33917
Volgograd,3500
Vygotskian,2157
VA,122647
VAW,2499
Vietnamesisk,6118
Veracruz,10295
Vinaver,1066
VPCs,2008
VCSEL,1525
Vivian_NOUN,72198
Vertovec,2926
Virtue_NOUN,53370
Verloc,4531
Visakhapatnam,1679
VLSI,7928
Vegas_NOUN,97187
Villanova_NOUN,5654
Vandeleur,1179
Valeriy_NOUN,1430
Varenne,1699
Văn_NOUN,2173
Vertex_NOUN,5994
Volynsky_NOUN,1155
VTSup_NOUN,1184
Vargo_NOUN,3962
Vess,1306
Vincha_NOUN,1377
Verdier_NOUN,2915
VIKING,1305
Valen_NOUN,5172
Veld,1499
Volos_NOUN,1834
Voyager,10648
Vigilance_NOUN,7006
Víctor_NOUN,4458
Vit_NOUN,4227
Visionaries,1427
Ventilator,3112
VARIETY_NOUN,1289
Vt._NOUN,6222
Völkischer,1713
VTT_NOUN,1492
Vsevolod_NOUN,1738
Vorlesungen,2877
Vasíli_NOUN,1248
Voting_VERB,4500
Viren,1996
Vanishing,8005
Vandiver_NOUN,1380
Vikash_NOUN,1632
Vaugirard_NOUN,1364
Vijay_NOUN,14630
Vrinda,1136
Vertebrate_NOUN,5208
Valenti_NOUN,4341
Vanko,1146
Vesta_NOUN,9952
Val_NOUN,87220
Volumetric_NOUN,3042
Veiled_NOUN,2338
Vasilije,1808
Venusian,1768
Vanko_NOUN,1146
Varga,6646
Voice,143965
Vlad,16387
VISITORS,1549
VXLAN,1693
VIN_NOUN,4621
Vulgar,4043
Verband_NOUN,1714
Vive,10931
Versa,2117
Valency,1448
Violin,8757
Van,626120
VEGA_NOUN,1121
Vyasa_NOUN,2471
Vinogradov_NOUN,2902
Vary,6159
Voltage_ADJ,1026
Vaticana_NOUN,3834
Vendome,2379
Vision_NOUN,165526
Vegliate_NOUN,1151
Verver_NOUN,1446
Venison,2414
Viking,72149
Victorine_NOUN,4877
Vampa_NOUN,1067
Vegemite_NOUN,1124
Veltri,1202
Valent,1756
Vroom_NOUN,2792
Vlachos_NOUN,1513
Veiled_VERB,1067
Vaswani,1366
Vander_NOUN,8282
Versatile_NOUN,2903
Validated,2681
Vanhoozer,2781
Verilog,3875
Vampyre_NOUN,1145
Vicarage_NOUN,4395
VanderKam_NOUN,2441
Verbena,1788
Vizcaya,2211
Varela_NOUN,12826
Viswanath_NOUN,1690
Vieweg_NOUN,2115
Valve_NOUN,17740
Viral_ADJ,24416
Vicki,30505
Varennes_NOUN,2228
Vogelstein_NOUN,1903
Vishny,2098
VOR,3398
VISITOR,3655
Vidame,1112
VI_VERB,1157
Vaticano_NOUN,2382
Vasconcellos,1258
VCC_NOUN,2117
Vogue_NOUN,16990
Varadarajan_NOUN,1409
Vento,1917
Valderrama,1357
VICTORY,5100
Vedic_NOUN,6402
Venegas_NOUN,2377
Vaidyanathan,1564
Valentines,2132
Vyacheslav_NOUN,2765
Vasco_NOUN,11297
Victorio,1550
Vial,3686
VSB,1073
Vink_NOUN,2320
Vision,166835
VEC_NOUN,1345
Verrall_NOUN,2045
VUV,1125
Venkataraman,3046
Vendor,9035
Verbal_ADJ,36578
Visualizing_NOUN,4212
Volkspartei,1119
Viardot,2062
Venable,2082
Vacant_ADJ,4608
Vinogradov,2906
Vijver_NOUN,2522
Villon_NOUN,3908
Viburnum_NOUN,1330
Varèse,1464
Veress_NOUN,1295
Villefort,10267
Voyageur,1365
Vermilion,3896
V7000,1564
Vannevar_NOUN,2157
Valette,2010
Vertigo,7882
Viewpoint,9110
Vaz_NOUN,6628
Veselnitskaya,1592
Vek_NOUN,1651
Vertebrates,3792
Vacations_NOUN,1879
Vill,1816
VXLAN_NOUN,1624
Valour_NOUN,2881
Vuh_NOUN,1868
Venn_NOUN,16409
Vulnerabilities,7499
V5,4100
VERY,20653
Viking_VERB,1605
VEGETARIAN,3215
VI,307841
Vice_ADV,1798
Venantius,1094
Vertigo_X,2306
Varius,1388
VEE,1165
Vikas,6823
Vardar,1666
Vicky,35001
Vsevolod,1738
Vegetable_NOUN,29580
VCAM,2157
Victorin,1321
Vrinda_NOUN,1135
Viggo_NOUN,2717
VISION,7474
Valles_NOUN,2373
Vinaigrette,5084
Vitamin_NOUN,70490
Varese,2671
Versions_NOUN,11444
Valuing_NOUN,3205
Villefranche,2428
Valori,1237
VNA_NOUN,2386
VB,16509
Vibe_NOUN,1707
Venera_NOUN,1066
VB_X,1080
Visited,3741
Vidarr,1268
Vaugirard,1366
Vihear,1270
Valvular_NOUN,2640
Visualisation,3188
Valentina,21839
Voriconazole_NOUN,2235
Vitae_NOUN,6698
Visiting,33876
VISIT,8266
Vegetable,29634
Vasudeva_NOUN,3003
VLOOKUP,1149
Vaudeville_NOUN,3247
Verhalten,1063
Vietnamization,1270
Vizard,1292
VOI_NOUN,1001
Vojvodina,4812
VQ_NOUN,2240
Vestibular_NOUN,7213
Volta,14732
Vanishing_NOUN,6256
Velde_NOUN,8161
Vernier,3690
Vandiver,1382
Virgo,16854
Voor_NOUN,1217
Vitellius_NOUN,4112
VFAs_NOUN,1243
Vedel_NOUN,1005
VUV_NOUN,1091
Vacuum_NOUN,15900
Vested_ADJ,1385
Vorlage,1834
Virtualize_NOUN,2966
Venereal_NOUN,3371
Vitruvius,14317
Varma_NOUN,8793
Vs_NOUN,16278
Valletta_NOUN,3886
Volatile_ADJ,12655
VMT_NOUN,1574
Vikings_NOUN,26578
VMF_NOUN,1440
VI_NOUN,302354
Vaticanus,2216
VIC,10869
Vieja_NOUN,2311
VMS,3291
Violeta_NOUN,2918
Vodou_NOUN,3988
Vía,2099
Vidler_NOUN,1944
Vicissitudes,1623
Ventnor_NOUN,2068
Venues_NOUN,2300
VSG_NOUN,1114
Vicki_NOUN,30445
Verres,2596
Verg_NOUN,1999
Vinyals,1296
Ventura_NOUN,16407
Vedanta,12299
Voy,1234
VU_NOUN,4574
VTI_NOUN,1754
Vertebrata,1327
VIKING_NOUN,1176
Valka,1735
Vitamin,70675
Volodya_NOUN,2290
Visegrád_NOUN,1372
Vassar_NOUN,6499
Vimala_NOUN,1002
Variants_NOUN,10353
Venkatraman_NOUN,1894
Valancourt,2763
Vajradhara,1494
Vp,2334
Voilà,3467
Vangie,1353
Vivek_NOUN,9224
Villiger_NOUN,1250
VST_NOUN,1175
Vltava_NOUN,1522
Visa_NOUN,15794
Verb_NOUN,20866
Vermeer,7683
VNC,1904
Visconti_NOUN,11173
Versluys_NOUN,1109
Valance,2529
Valenta_NOUN,1485
Vimal,1191
Valentini_NOUN,3626
V.W.,1438
VIOLET,2270
Vasya_NOUN,5241
Vance,45214
Varroa_NOUN,1584
Viewer,7631
Veni,2167
Vieira_NOUN,12654
Vorst,1599
Venkateswarlu_NOUN,1183
V.S._NOUN,9039
Varina,1658
Verso_ADV,1001
Valentino,11971
Valais,2395
Victimization,7356
Vanstone_NOUN,2379
Vries_NOUN,23491
Vols.,1073
VLDL,4776
Vishwakarma,1340
Vernunft_X,1481
Vuitton_NOUN,5071
Venus,125921
Viz_NOUN,1486
Vandeuvres_NOUN,1316
Vines,7712
Vijayan,2057
Va._NOUN,129366
Vaginal_ADJ,12175
Viticulture_NOUN,1311
Verdi,14954
Verdes,1997
Via_ADP,6615
VHDL_NOUN,3074
Vibrio,16909
Vaclav,2856
VESSELS,1500
VOCs_NOUN,12914
Vrain_NOUN,1719
Vote,34937
VHDL,3079
Valenti,4343
Ventnor,2138
Verbruggen,1744
Vicia,3140
VESSEL_NOUN,1263
Visigoths_NOUN,5077
Valladolid_NOUN,8917
Vinca_NOUN,2311
Vahid_NOUN,1135
Verilog_NOUN,3831
Verkan_NOUN,4080
Viticulture,1321
Vidalia,1058
Viscous_NOUN,1727
Vallè,1570
Vining_NOUN,3543
Vasil_NOUN,2710
Vionnet_NOUN,1188
VGG_ADJ,2363
Violets,2490
Valproate,1359
Vecchio_NOUN,9086
VERSUS_NOUN,7006
Venuti,3825
Viewers_NOUN,6364
Vignes,1207
Vasodilation_NOUN,1070
Vagus_NOUN,2233
Visayas_NOUN,1364
Vaudreuil,2178
Vexed,1160
Vitale_NOUN,8442
Volcanism,1039
Vegetarian_NOUN,8316
Vardon_NOUN,1633
Velen_NOUN,1226
Vickie_NOUN,5678
VS_NOUN,39686
Vorn_NOUN,1069
VCD_NOUN,2380
Villanova,5763
Verdon_NOUN,2645
Vaucluse,2320
Vuuren,1843
VAN,11598
Virtues_NOUN,18271
Vishwanath_NOUN,1868
Villi_NOUN,1111
VINTAGE_NOUN,1298
Vegan,13141
Verlinden_NOUN,1069
V.B._NOUN,3499
Varieties_NOUN,25487
VIOLET_NOUN,2270
Vandeleur_NOUN,1178
Vote_VERB,7870
V2_X,1107
Vibrations_NOUN,6766
Vietnamském_X,2039
Vivisection,2071
Vettori_NOUN,4051
Vena,3165
Veiled,3541
Vitro_NOUN,11535
Vandeuvres,1316
Verbeek,3100
Verburg,1155
Vex_NOUN,4859
Verbrugge,1138
VoiceOver_NOUN,1090
VN,11647
Villy,1689
Vasoconstriction,1196
Vents_NOUN,1230
Veh_NOUN,4297
VIM_NOUN,2217
Voucher,2301
Virgins_NOUN,7324
Vallerand_NOUN,3549
Vamp,1377
Verinder_NOUN,2695
Vibrations,6772
VEAL,1046
Vsyevolodovitch,1882
Violante,4175
Vitruvius_NOUN,14297
Valjean,17973
Vladimír_NOUN,1055
Virmani,1270
Vivanco_NOUN,1007
Vince,48815
Velcro,7211
Views_VERB,1504
VAST_ADJ,1371
Venuti_NOUN,3817
Valois,10265
Valya_NOUN,2046
Véronique_NOUN,3909
Vajda,1291
Virmani_NOUN,1269
VES,1445
Vernunft,3914
Verapamil,1767
Vasey_NOUN,1560
Viera_NOUN,3829
Vernacular,12684
Verónica,3054
Vi,26996
VEGETABLES,4198
Ventimiglia,1107
Vermandois,1263
Versatility,1393
Vane_NOUN,23244
Violencia_NOUN,1424
Vasculitis,4400
Vomit,1645
Videogames_NOUN,2398
Venezuelans_NOUN,2897
Valencian_NOUN,1537
Vers_NOUN,2530
Volney,3449
Verdean_NOUN,1649
VEHICLES_NOUN,1606
Vaziri_NOUN,1117
Veuve,1524
Vann_NOUN,8001
Visitation,7890
VSA_NOUN,2076
Valles,2382
Viveca,1149
Valentine_NOUN,93322
Vikki_NOUN,2420
Valerian_NOUN,7161
Vergennes,2366
Vietcong_NOUN,2036
Vargrave_NOUN,1586
V5_NOUN,3309
Verts_NOUN,1262
Verri,1246
Vaguely,5213
Vallarta,2024
Vinci,29393
Vinnie,12055
VDC,2876
Verrucous,1027
Vass_NOUN,2208
Vd_NOUN,2955
V8,5634
VARCHAR,2269
Vector_NOUN,97873
Valuation,27284
VISIBLE,1098
VMAT,1288
Vestiges_NOUN,2764
Valuable_ADJ,4488
Verhaeren_NOUN,1157
Vada,1514
Ver,10417
Varenka_NOUN,1327
Variation,62060
Vega_NOUN,36185
Vigny_NOUN,1131
Vedala,1409
Vergara_NOUN,4660
VF_NOUN,14918
Victim_NOUN,26009
Virgos_NOUN,1030
Vicks_NOUN,1053
VEP,3016
Vieux_NOUN,6275
VB_NOUN,15165
VERS_NOUN,1195
Vlastos,2318
Voight_NOUN,1706
Very_ADJ,18252
VANILLA,1792
Vitus_NOUN,4313
Verlag_NOUN,130047
Vietnameză_NOUN,2039
Variance_NOUN,22750
Viviana_NOUN,8079
VT_X,2221
Verbatim,2510
V.E.,4059
Veterinarians_NOUN,2915
Vallat_NOUN,2442
Vulpes,2458
Voprosy,3127
Valentia_NOUN,2074
Vathek_NOUN,1479
Victoriano,1112
Valparaíso,2536
Vitoria,8616
VIDEO_NOUN,4515
Vronsky,7851
V600E,2605
Vinayak_NOUN,3142
Vergilius,1243
Vessel,19901
Vestfold_NOUN,1179
Viktor,46789
Vendors_NOUN,6248
Vespucci,3756
Veracruz_NOUN,10126
Verlinden,1074
Vand,2024
Villaverde,1459
Volatile,12684
Vaisey,1150
Vanek_NOUN,1248
Vj,1539
VOL,4030
Vihaan,1172
Varona,1165
VIT,2043
Vaclav_NOUN,2855
Vout_NOUN,1390
VMs_NOUN,15331
Virilio,3716
Volodymyr_NOUN,2318
Vanbrugh,2053
Variola_NOUN,1254
Vodka,5915
Vegetarianism_NOUN,2096
Verdugo_NOUN,2028
VOCABULARY_NOUN,2356
View,209148
Volunteerism,1071
Verner_NOUN,5905
VSA,2091
Veganism,1196
Viva,10229
VIOLENT,1383
VOCs,13034
Vitiello_NOUN,1612
VERNON,1516
Vidocq,1212
Vala_NOUN,3537
Venerable_ADJ,30727
Vishwakarma_NOUN,1277
Vink,2324
Vat_NOUN,5988
VICTIMS_NOUN,1350
Vernal_NOUN,2433
Visualising,1326
VISUALIZATION_NOUN,1013
Vaquero,1708
Venom,4491
VO2_NOUN,1827
Vilna_NOUN,8211
Velaska,1080
V2_ADJ,1955
Viewpoint_NOUN,9106
Verification_NOUN,30992
V2G_NOUN,2930
Violations_NOUN,14119
VACCINES_NOUN,1029
VEGF,24137
VME_NOUN,1042
Vietnam_ADJ,3791
Verification,31056
Visible_ADJ,30576
VO_NOUN,16849
Veneris,1081
Vossen_NOUN,2602
Vitor,1243
Vinci_NOUN,29266
Vugt_NOUN,1378
Vagrant_NOUN,2710
Vicar,25004
V.W._NOUN,1431
Visits,13191
VOLUMES,1560
Vinegar_NOUN,10872
Viner,5782
VAD,4581
Vereins,1644
Voting_NOUN,34563
Vaibhav_NOUN,1243
VCP_NOUN,2719
Vannucci,1074
Verinder,2696
Vesicular,2342
Ventricular_ADP,2666
Varg_NOUN,1393
Visegrad,1704
Vakar,1395
Val_ADJ,3542
Voodoo,10973
VU,4597
Valerius,11760
Velvet_NOUN,18444
Venable_NOUN,2082
Votive,1238
VOTING,1043
VLF,1467
Vietnamesiska_NOUN,2039
VCM_NOUN,1489
Vere_NOUN,12370
Vel,3103
Votes_NOUN,9786
Verizon,7295
Viren_NOUN,1971
Vasiliev_NOUN,2460
Violetta,10053
Vas_NOUN,4488
Victory,69890
VACCINES,1039
Vanderbank_NOUN,2673
Voronoi_NOUN,6376
Valine,1321
VISITING,1605
Vizier,9316
Villalba_NOUN,1444
Virulence_NOUN,3222
Vadodara_NOUN,1362
Villar,4397
VTach,1125
Vogelstein,1903
Voleta_NOUN,1866
Voelker,1188
Very,616295
Vil,1856
Vierge_NOUN,1034
Vulkan_NOUN,1018
Valente_NOUN,5870
Veggies,1872
VLDB_NOUN,2579
Veterinarians,2925
VSC,7878
Verus_NOUN,3630
Vago_NOUN,1117
Vulva,1735
VIKOR_NOUN,1631
Verizon_NOUN,7105
Vauban,2457
Vasilev,1027
Vlaanderen,1029
Velcro_NOUN,7124
Varenka,1327
Verulam_NOUN,1170
Vives_NOUN,5371
VM,46004
Vindication_NOUN,6972
VV_NOUN,11540
Varied,4432
Violeta,2928
Viennese_NOUN,7174
Viracocha,1034
VIT_NOUN,2029
Version,105163
Vidarbha,1176
Vaughn_NOUN,33046
Virgins,7343
Verein_NOUN,2731
Vacca,1882
Vitt,1160
Vygotskian_NOUN,1469
VPD_NOUN,1815
Verney,4370
Varz,1061
Viraktamath,1444
Vzziah_NOUN,1431
Voicing_VERB,1238
Vasya,5473
Verhagen_NOUN,2356
Vacuum_VERB,1802
Voix,1469
Verlags_NOUN,1145
VATS,3459
Vinaver_NOUN,1039
Venise_NOUN,1755
Valeriy,1431
Vonnie_NOUN,1177
VTE,11824
Void,37017
V9000_NOUN,1013
Validated_NOUN,2157
Vodou,4115
Vase_NOUN,4953
Vesicles,3002
VARIETY,1289
Villareal_NOUN,1258
VX_NOUN,3196
Vascular_ADJ,2021
VR_X,5429
Vali_NOUN,4736
Vaca_NOUN,4266
Vaccinations_NOUN,1668
Vilfredo_NOUN,1227
Venantius_NOUN,1094
Vegetative_NOUN,3883
Vacuum,17718
Vass,2212
Vallee,2887
Voigt,10891
Valery_NOUN,5674
VITAMIN_NOUN,2103
Vitis_NOUN,5335
Vallet_NOUN,1523
Vanderpoel_NOUN,3919
Veles,1175
Vous_X,5374
Vix_NOUN,2200
Visual,160084
Verbally,1237
Voyager_NOUN,10640
Vicario,1338
Valri_NOUN,1191
Vladimirovich_NOUN,1845
Visionary,7469
Vital,35710
Vilas,2787
VWF_NOUN,3960
Valves_NOUN,4622
Vultures,3155
Vanzetti_NOUN,1951
Vermeulen,6027
Vossen,2603
VETERANS,1244
VCSEL_NOUN,1500
Velocity,25182
Valla,4581
Vittoria_NOUN,13365
Vrij,2306
Viceroy,19564
VLOOKUP_NOUN,1135
Volkswagen_NOUN,19887
Valsalva,7385
Vincha,1379
Vijayakumar_NOUN,1520
Vicomte,8628
VISITORS_NOUN,1549
Von,96491
VPs_NOUN,3405
Vols,15452
VESSELS_NOUN,1500
Volpone_NOUN,2347
Volz,2606
VMA_NOUN,1202
Volunteer,30910
VEHICLES,1606
VKA_NOUN,1296
VAC_NOUN,4670
Valdemar_NOUN,3433
Verhältnis,2630
Vendetta_NOUN,2217
Vukovar,2035
Vast_ADJ,12031
Valeri,2620
Vitry,3448
Volkan,2218
Vibratory,1019
Valka_NOUN,1727
Vegetarian_ADJ,1134
VAM,2186
Vicuña,1175
Valdes_NOUN,3948
Vau,1161
Viti_NOUN,3280
Vandalism,1673
Valignano_NOUN,1429
Voluntarism,1379
Vicryl,3572
Voc_NOUN,1847
VWD_NOUN,1818
Ving,1607
VG,10012
Vavasour,3055
Valerane_NOUN,1181
Versnel,1041
VN_NOUN,11048
Vargo,3964
Vertex,6037
Vittorio,22102
ViewModel_NOUN,1328
Vg,5805
Velocities_NOUN,1853
Volks_NOUN,1485
VaA,2019
Volcán_NOUN,2874
Villard_NOUN,7224
Villager,1278
VICTIM_NOUN,2323
VEGAN_NOUN,3351
Vigil,7013
Volumetric_ADJ,2537
Viscusi_NOUN,1346
VISIT_VERB,2187
Voilà_NOUN,2697
Veit,3891
Variances,2629
Vedic_ADJ,22184
Virchow_NOUN,5289
Villette_NOUN,3533
Violence_NOUN,201047
Varian,8473
Voldemort_NOUN,3889
Vending,1600
Vandenberghe,1737
Vesalius_NOUN,4151
Vell_NOUN,3706
Vogt,16784
Verfassung,1651
Venema,1737
Veltman_NOUN,1481
Vos,17000
Vesuvius_NOUN,12193
Vascular,40095
Vegetation,17563
Voluntarily,1285
VT_NOUN,45126
VTA,4730
V1,25503
Verticillium,3275
Vain,6540
Vaccin_NOUN,1117
Valenta,1488
Voids,1384
Valentin,19246
Venture_NOUN,27532
Verhulst,2392
VDM,1210
V_NOUN,1563405
VVS,1563
Verrocchio,4001
VSS_NOUN,4866
Vd,3022
Voyage,33954
Vlachos,1516
Viswanathan_NOUN,5109
Vassiliev_NOUN,1244
Vainly,2310
Voted_VERB,3143
Vie,12092
Vishwanath,1869
Vanderbilts_NOUN,1121
Vicario_NOUN,1289
Vaguely_ADV,5211
Vorarlberg_NOUN,1043
Virtuous,5843
Vigilant_NOUN,2214
Vendler,1935
V3_NOUN,6864
VSWR,1481
Vorwärts_NOUN,1971
Vict_NOUN,3407
Valter_NOUN,1169
V.G._NOUN,5257
Vasilisa_NOUN,1818
Veale_NOUN,2240
V7,2098
VAC,4735
Varanus_NOUN,1026
Volga_NOUN,16473
Vintage_NOUN,28354
Vesper_NOUN,7558
Vacation_NOUN,10470
Viable_ADJ,4978
VER,2942
Vivek,9265
VPA_NOUN,2809
Venezuela,82527
Viv_NOUN,26911
Valignano,1429
Vonnie,1178
Viability_NOUN,5989
Vanessa_NOUN,72350
Vx,1701
Valk,4137
Vilenkin,1009
Vespasiano_NOUN,1089
VCLT,6784
Valentinus,2093
Vajrasattva_NOUN,1549
Vanguardia,1322
Veronique,5403
V1_NUM,2304
Varus_NOUN,3606
Volts_NOUN,1458
Volfius_NOUN,1007
Vac,4219
Vogel_NOUN,35968
Valk_NOUN,4132
Viljoen_NOUN,3303
VALUES_NOUN,8354
Vernunft_NOUN,2370
Voice_NOUN,143704
VCD,2462
Voegelin,4989
Vishal,3730
Verständnis,1102
V.G.,5262
Venous_ADJ,4848
Volt,3087
Vec_NOUN,1759
Vomiting,11205
Valenciana,1004
Vicksburg_NOUN,17440
VSCs_NOUN,1040
Visas,3851
Vero_NOUN,7795
Valmont_NOUN,2779
V.C._NOUN,6183
Verna,6783
Viewport_NOUN,1706
Verrazzano,1303
Valkyries,2714
Visitor_NOUN,26656
Veterans,54376
Voetius,1212
Vallandigham,1030
Vai,2147
Voluntary_ADJ,8396
Vida,14715
Vinyals_NOUN,1235
Versus,41598
Varallo,1473
Vaara_NOUN,1197
Versace,3059
VECTOR,1365
Vorn,1073
Visceral,6631
Viggiani,1275
Vecchio,9088
Vampire_NOUN,25769
Volcker,5057
Veneziano_NOUN,1164
Vietminh_NOUN,1655
Vaccari_NOUN,1164
Verbruggen_NOUN,1741
Vannes_NOUN,2647
Vanadium,3022
Volscians,1181
Volunteer_NOUN,27298
Vesting_NOUN,1305
Vere,13122
Vernier_NOUN,3638
V.A.,14078
Vitis,6120
Varley_NOUN,5625
VBS,1603
Vladimir,84371
Vincent,182860
Vladivostok,8837
VHL_NOUN,3428
Vespasian,17455
Virtualization_NOUN,6510
Videos_NOUN,15129
Vth_NOUN,2175
Vera,85876
VCH_NOUN,14185
Veena_NOUN,5563
Viet_NOUN,33113
VCs,8218
Venus_NOUN,125701
VHR,1046
Voight,1745
VCO,6036
VARIATION,5288
Valera,9231
Vernonia_NOUN,1091
V.F._NOUN,2440
Vianna,2388
VPs,3457
Virtanen_NOUN,2193
Ventilatory,1828
Valencian,3121
VD_NOUN,7674
Vista,20958
VoIP,4717
Varghese,4562
Vuk_NOUN,1245
Voltammetry_NOUN,1068
VME,1064
Vietnameze,2039
VON_NOUN,5382
Vicinity,3030
Visits_VERB,3354
Valery,5677
Vandana,4338
Vanguard,14109
VOI,1021
VP1_NOUN,1340
Vian_NOUN,1646
Verses,25199
Volkes,1052
Verdery,1601
Veatch,1635
Vinny_NOUN,11307
Vigilante,2489
Vadis,1892
Venting,2323
Venugopal,2341
Vogelsang,1675
Volksmengen_X,2996
Vicryl_NOUN,3559
Visigothic,3869
Veldman,1074
Vint_NOUN,1426
VEHICLE_NOUN,2232
Vlastos_NOUN,2316
Vecchi_NOUN,2511
Vergleich,2810
Vestfold,1180
Veldhuis_NOUN,1644
Vihman,1371
VOA_NOUN,2371
Vavilov_NOUN,2776
Vault,11949
Vancouver_NOUN,97089
Vesalius,4154
Valladares,1325
Viterbo_NOUN,3889
Voldemort,3930
Vermouth,1521
Vero,7880
Vajradhara_NOUN,1493
Variae,1248
VECTOR_NOUN,1365
Volkan_NOUN,2214
Valens_NOUN,5376
Voloshinov,1325
VCU,1440
Vapnik_NOUN,2242
Vazquez,7947
Vote_NOUN,26207
VHD_NOUN,1468
V.K.,7340
VDI_NOUN,3237
VMF,1442
Viacheslav,1142
Varuna,3491
Vasoactive,1213
Velocity_NOUN,25162
Vitt_NOUN,1160
Vase,5097
Vaihinger,1016
VEP_NOUN,2950
Vicinity_NOUN,3018
VCM,1543
Véronique,3936
VoIP_NOUN,4572
Vreese,1162
V600E_NOUN,2422
Vizenor_NOUN,1953
Varshney_NOUN,3380
Vivaldi,4723
VARIETIES,1669
VOL_NOUN,3977
Vintage_ADJ,24207
VOLUMES_NOUN,1551
Vesey_NOUN,4193
VATS_NOUN,3388
Vered,1167
VEIL,1066
VLPs_NOUN,1630
Vivia_NOUN,1685
Venice,169880
Valar,1614
Village,178190
Volmer,2230
Vavasor,1266
Vaswani_NOUN,1365
Virginian_NOUN,7566
Vietnameze_NOUN,2039
Violation,11225
Vc_NOUN,2318
VND,1639
Va.,129511
Vyborg_NOUN,1313
Vladislav,3285
Vagrants_NOUN,1115
Variability_NOUN,19286
Vibration,19911
Varzil,2159
Ventre,1800
Vardaman,1513
Vigo_NOUN,6682
Voronov_NOUN,1034
Vertovec_NOUN,2907
VTA_NOUN,4681
Vann,8025
Verhoeven,5227
Villa_NOUN,84899
VLT_NOUN,1133
Vestal,4325
Vatican_ADJ,1094
Volksgemeinschaft_NOUN,1935
Voluntarism_NOUN,1362
Vliet_NOUN,3996
Veritas_NOUN,4346
Venkat,2531
Various_ADJ,177080
Victorine,4924
Valens,5393
Vince_NOUN,48800
Volcano_NOUN,9565
Vásquez,3832
Vaccaro,3886
Vole_NOUN,1321
Vioxx_NOUN,1172
Valenciennes_NOUN,4196
Vietnamesisk_NOUN,6117
Vernant,2792
Voxel_NOUN,1130
Vismara_NOUN,1050
V2X_NOUN,2615
Venetian_NOUN,61493
Valera_NOUN,9176
Vakhtangov,1045
Valeriana,1310
Vatican,106669
Vorst_NOUN,1562
Vereker,1754
VST,1228
Vonda,1092
Vajrayana_NOUN,2161
Veselnitskaya_NOUN,1592
Variable_NOUN,6213
Vile_ADJ,2061
Vairocana,1161
Venizelos_NOUN,4013
Veres_NOUN,1001
Vekal_NOUN,1027
Vin_NOUN,18549
V.1,1432
Vihar,1126
Varnhagen,1007
Virginia_NOUN,523050
Véron,1145
Vocab,1172
Vietnam,359486
Vasin_NOUN,3271
Vihaan_NOUN,1162
Vau_NOUN,1149
Vaccinia_NOUN,1869
Vegetables,23666
Visits_NOUN,9833
Vaseline,3868
Vasant_NOUN,2032
Vulture_NOUN,7120
Vignoles,1697
Virulence,3226
Varese_NOUN,2590
Vekhi_NOUN,1207
Vitiligo,1629
Vollmer,5475
Varina_NOUN,1657
VAM_NOUN,2153
VLDB,2581
Vibrin_NOUN,1090
Venlafaxine_NOUN,1285
Vadis_NOUN,1840
Vaishali_NOUN,1719
Valiente_NOUN,2198
Visceral_NOUN,5546
Varies_VERB,1269
VERTICAL,1688
Vaishnava,3115
VPP,1947
Vakar_NOUN,1389
Voyageurs_NOUN,1965
Viceroy_NOUN,19424
Vandalia_NOUN,1386
Vans_NOUN,3477
Versus_NOUN,39569
Vitto,1129
Vincy_NOUN,3678
Verlagsgesellschaft,1626
Vanity_NOUN,20518
Voltages,1657
Visions,34592
Vali,4740
Vitex_NOUN,1519
Vedic,28622
Vaishali,1719
Vertically_ADV,2315
VE_NOUN,17163
Verbeke,2925
VENGEANCE_NOUN,1117
Vasculature_NOUN,1164
Vigny,1135
Vaihinger_NOUN,1013
Victims_NOUN,45656
Vidmar,1157
Vassili_NOUN,1553
VBP,1717
VRF,1868
Veranda_NOUN,1103
VOID,1544
Videos,15213
Vastus,1002
Velleius,1862
VIII,194028
Versilov_NOUN,1587
Vela_NOUN,5362
Vall_NOUN,1076
Vain_ADJ,6537
Vaisey_NOUN,1146
Variola,1270
Vincennes_NOUN,8876
Vid_NOUN,1407
Virol_NOUN,27053
Volscians_NOUN,1180
Valda_NOUN,2300
Volta_NOUN,14491
Vellore,3538
Veins_NOUN,7218
VIF,3319
Vocabulary,29082
Vanel,1340
Viggo,2731
Vyborg,1314
Volnay_NOUN,1085
Vc,2353
Vader_NOUN,7285
Voir_NOUN,1669
Vilma_NOUN,3259
Varshney,3386
Vault_NOUN,11917
VALERIE,2373
Verhoef_NOUN,2480
Vietnameză,2039
VERSIONS,1371
Viacheslav_NOUN,1136
Valverde,5945
Ved,3348
Verrall,2047
Vagina_NOUN,3796
Virginian_ADJ,5343
V2X,3254
Visigoth,1537
Vanost_NOUN,1097
Vonnegut_NOUN,5364
VAT,56768
Ve_NOUN,4528
Villefranche_NOUN,2296
Verapaz_NOUN,1022
Vallarta_NOUN,2019
Verstand,1190
Visiting_VERB,33836
VEB_NOUN,1568
Virgil,88877
Veteran_ADJ,5732
Velha_NOUN,1091
Vikramaditya,2098
Vallen,1154
Vulcan,13865
Vigorous,5257
Vie_X,3651
VFW_NOUN,1744
Vagabond,2749
Various,177102
Viollet,3072
Villar_NOUN,4024
Verweij,1478
Viewers,6364
Vernon_NOUN,71337
V.N._NOUN,5855
Visible,30598
Vandekerckhove,1003
Vibrational,4420
Veganism_NOUN,1178
Valdés_NOUN,8242
VICE_NOUN,2985
Violets_NOUN,2479
Vagueness,3109
VCF,1062
Vergilius_NOUN,1224
Venkata_NOUN,2484
VCI_NOUN,1371
Visher_NOUN,1164
Vasculitis_NOUN,4151
Vuk,1247
Vern_NOUN,9833
Vashem_NOUN,4899
Verbs_NOUN,13387
Valérie_NOUN,5110
VSS,5000
Verse_NOUN,43230
Visitors,39294
Venema_NOUN,1736
Volksraad,1032
Verduret,2280
Viet,36017
Veneti,1086
Vernazza_NOUN,1187
Vladimirovich,1845
Vitalis,4055
Ventilation,14301
VIOLENCE,5883
VLA,1628
Virk,1114
Veii,3235
Vaillant_NOUN,5271
VGA,2173
Voicemail,1082
Ventricular,14452
VDR_NOUN,3512
Vereker_NOUN,1748
Verdier,2921
Verlagsanstalt,1867
Vallier,1642
Vermin_NOUN,1877
Vegetal,1200
VDR,3536
Verghese,2026
Vertebrae,1035
Verte_NOUN,1190
Videssian_ADJ,1487
Vilela,1648
Volleyball,2310
Valentia,2076
VTSup,1188
Veracity_NOUN,2072
Veni_NOUN,2045
Vilela_NOUN,1626
VSL,1701
Vandyke_NOUN,2111
VIETNAM,1859
Venere_NOUN,1026
Virtuoso_NOUN,1871
Vi_X,2839
Villars_NOUN,3702
VNTR_NOUN,1387
Vassall,1000
Visuality,1764
Villager_NOUN,1274
Vane,23395
Vineet_NOUN,1018
Volcanism_NOUN,1037
Vimeo,2470
Vassily_NOUN,2524
VEGETABLE_NOUN,2827
Vásquez_NOUN,3677
Varvara_NOUN,7868
Vorträge_NOUN,1530
VALVE,1161
Vischer_NOUN,2238
Vanslyperken_NOUN,2623
Vojvodina_NOUN,4806
Validating_NOUN,1514
VDS,1919
VIRUS,14345
Verdery_NOUN,1599
Vohs_NOUN,2703
VEGFR2,1164
Volts,1461
Vaidya_NOUN,4056
Vermillion_NOUN,16885
Viken,1570
Vijayakumar,1521
Violetta_NOUN,10051
Viterbo,3930
Vide_NOUN,7079
Vols_NOUN,15444
V12,1850
Vertue,2439
VERTEX,1036
Variational_ADJ,1329
Verbeck,1835
VDD,4354
Vick,6925
Varro,13328
VARIOUS,4176
VCE_NOUN,1452
Vakil_NOUN,1348
V2I,1046
Vitellius,4129
Varia,3860
VOF,1239
Vandenbroucke,1117
Vallière,1169
Viscous,3888
Vee,11508
Vanderbilt_NOUN,38531
Vayer,1268
Verger,2837
Vyanjana,1025
VAN_NOUN,11590
Veale,2244
Valette_NOUN,2009
Vala,3546
VCS_NOUN,2828
Vallejo,7985
Vasishta,1395
VPS_NOUN,1296
VACCINE_NOUN,1455
Verwaltung_NOUN,1097
Verb_DET,1018
Valium,5973
Vulgar_NOUN,1845
Vices,4704
VIC_NOUN,10378
VH,8293
Việt_NOUN,2227
Vartanian_NOUN,1396
Vents,1236
V.,1077328
Voorhis,1561
Valli_NOUN,3492
Voynich_NOUN,1120
Vetter_NOUN,4350
Voth,1968
Verneuil,1974
Verbal,36605
Vast,12032
Violently,1043
Voter_NOUN,14769
Verrocchio_NOUN,3962
Vayu_NOUN,1830
VZV,4874
Vitória,1342
VHS,11357
Valeo_NOUN,1197
VietNam,1181
Vidmar_NOUN,1137
Viktoria,2273
Villa,85969
Vaiṣṇava,1694
V_ADJ,14005
Vigor_NOUN,1469
Vibrin,1090
Virchows_NOUN,2015
Veronesi_NOUN,1193
VTOL,1217
Venkat_NOUN,2528
Varsha,2135
Vigilance,7058
Vodafone_NOUN,4619
Valdosta_NOUN,1216
Vedānta,2727
Valinor,1345
Vio_NOUN,2666
Visegrád,1400
Veres,1016
Vignettes,1920
Virgil_NOUN,88028
Vivier_NOUN,1155
Verse_VERB,2143
Vada_NOUN,1513
Vicente,22645
VILE,1312
Victimhood_NOUN,1459
Vir_X,1071
Vellum_NOUN,2427
Vocations,1023
Veiga_NOUN,3439
Vertov_NOUN,3182
Vapour,3797
Vonlee,1973
Veggies_NOUN,1866
Verity_NOUN,24990
Voting,39144
Varro_NOUN,13296
VALUES,9535
VIENNA,1373
Vivisection_NOUN,2035
Vina,3095
VETERANS_NOUN,1244
Vasil,2710
Vicenza_NOUN,5255
Vic_NOUN,46404
Varangian_NOUN,1218
VPNs,3236
Vesely,1082
Vitiello,1614
Velásquez,2732
Varanasi_NOUN,10388
Venomous_NOUN,1219
Visionary_NOUN,6338
Vapour_NOUN,3398
Varèse_NOUN,1450
València,2324
Vessey,2672
Vaishnava_NOUN,3070
Virago_NOUN,4453
VARIATION_NOUN,5285
VLF_NOUN,1423
Venta_NOUN,1769
Vanik,1212
Vratu,1100
Vanished_VERB,3501
Vigne_NOUN,2590
Volkmar_NOUN,2372
Vossius_NOUN,1968
Varg,1393
Vena_NOUN,3158
Varsity_NOUN,6812
Vertices_NOUN,2149
VET,16751
Versuche,1317
Vineet,1021
Vallas,1099
Videssian_NOUN,1257
VLPs,1688
Verena,7465
Vivi,17476
V1_X,1198
Virus_NOUN,34785
Vomit_NOUN,1569
Veto,4647
Vestibulum_X,1104
Vincristine,1148
Vair_NOUN,1207
Verdes_NOUN,1985
Verdurin,1381
Virat_NOUN,3916
Vannucci_NOUN,1074
Vollmann_NOUN,1423
Victrola_NOUN,1211
VP_NOUN,48420
VISUAL_ADJ,4598
Voss_NOUN,18470
Velásquez_NOUN,2567
VPN,15439
Vyshinsky_NOUN,1724
Viola,36353
VALE,1250
Viardot_NOUN,2058
Vonlee_NOUN,1968
Vavasor_NOUN,1264
Vij_NOUN,1294
Vartan_NOUN,1094
Vizetelly,1030
Victorianism,1273
Vasily_NOUN,7590
Volker,13119
Vacancies_NOUN,1999
VEHICLE,2235
Verschueren,1197
Vijayanagar,1250
Vulture,7253
V.S.,9109
Venturing,7171
Vulgate,14941
VOF_NOUN,1210
VARIANT_NOUN,1016
Velázquez,8086
Veron_NOUN,1133
Via_NOUN,75838
Visakhapatnam_NOUN,1652
Vendôme,3738
Velleius_NOUN,1859
VON,5398
Volksmengen,4162
Vine_NOUN,20286
Virtually,22574
Valerius_NOUN,11749
Vansina_NOUN,1978
Ventre_NOUN,1799
Valour,2900
VLT,1188
V2_NUM,3005
Viral_NOUN,13369
Vacca_NOUN,1882
Vorarlberg,1044
Velaska_NOUN,1077
Varnish,1799
Vorontsov_NOUN,2032
Vlaams,1282
Veltman,1512
Voisin,3046
Vanity,20532
Vue_NOUN,6851
Vixen_NOUN,3325
VNS,3669
Virginians_NOUN,7590
Vichy_NOUN,19737
Vicodin,2054
VCN_NOUN,1421
VPS,1325
Vallone,1112
Vivas_NOUN,1334
Vijayan_NOUN,2056
Viljoen,3322
Voids_NOUN,1360
Velo_NOUN,1013
Vina_NOUN,3089
Vis_NOUN,28811
Vous,7893
Vulkan,1071
Vx_NOUN,1662
Visibility_NOUN,12541
Vinyl,6117
VFL,2041
Vilhelm_NOUN,1074
Venison_NOUN,2406
Vous_NOUN,1833
V1_NOUN,19233
Visitor,26669
VTE_NOUN,11700
Venturing_NOUN,5806
Variants,10533
Völker_NOUN,2031
Viral,37990
Velocities,1873
Volhynia,1287
Vrin_NOUN,3635
Vauchez,1616
Vitriol,1067
Vamos_NOUN,1583
Vanna_NOUN,2842
Valeri_NOUN,2616
Vn,2534
VOTE_NOUN,1714
Vancouver,97522
Vegan_NOUN,12215
Velma,4311
Vaccin,1121
V.I._NOUN,7278
Varbarriere,3727
Vignesh,1180
Vaiśeṣika,1855
Vanya_NOUN,6746
VITA,1036
Varela,12863
Visuals_NOUN,3256
Vignon_NOUN,1598
VERB,2990
VJ_NOUN,7686
Venant_NOUN,1433
Valuable,10544
Vitalis_NOUN,4047
Versa_NOUN,2083
Viagra_NOUN,6641
Viswanathan,5113
VLE_NOUN,4300
Vergata_NOUN,1118
V8_NOUN,4493
Vanir_NOUN,3012
VII._NOUN,1328
Voiceless_NOUN,1060
Vicomtesse,1009
Varin_NOUN,1873
Vegetation_NOUN,17377
Volunteers,29992
Visigothic_ADJ,1302
Valparaíso_NOUN,2512
Vara,2624
Voucher_NOUN,2284
Vindman,1118
Vertebrate,5455
V.O._NOUN,2086
Valancourt_NOUN,2762
Velazquez_NOUN,3402
Vasquez,12599
Verily,18435
VRF_NOUN,1841
Veil_NOUN,16709
Vaudois,1897
Venter,6819
Venkata,2486
VULNERABILITY_NOUN,1005
V.D.,3850
Vittorio_NOUN,22059
Voll_NOUN,1790
Victories,3510
Visualize_NOUN,1459
Vaux_NOUN,9648
Vistula,5425
Verlag,134837
VI.,1771
VEGETABLE,2827
Vean,2258
Violent,39824
Verden,1793
Venant,1467
Villalba,1484
Vinnie_NOUN,11939
Ventricular_NOUN,11394
VUR_NOUN,2053
Vaccination_NOUN,10880
Validate_VERB,1393
Variae_NOUN,1233
VANET,3455
Vat,6247
Volksdeutsche,1226
Varangian,1275
Vanstone,2382
Viale,3704
Varon_NOUN,2233
Vipers_NOUN,2495
Verga_NOUN,1675
Valerian,7258
VH_NOUN,8287
Volunteerism_NOUN,1068
Valla_NOUN,4577
Vilar_NOUN,2333
Vulnerable,17606
Vihar_NOUN,1126
Virology,7943
Volvo_NOUN,15368
Vo,9723
Volunteers_NOUN,29973
Voronezh_NOUN,3556
VSMC,1518
Volder,4241
VINTAGE,1384
Vinita_NOUN,1892
Vázquez_NOUN,10290
Virology_NOUN,7922
Volstead,1902
Vows,5182
Vaughan_NOUN,44276
Vec,1797
Verne,13454
Vachon_NOUN,2125
Vauxhall,9154
Verus,3741
Verified_NOUN,1846
Vitousek,1531
Vespa_NOUN,3973
Voronov,1034
Varying,10111
Valiente,2199
VirtualBox_NOUN,1891
Veitch,2860
Visualisation_NOUN,3154
Virgilio,4618
Varya,1817
Vineyards,5013
VCC,2169
Verily_ADV,18078
Verloc_NOUN,4529
Vocational_NOUN,22298
Visibly,2035
Vinter_NOUN,2412
Vathek,1479
Volodyovski,5970
Vaughn,33095
Vajra_NOUN,6237
Vorträge,2120
Vet,62083
Voprosy_NOUN,3113
VIRGIL_NOUN,1079
Volkmar,2375
VAMPIRE_NOUN,1859
Vogels_NOUN,1196
Verity,25003
Vaticano,2395
Vitelli_NOUN,1492
VZ,1266
Vierge,1653
Vanost,1097
Virus,34816
Vistula_NOUN,5420
Vata_NOUN,4829
Vivendi_NOUN,2129
Volunteering_NOUN,4071
VOD,2448
Vaudrey_NOUN,1212
Visuality_NOUN,1764
Viewed,22789
Vado_NOUN,2091
Vij,1297
Viviana,8115
Vuh,1880
Vasishtha,1007
Varanus,1030
Virgin_NOUN,156121
Veuve_NOUN,1491
Vib,2530
Vonnegut,5440
Vicuña_NOUN,1166
VERSION_NOUN,5090
Visions_NOUN,34572
VCF_NOUN,1038
VARIOUS_ADJ,4174
Valene_NOUN,2182
Valkenburg_NOUN,2302
Vestiges,2788
VCU_NOUN,1439
Vigilante_NOUN,2486
Valleys,6648
Vertically,2713
VUCA_NOUN,3206
Verifying_NOUN,1584
Vintage,52612
Vadodara,1367
Velho_NOUN,1465
Versteeg_NOUN,1548
Vlasov,4671
Verdon,2661
VPP_NOUN,1932
Velvet,18822
Variant_NOUN,14460
Vidarbha_NOUN,1174
Vergilian_NOUN,1591
Verstraete_NOUN,2181
Valent_NOUN,1755
Vasseur_NOUN,1045
VENICE_NOUN,1657
Vivia,1685
Vikash,1634
Vaidya,4056
Veer_NOUN,7704
Vaccaro_NOUN,3885
VWF,4094
Vinland,2304
Vitrification_NOUN,1032
Vistas,2059
Villefort_NOUN,10225
Veloso,1786
Vortigern,1980
Vancomycin_NOUN,6398
Veit_NOUN,3883
Vera_NOUN,85381
Vermeule_NOUN,1688
Veith_NOUN,1925
Valentini,3634
VARIABLE,5213
Vth,2192
Venters,3671
Videssians_NOUN,1549
Voz_NOUN,1398
Villanelle_NOUN,1251
VCN,1430
Vandal,4603
Vyka,1114
Vardy_NOUN,1022
VUCA,3224
VENICE,1658
Valladolid,9069
Votre,1264
Vasicek_NOUN,1006
Viktoria_NOUN,2267
Venditti,1117
V5000_NOUN,1115
Viscoelastic,2900
Vamp_NOUN,1345
Verdant_NOUN,2028
Vorwärts,1998
Volumnia_NOUN,2688
Varghese_NOUN,4557
Vignette_NOUN,6899
VPI,1316
Victim,26034
Villanueva_NOUN,6221
Viagra,6834
Vino,2182
Variable_ADJ,84326
Valentino_NOUN,11951
Vining,3574
Veiling_NOUN,1008
Volition,1765
Vlad_NOUN,16237
Vol_NOUN,549166
Veh,4299
Vik,4162
VTach_NOUN,1121
Vaudois_NOUN,1870
Vitousek_NOUN,1531
Verify_NOUN,8397
Vidame_NOUN,1100
Voogt,1435
VanderKam,2441
VRT_NOUN,1967
Volker_NOUN,13101
VALLEY,7330
Veteran_NOUN,10164
V.K._NOUN,7316
VPCs_NOUN,2003
Valley_NOUN,413637
VNF,1609
Varia_NOUN,3855
VoiceOver,1228
Vermin,2280
Vicars_NOUN,1603
Victorin_NOUN,1318
Vanquished,1320
Vall,1105
Victrix_NOUN,1224
Vrain,1742
Vivo_NOUN,8198
Virtuous_NOUN,2728
Vergleich_NOUN,2201
Vietnam_NOUN,355454
VirtualBox,1958
VDS_NOUN,1885
Vaginal,12187
Villarreal_NOUN,3416
Vianello,1116
V.V.,11041
Voegelin_NOUN,4985
Viceroyalty_NOUN,1580
VACCINE,1455
Valeo,1197
Vasquez_NOUN,12353
VIRGIN,2227
Villon,3932
Visualizations_NOUN,2552
Values_VERB,14920
Vidura_NOUN,1379
Vichy,20263
Viereck,1591
VITAMIN,2106
Vail_NOUN,9962
VOYAGE_NOUN,2899
Vahid,1135
VPI_NOUN,1306
Visualized,1078
Vietminh,1848
VIII.,1156
Virtualization,6530
Virgos,1032
Vicarage,4472
Vansittart,3684
VI_X,1200
VINE,1247
Vagabonds_NOUN,2013
Vol,549545
Vreeland,2506
Vickery_NOUN,4740
Vannevar,2160
VERA_NOUN,2206
Vondel,1269
Vergangenheit,1418
Vesus_NOUN,1445
Volcker_NOUN,5045
Visigoth_NOUN,1421
Valetta_NOUN,2000
Victurnien_NOUN,1059
Vaccinium_NOUN,2692
Vargus,1308
Varda,3594
Vowel_NOUN,4811
VHP,4696
Velha,1092
Varnhagen_NOUN,1005
VSAT_NOUN,1545
Vicent,1082
Verlagshaus_NOUN,1131
Viney_NOUN,3393
Vanel_NOUN,1340
Velázquez_NOUN,7798
Vieth,1068
VR,80407
Vinton,2685
Vinayak,3144
Vaal,1929
Vluyn,1688
Vp_NOUN,2274
Valhalla_NOUN,8140
Vampires,11749
Vyshinsky,1752
Vasc,12297
VMI_NOUN,3278
Venkatesan_NOUN,2919
Vereen_NOUN,1133
Volmer_NOUN,2224
Vienna,234563
Valid_ADJ,11806
Valencia_NOUN,38886
Vk_NOUN,1113
Vergnaud_NOUN,1167
Vicks,1070
Voragine,1203
Velarde,1964
Venezuelan,19590
Vergara,4677
VANET_NOUN,3437
Vistas_NOUN,1994
Valliere,6478
VAL,2999
Vivien,12210
Ventoux,1207
Vassallo,1594
Vincente,3467
Vox,12027
Vedānta_NOUN,2712
Vulvar_NOUN,2312
Vérité_NOUN,1350
VGS,2034
Villarreal,3639
Vargus_NOUN,1308
Vora,2468
Vapor,13220
VCRs_NOUN,1274
V7000_NOUN,1533
Vesper,7576
Viñas_NOUN,1003
Vuitton,5074
Visalia,1019
VISITING_VERB,1604
VK_NOUN,9929
Vers_X,1144
Valenzuela,8605
Vitebsk,1691
Vilnius_NOUN,9502
Viviane_NOUN,4628
Vereen,1138
VKA,1322
Veranda,1103
Vevey_NOUN,1052
Vandals,6429
Vases,1941
Vr,1818
VCRs,1275
Varner_NOUN,4662
Varian_NOUN,8468
VTC_NOUN,1930
Vishwa_NOUN,1744
VaR,10262
Vigdis_NOUN,1554
Vig,2380
Vostok_NOUN,3492
Vajra,6238
Vivarium_NOUN,1010
V.P.,8124
Vietnamization_NOUN,1239
Vin,20112
VOICE_NOUN,14741
Villena,2004
Vidyasagar_NOUN,1462
Vials_NOUN,1336
Vaara,1197
Val,91211
Validating,5240
Veen_NOUN,5010
VIDENCE,1366
Venner_NOUN,2849
Vitae,6811
Victories_NOUN,3509
Vivi_NOUN,17421
Viscoelastic_NOUN,2195
Verin_NOUN,1101
Valdes,3953
Vertebral_NOUN,5342
VFAs,1249
Vanno_NOUN,2678
VEGETABLES_NOUN,4198
Vickers_NOUN,22179
Vidya,5162
VCE,1464
Villegas,6171
Vol.1,2387
V.C.,6243
Voit,1045
Vasoconstriction_NOUN,1193
Victrola,1218
VLS,1181
VFX,1309
Verhulst_NOUN,2391
Vilar,2468
Volstead_NOUN,1790
V.V._NOUN,11017
Virgilio_NOUN,4461
VCL,1225
VEM,1121
Veronica,79992
Virtualize,3024
VPA,2868
Vishal_NOUN,3681
VENUE,1386
Varzil_NOUN,2148
Violet,146929
Vengeance,14237
Vitiligo_NOUN,1496
Veterans_NOUN,54289
Versuch,4061
Volynsky,1165
Vierfürst_X,1223
Vocational,28783
Victor,218689
Viewer_NOUN,7466
Vikal_NOUN,1207
Varicella,8218
Virtuous_ADJ,3109
Vasari,12774
Vrindavan,3932
VQ,2246
VTs_NOUN,1131
Vilma,3267
Vientiane,4906
Velden_NOUN,1866
Voet,1461
Vassal_NOUN,1655
Vossius,1973
Visio_NOUN,1536
Visionaries_NOUN,1419
Vita,38491
Valgus,1187
Vieille,1714
Vattimo,1785
Vessey_NOUN,2669
Vanguardia_NOUN,1322
Vincristine_NOUN,1070
Víctor,4468
VOLTAGE,1427
VCA_NOUN,2331
Veldman_NOUN,1069
V.2,1092
Vine_ADJ,6032
Veer,8019
Vittore,1719
Vercelli,2689
VLA_NOUN,1626
VISA_NOUN,2078
Vignesh_NOUN,1178
Voluntarily_ADV,1285
Vocation,6912
Vanessa,72410
Vande_NOUN,2695
Voltages_NOUN,1509
Veatch_NOUN,1630
Vimeo_NOUN,2382
Vamos,2258
VSD,8531
Venusian_ADJ,1207
Ves,1948
Vacation,10480
Vibration_NOUN,19773
Viewed_VERB,22750
Visas_NOUN,3820
Violent_ADJ,39809
Vague,6846
Vida_NOUN,14107
Vasc_NOUN,12296
Vologda_NOUN,2069
VTS,1697
Vautrin,2728
Vowel,4987
Voogt_NOUN,1431
V.M.,9800
Vith_NOUN,1921
Vajda_NOUN,1291
Vzziah,1431
VLAN_NOUN,6384
VTT,1510
Vollrath_NOUN,1050
Vineland_NOUN,2053
Vim_NOUN,1308
Virginity,3244
Verty,1113
Vignoles_NOUN,1693
Verplanck_NOUN,1062
Vu_NOUN,9155
Visuals,3268
VIEW_NOUN,12272
Visalia_NOUN,1014
Vacancy_NOUN,2551
Vishnu,24429
VCG_NOUN,1738
Varma,8799
Vitamins_NOUN,10092
Vangie_NOUN,1353
Variations_NOUN,42853
Vanna,2851
Virtual_ADJ,105565
Vermeulen_NOUN,6014
Varney,6958
Vergleichende,1050
Volkmann,2602
VIV_NOUN,1205
VNC_NOUN,1895
Vertebrates_NOUN,3781
VARIABLES,3073
Varnish_NOUN,1649
Venezuelans,2898
Valentín,1488
Vertisols_NOUN,1306
Vergennes_NOUN,2138
Vs,16327
VGA_NOUN,2087
Veli_NOUN,1615
Verres_NOUN,2567
Vallejo_NOUN,7904
Viennese,21813
VMware_NOUN,9712
Vrin,3636
Virno,1302
Versteeg,1551
Ventures_NOUN,13278
Virchows,2020
Vence,1850
Villiers,14396
Views_NOUN,52978
VAMPIRE,1864
VDM_NOUN,1193
VIDEO,4680
Viney,3402
Voix_NOUN,1452
Vestal_NOUN,4298
V.I.,7310
VIRGIL,1093
Values,136330
Va,10830
Venturini_NOUN,2037
Valley,413841
Valerane,1195
VMA,1217
Vegans_NOUN,1436
VOICES_NOUN,2937
Vassa_NOUN,1834
Viceroyalty,1582
Vout,1398
VERSUS,7581
Vilanova,1442
Vergilian,1886
Varick,2901
VENTURE_NOUN,1013
Valente,5881
VL,16002
Viscusi,1368
Violette,6794
Vannes,2648
Villagers_NOUN,7134
Visually_ADV,7443
VBA_NOUN,10804
Vanishing_VERB,1735
V._CONJ,9360
Virginian,12917
VHI,1135
Vlach,1612
Vestergaard,1482
Veg,2225
Vallee_NOUN,2873
Voenizdat_NOUN,1314
Veeck,1949
Veblen_NOUN,13538
Verantwortung,1052
Varicella_NOUN,8206
VOID_NOUN,1218
Veenstra,1829
Valdés,8306
Vygotsky_NOUN,26901
Villegas_NOUN,6025
Vicenza,5349
Virtually_ADV,22534
VISTA,1669
Vedantic,1568
Vermilion_NOUN,3834
Viveiros,2345
Virgilius,1116
Vandana_NOUN,4338
VALERIE_NOUN,2372
Varden,2064
Varna_NOUN,5164
Vire_NOUN,1269
Vekhi,1209
Vaudeville,3249
Vengeance_NOUN,14221
Vainio_NOUN,1074
VEIL_NOUN,1065
Vos_NOUN,15690
VAP,3817
Viken_NOUN,1558
Vioxx,1187
VSV,1192
Voronin,1049
Venereol,6644
Vedder_NOUN,3464
Vospominaniia_NOUN,1342
Volumes_NOUN,24535
Voorhis_NOUN,1557
VOYAGE,2917
Vikram,12980
Vladimir_NOUN,84227
VSDs,1180
VPE_NOUN,1248
V.R._NOUN,4942
Vicent_NOUN,1070
Vacancy,2553
Voas,1097
Veld_NOUN,1484
Villagers,7136
Verónica_NOUN,3040
Voyage_NOUN,33931
Vallen_NOUN,1153
Valance_NOUN,2527
VISIBLE_ADJ,1095
Viruses,17437
VER_NOUN,2486
Visual_ADJ,159913
Velda,1824
Validity_NOUN,28517
Vestnik,4168
Vices_NOUN,4667
Varying_NOUN,5184
VIE_NOUN,2791
Vanderpool,1436
Vivir_NOUN,1789
Vallerand,3549
Vivie,1283
Villafranca_NOUN,1140
Vaccinium,2791
Vassilis_NOUN,1467
VFD_NOUN,2665
Variorum_NOUN,3887
Vom,8156
Vineyards_NOUN,5011
Vardaman_NOUN,1512
Volar_NOUN,1203
Visualizations,2566
Verhofstadt,1280
VICTIMS,1352
Vihear_NOUN,1270
Van't,1086
Violate,1002
Voit_NOUN,1007
Vospominaniia,1384
Views,54504
Voicing,2802
Vande,2700
Virginie,5953
Vaterland,1365
Valerio_NOUN,8089
Versioning_NOUN,1040
Vern,9985
Vecchia_NOUN,2992
Vaishnav,1225
Veal,5896
Vivianna,1328
VVD,2095
Viking_ADJ,1637
Viking_NOUN,68850
Vagrancy,1994
VINEGAR_NOUN,1966
Voroshilov,2198
VWD,1883
Venn,16481
Voronoi,6529
Veum,1315
Vertrag,1052
VASCULAR_NOUN,1622
Vika,3734
Vijayanagara_NOUN,2228
Vassa,1834
Viper,11199
Vehicular_NOUN,6339
Verdicts,3170
Vocations_NOUN,1015
VPN_NOUN,15140
Villages,14449
VCR_NOUN,5240
Volunteering,5694
Victimology,1780
Valentines_NOUN,2126
VOLUME,12055
Vevey,1089
Vo_NOUN,9286
Virginity_NOUN,3235
Valeriana_NOUN,1302
Verge_NOUN,4269
Vakhtangov_NOUN,1043
Villari_NOUN,1512
VOC,18591
Viganò,1054
Venous_NOUN,9074
Valian_NOUN,1236
Vaccines_NOUN,15462
Verapamil_NOUN,1723
Vitrification,1036
Villous,1019
Victorianism_NOUN,1272
Volpone,2438
VIA,6405
VALENTINE,2149
Vatol,1022
VAT_X,2900
Valarie,1176
VNA,2387
Vagrants,1115
Vive_ADJ,1692
Vive_X,2353
Vaught,1163
Volcano,9623
VIRTUAL,2051
Voyageurs,1990
Vikki,2424
Variety,39672
Vardon,1635
Vetch_NOUN,2800
Verdad,1044
Vagal,1629
Victrix,1238
Visualizing_VERB,6579
Vietnamese,120990
Velma_NOUN,4311
Vivekananda,15714
Votre_NOUN,1250
Veda_NOUN,15384
Valerii_NOUN,1232
Villanueva,6607
Você,1336
VERBS,1511
Vika_NOUN,3634
VALUE_NOUN,26138
Véron_NOUN,1135
Ve,6523
Viscosity_NOUN,12323
VARIATIONS,3418
Volodymyr,2323
Visualize,8587
Vesicle,1656
Vaziri,1117
Variscan_NOUN,2921
Videotape_NOUN,1222
Valves,4765
Vogelsang_NOUN,1673
Verlag_,1352
Ville_X,2237
Viana_NOUN,4227
VICTORIA,4615
VSc,1160
VHF,9910
VII.,1405
Ving_NOUN,1499
Varnum_NOUN,1935
Vlora_NOUN,3750
Visser,15780
VILLA_NOUN,1913
Voters,18978
Vanni,2745
Vertical_NOUN,24951
Verger_NOUN,2829
Vice_NOUN,171939
Volpe_NOUN,6146
Vandekerckhove_NOUN,1003
Vanita_NOUN,1052
Valderrama_NOUN,1351
Vignette,6922
V.O.,2101
Voroshilov_NOUN,2196
Virtual,105720
Vertue_NOUN,2431
VaR_NOUN,10127
VALIDITY,1169
Viennese_ADJ,14465
Vac_NOUN,4132
V.M._NOUN,9748
Vana_NOUN,1922
Verlag_X,3437
Vicar_NOUN,24034
VSMCs_NOUN,1477
Vestas_NOUN,1454
Vick_NOUN,6841
Valued_VERB,3202
Visa,15804
Voxel,1742
Vocal_ADJ,16626
VOC_NOUN,18208
VARIATIONS_NOUN,3418
Vijaya,4030
Vestals_NOUN,1043
Veress,1301
Vespa,3986
VANETs,2229
Vincenzo,16443
Valkenburg,2308
Victurnien,1085
Vio,2819
Vollrath,1053
Virg,2202
Vietnamese_ADJ,70545
Vitality,6074
VRE,3168
Venise,1958
Victimization_NOUN,7344
Viscous_ADJ,2119
VENUS,1961
Valence,8513
Voters_NOUN,18967
Vernon,71370
Vr_NOUN,1781
Veronyka_NOUN,6818
Vien_NOUN,1357
Vespasian_NOUN,17430
Vector3,1039
Volsung_NOUN,1421
Vestry_NOUN,2576
Vonk,1442
Verbally_ADV,1148
Vietnamilainen,2039
Verified_VERB,1221
Vasopressin_NOUN,2442
Villeneuve,6958
Venomous,1858
Valkyrie_NOUN,26507
VAP_NOUN,3797
VSV_NOUN,1150
V2_NOUN,17935
Vanilla_NOUN,15330
VANETs_NOUN,2228
Vers,3738
V.L._NOUN,5548
Veronique_NOUN,5364
Valhalla,8156
Verdugo,2223
VRS_NOUN,3037
VFW,1755
Valéry,6176
Valid,11810
Ventral_NOUN,5623
VCP,2770
Vought,1077
Vyacheslav,2774
VPD,2015
Valverde_NOUN,5941
Viscountess_NOUN,2232
Vlasov_NOUN,4661
Venner,2850
Viet_ADJ,2722
Vulnerabilities_NOUN,7458
VEGFR,2753
Virtue,53400
Verhandlungen,1840
Voltage_NOUN,30609
Volume_ADJ,15390
Vestibulum,1573
VFX_NOUN,1299
Vit,4306
Vienne,6218
Vosges,4271
Verified,3089
Visibility,12763
Vlaams_NOUN,1261
Volcanol_NOUN,1139
Viva_NOUN,7273
Vasconcelos,5134
Valarie_NOUN,1173
Vv,1626
Votes,12549
Vellum,3218
VA_NOUN,122442
Vendée_NOUN,3197
Visualize_VERB,7016
VIVEKANANDA_NOUN,1993
VicePresident_NOUN,1877
Vallone_NOUN,1111
Vill_NOUN,1629
VGG16,2824
VIENNA_NOUN,1373
Vy_NOUN,3101
Vulcan_NOUN,12580
Viveiros_X,1113
Vadim_NOUN,6825
VCL_NOUN,1206
Vettori,4060
Versatile,3472
Varin,1873
Varies,4347
Vesey,4197
Verdun,10933
Visigoths,5094
VT,47910
VALIDATION_NOUN,1368
Vreest_ADJ,1125
Vitale,8450
Viejo,5144
Vincy,3678
Vasudeva,3003
Vikram_NOUN,12945
Voiding,1136
VADs_NOUN,1216
VIA_NOUN,6294
VZV_NOUN,4716
Vechten_NOUN,3262
Ventana_NOUN,1138
Virginians,7604
Vocal,18465
VO2,2417
Vehicle,109735
Vikal,1211
VPL,1640
Vivamus,1259
Venereal,3478
Vergniaud_NOUN,1004
VENUS_NOUN,1954
Valenciennes,4225
Violating,2198
Vesus,1445
VILLAGE,6128
VFA,3927
Vrij_NOUN,2301
Venturini,2039
Venkatesh_NOUN,7405
Visit_NOUN,32894
VIRAL,2695
Vadim,6861
VDC_NOUN,2837
Visibly_ADV,1941
Voorhees_NOUN,3328
Vier_NOUN,1441
Vavasour_NOUN,3051
Velden,1975
Verbena_NOUN,1699
Ventilator_NOUN,2801
Voices_NOUN,64747
Vultar_NOUN,1002
Vanities_NOUN,1260
Volksmengen_NOUN,1166
Verifier,1015
Vesta,10000
Vugt,1385
Virno_NOUN,1296
Vols._NOUN,1070
Venlafaxine,1292
VENUGOPALACHARI_NOUN,1243
Vorstellungen,1036
Vyka_NOUN,1112
VP,51432
Viganò_NOUN,1047
Vázquez,11014
Violet_NOUN,146900
Vaccines,15498
Veronika_NOUN,5303
Verbeek_NOUN,3095
Vocabularies_NOUN,1198
Vineyard_NOUN,17211
Violations,14124
Vogt_NOUN,16757
Valorization,2034
Varun,4410
Velde,8203
Velen,1235
Valerie,67421
Variances_NOUN,2546
Voronezh,3614
Verdean,1670
Vj_NOUN,1492
Vallance,2071
VISUAL,4605
Ventilation_NOUN,14288
Vials,1342
VOICE,14762
VoC_NOUN,1346
VFD,2685
Ventana,1150
Viale_NOUN,3678
Venser_NOUN,1342
Vignon,1599
VILLA,1949
Veritate,1086
Verhoeven_NOUN,5123
Vibrant_ADJ,5954
VERIFICATION_NOUN,1118
Verifying_VERB,3571
Volumetric,5600
Vb_NOUN,2061
Volkmann_NOUN,2595
Valls,2814
VEN,2100
Veiga,3494
Virgen_NOUN,3965
VGG_NOUN,3663
Vol._NOUN,54512
Vainio,1074
Valle_NOUN,23247
Veda,15401
Viator,2166
Volcanic_ADJ,1359
Verhandlungen_X,1155
Virgilian_ADJ,4046
Verwey,1005
Vaud_NOUN,1954
Verg,1999
VENGEANCE,1118
Vanbrugh_NOUN,2046
Valladares_NOUN,1310
Verneuil_NOUN,1668
Vroom,2817
Vallabhbhai_NOUN,1465
Volumnia,2694
Ville_NOUN,19840
VHD,1469
Veltri_NOUN,1201
VHA,2748
Vie_NOUN,8271
Vertov,3192
Vivekananda_NOUN,15702
Versatility_NOUN,1391
Valsalva_NOUN,7308
Vessels,17714
Villi,1116
Verapaz,1030
Vanished,3502
Vite_NOUN,1726
Voir_X,1409
Ventricle_NOUN,1644
Vishny_NOUN,2097
Value_ADJ,6254
VERY_ADV,19465
Vets_NOUN,1992
VCAM_NOUN,2083
Veterinarian_NOUN,1842
Viner_NOUN,5780
Vivir,1894
Vingt,1215
Vuong_NOUN,2083
Vaquero_NOUN,1701
Viegas_NOUN,1353
Vischer,2269
Varus,3631
Viollet_NOUN,2869
VTI,1762
Victorious_NOUN,2764
Visually,7445
VD,8366
Varun_NOUN,4403
Var_NOUN,23649
VSc_NOUN,1147
VII_NOUN,237959
VBM,2566
VLP_NOUN,1549
Volkov_NOUN,8442
Venter_NOUN,6776
VSDs_NOUN,1174
Virgin,157629
VGI_NOUN,1314
VHR_NOUN,1044
VIRUSES,1191
Vachon,2126
VIIa_NOUN,1638
Vegetius,1272
Vauban_NOUN,2335
Vt.,6242
Vicia_NOUN,3022
VOT_NOUN,1498
Vertebrata_NOUN,1306
Vasopressin,2898
V,1578028
Valancy_NOUN,4137
VCG,1768
Vetter,4366
Verlaine,4669
Veena,5564
VY,1935
Villalobos,3334
Valorization_NOUN,2032
Vincentio_NOUN,1125
Verbum,3291
Verbum_NOUN,3182
Valenzuela_NOUN,8599
Victorio_NOUN,1545
Vreese_NOUN,1016
Vestibule_NOUN,1043
Vagueness_NOUN,3096
Văn,2201
Vendome_NOUN,2371
Vaticanus_NOUN,2211
VO,16975
Vannini,1601
Vireo_NOUN,1170
VOTE,2143
Viterbi,1811
Verona_NOUN,23304
VETERINARY,1088
Venugopal_NOUN,2340
VINE_NOUN,1129
Valuable_NOUN,6055
Vyds_NOUN,1015
Virat,3937
Ves_NOUN,1922
Venetia_NOUN,6855
Vita_NOUN,37625
Verden_NOUN,1705
Veneer_NOUN,1276
Vapor_NOUN,12553
Vermes_NOUN,2364
Villavicencio_NOUN,1046
Vertical_ADJ,23359
Vahlne,1038
Vapors_NOUN,1077
Virgie_NOUN,2078
Vitali,3404
VLS_NOUN,1169
Vanno,2690
Validation_NOUN,46809
Valls_NOUN,2787
Victorinus_NOUN,1934
Vasculature,1179
Vegetarianism,2101
Verri_NOUN,1239
Vidya_NOUN,5100
Variability,19314
Victors,1706
Veldhuis,1647
VAL_NOUN,2727
Villareal,1355
Völkerrecht,1735
Voyer,1023
Vix,2297
Voges,1307
Vasilisa,1821
VEGETARIAN_NOUN,2811
Vt_NOUN,5244
Völkischer_NOUN,1713
Vicomte_X,2681
VAS,5666
Vilches,1454
Verdi_NOUN,14949
Vilas_NOUN,2772
Volka_NOUN,2897
Vernonia,1118
Verschoyle_NOUN,1123
Vianna_NOUN,2383
Vladimirovna,1374
Verna_NOUN,6776
Valmiki,2941
Vigilantes,1654
Vermouth_NOUN,1487
Vol.2_NOUN,1639
VIE,2863
Vergil,17600
VIF_NOUN,2983
Varner,4663
Valuation_NOUN,27271
Voices,66667
Vander,8289
Verifying,5252
Violin_NOUN,8744
Valgus_NOUN,1186
Vyāsa,1225
Václav,4078
Vercingetorix_NOUN,1616
Valuations,1635
Valiant_NOUN,5981
Valkyrie,26513
VINCENT_NOUN,2087
Vohra,1741
Vishwa,1784
VZ_NOUN,1258
V'am,1026
Vent_NOUN,5670
Vitória_NOUN,1341
Vesicle_NOUN,1653
Voicing_NOUN,1559
Variegated_NOUN,1610
Velo,1023
Vang_NOUN,4212
VALIDITY_NOUN,1169
Vluyn_NOUN,1687
Voltammetry,1075
VERNON_NOUN,1515
Vidura,1383
Vegans,1443
Vinh,3275
Variant,14630
VISION_NOUN,7437
V2,24173
VTOL_NOUN,1202
Verwoerd,1585
Vorster_NOUN,2370
Voigt_NOUN,10851
Viper_NOUN,11057
Vermont_NOUN,67008
Vidal_NOUN,23743
Volksscharen,1683
Vigorous_ADJ,5256
VI._NOUN,1068
Velleman_NOUN,2273
VISTA_NOUN,1665
Videus_NOUN,1434
V2V_NOUN,2622
Verde,29326
Vrath_NOUN,1448
Venables_NOUN,5747
Vincente_NOUN,3462
VOS_NOUN,1332
Voluntas,1024
Virginius,2037
Verb,22533
Voriconazole,2299
Vid,1520
Vellore_NOUN,3527
Vergata,1119
Victimology_NOUN,1778
Vasiliev,2461
Vladislav_NOUN,3277
Vickrey,1138
Vasa,3685
Viola_NOUN,36321
Variations,42859
VSO,1710
Voluntary_NOUN,30455
Viability,5992
Velda_NOUN,1824
Veils,1887
Veum_NOUN,1315
Varna,5174
Verga,1681
Vet_NOUN,61856
VCI,1382
Vella_NOUN,5360
Vanderbilt,38595
Ventimiglia_NOUN,1106
VW,18070
Vizcaya_NOUN,2108
Valya,2046
Vetera,1004
Valmy_NOUN,1234
Verlags,1196
Vaughan,44382
Veronese,6498
Venetians,13964
VALUATION_NOUN,1966
Vocational_ADJ,6440
Vani,1967
Volksdeutsche_NOUN,1220
VEAL_NOUN,1044
Valency_NOUN,1448
Vectors_NOUN,16507
Vater_NOUN,5047
Videla,1452
Viveiros_NOUN,1227
V3_ADJ,1647
Vell,3716
Verlagsanstalt_NOUN,1817
Veii_NOUN,3233
Vite,1792
Vehicles_NOUN,31333
Vaccine,33187
Viveca_NOUN,1148
Verne_NOUN,13444
Vanir,3016
VAR,15797
Volition_NOUN,1755
Version_NOUN,105050
Vaiśeṣika_NOUN,1846
Verlagshaus,1142
VALE_NOUN,1239
Vol.,54759
Visuospatial,1616
Verts,1269
Vigdis,1557
VIEWS,3028
V.F.,2446
VLDL_NOUN,4701
Verbatim_NOUN,2007
Venom_NOUN,4451
Videla_NOUN,1422
VPNs_NOUN,3224
Vean_NOUN,2241
VTC,1941
Vindman_NOUN,1029
Volgograd_NOUN,3497
Vasudevan_NOUN,2857
Valene,2184
Victoriano_NOUN,1102
Vikas_NOUN,6626
Valerio,8117
Varenne_NOUN,1695
Vouchers,2339
Vanities,1262
Varoufakis_NOUN,1635
Vorstellung,2272
Violated,1257
Vacations,1880
Varieties,25585
Vasu_NOUN,1625
Venegas,2382
Violate_VERB,1002
Volpi,1383
Voodoo_NOUN,10883
Vulvar,2614
VL_NOUN,15828
VIS_NOUN,6810
Vagrant,2726
Virgili_NOUN,1217
Viktor_NOUN,46674
Volksgemeinschaft,1953
Vester,1347
Verses_NOUN,21262
Voelker_NOUN,1177
Valued_ADJ,2180
Vindicated_NOUN,1155
Villiers_NOUN,14239
Vestibule,1043
Vasicek,1006
Vallon,2889
VIRGINIA,6200
Vries,23988
Voce_NOUN,1289
Vicodin_NOUN,2029
Vigor,1470
Vani_NOUN,1952
Vessels_NOUN,17706
Volf_NOUN,4242
Varga_NOUN,6644
Veins,7220
Virchow,5575
Veteran,15912
VVD_NOUN,2028
VARIABLE_ADJ,4461
Vlach_NOUN,1611
Vai_NOUN,1881
VLSI_NOUN,7902
Venues,2314
Vaticana,3836
VICTIM,2325
Victorian_NOUN,57182
Verba,5050
Vasudevan,2857
Volvo,15477
VECM_NOUN,1342
Verver,1448
Vaidyanathan_NOUN,1562
VEM_NOUN,1112
Violated_VERB,1256
Vand_NOUN,1990
Viertel,1022
Vijay,14926
Vendée,3225
Versace_NOUN,3028
Vitaly_NOUN,2264
Vesna,1508
VERB_NOUN,2895
VR_NOUN,73998
Visit_,2263
VERSION,5094
VAIN_ADJ,1084
VBAC,1238
Vail,10192
Vari,1534
Vergil_NOUN,17390
Vigo,7342
Victor_NOUN,217980
Visio,1627
Valliere_NOUN,6478
VAS_NOUN,5651
Vaishnavism,1311
Verduret_NOUN,2260
Vitry_NOUN,3340
Vansina,1978
VAE,4251
Vent,5817
Vives,5459
Vaal_NOUN,1682
VEB,1570
Voi,4390
Volleyball_NOUN,2237
Versilov,1602
VSM_NOUN,6133
Vence_NOUN,1844
VHA_NOUN,2744
Victors_NOUN,1700
Vein,8331
Vijayaraghavan,1150
Vivien_NOUN,12143
Volf,4250
Vereinigung_NOUN,1364
Valor_NOUN,6386
VP2,1097
Veron,1134
Vallabhbhai,1465
Vechten,3265
Vested,2110
Vago,1129
Varick_NOUN,2852
Voila_NOUN,1611
Verlaque,1023
Visioning,1326
Vercelli_NOUN,2672
Van't_NOUN,1085
Vicksburg,17595
Valdez,15379
Vigiliae,1113
Volsung,1423
Vitreous,2370
Valsiner,2732
Vk,1120
Voltage,31765
Vajjon,1162
Verdant,2043
Vyas,4394
Verfassung_NOUN,1035
Versluys,1111
Vitali_NOUN,3397
VSAT,1601
VICE,2995
Viana,4276
Vienna_NOUN,234408
Vivianna_NOUN,1322
Viṣṇu,2426
VDI,3315
V.L.,5549
Ventura,16453
Vibrational_NOUN,3691
Vaux,9662
Vrba,1208
VLANs,2854
Vallée,4708
Veneration,1633
Vallance_NOUN,2071
Vanuatu,14533
V.T.,2464
Vose_NOUN,2367
Vampires_NOUN,11616
Vom_NOUN,7318
Virgen,4595
Valor,6544
Visscher,4039
VADs,1234
Volt_NOUN,2831
Vukovar_NOUN,2022
Van_NOUN,625749
Vi_NOUN,23608
VEGF_NOUN,23675
Valerii,1234
Vow_NOUN,4704
Voragine_NOUN,1171
Visioning_NOUN,1191
Vickery,4749
Vocal_NOUN,1816
Vliet,4038
VARIABLES_NOUN,3073
Vile,4526
Vivie_NOUN,1228
Viewing_NOUN,5109
VP_X,2192
Venerate,1069
Visayas,1377
Viscosity,12351
Vassily,2632
Venturing_VERB,1364
Volar,1284
Valuing,9640
Volpi_NOUN,1380
Verl,1001
Versions,11449
Variational,6525
Valian,1240
Verrier_NOUN,2900
Vaupel_NOUN,1078
Velez_NOUN,3805
Vodka_NOUN,5912
Vacant,4610
VIII_NOUN,191772
Valve,17936
Valetta,2000
Vaishnav_NOUN,1224
VIIa,1707
Villers_NOUN,4485
Vickers,22190
Vattimo_NOUN,1780
Villars,3721
Viv,26980
Vrindavan_NOUN,3925
Voltaire_NOUN,48028
Values_NOUN,121308
Verr_NOUN,1025
Venezuelan_ADJ,13127
Vereniging,1041
Veneziano,1166
Vidar_NOUN,4232
Vasilii,2370
VUR,2195
Valentinian,5064
Vigilantes_NOUN,1649
Vision_ADJ,1176
Vieweg,2118
Venditti_NOUN,1113
Valar_NOUN,1602
Vatican_NOUN,105524
Visby_NOUN,1977
Volcán,2921
Ventoux_NOUN,1202
Veenhoven_NOUN,1066
Vianello_NOUN,1115
Vallandigham_NOUN,1027
VJ,7733
Veneto,7344
Vasili,4856
VY_NOUN,1895
Vyāsa_NOUN,1225
Vanuatu_NOUN,14447
VBP_NOUN,1694
Vending_NOUN,1148
Vajiravudh,1130
Verso,47411
Viator_NOUN,2133
VAD_NOUN,3910
Vanden,3151
V6_NOUN,3248
VicePresident,1884
Verstehen_NOUN,1489
Velasquez_NOUN,7294
Vinaya_NOUN,3105
Vegetius_NOUN,1271
V.Y.,1096
Voc,1893
VMs,15518
VX,3293
Vardi,1690
Voyageur_NOUN,1314
Vose,2374
Versuch_NOUN,2147
Vim,1375
Videssian,2746
Verschueren_NOUN,1195
Venera,1076
Vases_NOUN,1927
Vanslyperken,2625
Vehicle_NOUN,109354
Vile_NOUN,2382
VINCENT,2088
Verbeke_NOUN,2921
Virginius_NOUN,2027
Voenizdat,1315
Vindex,1283
Vm,3136
Vicolo_NOUN,1076
Vilna,8218
Vasilyev_NOUN,1504
VDRL,1674
Vaterland_NOUN,1318
Vohs,2711
Vilches_NOUN,1139
Vomiting_NOUN,10044
Vivant,1123
Value,281204
Vonda_NOUN,1092
Vimala,1002
VGG,6182
V4,6632
Vsyevolodovitch_NOUN,1882
Vek,1653
Vireo,1460
Vater,5568
Value_NOUN,274681
Vespasiano,1091
Vallon_NOUN,2885
Volkswagen,19909
Vasin,3284
Villafranca,1148
Vetus_NOUN,3190
Varda_NOUN,3590
Vf,1495
Vajpayee,5069
VSM,6184
Vic,47262
Varying_VERB,4920
Vajrasattva,1551
Virtues,18278
Visher,1165
Ver_NOUN,9454
Vizard_NOUN,1291
Vow,4888
Vindex_NOUN,1275
Vint,1451
V10,1028
Velez,4120
Ventral,7112
Voisin_NOUN,3044
Vavilov,2778
VHL,3437
Venizelos,4018
Vallat,2457
VCR,5264
Völker,2356
VC,53046
Visconti,11243
VIOLENCE_NOUN,5872
Valet,2001
Vanhoozer_NOUN,2781
Venezuela_NOUN,82454
Variscan,3079
VERS,1197
Velasco_NOUN,11789
Virgilius_NOUN,1094
VAR_NOUN,15730
Valois_NOUN,10181
Victorinus,1949
VIS,6994
Volksraad_NOUN,1020
Vannini_NOUN,1596
Vertigo_NOUN,5085
Vandenberg_NOUN,5665
Vasa_NOUN,3672
Vashem,4913
Valparaiso,5964
Venezia,11545
Vikramaditya_NOUN,2098
Violette_NOUN,6727
Veli,1766
Voyages,12950
Vendôme_NOUN,3721
Vicious_ADJ,9768
Vieille_NOUN,1569
Varanasi,10403
VERSES_NOUN,1715
Vanberg_NOUN,1017
Viacom_NOUN,2438
Vézelay_NOUN,1174
Veronyka,6853
Visegrad_NOUN,1701
Vaudrey,1214
VENUE_NOUN,1368
VALENTINE_NOUN,2149
Vinicius,5828
Verdicts_NOUN,3151
Vikings,26631
Veyne_NOUN,1269
Volkow,2888
Visionary_ADJ,1117
Viva_X,2932
Vestibular,7323
Veggie,5645
Vegetative,4038
Vandals_NOUN,6425
Valentine,93372
Void_NOUN,22051
Verdict_NOUN,8106
Visualization_NOUN,28800
Vitelli,1495
Verhofstadt_NOUN,1279
Volcanic_NOUN,8941
Veneto_NOUN,7289
Valproic,1609
Villeroy_NOUN,1498
VMD,1953
Vado,2096
Vlora,3752
Villain_NOUN,4828
Vleuten,1286
Vinny,11318
VAST,1371
Vest_NOUN,3858
Venkatesh,7415
VM_NOUN,45352
VIP_NOUN,37908
Volnay,1117
VERIFICATION,1126
Vallë_NOUN,1458
Valjean_NOUN,17962
Velleman,2281
Vetch,2815
VSP_NOUN,2610
Vassilis,1467
Viaduct_NOUN,2319
Vaillancourt_NOUN,1621
Vassal,1727
Varicocele_NOUN,1603
Varies_NOUN,3078
Valued,5383
Venser,1357
Virgin_ADJ,1385
Varley,5627
Verhaeren,1170
VRA_NOUN,1822
Viewpoints,3659
Vn_NOUN,2460
Valentinus_NOUN,2090
Vaccinia,1874
Valais_NOUN,2367
Verifiable,1417
Villena_NOUN,1963
VNF_NOUN,1581
Vendler_NOUN,1932
VIRGIN_NOUN,2186
VEN_NOUN,1748
Vulva_NOUN,1576
Vronsky_NOUN,7830
Violence,201185
Vico_NOUN,11240
Vivarium,1018
Venda_NOUN,1855
Vinicius_NOUN,5820
Ventrue,1318
Vowels_NOUN,3198
Visscher_NOUN,3944
Vigna_NOUN,6172
Villas,6405
VIETNAM_NOUN,1836
Vanek,1248
Variation_NOUN,61952
Vixen,3396
Voted,3145
VBA,10824
Volkov,8449
Verulam,1170
Venue_NOUN,18096
Vertisols,1308
Vega_ADJ,1350
Vasilyev,1507
Valero_NOUN,4681
Vampire,25855
Verwoerd_NOUN,1584
VIEW,12578
VEC,1351
Vijayanagar_NOUN,1217
V.P._NOUN,8089
Vaccari,1164
Václav_NOUN,4078
V4_NOUN,4762
Vainly_ADV,1936
Vayer_NOUN,1268
Ved_NOUN,3321
Vieth_NOUN,1068
Veronesi,1206
VIGNETTE_NOUN,1475
Vair,1209
VPC,9666
Virgo_NOUN,16481
V5000,1135
Völkerrecht_NOUN,1187
VSMCs,1479
VMware,9902
Vest,3877
VOLUNTARY,1182
Valin,1749
Vianca,1994
Vor,3404
Veritate_NOUN,1073
Viburnum,1696
VCLT_NOUN,6657
Vidal_ADJ,2343
Veblen,13566
Village_NOUN,178105
VE,22895
Vladimír,1059
VSL_NOUN,1675
V._NOUN,1067653
Valentín_NOUN,1380
VAW_NOUN,2446
Vergnaud,1169
Valacyclovir,1750
Valerie_NOUN,67390
VCO_NOUN,5982
Viagem,1026
Viscount_NOUN,27354
Veenhoven,1066
Viti,3380
VITAL,2286
Veils_NOUN,1882
Vanier_NOUN,4066
Victorious,5322
Verkan,4080
VISITS,1438
Vogels,1204
Variational_NOUN,5192
V.B.,3500
VND_NOUN,1497
VIV,1213
Verona,23963
VCS,2845
Vascular_NOUN,38016
Voz,1421
V2G,3283
VAs,1281
Varangians,1226
Vía_NOUN,2016
Vinter,2418
Vehicular,6532
Vaults,1923
Vesna_NOUN,1505
Virtus_NOUN,1209
VALUES_VERB,1176
Veneti_NOUN,1064
Voorhees,3333
Viggiani_NOUN,1241
Vian,1664
Vulnerable_ADJ,17595
VHP_NOUN,4685
Vipers,2495
Virgie,2083
Vary_VERB,6154
Vermigli,1541
Vivas,1405
Ven_NOUN,12170
Vermigli_NOUN,1531
Vitro,11535
VALVE_NOUN,1153
Vidarr_NOUN,1258
Vivaldi_NOUN,4688
Vester_NOUN,1341
Vu,9259
Vézelay,1192
Vanderbank,2673
Virilio_NOUN,3704
Vana,1930
Vito_NOUN,17480
Viracocha_NOUN,1023
Varadarajan,1413
VEGAN,3622
Vandalism_NOUN,1669
Vasíli,1248
VLC,5270
Vaupel,1080
Vandamme_NOUN,1924
Vipassana,2060
Valri,1191
VSD_NOUN,8387
Vivanco,1019
Ville,22402
Vira,1483
Vallë,1993
Vanadium_NOUN,3008
Vega,38338
Vivre,1156
V1_ADJ,2613
Vibert_NOUN,2900
Victorians_NOUN,12344
Vogue,17036
Vicomte_NOUN,5888
Vasey,1563
Vibe,1720
Vernet,4327
Vanishes_NOUN,1077
Virginis,1061
Valen,5179
VIII._NOUN,1123
Vimy,3137
Vowell_NOUN,1811
Vierfürst,1884
Vampa,1067
VINEGAR,2051
VHF_NOUN,9811
Vogl,2328
Vampyr,1044
Vella,5363
Validate_NOUN,2457
Vaillant,5291
VALUATION,1966
Valter,1176
Visualizing,11037
V9000,1056
Vijaya_NOUN,4015
Vandenhoeck_NOUN,10944
VULNERABILITY,1007
Verburg_NOUN,1155
Vulgate_ADJ,1516
Vernadsky_NOUN,1470
Ven,13765
Vegetarian,9544
Vanita,1053
VERSES,1724
Vernant_NOUN,2758
Variety_NOUN,39648
Vanni_NOUN,2735
Verhältnis_X,1689
Verlagsgesellschaft_NOUN,1620
VPC_NOUN,9544
Vasari_NOUN,12749
VET_NOUN,16463
Vandegrift,1001
VOT,1787
VEGA,1154
Vows_NOUN,4867
VISITOR_NOUN,3654
VGG16_NOUN,2484
Vidrine,1093
Voort,1232
Virtanen,2213
Vial_NOUN,3502
Volhynia_NOUN,1283
VISIONS_NOUN,1414
Vitor_NOUN,1243
Victorians,12382
Visigothic_NOUN,2563
Vert_NOUN,3458
Voce,1319
Veyne,1272
VIRTUE_NOUN,1874
Vleck,1321
VII,240595
VBM_NOUN,2531
V.D._NOUN,3842
Volcanic,10322
Viejo_NOUN,5096
VERBAL_ADJ,1713
Vidor,1754
Veto_NOUN,4169
Varennes,2279
Vasilije_NOUN,1807
Videogames,2402
VCs_NOUN,8070
Veronica_NOUN,79914
Virginia,523552
VoC,1380
Venting_VERB,1482
VSMC_NOUN,1493
Viviani_NOUN,2828
Vodafone,4666
Vaison,1000
Vas,4538
Veritable,1113
Variable,90595
Vegliate,1155
Von_NOUN,93105
Verdict,8111
Voyagers,1181
VEGFR_NOUN,2703
Vaz,6647
Vaishnavism_NOUN,1311
Vasilev_NOUN,1025
Viñas,1011
VANILLA_NOUN,1791
Verlaque_NOUN,1019
Vm_NOUN,3041
Vagus,2249
Vedel,1021
VMI,3279
Vassallo_NOUN,1589
Veeck_NOUN,1943
Vinton_NOUN,2532
VESSEL,1266
Vegetal_NOUN,1151
Voges_NOUN,1305
Vijayanagara,2256
Valda,2300
Vandenberghe_NOUN,1733
Volney_NOUN,3441
Vagina,3797
Vohra_NOUN,1741
Vines_NOUN,7691
Verney_NOUN,4343
VDF_NOUN,1273
Vindication,6985
Variables,52178
Vicarious_NOUN,3513
Vallier_NOUN,1642
Vedas,19489
Venkatesan,2919
Vandenbroucke_NOUN,1116
Videssians,1549
Veneer,1277
Volpe,6153
Valinor_NOUN,1340
Venkataraman_NOUN,3043
VFR,2478
Vayu,1830
Videus,1452
Valancy,4141
V.H._NOUN,2657
VOLUME_NOUN,11848
Vargas,31435
Vleuten_NOUN,1260
VENUGOPALACHARI,1243
Varroa,1592
VENTURE,1034
Viviani,2858
Via,82525
Venue,18339
Vernacular_NOUN,11529
Veloso_NOUN,1783
Veronese_NOUN,6277
Vortigern_NOUN,1945
Vegemite,1134
VW_NOUN,17869
Vidalia_NOUN,1044
Vihman_NOUN,1371
Vahlne_NOUN,1038
Venta,1787
Vaught_NOUN,1137
Vultures_NOUN,3146
València_NOUN,2307
Vasco,11343
Villains_NOUN,3518
VES_NOUN,1431
Vibrio_NOUN,16708
Visit_VERB,46078
Veitch_NOUN,2856
Vrath,1451
Verbeck_NOUN,1833
Valeria_NOUN,12449
Vasilii_NOUN,2367
Videotape,1225
Vasodilation,1075
Villani,5462
Vizier_NOUN,9291
Voiceless,1213
Vasconcellos_NOUN,1257
Volkow_NOUN,2887
Vegas,97218