vulgaris_VERB,20761
veg_ADJ,1023
vertuous_ADJ,1327
ville,15105
vertex,87566
vigor,59414
varicella_NOUN,7915
venter_NOUN,2530
valde,1025
vetiver,1400
veprat_X,1946
vulgare_X,2342
vertebrae,31352
vomer,1361
very,14963109
versed,33386
vegjël,1825
verwunderte_X,3858
vrata_NOUN,1034
vou,1899
ved,6266
veux_X,2665
virulence,34378
vera_NOUN,9384
vané,1299
viewable_ADJ,3011
va,30974
vapor,134802
vigun_X,1236
variances_NOUN,31171
voluble_ADJ,6886
verbum_X,2074
voluntarism,7073
verity_NOUN,5291
vivax_X,2041
viris_X,1120
virial,2920
verie,1937
vuorelle,1495
verve,5747
visualize_VERB,78780
vocations_NOUN,9671
virago,2030
vilayet,1332
vilifying,1868
very_,1110
vertical_NOUN,8839
venlafaxine_NOUN,3700
voicemails,2694
ville_NOUN,3887
vernacular_VERB,1318
velocities,60613
villain_VERB,1577
velo,1042
vigiles_NOUN,1329
virtud,1125
veri,1117
versus_ADJ,19022
visuo_ADJ,1587
v0_NUM,2457
visite_X,2079
various_ADJ,3313048
vis_ADJ,63877
vest_ADJ,1934
voucher,16958
vulcanized,2476
vests,19380
virtuosity,9290
versâ,1693
videotapes_NOUN,4777
vocables,1099
vertigo_X,14055
vecinos_NOUN,1267
verses_ADV,2265
voters_NOUN,238703
vacationers,3493
vai,2469
veering_VERB,9509
volgende_X,1726
vittles,1824
veriest_ADJ,3591
voluptuously,1192
versioned,1104
vengefulness_NOUN,1216
vowed_VERB,73746
veldt_NOUN,3090
violaceous_ADJ,1494
veganism_NOUN,5336
vibrates_VERB,11860
ventrolateral,4537
versioning,4142
viking,2351
vomiting_VERB,17530
vez,11625
viremia,4032
verifiable,23141
vary,498313
vid_NOUN,3627
voluntad,1718
violencia_NOUN,1113
villosa,1173
volitional_ADJ,11680
vide_VERB,1172
virginiana,2090
vesical_ADJ,1498
vía,2674
vie_VERB,3713
vijë,6629
vt_X,3345
vidiac_ADJ,1107
voluntariness,5619
vacuoles_NOUN,9539
verb_ADJ,15788
ve,603242
vetted,11073
viscoplastic_ADJ,1733
veiling_NOUN,6635
viva,6440
visuality,5920
velvety_NOUN,6612
videlicet,1833
valiantly_ADV,15050
visual,836934
vinin_X,1096
vente_X,1311
viscose,1997
villainies_NOUN,1123
ventilator_ADJ,1288
vo_NOUN,2963
vaso_NOUN,1798
virtually_ADJ,1194
virilization_NOUN,1709
vibrationally,1132
vibrated_VERB,35334
viz_VERB,1208
ventrally,6961
valent_ADJ,5471
voi_X,3604
vëllezër,1035
vivant,4279
vation_NOUN,1839
vasopressor,2901
vermis,3230
vv_NOUN,18560
vitreous,18099
v.4,1281
volar_NOUN,8166
vascularized,7805
viaduct,5361
varied_VERB,205176
varchar,1120
voriconazole_NOUN,4020
voie_X,1548
vais,2489
vëllait,1960
vingers,1523
vermicularis_NOUN,1118
vb_NOUN,1854
venturers_NOUN,1045
vexes_VERB,2080
vocative_NOUN,1746
vecinică_X,2394
vilify,3343
vagus,14242
vexes,2388
vindictively_ADV,2253
visà,1772
vial_ADJ,2681
vandag,1809
vergence,3867
vine_ADJ,12732
viam,1122
villi_NOUN,9709
vec,3250
vodkas,1025
vaguer_ADJ,2491
verum_X,2343
varnishing,1188
violas_NOUN,1697
vlog,2444
vaster,5316
venturesome_ADJ,3166
vraie,1035
venerated,18306
vasodilator_NOUN,5630
vanquished_VERB,25939
vileness,3666
voluminous_ADJ,29671
vacuolated_VERB,1821
vii_NOUN,64389
vender,2012
vaunting_VERB,1607
vertauksen,1413
vying,14995
victimology_NOUN,1821
victimisation_NOUN,8122
vaporetto,1843
villa_NOUN,121361
vacuums_NOUN,2626
virtue_NOUN,547589
verdadero_X,1145
vows_NOUN,66728
viva_NOUN,2108
vp_PRT,1381
vaine,1749
vulvodynia,1047
vinegar,130878
volumetric_NOUN,1124
vixen,7670
vasodilator,5743
voce_X,3690
viverra,4489
vacantly,7245
venta,1703
violative_ADJ,2134
violet_NOUN,75344
vegetables_NOUN,330289
vention_NOUN,1086
vent_ADJ,1638
verdolmetscht_ADV,1063
ventures_NOUN,90713
valour,24938
vitiates_VERB,1361
vibrate,30064
ventilation,142839
ventilated_VERB,18395
vulpine,1100
vibrant_ADJ,101250
vibrancy,9185
vacating,3911
vasopressor_NOUN,2091
vanillin_VERB,1217
vitals,14256
visit_,3601
vertebral_NOUN,13316
vibrate_NOUN,7384
veterans_NOUN,130898
vert_ADV,1124
vocationally_ADV,1533
virility,10002
victoria_NOUN,3521
vind,1365
visuospatial,7978
vf,1417
voyaging_VERB,1539
viridis,3429
varsity_NOUN,9776
vitally,23748
voyeuristic_ADJ,5481
virulently,2265
vaginalis_VERB,2081
visco,1869
vacationed,1821
viologen_NOUN,1616
vanguards_NOUN,1848
vaatteensa,1329
veterinary_ADJ,52386
vespers,4343
violations_NOUN,174929
vibrators,3631
vivify,1165
virions_NOUN,4901
ve_X,18173
vile,75174
verifier_NOUN,6344
ven,8120
ventilator,30042
visualised_VERB,6898
vinyl_VERB,1083
voracity,2041
violently_ADV,161535
visibility,136774
varying,366162
visualization_NOUN,128277
videogames_NOUN,8021
vote,591646
violaxanthin,1275
ventricular_NOUN,81684
vegetatively_ADV,1534
vojdúc,1254
visita,1978
virtual_ADJ,433896
verso,11518
vocalists,4076
verifiers_NOUN,1117
vividness,13030
vente,1600
verify_VERB,168456
vs._X,173309
valency_NOUN,6117
vacillates,1540
visionaries_NOUN,8467
ventrals_NOUN,1348
veljesi_X,1164
verbose_ADJ,2509
vehicle_ADJ,8516
varia,2084
viewings,2611
visà_ADJ,1199
venerable,59896
veiling_VERB,3066
vill,5178
viel,4520
valuing_VERB,34647
veneration,31725
vallë,2981
vaginalis_NOUN,3469
vijgeboom,3375
varias_X,1497
viola_NOUN,7384
variegation,1397
verdigris,1789
valentine,3484
vont,1785
v_NOUN,1455425
valueless_ADJ,7668
vine_NOUN,71717
ventricles_NOUN,22800
village,1176045
volunteer_VERB,35941
virginity_NOUN,39627
virgin_ADJ,40939
vëllezërit_X,1831
vanishing,54999
veces,5188
voluntary,271346
vanilla_X,1608
vulture_NOUN,17009
vendettas,1634
voluptuary,1248
varietal_ADJ,2313
vameşii,1026
verbal_ADJ,329380
vapour_VERB,1273
voy_X,1173
vestibulo,1041
vero_X,8260
vaporizer,2251
vowel_NOUN,71896
verses,215954
vajra_ADJ,1584
varicocele_ADJ,1908
virile_ADJ,14481
verzoeking_X,1125
verre_X,1193
venous,120101
verse_VERB,25433
virulence_NOUN,34372
v1.0,1126
vols,183575
valedictorian_NOUN,2587
valiant_ADJ,39677
vagina_NOUN,68964
visibly,88794
vino_NOUN,2797
vexation_NOUN,23745
visto_X,3207
vévén,1494
varices,9392
visibly_ADV,87103
vital,531503
veiled,63448
van_NOUN,826139
virally,1897
vivendi,5044
visioning_VERB,1065
venue,108028
ver_NOUN,10522
view,3701620
versa,132934
visiting,343727
velvet_NOUN,126848
vulgarity_NOUN,15277
vader_NOUN,1054
viceroyalty,1908
vinegar_NOUN,128075
vast,759929
veneer,25071
vesper,1939
veut,3325
verso_NOUN,6482
vouchsafe_VERB,3867
virally_ADV,1801
videotape,11578
valency,6369
violoncello,1867
victimize,2530
ventrally_ADV,6943
vellum_NOUN,3947
vista,25839
vrasin,1881
valiantly,15060
vocab_NOUN,1177
veer,13504
veal_NOUN,19040
vasculitis,25647
verboten,1534
vaccination_NOUN,71975
virtual,434079
vibration_NOUN,160104
vaguely,139354
verbiage,5685
varicella,9493
venation,3831
victimless,1452
volleyed,1800
voiceover,8466
vaporous_ADJ,4041
vicars_NOUN,3444
vogue,28195
variable,998398
venture,299262
vicegerent_NOUN,1378
visualisation_NOUN,15194
varied,368769
voyeur_NOUN,5035
verdure_NOUN,11788
vines_NOUN,88498
votary,2828
vingårdens,1169
vision_NOUN,1231132
veneers_NOUN,3105
vibrator_NOUN,19706
vWF_NOUN,3056
viewing_NOUN,75283
vernacular_ADV,4534
virology,2802
voyeurs,1784
views,1070569
viz_NOUN,86170
verticality_NOUN,3906
vegetarianism,7898
violinists,2828
vastness_NOUN,21814
voy,2481
voxel_ADJ,2873
vexatious_ADJ,7977
vom_NOUN,9284
vesicoureteral_ADJ,1088
vesture,3752
variegated,20487
victimisation,8128
vivified,1583
vapor_VERB,2987
vertices,81194
vocational,96409
vines,89406
vertiginous_ADJ,4856
vergaderden,2025
vasculopathy,3420
visitant,2528
validate_ADV,2876
vio_NOUN,1599
vinylidene_NOUN,1898
validate_NOUN,1365
verse,373268
vacuuming_VERB,4291
velveteen,2458
vacuumed_VERB,3169
vervain,1191
voilà_NOUN,2702
vm_NOUN,1664
vanquishing,2980
vzav,3119
vertebroplasty_NOUN,1469
vinca_NOUN,1079
vermicompost,2125
vulvovaginal,1745
viewers_NOUN,113077
visibilities,1267
vermin_ADV,2451
visuals,24749
vanish_NOUN,4957
vocalists_NOUN,4042
vendor_NOUN,90344
vaginosis_NOUN,3287
villa_X,1119
vaginas,2861
vocalisations,1392
valorize_VERB,3082
veils_NOUN,20992
vestige,17984
vial_NOUN,37683
videoconference_NOUN,1796
valued,286951
valises_NOUN,1786
viri,2142
vulgarity,15604
vascularized_VERB,5852
viceroy_NOUN,16512
vindictive,22396
verwonderde,2034
valued_ADJ,43523
visitors_NOUN,410800
vicino,1027
versions_NOUN,334263
vittles_NOUN,1795
velocity_NOUN,481611
verses_VERB,2081
voice_NOUN,4647769
versicolor,5553
vesicular,13152
vanquished_ADJ,4612
vicars,3460
vdW,1968
vir_X,36102
vidya,1056
vacillation_NOUN,5029
voulez,1362
vapours,14118
validate,85207
vigilante,11745
viticulture_NOUN,3358
vou_X,1485
verb_VERB,1131
volumen,1364
variances_VERB,5479
veryone,1288
villages,339188
verged,3254
vase,68239
vicious,151464
voor,26723
viscount,10430
venue_ADJ,1031
variate,4259
val_X,3405
visits,332034
vCJD,1042
veľmi_X,1112
vocality,1204
valence_NOUN,55740
vocally_ADV,6920
verbalization_NOUN,4069
vat_X,1690
vinegary,1206
versatile_ADP,3472
verdadera_X,1106
villains_NOUN,38162
varies_NOUN,15393
vaudeville,14300
vagaries,19334
vorbehalten_NOUN,1380
vix_X,1035
vents_NOUN,24089
vinca,1213
vir_NOUN,5393
vending,19500
vra_NOUN,3558
voiceover_NOUN,7260
veridical,5321
vënë,3478
verve_NOUN,5488
visitations_NOUN,8263
vijgeboom_X,2251
voided_VERB,5848
verifications,3510
vasoconstriction_NOUN,15275
vlog_NOUN,2198
vinifera,4531
velour_NOUN,1893
values_NOUN,2654945
vied,11815
vanguards,1854
vascularization,5934
voted_VERB,152270
veranda_NOUN,43043
vernier_NOUN,2406
vagrant,15834
vor,14756
vermis_NOUN,2986
villains,38351
vegetate,1586
vendee,1157
videographer_NOUN,2165
visualizes_VERB,5172
vasoconstrictive,1347
varsity,10364
volatilization,5563
vegetables,330336
vantage,65994
vorticity,10215
verification_NOUN,144741
volver,1564
veneer_NOUN,24556
viler_ADJ,1089
vegetarian_ADJ,7746
viewership_NOUN,4491
vassals_NOUN,17217
victoria,3521
virtuality,4608
vivos,5484
vituperative_ADJ,2339
vid_VERB,1009
vitrification_NOUN,4274
volcanic_NOUN,14369
vocatives_NOUN,1205
valeurs,1633
votive_NOUN,11431
visage_X,1715
vicomte,2827
vitamins,76324
vstav_NOUN,1081
victimizer_NOUN,1153
veldt,3410
vx_NOUN,2539
volunteer_NOUN,130731
victimizing,1721
virtute,1837
velopharyngeal_ADJ,1876
vol.,13435
vulture,18107
vomits,2939
veljesi,1247
voraciously_ADV,4295
vrai_X,2875
very_ADV,13340575
villanous_ADJ,1574
venerated_VERB,14608
virginica,1793
violation,289221
vehicular_ADJ,1865
vivant_NOUN,1847
vengeful_ADJ,21386
varnishes_NOUN,2860
viii_X,30140
vijë_X,6192
vec_NOUN,1476
villein,1433
vapours_VERB,1488
vampyre,1442
você_X,1841
vitality,108251
violations,174955
viceroyalty_NOUN,1903
versions,334347
vibrating,51721
vindictively,2267
vice,375270
vexing,12405
videogame,6530
viel_X,3342
votre_X,5241
vegetable,207565
venturing_VERB,25161
victims,538676
vida,19512
vov,1128
všed,1545
verdadero,1325
varlets,1308
vendor,90362
vertex_X,1246
viridis_NOUN,1191
verdict_NOUN,130063
vacancies,29319
vehicular_NOUN,15185
v3_ADJ,1503
viewing_VERB,125965
veletek,2573
viper_NOUN,13020
verbally,50886
vaporous,4050
venting,17933
visualizing_VERB,24609
vend,1531
vitelline_NOUN,1277
vëllait_X,1628
visualisations,3027
vimentin_NOUN,2909
verandas_NOUN,3869
vně_X,1110
valved,1495
varmints_NOUN,1745
venders,1688
verbum,2909
vocables_NOUN,1049
viva_X,4103
vortices_NOUN,13378
vitæ,1265
vergeet,1310
vegetative,35860
vel_X,21745
voluntaristic,2830
vent_VERB,36632
vertebrates,30073
vandalised_VERB,1238
valvuloplasty,2356
vulgaris_NOUN,6532
voel,8557
vere,2772
vía_X,2389
venturers,1059
vintner_NOUN,2044
voluntary_ADJ,270758
vouched,6028
vetting_NOUN,5441
vermifuge,1188
vindication_NOUN,20678
venereum,2487
vitrectomy_NOUN,4198
viscometer_NOUN,2021
visages_NOUN,2559
vaporization_NOUN,11136
virginal_ADJ,11345
viewership,5082
validly,9891
verifiable_ADJ,21614
vessels_NOUN,454362
vivo,180871
vitiating,1155
vi_NOUN,88996
věřili,1175
vec_X,1172
vee_X,1442
v4,2474
vagabond,14827
vilified_VERB,7702
voicemail_ADJ,2885
vivid,178442
virtus_X,1490
verde,5641
valleys_NOUN,101785
volatilization_NOUN,5558
very_ADJ,1621434
veiny,1630
vocabularies_NOUN,15697
veritatis_X,1199
visible,830119
variations_NOUN,383948
viz._NOUN,4110
vii_ADJ,1300
victuals_NOUN,11400
vicariously,11552
vocation,68339
vidas,1416
variabilis,1786
versa_ADJ,1411
vanadate_NOUN,1017
vociferous,10238
vicariously_ADV,11467
vCenter,3652
vi_VERB,4473
volunteering_NOUN,19096
vibrancy_NOUN,9175
vouchsafe,4065
vulvar,8599
variants_NOUN,162497
venetian,1609
versts,2819
vivere_X,1725
validly_ADV,9772
volatiles,9766
validities,1002
verb_X,11994
veined_VERB,1812
vasopressors,3419
verapamil,6303
varicoceles_NOUN,1302
voiding_VERB,5158
variant_NOUN,155741
visuo,1982
vaccination,74717
verwunderte,3858
vivisection,4855
veriest,3822
vengeance_NOUN,128354
verticals,3309
validating,29217
viselike_ADJ,1022
voyaging,4032
virtutibus,1057
virtutibus_X,1034
viscous_ADJ,51078
voltages_NOUN,41067
vulnerable,442398
voidable,5899
vocalisation_NOUN,1017
videos,211939
vacuolated,2723
vikings,1629
vb,2182
vehemently_ADV,41499
vk_NOUN,2765
vain,316963
vex,12011
vm,3138
vaguely_ADV,139075
vetvete_X,1552
velök_X,1743
visitor_NOUN,237812
vacillating,7119
volunteer,166715
vinegar_ADJ,1485
veracious_ADJ,2378
vanishingly_ADV,3135
viewed,542858
völkisch,2749
votaries,5739
varus_ADJ,2894
vetch,2717
valiant,46444
villainous,12837
vocabulary,232249
venue_NOUN,105196
vibrationally_ADV,1109
veletek_X,1992
vocab,1266
vides,1599
vertebroplasty,1552
vasospasm_NOUN,8470
verifies_NOUN,5069
valeur,3732
veg,11985
visions,194390
verdicts_NOUN,15761
virgins,25738
verse_X,1064
vaatteensa_X,1328
values_VERB,53134
vascularity,8658
vara_X,1018
visualized_ADJ,2842
velit,6237
vying_VERB,14722
vicarious,24486
veracious,2411
vin_X,4073
var_VERB,2708
veer_NOUN,1168
veel_X,1545
vyšed_VERB,1187
vocation_NOUN,68054
ver,35382
visage,26428
verbalizing,2734
você,2582
vulgarities_NOUN,1997
vacationed_VERB,1816
vacillate,2677
verbose_ADV,4093
valganciclovir_NOUN,1012
ventilate_VERB,3548
vacuolation,2064
vainly_ADV,34698
vult,1568
vertebrate_NOUN,19242
vestibules,1194
volunteered,82409
vets_NOUN,9686
vena,22126
valet_ADJ,1114
vill_VERB,2605
verifies_VERB,9747
vulcanisation_NOUN,1375
vitreous_ADJ,11807
value_NOUN,4589492
voyagers,6845
vest,78206
vestibular_NOUN,28037
v.,2112789
varnished_ADJ,4984
velocities_NOUN,59736
villous_ADJ,6990
vexed_ADJ,8595
vigor_NOUN,59412
vitrified_VERB,1697
və_X,2446
vaunt,2378
valine_NOUN,4742
vexation,23782
viciousness,9201
valuable,675688
volumetric,40909
vertexes_NOUN,1351
voyeurism_NOUN,5714
v._ADP,156254
vie_X,19148
vandalizing,1282
violences,2889
vaping,4140
virescens_NOUN,1055
vigilantly_ADV,6773
vita_X,9436
valgus,10003
valise,11477
vivid_ADJ,178418
vulval,2266
verity,5355
voimalla_X,1082
vertebra_NOUN,18036
verbatim_ADJ,11305
verge_NOUN,105951
vias,2939
vankeuteen,1000
vagina,68968
velopharyngeal,1910
vegetating_VERB,1043
vat_NOUN,18138
venenatis,3612
veined,10658
vengefulness,1238
vera_X,4405
vegans,6844
vallë_X,2209
venoms_NOUN,2064
vaunting,1924
vagal_NOUN,3751
vestige_NOUN,17920
valuer,2190
voids_NOUN,24561
valorize,3149
varicoceles,1408
vari_ADJ,5140
venison,20007
vectorial,3276
verb_ADP,3923
visceral,60071
veracity_NOUN,32537
vultures,21823
vermicomposting,1645
vectors_VERB,1549
vertebrate,23905
vol_X,5119
veteran_ADJ,26260
ventricle,61152
verdolmetscht,1749
veritas,2288
vested_VERB,46644
vif,1035
vorticity_NOUN,10196
visibility_NOUN,135319
vagueness,27087
varies,266726
vitiated,6880
volume,1571237
vestibulocochlear,1611
vast_ADJ,759878
vibronic_ADJ,1283
volatilized,1555
valorem,4735
verschrikten,1017
viewer,107193
vestigial_ADJ,6096
value_ADJ,116375
victorious_ADJ,86771
vertu_X,1889
var_X,45007
vom_X,10897
vegetation_NOUN,192537
video_NOUN,675352
vez_NOUN,1855
vin_ADP,1053
variceal,4764
vetoed,11337
vasomotor_NOUN,4786
vented,17464
vanillin_NOUN,2220
visa,70486
vulcanization_NOUN,1581
vara,2861
venit_X,1109
vdekuri_X,1660
vigour,46994
voulu,1145
varieties,245742
viduals,1074
volcanism_NOUN,5141
viologen,1720
valedictorian,3052
vale_NOUN,19221
vamps,3855
volunteering_VERB,23750
vented_VERB,15797
viticulture,3571
vise_NOUN,10277
vt_NOUN,9802
vigilant_NOUN,5510
vs._ADJ,4739
varicosities,1207
volt,13620
volk,1097
vidual,1754
visuospatial_ADJ,7918
valacyclovir_NOUN,1210
videotaped_ADJ,3554
visceral_NOUN,3263
ved_VERB,4247
venomous,30333
volleyball_NOUN,17863
verticality,3925
violin,69645
villi,10499
virtues,222178
ventromedial_ADJ,3744
vibrated,35637
vez_X,9023
valores,1179
vol_ADJ,1128
vite,2986
volumes_NOUN,322260
visaged_ADJ,1873
value,4791126
vii_VERB,3192
vis,181405
varios_X,1248
vapor_ADJ,6524
vomit,53003
vv.,33475
variates_NOUN,2142
vitamin,206099
voyager,3572
valentines_NOUN,1084
við,1452
vasculitides_NOUN,1994
voit,2313
vacuole,6461
vaguer,2717
voivode_NOUN,1101
vilayet_NOUN,1254
verloor,1087
vamos,2020
viceversa,1067
vectorial_ADJ,2960
ventriloquist_NOUN,4176
volcanoes_NOUN,27306
vacancies_NOUN,28798
vided,1449
voluptuous_ADJ,19036
vendetta_NOUN,8388
viscosities,5136
vacations_NOUN,29567
vesicle_NOUN,23647
venerating,1954
visit_VERB,696270
vanilla_VERB,2797
vanish_VERB,66707
venerable_ADJ,59888
vineyards_NOUN,42829
viscount_NOUN,10168
vintage,59773
vineyard_ADJ,1087
vagrancy_NOUN,6763
vent_X,1265
vasogenic,1534
vortexes_NOUN,1841
vv._NOUN,32071
visceral_ADJ,55464
valuation_NOUN,136832
vite_X,1489
von_NOUN,413155
vibrations_NOUN,90737
vividly,74615
verdant_NOUN,3780
vermicomposting_NOUN,1273
vulpes,1558
vasculitides,2064
valának,4316
valának_X,2907
venosus,2310
valuations,20029
vameşii_X,1026
veld,4330
vowels,51069
valvular_ADJ,4699
valuations_NOUN,19848
venus,1298
virtuosos_NOUN,1124
venlafaxine,3930
volunteered_VERB,82405
viii_NOUN,47689
virility_NOUN,9847
voltammograms_NOUN,1423
vëllai,1957
veritable_ADJ,45491
volcanoes,27679
venography_NOUN,2223
valley_NOUN,450065
validated_VERB,98044
vampirism_NOUN,3090
various,3313346
vagotomy,1414
vulnerable_ADJ,442338
vicepresident_NOUN,1733
vacate_VERB,14728
varies_VERB,251287
voiding,10169
vulgar,98859
vinblastine_NOUN,2313
v2,22238
všickni,10638
vouchers_NOUN,17231
viscoplastic,1752
viděv,1406
vividness_NOUN,12917
voting,260501
vulgarly_ADV,4017
violencia,2803
vitreoretinal_ADJ,1578
vans,26147
volcanic,84492
vainglorious,2909
vouching,2057
vanity_NOUN,112609
voice_VERB,45000
vassalage_NOUN,2657
voilà_X,1291
vix,1337
valid,423819
vnder_ADP,1470
ven_VERB,3499
vulgare,6652
vostre_X,1455
volo,1034
verandahs_NOUN,2117
verwekte_NOUN,1927
vrasin_NOUN,1136
vilified,8088
vamos_X,1119
visors_NOUN,2686
vigorous_ADJ,144331
vimentin,3101
vehemence,23015
vindictiveness_NOUN,4966
votaries_NOUN,5710
vier,2901
vegetatively,1546
violates_VERB,48466
venoms,2077
vampyre_NOUN,1361
ventriloquism,2599
voxel,17191
veggies_NOUN,22889
vegetational_ADJ,1270
voyaged,1854
vertical_VERB,1771
verbe,1803
vermiculite,3828
vocal_ADJ,167040
vulpes_NOUN,1407
veiled_ADJ,11641
valának_NOUN,1243
voyaging_NOUN,2426
venom_NOUN,43759
vitalistic,1043
voting_NOUN,189072
variable_NOUN,392948
ventriculomegaly,1205
valet,44873
void_VERB,15124
violinist,14136
voxels_NOUN,10225
villagers,140103
vapours_NOUN,12433
vegetarians,11727
valance_NOUN,2225
varnish_ADJ,5653
volatility,102634
vulnerabilities,80261
verandah_NOUN,22653
varia_NOUN,1530
voyageurs,3142
vogelen_X,2027
vermillion_NOUN,2915
vw_ADP,3370
vasoconstrictors_NOUN,1393
villany_NOUN,2508
voraciously,4298
veg_NOUN,9938
volunteering,43294
vivifying_ADJ,1236
ventral_X,1795
voivode,1158
však,1606
vérité,3778
voltaic,2074
vaporize,3901
vel_NOUN,2887
via_ADP,1284090
valor,26829
vz,1841
vein_NOUN,253419
volunteerism_NOUN,5282
vai_X,1822
variegated_ADJ,17040
vigil,24960
valuables,24197
vas,14735
vehemence_NOUN,22987
verbs_NOUN,155424
versified,1885
vs,115828
vesicles,53223
vires_NOUN,4604
vedolizumab,1085
viene_X,2056
velvety,19347
varices_NOUN,7226
vacated_VERB,32273
voto,1772
vlogging,1194
volta_X,1884
vay_NOUN,1353
visto,3685
va_X,19698
veterinarian_ADJ,1327
victimizations_NOUN,1960
verbalise_VERB,1258
vient,2676
verticillata,1103
votes,206438
variate_NOUN,1977
vigilance_NOUN,53670
vacua_NOUN,1011
veers_NOUN,2334
vulcanized_VERB,2298
vyšel_VERB,1175
vile_ADJ,70815
veinte,1130
verdigris_NOUN,1703
vehicula_X,4216
verges_NOUN,4183
vinyl_ADJ,3541
vyšedše,1883
verstehen,1895
vault,80248
vulgo_X,1111
vacancy,39918
vosotros,1238
vain_ADJ,316925
variational_ADJ,20828
vocalizing_VERB,1567
viduals_NOUN,1069
viewport,7625
virtuosi_NOUN,1259
voidable_ADJ,5813
verba_X,3122
vampire,109365
vertex_ADJ,3792
vague,273521
varietals,2081
vacuolar,3681
volubility,3269
vitally_ADV,23612
voiding_ADJ,1131
voltages,42593
vultures_NOUN,21757
vector_NOUN,534916
valvular,13780
vernacular_ADJ,4310
vandalized_VERB,4769
verbiage_NOUN,5418
vi_X,44013
valorised,1144
verdadera,1214
versatile_NOUN,6782
vacillating_VERB,6781
valore,1175
victorious,87205
varius,3522
versa_NOUN,93342
vasodilatation,4189
vasopressors_NOUN,3378
vibrate_VERB,18716
vk,4678
victual,2185
varicosities_NOUN,1085
vajra,6954
vascular_VERB,2665
variables_NOUN,964806
visioning,4743
virion_NOUN,4014
varimax,1079
vo,7938
videographer,2183
vipers,7234
venial,4131
vats,9359
visualise_VERB,9960
vibes,11935
vrai,3417
virtuousness_NOUN,1105
valorized_VERB,4151
vaseline,1375
vomitus,1433
vagary_NOUN,1098
vapors_NOUN,21329
vestry,10008
vaccinations_NOUN,15280
view_NOUN,3301585
vlogger,1072
vinous_ADJ,1915
vervuld_VERB,2024
viscid,2471
vergaderden_X,1577
voluminous,29752
v.t.,1162
videre_X,1069
vit_NOUN,2049
volute_NOUN,3132
velut,1241
ventricular,141583
verte,1460
volar,8849
vais_X,2161
variogram_NOUN,3503
voluble,7000
viii_VERB,1952
visitants_NOUN,1310
violence,1356294
v.2,1739
volubly_ADV,3398
vetting_VERB,4251
verbalizations,1742
voyager_NOUN,3568
validates,13596
variant_ADJ,14764
voiced_VERB,67250
varnished_VERB,3387
von_X,90129
violent,612597
vesicles_NOUN,52676
volonté,2355
vaporizing_VERB,2194
valuation,136853
varieties_VERB,12240
videtur_X,1880
vullnetin,1361
visible_ADJ,830056
vacuity_NOUN,4118
volta,3219
vida_X,16234
visualisation,15398
volutes_NOUN,1452
venturous,1019
villous,7257
vacation,174676
völkisch_ADJ,1528
voluptuously_ADV,1190
vaseline_NOUN,1316
vanillic,1574
vampire_NOUN,106466
videoed,1214
veterans,130963
ville_X,10851
vestibule,27232
vulva,16920
van't,2151
victory_NOUN,545422
venerate,6467
vibratory_ADJ,9209
ventricular_ADJ,26429
voyages,37979
verdord,1237
vail_NOUN,1988
visitant_NOUN,2341
verb,297809
veux,2992
vaccines,71083
voleindigd,1349
vent,93283
vasculature_NOUN,20951
volley,29834
viatical_ADJ,1043
veritas_NOUN,1113
verifies,14851
vanadate,1183
verum,3310
versatility_NOUN,24260
visualised,7102
villager,13323
vP_NOUN,2355
volunteers,187145
veritably_ADV,2288
vegan_NOUN,35508
verbally_ADV,50867
velveteen_ADJ,1254
vintage_ADJ,20288
vaqueros_NOUN,2385
variates,2662
vane,10581
viaducts_NOUN,1796
voided,6859
vloggers_NOUN,1640
validated_ADJ,11368
vastness,21967
vasoconstrictors,1406
voudrais,1258
versa_ADV,36130
variability_NOUN,226078
vies,2465
vers,10132
valorous,3747
vol._X,1524
victimhood,11957
vicissitudes,25213
vivo_ADP,2431
vielleicht,1276
vasectomy_NOUN,3630
vent_NOUN,53727
volcanos,1352
vivified_VERB,1354
vestiges_NOUN,21523
vitiligo_X,1342
vivants,1859
viewpoint_NOUN,123533
viervorst,1350
vers_X,5890
viewfinder_NOUN,5736
valorizing_VERB,2003
vid,9132
vices,60824
vassalage,2719
viscera_NOUN,11598
veto,56818
viscosities_NOUN,5136
vaunt_VERB,1599
viands_NOUN,5890
vacating_VERB,3770
voilà,4551
vomiting_NOUN,101397
validating_VERB,28033
vincristine,5431
ventilating_VERB,2201
vespolek,2130
vizier,12124
vannamei,1160
vor_X,8978
viewport_NOUN,7473
vapour,57880
velut_X,1002
vjíti_X,2006
vegans_NOUN,6747
voices_NOUN,607913
vient_X,2290
vigiles,1359
voltammetric,2537
verbalizing_VERB,2519
vigilantes,6444
vampires,57780
vicar,45013
veel,2730
virtuous_ADJ,126368
vertauksen_X,1328
vacuum_NOUN,195692
verso_ADV,1320
vessel_NOUN,467234
vermillion,3011
vidas_X,1015
vernal,7347
vagrants_NOUN,8347
vapid,5550
ventricular_ADV,6516
ver.,1728
virtuoso_ADJ,2527
vancomycin_NOUN,10520
variations,383987
view_ADJ,32288
vernalization,2294
vindictive_ADJ,22015
veered,27084
vox_X,1363
virilization,1757
virulent_ADJ,26564
vagrants,8448
voila,2366
vase_ADJ,1479
vellum,10266
ventilatory,13084
volitions_NOUN,4526
victimization,50599
verified,122225
viii_ADJ,1370
vocals,14757
visualising_VERB,3837
vévén_X,1079
vr_NOUN,1398
varistors_NOUN,3692
versification,5257
vineyards,42902
visualising,4127
viciousness_NOUN,9136
veggie,11205
vermicelli,2767
vyjdúc_X,1142
vectorized,1964
venosus_X,1249
voyageurs_NOUN,2688
voor_NOUN,8849
vision,1243031
vases,33623
varieties_NOUN,233359
vetveten_X,1045
vorbehalten,1401
vio,6039
virtuously_ADV,4733
vocative,3906
vacationers_NOUN,3477
venturing_NOUN,1623
vaporized_VERB,7519
varicocelectomy_NOUN,1839
verifiability,3619
vasodilators,3825
vrăjmaşii_X,1026
veritas_X,1122
vainglorious_ADJ,2897
version_NOUN,1170643
violins_NOUN,12521
vT_NOUN,1589
vex_VERB,9677
verso_X,2700
vagueness_NOUN,26770
virtuoso,11141
ver_X,11141
volleys_NOUN,8318
ventilatory_NOUN,10842
verbosity,2508
v3_NOUN,2637
voie,2209
vociferously_ADV,6624
vot,1704
vesicle_ADJ,1064
visuomotor,1374
villas_NOUN,27126
vacate,15193
vaso,2693
viaje_X,1817
veryone_NOUN,1217
vibe,37082
verbis,2131
valves_VERB,4311
vaccinating_VERB,2045
viewers,113085
vrăjmaşii,1026
vingården_X,1255
validators,1749
vitae_X,11125
vir_ADJ,2533
vegetarian,53185
vous_NOUN,1747
vobis,2313
vacuolization_NOUN,1380
vulvodynia_NOUN,1033
vnd_X,1105
voir_NOUN,3162
volvulus,5375
við_X,1354
voevoda,2341
ve_VERB,453694
vocalic_ADJ,2451
viewpoints,55285
vitamins_NOUN,75827
vibrator,19839
vol.2,1319
vizir,1539
voodoo_NOUN,10948
vol._NOUN,11698
vanquished_NOUN,1262
van't_NOUN,1014
vestibular_ADJ,5378
viewpoint,123542
vaunted_ADJ,7642
và,1973
valleys_VERB,5147
verbër,3107
vere_X,1742
vascular,232650
von,503598
varmint,2181
vinegars_NOUN,5142
vocationally,1554
victimology,1825
villus,4014
variceal_NOUN,2740
vitae_NOUN,9271
vetoes_NOUN,3576
victimless_ADJ,1413
vibrotactile,1518
vlogs,2329
vacillate_VERB,2535
venheeseen,1743
venture_ADJ,2670
vastly_ADV,80844
vw,6124
ventricular_PRT,3036
voter,73645
vidiac_X,1301
val_ADJ,9416
vanaand,1402
vestal,2547
verbis_X,1687
viscosity,126110
volubly,3411
valorizing,2196
vow_VERB,13288
vp,8823
valises,1846
voltammetric_ADJ,2344
vandag_X,1139
vue_X,5390
vol.2_NOUN,1138
vias_NOUN,2726
vitamin_VERB,3026
valences_NOUN,3583
vino_X,2462
vra,8159
ventricular_ADP,20703
visite,2897
vegetating,1169
veins_NOUN,246580
vomit_VERB,23265
ventricles,22904
visuals_NOUN,24665
vCJD_NOUN,1019
vermiculite_NOUN,3377
versus_NOUN,51558
vitis,1128
vanishing_ADJ,1418
variance_X,1239
viking_NOUN,2037
veshë,1066
valor_NOUN,23340
vomeronasal,1122
viewports,1964
vocalisation,1032
verses_NOUN,210212
victims_NOUN,538588
vaginally,2730
v.5,1048
vicarage_NOUN,8553
via,1287316
void,264729
voz,3560
vegetation,194045
vaine_NOUN,1420
voltammogram,1288
vindicating_VERB,4390
vagabondage,1194
versioning_NOUN,3316
virtuousness,1129
v,1722852
vicinal,1818
varicocele_NOUN,5357
vertebrobasilar,1547
vessels,454381
vaginitis,3974
vita_NOUN,9607
viridans_NOUN,1453
voordat,1721
vah,2038
vlogs_NOUN,2011
versity_NOUN,2037
vouched_VERB,5992
viewings_NOUN,2611
victimised,3207
voluntarily,106441
vetoing,1789
valour_NOUN,24405
veteran,112744
vëllai_X,1440
verra_NOUN,1080
vases_NOUN,33130
visit_NOUN,768187
viruses,126221
votive,12278
vzkříšení_X,1524
vigilante_NOUN,7059
victor_NOUN,37822
voor_ADJ,1435
viscid_ADJ,1516
vigilantism_NOUN,4086
vyjdúc,1368
vermiform,1107
viol,3649
volutpat_X,3805
voce,10054
vice_NOUN,366746
valueless,8747
vaginitis_NOUN,3262
verisimilitude,9117
vacationing,5163
vidi,1543
vape,2121
voix_X,2826
valerate,1486
volcanism,5143
violent_ADJ,612528
v.1_NUM,1507
vastasivat_VERB,1245
varicose,5494
verdure,12685
viremia_NOUN,3977
voyce,1052
viceroys,2366
voyage_NOUN,182319
viler,1132
vasa,4094
vestibulum_X,3976
vial,40552
vaulted_VERB,14057
videtur,1997
variously,55930
vse_NOUN,1140
vulgarities,1998
vibes_NOUN,11891
vinyl,51237
vegetations_NOUN,2174
vive,5202
viewports_NOUN,1963
varnishing_VERB,1056
validates_VERB,12681
vs._CONJ,78773
viaje,2235
virologic,2775
venovenous_ADJ,1011
vervain_NOUN,1001
vied_VERB,11720
viewed_VERB,542768
vitality_NOUN,107968
vestigial,6194
vocal_NOUN,28243
vibrantly_ADV,2974
vicissitudes_NOUN,25127
voicemail_VERB,8175
vc,2802
violating_VERB,70104
vieux,3101
vet_VERB,3737
veli,1282
verge,105957
vim,3994
varry,1211
vůkol_X,1069
viii,81894
valueadded_ADJ,1202
varistors,3783
všetko,1373
veut_X,2707
vaut,1084
vignettes,19544
variogram,3847
virtutis,1020
vouchsafed_VERB,11256
villainy_NOUN,10119
vagaries_NOUN,19292
vending_NOUN,2868
vj,3410
vodka,54399
vara_NOUN,1643
virtually,311269
vacances,1226
veda_NOUN,1245
voltammetry,7291
viscose_ADJ,1120
verbatim,29437
vehement,25356
verbena,2907
vaccinated_VERB,14607
vT,1830
verbalized,4809
voidness,1070
void_NOUN,201146
vanities_NOUN,10457
vulgare_VERB,1508
ventilator_NOUN,28209
vérité_X,2431
vue,5652
voile,1507
venous_NOUN,4176
vaulted,33385
vCenter_NOUN,3533
verre,1554
vol_NOUN,855184
views_VERB,39197
vegetable_NOUN,207546
virulently_ADV,1623
v2_ADJ,3758
verbos,1339
vernaculars,4662
vestibule_NOUN,26877
vaguest,4795
vida_NOUN,2613
vietnamská_ADJ,2036
verschiedenen,1161
van,826629
vigour_NOUN,46463
vii_X,35413
vars,2003
vu_NOUN,14775
vanguard_NOUN,30353
veka,2276
visitors,410840
victimizing_VERB,1409
var_NOUN,16989
videlicet_X,1235
voriconazole,4612
variola,1458
veshur_X,1217
venerates,1154
visualise,11850
vegetarianism_NOUN,7874
voi,3825
veritate,1951
vasodilation_NOUN,12278
vanilla_NOUN,95332
vizir_NOUN,1467
vervet_NOUN,1173
vectored,1920
verbatim_NOUN,1116
virtuality_NOUN,4256
vaccines_NOUN,70251
varied_ADJ,163560
varying_VERB,348279
vestry_NOUN,9326
voicemails_NOUN,2665
viability_NOUN,95443
validators_NOUN,1746
vestment_NOUN,2687
venter,2959
verde_X,1819
valganciclovir,1059
virtuosic_ADJ,3215
vastus_X,2210
vasculopathy_NOUN,3315
vice_ADV,8474
verifier,7029
viverrini_NOUN,1018
valorizes,1787
vomit_NOUN,29472
viols_NOUN,1172
ventilating,4223
variationist,1326
vowing_VERB,10527
vitae,20689
virgin_NOUN,112177
venules,4589
vernaculars_NOUN,4637
vari,6683
voiture_X,1345
voevoda_NOUN,2330
volleyball,18434
vse_VERB,1200
vellum_ADJ,5954
villeins_NOUN,1718
vr,2339
variegation_NOUN,1396
valuing,39007
volts_NOUN,18346
videogame_NOUN,6281
vie_NOUN,10778
vitiated_VERB,6511
vocally,7025
vaquero,2048
være_X,1844
voting_VERB,70646
vaftiz_NOUN,1452
vegetal_NOUN,1551
vantage_NOUN,65389
visuomotor_NOUN,1261
vertical,452541
volatiles_NOUN,9681
vigils_NOUN,6478
voulez_X,1018
vertebrae_NOUN,23017
volute,3392
vee_NOUN,3031
voyeurs_NOUN,1663
vulnerabilities_NOUN,79913
v2_NOUN,10191
valproate_NOUN,5843
verily_ADV,25198
village_NOUN,1175932
variceal_ADJ,1940
velocimetry_NOUN,1584
venetoclax,1057
varius_X,2816
vulnificus_NOUN,1823
varna_NOUN,1631
veined_ADJ,8446
virtus,3952
vicina,1143
voracious_ADJ,14688
viscosity_NOUN,124824
vintners,1506
velum_NOUN,2601
valentine_NOUN,3483
veka_X,1766
vnder,2613
vigorously_ADV,99664
vermin,21474
ventriloquist,4270
vilification_NOUN,3991
vanities,10473
vacuole_NOUN,6011
voluntarism_NOUN,7055
vraiment,1921
violate,107924
vertues_NOUN,1834
vlogger_NOUN,1048
vsed,1967
voltage,463887
vilest,7305
voicing_NOUN,5666
viele,2565
veto_NOUN,46148
vomited_VERB,25037
virtuosic,3216
voyaged_VERB,1836
vapor_NOUN,124142
vets,9951
vertebrates_NOUN,30025
vos_X,7721
validations_NOUN,3656
vaulting_VERB,4591
vibration_ADJ,1568
verythin,1681
visibilities_NOUN,1266
violence_NOUN,1355914
verbosity_NOUN,2483
visualized_VERB,49525
voortbrengt,1691
vitalistic_ADJ,1007
venues_NOUN,70267
venturer_NOUN,1164
volutes,1498
varmint_NOUN,2054
volumetric_ADJ,39561
viewfinder,5872
vibrating_VERB,47195
vivo_ADV,3030
vasodilatation_NOUN,4182
vengeance,128376
valorisation_NOUN,3970
vos_NOUN,2509
valuables_NOUN,23808
vive_X,3480
vaccinating,2082
vol.1_NUM,1693
verbalization,4089
vouching_VERB,1542
vow_ADV,1330
vaginas_NOUN,2846
venerating_VERB,1861
varistor,4907
vitalized,1444
vendors_NOUN,93139
veritatis,1234
votary_NOUN,2817
verything_NOUN,1431
vocalisations_NOUN,1382
vor_ADP,2967
vegetated,6761
virtute_X,1435
voyageur,1767
vindicates,2794
verse_NOUN,343540
villeins,1730
vocatives,1225
vocalize,3133
vainglory,3088
vastly,80847
vigilant,52831
vi_ADJ,4333
viceregal,1715
valence,56318
volatilized_VERB,1283
virum,1098
videotapes,4848
virgins_NOUN,25610
versus_ADP,296497
validator,2325
villes,2027
v._CONJ,1869118
villus_ADJ,2209
veils_VERB,1496
valve_NOUN,229543
verifiably_ADV,1168
valeurs_X,1466
vehicle,739424
vervet,1186
viciously,30747
violators,8921
virile,14950
vasogenic_ADJ,1379
vortex,59023
vraiment_X,1397
virological,1540
violoncello_NOUN,1792
vertu,2816
variabilis_VERB,1660
volumes,322357
viziers_NOUN,1679
voyageur_NOUN,1351
varix,1003
vascular_NOUN,173307
views_NOUN,1031222
vocality_NOUN,1197
všecken,4229
vibrational_ADJ,27924
voiceless,17089
viejo_X,1038
varnishes,3070
vn_NOUN,2298
vignettes_NOUN,19427
vid_ADJ,3160
vandalism,17917
vulcanisation,1434
veins,246598
vagabond_NOUN,14256
variance,280401
vicar_ADJ,1162
varicocelectomy,1966
viability,95458
volcanics_NOUN,1411
vepřů,1053
viride_NOUN,1265
valacyclovir,1422
vivir_X,2655
vigilante_ADJ,4320
verba,4500
venation_NOUN,3808
videoconferencing,4541
vibrates,13577
vacillated_VERB,4100
velt,1039
varlets_NOUN,1197
versification_NOUN,5143
vnoci,1368
vapid_ADJ,5161
veil,174113
villanous,1592
virology_NOUN,2747
vermicelli_NOUN,2499
vulcanization,1612
val_NOUN,12406
verse_ADV,1232
vigilantly,6781
ves,2512
virus_NOUN,415346
voids_VERB,2333
vivre_X,5306
vers_NOUN,3738
variant,171939
verrucous_ADJ,2447
vd,1567
visit,1468056
vibrantly,3008
volume_NOUN,1517489
vino,5310
va_NOUN,9750
ventral_NOUN,13097
vois_X,1483
viola,7384
venta_X,1127
volitional,11769
vide,13228
victimhood_NOUN,11888
vasopressin_NOUN,8166
voh,1964
vane_NOUN,9652
vapour_ADJ,2032
vomits_VERB,2311
vibrations,90836
virion,4216
vieja,1165
vineyard,49651
visual_ADJ,836632
vesting_VERB,5548
vet,51135
vsed_VERB,1954
variational,20971
vetting,9731
valuable_ADJ,675544
viewscreen_NOUN,1941
votes_NOUN,199685
visibility_ADJ,1144
verger,2255
vasorum_NOUN,1090
vy,4648
vistas,20996
validation,222991
vv,21640
verifications_NOUN,3508
vede,1010
veterinarians_NOUN,11131
viewless,1543
versatile,53020
vintages,4347
visitation_NOUN,38339
veiling,9948
vided_VERB,1001
vega,1392
valved_ADJ,1233
verifiers,1124
vestal_ADJ,1661
vio_X,1744
vegetative_ADJ,22250
vasodilatory_NOUN,1890
vincristine_NOUN,4803
vaulted_ADJ,19287
vaporizes,1364
veces_X,2035
victimization_NOUN,50533
v5,1109
venereal_NOUN,6515
vegetated_ADJ,2110
vegan_ADP,6371
vanillin,3530
vexed,51154
viac,1010
vulnerability_NOUN,246258
verifiability_NOUN,3606
vanadium,11725
vouch,15636
vasculitis_VERB,3153
vun,1108
voortbrengt_X,1464
vaginosis,3577
varmints,1901
veľmi,1197
vote_NOUN,387305
vagrant_NOUN,15042
vasomotor,4828
vulgar_NOUN,2243
veh,2212
vacant_ADJ,110351
values,2708370
vials,22037
vipers_NOUN,7227
vastus,4437
vagal_ADJ,7769
vail,2340
vegetal,6595
violets_NOUN,22465
velveteen_NOUN,1110
veridical_ADJ,4972
viens,1092
viaduct_NOUN,5303
vitals_NOUN,14250
vandrade,1002
vivisection_NOUN,4574
vipassana,1593
všel_VERB,1756
ver_ADV,9506
volatilities,4377
ventricular_VERB,2399
vulnerably_ADV,1027
veracity,32826
v'am_X,3876
valorizes_VERB,1685
verities_NOUN,3656
vocational_ADJ,93080
verything,2345
vile_ADV,1173
vinelandii,1060
versus_CONJ,118434
vadose,2442
verdiğin_X,1238
vasectomy,4400
vero,9734
vasovagal,1582
villa_ADJ,1431
vergence_NOUN,3736
virtualized_ADJ,4645
vrata,1467
vse,3017
veganism,5409
vison,1085
vertexes,1356
vibrant,101293
villages_NOUN,339156
vos,11555
viceroy,16576
vii,105243
voltages_VERB,1516
vasodilation,12294
vo_X,4279
vitiate,3110
vacuums,2858
var_ADJ,14890
vert_X,1523
vaporized,7730
virginia,1342
verifying,33529
voyce_NOUN,1017
valences,3610
vamp_NOUN,6091
vil,5803
vlan,1213
voracity_NOUN,2041
voiced_ADJ,20415
vnoci_X,1026
vena_NOUN,15229
vanes_NOUN,6417
vintners_NOUN,1505
vecinică,2964
vjíti,2594
variate_ADJ,2100
verisimilitude_ADV,1143
ventilators_NOUN,6147
vegetal_ADJ,4792
ventriculostomy,1981
vineyard_NOUN,48316
voiding_NOUN,3872
vastatrix,1156
verwonderde_X,1919
viroid,1018
versified_VERB,1688
visiter,1141
violet,75353
vacations,29825
volutpat,4574
vindicating,4785
vreze,1346
vertebrae_ADJ,1106
vectors_NOUN,203361
vanquish,7852
viscosity_ADJ,1198
verbalize,7942
viento,1549
vesicle,24912
vingården,1256
veno_ADJ,1720
vs._NOUN,96145
vulnificus,2104
venheeseen_X,1577
venom,46977
vile_NOUN,1797
viene,2761
vesture_NOUN,3686
voice,4709450
velvet,132114
voltammetry_NOUN,7286
vintages_NOUN,4340
vous_X,35410
volatile_ADJ,129324
vaporizes_VERB,1358
vacantly_ADV,7242
vastasivat,2658
vermouth_NOUN,6570
vinici_X,1420
varus_NOUN,3498
versus_X,91202
vaporization,11164
vindicated_VERB,19693
violated_VERB,153805
val,26408
və,2718
variegatus,1017
vy_NOUN,2857
v'am,3990
vented_ADJ,1513
vdekje_X,1418
visualizations,20504
villein_NOUN,1252
vdekuri,1757
ver._NOUN,1566
varietal_NOUN,3476
viscoelastic,18335
ventilation_NOUN,142218
vieux_X,2066
vacuo_NOUN,1780
vulnerability,246371
velocimetry,1606
vivo_ADJ,9628
vdiq_X,1459
viscerally,4657
vacuous_ADJ,8137
valeur_X,3324
vale,20421
vanished_VERB,231106
vané_NOUN,1030
visualizations_NOUN,20483
virtue,547673
viris,1230
vagus_NOUN,13794
valedictory,2397
vertue_NOUN,2968
vicissitude,1882
vogue_NOUN,27790
vagary,1123
vasoconstrictor,3899
viscoelasticity_NOUN,3530
vols_NOUN,182153
vant_VERB,1093
vibrato_NOUN,4309
vacillations_NOUN,1511
vinyl_NOUN,46394
vainly,35078
vrou_X,3413
voices_VERB,8164
voxel_NOUN,14109
volts,18923
vowed,73751
vas_NOUN,7797
vastatrix_NOUN,1069
validate_VERB,79523
vindicates_VERB,2359
verrucous,2560
victimizer,1161
vulputate_X,3194
virginia_NOUN,1339
visualization,129603
verified_VERB,121156
vertel_X,2035
vmPFC,1731
vampiric_ADJ,2937
volume_ADJ,53306
violates,48466
v3,5438
vocations,9713
vested,76261
voces,1840
voyagers_NOUN,6820
véritable,1284
vows,81886
voltammograms,1558
verbalizations_NOUN,1742
vasodilatory,2479
viride,1619
value_VERB,84656
villes_X,1106
viereis,1478
vocals_NOUN,14703
vaginally_ADV,2729
viral_NOUN,1016
ventilated,21912
voluntaristic_ADJ,2540
violators_NOUN,8919
visions_NOUN,194368
vSphere_NOUN,5246
vaginalis,6167
vap,1066
validity_NOUN,335039
venturi_NOUN,1155
verdict,130089
vascular_ADJ,56098
vedli,1647
v3.0,1467
vaporizer_NOUN,2245
varistor_NOUN,4770
vedere,1510
vegetate_VERB,1491
virtualization,18132
vest_VERB,6380
v1,14227
vivants_NOUN,1366
venturing,26827
vomiting,119501
viento_X,1261
volatilities_NOUN,4338
vole_NOUN,3784
vilest_ADJ,7280
varenicline_NOUN,1368
vectorization_NOUN,2121
volition,33499
vigilantism,4127
voulu_X,1025
vasoconstrictor_NOUN,3824
villain,82534
veiled_VERB,51691
viral,185998
vendors,93152
visión,1389
ventilators,6159
vanguardism_NOUN,1056
vous_ADJ,11888
villainies,1128
vaccine,151461
valsartan_NOUN,1553
vx,4057
viviparous_ADJ,2301
virtually_ADV,310068
vasculitic_ADJ,1433
vocalization_NOUN,7440
violate_VERB,107921
vamp,7242
vitamin_NOUN,201770
viaggio,1120
venous_ADJ,115583
verandas,3879
ventilatory_ADJ,2232
vpon_ADP,6101
verano,1053
vivo_NOUN,128045
vastasivat_X,1247
vac,2089
vanished,231141
verifying_VERB,32396
vzav_X,2337
viscera_X,1751
viciously_ADV,30702
voltage_ADJ,12081
veers_VERB,3945
visco_ADJ,1130
vunë,1745
videre,1230
vate,1078
vh,1783
vasculitic,1449
voltage_NOUN,449068
velvets_NOUN,3099
vemurafenib_NOUN,1248
vexing_VERB,3658
viands,5944
viele_X,2024
veneers,3259
visaged,2008
variously_ADV,55577
veering,10285
vacua,1127
victories_NOUN,83218
voir,13970
vibrating_NOUN,3942
visitants,1317
volleyed_VERB,1691
variabilities,2551
verb_NOUN,259754
vassal_ADJ,6500
villagers_NOUN,139900
vacated,32275
valent_NOUN,1577
vasoactive_ADJ,5525
virality_NOUN,1541
vënë_X,3038
vw_X,1110
vodkas_NOUN,1019
virological_ADJ,1439
voluntarist,3124
verbal,329470
vibratory,9717
vociferously,6630
vitro,215833
verwonderden_X,3827
vegetational,1336
vowel,74882
vinifera_NOUN,3723
volatile,129341
vermicularis,1688
ventilating_NOUN,1955
victim,582963
voiny,1273
vid_X,1232
valle,1151
vin.ab._NOUN,1951
ventral_ADJ,55821
vetch_NOUN,2220
vivendi_X,4977
version,1170846
viewscreen,1945
visualized,53070
vampirism,3097
và_X,1713
var_ADV,6320
vehicles_NOUN,427238
vecinos,1635
visiting_VERB,343574
vacates,1020
vee,6215
ved_X,1658
vertue,3833
vetted_VERB,10118
veer_VERB,11520
velvety_ADJ,12175
ventriculostomy_NOUN,1926
všickni_NOUN,1452
vivifying_VERB,1081
vëllezërit,3051
vetja,1453
vanquished,31816
veneration_NOUN,31560
vigorously,99669
v.1,1861
visor,17583
voordat_X,1423
viral_ADJ,184064
vicinity_NOUN,140764
voles_NOUN,5482
viaducts,1803
virtues_NOUN,222131
vids_NOUN,1419
vindicate,16897
voluptuousness_NOUN,3906
vegetated_VERB,4643
ventral,71130
vocalized,3143
virtuoso_NOUN,8218
vault_VERB,2167
visor_ADP,1140
verdad,4263
vWF,3271
vivamus,3444
vijgeboom_NOUN,1124
vic,3015
vending_VERB,16318
vandals_NOUN,4266
vanquishing_VERB,2547
valorization_NOUN,11081
variance_VERB,4910
vivaciously_ADV,1180
vaults_NOUN,26002
valor_X,2663
vituperative,2351
vSphere,5599
visor_NOUN,14711
viable,189255
vasa_NOUN,3138
vivacious,13132
volleys,8636
vërtetën_X,1390
verbose,7597
venturesome,3824
vocal,195320
victuals,11423
velum,2860
valsartan,1877
venerated_ADJ,3641
volcano_NOUN,61932
vancomycin,15124
volunteers_NOUN,187099
vestibulocochlear_NOUN,1062
victories,83234
vaquero_NOUN,1892
vertical_ADJ,438951
ventilated_ADJ,3482
vs.,405628
violin_NOUN,69635
variances,36819
vive_ADJ,1466
viol_NOUN,2973
vocalizations_NOUN,9494
varfërve,1045
var_ADP,7788
vs_X,84879
vassal,19152
va_ADJ,1068
vaping_VERB,3629
vids,1422
vials_NOUN,22006
volley_NOUN,29340
ves_NOUN,1364
verging_VERB,7280
venipuncture,3264
vulva_NOUN,16312
victualling_NOUN,1088
vation,1942
vortical,1007
vim_X,1053
vaporisation,1230
vestibules_NOUN,1189
visión_X,1190
vexations_NOUN,4328
varicella_ADJ,1197
vois,1908
victim_NOUN,582889
visages,2817
vote_VERB,198416
viceregal_ADJ,1689
vascularization_NOUN,5923
vols_VERB,1295
vampiric,3347
vouchers,18191
vespolek_NOUN,1169
varenicline,1585
vacuolar_NOUN,2734
vidual_ADJ,1228
veterinarian_NOUN,23140
virtualized,5759
vexations,4348
vivo_X,36410
valise_NOUN,11221
viz.,6866
vu_X,3348
veils,22495
valiant_NOUN,6190
vegan,48869
vacuolization,1392
victors_NOUN,21002
vicious_ADJ,151452
velvets,3119
voudrais_X,1094
vulval_ADJ,2032
varios,2252
vitrectomy,4244
vernal_ADJ,6562
vn_X,1259
voicing_VERB,20879
voor_X,15227
vouchsafed,11341
variables,964914
vibrates_NOUN,1706
verdant_ADJ,15011
valent,7365
vitro_NOUN,215820
ventromedial,4446
vertically_ADV,77713
villosa_NOUN,1013
virens,1635
venir,3467
vaulting,10038
vows_VERB,14268
vanguardism,1060
vasodilators_NOUN,3780
volvió,1041
vanishes,38087
vc_NOUN,1455
ven_NOUN,2149
valve,241232
virgo,1370
vstav,1945
ventilate,4240
versatility,24322
verily,25206
vel_ADJ,1107
vert_NOUN,1435
visitation,40207
valves,80412
voel_NOUN,1876
vowels_NOUN,48385
vortexes,1849
venomous_ADJ,30092
ve_ADJ,19506
vitreoretinal,1591
vagabonds,9753
visionary,55108
vin,7355
vdesë,1005
val_VERB,1071
vacuo,2221
vith,1112
voluptuary_NOUN,1219
volg,1032
voicing,26785
vide_NOUN,6604
volcano,62554
vaccinated,17779
visas_NOUN,31138
videoconference,1884
visuality_NOUN,5887
valley,450110
villain_NOUN,79220
varnished,8457
videos_NOUN,211801
violences_NOUN,2721
visits_VERB,37920
volgende,1936
vestibulum,4464
vociferous_ADJ,10186
varying_ADJ,16026
versatile_ADV,14227
voit_X,1856
voluntarist_ADJ,1060
verythin_NOUN,1229
voiced,87675
v0,6576
vilely,1963
vindicate_VERB,16671
victoriously_ADV,4898
verifiable_ADV,1028
vajra_NOUN,4993
vet_NOUN,46175
vaginal,81845
videotaped,7273
varices_VERB,2138
vous,49288
vacationing_VERB,5081
vemurafenib,1453
voltmeter,5227
venders_NOUN,1682
voto_X,1029
veno,1982
v2_NUM,6559
vagal,12006
vobis_X,1902
vaccination_VERB,1087
vasorum,1436
vinnig_X,1864
videotaping,2013
vetveten,1361
venereal_ADJ,8760
vocalization,7491
vibrato,4526
vedutolo,2312
vinous,2217
voleindigd_X,1013
valedictory_ADJ,1752
vaunted,10115
voluntad_X,1220
varlet,2098
virtù,2141
vales_NOUN,4952
variance_ADJ,8707
veridicality_NOUN,1093
variability,226416
visioning_NOUN,2426
vitalist,2051
vpon,7658
vanillic_ADJ,1314
vigilant_ADJ,47064
vaccinate,3904
vulgaris,28158
verder,1944
virtud_X,1002
vivify_VERB,1147
varietals_NOUN,1951
vena_X,6654
var,94139
violaceum,1144
venereal,15552
vine,84464
variable_ADJ,605295
versicolor_ADP,1110
vivax,5648
vindicated,20536
vesicular_NOUN,10081
viviparous,2400
vendee_NOUN,1091
vernacular,79871
vaccine_NOUN,151434
voiceless_ADJ,9332
vectors,205689
v0_NOUN,2307
vow_NOUN,71413
všel_X,1693
vanishes_NOUN,16886
variably,9800
všecken_X,2535
vitrified,2662
vocalize_VERB,3069
vibrational,34792
vitriolic,5692
vocalizations,9515
voiture,2044
violative,2251
vanishes_VERB,21179
vdW_NOUN,1884
valuers,1169
venting_VERB,14632
vertebræ,2718
validation_NOUN,222117
v1_X,2130
vertical_X,1531
virtuosi,1420
vittae,1098
ving,1524
veridicality,1125
vector,534972
vats_NOUN,9270
venality_NOUN,3128
vocabularies,15739
vetoes,4299
vitam,2445
vowels_VERB,2505
votre_NOUN,1299
villain_ADJ,1385
versed_VERB,27587
viscous,51699
valuer_NOUN,2171
vanish,72323
vingt_X,1419
vaster_ADJ,4909
verbalized_VERB,4588
verapamil_NOUN,5803
vender_NOUN,1556
vanadium_NOUN,10792
valleys,107124
vesicoureteral,1286
vainglory_NOUN,2973
verification,145135
vocative_ADJ,2000
vomited,25191
všickni_X,8701
vir,46076
vos_VERB,1218
všed_VERB,1073
voluntas,1617
všechněm,1447
vyšed,2020
vociferated_VERB,1591
vasospasm,8560
vengeful,22801
vouches_VERB,1308
voz_X,2412
violets,22515
vacuity,4122
vh_NOUN,1170
varicocele,7508
viverra_X,4475
vedere_X,1160
viverrini,1154
vůkol,1352
violins,12537
vulvar_NOUN,1804
vacuolation_NOUN,2045
voir_X,10685
volte,3958
v1_ADJ,3231
visionary_ADJ,45064
virus,415527
virtuous,127256
vessel,467257
være,2933
versatile_ADJ,27315
vans_NOUN,26138
vaccinations,15337
vinnig,2757
vulputate,3848
viruses_NOUN,125668
violator_NOUN,5581
vnto,7297
været,1083
vapors,21367
vroeg,1333
variety_NOUN,1265579
variance_ADP,1538
vn,4684
verdant,19351
violation_NOUN,289169
verbatim_ADV,16495
vanes,6707
voyages_NOUN,36576
vas_VERB,2895
vz_NOUN,1110
voix,3571
vestibular,34018
villager_NOUN,13083
vision_ADJ,11674
visita_X,1215
voo,2095
vesting,14581
virologic_ADJ,2596
vilifying_VERB,1622
venial_ADJ,4043
vehement_ADJ,24288
vitalism_NOUN,3993
vowing,10527
vesical,1628
venting_NOUN,3071
veil_NOUN,174079
ventrolateral_ADJ,3623
vegan_VERB,1026
vignette_NOUN,20997
vibrational_NOUN,6658
visited_VERB,550697
vitam_X,2045
vidpovon,1079
venereum_NOUN,2337
viewing,201273
vac_NOUN,1453
viceroys_NOUN,2295
vehemently,41499
vitiligo,5398
violinists_NOUN,2824
vassal_NOUN,12492
vasoconstriction,15302
vention,1120
veld_NOUN,3535
vv_X,1640
vas_X,3896
vests_NOUN,17714
verified_ADJ,1031
vaccination_ADJ,1462
voices,616175
vim_NOUN,2434
venal,6095
valorem_NOUN,3700
vegetarian_NOUN,44131
violinist_NOUN,13789
valorisation,4161
voids,26956
valorised_VERB,1096
vata,2009
vont_X,1483
vacancy_NOUN,39909
verstaan_X,1641
vote_ADJ,5876
villa,123927
valenced_VERB,1530
vacation_NOUN,174661
vivre,6064
volleying,1093
visualizes,5871
variance_NOUN,261758
veers,6282
vociferated,1979
voyeurism,5732
victual_NOUN,1138
vuelta,1209
victory,545503
veranda,43043
validator_NOUN,2293
ventrals,1348
vinegary_ADJ,1188
viscerally_ADV,4633
vices_NOUN,60349
verb_DET,2886
valproic,4252
vulvovaginal_ADJ,1674
votos,1003
valerian,3248
vaccinia,2193
vintner,2100
vascularity_NOUN,8650
vitalized_VERB,1253
viscus_NOUN,1360
vertigo,25503
vedutolo_NOUN,1733
všel,4301
votives,1274
visualizing,25831
vermicompost_NOUN,1951
verdad_X,2915
ventricle_NOUN,59919
vaporizing,2317
voltaic_NOUN,1615
vividly_ADV,74610
vandal,2169
vigil_NOUN,24429
veritable,46481
violating,70107
valve_ADJ,7827
vdekjen,1003
vocalist,7669
velit_X,5563
vide_X,1410
vitriolic_ADJ,5566
valid_ADJ,423787
verged_VERB,3244
vestments_NOUN,14102
ventures,90723
verandahs,2119
veal,19780
venography,2232
vanishing_VERB,50588
vexatious,8016
viatical,1045
ventured,119100
visited,550740
vivos_NOUN,4875
viridis_X,1392
veteran_NOUN,86457
victor,38669
vacuoles,9622
versa_X,1655
velocity,481644
voice_ADJ,16284
vis_NOUN,82036
vay,2425
vivax_NOUN,2396
voted,152272
variation_NOUN,584389
vectorization,2142
vevé_X,1494
vicinity,140801
venturer,1189
verstaan,1961
voel_X,6064
voce_NOUN,5955
vandalism_NOUN,17536
vastus_NOUN,1699
vertiginous,4886
vipassana_NOUN,1453
vibrate_ADJ,2703
vintage_NOUN,39339
vague_ADJ,273501
vivaciously,1181
verde_NOUN,3159
vectored_VERB,1270
vouches,1390
vasoconstrictive_ADJ,1227
variegated_VERB,3046
vodka_NOUN,54398
vadose_NOUN,1875
vibrotactile_ADJ,1040
victoriously,4918
varnish,19530
vigorous,144349
vaulting_NOUN,5284
vp_NOUN,4823
verbalize_VERB,7852
videography,1228
virulent,27130
vibe_NOUN,34107
vermouth,7190
vra_X,3561
variabilities_NOUN,2315
vulgo,1160
vivacious_ADJ,13029
variably_ADV,9549
vunë_X,1218
volition_NOUN,33353
vërtetë_NOUN,1069
verify,176008
vasculitis_NOUN,22053
valued_VERB,243411
video,792955
villany,2549
visualize,79374
victimised_VERB,3119
vaqueros,2441
vies_NOUN,1609
vulgare_ADV,1955
veterinarian,24533
vagrancy,6770
valet_NOUN,42603
vento,1007
viervorst_X,1124
vic_ADJ,1294
ventre,1358
vow,86932
vaunted_VERB,2467
viewless_NOUN,1227
vertex_NOUN,80292
vol.1,1985
voila_NOUN,1885
verborum,1155
virtualization_NOUN,17561
vult_X,1258
vanguard,30354
variolation_NOUN,1363
valuers_NOUN,1128
visualises,1056
vita,19873
vestments,14127
ve_PRON,102425
vista_NOUN,25839
vitalizing,1899
vinblastine,2543
vespers_NOUN,4331
villainy,10563
vault_NOUN,78067
verander,1154
vil_X,3845
viscus,1530
variant_VERB,1021
vader,1347
vnitř,1312
vegetative_NOUN,12569
vertices_NOUN,79917
virago_NOUN,1939
verities,3661
vendettas_NOUN,1627
vixen_NOUN,7390
vise_ADJ,1194
vituperation,2584
vilification,4000
verder_X,1578
viselike,1051
vindictiveness,5044
vampire_ADJ,1823
versed_ADJ,5679
veces_NOUN,3099
ver_VERB,1014
volatility_NOUN,102598
vermilion_NOUN,9548
vuole,1122
vitriol,9408
vdekje,1775
vinaigrette,7793
vary_VERB,498286
vanilla,100657
vata_NOUN,1494
v_ADJ,267191
violencia_X,1566
volt_NOUN,10508
venture_VERB,68713
vents,25277
valorous_ADJ,3683
veterinary,53869
vitelline,1414
vaginal_ADJ,81814
vs._ADP,52273
vicarious_ADJ,23810
visors,2688
varna,1905
validity,335131
virial_ADJ,2826
vagabondage_NOUN,1111
valets,4598
vole,4042
versus_VERB,11670
vom,20431
variegata,1341
veh_ADJ,1108
v.3,1130
visas,31325
versicolor_NOUN,3517
vocalized_VERB,2387
vegetations,2183
vandals,4331
volitions,4557
verisimilitude_NOUN,7012
vivir,3636
vit_X,1608
virtuosity_NOUN,9039
volunteerism,5294
vicar_NOUN,43699
vestnik,1077
voter_NOUN,73603
veered_VERB,27029
voluntariness_NOUN,5458
videotape_NOUN,11577
vikings_NOUN,1612
veneered,1436
völkisch_NOUN,1045
vivere,1993
virginal,11471
valorization,11090
vppon,1071
verandah,23836
vires,5459
vowel_ADJ,2194
verra,2897
videotaped_VERB,3677
verdicts,15937
vitalism,4000
vide_ADJ,3952
vituperation_NOUN,2583
vouch_VERB,14995
vacant,110360
vinylidene,2020
vacillations,1516
voyage,182351
vindeca_X,1166
vicepresident,1755
virality,1582
versus,646453
versts_NOUN,2812
vaporetto_NOUN,1830
vulnerably,1065
vexed_VERB,41792
vasopressin,12790
v1_NUM,3914
vanishing_NOUN,2984
voluptuous,19307
viereis_X,1232
vetja_X,1144
virescens,1360
vanquish_VERB,7787
vestment,2833
visionaries,8481
valvuloplasty_NOUN,2331
viz,88725
vetvete,1552
varus,7895
vignette,21135
vivant_X,1992
violator,5730
vales,5164
vitrification,4297
vortices,13477
void_ADJ,48438
verger_NOUN,2083
valets_NOUN,4498
vulgarly,4162
vegjël_X,1700
vey,1114
voles,5640
variolation,1402
violas,1721
venomously_ADV,2078
vertex_VERB,1370
vomer_NOUN,1311
viv_X,1095
venality,3133
visioning_ADJ,1246
votre,6945
valve_VERB,2114
vexing_ADJ,7795
visa_NOUN,70469
virginica_NOUN,1491
venit,1868
versity,2077
victimized,22470
virtuously,4793
vein,253432
vaporize_VERB,3820
vingt_ADJ,1189
varying_NOUN,1844
vandalized,4861
vaccinia_NOUN,2136
verkündigten,3063
vindication,20741
vieille,1334
vileness_NOUN,3620
vetoing_VERB,1569
voyeur,5131
verbo_X,2154
vermilion,10697
variants_VERB,10173
verbalise,1286
verwonderden,4277
vortex_NOUN,58949
vingt,2810
villas,27386
vergebet,1213
voodoo,11340
vase_NOUN,66146
vacuous,8199
vocalist_NOUN,7510
ve_NOUN,7426
voltammogram_NOUN,1287
virtù_NOUN,1277
vi,142994
vox,3732
vit,3987
vaudeville_NOUN,14297
variation_VERB,5520
varias,1821
vivamus_X,3429
vio_ADJ,1748
visioned,1349
verifiably,1172
voxels,10327
viâ,1403
violated,153811
vor_NOUN,2322
vitalist_NOUN,1764
velar,4152
verbs,155995
vulvar_ADJ,6251
vasculature,21204
voucher_NOUN,16508
veto_VERB,10099
visually_ADV,94912
vint,1186
victimizations,1961
vin.ab.,2214
vulgar_ADJ,94173
vestiges,21652
valine,5276
vigilance,53947
vetoed_VERB,11337
vitiate_VERB,3001
via_NOUN,3014
vu,18555
vicinal_ADJ,1639
vol_VERB,1382
viziers,1683
vancomycin_VERB,2662
vapour_NOUN,53249
vacuumed,3388
vesting_NOUN,8124
venerate_VERB,6329
vermin_NOUN,16847
vert,4799
vandalizing_VERB,1219
volonté_X,1414
vex_NOUN,1193
volt_ADJ,2452
veggie_NOUN,10838
vacillates_VERB,1407
viewpoints_NOUN,55222
vibrators_NOUN,3630
vendetta,8579
vier_X,1928
viejo,1902
valuing_NOUN,3770
vis_X,34213
viinitarhan,1080
vaccinated_ADJ,3165
vertuous,1469
verb_ADV,2211
vertebral,55722
visually,94926
virtus_NOUN,1500
viewer_NOUN,106048
vancomycin_ADJ,1802
ventured_VERB,118069
velök,2573
visage_NOUN,23782
vigilantes_NOUN,6394
viscoelasticity,3552
videography_NOUN,1213
vant,2835
vuorelle_X,1495
vests_VERB,1662
veritably,2295
vol,862971
verse_ADJ,1934
voicemail,23111
voluptuousness,3927
veterinary_NOUN,1319
vocational_NOUN,2869
vrou,4176
volte_NOUN,2135
varnish_NOUN,12853
verticals_NOUN,3291
viper,13412
vā,1344
verschrikten_X,1015
vera,14185
vibronic,1319
venir_X,2353
vj_NOUN,1889
vertebrae_ADV,5710
valorized,4363
vassals,17279
valance,2243
valves_NOUN,76045
virgin,153127
ventriloquism_NOUN,2589
victimize_VERB,2490
vitiates,1391
vanity,112626
viscoelastic_ADJ,17913
vel,26632
videogames,8045
visionary_NOUN,9494
volvulus_NOUN,4935
vmPFC_NOUN,1688
visualisations_NOUN,3006
viv,1315
voters,238718
votives_NOUN,1258
viridans,1601
vandalised,1271
visits_NOUN,294058
vehicula,4470
vic_NOUN,1636
vampires_NOUN,56699
vnd,1768
voluntarily_ADV,106437
vaccinate_VERB,3684
vape_NOUN,1648
variety,1265763
vehicular,18126
venire,3042
veulen_X,2700
vloggers,1656
virginianus,1477
vasopressin_VERB,4074
valproic_ADJ,3895
vnto_ADP,5255
verunreinigt,1383
vinegars,5179
vernier,2491
venire_NOUN,2058
vicegerent,1402
vascularized_ADJ,1924
voicemail_NOUN,11840
vacuuming,4687
vilify_VERB,3290
victors,21026
venal_ADJ,5992
vertebrate_ADJ,3504
villainous_ADJ,12774
vizier_NOUN,11618
vitriol_NOUN,9201
venturi,1528
volta_NOUN,1118
vertebra,18527
volcanos_NOUN,1346
vP,2684
veda,1648
video_ADJ,117289
verkündigten_X,2764
votes_VERB,6730
versus_ADV,57560
volcanics,1436
variation,590949
vie,34238
vicissitude_NOUN,1826
vandal_NOUN,1886
vaguest_ADJ,3982
vinaigrette_NOUN,7678
viewable,3034
vacillated,4105
vilely_ADV,1939
velvet_ADJ,3881
videoconferencing_NOUN,4401
verify_ADV,6063
viscometer,2154
valerian_NOUN,2613
vagotomy_NOUN,1125
virtuosos,1134
visitor,237831
vertues,1868
venison_NOUN,19700
verblijd,1013
vamps_NOUN,3757
venti,1073
venenatis_X,3536
vaults,26004
vesper_NOUN,1844
violently,161537
vistas_NOUN,20794
vigils,6488
vl,1310
valvular_NOUN,9005
verby,1603
venovenous,1037
vertigo_NOUN,4204
vise,12208
vaporisation_NOUN,1218
virginiana_NOUN,1592
vivacity,16452
viols,1188
vest_NOUN,69215
vehicles,427304
violaceum_NOUN,1045
voete,1101
vicarage,8713
v1_NOUN,4323
validated,109524
vested_ADJ,29606
variance_ADV,1860
viscera,13408
voltmeter_NOUN,5182
venipuncture_NOUN,3219
vocalizing,2443
vital_ADJ,531445
vehicle_NOUN,730817
vox_NOUN,2145
vegetarians_NOUN,11691
vivifying,2621
vernalization_NOUN,2271
verbër_X,2904
vasovagal_ADJ,1248
vertebræ_NOUN,2207
verging,7853
vacillation,5043
virginity,39801
voiceless_NOUN,7511
veshur,1330
virtualized_VERB,1104
valueadded,1801
vagabonds_NOUN,9633
venules_NOUN,4577
valgus_NOUN,9354
vasoactive,6014
victimized_VERB,22227
veky_ADV,1142
vicomte_NOUN,2332
vg,1654
vernacular_NOUN,68969
venture_NOUN,227800
versâ_ADV,1565
voyeuristic,5488
vegan_ADJ,5242
violaceous,1577
validations,3693
vomitus_NOUN,1409
vanishingly,3136
vesicular_ADJ,2138
visitations,8271
v._NOUN,86593
verbena_NOUN,2767
voracious,14927
validate_ADJ,1154
veggies,23019
viri_X,1829
ven_X,1703
vostre,1809
verges,4892
vertebral_ADJ,41702
viinitarhan_X,1080
velar_ADJ,2868
virions,4905
varicose_ADJ,5111
vacuum,201108
vt,15466
vacuum_VERB,5391
velour,2516
vidouce,2021
view_VERB,367448
verba_NOUN,1269
villus_NOUN,1212
vertically,77832
volubility_NOUN,3268
vibration,161950
vertel,2786
venomously,2079
voluntarist_NOUN,2059
volcanic_ADJ,69901
vocabulary_NOUN,232139
vocalic,2713
viable_ADJ,189239
vërtetën,1600
verbo,2962
varlet_NOUN,1957
valproate,6615
valenced,1834
varietal,5857
vertigo_ADV,5925
virens_NOUN,1286
vitiligo_NOUN,3462
veterinarians,11303
verloochenen_X,1689
ventriculoperitoneal,1211
ver_ADP,2262
valentines,1147
vitreous_NOUN,6203
vat,21167
vs_NOUN,30910
victualling,1557
venues,71177
variants,172779
vivacity_NOUN,16418
visibly_ADJ,1690