Wooden_NOUN,2717
Waterville_NOUN,2435
Wicksell_NOUN,1988
Waring,15085
Waka_NOUN,1592
Warming_VERB,7976
Wrangler_NOUN,4446
Weisman_NOUN,5017
Waltz_NOUN,14148
Wolong,1432
Willamette_NOUN,6323
Warbeck,1723
Wardrop,1513
Wulf_NOUN,14312
Wickes,2041
WRS,1207
Wn.2d_NUM,8698
Warrender_NOUN,1826
WEBSITE_NOUN,3091
Wieczorek,1529
Wale,1214
Whitford_NOUN,5831
Wincing_VERB,1110
Wójcik_NOUN,1568
Wang1_NOUN,1961
Whalen,7911
Wadden_NOUN,2009
Woodward,47874
Wahhabi_NOUN,4237
Warburton_NOUN,14237
WOC,1249
WPPSS,1393
What's_NOUN,1975
WPA,12388
Wharton,50345
Whitefish_NOUN,3691
Wesker_NOUN,1047
Wagoner_NOUN,2987
Waite_NOUN,12474
Winterson,3400
Warfarin,4667
Wrecked,1733
W'en,1522
Watercolor_NOUN,2314
WFD_NOUN,2721
Walras,2658
Wigglesworth,2512
Weakened_VERB,2241
Wrought_VERB,1243
WASHINGTON_NOUN,10720
Wigfield,2331
Worryfree,1305
Wulfson,1101
Wept,1551
Welty_NOUN,5128
Wins,9704
Wichita,13958
Working_ADJ,4826
WEO,3762
Wiggly,1230
Whale_NOUN,19548
WORDS,15400
Wirtz_NOUN,4290
Wholesome,1583
Wading_VERB,1120
Westman_NOUN,3256
Wallerian,1034
Whole_NOUN,8125
Wrongful,6850
Wexler_NOUN,7908
Weizman_NOUN,2740
Wendler,1386
Woloch_NOUN,1006
Weekly,93663
Wölfflin,1624
Whitmarsh,3107
Wapner_NOUN,1235
Weingart,2493
Werner,68315
WAX,1204
Wb_NOUN,1210
Wigs_NOUN,1069
WAVE_NOUN,6007
Weighed_VERB,1588
Wide,74755
Worster_NOUN,2451
WLR_NOUN,13907
Waylon_NOUN,3493
WDC_NOUN,1116
Walle,4029
Wor_NOUN,1186
Wanyue_NOUN,1495
Wangfei_NOUN,1131
Waterson,2339
Whereat_NOUN,1421
Wo_NOUN,6005
Welcoming_VERB,2650
Woo,25172
Whittier_NOUN,11576
WiTH,1046
Westdeutscher,1675
Woodburn_NOUN,2742
Weirdo_NOUN,1124
Wetzel,6200
Wagram_NOUN,2048
Waterworks,1704
Warnke,1754
Woking,2737
William_,1501
Waving_VERB,7817
Winterbourne_NOUN,3820
Wishful_ADJ,3152
Wataru_NOUN,1189
Wort,6458
Washakie,1759
Wunderlich,2952
Wn,9880
Waver,1565
Watsuji_NOUN,2733
Welwyn,1340
Webster_NOUN,114067
Wagg,1365
WPR_NOUN,1830
Wörterbuch,3010
Wolfstein_NOUN,1778
Wuji,10213
Westad,2109
Westerner,5802
Wrk_NOUN,2050
Whale_ADJ,2998
Why_ADV,3975053
WELL_ADV,8169
Woude_NOUN,1861
WSC_NOUN,3197
Wigan,5357
Wings_NOUN,35034
Wiggs,1430
Weddell_NOUN,2922
Words,172486
Willems,6530
Westra,2547
WISE_NOUN,5406
Warthin_NOUN,1646
WRI,2118
Walberg_NOUN,1256
Wertsch,2615
Wynton_NOUN,1084
Widom_NOUN,2138
Wimmer_NOUN,5721
Weinert,1774
WO_NOUN,17996
Wochenschr,4107
Wrestler_NOUN,1001
WALKING,5818
Waterfall_NOUN,7656
Wiccans_NOUN,2167
Wilsonian,3613
Windisch_NOUN,1277
Warby_NOUN,1183
Williston_NOUN,3630
WSDL_NOUN,2044
Wattie,1174
WOKE,5063
Wainwright,18827
WADA,3122
Wedged,1064
Wrought_NOUN,2250
Warin_NOUN,1480
Wroclaw,3778
Wardrobe_NOUN,5233
Worldview_NOUN,6574
Whispers,8012
Whigs,23802
Watty,1530
Wilmer,4311
Worldview,6797
Wohlstetter,1215
Winfree_NOUN,1635
Wiccan_NOUN,2075
WVS_NOUN,2284
Witzel,1734
Wholesalers_NOUN,1357
Wrecking_VERB,1707
Wheatsheaf,3439
Witek_NOUN,1032
Wellness_NOUN,15274
Weile,2590
Workhouse_NOUN,3223
Wearing_NOUN,4099
Wertheimer_NOUN,7215
WMS,2558
Whatever_ADV,34339
Walters,43571
Wiegmann_NOUN,1047
Wisely,4729
WSDL,2120
Wound_NOUN,18177
Westward_NOUN,2794
Wrong_ADJ,60702
Whitehall,27710
Whitson,3550
WK_NOUN,6904
Whitby_NOUN,12823
Wesleyans_NOUN,1484
Weck,1072
Weil_NOUN,27564
Wormwood,5061
WMS_NOUN,2464
Watershed_ADJ,1123
WRR,1132
WANTED,6194
Workflows,1757
Wittgensteinian_ADJ,2262
Wroe,1448
Wurst_NOUN,1433
Weindling,1011
Wire,28135
Wulin,1035
Wort_NOUN,5791
Wrobel,1245
Whittaker_NOUN,19208
Worshippers,1428
Woah,2892
Whampoa_NOUN,2098
Wanying_NOUN,3025
Waldseemüller_NOUN,1491
WN,7530
Wenxin_NOUN,1311
Welshmen_NOUN,1884
Wangari_NOUN,1134
Wheatcroft_NOUN,1040
WFC_NOUN,1162
Wuhai,5370
Whit_NOUN,14066
Wolves,23453
Westfall_NOUN,3706
Wanders,1087
Wujin_NOUN,3092
Westeros_NOUN,2315
Whitbread_NOUN,3162
Wooden_ADJ,17513
Wachovia,1365
Wagnerian_ADJ,2330
WCO,3976
Wycliffe_NOUN,5321
Wiggle,1236
Whitmore_NOUN,9804
Wendel_NOUN,3994
Walthall_NOUN,1164
Willemsen_NOUN,1327
Winehouse_NOUN,1053
Wishart,10439
Walraven_NOUN,1497
Wisse,2029
Wagons,2320
Woodson_NOUN,7490
Whisk_VERB,4370
WD,20367
WONDER,2884
Wigs,1081
Wyer_NOUN,2161
Weitzel,1440
Wally,26814
WToO_NOUN,1614
Women_NOUN,996846
Wooing,1676
Wess,1441
Wyn,8330
Wyandotte_NOUN,1497
Warriner_NOUN,3350
Weakly,4057
WRITE_VERB,5623
WHC_NOUN,2391
Watermelon_NOUN,6477
Wolfgang,56352
WORKED,2576
WRITER_NOUN,3455
Wellings,1069
Waterman,12689
Wadi_NOUN,14371
Weatherill,1833
What'd_ADV,6377
Wharf,15284
WISDOM,7084
Warlow,1734
WILLING,1562
Walking_NOUN,11577
Wallet,4403
Wheeler,78196
Wavell_NOUN,3120
Wiss_NOUN,2474
Wesker,1047
W3C_NOUN,3434
WISC_NOUN,5218
Weishaupt_NOUN,1446
W.R._NOUN,14803
Witold_NOUN,4667
Wenatchee_NOUN,1122
Wijdicks_NOUN,1239
WED,1418
Wiberg,1817
Why,3975393
Wrinkled,1199
Westheimer,1016
Wyrm_NOUN,1667
WSS,4239
Wallas,2532
Wangel_NOUN,1029
Worryfree_NOUN,1301
Writs,2437
Wissler,1033
WHOSE,2467
WOW,6476
Watching_NOUN,1083
Wieder_NOUN,2125
Wealth_NOUN,68734
Walling,3858
Walser_NOUN,3310
Waldeck_NOUN,2292
W.Va.,1742
Woodpecker_NOUN,3893
WLS_NOUN,2372
Weile_NOUN,2493
Winlow,1279
Works_NOUN,276606
Wavenumbers,1467
Wordpress,1066
WileyPLUS,1574
Woodall,3137
Waltman_NOUN,1140
Worm_NOUN,15381
Walloon_NOUN,3736
Wei'er,4692
Wren_NOUN,48357
Winston,108504
WITHIN,9336
Wagner,145349
Wenxiang,1360
Wakayama_NOUN,1324
Wiens_NOUN,2965
Wenling_NOUN,1547
Wenlong_NOUN,40618
Windisch,1279
WORKSHEET_NOUN,4158
WCED,2122
Wenceslas_NOUN,4783
Wold,4408
Wella_NOUN,1031
Wilden_NOUN,1104
WEE_NOUN,1577
Width_NOUN,14830
Wotton_NOUN,4962
Werner_NOUN,68256
Wolfson,9529
Weka_NOUN,1919
Wetland,6778
WATCHING_VERB,1908
Waldo_NOUN,26552
Wightman_NOUN,3458
Wycherley_NOUN,2097
Waldegrave_NOUN,1980
Whiteford,2006
WIDE,3517
Wang_NOUN,1147602
Wuthering_NOUN,6670
W.O.,3406
Westerly,2495
Warkworth,1484
Wrestler,1010
Wiles_NOUN,6616
Waseem,3657
Warby,1186
Waist_NOUN,3680
Wilkens,2118
Wrenching,1153
Wher,1436
Waveform_NOUN,3215
Wired_VERB,1554
Writing_VERB,141671
Weng,14159
Weights,12381
Wakes,2170
Whisky_NOUN,7256
Wykeham_NOUN,1402
Winter,234109
Wh_ADJ,1702
Wilmot,13729
Warton,4740
Wulf,14342
Webpage_NOUN,1139
Winkelmann_NOUN,2024
Welk_NOUN,1572
WOUNDED_VERB,1197
Webber_NOUN,20821
WASH_VERB,1088
Woolly_NOUN,1674
Worchel_NOUN,1084
Wettstein_NOUN,1815
Watched_VERB,5637
Wasser,3892
Wolman_NOUN,2428
Wissenschaftslehre_NOUN,2230
Wetherby_NOUN,2207
Wasps_NOUN,3817
Wesseling_NOUN,1058
Wakamatsu_NOUN,1211
WKH,9323
Watling_NOUN,3541
Wurzburg_NOUN,1154
Wachs,1444
Whitford,5842
Waite,12494
Wearily_ADV,2054
WTC_ADJ,1150
WANG_NOUN,5302
Waterside_NOUN,1895
Wolfowitz_NOUN,2097
Wines_NOUN,8545
WL,37615
Westin,5941
Wicksell,1998
Wickersham_NOUN,3636
W/cm2,1688
Warrisden,1283
Wallenberg,4788
Where'd_ADV,13637
WELFARE,2777
What_NOUN,76145
Waning_VERB,1853
Wangjing,1381
Wooing_NOUN,1333
Wadsworth_NOUN,21879
Waner,5181
Wass_NOUN,1818
Warring_VERB,1019
Warman_NOUN,1214
Wigram_NOUN,1747
Worshipful,2410
Wisse_NOUN,2025
Working_NOUN,311796
Waites,1033
Waterfalls,2301
Windt_NOUN,1337
Weaken_VERB,1648
Wiggin_NOUN,1755
Whooping,2019
WIDOW,1934
Washburn_NOUN,11456
Woodcock_NOUN,10334
WILD,9579
Whiteley_NOUN,5556
Welcome_ADJ,31960
Weatherman,1182
Weaver,53018
Webbs,1713
Welborn_NOUN,1225
Waziristan,2990
Whitehaven,1953
Walls_NOUN,37003
WITHIN_ADP,9063
Woke,2938
Warts_NOUN,1892
Warning_VERB,3519
Wainer_NOUN,1458
Woolworth_NOUN,4171
Walz,3169
Winifred_NOUN,17063
Waveland_NOUN,3403
Wielding,2359
Wees,2095
WORSE_ADJ,1578
Weisbrod_NOUN,1070
WASN_NOUN,1630
Whitacre_NOUN,1061
Whatever,473870
W_NOUN,1090905
WeWork,1175
Wield,3763
Waits,4410
Whose_PRON,94045
Waveguide,1722
W0_NOUN,1317
Waterborne,1467
Wortley_NOUN,5165
Wait_NOUN,2010
Wardell,1824
WHO,230169
Westmoreland,12916
Wide_ADJ,71677
Whoa_NOUN,4720
Wordless,2294
WESTERN,7450
Wegman_NOUN,1327
Winkelman,1840
Wick_NOUN,12197
Whores_NOUN,2132
Wampler_NOUN,1153
Wilkerson,5984
Wexner_NOUN,1369
Willughby,1120
Wushu,5090
Winchester_NOUN,57180
Weiland,2744
Würzburg,9693
W.A._NOUN,16557
Wills_NOUN,31620
Welcomed,1330
Wreck_NOUN,5618
WPATH,1042
Weiser_NOUN,9780
Walesa_NOUN,1493
Weihan_NOUN,1204
Wint,1030
War,2165596
Westerns,8612
WINDS,1306
Wolford_NOUN,2660
Wegener,10994
Wakeling,1102
Winged_NOUN,9794
Weeps,1303
Wrapping,12807
Whey,5608
Whew,11871
Wolfenbüttel,2112
Worse_ADJ,59925
Won_VERB,1931
Wieacker_NOUN,1609
WATCHED_VERB,3303
Website_NOUN,59096
Whorton,1033
Wahid,4721
Warham,1242
Waldock_NOUN,1134
WSI,1787
Whoop,1956
Winifred,17336
Wittrock_NOUN,1388
Willie_NOUN,85601
Wampanoag_NOUN,2580
Watercolour,1404
Wilbanks_NOUN,1247
Wait_VERB,330193
Wizard_NOUN,41220
Wearmouth_NOUN,1668
Wrongful_NOUN,2401
Wilby,1606
Widen_VERB,1598
Watie_NOUN,1139
Wretch_NOUN,2522
Wintour_NOUN,2423
Whitley,13623
Word2vec,1061
Watershed_NOUN,8755
WSPU_NOUN,1928
Welsch,2601
Wideman,1677
Weisbach,1046
Wissen,2937
WACC_NOUN,4608
Wither,2712
Whittingham_NOUN,2551
Wagman_NOUN,1032
WANTS,3188
Warns_VERB,3510
Walnuts,3529
Whitsun,2098
WSe_NOUN,1108
Wildl,4659
WICKED,2363
Wakabayashi_NOUN,2587
WHAT_NOUN,8042
Wastewater_NOUN,16767
Wiman,1255
WIPO,17868
Werkbund_NOUN,1158
WASP_NOUN,3732
Walsh,92775
Williams,557260
Warren_NOUN,221879
Wait_ADJ,6573
Wolfinger,1404
Wady_NOUN,4210
WEF,7379
Weare,1559
Westgate,4042
Without,792182
Wyrm,1696
Willoughby_NOUN,26491
Whittier,11699
Wounding,1018
Wrigley,11169
Wilms_NOUN,5484
Wha,10904
Willimon_NOUN,1004
Wallerstein,12147
Withington,1766
Winchesters,1592
Weighed,1588
Wooley_NOUN,1988
Weissmann,1633
Whore,6348
WCs,1782
Wanamaker,3499
Wayland,12399
Ways_NOUN,65565
Walmart_NOUN,28760
Whitcomb,5854
Wyatt,106700
Wickens,4475
Wadhwa_NOUN,2054
Work_VERB,57456
Wirkung,2186
Wege_NOUN,2304
W.W.,27694
Waltzing,1158
Witten_NOUN,5193
Woody_NOUN,31521
WELCOME_NOUN,4741
Whewell,4950
Weary,12176
Wojciechowski_NOUN,1229
WRR_NOUN,1033
Werk,5311
Watling,3565
Wanda_NOUN,31771
Wroth,3800
Whales_NOUN,7148
Wiccan_ADJ,2243
Weybridge,1850
Walkman,3901
WO3_NOUN,1168
Wollmann_NOUN,1087
Wuyang_NOUN,1213
Website_ADJ,1970
Wholeness,3872
Westray_NOUN,1780
Whirling_VERB,2212
Wattie_NOUN,1173
Wimsey_NOUN,5512
WOA_NOUN,1041
Wildlife_NOUN,73933
Whether_CONJ,2482
WEF_NOUN,6959
Wolfe_NOUN,63552
Wenxue_NOUN,2699
Walloon,3783
WCD_NOUN,1109
Whats,1282
WHICH_DET,25477
Waffles_NOUN,3171
Wafa_NOUN,1859
Wilby_NOUN,1602
Wilk,7303
WORKPLACE,2052
Wadham_NOUN,1880
Whittingham,2564
Winona_NOUN,14570
Walter_NOUN,431944
Wildness_NOUN,1323
Welte,1274
Willibald_NOUN,2257
WellBeing,1043
Worried,13431
Wuneng_NOUN,3225
Wicked_ADJ,24843
Writings_NOUN,93803
Wrongs,5429
Welborn,1244
Wrestling_VERB,2263
WATCH_VERB,1948
Wiesenthal,2152
Wenatchee,1174
WNT,3244
Woolard,2118
Wuhui,1210
Winans_NOUN,1981
WORKER_NOUN,2149
WEEKLY_NOUN,1699
Waldo,26572
Willen_NOUN,1263
Weill,7730
Welford_NOUN,2411
Weare_NOUN,1532
WAITER,1181
WEAKNESS,1097
WHOSE_PRON,2464
Wrath,18015
Wallick_NOUN,3083
Wencheng_NOUN,2927
Winant_NOUN,3757
Wenxiang_NOUN,1357
Wilno_NOUN,1072
Witney_NOUN,1177
Werfel,7041
Wikileaks,3255
WEBER_NOUN,1087
Willink_NOUN,1025
Wyndham,16936
Weltgeschichte,1042
Wiles,6638
Wuyang,1227
Warfare_NOUN,40786
Weilan,8515
Wijdicks,1239
WA_NOUN,65666
Wisner,4001
WIPO_NOUN,17430
Wests,1270
Wormwood_NOUN,5017
Wireshark,3433
WLAN_NOUN,5215
Weier_NOUN,1436
Worsley_NOUN,5637
WHATEVER,1756
Weiqing_NOUN,1742
Wicksteed,1132
Wilamowitz,1822
Withdrawal,20400
Wijck_NOUN,1065
Widmark_NOUN,1291
Wegg_NOUN,2908
WHERE,39931
Walsingham_NOUN,8421
Whedon,4223
Wendigo,1017
Wuxie_NOUN,3336
WRATH,1336
Weese,1086
WCTU_NOUN,1994
Wellbore,1121
Wittgenstein_VERB,3645
Wandering,22698
Whereupon_ADV,1622
WWOX_NOUN,1028
Wenguang_NOUN,2267
Whitman,53606
Winship,3524
Wong_NOUN,99081
Whitchurch,2466
Wears,3207
Wonders,13851
Wenyi,1821
Wintergreen,1369
WATCHED,3311
WILLS,1168
Warfield,7181
WHEAT,2111
Wildgoose_NOUN,1037
Wanjuan,1078
Wilentz_NOUN,1921
Whiteside_NOUN,6684
Wason_NOUN,2041
Watchtower,3698
Whitehouse,9572
Weekly_ADJ,7826
White_,1312
Waqf_NOUN,4525
Windhoek_NOUN,4391
Wanger_NOUN,1009
WRA_NOUN,3585
Warder,1935
Wycombe,2100
Watkin_NOUN,3424
WIN,7016
Wert_NOUN,3719
Woodard_NOUN,6609
Wettability_NOUN,1479
WENTY_NOUN,1566
Westphalian_NOUN,1342
Wonderful,41933
Weide,1121
WINDOWS_NOUN,2062
Wk_NOUN,1432
Wildly_ADV,2082
Wizardry,1176
Wanli_NOUN,3195
Waiting,67603
Waldman_NOUN,8895
Wadley,1985
Woolf_NOUN,58053
Wenner,3461
Werf,1974
Wittchen,1132
Wad,2794
Wels_NOUN,1106
Warrisden_NOUN,1259
Wiktor_NOUN,1548
Watteau,3318
Walczak_NOUN,1317
Weston,54225
Wofford_NOUN,2079
Waiting_VERB,35481
Waksman,1619
World_NOUN,2657343
Wahlberg,1871
Wilfried_NOUN,2764
Willard_NOUN,35255
Waterville,2436
Wiki_NOUN,6284
Whitehill,1025
WOLVES,1051
Wage_NOUN,30109
Waukesha_NOUN,1321
Whistles_NOUN,1336
Writ_NOUN,10921
Warwickshire,9185
Waser,1122
Woot,1376
Wissler_NOUN,1030
Wendell,31423
Wenxuan,3068
Weyden_NOUN,2175
WTO_NOUN,116427
Westad_NOUN,2104
Weekes_NOUN,4538
Windermere,6491
Warming,18911
WSN_NOUN,12887
Whiplash_NOUN,1282
Well_ADV,1004121
Whiteness_NOUN,17667
Willemse,1046
Wawona_NOUN,1245
Winfree,1636
Warships,2335
Wage_ADJ,1297
Wayman,1957
WORKSHEET,4254
Williamson_NOUN,74609
Wilford,5862
Weinberg,25263
Wallack,1526
Wiesel,10645
WSU,1287
WITCH_NOUN,3467
Wark_NOUN,3214
Wuwei,1210
WOA,1056
What_PRON,11146740
Wilkens_NOUN,2111
WELL_NOUN,7468
WMC,2234
Worshipful_NOUN,2266
WLP,1950
Wellesley_NOUN,14912
Wuthering,7214
Watson_NOUN,224451
Whist,2353
Walz_NOUN,3165
Wraith_NOUN,4863
Wes_NOUN,48312
Wranglers_NOUN,1941
WOB_NOUN,1178
Waltman,1142
Waterways,5930
Wuliang,2042
Winehouse,1067
WELSH_NOUN,1017
Wrenn,2417
Wilt_VERB,6099
Weyden,2261
Wiking,1532
Wemmick,2664
Whitlock,6330
WHERE_ADV,37876
Winnifred,2834
WING_NOUN,2204
Wilner_NOUN,1417
Wrobel_NOUN,1240
WEAR,2104
Wagon,11452
WSL,1475
Wittfogel,1072
Wain,3097
Westmorland_NOUN,3796
Willis,71713
WARWICK_NOUN,1296
Womersley_NOUN,1046
Weiler,7262
WHI,2140
Withrow_NOUN,1143
Westerly_NOUN,2254
Wildcats_NOUN,3907
Weightman_NOUN,1837
Wretched,8142
WCW_NOUN,1074
Wuyou_NOUN,16601
Woodman_NOUN,13482
Welcomes,3056
Wuyue,2900
Washington_ADJ,1588
Weller,18903
WIVES,1178
Weil,27613
Warangal_NOUN,1469
Weibo_NOUN,9361
Wilton,19761
Woolf,58235
Wrights,2967
Waynesboro_NOUN,1280
Wicke,1181
WORDSWORTH_NOUN,1165
Wycherly,1046
WINNER_NOUN,1525
Wenchuan_ADJ,1245
Wicke_NOUN,1177
Whitham,1028
WALKING_NOUN,2872
Wissenschaftslehre,2265
Wendat,1187
Wissenschaft_X,1556
Wald,18292
Wording_NOUN,1452
WN_NOUN,6952
Watermark_NOUN,1885
Whittington_NOUN,9998
Wasim,1200
Willemse_NOUN,1043
Wix_NOUN,4019
Wabanaki_NOUN,1194
WGI_NOUN,1535
Whoever_NOUN,26110
Wirral,1513
Wed._ADJ,2518
Wickman_NOUN,1151
Wenders_NOUN,1505
Woollacott_NOUN,1310
Wedges,1484
Winesburg_NOUN,1486
Wainamoinen,1611
Winnicott_NOUN,23618
Well_X,1430023
WF_NOUN,12980
Wix,4045
Warlock,5505
Waser_NOUN,1122
Wagga,2465
WE,101429
Whatmore,1748
Wisting,1406
Weightlifting,1047
Wiegman,1032
Whistleblower_NOUN,3216
Wakefield,25445
Wilkie,12757
WHEELS,1313
Wudang,1134
Winning_ADJ,2300
Wu_PRON,1250
Wail_NOUN,1308
Wednesday,159150
Watercolour_NOUN,1374
Who_PRON,1937951
Whiting_NOUN,14640
Watkinson_NOUN,1847
Widening,5869
Worshippers_NOUN,1319
Wasko_NOUN,1388
Weick,8838
Whom,49316
Warlocks_NOUN,1703
Westlake,5755
Wycherley,2108
Walid_NOUN,5353
Walle_NOUN,4027
WHILE_ADP,7734
Weitz,5678
Wh_X,10967
Walgreen,1072
Wyclif,4033
Wald_NOUN,18248
Whip,17490
WINDOW,3757
Woodlands_NOUN,5383
WS,34674
Wacquant_NOUN,8161
W.K.,6268
Waterfield_NOUN,2270
Withhold,2312
Wish_VERB,19591
WLS,2832
W.C._NOUN,15720
Woodfield,1907
WNV,3576
Warfarin_NOUN,4640
Whorf_NOUN,4072
Wrought,4128
Wrotham,1133
Wealthy,11518
WEBSTER,1306
Wertz,2388
Warne,4747
Warman,1215
WRONG_ADJ,7573
Worker_NOUN,44191
Waterfront,7475
Wisniewski,3619
Wismar,1211
WEP,4139
Woden,2149
WZO_NOUN,1191
Week_ADJ,1522
Warspite_NOUN,1075
Woodsworth_NOUN,1292
WTC,4775
Waddy_NOUN,1590
Weekend,12916
WBCs,4608
Willer,2542
Waves,46511
Withdrawals_NOUN,1580
Wireless_NOUN,50401
Wojtyła,1964
WINTER_NOUN,7960
Wenceslaus_NOUN,1704
Wayne_NOUN,134376
WASHINGTON,10797
Worth_NOUN,65417
Wilkerson_NOUN,5970
Witzel_NOUN,1728
Weena_NOUN,1285
W.N.,2858
Walley_NOUN,2840
Wuyan_NOUN,1529
Woolman,1585
WITHDRAWAL,1137
Wha_NOUN,1605
Wilkie_NOUN,12745
Wolverton,3010
Willcocks_NOUN,1949
Wernicke,8978
Winger_NOUN,2173
Wherefore_NOUN,19112
Worsted,1140
Whaddya_VERB,1086
WCS_NOUN,2502
Woe_NOUN,25740
Wiseman_NOUN,16312
WAC,8450
Weatherman_NOUN,1160
Wszakże_NOUN,1984
Waismann_NOUN,2450
WEKA,1908
Wilder_NOUN,40844
Waghorn,1469
Worry_VERB,12188
WPF_NOUN,1113
Wilhelmsen_NOUN,1064
Wisps_NOUN,2645
Wim_NOUN,6743
Weatherall,1699
WORK_VERB,6141
Walch_NOUN,2238
Wilson_NOUN,571301
WONDERS,1204
Wushang,4244
Wanless,1712
Web_NOUN,282083
Workingmen,1894
WGS_NOUN,6189
Winners_NOUN,9089
Whitley_NOUN,13596
Wrangell,1867
Warn,7504
Waldrop,2021
Weston_NOUN,54181
WCs_NOUN,1776
Wahhabism_NOUN,2777
Woozy,1033
Wendat_NOUN,1169
Wanderers,3921
Whiskey_NOUN,16402
With_ADJ,1061
Wellington_NOUN,71700
Wo,11278
Wentzel,2651
Weinbaum_NOUN,2090
Wallabies_NOUN,1069
Wenchuan_NOUN,1472
Wolong_NOUN,1421
Wynton,1085
Wirkung_NOUN,1487
Windows,193051
Workouts,1121
Wenjie_NOUN,1576
WBCSD,1271
Warton_NOUN,4727
Wescott_NOUN,2152
WOUND,1599
Wyss_NOUN,2763
Wests_NOUN,1254
Whitt_NOUN,3948
Wed_NOUN,17352
Wyandotte,1504
Weedon_NOUN,3544
WTI_NOUN,1794
Walloons_NOUN,1556
Wormald,2123
Whips_NOUN,1561
Wedekind_NOUN,4016
Waveland,3406
Wheal_NOUN,1727
Winner,17000
Wenham,3840
Wattles,1313
Winterton_NOUN,2729
Worthen,2682
Westphalian_ADJ,6367
Wai,10571
Wr,1286
Wenbin_NOUN,2475
Wethersfield_NOUN,1068
Wynter,9023
Wabi_NOUN,1184
Wagnalls_NOUN,1628
Whisperer_NOUN,2151
Whatman_ADJ,1006
Weiland_NOUN,2736
Wurm,2543
Wuming_NOUN,2910
Windhoek,4519
Weifeng_NOUN,1800
Way_ADV,6658
Wanna_VERB,2875
Warnings,8188
Wallner,1707
Wasp,8353
Warm_ADJ,48549
WM_NOUN,29975
Wynter_NOUN,8865
WEB_NOUN,12935
WARRANTY_NOUN,2332
Wolverine,6807
Woollett_NOUN,1126
Whigham,1128
Woloda_NOUN,1273
Wolfenden_NOUN,2129
WARNING,10211
West_,1134
Weiss_NOUN,77101
Windham_NOUN,5560
Wodehouse_NOUN,3409
Wenxuan_NOUN,3058
Wrangel_NOUN,3568
Wamba_NOUN,2318
Watchmen_NOUN,2570
Wroe_NOUN,1442
Wicca_NOUN,4954
Wm,28116
WSM_NOUN,1748
Washingtonians_NOUN,1054
Warner_NOUN,109511
Worrell_NOUN,2791
Worcestershire,13869
Wiccans,2179
WEALTH,3575
Will_VERB,768328
Wentzel_NOUN,2640
WIVES_NOUN,1177
Wakeman,3033
Woodward_NOUN,47622
Warmed_VERB,1409
WRATH_NOUN,1336
Wirtz,4301
Wuwu_NOUN,1020
Westheimer_NOUN,1000
Waltz,14161
Weheliye,1462
Well_ADJ,86070
Wani,4687
Windmills_NOUN,1400
Wargrave,1665
Wrzesniewski,1457
Weitzman,4056
Wuhen_NOUN,3616
Womanism_NOUN,1106
Wilber,8353
Wholesale,12637
Warranties,2745
Wikipedia_NOUN,60748
Weavers_NOUN,4780
Warlords,1699
Winterson_NOUN,3389
WiMAX,1683
Wagyu,1034
Wanru,3366
WAYS,6242
Writing_NOUN,148166
WEBER,1103
Wason,2047
Wolverhampton_NOUN,6882
WENDY,1710
Wyden,1302
Where'er,1477
Wigglesworth_NOUN,2506
WOMAN,26017
Wondering,13362
Wesleyan,22360
Whichever,17836
Warrington,12391
WONDER_NOUN,1910
Wargrave_NOUN,1645
WORSHIP,3750
WESTERN_ADJ,1742
Windle_NOUN,3421
Wenar_NOUN,1082
Wagnerian,3846
WPT_NOUN,1702
Wallach,6602
Walbridge,1117
Walnuts_NOUN,3522
WrestleMania,1482
Wimborne_NOUN,1135
Weighs,1068
W.H._NOUN,23800
Wiped,1770
WVS,2430
Weekday,2108
Wully,1518
WW,23645
Waterproof_NOUN,1577
Workup,2089
Weaken,1648
Winfried_NOUN,2965
Wards_NOUN,5535
Wieser_NOUN,2651
Watchful,1881
Woodpecker,3903
Wicks,6229
Whiz,3893
Wireless,51688
Wim,6966
Wyche,1070
Willits,1524
Womens_NOUN,2822
WT,31985
Willy_NOUN,37878
Watford_NOUN,4175
Wolverines_NOUN,1931
Wufeng,14668
Wolfers_NOUN,1796
Werth_NOUN,3600
WikiLeaks_NOUN,12113
Wilhelmshaven,1187
Wakes_NOUN,1810
Widespread_ADJ,13594
Wendling_NOUN,1554
Wiig_NOUN,1152
W.B._NOUN,15377
Wentz_NOUN,2784
Watkins_NOUN,46334
Witkin,2285
WIDE_ADJ,2932
Wohlforth,1604
Wolstenholme_NOUN,1401
Wild,178598
Walled,5965
Wogan_NOUN,8539
We,15512157
WFTU_NOUN,2732
Weingarten_NOUN,3224
Waffen_NOUN,3885
WDI_NOUN,2036
Wurst,1448
Weekends_NOUN,2616
WANTS_VERB,3129
Westerman,2492
Wiegman_NOUN,1031
Waxman,7519
Winds,16850
Weber_NOUN,175307
Westray,1895
WISCONSIN,1174
Wendover_NOUN,5668
Weinfeld,1761
Welk,1576
Womersley,1049
Wender,1359
WBRT_NOUN,2685
WARRANTY,2336
Wardlaw,3090
Withholding,7022
Wenchen_NOUN,8940
Wilks_NOUN,7608
Welfare,133984
Wretch,2821
Weinreb,1969
WORLD_NOUN,52441
Woodhead_NOUN,10806
Weissman,7250
Weisser_NOUN,1422
Water_NOUN,685749
Waldorf,12071
WARRANTIES_NOUN,2276
Welker_NOUN,3332
Whitelock_NOUN,1825
WPPs,1035
Weyrich,1241
Wandsworth,3053
WARRIORS,1062
Woodley_NOUN,5693
Weatherford,3217
Waking,13206
Walker,287172
Wedding_NOUN,31178
Wolak,1056
WALL,8954
Woodbridge,18320
Wadia,1374
Willa_NOUN,25482
Waldrop_NOUN,2020
Wils,1625
Wheaton_X,1044
Weigert,1628
Wallich,1304
Worm,15400
Wladimir,1487
Wildness,1423
Willd,2017
Wey_NOUN,2294
WRITER,3459
WHAT,135263
WAL_NOUN,1660
Wombat,1059
Wuxie,3336
Walcott,8982
Wight_NOUN,16178
WITH,204955
Whaling,8005
WNT_NOUN,2368
Wallingford_NOUN,12072
Witte_NOUN,15179
Warley,1890
Wanjiang_NOUN,2287
Warrender,1829
Winograd,2874
Wanwan,5860
Widgets,2196
Westernisation,1000
Westerham,1601
Wit_NOUN,21388
Willesden,1625
Wellman_NOUN,10574
Whoops_X,1893
WARD,3696
Wrocław,5468
Warbler,7865
WEA,3494
Whole30_ADJ,1257
WTrO_NOUN,1295
Winthrop,26826
Walton,55011
Wheatcroft,1042
WATER,32296
WORKS,16601
WMH_NOUN,1015
Wabash_NOUN,10902
Wigan_NOUN,5332
WOM,2480
WMI_NOUN,1552
Wolfy,1396
Wertham_NOUN,2178
Watterson,2438
Wis,5670
WRA,3627
Whirl_NOUN,1347
Warde,3837
Weyl_NOUN,13680
WUAs_NOUN,1361
Westlands,1092
WALKER_NOUN,3598
Woolwich,6729
Watchful_ADJ,1003
Washburne_NOUN,1451
Wessels,3946
Workmen,6347
Weick_NOUN,8829
Wiggins_NOUN,19228
Washing_NOUN,6295
Wotan_NOUN,3822
Workshop_NOUN,105848
WY_NOUN,6997
Worksheets_NOUN,3540
WAEMU,4101
Wir_NOUN,2663
Wierzbicki,1061
Worden_NOUN,6277
Waldemar_NOUN,6209
Wraps,2870
W.J._NOUN,27156
Wolman,2437
Wyrd_NOUN,1078
Wyse,3117
WMI,1583
Westchester_NOUN,10518
Wimberly,1009
Warhol_NOUN,15971
Wolinsky,1013
Wasson_NOUN,4427
Willer_NOUN,2533
Wengert_NOUN,1085
Wordsworth_NOUN,64090
Wedgewood_NOUN,1289
Worte,1275
Walzer,10473
Wolde_NOUN,1851
Wig,2080
Willets,1292
Wolfhart_NOUN,1397
WC1B,1806
Wept_VERB,1551
Waheed_NOUN,3509
Waldheim,4419
Waldmann_NOUN,2094
WEE,1652
Wilfrid,17992
WWTP_NOUN,3045
Winnetou,1017
Walde_NOUN,1159
Wash,46699
WEEKLY,2205
Wolfowitz,2115
Westergaard,1631
W1_NUM,1264
Wuyou,16899
Wherry_NOUN,1877
WiFi_VERB,1496
Wolff,50623
Wipe,9668
Weiser,9843
Wholesalers,1365
Winny,2771
Whistle_NOUN,5316
Workbook_NOUN,10372
Wahhabis,1343
Westen,3365
WOMEN_NOUN,24171
Warily_ADV,1293
Walther_NOUN,18427
Wallingford,12096
WLAN,5690
Wiser,3094
Wheatstone_NOUN,3347
Waterston,1645
WQ,1287
Wattles_NOUN,1303
Weimar_NOUN,45144
WEBB,1013
Weinberg_NOUN,25225
Wattenberg_NOUN,1872
WV_NOUN,7993
Weiwei,14217
WSNs,6921
WELL_ADJ,2007
Wadham,1894
WASD_NOUN,1942
WEAPON,2224
WOODS,3127
WH_NOUN,19758
Westermarck,4223
Waiter_NOUN,5417
Wavelet,9368
Wohlstetter_NOUN,1205
Weal,1854
Winnington_NOUN,1535
Wok,1092
Wages_NOUN,33797
WPPs_NOUN,1003
Willner_NOUN,2112
Widowhood,1094
W.I._NOUN,1917
Wiesner,4802
W._NOUN,2115190
Welle_NOUN,3430
Wherein,9552
Webber,20872
Werther,6904
Wanyang_NOUN,4036
Wees_NOUN,2039
Wilkin,2352
Wider,9636
WileyBlackwell,2719
Whitlam_NOUN,4786
Wotton,4978
Winona,14618
WDM_NOUN,5537
Whereas,204724
Woodin,1307
Wenzhou_NOUN,4074
WiFi,14373
Widiger,2305
Wildly,2082
Wala_NOUN,2451
Wash.,19663
Waksman_NOUN,1617
Wolterstorff,4180
Wladimir_NOUN,1486
Wedderburn_NOUN,4162
Wen_NOUN,188287
Woodbridge_NOUN,18247
Wind,177935
Wigfield_NOUN,2330
Warsaw,97928
Wardle,8476
Walk_VERB,76445
WAW,2034
WHEREAS_ADP,2637
WSA_NOUN,1643
Warn_VERB,7159
Wray_NOUN,10362
WW1,1223
Winged,11628
WF,14051
WIC,6645
Wanner_NOUN,2723
Wives,22947
Weierstrass_NOUN,3640
W3,4035
Wilbur_NOUN,27208
Wolfhound_NOUN,1849
Webley_NOUN,2219
Welty,5140
Worked,16013
Willcox_NOUN,3099
WEDM,1305
Windt,1339
Withdrawn_VERB,2372
Wallington,1614
Whisky,7262
Wenbo,1464
WFS_NOUN,1274
Weevil,1499
Woodlawn,2355
Wortham_NOUN,2204
Woodie_NOUN,1056
WMDs_NOUN,2215
Went,32536
Warehousing,2730
Ware,36163
Wainamoinen_NOUN,1608
Weed,17934
Wenger,15800
Weirdo,1132
Wende_NOUN,2578
Westover,2996
Whitehurst_NOUN,1948
Warners,1844
Wherewith,1481
Wilfred,29333
Wedderburn,4213
Wurster,1597
Wenwu_NOUN,1548
Wölfflin_NOUN,1597
Withdrawing_VERB,3014
Westlaw,3850
Wish,36731
WER_NOUN,1209
Wissenschaft,13328
Walbrook,1193
Whoopi,1449
WEAKNESS_NOUN,1097
Wolff_NOUN,50453
Wuu_NOUN,2654
Wrecker_NOUN,1623
WARP,1675
Womb,3905
Wragg_NOUN,1603
Watertown_NOUN,4619
Width,15516
WSW_NOUN,1546
Weimarer_NOUN,2161
Wenjing,1125
Whitmer_NOUN,3171
Westwood_NOUN,12074
Whimpering,1062
Wastes_NOUN,13309
WIRE_NOUN,2284
Waardenburg,1334
Wetlands,15999
Wadden,2012
Wenliang,7326
Wooldridge_NOUN,4901
Winder_NOUN,7152
Wenn,4202
WIA_NOUN,1940
Workers_NOUN,191723
Westdeutscher_NOUN,1672
WWW.GWHIZBOOKS.COM,1813
WHETHER_NOUN,1602
Westmoreland_NOUN,12884
Wolfman_NOUN,2166
Wilcox,32571
WinBUGS,1239
War_ADJ,7865
Wuxin,1181
Wenlong,40622
Wauchope_NOUN,1482
Woe,26542
WILLOW,1439
Wotherspoon_NOUN,1088
Wampum_NOUN,1243
Wilhelmstrasse,1136
Weddell,2941
Washed,3700
Whang_NOUN,1442
Way_NOUN,280948
WNL,1228
Willis_NOUN,71562
Waddell_NOUN,8128
Williamsport,2408
Widmark,1297
Woolhouse_NOUN,1055
Wilmet_NOUN,1006
Wolfenstein_NOUN,1624
Wellings_NOUN,1069
Wilsons,2991
Water_ADJ,1918
Wylde,2626
Wimmer,5740
Walcheren_NOUN,1305
Warrick_NOUN,5195
Wataala,1283
Wicklow,4612
Westergaard_NOUN,1601
Wadi,14495
Waldseemüller,1493
Wistow_NOUN,1015
WPD_NOUN,1293
Wijck,1073
Wishes_NOUN,4030
Wing_ADJ,1811
Wæver_NOUN,1875
Wildflowers,1657
Wires,4091
Whit,14458
Wasserstein,4064
WALKER,3610
Wiseman,16785
Waar,1757
WORKOUT,1390
Wishes_VERB,2277
Worthy_ADJ,13561
Wissen_NOUN,2753
Wrist_NOUN,7508
Weinreich,3006
Winters_NOUN,26112
Wels,1114
Wardour,2692
Wes,49163
Witton_NOUN,1316
WOMAN_NOUN,25953
Waris,1387
WEBSITES,2175
WSL_NOUN,1412
Warburton,14269
Waldemar,6209
Wennberg,1319
Why'd_NOUN,1216
WEDM_NOUN,1276
Wing_NOUN,73017
Woodcut_NOUN,1060
W/m2_NOUN,2991
Weinstock,4435
Whetstone_NOUN,2665
Wag,1921
WISE,5632
Winckler_NOUN,1760
Warspite,1089
WORRY_VERB,1575
Winterbottom,3129
Warrens_NOUN,1717
Witch_NOUN,63243
Woods_NOUN,116248
Wilmet,1007
Worse_ADV,2456
Widodo,1646
Wed,30603
Wady,4258
Wahrheit_NOUN,3686
William,1551658
Wyeth,5731
What've_VERB,1188
WEEK_NOUN,14195
WEO_NOUN,3592
WILLING_ADJ,1562
WORKSHOP_NOUN,2487
Waltham_NOUN,12112
Whatsoever_ADV,5574
Waukesha,1348
Winter_NOUN,233832
Wenna,1594
Weidner_NOUN,2766
Weimer_NOUN,3472
WALKING_VERB,2813
With_ADP,4269672
Willard,35414
Whitwell_NOUN,1633
Weinrich_NOUN,1242
Wollaston,4502
Weibull_NOUN,14278
WNW,1107
Weismann_NOUN,4280
Welshmen,1900
WRC,3829
Weinstein_NOUN,34635
Wk,1484
Widdowson,3946
Wingrave_NOUN,1203
Wards,5539
Witty_NOUN,2403
WORKER,2161
Wyke_NOUN,1960
Worthies,1754
Wu_VERB,1567
Wellfleet,1412
Wnt_ADJ,3610
WATERS,3234
Workbox,1019
WE_PRON,101301
Widiger_NOUN,2304
Wile_NOUN,1701
Widely,8893
Wanting_VERB,27777
Wasserstrom_NOUN,2213
Wavelets,2574
Whitechapel,9650
Wundt,7489
Weigand,2570
Waltheof_NOUN,1255
Waqf,4541
Westphal,6678
Weitzer_NOUN,1271
Wako_NOUN,1013
Windelband_NOUN,1305
Wendell_NOUN,31320
Waxmann_NOUN,1358
Wycliff,2524
Weifei,1211
Wasserstein_NOUN,4050
Waorani_NOUN,4032
Witherspoon_NOUN,8766
W3C_ADJ,1216
Waterford,11528
Walbridge_NOUN,1117
Whitefriars_NOUN,1058
WRIGHT,3110
What've_ADV,1063
Westmacott,1644
Watt,48985
Wook,1540
WSU_NOUN,1282
Wawa,1245
WFD,2766
Wittrock,1390
Where_ADV,1806114
WELLS_NOUN,2692
Weiner,24870
WAYS_NOUN,6240
Whispered,2522
Weyl,13780
Weaknesses,10716
WLM_NOUN,3184
Weizman,2758
WARMING,1045
W.-C._NOUN,1372
WU,6570
Württemberg,9715
Website,62438
Wilberforce_NOUN,13217
WRITING,12507
Want_NOUN,4486
Wehmeyer_NOUN,1517
Workflow,9998
Waldensians_NOUN,1113
Wegmann,1127
Weapon_NOUN,27127
Warley_NOUN,1889
WENDY_NOUN,1710
Worked_VERB,16013
Wala,2691
Wurm_NOUN,2518
WIREs,1193
Weighing_VERB,7277
WZ,2026
Whitestone_NOUN,1372
Wham,2703
WU_NOUN,6328
WorldCom_NOUN,3065
Windrush,4066
WEALTH_NOUN,3575
Wangchuk_NOUN,1256
Walbrook_NOUN,1192
Waited_VERB,4098
Wednesdays_NOUN,9325
Wiklund,2128
Whitaker,25416
Whither_NOUN,9419
Wednesday_NOUN,159136
WWW_NOUN,8191
Waterbury,4907
Wifey_NOUN,1389
Wilbraham,2587
WILD_NOUN,7817
Woolston,1236
Winny_NOUN,2763
Whitstable_NOUN,1437
Wenk_NOUN,1300
White_ADJ,198758
Wachovia_NOUN,1361
Weinfeld_NOUN,1760
Winans,2002
Workload,6728
Wyrick,1019
Weavers,4810
WINDS_NOUN,1145
WIM_NOUN,1796
Whitehead_NOUN,51834
Whateley_NOUN,1556
Williamsburg,16842
WITCH,3468
Whilst_NOUN,12259
Wengert,1087
Worms,15218
Welte_NOUN,1252
Weaving_VERB,4845
Wandel_NOUN,4201
Waldenses,1128
Wallenstein,6600
WIA,1945
Wirtschaft_NOUN,4840
Waltke,2056
W.L.,11141
Wander_NOUN,4517
WALLS_NOUN,2447
Workshops_NOUN,15883
WCL,3703
WTP_NOUN,7197
WITNESSES_NOUN,2140
Willibald,2266
Walesa,1498
WEEKS,5635
WTP,7384
Wrinkle,1913
Wozniak,4926
Wranglers,1956
Waco_NOUN,16837
Waites_NOUN,1031
Watchers,10204
Wrexham_NOUN,2155
Wesleys_NOUN,1117
Wirel_NOUN,3966
WOLF,6008
Waldensians,1116
Wark,3222
Wooster,5681
Well_NOUN,385268
Warcraft,3719
Wilbert,2925
Wand,5597
WPD,1444
Wickramasinghe,1958
Wordless_NOUN,1960
Wicksteed_NOUN,1125
Wachter_NOUN,3671
Winfred_NOUN,1004
Wilson,572633
WG,15012
Wanyu_NOUN,2615
WWW,8222
Willpower,1884
WhatsApp_PRT,2742
WASD,1957
Warschauer,1862
Wigner,8055
WST_NOUN,1056
Welsh,118838
Wojciech_NOUN,3718
Wertsch_NOUN,2608
Woman_NOUN,264459
Whiteley,5565
Wine,76431
Wałęsa,2200
Walworth,3155
WA,65971
WALK_NOUN,4611
WHIP,1490
W/cm2_NUM,1048
Wessex_NOUN,13802
Weaker,3230
Weeden,2038
WILPF_NOUN,1471
Whirlpool_NOUN,3144
Welch_NOUN,46491
Workout_NOUN,4955
Willetts_NOUN,2453
WPW,1877
Westermann_NOUN,4528
Whipping_VERB,3406
WMD_NOUN,8814
Weinberger,12731
WILDLIFE,2470
Wallpaper_NOUN,2087
Wiberg_NOUN,1815
Wart_NOUN,2201
Wilkinson,63935
Wolfson_NOUN,9511
Wendling,1567
Wirz_NOUN,1572
Widodo_NOUN,1636
WARM_NOUN,1230
WM_X,1603
Waveforms_NOUN,1311
Wada,8695
Wherry,1889
W.T.,8201
Whys,1560
W.-H._NOUN,1301
Windmills,1407
Wired,16032
Word_ADJ,2689
Werfel_NOUN,6992
Wasserman_NOUN,12809
Wolfinger_NOUN,1397
Waismann,2509
WANTED_VERB,6121
Werke_NOUN,15852
Warbeck_NOUN,1719
Wroclaw_NOUN,3761
Walkman_NOUN,3883
WMA,2955
Wau_NOUN,1555
Waveform,3234
WILLS_NOUN,1085
Weizenbaum_NOUN,1112
Walvis_NOUN,1097
WIFI_NOUN,1197
WAY,30421
Wenk,1301
Woon_NOUN,2123
Wasserstrom,2219
Wipf_NOUN,10922
Wigand,2230
Webern_NOUN,2765
Whewell_NOUN,4899
Welle,3466
WEKA_NOUN,1809
Wisp,2385
Wuppertal,2468
WOULD,18623
W.-J.,1088
WASH,5520
WSD,1550
Wheaton_NOUN,17209
Watkins,46421
Winch_NOUN,5720
Walsham,2448
WV,8087
Wormald_NOUN,2119
Wyo.,11007
Westernization_NOUN,5899
Wellcome_NOUN,9869
Whitefriars,1060
Woodville,4639
Writes,6787
Wanna_NOUN,11960
Wojciechowski,1234
Wig_NOUN,1975
Write_NOUN,13737
Wynkyn,1078
Walkley_NOUN,1121
Walkers_NOUN,5982
Witt_NOUN,24611
Wikimedia_NOUN,15699
Wanderlust,1061
WT1_NOUN,1577
WORKSHOP,2502
Witek,1040
Welf_NOUN,1462
Wensleydale_NOUN,1200
WAG,1294
Wellcome,9891
Walrasian,2360
Worthington_NOUN,18833
Worley_NOUN,6232
Wendland,1833
Westerweel_NOUN,1163
WestBow,2695
WINGS_NOUN,2314
Wakely_NOUN,1042
Wanting,27782
Williamstown_NOUN,4300
W.Va._NOUN,1742
Whanganui_NOUN,1271
Workfare,1050
Wachtel_NOUN,3935
Wesen,4715
WINDSOR_NOUN,1103
Whistling_NOUN,2322
Wanxiang_NOUN,1267
Weise,4414
Win_VERB,34916
Waitrose,1813
Whittlesey,2195
Wien_NOUN,26349
WO_VERB,3030
Whoosh_X,7630
W.N._NOUN,2855
Walzer_NOUN,10442
Wallop,1360
Wilmott_NOUN,1230
WASTE,5948
Westernized_ADJ,3672
WRITINGS,1841
Warmth,15215
Wiwa_NOUN,1896
Wat_NOUN,21967
WUAs,1394
Wet_ADJ,19979
Winding_VERB,8062
Weidenfeld_NOUN,11895
WW2_NOUN,2721
Whelton_NOUN,1224
Witwatersrand,6211
Woude,1933
Wampanoags,1541
Wheatland_NOUN,1459
Wadhwa,2060
Warblers,2350
Wullie,1433
Wilcock_NOUN,2062
Wayward,3195
Walters_NOUN,43534
Welker,3336
Wh_NOUN,5657
Weigel_NOUN,5429
Wednesbury,1549
Walraven,1497
Wuhai_NOUN,5368
Würtemberg_NOUN,1170
Walks,13944
Wallner_NOUN,1706
WORLD,53095
Wb,1232
Weese_NOUN,1056
Wodehouse,3437
Willys,1270
Whilst_ADP,75088
W.J.,27195
Whoo,1928
Where'er_ADV,1291
Weller_NOUN,18884
Webb,92128
Wy_NOUN,1369
Worms_NOUN,15192
Wile,1792
Wegener_NOUN,10961
Whom_PRON,49308
Watts_NOUN,71470
WCA_NOUN,2977
Worsening,2147
Westport,34185
Workload_NOUN,6529
Waddington,9333
WCF_NOUN,2116
Wauchope,1500
Walbank_NOUN,1082
Worried_ADJ,2591
Waymo_NOUN,1335
Woodcuts_NOUN,1776
WASPs,1386
WP_NOUN,20690
Weird_NOUN,1422
Weight_NOUN,96898
Wealth,68807
Wirel,3966
Welcoming_NOUN,3115
Wacker_NOUN,4175
Wallop_NOUN,1359
Walk_NOUN,29445
Wilhelmshaven_NOUN,1170
Wickedness_NOUN,2761
Wills,32040
Weimar,45236
Wha_X,6788
Witches_NOUN,22668
W.S._NOUN,13855
Wudi,3350
WIDTH,1299
Winton,7258
Witherington,5182
Woman,265623
W.V._NOUN,2154
WDI,2077
Withdrawals,1583
Wither_NOUN,2384
Watching_VERB,77210
Wenzheng,1291
Wegmann_NOUN,1105
Wesen_NOUN,3833
WAAC,1240
Walpole_NOUN,28324
Wid_NOUN,2699
Wraith,5019
Werbner_NOUN,1398
Winnicott,23821
WhatsApp,19657
WORKING,11465
Wickliffe,1271
Wurzel,1128
Wastes,13596
Waltheof,1255
W.D.,20904
Wege,2659
Wentao,20191
Willimon,1015
Werken,1069
Woah_X,2130
Wyllie_NOUN,2556
Weyer_NOUN,2223
Woodfall,1065
Wallace_NOUN,187053
Walthamstow_NOUN,1435
Wyndham_NOUN,16736
Wipro_NOUN,1488
Whitehaven_NOUN,1891
W.-J._NOUN,1088
Wise_ADJ,2644
Wenli_NOUN,1121
Woodburn,2765
Wigman,1472
Walia,1601
Writs_NOUN,2406
Woolsey,3350
Wilner,1421
Weedon,3554
Woven_VERB,2744
Wind_ADJ,36322
Whatmore_NOUN,1551
Wikileaks_NOUN,3163
Woon,2158
Wafer_NOUN,3173
Windward,4061
Woolworths_NOUN,2218
Watches,4086
Wheelock,3758
Wenya,5077
W.T._NOUN,8171
Whitehall_NOUN,27338
Weinman,1115
Wace,3902
Winn_NOUN,11967
Washingtonian,1107
Wansink_NOUN,1514
WPs_NOUN,1053
Waley_NOUN,2078
Wardes,3350
Welsh_NOUN,118567
Wordplay,1079
Worde,1803
Windle,3454
Wallman,1245
Worksheets,3694
Willink,1034
Weiyang,5087
Wainer,1461
Welt_NOUN,14923
Word,429451
Wochenschrift_NOUN,1725
W2,7831
Walmer_NOUN,1125
WHOM_PRON,3851
WWI,10230
Woody,33712
Woodhull_NOUN,3822
Witnessing,8518
Woodyard_NOUN,1095
Whippy_NOUN,1077
WAITED,1603
Wiped_VERB,1770
Wiklund_NOUN,2128
Waiters,2985
WHEN_ADV,55974
Warre,1344
Worn,6751
Wakeman_NOUN,3031
Westernism,1074
Watteau_NOUN,3288
WKB,1882
Wegner_NOUN,7186
Willkie,3482
Watford,4218
Wilds,2610
Walia_NOUN,1601
Wt_NOUN,5527
Winkelman_NOUN,1830
WIL_NOUN,2188
Watching,78624
Why're,1317
Woolman_NOUN,1579
WTF_NOUN,2107
Workgroup_NOUN,1838
Wretched_ADJ,8123
Wolf,229594
Wedekind,4058
WWTP,3048
Wildfires,1513
Wehrmacht_NOUN,19972
Walla,5964
Wao_NOUN,2374
Wasp_NOUN,8163
Withered_NOUN,1294
Wissenschaftliche,4638
Wardour_NOUN,2657
Wenar,1087
Wille_NOUN,5280
Watermarking_NOUN,2249
Wenlin,1788
WRONG,7779
Wondering_VERB,13361
Welding,12929
Wyckoff_NOUN,2521
Whisper,8700
Weaving,10578
Wet,36173
WeChat_NOUN,12261
Wife,85167
Wahhab,1686
Winfrey,8289
Wittelsbach,1438
Wa_NOUN,16898
Wetzel_NOUN,6195
Watch,177609
WKDW,1260
Wook_NOUN,1538
Woodcuts,1779
Wartburg,2289
Whispering_VERB,7679
Wyoming_VERB,3842
Witter_NOUN,2755
WEC,2460
Watanabe_NOUN,27410
Wondered_VERB,2435
Willison_NOUN,1084
Whateley,1586
Wessely,1451
Whorton_NOUN,1026
Watercress,1802
Wilken_NOUN,4554
WARWICK,1355
Waltke_NOUN,2056
Wolters,18049
Westervelt_NOUN,1298
Waking_VERB,12523
Wearily,2124
W_,1029
Wanner,2728
Wendong,12138
Wolverines,1937
Wittgensteinian,3332
W.E.B.,5379
Warr,5293
Webster,114212
Walford,4136
Wang,1147787
Wassermann,1900
What're_ADV,3729
Weird,23442
Weyer,2224
Winstanley_NOUN,4928
Wyse_NOUN,3066
Wedge,8375
Wat,25706
Woodgate,1278
WS2,1435
Withdrawing_NOUN,1179
Wakanda,1781
Westaway_NOUN,1199
Wittenberg_NOUN,14250
Wellens_NOUN,1256
WHEN,56071
Whitby,13423
Wurzel_NOUN,1035
Willet,6849
Westfield_NOUN,5453
Williamsport_NOUN,2398
Wolter,3531
Wyoming_NOUN,60126
Weizmann,9748
WHR_NOUN,1347
Wifi_NOUN,1453
Wrap,20879
Were_VERB,302540
Walder_NOUN,2867
WHITE_NOUN,22272
Washburn,11475
Walnut,22264
Woodside,4642
Women,998174
Waltons,1011
Warlpiri,2234
Westcott,9161
Wilson_,1333
Wrap_NOUN,12340
Warde_NOUN,3830
Wester,2832
WHACK_VERB,1003
WI,31369
WCD,1144
Wilmette_NOUN,1100
Waffle,2986
Wiliam,3598
Whitsuntide,2207
Wilbert_NOUN,2909
Winsor,3861
Weeping_VERB,6199
Wedding,31196
Wonderland_NOUN,19103
Warburg_NOUN,20378
Wolfers,1808
WNP_NOUN,1127
Witness_NOUN,53879
Wickman,1153
Waimea,1382
Warcraft_NOUN,3693
WING,2294
Why'd_ADV,3881
Wenders,1526
WHOM,3854
Wavy_NOUN,1727
Wenhao,3250
WINE,9305
Wormley_NOUN,1128
Wendover,5860
Woodstock_NOUN,19926
Womanism,1107
Winne_NOUN,1229
Wait,338807
Went_VERB,32515
Wendy,108289
Woke_VERB,2937
WHEREFORE_NOUN,1589
Ward,203019
Wyllard,1379
Watcher_NOUN,7213
Woland,1231
Wieviorka,1066
WRB_NOUN,1785
W.-Y.,1001
World_,6088
Wenzhou,4181
Whereat,2990
Wickfield,1188
Workman_NOUN,8829
Wizardry_NOUN,1103
WORKED_VERB,2573
WileyPLUS_NOUN,1531
Watercourses_NOUN,3227
Wushu_NOUN,5060
WUE_NOUN,2039
Whitelock,1827
Woodford_NOUN,9170
WMC_NOUN,2216
Wanyi_NOUN,5371
W.A.,16723
Willkie_NOUN,3461
Wasik,1457
Wenjun,1785
Weak_ADJ,45668
Wageningen,8178
Weatherill_NOUN,1832
WARC,1364
Wysocki,2151
Wister,2050
Wan,158316
Wiedemann,5535
WOODEN,1026
WMD,9560
Weizsäcker_NOUN,3057
Weaker_ADJ,3229
Welzel,2528
Was_VERB,1074223
Willebrand_NOUN,7877
Wasko,1389
Wertham,2187
Westward_ADV,4113
Wedlock_NOUN,3940
Woolston_NOUN,1233
Wheatland,1470
WEDDING_NOUN,5398
Wushi,1005
Wildcat,6518
Within,570873
WGA_NOUN,1717
Warrington_NOUN,12277
Weissberg_NOUN,2125
Wan_ADJ,1228
Wenja,2138
Weakland,1027
Weigh,7111
W.W._NOUN,27649
WORKS_VERB,4910
Wildflowers_NOUN,1626
Wuyi,1141
WWI_NOUN,10222
WWF_NOUN,11117
WEIRD,2637
Westminster_NOUN,126624
Watzlawick_NOUN,1490
Whole_ADJ,85755
WHALE_NOUN,1311
WoS_NOUN,1838
Wenlin_NOUN,1788
Waterside,1930
Willem,25295
Weakened,2464
Wheels_NOUN,12860
Walkley,1124
Wittfogel_NOUN,1057
WCS,2533
Worst_ADV,7292
Waimea_NOUN,1379
Winkle_NOUN,8496
Watchers_NOUN,10192
Wittelsbach_NOUN,1301
Whiskey,16439
Woodpeckers_NOUN,1227
Weberian_ADJ,6604
Wrapped,8893
Whittlesey_NOUN,2187
Wenqing,2619
Wratha,1040
Waver_NOUN,1244
Wojciech,3728
Walpole,28379
Welf,1630
Wow_NOUN,21300
Wightman,3467
WannaCry_NOUN,2065
Winslow_NOUN,24684
WANT,23330
Whitey_NOUN,8770
Wander,5194
Wittig_NOUN,4708
Weld,10731
Worcester,44737
Walvoord_NOUN,1176
Whar,1690
Warehouse_NOUN,13036
Warin,1482
Wisely_ADV,4728
Wolfgang_NOUN,56285
Winne,1242
Wellhausen,3104
WO_ADJ,2274
Welshman_NOUN,5700
Whiter,1106
Workgroup,1876
Wukong,2988
WZO,1208
Webley,2219
Whidbey,1014
Wende,2840
Warkentin,1175
WQ_NOUN,1285
Wanyan_NOUN,4418
Wiredu,2103
Whether_NOUN,76293
Weser_NOUN,2182
Waze,1505
WileyBlackwell_NOUN,2717
Wayside_NOUN,2204
WORLDS,2417
WARREN,2744
WATSON_NOUN,3878
Wakamatsu,1215
Willingly,3975
WEDNESDAY,4975
Wałęsa_NOUN,2200
Whistling,4897
Wai_NOUN,10505
Whosoever_NOUN,4762
Wiebe,6206
Woollett,1135
WTA,3898
Wushuang,9146
Wintour,2427
Wyckoff,2540
Würzburg_NOUN,9660
Wend,1049
WAG_NOUN,1231
WINDOWS,2062
Wellek_NOUN,1439
Withered,1698
Waldinger_NOUN,1819
WINS,2110
Whitmarsh_NOUN,3099
Wetter_NOUN,2546
WALT,1607
Woland_NOUN,1229
Weapon,27140
Waldron_NOUN,17608
W5_NOUN,1373
Welland,5169
WBRT,2772
Wackernagel,1551
WM,32005
Warping,1290
WIG,1009
Wuu,2789
Wiley,339206
Wolfenbüttel_NOUN,2101
WHAT_DET,39973
WEI_NOUN,1599
Warminster_NOUN,2049
WX_NOUN,1594
Westboro_NOUN,1866
Window_NOUN,42448
WP_X,1175
WG_NOUN,14848
Whoever_PRON,84625
Willingham_NOUN,4186
Weisheit_NOUN,1873
Wilentz,1923
Wier,1179
Weill_NOUN,7593
Wolpert_NOUN,3146
Wetmore_NOUN,2543
Winger,2183
WHR,1423
Wondered,2435
Wharf_NOUN,15004
Wasatch_NOUN,2036
Workout,4959
What_DET,1224899
Wieland_NOUN,8343
Workbook,10580
Whitworth,8006
Westberg,1336
WAVES_NOUN,3153
Wring,1452
Work,601702
Wildl_NOUN,4653
Walras_NOUN,2639
Wash_VERB,23628
WITNESSES,2154
Whitefield,12533
Werewolves,2966
Ward_NOUN,202679
Work_NOUN,541963
Wardle_NOUN,8463
Wind_VERB,14378
Weights_NOUN,12343
Walgreens,2812
Watermarking,2390
Wanderers_NOUN,3878
WEAPONS,2658
Welding_VERB,1167
Whoops,4031
Władysław_NOUN,2282
Wattenberg,1875
WOOD_NOUN,7769
Wrath_NOUN,18006
WERE,24555
Waging_NOUN,1561
Wampold,2770
Writing,290995
Waterson_NOUN,2336
Watchdog,2522
Wallerstein_NOUN,12121
WOW_NOUN,2767
WMO,8530
Weatherall_NOUN,1692
Weidner,2770
Waiting_NOUN,32076
WESTMINSTER,1086
Whately_NOUN,3072
Westhaven,1260
Würtemberg,1175
WSF,1726
Windmill,4285
Wess_NOUN,1143
WARNING_NOUN,9893
Wp,1283
Whisperer,2203
WB,32725
Waseda,3553
WARRANTIES,2289
Weale_NOUN,1927
Weinreich_NOUN,2998
Werker,1900
Wan'er_NOUN,14877
Weevil_NOUN,1444
Watercolor,2344
Willesden_NOUN,1615
Wuthnow_NOUN,2766
Walthall,1170
Ws,3969
Worley,6247
Westernized,4932
Witt,24829
Walls,37045
Winstone,1711
Wenceslas,4788
Worn_VERB,5872
Wissenschaften,8513
WILDERNESS,2412
Wilmore,2832
Weitzel_NOUN,1437
WATERS_NOUN,3231
Withering_NOUN,1258
Westphalian,7737
Waterfall,7873
Waxing_NOUN,1135
Weatherby,2277
Wildwood,3016
WSS_NOUN,3971
Wojcik_NOUN,1921
Welcomes_NOUN,2349
Woodin_NOUN,1304
Willig_NOUN,2033
Warned,3172
Wederom_X,1130
WEBRELATED_NOUN,1256
Wulfson_NOUN,1101
Witham_NOUN,3325
Willowbrook,2107
Whistleblowers_NOUN,1500
Winchelsea,2186
Waleed,1213
Wildeman_NOUN,1128
Wyllard_NOUN,1332
WOLVES_NOUN,1037
Whence_ADP,3485
Wilsons_NOUN,2987
Wexner,1372
Weigl,1153
Wisden_NOUN,1396
WMO_NOUN,8440
Whetstone,2835
Woodard,6642
WMN,1231
WCAG_NOUN,1551
Watch_VERB,83123
Weisse,1434
Womanhood_NOUN,4902
WCTU,2082
Winemaker_NOUN,1658
Webbe_NOUN,1414
While,3016792
Whig,35877
Wooldridge,4914
Wires_NOUN,4089
Wessel_NOUN,6336
Wagg_NOUN,1360
Willaert,1186
Wittek,1547
WHISKEY,1093
Westernized_NOUN,1051
Waitangi,3625
Winkelmann,2033
Worrying_VERB,4587
WSI_NOUN,1774
Wiedmann,1263
Wench,1092
Wrestling,9660
Wayback,1695
Waikiki,2936
Wiesel_NOUN,10622
Wollaston_NOUN,4489
Warenne_NOUN,1094
Wire_ADJ,1681
Westerhoff,1217
WEEKEND_NOUN,1110
Washoe_NOUN,2598
Wulfstan_NOUN,3872
Whoa_X,39909
WolfStar,1712
Wiggs_NOUN,1423
Walsingham,8431
Wilhelmine,3926
Waseem_NOUN,3648
Withhold_VERB,1708
WAITED_VERB,1603
Warping_NOUN,1143
Welt_X,4085
WEEKS_NOUN,5606
Weiner_NOUN,24824
Whitgift,1495
Ways,65615
Westphalia_NOUN,12861
WELCOME,5977
W4_NOUN,1554
WET_ADJ,1358
Willingness_NOUN,7308
Wellness,15513
Wodak,5769
Womens,2889
Winsome,2241
WASPs_NOUN,1386
Wagenaar,2308
Wack_NOUN,1214
Wernher_NOUN,2712
Whither_VERB,1785
Wuwei_NOUN,1205
Wayne,134511
Wakeling_NOUN,1098
Whichever_DET,17055
WHL,1029
Workflow_NOUN,9667
Wimbush,1162
WINDSOR,1107
Wahrheit,4258
Wataala_NOUN,1283
Wisp_NOUN,2313
WHICH,25497
WTE_NOUN,1878
Wen,190485
WHO_PRON,229640
Weald,3719
Workes,1122
Willow,80515
Waugh_NOUN,16504
WCO_NOUN,3955
Woolfe,1110
Web,282508
Wavefront,1034
Wolffe,1121
Weitz_NOUN,5669
Woods,116459
Wakeham_NOUN,1154
Watrous,1319
Wetlands_NOUN,15912
Wad_NOUN,1736
Wesel_NOUN,1568
Wydawnictwo_NOUN,4248
Witnesses,34778
Walgreens_NOUN,2809
Whoa,45667
WISH_VERB,2159
Warschauer_NOUN,1862
Wellingtons_NOUN,1072
Wiesner_NOUN,4797
Weiming_NOUN,1286
Wallis_NOUN,40173
Wuthnow,2789
Waste_NOUN,106636
Wilderness,42782
Wise_NOUN,81948
Wallis,40205
Wellbore_NOUN,1091
Welded,2413
Wp_NOUN,1251
Winning,25604
Weygand_NOUN,1083
Wimpole,2228
Weintraub_NOUN,6678
Winton_NOUN,7202
Whiston,2985
W.D.N.C._NOUN,1303
Weisser,1423
Willig,2038
Wilbraham_NOUN,2542
W3_NOUN,2963
WJE_NOUN,2501
Women_,1332
Wished_VERB,1848
Waechter_NOUN,1039
Worf_NOUN,1150
Woolcock_NOUN,2098
Wishing_NOUN,1449
Willey_NOUN,5362
Watzlawick,1497
Widespread,13594
Wartenberg_NOUN,1523
Wenyuan_NOUN,2693
Wolski_NOUN,1061
Watsons_NOUN,2441
Westland,3873
Widgets_NOUN,2142
Watering,3429
Winks,1688
Whitefish,3798
Weifei_NOUN,1195
Win_NOUN,9370
Withheld,1138
Wafers,1617
Waibel,1302
Wael,1893
Wildeve_NOUN,2332
Wilde,61674
Weekly_ADV,1041
Wenfeng,1021
WAIS_NOUN,4174
Wujing_NOUN,1073
Wallace,187275
Watkinson,1850
Wernicke_NOUN,8372
WAVE,6042
Wahoo_NOUN,1101
Wrecking,1708
Wiping_VERB,9141
Wv_NOUN,1448
Wangfei,1133
Wands_NOUN,3910
Wescott,2158
Whew_X,11132
Waveguide_NOUN,1698
Wilcoxon,8339
Walks_NOUN,5022
Westervelt,1304
Whitehorse,2875
Willson_NOUN,9379
Wirt_NOUN,3134
Winchelsea_NOUN,2183
Wanda,31786
Woden_NOUN,2103
WB_NOUN,30252
Weihaiwei,1091
Wissenschaftliche_NOUN,4633
Welton_NOUN,3280
Williams_NOUN,555860
Wearable,9381
Wadsworth,22052
Wilmore_NOUN,2817
WTC_NOUN,3587
WHIP_NOUN,1440
Wirth,11141
Wittig,5122
Woollen,1960
World_ADV,6775
Withania,1669
Weir_NOUN,22690
Wend_NOUN,1003
WPW_NOUN,1789
Wishbone,1120
Weeds,6964
Wehner,3081
Warrick,5209
Weasel,6204
Witness_VERB,5123
Weismann,4300
Wehner_NOUN,3074
Westview_NOUN,35270
Wallach_NOUN,6592
Wheat_NOUN,43257
Wouter,3607
Wrexham,2197
Warwickshire_NOUN,9101
Wakely,1045
Warrendale_NOUN,1182
Whither,13424
Wn_NOUN,9747
Weirdly,1972
Wanwan_NOUN,5860
WIN_VERB,4855
Wunsch_NOUN,3687
Wachtel,3939
Wengui_NOUN,1035
WWTPs,2141
Weave_NOUN,3120
WCC_NOUN,5623
Wrote_VERB,9193
Wagon_NOUN,11445
Waited,4099
Walt_NOUN,84909
Wave,85595
Wolters_NOUN,18037
Wounds_NOUN,12484
Wulan_NOUN,3277
Westman,3274
W.O._NOUN,3395
Weems_NOUN,5285
Whatsapp_NOUN,1498
WALTER,6055
Weltkrieg_NOUN,3058
WUNT_NOUN,4005
Witte,15207
WILL,67690
Workplaces_NOUN,2412
Wylie_NOUN,14986
Waitress_NOUN,1302
Wuchereria,1001
Witnessing_VERB,8507
Wujin,3097
Wilders_NOUN,3750
Wentworth,29467
Westerweel,1164
WELFARE_NOUN,2771
W.M.,13269
Warring,8584
Whereas_ADP,204719
Welding_NOUN,11646
Weatherly,1612
Weintraub,6689
Wertheim,3195
Wade,108341
Wannier_NOUN,1034
Workhouse,3241
Walser,3315
Whitehorse_NOUN,2686
Westerlund,1945
Whelan,11995
Walgrave,1310
Watches_VERB,1980
Winwood,2848
Wr_NOUN,1073
Willing_ADJ,11635
Warrants_NOUN,3996
WRF,2643
WRITTEN_VERB,7399
Wilma,14456
Wendot_NOUN,1364
Whitton,2775
Walla_NOUN,5946
Westbourne_NOUN,1833
WSIS_NOUN,1327
Washington,1436616
Woodhall,1348
Wimsey,5516
Woodland_NOUN,13014
Western_NOUN,562898
Winters,26416
Wadia_NOUN,1372
Wolcott_NOUN,6154
WEP_NOUN,3804
Wellfleet_NOUN,1400
Willing,12031
WANs,1157
Wiz_NOUN,1384
Warenne,1097
Whiteman,5981
Wouters_NOUN,5571
Warszawa_NOUN,6990
WID_NOUN,1557
WSW,1778
WORDSWORTH,1177
Wittenberg,14283
Weaver_NOUN,52582
WordNet,4295
Wick,12264
Whalley_NOUN,6692
Wyman_NOUN,10698
Wisconsin_NOUN,154454
Winkel,2799
Waterston_NOUN,1644
Westerham_NOUN,1595
Wincing_NOUN,1347
Wholly,3627
Wallerian_NOUN,1021
Warmer,3072
Wagman,1032
WIDER_ADJ,2423
WHEREFORE,1681
Won,21236
Winkler,20863
Wangchuk,1256
WON,2503
Whereabouts_NOUN,1947
WOS,1380
Wheatley,13839
Wehler,1092
Whisk_ADV,3843
Walks_VERB,8911
Wherever,66893
WORTH_NOUN,4850
Wieacker,1612
Wissenschaft_NOUN,11686
Wojnarowicz_NOUN,1235
Westerlund_NOUN,1942
Welfare_NOUN,133532
Well,2905789
Wamesius,1172
Weibo,9380
Weisskopf,2058
Wield_NOUN,3456
Watan_NOUN,1105
Wigand_NOUN,2221
Wielding_NOUN,1394
W.Y.,3086
Warum_NOUN,1058
WSP_NOUN,2782
WARRIORS_NOUN,1062
Whittington,10013
Wanqing,22438
Welch,46563
Warranty,9177
W.F._NOUN,9403
Wingrave,1209
Wansink,1514
WATCH,7327
Wallet_NOUN,4399
Wahhabis_NOUN,1339
Walkowitz,1918
Whim,1377
Weingast_NOUN,3064
Wraiths_NOUN,1514
WAIS,4207
Wishful,3159
Wc,1192
Watchtower_NOUN,3694
Weiming,1286
WORSE,1601
Wudang_NOUN,1111
Warden_NOUN,26890
Wales_NOUN,276516
Witnessed_VERB,1331
Wetherell,4829
Waddell,8139
Wincing,2474
Watsons,2443
WAKE_NOUN,1680
WARRIOR,2377
Westview,35378
Warrior,56022
Wanyu,2615
Witness,59081
WITHDRAWAL_NOUN,1135
Wulfstan,3907
Whipped,4666
Wattle_NOUN,1241
Weinman_NOUN,1111
Woolgar,3246
Wilts,2729
Warblers_NOUN,2349
Wistow,1016
Weisse_NOUN,1432
WWC,1058
Wiley_NOUN,339033
Wambach,1209
Wildcats,3911
Wendt_NOUN,8979
Wordplay_NOUN,1055
Wittmann,3019
Weatherhead_NOUN,1393
WSe,1323
Westfalen_NOUN,1513
WORK_NOUN,35089
Wannabe_NOUN,1134
Whiteman_NOUN,5939
Wessex,13975
Wikis_NOUN,1083
Witnesses_NOUN,34751
Wenfeng_NOUN,1020
Westerner_NOUN,5699
Waldock,1138
WebMD_NOUN,1526
Weidong,1900
Wears_VERB,3203
Wagener_NOUN,2290
Westerbork,1855
Wellingtons,1073
Walk,105961
Wuji_NOUN,10197
WWW.GWHIZBOOKS.COM_NOUN,1813
Windrush_NOUN,3867
Whitesides_NOUN,2046
WALK_VERB,4450
Woloch,1008
Wah,11785
Weininger,2013
Wada_NOUN,8684
Winstanley,4939
Wenhua_NOUN,2126
WPC,4624
Wrede_NOUN,2393
Willow_NOUN,79727
Wittman,2240
Washer,1637
Wooler,1032
WNBA_NOUN,2092
Westmacott_NOUN,1644
WES,4367
Wheelwright,3129
Whoso_NOUN,3119
Wrecker,1637
Wadud,1355
Willingness,7342
Worldwide_NOUN,39249
Wopsle_NOUN,1157
War_,2328
Whiten,2049
Weatherbee_NOUN,1102
Wieser,2658
Winther,2276
Worries,3884
Wendong_NOUN,12135
Woollcott_NOUN,1153
Wol_NOUN,1483
W.I.,1934
Wickens_NOUN,4473
Wiedemann_NOUN,5521
Wehrli,1381
Wo_X,3077
Whitsun_NOUN,2093
Wylie,15098
Wendler_NOUN,1386
WAF_NOUN,1809
Whirlpool,3250
WAT_NOUN,3290
Willebrand,7897
Wiltshire_NOUN,16216
Wie_NOUN,10773
Wemmick_NOUN,2611
Wayward_NOUN,2409
Wulff_NOUN,4421
Witter,2757
Westmore,2504
Winning_NOUN,1607
Worchel,1085
Winge_NOUN,2619
WINDOW_NOUN,3757
WOW_X,3595
Walderhurst,2207
Whitewater,2799
Wahlen,1170
Wengui,1035
Woodman,13510
Winterbottom_NOUN,3108
Wenwen_NOUN,3711
Walrus_NOUN,3240
Wonka_NOUN,1877
Woll_NOUN,2191
Wie,10786
Wittek_NOUN,1545
Whittle_NOUN,6941
Westhead_NOUN,1020
WFP,5294
Whip_NOUN,16773
Wilf_NOUN,5637
Wondrous_ADJ,1171
Witty,2467
Wenjing_NOUN,1125
Whymper_NOUN,1260
Wisteria,2588
Weakness_NOUN,13703
Walrus,3242
Walkinshaw_NOUN,1297
Wangyang_NOUN,1876
Wigmore,5316
Wentian_NOUN,3514
WHS_NOUN,4917
Watchman,6562
Watters,3805
Wuxi,2593
WALES,2247
WEEK,14362
Were,302805
Weighted_ADJ,18493
Warmer_NOUN,1785
Wiedmann_NOUN,1262
Wahab,3887
Westerbork_NOUN,1850
Winchell,3238
Workshop,106191
Wilamowitz_NOUN,1593
Wordlessly,3728
WAGE,1112
WEIGHT,7292
Wrestling_NOUN,7377
WebMD,1579
WOUND_NOUN,1112
Wi_NOUN,77284
Wicca,4970
WIS,2095
WHAT_PRON,87184
Weier,1439
WEDDING,5402
Werther_NOUN,6694
Warning_NOUN,39763
WOC_NOUN,1210
Wenguang,2269
Wyden_NOUN,1268
Walpurgis_NOUN,1145
WOB,1206
Wooster_NOUN,5659
Wilfred_NOUN,27611
WEC_NOUN,2275
Wee_NOUN,17214
Word_NOUN,426419
Woodbine_NOUN,3082
Worldwide,39761
WORKOUT_NOUN,1390
Wojtyla,1135
Wants,16911
Winners,9105
Wednesbury_NOUN,1528
Whiplash,1345
Wortham,2231
Wouldst_VERB,2183
Whereupon_ADP,15944
Wilke_NOUN,4824
Wachowski_NOUN,1219
Walvoord,1176
Webpage,1190
WAT,3393
Wenqing_NOUN,2619
Warehouse,13048
Weinbaum,2091
WINSTON_NOUN,1048
Wayfarer,1851
WON_NOUN,1826
Winge,2621
Woolworths,2238
WC_NOUN,27482
Wolak_NOUN,1052
Witch,63304
Windy,9982
WOUCHER_ADJ,2446
Weakland_NOUN,1023
WORD,16902
Withering,1646
Weightman,1839
Wedgwood,7740
Wyck_NOUN,2882
Willison,1084
Witkin_NOUN,2278
Waitrose_NOUN,1782
WRI_NOUN,1922
Walmsley,4340
What've,2274
Whips,1574
WPA2_NOUN,1109
Workbench_NOUN,2286
Wilhite,1535
Wyck,2923
Worship,44860
WAGNER,1344
Waters_NOUN,81654
WAY_NOUN,29744
WWR_NOUN,1187
Watson,224696
Waterhouse,10900
Weberian_NOUN,1194
Whitworth_NOUN,7943
Whalers_NOUN,1342
Wound_VERB,9255
WILSON,6768
WestBow_NOUN,2690
Warlord_NOUN,6842
Walkerdine,1252
Wart,2201
Waxler,1161
WANT_VERB,22417
Weisman,5030
Wynne_NOUN,17503
Wright,289035
Weaning,2795
Wolfrum,2675
Wegerif,1468
Wichmann,2387
Whittle,6950
Weizmann_NOUN,9491
Wherefore_ADV,17752
Weeping,9466
W._,1768
Wendland_NOUN,1809
Wool,14092
Wilkes,26459
Withdrawn,2373
Waibel_NOUN,1302
Wildland,2129
WELSH,1017
Warkworth_NOUN,1480
Wunderwear_NOUN,1066
W0,1874
WRITERS,3324
Word2Vec,2085
Wingo,1293
Wrote,9196
WBA_NOUN,2280
Waivers_NOUN,1994
Winkie,1648
Womack,6381
Westside_NOUN,3220
WGI,1560
Widener,2824
What'd_VERB,6836
Warlord,6858
Wizards,7186
Wudao,1009
WET,3264
Wenn_NOUN,2240
Wrong,61178
Waldeck,2293
Wicker,5980
WI_NOUN,31315
Wow,178357
Wernher,2723
Wanyang,4037
WAAC_NOUN,1237
Watery,3546
WPS,6944
WebGL,1287
Wrecked_VERB,1664
WAITING_NOUN,4049
WEU_NOUN,5614
Wollen_NOUN,1306
Wounded_VERB,20727
Winstead,1784
Wilkins_NOUN,57407
Wingspan,1053
What'd,13628
Walcheren,1305
Weisheit,2227
Wroth_NOUN,3766
Wetland_NOUN,5415
Workbench,2288
Warkentin_NOUN,1175
WX,1750
Wendi,1728
Widening_VERB,5361
Wicks_NOUN,6212
Wack,1218
Wyre_NOUN,1257
Wrinkled_ADJ,1046
Wesleyan_NOUN,19677
WEEE,7215
Watery_NOUN,1357
WESTMINSTER_NOUN,1068
Workouts_NOUN,1080
Winwood_NOUN,2846
Wimbledon_NOUN,12066
Wachter,3677
Woodbine,3121
Wentz,2790
Wold_NOUN,4400
Warwick,56760
Wool_ADJ,1194
Wilber_NOUN,8304
WP,22606
Wilt,13848
Westberg_NOUN,1334
Wynn_NOUN,22323
WINDY,1074
Waiters_NOUN,2985
Wurster_NOUN,1588
Which,1018369
WAL,1660
WPA_NOUN,12244
Wrens,1677
Wireshark_NOUN,3381
WHALE,1710
Wildfire,5292
Whence,21062
Wenyi_NOUN,1808
Wynd,1366
Wrenn_NOUN,2398
Wynn,22445
W.E._NOUN,12069
Wyman,10839
Wabash,11008
Walberg,1258
Winchesters_NOUN,1573
WEAR_VERB,1280
WCA,2994
Wagnerian_NOUN,1504
Waxler_NOUN,1161
WO3,2055
Wayland_NOUN,12348
Wilhelmine_NOUN,3627
WBC_NOUN,12553
Wheeled,1411
WHI_NOUN,2107
Waterfowl,1860
Weiguo_NOUN,1410
WBA,2304
Wellbeing_NOUN,13684
WeWork_NOUN,1143
WHOLE,7913
Wasif,1277
WFM,1095
WHC,2556
Woodroffe,1757
Watchmaker_NOUN,1252
Wells,153309
WH_ADJ,1090
Wants_VERB,16272
Walmer,1125
Weathering_NOUN,2966
Willatopy,1336
Weihaiwei_NOUN,1091
Wavenumbers_NOUN,1466
Where're,2205
Wenyuan,2722
Wrongdoing,1261
Weigert_NOUN,1625
With_NOUN,22231
Wiggle_NOUN,1204
Wilhite_NOUN,1528
WRITINGS_NOUN,1840
W.G.,11273
Wikipedia,61427
Weft,1417
Wynd_NOUN,1329
Whatley_NOUN,2894
Wint_NOUN,1023
Wildfire_NOUN,5175
Welcome_NOUN,89869
Wands,4182
WARP_NOUN,1445
Willows,6115
Writers_NOUN,70382
WAIT_VERB,5215
Wenzhao,2810
Whelan_NOUN,11754
Weser,2306
Wilmington,26458
Wapiti,2093
Washington_NOUN,1433982
W.R.,14818
Written,97998
Weltkrieg,3118
Windsor,60613
Weeps_NOUN,1127
Watersheds,1436
Widom,2153
WY,7131
Wenliang_NOUN,7326
WATER_NOUN,32120
WATSON,3879
Wardens,4747
Weiss,77201
Wimpole_NOUN,2220
Wardwell_NOUN,1234
Weltanschauung_NOUN,3610
Wu,632114
Waterloo_NOUN,44002
Woessmann,1190
Websites_NOUN,15714
Waterway,3264
Wounded_ADJ,1506
WALKED,4389
WAVES,3154
Whist_NOUN,1591
Wis_NOUN,4495
Whate'er,2106
Wounded,22286
Wiebke,1104
Wingate_NOUN,11560
Wörterbuch_NOUN,2719
Werewolf_NOUN,5100
Wintergreen_NOUN,1333
Wooding,1025
Wahrnehmung_NOUN,1030
WAI,1964
Whyte_NOUN,18995
WPT,2525
Woodford,9243
Wolfy_NOUN,1395
Wolf_NOUN,229314
WHILE,9552
WORM,1468
Woodall_NOUN,3123
WH,21965
WLR,13994
Waitz,1488
Wulff,4444
WS_NOUN,31048
Wn.2d,8712
Wendt,8996
Wolfenstein,1644
Whicher_NOUN,1067
Wishes,6317
Winick,1020
Westhaven_NOUN,1229
Wieck_NOUN,1186
Wolinsky_NOUN,1012
Wer_ADJ,1310
W.E.B._NOUN,5379
White_NOUN,1079268
Webbs_NOUN,1712
WORKING_VERB,2386
Weeding,1406
Where'd,14512
Weisskopf_NOUN,2049
Woo_NOUN,25010
Wych_NOUN,1417
W.B.,15402
WPPSS_NOUN,1282
Wilders,3784
Westover_NOUN,2901
Weymouth,7706
Worlds_NOUN,59251
Works,290379
Would_VERB,743967
Weasel_NOUN,6083
Wandering_VERB,7623
Wall,268727
Wollongong,3562
Willen,1475
Woodhull,3938
WEDNESDAY_NOUN,4975
Wakayama,1324
Winfield_NOUN,11972
Waghorn_NOUN,1468
Winterfell,1029
Windus,7896
Wexler,7920
Wethersfield,1078
Woodcock,10388
WSPU,1948
Wangari,1135
Wroblewski,1010
Waveney,1338
Wszelki_NOUN,1737
Wimpy,1338
Wallflower_NOUN,2761
Why'd_VERB,5642
Weide_NOUN,1103
WiFi_NOUN,12321
Winnebago,4957
WWW.NETCOMICS.com,1228
Warp,4625
WACC,4658
Wool_NOUN,12867
Westernised,1174
Williams_,1400
Wavelets_NOUN,2572
Wapping_NOUN,2953
Wareham,3320
Wanyan,4420
Wynona,3073
W.-H.,1305
W.P.,6958
Wenzel_NOUN,9103
Wieringa_NOUN,1172
Wolfie_NOUN,2589
Weigh_VERB,7109
Wine_NOUN,76353
Wilczek_NOUN,1764
WHILE_NOUN,1747
Waste,107442
Wellington,71767
WICKED_ADJ,2362
Weder,1039
WebSocket,1446
Wives_NOUN,22937
Wan'er,14938
Wearing,27285
Wash_NOUN,23052
WATCH_NOUN,5370
Wenwu,1596
Woodie,1064
Wraps_NOUN,2280
Worlds,59300
Wanton,2009
Wilderness_NOUN,42689
WAR,42193
Wiesbaden,25424
Woolfolk_NOUN,1838
Woodpeckers,1230
Welling,5141
Wallick,3090
Whiles_NOUN,1222
Wehmeyer,1518
Wildman,4582
Wifi,1511
Watsuji,2752
Wied_NOUN,1356
Westbury,4014
Willingham,4199
Witkowski_NOUN,1638
Widow,30523
Whores,2150
Withers_NOUN,10651
Wuwuwu_NOUN,1389
Widerstand,1723
Whitchurch_NOUN,2418
Whatsoever,5577
WEU,5852
Wisniewski_NOUN,3615
Warmed,1459
Wigner_NOUN,8030
WEATHER,3993
Wildeman,1129
Widowed,2288
Witches,22761
Wucheng,1184
Words_NOUN,172287
Wonder_ADJ,11306
WJ_NOUN,23869
Widmer_NOUN,2833
WOODS_NOUN,3119
Watkin,3432
Wyat_NOUN,1937
Warnecke,1000
WBG,1661
Wolffian,1760
Weekends,2632
Witnessed,1331
Wechsler_NOUN,11928
Wakeham,1155
Weidenfeld,11906
Warhol,16032
Weimer,3477
Waterhouse_NOUN,10886
Wanyi,5373
Webb_NOUN,91601
W.H.,23813
WAF,1818
Wanqing_NOUN,22433
Worship_VERB,2582
Whoosh,8653
Wartburg_NOUN,2260
WSD_NOUN,1498
Wittgenstein_NOUN,75331
Wooler_NOUN,1025
Wiliam_NOUN,3584
Wythe_NOUN,2859
WWR,1189
WWOX,1034
Woosh,1006
Wenzheng_NOUN,1291
Weiß_NOUN,1634
Week_NOUN,99976
WWII_NOUN,30201
Ws_NOUN,3830
Waring_NOUN,14827
Wil,13766
WEBSTER_NOUN,1304
Whys_NOUN,1522
Waze_NOUN,1487
W1_NOUN,7598
Woolhouse,1056
Wallich_NOUN,1290
Worldly_ADJ,1953
Wilkins,57572
Whitelaw,5228
WITNESS_NOUN,5283
Wilds_NOUN,2598
Widmer,2839
WLB_NOUN,1325
WIND_NOUN,8573
Wannier,1036
Wv,1460
Winckelmann,5601
Windward_NOUN,3962
Wittich_NOUN,1837
Weatherbee,1102
Whigham_NOUN,1126
Waits_NOUN,4316
Westerman_NOUN,2463
Witherspoon,8893
Walhalla,4175
Write,200664
WDC,1152
Where've,2093
Wein_NOUN,5186
WOULD_VERB,18516
Warsaw_NOUN,97823
Wadud_NOUN,1352
WEBSITES_NOUN,2146
Winslow,24714
Williamstown,4329
WAGNER_NOUN,1340
Wittchen_NOUN,1131
Weder_NOUN,1021
Wiens,2976
Whispering,9374
Willett_NOUN,11861
Weybridge_NOUN,1767
Windmill_NOUN,4190
Wore_VERB,2576
Wagenaar_NOUN,2305
Winkel_NOUN,2763
WAS,126324
Womanist_NOUN,2302
Westall_NOUN,1505
Woof,5683
Wukong_NOUN,2972
Wunderlich_NOUN,2944
Wolffe_NOUN,1120
Weep,5024
Woolfe_NOUN,1106
Wooley,1998
Winstead_NOUN,1767
Winfred,1007
Warre_NOUN,1330
Wanli,3198
Wandering_NOUN,14940
WELLS,2697
Wildwood_NOUN,2999
Wampanoags_NOUN,1533
WNV_NOUN,3444
Waldheim_NOUN,4415
Wratha_NOUN,1021
Weimann_NOUN,1596
Wikström,1273
Wilberforce,13284
Worrell,2796
Wesleyan_ADJ,2637
Wenxiu_NOUN,1341
Wardrobe,5248
Writes_VERB,6783
Wetherill_NOUN,1251
Wordpress_NOUN,1052
Weifeng,1801
West,1654174
Weise_NOUN,3859
Wille,5428
Wesley_NOUN,107048
Wesleyans,1488
Wharton_NOUN,50294
Wenceslaus,1720
WBC,16540
Watercress_NOUN,1774
Wali_NOUN,4625
WToO,1614
Warmer_ADJ,1275
Wy,1511
Wanderings_NOUN,2001
Winterborne_NOUN,1207
Wallington_NOUN,1611
Wriothesley,1780
WROTE,1862
Wenlock_NOUN,2356
Weitzer,1273
Whitten_NOUN,4063
Walter,432188
Wisting_NOUN,1283
WEIGHT_NOUN,7284
Wallonia_NOUN,2460
Windy_NOUN,8789
Who,1938280
Westfall,3735
Weekes,4539
Walton_NOUN,54938
Wohl_NOUN,4312
Waitangi_NOUN,3622
Westminster_ADJ,1390
Wolpe,2545
Wolski,1062
Wisbech_NOUN,1870
Woes,1794
Walloons,1556
Wildland_NOUN,2052
WEN_NOUN,1971
Wassily,2387
WWW.NETCOMICS.com_NOUN,1073
Wetting_VERB,1560
Weiß,1655
Wallachian_NOUN,2044
W/m2_NUM,4456
Willughby_NOUN,1103
Wanamaker_NOUN,3493
Whymper,1267
W.,2116958
Winn,12069
Whatsapp,1679
Warriors,37371
Wag_NOUN,1662
Wardlaw_NOUN,3084
Wette,1228
WDR,1677
Washburne,1457
Wicklow_NOUN,4538
Watrous_NOUN,1309
Wiki,6631
Waldstein_NOUN,1341
Wright_,1006
Wasik_NOUN,1455
Westchester,10781
Welwyn_NOUN,1316
Whitlam,4813
Wisc,1058
Weaning_NOUN,1845
Wilensky,2368
Wastewater,16786
WAN,8761
Wadley_NOUN,1983
Whiston_NOUN,2957
Winick_NOUN,1019
Wythe,2871
Weisburd_NOUN,2649
Westworld_NOUN,2046
Warren,222081
W.F.,9410
WEED_NOUN,1112
WPI,5216
WikiLeaks,12611
Warbler_NOUN,7840
Wallstein,1574
Whitsuntide_NOUN,2192
Waterloo,45292
WD_ADJ,1632
Willows_NOUN,6077
Wentworth_NOUN,28860
Weininger_NOUN,2010
WC_ADJ,1453
Wilderson_NOUN,1097
Winship_NOUN,3514
Wasser_NOUN,3660
Wier_NOUN,1178
We_PRON,15510700
Wall_NOUN,268482
Waverly,8600
WROTE_VERB,1862
Whiting,15295
Wed.,3805
Wetting_NOUN,1579
WILLIAMSON,1062
Wolof_NOUN,4341
Wawel_NOUN,1043
Wolbachia_NOUN,2863
WAP,3509
Writer,42998
Wardens_NOUN,4741
WPL,1020
Widder_NOUN,1312
Wanger,1012
WORLDS_NOUN,2414
Wittmann_NOUN,3011
Wiest_NOUN,1414
Witton,1347
Waveney_NOUN,1335
Wallman_NOUN,1242
Workingmen_NOUN,1877
Withdraw_VERB,5902
Wake_NOUN,22619
Wonderful_ADJ,41895
Whispers_NOUN,7864
Walt,85006
Waterway_NOUN,3258
WK,7220
WAKE_VERB,2391
Wirr,3336
WPS_NOUN,6706
Wacquant,8196
Wampold_NOUN,2759
Wynne,17582
Warmington,1057
Wallow_NOUN,1098
Willmott_NOUN,4814
Wrecks,1179
WARD_NOUN,3685
Wetherby,2214
Waldegrave,1983
Whicher,1071
W.D._NOUN,20897
WiMAX_NOUN,1483
Wrocław_NOUN,5401
Wickramasinghe_NOUN,1958
Whipple,14117
WTA_NOUN,3587
Whan,3377
W.C.,15863
WIDER,2426
WCC,6221
Waging,2395
Wette_NOUN,1217
Witcher,1160
Walmart,28793
Winkie_NOUN,1642
Wordsworthian_NOUN,1298
Worry_NOUN,7268
Wayside,2221
Weidman,2327
Wasim_NOUN,1197
Workplace_NOUN,37607
Watched,5828
Woolwich_NOUN,6649
Willett,11877
Withheld_VERB,1138
Wangyang,1884
Whittemore_NOUN,1714
Weinrib,1586
Waddy,1604
Wahhab_NOUN,1683
Wiarda_NOUN,1029
Whispered_VERB,2236
Wolfram_NOUN,12594
Wavelength_NOUN,10034
Will_NOUN,370363
WEAK_ADJ,2401
Wendel,4017
Warnock_NOUN,5371
Wolseley,4685
Wrk,2050
WCT_NOUN,2168
Weg,6904
Win,49891
Wirr_NOUN,3303
Wenger_NOUN,15644
Wodeyar,1016
Warum_X,1546
Werth,3641
Woolsey_NOUN,3334
Weatherstaff,2276
Warshaw_NOUN,1926
Wolfe,63679
Westport_ADV,2672
Walvis,1098
Widget_NOUN,6984
Wrinkles,2255
Windelband,1347
Wuchang,3502
Weingart_NOUN,2488
Wiener_NOUN,33921
Wassily_NOUN,2385
Whistler_NOUN,16816
Westboro,1884
Wheelers_NOUN,1220
Wasteland_NOUN,10188
Wars_NOUN,145011
Wholeness_NOUN,3758
Williamsburg_NOUN,16767
Westmore_NOUN,2493
WILLIAM_NOUN,24901
Wyn_NOUN,8297
WRAP_NOUN,3300
Weinheim,9174
Wraiths,1524
Weigand_NOUN,2569
Wedel,2879
W5,1814
Woodfall_NOUN,1041
WWTPs_NOUN,2137
Wang1,1963
Westlaw_NOUN,3740
Whistleblowers,1508
Wofford,2095
WJ,24030
Wakanda_NOUN,1779
Weena,1287
Wirth_NOUN,11119
Wysocki_NOUN,2149
WRITE,7347
Waterworks_NOUN,1704
WorthStarT,1011
Waldfogel_NOUN,1844
Winks_NOUN,1644
Willmore_NOUN,2117
Wardak_NOUN,1456
Winnebago_NOUN,4945
Whin,1163
Wendigo_NOUN,1003
Warrens,1720
Willets_NOUN,1281
Wichita_NOUN,13942
Watermark,1901
Whidbey_NOUN,1011
Wyler_NOUN,3693
Weale,1935
Wight,16426
Weibel,2856
WARC_NOUN,1360
WBT,1478
Wahhabi,4243
Wierzbicka_NOUN,2795
WJC_NOUN,1491
Would,746361
Worth,69468
Woodgate_NOUN,1277
WARS_NOUN,3574
WINGS,2317
Winfrey_NOUN,8243
Wilshire_NOUN,5030
WINE_NOUN,9304
Whisper_NOUN,8068
Winsor_NOUN,3806
Wojcik,1924
Wassenaar_NOUN,1524
Whalen_NOUN,7490
WHOLE_NOUN,1375
Whistle_ADJ,1127
Widdowson_NOUN,3937
Wheal,1779
Whiz_NOUN,3863
Wired_NOUN,14283
WHY_ADV,41770
Wickham,24555
Westside,3408
Warners_NOUN,1843
Warning,43784
Wrightson,1679
Wriothesley_NOUN,1748
Winckelmann_NOUN,5529
Whanganui,1678
Walpurga_NOUN,3989
Wilma_NOUN,14430
WILSON_NOUN,6756
Whether_ADP,398838
Wilkin_NOUN,2345
WRAP,3415
Waterford_NOUN,11451
Wszakże,2308
Westgate_NOUN,3442
Wuyan,1529
WTF,3627
Weldon,16779
WHITE_ADJ,4727
WAITER_NOUN,1181
WORTH,5225
Wutian_NOUN,2201
Womanist,2981
Woodyard,1096
WordPress,15643
Wahab_NOUN,3885
Walking_VERB,115142
Walshe_NOUN,2515
Wuya,14309
Wheelchair_NOUN,2434
Westall,1514
Wollongong_NOUN,3527
Willamette,6334
Weierstrass,3992
Wedell_NOUN,1035
Walgreen_NOUN,1066
Wójcik,1570
Wannsee_NOUN,2059
Wilt_NOUN,7708
Waals_NOUN,11675
Wafd,1728
W.S.,13873
Wittkower_NOUN,1058
Waldenström_NOUN,1318
Wella,1036
Wolin,3669
Wedemeyer_NOUN,1797
Wau,1801
Wuhen,3623
Wolves_NOUN,23393
Wearied,1254
Wasted_VERB,4306
Wotherspoon,1093
West_ADJ,85648
Wirt,3148
Wapner,1238
Wuneng,3225
WSM,1779
Whitelaw_NOUN,5216
WET_NOUN,1862
Waters,81717
Weeden_NOUN,2028
WENTY,1566
Wimbledon,12203
Worthen_NOUN,2661
Welby_NOUN,3400
Wrench_NOUN,3744
Willem_NOUN,25016
Wentao_NOUN,20191
Wochenschr_NOUN,4107
Waylon,3494
Whatever_DET,431880
Whistleblowing_NOUN,1060
Wobblies,1531
Wager,5874
Wipf,10940
Wiese,4072
WGAD_NOUN,4697
WELLWYN_NOUN,1440
Weld_NOUN,10352
Warp_NOUN,3498
Warr_NOUN,5286
Wielenga_NOUN,1053
Weng_NOUN,14092
Warship_NOUN,1874
Walsall_NOUN,1837
Wolfhound,1856
Whereof,1900
Wherefore,37383
Wallas_NOUN,2509
WIC_NOUN,5850
Worden,6298
Wanna,14848
Wlk,1349
Witherington_NOUN,5164
WISH,4325
Whooping_ADJ,1773
Westin_NOUN,5896
Wong,99653
Wallabies,1069
Wortman_NOUN,2051
Wilder,40916
Wafers_NOUN,1614
Wajcman,2023
Wickersham,3646
Way,288099
Wiskott,1387
Walhalla_NOUN,4172
Whitman_NOUN,53202
Welter_NOUN,3578
Wehler_NOUN,1091
Wyk,2788
WINS_VERB,1153
Wyl,1275
Welbeck_NOUN,1778
Wrongdoing_NOUN,1258
WWF,11179
Weald_NOUN,3673
WALKED_VERB,4389
WAGES_NOUN,1370
WDS,1862
Willcox,3107
Wapiti_NOUN,2093
Worldviews_NOUN,2492
WISDOM_NOUN,7078
Wickard_NOUN,1298
WISCONSIN_NOUN,1171
Wigram,1753
Wenxin,1316
Window,42507
Wobblies_NOUN,1516
Westley_NOUN,4920
Wolk,1834
Wolterstorff_NOUN,4170
Wise,84708
Wallonia,2462
Wudi_NOUN,3349
Warne_NOUN,4727
Watterson_NOUN,2432
Wicker_NOUN,5968
Wilford_NOUN,5849
Wilfried,2767
Wyrd,1115
Wordsworthian,1761
Weak,45706
WILPF,1542
WRITING_VERB,3673
Woodland,13096
Wingate,11664
Werk_NOUN,4273
Wren,49227
Wore,2576
Wazir,3187
Waterways_NOUN,5906
Woodruff,15405
Whereby,3047
Waldmann,2098
Weinberger_NOUN,12706
Willson,9391
Wanderer_NOUN,13116
Whore_NOUN,5960
Wolfram,12672
Workforce,20854
Wolfenden,2141
Wilbur,27233
Waxmann,1359
Whiteside,6707
WISH_NOUN,2162
Washed_VERB,3174
Wallow,1118
Withholding_NOUN,6198
Washita_NOUN,1714
Webern,2839
Would_ADJ,2342
Wilhelmstrasse_NOUN,1135
WALKS,1421
Walmsley_NOUN,4338
Weyrich_NOUN,1237
Wilk_NOUN,7192
Wycliff_NOUN,2519
Whose,94061
Walsh_NOUN,92665
Wartime_NOUN,12284
Wakem_NOUN,2134
WPATH_NOUN,1021
Waving,8029
Woodworth,4768
Winsome_NOUN,2207
Weatherly_NOUN,1535
Werle_NOUN,1517
Wendy_NOUN,108222
WIFE_NOUN,12822
Wiemer_NOUN,1180
Wenlock,2396
Whatcha_ADV,1332
Warshaw,1929
Walch,2240
Wohlforth_NOUN,1598
Working,451600
West_NOUN,1566929
Wolffian_NOUN,1485
Wiesbaden_NOUN,25366
Win_ADJ,5565
Winchester,57235
Wouter_NOUN,3605
Wavy,1738
WSB_NOUN,1053
Waardenburg_NOUN,1319
Weight,97132
WhatsApp_NOUN,13957
Weis,6222
Waikiki_NOUN,2928
Woodlands,5428
Wir,7712
Waterbury_NOUN,4884
Wiegmann,1048
Whippy,1083
Wodeyar_NOUN,1015
Wealthy_ADJ,11515
WIREs_NOUN,1193
Writ,12586
Wedlock,4062
Whitehill_NOUN,1022
Weidong_NOUN,1900
Wesson_NOUN,6920
Weisz_NOUN,4613
Whitten,4068
Wiebe_NOUN,6189
WORRY,2651
Withdrawal_NOUN,20347
Whiskers_NOUN,4416
WOMEN,24191
Wasteland,10213
Werden,1606
WoS,1848
Wiebke_NOUN,1103
Westaway,1200
Wolfman,2192
Wiessner,1088
Wageningen_NOUN,8170
Webs_NOUN,2894
Whitbread,3168
Whistle_VERB,1716
Weilan_NOUN,8514
Wipro,1503
When_ADV,10138380
Woodhouse,14284
WCAG,1604
Wis._NOUN,13401
Wittgenstein,79985
We_,1263
Walley,2841
Wenjie,1576
Walkowitz_NOUN,1918
WEBB_NOUN,1009
Wallenstein_NOUN,6591
Westphalia,12908
Wheatsheaf_NOUN,3424
WorldCom,3110
Wkly,18548
Wonka,1916
Wuwu,1033
Workers,191983
Writer_NOUN,42895
Winckler,1761
WAM,1742
WILL_VERB,56786
Wackernagel_NOUN,1545
Westport_NOUN,31421
Waldenström,1320
Wulan,3277
Warlords_NOUN,1698
WIFI,1258
Wimborne,1154
Wormith_NOUN,1017
Weiler_NOUN,7228
Woodberry_NOUN,1358
Wurtz,1565
Wilmington_NOUN,26404
Wahhabism,2791
Watcher,7295
Wanying,3030
Whistles,1430
Woodworth_NOUN,4745
Want,130842
Wenbin,2475
Wedemeyer,1802
Workpiece_NOUN,1271
Wiersma_NOUN,1565
Walkerdine_NOUN,1249
WHATEVER_DET,1690
Wieck,1187
Waldorf_NOUN,12054
Watchmaker,1258
WEST_NOUN,14841
Wierzbicki_NOUN,1060
Whereof_ADV,1626
Wehrli_NOUN,1374
WENT_VERB,7677
Welton,3291
Wittman_NOUN,2227
Wanyue,1495
Wallen_NOUN,2357
Westermarck_NOUN,4173
Washita,1727
Wot,5764
Wahba,1487
Wachowski,1227
Walden,21796
Wo_VERB,1751
Warrant_NOUN,12856
Wasted,4309
Wyss,2767
Walther,18452
Werkbund,1194
Winstone_NOUN,1706
Wangel,1030
WebAssembly,1151
Willa,25495
Wolin_NOUN,3648
WITHOUT_ADP,15010
WORKPLACE_NOUN,2050
Wideband_NOUN,1615
Weave,5533
Waldner,1121
Wollstonecraft_NOUN,15347
WPA2,1935
WITNESS,5437
Wildlife,74076
Wertheimer,7258
Wawa_NOUN,1230
Wahid_NOUN,4716
WIR_NOUN,1641
Wolverhampton,6917
Woodfield_NOUN,1903
Waterland_NOUN,1081
W.M._NOUN,13235
WISC,5256
WordNet_NOUN,3922
Waco,16848
Wirtschaft,5378
WRC_NOUN,3689
Writers,70549
Walthamstow,1449
Waxing,1518
Wagoneer,1485
White,1279332
Wisner_NOUN,3990
Wingfield_NOUN,7248
Walsall,1843
Wars,145110
Wenren,2514
Wagons_NOUN,2318
Wever_NOUN,2346
WAYNE,1968
Wiig,1153
W4,2063
While_ADP,2995480
WIT,14134
Warder_NOUN,1921
Wandel,4619
Windows_NOUN,192926
Was,1074740
Westerns_NOUN,8556
WRS_NOUN,1187
Wigwam,1245
Westmorland,3838
WOM_NOUN,2329
Willful,2732
Whiteford_NOUN,2004
Westeros,2319
Wavefront_NOUN,1033
WRKY,1279
Wutian,2202
Welcome_VERB,4976
Wonderfully,1798
Wali,4637
Waxman_NOUN,7508
Wexford_NOUN,6009
Worth_ADJ,3955
Wedgewood,1323
Westinghouse,10120
Wrinkle_NOUN,1680
Wyandot_NOUN,1859
Wager_NOUN,5856
Winer,3005
Whirlwind_NOUN,5660
Watermelon,6544
WAYNE_NOUN,1963
Whoops_NOUN,2118
Wardak,1462
WSP,2856
Werke,16361
Wand_NOUN,5492
WRITERS_NOUN,3314
Westbury_NOUN,3963
Wydawnictwo,4259
Wineburg_NOUN,1280
WAV,1065
Wary_ADJ,3385
Western,1360627
Worcester_NOUN,44519
Whitfield,12786
Wynkyn_NOUN,1072
W.D.N.C.,1303
Wachsmuth_NOUN,1390
WITHOUT,15025
Weibel_NOUN,2846
WIR,1725
Wylde_NOUN,2619
Workbox_NOUN,1007
Weingartner,1260
Wilcock,2063
Wanjun_NOUN,6141
Written_VERB,95298
Wellbeing,14370
Wesel,1620
Wrotham_NOUN,1128
Wako,1016
Weigelt,1016
Wuqing,4427
Whereby_ADV,3047
Wishing,13795
Wilken,4557
Wildflower_NOUN,1593
Whittaker,19228
Womanhood,4945
Wellhausen_NOUN,3098
WORKING_NOUN,8934
Whalley,7185
Whiggish,1715
Wagyu_NOUN,1030
WEBRELATED,1256
Wkly_NOUN,18129
Whales,7240
Wampanoag,2595
Wid,3019
Wynona_NOUN,3070
Whigs_NOUN,23730
Walrasian_NOUN,2340
Wagoner,2993
WARM,5239
Witz_NOUN,1682
Walpurga,3989
Woodham,1302
WINERY_NOUN,1207
Wheelock_NOUN,3706
Wel_NOUN,2661
Warrendale,1182
Whaley,5967
Worship_NOUN,42228
Wipe_VERB,9665
Wiping,9142
Whatcha,3989
WDW,1016
Wilsonian_ADJ,3018
Walked,7218
Wachsmuth,1392
Werden_NOUN,1426
Wastell,1140
Wha_PRON,1785
Wil_NOUN,13308
Woking_NOUN,2659
WLB,1384
Weiguo,1411
Waheed,3509
Wok_NOUN,1039
Wrede,2417
Wotan,3939
Wortman,2065
Whosoever,8064
Weathers_NOUN,3225
Wagram,2051
WordPress_NOUN,15296
Wishing_VERB,12329
Wampler,1154
Warmth_NOUN,15211
WILEY_NOUN,4129
WRB,1831
WW2,2756
Wilhelmina,7977
Workflows_NOUN,1680
Wexford,6098
Woodrow_NOUN,32443
Wasson,4431
WUNT,4010
Worst_ADJ,19404
WEEE_NOUN,7206
Wakem,2135
Wuyi_NOUN,1136
Wistar,5672
Wel,2938
Workplaces,2456
Whosoever_ADV,1089
Wares,1690
Watt_NOUN,48868
Woodham_NOUN,1202
Wheaton,18650
Whatley,2909
WHS,5185
Warned_VERB,3171
WALLS,2448
Wainwright_NOUN,18795
Warring_NOUN,7508
Windscale,1092
Wirklichkeit,2599
Westerhoff_NOUN,1214
Wrangler,4461
Wroblewski_NOUN,1004
Weis_NOUN,6201
Weinreb_NOUN,1966
Whitestone,1395
Won_NOUN,19293
Weems,5348
Winfried,2967
Whitson_NOUN,3540
WELL,18626
Wat_X,1103
Whey_NOUN,3622
Warlow_NOUN,1730
Weg_X,1583
Wellesley,15016
WORDS_NOUN,15387
Whetten,1677
Wares_NOUN,1689
Wire_NOUN,25835
Whistleblowing,2230
Wolke,1010
Wilding_NOUN,5519
W/m2,7505
Wyclif_NOUN,3931
Wh,18532
WAN_NOUN,8387
WHITE,27019
Weather_ADJ,1574
Wanless_NOUN,1708
Wedgwood_NOUN,7654
Westhuizen,1031
Wulin_NOUN,1035
Wilczek,1767
Wahl_NOUN,8918
Wilhelmsen,1065
Written_ADJ,2480
Weighting_NOUN,4464
Workman,8938
Wouters,5584
W.-Y._NOUN,1001
World,2677354
Worsley,5655
Weefers_NOUN,1013
Woolcock,2101
Waterton,3671
WBS_NOUN,6233
Worthless_ADJ,2403
Wierzbicka,2799
WHY,41798
Welt,19819
Wedell,1036
Wray,10563
Watercourses,3228
Williston,3648
Waning,2502
Wishart_NOUN,10432
Wolford,2661
Wieczorek_NOUN,1527
Wojnarowicz,1238
Welcoming,5948
Wasserman,12824
WORST,2308
What're,12011
Wifey,1531
Weathers,3236
Woolworth,4179
Wins_NOUN,2435
Wir_X,3941
WARM_ADJ,3815
Wigley,2115
Workplace,39162
Wila,2579
Weinrich,1243
WSA,1650
Wi,77512
Wideman_NOUN,1666
Wordlessly_ADV,3557
Westfield,5512
Wooding_NOUN,1024
Wesseling,1114
Whirlwind,5843
Whistler,16958
Wideband,1821
Wichmann_NOUN,2375
Wenling,1620
WASTE_NOUN,5806
Wyler,3718
Warszawa,7032
Weeds_NOUN,6900
WBT_NOUN,1352
While_ADJ,1474
WD_NOUN,17340
Wajid_NOUN,1656
Ware_NOUN,35982
WAW_NOUN,1854
Willie,85806
WRF_NOUN,2494
Wnt,12452
Woodhall_NOUN,1335
WolfStar_NOUN,1690
Weakest_ADJ,1194
WR_NOUN,17997
WARFARE_NOUN,2058
Womack_NOUN,6359
Witchcraft_NOUN,20131
Wartime_DET,1717
Wildt,1319
Waverley,10803
With,4293854
Wardrop_NOUN,1508
Warship,1896
Wanjun,6141
Weighs_VERB,1068
Wavelet_NOUN,9326
Wheeling_NOUN,7839
WAX_NOUN,1189
Wad_VERB,1058
Wendi_NOUN,1721
Wahl,9011
WZ_NOUN,2014
Wampum,1325
Wedges_NOUN,1478
Weinrib_NOUN,1584
Wilmot_NOUN,13682
Weyland_NOUN,2604
WB_X,1729
Weyler_NOUN,1376
WhatsApp_ADV,1971
Workes_NOUN,1112
Widowed_NOUN,1498
Worldly_NOUN,3274
Wilms,5545
Wicked,24870
Wg,1024
Whiggish_NOUN,1014
Wisconsin,154688
Westwood,12082
Wilden,1131
WGA,2006
WIDTH_NOUN,1126
Wow_X,156328
WMH,1103
Whites,39259
Wrapped_VERB,8888
Worrying_ADJ,1425
Wenhua,2129
Wlk_NOUN,1349
Withdrawing,4310
Wandsworth_NOUN,3051
Wendot,1388
WTO,119217
WCT,2246
Wildeve,2358
Wragge,1304
Whitham_NOUN,1026
Wenham_NOUN,3797
Witmer_NOUN,2811
Wuxi_NOUN,2561
WEB,12942
Whitesides,2050
Woodcut,1369
Wiarda,1033
Warlpiri_NOUN,2211
Westpac,1556
Wembley,6415
Weldon_NOUN,16740
Waist,3683
Waltons_NOUN,1010
Watanabe,27430
Weingartner_NOUN,1255
Whitty_NOUN,3398
Wenhui,1539
WLP_NOUN,1723
WT_X,2245
Wildfires_NOUN,1505
Wyche_NOUN,1062
WBCs_NOUN,4512
Wax_NOUN,11556
Wender_NOUN,1356
Wallin_NOUN,3272
Waechter,1040
Whitton_NOUN,2772
Wayfarer_NOUN,1841
Winograd_NOUN,2857
WALNUT_NOUN,1184
Wissenschaften_NOUN,7733
Whitacre,1072
Wensleydale,1291
WOS_NOUN,1368
Wallachia_NOUN,4432
Wszelki,1737
Wearmouth,1975
WGS,6449
Wanted_VERB,25943
Walid,5359
Whitfield_NOUN,12769
Weg_NOUN,5281
Winking_VERB,1261
Wallenberg_NOUN,4786
Wife_NOUN,85112
Waiter,5419
Wallander_NOUN,1164
Whitehouse_NOUN,9474
Wuming,2911
Wimsatt,3036
Warrant_VERB,1242
Weissman_NOUN,7230
Wesley,107303
WRCP_NOUN,1212
Wilkinson_NOUN,63793
Warlocks,1703
Wol,1491
Wheelbase,1186
Watie,1144
Wintle_NOUN,1346
Weddings,6158
Wearables_NOUN,1341
Willd_NOUN,2016
WHEAT_NOUN,2091
Worcestershire_NOUN,13810
Wu_X,1730
Westra_NOUN,2541
Whitey,9531
WIN_NOUN,1479
W.Y._NOUN,3084
Waves_NOUN,46469
Wiener,34013
Worker,44250
Waka,1637
Worthless,2407
Webs,3005
Working_VERB,134560
WIS_NOUN,1919
W.E.,12074
Woolly,2395
WSIS,1350
WAP_NOUN,3482
Woohoo,1031
Wessels_NOUN,3939
Wachs_NOUN,1435
Weisberg_NOUN,5731
Wenxiu,1345
Winant,3778
Wykes,1483
Wound,27479
Wedge_NOUN,7727
W3C,5465
Whereupon,18459
Wuya_NOUN,14307
Wingo_NOUN,1292
WEAPONS_NOUN,2647
Whirling,2833
Weingarten,3235
Willits_NOUN,1517
Weibull,14509
Werewolves_NOUN,2858
WSJ,2313
Washing,14993
Wormley,1145
Wehr,1847
Walsham_NOUN,2446
Wholly_ADV,3621
Wein,5293
Warehousing_NOUN,2606
Wootton,4814
WFC,1192
WDM,5864
WT1,2079
Whampoa,2388
Weigel,5444
Wagoneer_NOUN,1479
Weissberg,2127
Wesleys,1119
Whelton,1225
Whitgift_NOUN,1484
Whitsunday_NOUN,1410
Wickard,1306
Woodroffe_NOUN,1756
Waterland,1090
Webbe,1417
Whistle,8173
Walby_NOUN,3088
Wizards_NOUN,6994
Weighted,20737
Westen_NOUN,3168
Whitney,75275
WAI_NOUN,1943
Workspace_NOUN,5117
Winnie,35363
Władysław,2291
Wye_NOUN,6597
Wael_NOUN,1890
Waverley_NOUN,10800
Wonder,58034
Weinstein,34819
Wayback_NOUN,1689
Whipping,3408
WTS_NOUN,1185
Wuliang_NOUN,2034
Wunderwear,1074
Witney,1206
WebGL_NOUN,1229
WORTHY_ADJ,1399
Westland_NOUN,3786
WRITING_NOUN,8780
Wolfrum_NOUN,2674
WTI,1817
WINDY_NOUN,1045
Wei'er_NOUN,4691
Wapping,2969
Wiredu_NOUN,2097
Warm_VERB,6003
Westerners_NOUN,25325
Wyer,2167
Wash._NOUN,19659
WALKS_VERB,1117
Wesden,1049
Worf,1151
Widder,1325
Waiver,10287
Wiltshire,16334
WAIT,6705
WannaCry,2110
WRITTEN,7484
Wessely_NOUN,1429
Waldenses_NOUN,1127
Waikato_NOUN,4396
Wallflower,2763
Whatman,2039
Wanxiang,1267
Woodhouse_NOUN,14238
Whale,23248
Wiskott_NOUN,1379
Woodrow,32603
Weka,1985
Wann,3504
Wikis,1149
Workspace,5193
Wieder,2132
Warum,2820
Waveforms,1322
Woodville_NOUN,4628
Waterman_NOUN,12640
Washing_VERB,8685
Warham_NOUN,1234
Wagstaff,3126
Wyk_NOUN,2780
Walpurgis,1147
Whaley_NOUN,5920
Weizenbaum,1118
Warminster,2432
Whites_NOUN,39241
WBS,6684
Whitaker_NOUN,25370
WALLACE,1771
Woollacott,1310
Wonderland,19301
Willey,5373
Wistar_NOUN,5406
Wangenheim_NOUN,1314
Whaddya,1258
Wyat,1980
Waleed_NOUN,1213
Wao,2386
Wartenberg,1524
Wyke,1970
Weizhu,1006
Willi_NOUN,11614
Whig_NOUN,27586
W.V.,2160
WSF_NOUN,1716
Walklate_NOUN,1280
Warnings_NOUN,8183
Wishbone_NOUN,1099
Winfield,12004
Wake,69909
Weighted_VERB,2198
Watan,1113
Wonders_NOUN,10052
Wearable_NOUN,5628
Wemyss_NOUN,2620
Warped,1513
WPP_NOUN,3772
Whittemore,1717
Wahoo,1101
Wollheim,2245
WEED,1151
Warships_NOUN,2334
Watergate_NOUN,18136
Waterfalls_NOUN,2275
Whoo_X,1626
Wa,17870
Welles_NOUN,21983
Wolde,1859
Washingtons,1519
WPC_NOUN,4565
Wurzburg,1157
Whitstable,1470
WGAD,4718
Woodsworth,1302
WIM,1879
Wail,1311
Whim_NOUN,1279
Warriner,3354
Wafer,3613
Weapons,56924
Whalers,1348
Wurtz_NOUN,1565
WAS_VERB,125888
Wey,2410
W1,10548
Wilbanks,1252
Want_VERB,126312
WHETHER,2345
Willmott,4822
WONDERFUL_ADJ,2698
Wiring,3923
Wiring_NOUN,3714
WHEEL_NOUN,2346
Wounds,12498
Weiwei_NOUN,14212
Wm_NOUN,27799
Whereat_ADV,1566
Wilding,5532
Wheatley_NOUN,13792
Wyre,1269
Wrangham_NOUN,2627
Wiksell,2193
Waukegan,1320
Waldron,17621
Wilful,1279
WEATHER_NOUN,3844
Widows,7094
Wide_ADV,2907
Whistleblowing_VERB,1123
Wabanaki,1197
Warnke_NOUN,1750
Woodbury,8049
Wieringa,1172
Wannabe,1151
WR,19101
WKH_NOUN,9210
Weyerhaeuser,1168
WATERING,1047
Wilde_NOUN,61166
Wudao_NOUN,1008
Wily_NOUN,1700
Wiesenthal_NOUN,2148
Widely_ADV,8892
Wanton_NOUN,1992
Weisberg,5740
Wearing_VERB,23164
Wisps,2650
Wrongs_NOUN,5403
Windus_NOUN,7872
Weiyang_NOUN,5086
WAC_NOUN,8378
WRIGHT_NOUN,3102
Wrist,7525
Wamesius_NOUN,1172
Winnington,1550
WIL,2251
Wastelands,1507
WINTER,7961
WILLIE_NOUN,1548
Westbrook,9595
Werle,1550
Whole,95335
Whoever,110758
WORM_NOUN,1464
Wenxue,2797
Workings_NOUN,1374
Witold,4700
Wherof,1569
Weaving_NOUN,5564
Waffles,3235
Wiggins,19286
Watchman_NOUN,6533
Wagener,2290
Womb_NOUN,3804
Waffen,7991
Waynesboro,1283
Wilensky_NOUN,2358
Winner_NOUN,16937
Weeks_NOUN,43425
Wooden,20272
Withania_NOUN,1642
Winesburg,1501
Winterthur,1918
WINNING,2413
Winkler_NOUN,20800
Woodlawn_NOUN,2324
Weather,57562
Watch_NOUN,94393
Wenya_NOUN,5076
Wale_NOUN,1213
Wolsey_NOUN,13599
Wils_NOUN,1621
WALNUT,1185
Wit,21405
Wootton_NOUN,4794
WTO_ADJ,1488
Walbank,1082
Wimbush_NOUN,1157
Wirz,1578
WT_NOUN,28645
Walker_NOUN,286840
Wildgoose,1041
Winnipeg,29940
WALLACE_NOUN,1769
Waseda_NOUN,3550
Where're_ADV,2029
WBAN,2843
Wallander,1166
Wenjun_NOUN,1784
Worksheet_NOUN,13729
Workup_NOUN,2048
Whole30,2288
Withers,10784
Wushang_NOUN,4243
Witten,5361
WHERE_NOUN,2031
Weinert_NOUN,1771
Withington_NOUN,1752
Woodbury_NOUN,7832
Waziristan_NOUN,2983
Wardwell,1236
Wordsworth,64446
Wormith,1018
WL_NOUN,37287
Weapons_NOUN,56460
WPI_NOUN,5099
Wæver,1943
WW_NOUN,23585
Waikato,4398
Whitney_NOUN,74290
Wahrnehmung,1070
WPR,1848
Weinheim_NOUN,9170
Worthies_NOUN,1751
Wollheim_NOUN,2229
Wet_NOUN,15499
Wiegand,4700
Worsening_VERB,2147
Wiman_NOUN,1251
Willet_NOUN,6833
Waivers,2024
Wolter_NOUN,3524
WWE,10900
Wessel,6498
Warnock,5381
Waals_VERB,7184
Wyatt_NOUN,106549
Williamson,74766
WDR_NOUN,1644
Woot_NOUN,1363
Worrall_NOUN,3726
When,10140253
Wear_ADJ,1657
Week,101544
WILLOW_NOUN,1429
Wee,17702
Welcomed_VERB,1329
Whitsunday,1486
WTrO,1295
Waldman,8906
Wardell_NOUN,1824
Whitlow_NOUN,1318
Wozniak_NOUN,4888
Winlow_NOUN,1274
Woolfolk,1844
Wave_NOUN,85149
WAM_NOUN,1697
Wagtail_NOUN,1363
Wheels,12876
Waukegan_NOUN,1317
Wallachia,4437
Wann_NOUN,3329
WC,29312
Wreath_NOUN,3003
Wonder_NOUN,27552
Whistleblower,3263
Wally_NOUN,26803
Watersheds_NOUN,1419
Winterborne,1245
Whig_ADJ,7847
Wever,2352
W.L._NOUN,11131
Wagnalls,1629
Whiles,1340
Wheelchair_ADV,1034
Westcott_NOUN,9146
Wenhui_NOUN,1531
Witham,3373
Weatherby_NOUN,2277
WEARING,1069
Wolbachia,2873
Westmeath_NOUN,1509
What,12448574
W2_NOUN,5788
WILLIAMSON_NOUN,1060
Woll,2201
WARFARE,2059
Weave_VERB,2335
Weefers,1013
WIP_NOUN,4173
Wondrous,3195
Withal,1248
Wahba_NOUN,1485
Wailing,3935
Workforce_NOUN,20432
Wallack_NOUN,1524
WINERY,1217
Wombat_NOUN,1026
Wendahl,1004
Wegerif_NOUN,1433
Wavelength,10159
Wickes_NOUN,2020
Warm,55098
Wiessner_NOUN,1088
Watergate,19358
Willems_NOUN,6399
WDS_NOUN,1794
Wenn_X,1259
Wigg,1012
Washoe,2603
Woloda,1273
Whitehurst,1958
Workplace_ADJ,1441
Weheliye_NOUN,1453
Wu_NOUN,627175
Woodside_NOUN,4569
WRITE_NOUN,1706
Woodberry,1362
Weel,4466
Wiest,1417
Whether,477682
WEST,15481
Washington_,1052
Wilmer_NOUN,4299
Wuyue_NOUN,2898
Wilhelmina_NOUN,7973
WHACK,1157
Warlock_NOUN,5468
Winged_ADJ,1778
Watts,71560
Wellens,1258
Woessmann_NOUN,1181
Wei_NOUN,329942
Wajid,1715
Wear_VERB,27624
WOLF_NOUN,5999
WARN,2427
Wegg,2910
Wallachian,2310
Wanderings,2017
Wirklichkeit_NOUN,2083
Wochenschrift,1753
Weatherford_NOUN,3209
Warrants,4165
Whorf,4101
WCW,1101
Witkowski,1642
Wintle,1351
Waldstein,1341
Wor,1273
WHISKEY_NOUN,1092
Woodstock,20151
Wheel_NOUN,37125
Wabi,1195
Withrow,1152
Weir,23459
Woche,1221
Wagga_NOUN,2462
Wed_VERB,12972
Wyo._NOUN,10995
Woolford_NOUN,1357
Welford,2425
Worrall,3739
Weakness,13706
Wilkes_NOUN,19337
WW1_NOUN,1209
Wood_NOUN,276569
WOOD,7784
Wasting,5168
Walden_NOUN,21765
Whenever,172955
WATCHING,2766
Wikström_NOUN,1270
Wert,4414
Worthy,13575
Wenchuan,2740
Whack_VERB,2410
Wetting,3166
Westphal_NOUN,6318
WILLIAM,24983
Wolof,4362
W,1091899
WWE_NOUN,10879
Weatherhead,1404
Wien,26441
Whitlock_NOUN,6318
Wickedness,2786
Whitmer,3178
Weather_NOUN,55519
Westbrook_NOUN,9538
Weeping_NOUN,3263
Worldwatch,1644
WFTU,2739
Westpac_NOUN,1546
Weblogs,1005
WJE,2502
WHEEL,2346
Waterfield,2273
Wiwa,1899
Warburg,20400
WIFE,12830
Waal_NOUN,13598
Weisner,1236
William_NOUN,1550160
WS_VERB,3260
Watery_ADJ,2186
WST,1155
Wilhelms,1247
Wigg_NOUN,1011
Weizsäcker,3062
WILLIE,1550
Wheelwright_NOUN,3007
Wildflower,1605
Weigl_NOUN,1148
WALL_NOUN,8950
Warden,27125
Wennberg_NOUN,1317
WER,1628
WORK,41297
Waiver_NOUN,10273
Weimarer,2168
Wyvis,1005
WID,1626
Wyvern,3560
WMA_NOUN,2560
Wed._NOUN,1286
Workpiece,1304
Winds_NOUN,15920
Winding,8343
Welshman,5916
Which_PRON,2940
WCF,2176
WITH_NOUN,15078
WTE,1919
Wer_NOUN,1416
Waggoner_NOUN,3871
Wenbo_NOUN,1452
Wiese_NOUN,4042
Willmore,2121
Worry,19484
Wii_NOUN,4101
Wham_X,1592
Worldviews,2561
Warehouses_NOUN,2257
Whey_ADV,1569
Weidmann,3539
Winther_NOUN,2268
WIDOW_NOUN,1934
WEAK,2402
Woodley,5703
Wetherell_NOUN,4817
Whitty,3409
Whole_ADV,1157
Wah_NOUN,11779
Waals,19144
Wenli,1123
Wareham_NOUN,3304
Wahlberg_NOUN,1868
Walking,127581
Warmington_NOUN,1056
Will,1139082
Westermann,4532
WORKS_NOUN,11666
Weyler,1379
Warangal,1489
Widdicombe,1084
Wembley_NOUN,6395
Westerfield_NOUN,1838
Wunder_NOUN,4408
WRCP,1225
Wilburn,1419
Waterlow,1612
WrestleMania_NOUN,1458
Wnt_NOUN,8696
Wassenaar,1529
Wings,35073
Winder,7226
Witwatersrand_NOUN,6106
Work_ADJ,1488
Württemberg_NOUN,9661
Wiegand_NOUN,4695
WBCSD_NOUN,1250
Writings,93858
Wolseley_NOUN,4669
Welles,22315
Weiqing,1742
Workshops,16891
WILLIAMS_NOUN,6106
Whaling_NOUN,6896
Wamba,2324
Wismar_NOUN,1211
Worldwatch_NOUN,1608
Willetts,2458
Wild_NOUN,142945
Wolverine_NOUN,6780
WEA_NOUN,3453
Wunder,4556
WALTER_NOUN,6044
Weakest,1195
Wrzesniewski_NOUN,1453
Whirl,1488
Washingtonians,1054
Whilst_ADV,12297
Wyoming,64095
Wielenga,1053
Wigman_NOUN,1464
Wuqing_NOUN,4354
Whitechapel_NOUN,9439
Wachsmann,1172
Welche,1073
WES_NOUN,3963
Wencheng,2928
Wertheim_NOUN,3191
Wellman,10615
Workstation_NOUN,2793
Wheeling,7985
Welzel_NOUN,2521
Wohl,4409
Winterbourne,3921
Wiemer,1180
Woody_X,1256
Woollen_NOUN,1882
Wrens_NOUN,1647
Wertz_NOUN,2386
Westfalen,1534
Worthing,4151
Weariness,1642
Watering_NOUN,2590
WILDLIFE_NOUN,2470
Weishaupt,1449
Western_ADJ,797076
Wetherill,1256
WAEMU_NOUN,4068
Weaknesses_NOUN,10711
Westlands_NOUN,1003
Whatever_NOUN,7612
Wildavsky_NOUN,4053
Wondrous_NOUN,2006
Whitelocke_NOUN,1472
Wuhan,14907
Whipped_VERB,4663
Wilkes_VERB,7077
Whitwell,1654
WARRIOR_NOUN,2324
Wallie_NOUN,1740
Williford,1074
Wal_NOUN,23994
WARN_VERB,1487
Woven,5174
Wisbech,1885
Wilks,7663
Whisk,16454
Whack,2911
Wickham_NOUN,24510
Wyl_NOUN,1261
Wits,6670
Whitely,1305
Woodson,7530
Waid_NOUN,1267
Water,688282
Wassermann_NOUN,1895
Woolner_NOUN,1014
Winkle,8640
Waverly_NOUN,8440
Wake_VERB,47252
Walde,1168
Willaert_NOUN,1186
Wording,1925
Waner_NOUN,5180
Whenever_ADV,172943
Wister_NOUN,2027
Warrenton_NOUN,2199
Whereon,1741
Weel_NOUN,4325
WARREN_NOUN,2739
Waldner_NOUN,1121
Walby,3093
Worried_VERB,10839
Wilfred_VERB,1713
Waymo,1342
Wilf,5706
Wiser_NOUN,2607
Wing,74880
WNP,1155
Willoughby,26642
Wawel,1048
Wartime,14067
Websites,15830
Works_VERB,13473
Wailing_VERB,3590
Wolk_NOUN,1830
Wannsee,2151
Wales,276634
Wisc_NOUN,1057
Wilton_NOUN,19431
Wallin,3273
Wrap_VERB,8527
WIND,9524
Whedon_NOUN,3901
Whiteness,18098
Willi,11663
Wis.,13402
Winnifred_NOUN,2786
Waggoner,3890
Welcome,127083
Wycliffe,5390
Wrapper_NOUN,1346
Woven_NOUN,2312
WGAN,1012
Wheeler_NOUN,78093
Withdraw,5902
Weal_NOUN,1839
WARNER_NOUN,1349
Widdicombe_NOUN,1084
WPF,1150
WHEELS_NOUN,1312
W.-C.,1372
Willner,2122
Wujing,1078
Wrapping_VERB,11965
Wye,6769
Wyld,1554
Waley,2080
Widener_NOUN,2811
Wildt_NOUN,1315
What're_VERB,8107
Wisteria_NOUN,2566
WASP,4153
Wetter,2635
Wenzhao_NOUN,2810
Waid,1298
Warranty_NOUN,9171
Wisdom_NOUN,129819
Wrights_NOUN,2960
Winston_NOUN,108435
Wood,277173
Wollstonecraft,15380
Wettability,1492
Wagner_NOUN,145130
WANG,5302
Witz,1729
Waller,26181
Wettstein,1826
Wenhao_NOUN,3246
Wani_NOUN,4676
Wurlitzer_NOUN,1212
WeChat,14326
WLC_NOUN,1983
Westhead,1020
Wanted_ADJ,2280
Wilburn_NOUN,1418
Whitelocke,1514
Wimsatt_NOUN,3031
Warrenton,2237
Waffen_ADJ,3958
Waldinger,1822
Whereto,1002
Whetten_NOUN,1670
Where_NOUN,58329
WAGES,1372
WARNER,1351
Wole_NOUN,1558
Weddings_NOUN,6145
Wigwam_NOUN,1228
Wesson,6929
Worrying,6016
Willys_NOUN,1197
Waterproof,1828
Which_DET,1015339
WHOLE_ADJ,6429
WWC_NOUN,1055
Weinstock_NOUN,4429
WSJ_NOUN,2313
Wind_NOUN,127081
Wycombe_NOUN,2079
Welter,3643
Whang,1624
WILD_ADJ,1745
WFM_NOUN,1066
Woes_NOUN,1794
Walford_NOUN,4130
WC1B_NOUN,1762
Wyllie,2562
Wrightson_NOUN,1657
Wester_NOUN,2806
Waterfront_NOUN,7436
Wufeng_NOUN,14667
Wheat,43756
Widerstand_NOUN,1629
Wurlitzer,1212
WSN,13089
Weidmann_NOUN,3528
Wayman_NOUN,1945
Weingast,3073
WARS,3580
Westernism_NOUN,1067
Wench_NOUN,1024
Wooded,1106
Wiz,1397
Wogan,8595
WWII,30236
Winery_NOUN,6535
Westley,4928
WITS,1074
Wagtail,1383
Waal,13774
Wherever_ADV,66878
Winterton,2738
Wole,1568
Wenner_NOUN,3226
WALK,9070
Wrongful_ADJ,4410
Winchell_NOUN,3224
WADA_NOUN,3098
Wenren_NOUN,2507
Wilhelm_NOUN,99743
Whitmore,9837
Wikimedia,15783
Whitefield_NOUN,12455
Walklate,1281
WEN,2002
Woolley_NOUN,12681
Weakening,1769
Willpower_NOUN,1538
Wenja_NOUN,2126
WORKERS,7392
Wish_NOUN,17109
Wucheng_NOUN,1184
Walworth_NOUN,3152
Wot_NOUN,5130
Wages,33833
WNL_NOUN,1211
Whiten_NOUN,2040
Worldly,5717
Wardes_NOUN,3349
Winemaker,1665
Wehr_NOUN,1837
WINNING_VERB,1420
Winthrop_NOUN,26684
Woese_NOUN,1999
Warfare,40818
Weighing,7279
Wiktor,1549
Watty_NOUN,1528
Wikidata,1803
Weisz,4620
Wt,5811
Wangenheim,1324
Winer_NOUN,2996
Wanjuan_NOUN,1077
Wrinkles_NOUN,2230
Westminster,128206
Wechsler,11986
WO,24184
Windscale_NOUN,1080
Wisden,1467
Whomever,1378
Wrangham,2643
WORSHIP_NOUN,3606
Werbner,1406
Warfield_NOUN,7175
Winterthur_NOUN,1875
Welbeck,1779
Wittich,1843
Whiskers,4437
Weitzman_NOUN,4041
Wisdom,129956
WANs_NOUN,1115
Wace_NOUN,3885
WJC,1602
Widget,7644
Wooten_NOUN,2844
Warehouses,2257
Wednesdays,9329
Weed_NOUN,17507
Willemsen,1328
WSNs_NOUN,6786
Washakie_NOUN,1744
Wila_NOUN,2576
Whitcomb_NOUN,5846
Woolgar_NOUN,3229
Wiksell_NOUN,2191
Wuppertal_NOUN,2435
Welling_NOUN,5075
Wells_NOUN,153127
Warwick_NOUN,56144
Wilhelm,100431
Wear,40276
Wolpe_NOUN,2534
Waymarsh,1049
Watershed,10015
Weekday_NOUN,1747
Westinghouse_NOUN,10088
Write_VERB,186786
While_NOUN,19662
Wickfield_NOUN,1188
Wollen,1340
Wattle,1356
Wajcman_NOUN,2019
Wolsey,13621
WEEKEND,1111
Wambach_NOUN,1207
Weyerhaeuser_NOUN,1166
Windermere_NOUN,6408
Warriors_NOUN,37341
Where,1864646
Whoso,3732
Woolen,1250
Walnut_NOUN,22250
Warner,109640
Wits_NOUN,6417
Wiersma,1568
Werewolf,5148
Wineburg,1284
Wuhan_NOUN,14600
Watters_NOUN,3796
WITCHES,1029
Winning_VERB,21663
Washingtons_NOUN,1519
Welded_NOUN,1712
Weberian,7829
Wakefield_NOUN,25418
Weekend_NOUN,12902
Wyandot,1872
WUE,2079
Weatherstaff_NOUN,2276
Wrangell_NOUN,1006
Wrapper,1438
Wg_NOUN,1023
Wilshire,5035
WebDriver,1061
Wijk,2460
Wortley,5179
Weygand,1090
Watertown,4660
Wc_NOUN,1156
Walled_NOUN,5888
Wasps,3823
WALES_NOUN,2243
Weber,177367
Weingärtner_X,1509
Wink,6220
Whistling_VERB,2567
Waris_NOUN,1378
Wollmann,1088
Whilst_ADJ,4183
Wolfstein,1835
Warrior_NOUN,55280
Weyland,2612
Wolfhart,1398
Wilke,4830
Wholesale_ADJ,12617
Warrant,14103
WEI,1629
Waddington_NOUN,9318
Wiggin,1764
WLC,2039
Willful_ADJ,2727
WoW,1122
WAKE,4074
Weirdly_ADV,1898
Woolley,12703
Wenchen,8947
Willan_NOUN,4101
Weissmann_NOUN,1631
WFP_NOUN,5124
Walshe,2516
Williford_NOUN,1072
Wirral_NOUN,1297
WebSocket_NOUN,1365
Whitt,3953
Warthin,1806
Wan_NOUN,156849
Worthington,18875
Wherein_ADV,9277
Warming_NOUN,10921
WHEREAS,2638
Worde_NOUN,1799
Wizard,42020
Weisburd,2655
Waffle_NOUN,2871
Wain_NOUN,3092
Woodhead,10838
Wild_ADJ,35254
Willan,4105
WBC_ADJ,3747
WALT_NOUN,1602
Wrench,3982
Wink_NOUN,5802
Walkinshaw,1297
Walcott_NOUN,8973
Whispering_NOUN,1691
Witcher_NOUN,1130
WAITING,4680
Waterton_NOUN,3663
World_ADJ,7162
WILDERNESS_NOUN,2412
Wanru_NOUN,3360
Walczak,1318
Westmeath,1512
WIP,4321
WPP,3777
Woburn,3545
Wanted,28235
Whitewater_NOUN,2653
WERE_VERB,24523
Wei,331297
Wonderfully_ADV,1797
Weisbrod,1071
Widow_NOUN,30493
WEIRD_ADJ,2074
Winnie_NOUN,35349
Waterfowl_NOUN,1856
WiTH_ADP,1031
WORRY_NOUN,1075
WAGE_NOUN,1101
Wildavsky,4088
Wary,3385
Wii,4208
Weathered,1384
Wal,24008
Witmer,2816
Windham,5627
Whence_ADV,11137
Wilcox_NOUN,32504
WMDs,2273
Wikidata_NOUN,1748
Wittkower,1107
Wragge_NOUN,1300
Why'd,10865
Workings,1375
Wagstaff_NOUN,3121
Wonder_VERB,19068
Wolstenholme,1403
Wyandots,1729
Westernization,5975
Weep_VERB,4442
WESTERN_NOUN,5695
Warns,3510
Wataru,1194
Winking,1261
Wehrmacht,20939
Worksheet,14032
Wer,3630
WFS,1377
Winnipeg_NOUN,29457
Wright_NOUN,288029
Wiss,2496
WILEY,4132
Watchmen,2578
Worries_NOUN,3055
Witchcraft,20501
Wied,1359
WKDW_NOUN,1256
Winery,6552
Wragg,1618
Wolverton_NOUN,2999
Westlake_NOUN,5601
Weisner_NOUN,1232
Wear_NOUN,10978
Wiking_NOUN,1390
Widows_NOUN,7007
WSC,3249
W.K._NOUN,6253
WKB_NOUN,1837
Whereabouts,1947
Wunsch,3754
Wykeham,1416
Whut,1373
Willingly_ADV,3854
Westbourne,1843
Wacker,4180
Waltham,12133
Weird_ADJ,22009
Wegner,7207
Wilna_NOUN,1004
Wojtyla_NOUN,1132
Weisbach_NOUN,1046
Wenzel,9112
Wedel_NOUN,2870
Winch,6173
Wenna_NOUN,1559
Westworld,2577
Walling_NOUN,3808
Woolard_NOUN,2110
Wigley_NOUN,2111
WCED_NOUN,2025
Wolpert,3155
Wilderson,1098
Wreath,3017
Wundt_NOUN,7416
Wenwen,3722
Wodak_NOUN,5760
Wilcoxon_NOUN,8265
Wuchang_NOUN,3497
Woese,2022
Wished,1848
WNBA,2105
Wiccan,4344
Wilts_NOUN,2727
Wafd_NOUN,1713
Weltanschauung,3851
WASH_NOUN,4430
Wojtyła_NOUN,1954
Wolfie,2612
WAIT_NOUN,1261
WLM,3257
WBL,1150
Wopsle,1157
Wrigley_NOUN,11054
Woodruff_NOUN,15349
Wyvern_NOUN,3219
Willcocks,1955
Werker_NOUN,1899
Waitress,1359
Willowbrook_NOUN,2038
Whisk_NOUN,7711
Weimann,1600
Wearables,1418
Welland_NOUN,5130
Wax,12453
WORST_ADJ,2275
Wellek,1446
Wearable_ADJ,3700
Waar_NOUN,1109
WHA,2508
Wemyss,2650
Weihan,1204
WPs,1076
Wildman_NOUN,4544
Wading,1813
WIRE,2359
War_NOUN,2155408
Whan_NOUN,2429
Worse,62387
Wastelands_NOUN,1504
Wavell,3140
Westerfield,1842
WINNER,1528
WSB,1077
Waorani,4148
Whiteboard,1061
Wyeth_NOUN,5671
WONDERFUL,2698
WHA_NOUN,1468
Wesden_NOUN,1042
Word2Vec_NOUN,1602
WIT_NOUN,14118
Wallie,1740
Wahlen_NOUN,1103
WORTHY,1400
Wouldst,2508
Weigelt_NOUN,1016
Warranties_NOUN,2712
Wentian,3527
Wines,8558
Wyrick_NOUN,1015
Wilfrid_NOUN,17857
WBAN_NOUN,2454
WORKERS_NOUN,7387
Worshipping,1806
Wonders_VERB,3781
Wallen,2360
Wilmette,1102
Wyld_NOUN,1482
Walked_VERB,7218
Weakly_NOUN,3076
Waterborne_NOUN,1418
Wilmott,1235
Wullie_NOUN,1422
Whitehead,51941
Widen,1598
WAV_NOUN,1058
Wafa,1861
Wazir_NOUN,3180
WILL_NOUN,10814
Woof_NOUN,5173
Whoopi_NOUN,1437
Wasting_VERB,4510
Without_ADP,792050
Wieviorka_NOUN,1062
Wastell_NOUN,1134
WOUNDED,1289
Warily,1347
Weary_ADJ,12171
Wrecks_NOUN,1171
Wrangel,3629
Wins_VERB,7257
Wolcott,6165
Wage,31680
Wooten,2857
Woburn_NOUN,3507
Wieland,8352
WITH_ADP,189487
Wheelchair,3667
Wuwuwu,1431
Whately,3879
Weeks,44287
Woolner,1017
Walderhurst_NOUN,2207
Weizhu_NOUN,1006
Wallpaper,2096
Wade_NOUN,108106
Watchdog_NOUN,2485
Wangjing_NOUN,1381
Weekly_NOUN,84714
Welsch_NOUN,2569
Wallstein_NOUN,1573
Whipple_NOUN,14021
Wass,1845
Workstation,2801
Washer_NOUN,1591
Walder,2870
Wuhui_NOUN,1208
WOKE_VERB,5063
Wuxin_NOUN,1180
Waitz_NOUN,1487
Wootten,1226
Wingfield,7265
Waterlow_NOUN,1609
Wigmore_NOUN,5303
WAR_NOUN,41606
Wickliffe_NOUN,1265
Weymouth_NOUN,7585
WTS,1220
Wheatstone,3546
Worthing_NOUN,4046
Woolford,1362
WinBUGS_NOUN,1231
Whence_NOUN,6113
Waugh,16632
Wanjiang,2287
WEBSITE,3333
Wasatch,2114
WCL_NOUN,3607
WASN,1717
Watergate_ADJ,1185
Wily,2376
Windsor_NOUN,60552
Wheezing,1661
Welby,3416
Wildcat_NOUN,6193
Wasif_NOUN,1275
Wilno,1101
Wheelers,1223
Within_ADP,570302
Wetmore,2558
Walkers,5989
WORD_NOUN,16855
Wakabayashi,2590
Willy,38199
Westward,6915
Weathering_VERB,1535
Whyte,19136
Wegman,1343
WENT,7679
Warts,1905
WBG_NOUN,1639
Weathering,4542
Wider_ADJ,9560
WEAPON_NOUN,2224
Workmen_NOUN,6340
WELLWYN,1452
Weighting,4997
Wawona,1245
W.P._NOUN,6938
Whitlow,1322
Wych,1474
Whitely_NOUN,1123
Wykes_NOUN,1477
Where've_ADV,2031
WINSTON,1060
Wushuang_NOUN,9137
Wyandots_NOUN,1723
Watches_NOUN,2105
Werf_NOUN,1962
Waller_NOUN,26148
Wijk_NOUN,2446
Worst,26724
Wootten_NOUN,1221
WILLIAMS,6119
Wheel,37201
What's,2033
Wreck,6287
W.G._NOUN,11247
Wanderer,13148
Westerners,25388
Walgrave_NOUN,1309
Waldfogel,1846
Worster,2471
Whilst,104404
Woollcott,1159
Wilna,1006
Wachsmann_NOUN,1172
Weidman_NOUN,2311