wollastonite,1230
wuu,3188
worldview,97557
worthwhile_VERB,1540
warmth_NOUN,354984
whir_NOUN,5458
withered_ADJ,14338
wellconnected,1155
winged_NOUN,1427
warders,5346
waterproofing_VERB,1030
whizzed_VERB,12892
worksheets,12202
wincing,22071
william_NOUN,2295
wins,115038
wining,1827
wolde,5529
wheelie_NOUN,2425
what'd_VERB,3024
wavefront,11597
wintering_ADJ,1732
www.oecd.org,2614
whale,96719
wilaya,1001
w.r.t._VERB,2987
woodcutter,4456
wrung_ADJ,1398
weer_NOUN,5647
weigh,117273
watched_ADJ,3039
wisdom,686213
wildest,35382
womaniser,1023
welts_NOUN,6439
walkable,4839
wooer_NOUN,2024
wools_NOUN,2404
waltzing,5413
wand'ring,1074
waveform,45673
wrappers_NOUN,15614
woozy_ADJ,5373
wristband_NOUN,3850
warned_VERB,374768
welfare,580817
wstawszy_ADJ,1376
wretchedly,6877
wielded,37289
wheezes_NOUN,1144
wince_NOUN,18558
welts,6757
warfarin,21470
widescreen,2206
wird,11678
worm_NOUN,95907
wL,1162
worthiness_NOUN,14875
walnuts_NOUN,22451
writin,2365
winces_VERB,5922
watersports,1269
want,9770025
without,9212808
waft_VERB,4588
weeding_NOUN,4588
wellinformed_ADJ,1081
wan_ADJ,17360
winked_VERB,106751
womanliness_NOUN,1971
waitlist_NOUN,2056
wobbles_NOUN,1847
whisper,307180
wideopen_ADJ,1207
waver_VERB,16819
washes_VERB,16786
wrapping_NOUN,19359
windless_ADJ,2966
whirlwinds,3468
warn,177995
wаѕ_VERB,1360
warlocks,5005
whorl_NOUN,5885
wireless_ADP,1218
wattles_NOUN,2175
wonder_VERB,681407
wurde_ADP,1658
waive_VERB,24115
worthlessness,8358
widowed_VERB,26342
wannabe,8227
whisk_NOUN,14563
writable,1336
windbreaker,5531
whеn,1538
weightless_ADJ,10023
workplace_NOUN,224590
wise,611248
watt_NOUN,5689
watt,10704
wert_VERB,9469
weighing_VERB,114194
whalebone,3246
wissenschaftliche,1019
whispers,137435
wedded,31087
waiver,53404
who_,3412
workouts,18659
waisted_ADJ,3704
workrooms_NOUN,1367
wizards,19520
wrongdoings,5892
wagtail,1299
widen_VERB,56816
wristband,3946
whiten_VERB,3300
woe,61550
waitin_VERB,3578
wrecks_NOUN,15837
workingmen,6299
waffles_NOUN,10928
whisky,72507
writhed,26242
winders_NOUN,1068
wittiest,1672
weighed,156590
wakes_NOUN,8077
wellnigh_ADV,1335
wu_VERB,2160
whole_ADJ,3664519
walls,1187878
whims_NOUN,23757
whither_DET,1996
withdrawals_NOUN,20439
wipe_VERB,152148
workbenches_NOUN,1167
wastefully_ADV,1215
weather_NOUN,717635
wildwood,1326
wheelhouse,6695
wróciwszy,1386
wildcat_ADJ,1058
worsen_VERB,30759
waiting,1844404
ws,6683
watermark,11314
wittiest_ADJ,1672
werry,1278
wrote,1755497
whence_ADJ,1178
wheelchair,89370
whimper_ADP,2374
washable_ADJ,2148
witchery_NOUN,3860
worldrenowned,1023
whooped,7844
wouldna_VERB,1994
whiteboard_NOUN,15196
www.un.org,1842
worktable,4910
withholds_VERB,4943
weep_VERB,84572
waddle_VERB,2258
wail,47264
website_ADV,1103
whereon_ADV,5816
welders_NOUN,2380
wettability_NOUN,9762
windfall_ADJ,2188
wooing_VERB,8120
www.harpercollins.co.in,1594
wholistic,1445
weather,775795
waders_NOUN,4690
warmness_NOUN,1095
whiskeys,2361
ware_VERB,2743
walruses,2072
w.r.t._NOUN,2894
www.intratec.us_ADJ,1476
wizened_VERB,1670
whirring_VERB,14677
wadi_NOUN,3360
wiry,24387
waging,21120
welt_NOUN,3838
wails_VERB,1858
were,49133404
wm,1504
woodwork_NOUN,18149
wie_NOUN,5483
wellies,2612
wearable,34876
womanizer_NOUN,3705
wedged,34680
whipped_VERB,135478
wrongdoing_NOUN,45517
wallop_NOUN,2492
wayward_NOUN,1679
whirlpools_NOUN,4938
waxwork,1190
willies_NOUN,1625
welfarist,1847
wild_ADJ,1085498
winded_ADJ,16680
weigh_VERB,117266
wilt_PRON,3084
wurden,1482
wardrobes,6823
woodlands_NOUN,23143
www.ricksteves.com,1304
wineglass,10013
worshipped_VERB,59621
waterfront_NOUN,33685
weeks_ADJ,1331
whiny_ADJ,5142
whited,1629
wished_VERB,701612
willeth,1539
wolfing,2304
weekday_NOUN,10923
washhouse_NOUN,1067
www.elsevier.c0m_ADJ,8236
wooers_NOUN,1055
wheeze_VERB,1648
woolen_ADJ,18001
womanliness,2024
waiver_NOUN,53378
worN_ADJ,3839
worse_ADJ,1019883
whittling,4821
wobbles_VERB,2481
weighting_ADJ,1895
westerner,1680
wasps,20475
wastefully,1221
wendigo_NOUN,1041
waggled_VERB,10896
window,1942756
www.bibliograndc.com,1656
wt_NOUN,23088
woodcuts_NOUN,6114
wonted_ADJ,7393
wireless_ADJ,3683
weevil_NOUN,5891
whomever_VERB,4579
wavy_ADP,2138
www.millsandboon.com.au,3735
wget,1020
wetter_NOUN,6477
windswept_ADJ,3549
www.hachette.co.uk,1490
worrisome_ADJ,18176
wearies_VERB,2343
waiving_VERB,5650
widget_NOUN,23983
wearing_ADJ,9243
wistfully,30373
waterway_NOUN,16964
wheatgrass,1673
wn_NOUN,1522
webmaster_NOUN,1000
wich_NOUN,1097
wrinkles,53528
whump,1388
worrying_ADJ,22744
wa,53078
westwards,9751
wilfulness,3100
www.gideononline.com,112015
wallabies_NOUN,1933
win_VERB,669958
wheal_NOUN,1256
wa_X,15550
withdrawal_NOUN,220876
western,527373
woodpile,4111
working_VERB,3114088
wen_NOUN,4890
whizzes,1367
winemakers,3503
wh_X,2209
whichever_DET,61614
wrong_ADJ,2423389
worldmaking_NOUN,1042
warbling_NOUN,1438
wisely_ADV,88015
worNers,3035
worldly_VERB,1698
wormholes,2962
walk'd,1249
whimpers,11676
www.wiley.com_ADJ,2647
wg,2636
windy_ADJ,26123
wariness_NOUN,12887
waivers,12354
whetted,4859
worksheet,29163
www.mes.gov.in._VERB,1420
wags_NOUN,2161
welcome_ADJ,340960
whispered_VERB,826366
whines,6860
winders,1112
widened_VERB,193145
www.wiley.com_NOUN,6874
wistfulness_NOUN,5564
wronged,63653
walleye_NOUN,1693
wineries_NOUN,10256
waiters_NOUN,33919
weatherman_NOUN,2144
whack,17967
wimp,5154
would'st,1757
wheedling_NOUN,1454
woulde_VERB,1016
wickets,11106
wassail_NOUN,1178
wenxue,1720
wreaked,9058
westerlies_NOUN,1764
wingman_NOUN,4848
wheelhouse_NOUN,6639
wearily,42070
womanist_ADJ,1677
wagering,3583
whim_NOUN,43029
wages,355644
whereon,15968
whoop_VERB,2145
worksheet_NOUN,28698
woodcuts,6220
wile_NOUN,1108
wifehood_NOUN,1126
whiskey_NOUN,101560
work_NOUN,9694729
well_VERB,5534
wl,1543
wordsmith,1601
withering_NOUN,3729
worriedly,24162
wounded_ADJ,23988
wakens,1584
warble_NOUN,1885
wasna,2119
whose_PRON,3061331
wrongs_NOUN,65160
wrestled,35600
wasting_VERB,104588
watchtowers_NOUN,3261
walketh_VERB,2343
wiretaps,2532
wavering_NOUN,11446
wavers_VERB,2967
wydał_NOUN,2079
won't,6635
within_ADP,7397430
worldling,1253
warding,7723
weepy_ADJ,3527
whan_VERB,1578
wtóre,1385
widths_NOUN,19172
wontons_NOUN,1665
wel_ADJ,1610
warmness,1162
wraparound_NOUN,7545
warbeast,1076
wark_NOUN,1263
wearisome,13001
waistband,31829
weal_ADJ,3936
widows,53292
warped_ADJ,20700
weasel_VERB,1891
weals_NOUN,1044
wised_VERB,1132
wombats_NOUN,1323
wayfinding,3068
warring,29499
wildfires,9992
waltzes_VERB,1839
world_,2040
walled,82894
wish_VERB,1442551
weaklings,3433
woodsman,4809
www.Xlibris.com_NOUN,2396
wiggles_NOUN,1291
whitened_ADJ,4572
watchword,7549
wheat,295818
weekdays_NOUN,13999
wszedszy_VERB,1140
wrangler,3617
warum,1234
worshipful_ADJ,6436
watercraft,3610
washstand,4863
wake,585948
workmates,2878
wickedness,67804
woo_VERB,21929
weaning_ADJ,1236
wyszedszy,3944
wreckers,2507
wellYNnown_NOUN,1182
web,514160
whey,31349
walled_ADJ,65405
word2vec_NOUN,1313
wat_ADV,3025
witless_ADJ,2641
whirring,14972
whip_VERB,32513
wounded_VERB,391732
waders,4726
weight_NOUN,1706861
woodpecker_NOUN,9479
wily_ADJ,14237
waking,176191
wstąpił_VERB,2531
wind,1531209
wrathfully_ADV,3806
witnessed,308770
wish_NOUN,261991
weep_NOUN,6578
wanderings,25388
warships,30835
wziąwszy_ADJ,5907
wheelwright_NOUN,2234
weren't,1583
whirled,70188
wideband_NOUN,2196
www.hotel_ADJ,1405
wakefulness,18186
withdrawing_ADJ,7889
writhing_NOUN,10281
wardens,11428
wali,1156
whenever,535437
wimps,1376
wellington,1334
warbles,1169
wou,3513
wreathe,1034
watercolour,7148
wonted,8667
whitewashed_VERB,20830
welldesigned,1524
www.elsevier.c0m_NOUN,1195
windswept_ADP,3253
workman_ADJ,1055
weeNs_NOUN,1715
whacks_VERB,1266
wearily_ADV,41927
wanneer_X,1670
wheal,1663
woodwind_NOUN,2650
warlords,10986
würde_X,1779
warriors_NOUN,235411
wield,39562
widening_VERB,62998
watermen_NOUN,2169
wouldn't_ADJ,5403
waviness_NOUN,1487
wholesalers_NOUN,11650
wisher_NOUN,1152
weaning_VERB,9441
worsted,12016
wantonly,11922
wellorganized,1463
windblown,5340
webinar,3813
wilt_VERB,56035
welfarism,1923
wery,2137
widowed,34416
we've,3704
wenti_X,1530
widow,211355
woord,1219
womanizing_NOUN,1410
washing,245639
wadded_ADJ,1484
waveguide,23256
wks_NOUN,3423
wou'd,5427
wonderings_NOUN,1758
workaround_NOUN,2948
wrapped,604990
workouts_NOUN,18096
www.truthbetoldministry.net,2047
westbound,3538
wrapper,30642
willpower_NOUN,25060
workaholic_ADJ,1215
widows_NOUN,51363
wherein_ADV,171125
winning_ADJ,66577
weighs_VERB,43618
www.recreation.gov_NOUN,2290
whiteflies,1401
wagoner,1432
weekend_NOUN,325938
waiting_NOUN,77340
whooping_VERB,4845
wаѕ,2327
winnice_NOUN,1392
wales_NOUN,1126
wil_X,8918
whaleboat_NOUN,1807
windsurfing_NOUN,1573
warmongering_VERB,1352
worriedly_ADV,24148
widens_VERB,16780
waterslide,1083
wakefulness_NOUN,17572
wranglers,2252
wheezes_VERB,2079
wieder_X,2952
woful,2406
workin,14597
waned_VERB,25106
whereat_ADV,4430
wrasse_NOUN,1006
wafer_ADJ,3964
willow,51613
woodlots,1185
weekends,100226
weaponized_VERB,4682
wildflower_NOUN,4193
wis_VERB,4456
wires,127656
wanked_VERB,1117
wainscoting,3016
wooly,2554
wimple_NOUN,1603
whey_NOUN,28149
warming_NOUN,110375
wop_ADJ,1146
workmen_NOUN,63019
weirder_ADJ,6600
whisks,2795
witnessing,81195
weights,223041
wadded_VERB,5021
workmanship,26031
willpower,32202
woodpeckers,4689
welded_ADJ,6613
whitewater,2773
whale_ADJ,29727
wel_ADV,1522
wonder_ADJ,8421
wastage,12510
www.ReadHowYouWant.co,1072
witchy,2767
www.fao.org,1182
wye,1627
whatsoever,147095
wept,114181
wirelessly_ADV,4591
whitecaps,2231
worn,451709
whistleblowers,7711
wallah,1111
wideness_NOUN,1091
withal_ADP,11677
werewolves,16827
wombat_NOUN,1821
windup_ADJ,1531
wove_VERB,26794
wring_VERB,16662
waggons,10916
whoredom_NOUN,2042
warp_NOUN,18493
wif_ADP,1661
wights_NOUN,1638
wszakże,2649
wand_NOUN,43679
wrangle_NOUN,2204
worsted_NOUN,1035
wherewithal,12005
workhorses_NOUN,1443
wallet,105272
watering_VERB,19363
weirdos_NOUN,3102
watt_ADJ,4724
welding_VERB,9843
warbled,3342
walker,28865
wf,1580
wants,1304026
windmill_NOUN,15966
worshiper_NOUN,7002
wellknown,24572
whitehaired_ADJ,1189
weaving_NOUN,22698
welcome_NOUN,91446
wretch,47306
whole_ADV,16626
wheelbase_NOUN,1659
weddings,45918
worshippers_NOUN,31831
wideeyed_VERB,1739
welling,21831
wholeness_NOUN,36570
whistle_VERB,26697
washing_VERB,118912
wezwawszy,1273
whitened,11459
watercourse,9988
waterbodies,1942
weeNs,1725
wracked_VERB,10515
woodman_NOUN,3542
withholds,5292
written,2398352
windfalls_NOUN,2525
whining_NOUN,1767
would_,2250
workaholics_NOUN,1536
walk'd_VERB,1119
withdrawing_VERB,44463
write,1579853
workout_NOUN,52433
wheeled_VERB,62405
wheedle,3110
worksite_ADJ,1256
worships_VERB,9425
worldliness_NOUN,9577
whereto_ADV,1703
www.,3231
warningly_ADV,4416
wist,2954
weds,3007
watching,1274338
waspish,1651
wren_NOUN,5418
welded_VERB,26698
william,2299
wills_NOUN,50165
workman_NOUN,32752
wildebeests,1097
wink_ADJ,1326
workforce_VERB,1411
waist_NOUN,454059
wood_ADJ,5400
wiggly,2364
wedging,5109
wartime_NOUN,95606
wends_VERB,1384
wheresoever_ADV,2365
waiters,33923
witticism,3178
westwards_ADV,1113
workweek_NOUN,5720
woos_VERB,1680
wilfully,12960
weighting_VERB,6521
wszytek,3016
w1_NOUN,1171
width_VERB,3399
workaround,3025
willows_NOUN,22733
waisted,4338
war_ADJ,121567
wrongful,46397
wall_ADV,1770
whilst_DET,2520
warty,2956
wager_NOUN,22485
watermarked,3320
wishing_NOUN,9301
wearing,910619
wrench_VERB,8699
whitefly_NOUN,2154
wineskin,2020
wrapping,111928
weent,1355
wall_ADJ,23380
workhouse,16951
wissen,1858
watchful,59867
windowpanes_NOUN,3494
wherefore_NOUN,7881
wireframe,2421
wearies,2507
waltzes,4634
walkthrough_VERB,1164
waver_NOUN,1410
work_ADJ,23254
worshipper_NOUN,12210
wiretapping_NOUN,2658
weathering_VERB,20131
woulda_VERB,2529
whiting_NOUN,1224
whereupon_ADV,1530
wierzcie,1850
watched,1429602
wither_VERB,18683
women_,1243
winger,3764
wins_VERB,66832
wasp,20040
wafting,14571
wall,2160487
windowing_NOUN,2205
wellfunctioning,1039
wainscoting_NOUN,2616
wreck_VERB,14746
waterlogging_NOUN,4037
weakening_VERB,33739
waitresses_NOUN,11238
walkthroughs,1296
winking,26045
wreaths,20290
wheezing_NOUN,7604
www.elsevier.com,2605
wavelength_ADP,3831
wint_VERB,1300
wreath_NOUN,35612
whimsically,4661
wyszedł_ADJ,1617
whispers_VERB,49983
windbag,1105
whiteness_ADJ,2625
wineglass_NOUN,9715
wraith,9478
wangfei_NOUN,9514
wstąpiwszy,1499
whizzing_VERB,8978
we're,8853
watercolours,3347
whiskies,4863
workday_NOUN,17634
wildflower,4608
wypełniły,1731
wai,3633
waitress,82002
waka_NOUN,1193
whiteboard_ADJ,1596
wydał_X,1155
wizened,8002
wetsuits,1581
weary,217597
wow_NOUN,4593
workload_NOUN,74757
wurtzite_ADJ,1114
wriggling_NOUN,1556
with_NOUN,5075
worshipful,7095
wallpapered,1191
waists,12340
worryin,1426
windward_VERB,4588
windrows,1198
withstood,16654
wellness_NOUN,52737
www.wiley.com_VERB,2823
wisecrack,1112
wees_NOUN,3841
warmhearted,2086
wooded,56830
wp_NOUN,1789
wu_NOUN,3754
wordsmith_NOUN,1537
win_NOUN,59850
wallows_VERB,1250
withstands,2368
wised,1209
washed_ADJ,20855
wage,346110
workbox_NOUN,1732
wiring_NOUN,35465
waren_X,1768
windowed_ADJ,4041
wtóre_X,1178
waterlogged,8836
welled_VERB,38078
wszedszy_NOUN,1125
wear,739939
worship,520848
worrying_VERB,131342
whatnot_NOUN,4795
wolverines,1058
wil,19063
windowless,13615
waving,188374
www.1ww.com_ADJ,3595
whim_ADJ,1518
wired_ADJ,4216
well_,1391
whipping,53987
weevils,3986
waddles,1121
willing,1090924
witness_NOUN,487527
whimsically_ADV,4634
wails,14769
wed_VERB,44623
www.millsandboon.co.uk,2406
wicks,4074
warrens,1780
waster_NOUN,2023
worst,675758
wino,1008
waver_ADV,3002
wrongness,8747
watch_NOUN,457096
waterwheel_NOUN,2065
widget,24893
www.harpercollins.com_NOUN,1315
wilderness,210773
writs_NOUN,10580
whizzes_VERB,1097
witchcraft_NOUN,64069
wenig,1370
winks_NOUN,9016
walleye,1761
wetted,12140
weight,1722465
whine_VERB,11865
webbing_VERB,2300
whistles_NOUN,23990
when,29468769
wittingly_ADV,3187
winnings_NOUN,12754
wraiths,5275
witty,49583
weil_NOUN,3631
woodwinds,1583
wartime_VERB,2173
worNed,3262
weathered_ADJ,22087
wszytki,1856
wrongheaded_ADJ,1497
wellness_ADJ,1289
wonderings,1762
waren_NOUN,1501
withal_NOUN,3964
work_VERB,3632907
worshipped_NOUN,12768
wull,1155
wint,1779
whosoever,18728
windmills_NOUN,10823
wore_VERB,663573
wenn,7263
whilom,1815
whirling_VERB,44218
wаs,4966
wollen_X,1392
wash_VERB,233139
windswept,8380
wolfhound,2210
whilst,337809
worked,1976397
www.iuniverse.com,1009
worktop,3820
worsening_VERB,49350
wallowed_VERB,4845
whichpermitsunrestricteduse_NOUN,1296
wisset_VERB,2317
ward_VERB,34173
whining_VERB,34736
weedy_ADJ,8447
waqf,10231
wingbeats,1592
workmanlike_ADJ,1333
whitecollar,1588
wagering_VERB,1052
was_NOUN,3136
whippet,1090
wealthiest,27242
wordlessly_ADV,12609
wypełniło_X,3824
weddin,2078
warpage,1930
wavefunction,8352
waging_NOUN,1703
wouldn,2217
whizz,4163
www.fs.usda.gov_NOUN,2782
wedded_ADJ,1700
wishbone_NOUN,1915
wives,294867
waver,22639
ware,30664
wastepaper,2521
weren,1477
wright_NOUN,2027
wolfen,1350
willowy_ADJ,5878
workbenches,1221
way_NOUN,16162458
wireless_VERB,7643
wigwams_NOUN,3534
walNing,1026
waterslide_NOUN,1073
wholesome_ADJ,55672
www.mycapstone.com_NOUN,2102
withholding_NOUN,35024
wreck_NOUN,88459
way_ADJ,150879
wine,1107296
wooden_ADJ,565455
wifi_NOUN,2017
wordless_NOUN,5784
whiskers_NOUN,39305
wished,701630
whiskey,101574
whigs,1081
whore_NOUN,52084
widowhood_NOUN,7498
woos,1986
worsens_NOUN,3701
withdrew,166766
worse,1086559
wrestling,73336
waggon_NOUN,13287
whence_ADV,64955
www.routledge.com_ADJ,1178
weaned,14763
woollens,1844
womankind,5192
whacks_NOUN,1115
wracking,6474
wheats_NOUN,2021
whistling,61143
wears,111981
wasn't_VERB,1023
wavering,37953
which_,3381
wildcats,2466
wheels,216598
want_NOUN,189561
waterfall,64659
wavelength_ADJ,12850
weeping_NOUN,56678
whirlwinds_NOUN,3423
worldliness,9709
wiser,77155
weil,3631
welcoming_NOUN,7452
watchfulness_NOUN,10577
warps_VERB,1121
wae,1316
warred,7336
wettability,9815
witches_NOUN,88640
windowless_ADJ,13366
weightbearing,1439
warres_NOUN,1004
wks,3514
wenti,1842
wallpapered_VERB,1050
waiter,150091
www.ChineseStandard.net,1192
whirligig,1504
warfighting,2990
wrings_VERB,2089
whiskeys_NOUN,2294
wellinformed,2071
warp_ADJ,13734
wastage_NOUN,12432
wi_VERB,26902
walking_NOUN,169402
wintering,9795
witticisms_NOUN,3810
warily_ADV,35628
wasting_NOUN,13303
withheld_VERB,53245
wracked,11166
walkie_NOUN,11984
wreak,17193
washroom_NOUN,18888
weightage,2556
wassail,1404
wiggle_NOUN,8462
wasn't,7993
wether,1681
workingman_NOUN,4005
w.r.t.,9521
waistline,7272
whistle_NOUN,88957
winded_VERB,4397
weir,9151
workin_VERB,11023
wanderlust_NOUN,2683
wingbeats_NOUN,1565
withdrew_VERB,166752
wry_ADJ,47764
wheresoever,3749
whoredoms_NOUN,1087
worded,24776
weel,8746
www.gov.uk,4563
wince,30521
wistfully_ADV,30212
wiedli,1616
warship,18855
watermark_NOUN,10390
words,6155922
windshield,43802
walkway_NOUN,37125
whare,1452
wisest_ADJ,33272
wc,2238
where_,1396
wouldest_VERB,1891
wisdoms_NOUN,3183
weaknesses,167759
willna_VERB,1195
waxworks,1027
wintery_ADJ,1513
writ_NOUN,45330
w0,3434
waypoints_NOUN,2833
www.oecd.org_ADJ,1048
whitely,1484
witching,3700
whiplash,6751
wax_VERB,8315
wacky_ADJ,6008
whoa_X,6155
wine_NOUN,1107171
warps_NOUN,2879
wintertime_NOUN,3757
wheeling,21508
walkout,3354
www.copernicus.org,1412
weighed_VERB,156587
whiles,6558
whelk,1108
workingclass_ADJ,2823
whopper,2058
wilder,17799
worse_ADV,66611
wickets_NOUN,10994
weightiest,1310
webcam_NOUN,5440
wonderland_NOUN,6464
wreck,103211
waffle_NOUN,8202
watering,62447
wherry,1785
watchdogs,3803
whitened_VERB,6885
wilted_ADJ,5385
washington_ADJ,1341
wows,1066
www.harpercollins.co.uk,1941
woodstove_NOUN,3683
wanta_VERB,1270
wintertime,5029
whereto,2164
wineries,10318
whitewater_ADJ,1685
weeding,16650
wit_NOUN,161600
waywardness_NOUN,3090
waypoints,2848
www.aacr.com,1243
washerwomen,1742
weaned_VERB,14380
whereabouts,72404
watery_ADJ,61305
wonky,4650
wop,2169
weatherboard_NOUN,1090
whir,6554
workloads_NOUN,18182
waxworks_NOUN,1000
worthless,91875
wight,5302
waur,1063
whirlpools,5018
workflows,16559
wilds_NOUN,18636
woollen_ADJ,5283
windy_VERB,1644
wrang,1594
worthily_ADV,6623
welding_NOUN,59437
wastes_VERB,5875
whalemen_NOUN,1338
waterside,6364
weed_NOUN,83764
wicketkeeper,1210
win_ADJ,52309
weightiest_ADJ,1310
wording,80512
womankind_NOUN,4225
wielding_VERB,25778
winemaking,7258
worde_NOUN,1300
wavelengths,58292
writers_NOUN,555558
widout_ADP,1143
whaler,4889
wisecrack_NOUN,1030
windfalls,2592
waterproof_ADJ,8214
winch,9928
whereon_NOUN,3735
willful,36583
wnijść,2530
washboard_NOUN,1905
worsens_VERB,7502
waxing_NOUN,5506
w'en,4315
wooden,569715
winemaking_NOUN,6303
www.westbowpress.com,1257
wingers,3311
whimpering_VERB,18143
wafting_VERB,13218
whiner_NOUN,1077
waited_VERB,915288
weaver_NOUN,16330
withdraw_VERB,173559
weave,66951
weavers,22573
welfarist_ADJ,1637
winemaker_NOUN,3151
www.gov.uk_ADJ,2488
worNers_NOUN,3014
winnow_VERB,1473
warded,5809
windpipe_NOUN,9222
wielding_NOUN,2169
wicker_NOUN,22577
wingless,4396
watches_VERB,91318
walketh_NOUN,1037
what're_VERB,2359
withal_ADJ,4209
wrench,36401
worried_ADJ,61667
watermen,2185
whisked,26918
wheel,449929
webpage,14801
www.harpercollins.co.nz,1294
waifs_NOUN,3050
wer_ADJ,2522
what're,2639
weaving_ADJ,2250
whiner,1096
workbooks_NOUN,3354
wasted_VERB,185940
whelp_NOUN,3988
whooping_ADJ,9688
watchful_ADJ,59650
witchcraft_ADJ,1367
wagered_VERB,3996
workaholic,7460
wifely_ADV,1484
wroth,6964
www.jimmunol.org_ADJ,1008
wrestles,4676
workload,76667
worried,797446
whup,1083
weightless_NOUN,1458
wetland_VERB,1741
waived,28519
worthless_ADJ,91868
what_DET,1796703
within_ADV,29734
wayfarers,4026
wheelers_NOUN,4434
www.SimonandSchuster.com_NOUN,1064
weeklong_ADJ,5197
whomever_ADV,4466
worded_VERB,23012
woefully_ADV,13920
worker,458587
washrooms_NOUN,2169
wang_NOUN,3962
walling_VERB,1934
wiki,16182
whos,1139
whorled,2426
wresting_VERB,2882
wasna_VERB,1613
www.harpercollins.com.au_PRT,1296
wingman,4920
warehouse_NOUN,132364
weakening,68188
waterboarding_NOUN,1362
wale,1368
whereunto_ADP,1079
werden,13447
wavelet,36106
waveguide_NOUN,22195
wraiths_NOUN,5241
watches_NOUN,38801
withering_VERB,6851
wideranging_ADJ,2225
workaholism,1361
weet,13993
weeklies_NOUN,3664
wrings,2552
wagtail_NOUN,1189
wastin,1224
workpiece_NOUN,19669
well_ADJ,1853920
wooden_NOUN,4217
widower,20794
westerns_NOUN,4863
we'll_VERB,3929
whooshed,5251
wanderers_NOUN,10310
winnice,1740
windbreaker_NOUN,5485
wanders_VERB,23538
wavenumbers_NOUN,3053
wheelchair_ADJ,3837
wreaks_VERB,1788
warping_VERB,3770
worden,3951
writhes,3565
whitish_ADJ,23612
wavering_VERB,26161
workshops,136767
wäre,1980
weird_NOUN,27222
wineskins,2335
withdrawn_VERB,128383
wag_VERB,6533
waste_NOUN,790392
wrath_NOUN,165320
wedi_X,1681
wrongly,66938
wend_VERB,3104
where,15490699
workmen,63025
welt,4327
wrangles,1329
warnin,1144
wens,1205
wearin_VERB,2210
wagonette,1110
wombs,4282
wilt_NOUN,16507
worldfamous_ADJ,1133
whatcha,1084
wicketkeeper_NOUN,1155
writing_NOUN,961553
workforces_NOUN,5340
widens,16781
www.routledge.com_NOUN,1043
winches_NOUN,2461
wholesale_ADJ,81043
worsening,49354
wobbly_ADJ,25208
würde,2716
whoosh_NOUN,13236
wrack_VERB,1245
washer_NOUN,18276
workarounds,2922
wielding,35410
weaken_VERB,74873
ween_VERB,2501
widgets,17358
wff_NOUN,1051
workhorses,1459
wracking_NOUN,1936
wincing_NOUN,2082
wriggle_VERB,12334
workingclass,6915
wb_NOUN,1500
walN,1221
weights_NOUN,220716
walked_VERB,2802335
wrongly_ADV,66122
winsome,6650
wined_VERB,1765
wild_ADV,2516
wordings_NOUN,2272
worNs_NOUN,7018
woulde,1208
whisky_NOUN,72502
wince_VERB,11679
webcams,2046
what'd,4218
www.authorhouse.com_NOUN,1789
wheelbarrows_NOUN,3022
windstorms_NOUN,1152
workable,27736
wondrous,60332
wd_VERB,1463
wimpy,2149
woods_NOUN,455863
whiny,5432
wrest_ADJ,1144
warmer,92557
watched_VERB,1426499
wicked,311418
wristwatches_NOUN,1264
wort_NOUN,14825
warzone,1125
www_ADP,1419
whinnied_VERB,5136
wish,1704834
wearied,28506
wireframe_NOUN,2207
worthiest_ADJ,2808
wellknown_ADJ,22229
wir_NOUN,2189
wink_VERB,14276
wildtype_NOUN,2248
winning,356436
waveform_NOUN,45098
whipping_VERB,53984
wiener,1367
waterside_ADJ,1297
winging_VERB,5058
workloads,18461
wraith_NOUN,8542
would_ADJ,67884
worksites,1769
woofed_VERB,1099
whether_CONJ,18905
wholeheartedly,35555
warns_VERB,59068
wealthy,291734
washroom,19056
worsens,11219
warehouses_NOUN,46065
washy_ADJ,2571
wobbled,23479
wax_NOUN,124835
withdraw,173562
welterweight,1722
when_ADJ,8382
wings,448877
webpages_NOUN,5575
wanton_ADJ,1242
windward,14545
warnings,105756
watchwords,2201
winger_NOUN,3370
windings,16912
whiteness,77297
wallet_NOUN,105268
whittled,7092
windfall_NOUN,11465
whoreson,1034
weapons_NOUN,655842
waxwork_NOUN,1164
willfulness,4814
wags_VERB,2879
wretches_NOUN,19079
wondrously,4701
wyvern_NOUN,2065
waterproofs,1372
weak_ADJ,975727
writhing,40346
windy,34219
whistler,1512
wildness,20538
werewolf,30614
widder_NOUN,1115
wall_VERB,13307
whence_ADP,35657
wormy,1719
wt_X,1339
warn't,12162
weń_NOUN,1503
white_ADJ,4232320
workmate,1171
woozy_NOUN,1316
weet_NOUN,4236
weatherboard,1159
wallets,13603
would_VERB,38975719
wer,7505
welldefined,5186
weiß,1895
whimsy_NOUN,4511
wołali,1964
waives,4931
weightlessness_NOUN,5807
worthy_ADJ,476229
waterways,29807
writ_VERB,24441
well_ADV,12154927
wellordered,1099
warmhearted_ADJ,1268
whistle_ADJ,10247
with,125243947
wrenched_VERB,38716
welders,2511
whiten,3880
warhorses,1622
wur,4958
warmer_VERB,2612
watered_VERB,45791
winding_NOUN,4844
weevils_NOUN,3937
warranties,27819
wen_X,1328
wetland,38879
weekly,233761
widowers,3535
winder_NOUN,3371
weld_ADJ,3619
wriggle,15712
withdrawing_NOUN,5350
wifely_NOUN,1097
warming,183016
waterfowl,8609
wilful,21413
watchin,4249
wheel_NOUN,449877
woof_VERB,1093
whosoever_ADV,1642
workaday,4638
whitepaper,1244
waltzing_VERB,4675
wend_NOUN,1215
wildebeests_NOUN,1090
wool,170259
wasted,185960
wage_ADJ,4272
winced_VERB,90187
whiplash_NOUN,5578
warily,36242
whaler_NOUN,4727
www.zondervan.com,1274
wanders,26103
wont,64526
waka,2241
wetlands_NOUN,53951
worthiest,2814
wavenumber_NOUN,7610
woodcut_NOUN,8678
workforces,5446
wheedling,3899
wenches,4041
weathers_NOUN,4481
windshield_NOUN,43795
watersports_NOUN,1041
woollen,27720
wellington_NOUN,1334
wi_X,5025
welldressed,2600
warren_NOUN,8671
wert_PRT,1202
whiling,1433
where'd_ADV,2152
writer,652662
wink_NOUN,66928
wavelet_ADJ,2365
wholeheartedly_ADV,35256
webcams_NOUN,2044
westerners_NOUN,4798
werk,5819
weightage_NOUN,2512
wonderfully_ADV,83434
www.Harlequin.com_,1538
whooshed_VERB,5213
wifehood,1326
worNs,7516
wilderness_NOUN,210726
weaponization_NOUN,1700
wealthier,28144
wading_NOUN,2863
www.nytimes.com_NOUN,1296
willful_ADJ,36576
wey,1809
wrestles_NOUN,1035
withdraws_VERB,16077
weirs,3945
weakling,7793
wofully_ADV,1088
went,6966695
whereunto,2643
wholesaler_NOUN,7041
wrenches_NOUN,4062
wniść_X,1044
whilst_ADV,19518
wallows,1668
wziąwszy_VERB,1610
walloped,1827
workflow,56146
weit,1313
webbing_NOUN,6562
warmongering,1533
watercraft_NOUN,3398
wooing_NOUN,6382
windlass,5660
www.e1sevier.com,2659
wounding_VERB,20848
workrelated_VERB,1450
wrought_NOUN,5803
wszelki_NOUN,1798
wheezy,3222
wrongs,66278
wary_ADJ,111189
weakly_ADV,95652
welcomes,29849
waggled,10903
wide_ADJ,1944176
worktop_NOUN,3787
www.cdc.gov_NOUN,2820
wth_ADP,1011
wheaten_NOUN,1387
when_,1971
warfare,210708
wariness,14873
wszytko_VERB,2430
wyf,1252
wadi,4670
wel_NOUN,2699
wimple,1659
wintergreen_NOUN,1516
waistband_NOUN,31362
wellworn,1501
whiteness_NOUN,71455
wonton_NOUN,2076
welltrained_ADJ,1289
whitening,10291
welded,33571
wounding,27750
whinny,4042
warmest,22112
water_NOUN,7050501
warning_VERB,114567
whalers_NOUN,5975
woodmen,1007
watersoluble,1531
werden_NOUN,3080
wagons_NOUN,77878
whenas,1093
walkin,6732
womanish,3056
whitewashing_VERB,2336
whistles_VERB,6106
wszytek_X,1658
writerly_ADJ,3447
withdrawn,128390
w2,7600
wolves_VERB,1173
wildcats_NOUN,2443
wasteful_ADJ,27346
weaving,89247
wyth,2040
workability_NOUN,6087
withholdings_NOUN,1415
wellfounded,1265
who'd_ADJ,1655
winnowed,2438
w,792749
weaponize,1449
withholding,52346
whether,4579948
warranties_NOUN,27756
wellto_ADJ,1027
wage_VERB,11123
woo_NOUN,5381
wrench_NOUN,27048
wo_X,9838
washboard_ADJ,1381
weighted_ADJ,145479
winner_NOUN,130925
weightlifting,4865
wallaby,2517
więtszy,2204
washer,19826
world_ADV,56541
weaved_VERB,13765
wishy_ADJ,2441
whimper_NOUN,22774
whips,28224
writings_NOUN,355873
winged_VERB,11151
wet_VERB,37778
waterbirds,1562
winds_NOUN,234069
wrongfulness,2950
winnowed_VERB,2305
wacky,6056
weightlifting_VERB,1538
watercolor_NOUN,11782
whither_ADV,3275
weaponless,1651
wisp_NOUN,19175
wor_VERB,3730
watchmaker_NOUN,4785
weng_NOUN,2848
walkers_NOUN,21425
wigs_NOUN,14448
wicket,17463
wretchedly_ADV,6619
weapon,467716
wilfulness_NOUN,3032
wellbeing_NOUN,115938
wrenching,29834
wowed_VERB,2349
whoever_PRON,213249
wakes,56531
woodsy,4293
www.youtube.com,3191
weave_ADJ,3247
wizardry_NOUN,4200
wrongheaded_VERB,1181
wager,39242
whereat,6145
wrinkled,101826
worshipers,11993
wives_NOUN,294831
wriggled,28187
womanhood_VERB,3023
wingtip_NOUN,1698
whacks,2402
windowpane_NOUN,4756
washcloths_NOUN,1548
winery,20669
whensoever,1847
welcoming_VERB,77091
wingspan_NOUN,4982
wyszedłszy_ADJ,1719
worthily,6734
worth_ADP,14578
www.SimonandSchuster.com,1064
whistled,62602
willfully_VERB,2217
whirl,33472
wayward,32430
wager_VERB,16601
warriors,235438
would,39045851
warm_NOUN,18080
wriggle_NOUN,2899
website_ADP,1150
watts,10477
willfully,19031
wrinkles_VERB,2486
wimpy_ADJ,2143
werewolves_NOUN,16542
warhorse,3384
witches_VERB,1338
waterwheels,1262
wrens,2815
weeds_VERB,1658
westernized,2651
whirls,7654
workpeople,2249
wrappings_NOUN,7401
webinars,5617
wrestle_NOUN,2515
whimper_VERB,7727
waterbed,1061
wardens_NOUN,11327
wallowing,11493
webinars_NOUN,5584
włożywszy,1038
wraps,60944
wounded,415762
whittling_VERB,4439
whacking,4709
winnow,1946
what_,1797
wrongdoing,45526
weel_VERB,2560
wrack,4404
weet_ADJ,1116
weed,101227
weng,3366
wring,17471
willing_VERB,15365
weakened_ADJ,11634
weary_ADJ,217574
whereby_ADV,250255
we_VERB,2542
wedges_NOUN,32305
wrong_ADV,3699
whetstone_NOUN,2762
warlocks_NOUN,4993
whining,36685
wrought,132039
womanhood_NOUN,39790
wagers,5062
weevil,6916
wbt_DET,15851
wellmeaning,2485
www.hachette.co.uk_NOUN,1123
wellknown_VERB,1008
warning,563196
wrestle_VERB,31280
worshipper,12279
whirl_VERB,8136
withers_NOUN,6693
waterspout,1767
worries,166582
washerwomen_NOUN,1688
wankers,1024
wark,1821
waves,744345
wird_VERB,2070
warmers,2682
watery_NOUN,4559
workarounds_NOUN,2400
waterlogged_ADJ,5960
www.aai.org_ADJ,1054
warfare_NOUN,210647
wellpreserved,1071
whiche_NOUN,2054
washout,8780
wirelessly,4613
wad_NOUN,23639
windscreen_NOUN,13692
witchery,4070
walkability,2845
wastes,101533
whispering_VERB,94731
wrinkle_VERB,5287
word2vec_ADJ,1095
westwards_NOUN,8406
wellbeing_ADJ,1236
wolves,143518
wrap_NOUN,69014
warrant_VERB,70694
wavelet_NOUN,27378
welldeserved,1062
während,3047
waltz_VERB,5668
wong,1253
www.grin.com_NOUN,1437
wellspring_NOUN,6601
woodenly_ADV,2159
wandering_NOUN,17945
wegen,1368
wass_VERB,1223
workgroups_NOUN,2122
wurtzite,1789
wheals,1087
width_ADJ,15327
weeknights,1413
widow_NOUN,211325
wagering_NOUN,2522
withstands_VERB,2223
washhouse,1074
wrestlers,9880
weddin_NOUN,1665
weir_NOUN,8033
wellintentioned,1902
weariness_VERB,2376
wird_ADJ,1051
wikis_NOUN,2075
wordy,6598
www.oecd.org_NOUN,1210
weldability_NOUN,1228
wilting_NOUN,4322
w1_ADJ,1429
waz,1118
waterside_NOUN,4987
wintering_NOUN,2239
wormed_VERB,6521
whence_VERB,5505
workshop_ADJ,2247
whoosh,17600
wavefunctions,3767
wake_VERB,366450
wou_X,1995
westernmost_ADJ,5254
well,14500098
wharves_NOUN,9702
winnable_ADJ,1495
wuss_NOUN,2741
webbed,8027
wan_NOUN,6154
warranted,79629
wallowed,4853
wholes,11855
wheelbarrows,3274
watcher_NOUN,13268
wolverine_NOUN,2363
weirs_NOUN,3925
waterbirds_NOUN,1556
watercolors,5531
whorls,10055
wei_ADJ,3103
wavy_NOUN,19475
wafts_VERB,2988
workroom_NOUN,8218
wooed_VERB,9845
wick,17424
widowed_ADJ,8036
willows,22928
weaponize_VERB,1442
waxes_VERB,2955
wb,2212
windowpanes,3509
woodcraft,1986
wing_NOUN,297693
webbased_ADJ,1246
waved,475620
woefully,14862
woody_NOUN,20072
witch,191216
worst_ADJ,674158
wouldn't,6756
wurden_X,1064
woof_NOUN,6501
watter,1309
whiffs_NOUN,2620
whetstone,2783
webpages,5611
workrelated,1876
wey_NOUN,1291
weaponry_NOUN,28610
www.e1sevier.com_ADJ,2367
wallowing_VERB,10052
welldocumented_ADJ,1229
wailings_NOUN,2014
windings_NOUN,16827
wildlife,145162
wille,1672
walnut_NOUN,39167
www_ADV,4912
worksite,4463
wa'n't,4868
waggish_ADJ,1053
whistleblowing_VERB,6280
welcome,599138
www.intratec.us,2215
wobbled_VERB,23455
www.bibliograndc.com_NOUN,1561
wholly_ADV,306955
world.1,1349
winners_NOUN,62215
without_,1676
wen_ADJ,2070
weathercock_NOUN,1772
wiggled,31596
whore_ADJ,1189
whale_NOUN,64630
wir,15336
wisely,88024
watermelon,21766
woodland_NOUN,4642
www.bloomsbury.com,2978
welcome_VERB,166072
wheedled_VERB,2957
wszystkiej_X,2646
war,3429848
watchmen,10508
wastewater,111648
wait_ADJ,21878
wits,79245
wooded_VERB,18233
wobbling_NOUN,1893
worldly_ADV,16177
west_NOUN,469344
workout,52443
waterpower,1072
woodcock,4038
workbooks,4080
watermelons,4867
warhorses_NOUN,1617
wiki_NOUN,11282
watered_ADJ,9428
warped,29699
wooer,2072
wedlock,16419
worthwhile_ADJ,95881
whistled_VERB,61725
waterfowl_NOUN,8467
wear_VERB,589559
whirr,5150
wrack_NOUN,2521
watchfulness,10662
warn_VERB,176562
worship_VERB,84261
warren,8674
wyse,1486
whiter,17856
w_ADP,610783
www.who.int,1641
wat3,1044
warheads_NOUN,14619
whiter_ADJ,2537
worshipping,29174
www.nps.gov_NOUN,3426
wild_NOUN,1107
wield_VERB,39105
www.harpercollins.ca_NOUN,1303
www.gideononline.com_NOUN,112015
wholesaling,1757
windfall,14414
wherewith_ADV,6437
weans,1054
westering_ADJ,1179
wi_NOUN,30787
world_ADJ,310841
wriggling,19072
walkable_ADJ,4660
wars,315626
wornout,1354
www.pearsoned.co.uk,1311
www.nytimes.com,1378
wadded,6505
wherewith_NOUN,3542
whitish,25015
working_,1059
wrought_VERB,101836
waggles,1484
wh,23546
weeping_VERB,76462
workweeks,1206
worNed_VERB,2590
wallpapers,1374
www.gov.uk_NOUN,1901
whet,5332
whirlwind_ADJ,7086
wok_NOUN,10991
whomsoever,6522
woodblock,3195
whalebone_NOUN,2731
winks,19902
waqf_ADJ,1142
wuss,3266
weakening_NOUN,34441
wowed,2382
wenxian,1285
week_NOUN,1928324
whispering,119547
wid_VERB,18858
wreckers_NOUN,2488
wanton,37769
warrior,222959
wiedzcie,1502
windows_NOUN,730608
winna_VERB,1267
weltering_VERB,1517
wavers,5342
weakly,104111
weirded,1452
wiser_NOUN,13823
wolfhound_NOUN,2009
wilts_NOUN,1177
whispery_ADJ,2109
washbasins,1055
wildcard,4128
womenfolk_NOUN,4188
wallaby_NOUN,2423
washable,2537
won_NOUN,21253
wordplay_NOUN,9178
whiteboards,3646
warehousing,11578
whan,5333
winnicę,1270
wiz_NOUN,1279
website_X,4488
wasn't_ADJ,6927
warband_NOUN,1276
wintry_NOUN,2250
wendigo,1166
workhouse_NOUN,16620
won_VERB,752816
wordy_ADJ,6563
whosoever_NOUN,12429
whate'er,2478
worrying,154092
www.1iebertpub.com_ADJ,2840
whats_NOUN,1905
waggle,3025
whereabouts_NOUN,72402
wristwatch_NOUN,8066
whiling_VERB,1415
wedge,80767
wy,1778
windbreak,2021
winter,854532
wart,7245
whined_VERB,32393
worthiness,15592
wan't,1080
whomever_PRT,1270
waitress_ADJ,2031
w.r.t._PRT,1340
warhead,9394
which_DET,46645137
working_NOUN,256512
warms,19305
wherever_ADV,292545
whin_ADP,2427
wildcard_NOUN,1616
workflow_NOUN,50994
windswept_NOUN,1377
wg_NOUN,1559
wedged_VERB,34307
www.lww.com_ADJ,12454
wrt,1437
wrinkly,3630
weeding_VERB,11961
weasel_ADJ,1024
wind_ADJ,68847
wailing_VERB,33026
whilst_NOUN,1849
winningly,1169
workshop_NOUN,190632
weathercock,1821
waggling,3547
word_NOUN,3979358
wildcat_NOUN,6794
whipcord,1238
wean_VERB,7908
wrinkling_VERB,7976
wastewaters,7861
whipped,135483
whatever_ADV,64766
wikis,3840
wordlessly,12633
wishes_VERB,188717
wallflower_NOUN,2811
wandering,204324
whooping,14539
wets_VERB,2242
woodlands,23606
wavy,40514
wearer,22549
windstorm,3292
wto,1640
walkin_VERB,5597
wary,111193
worship_NOUN,436492
worsened,36541
weakest,43610
wanton_VERB,1690
wigwam,7943
whomever_DET,2540
wombats,1333
www.cambridge.org_NOUN,2179
whips_NOUN,21195
waterproof_NOUN,14758
wisecracks,1503
wunderkind,1188
westerner_NOUN,1632
weds_VERB,1769
wrecker,3255
warder_NOUN,7587
whizzed,12913
wrzucone,1039
welcoming,115668
www.hotel,2232
wolfish_ADJ,6278
wail_NOUN,34818
workings_NOUN,80033
whizz_NOUN,2329
warrants_NOUN,48573
whisker_NOUN,7191
www.iuniverse.com_NOUN,1009
wrenching_NOUN,3348
worrisome,18178
weldability,1231
www_VERB,3100
werden_X,8355
whi,2984
whilom_NOUN,1007
wiping,103953
waterproofs_NOUN,1321
wikis_VERB,1632
watermelons_NOUN,4824
wel_X,1677
walkouts_NOUN,1352
wettest,3257
waits_NOUN,12455
wronging_VERB,2343
workaholic_NOUN,6218
warbled_VERB,3150
waked,14578
whirled_VERB,67792
woodlot,1216
wantin,4447
whereby,250265
wires_NOUN,127642
wiper,5032
without_ADP,9211137
winch_NOUN,8879
widgets_NOUN,16940
wingback,2766
witheringly_ADV,1068
warring_NOUN,1956
whirling_NOUN,1254
wizards_NOUN,18145
wideeyed,2422
weare_VERB,1706
wishful_ADJ,26625
woodcock_NOUN,3786
whittle_NOUN,3907
worke_VERB,1262
wrongful_ADJ,45753
wallpaper,28992
wildcat,8002
wash_NOUN,113828
www.epa.gov_NOUN,1132
workpiece,20293
wavelengths_NOUN,57735
walk_VERB,1364480
welterweight_NOUN,1467
warthog_NOUN,1299
wonderland,7720
watchtower,5600
whites_NOUN,214357
wisdoms,3189
webinar_NOUN,3458
wigwams,3583
worthier,5360
wow_X,29432
www.hoddereducation.co.uk_ADJ,1770
wayside,20833
www.copyright.com,3538
wrested,11492
weakly_ADJ,7154
wird_NOUN,4722
wincing_VERB,19388
wealthier_ADJ,27930
weal,9699
way,16496497
wronged_ADJ,5554
woke,353909
wnidzie,1160
watch_VERB,1026116
waft,10067
wobbly,25397
weather_VERB,17967
westbound_ADJ,2448
whats,3579
weapons_ADJ,3774
waterfalls,25472
widowers_NOUN,3439
weird_ADJ,282693
whips_VERB,6984
wept_VERB,114166
wheezing_ADJ,3372
wattled,1345
wherefore_ADV,17297
workshop_VERB,4889
wiring,38688
wanting_VERB,566620
welldeveloped,3257
wetness,40823
weeps,12374
wavefronts_NOUN,2468
willingly,131745
wuth,1350
workfare_ADJ,1472
wasabi_NOUN,2517
whereon_ADP,6203
wound,605325
workmate_NOUN,1122
watertight,10401
wavenumbers,3120
worden_X,2462
windup,2616
whisper_NOUN,206430
wǒ,1980
wingless_ADJ,2699
wt_VERB,2778
wombat,2049
wrongdoers_NOUN,6605
wilder_NOUN,17799
weiyuanhui_X,2196
wreaked_VERB,9013
wineskin_NOUN,1993
weasels,4400
worryingly_ADV,4047
womanizing,2404
warblers,5760
westward_ADV,43655
wizard_NOUN,51851
womans_NOUN,1006
wands,7159
weld_ADV,2355
warre_NOUN,1812
weal_NOUN,5534
waltzed,5987
whosoever_PRON,1100
whorls_NOUN,9928
wheelwright,2281
witless_NOUN,2570
wijngaardeniers_NOUN,1243
woodcutter_NOUN,4410
wanly_ADV,3714
wildebeest_NOUN,2137
withers,9612
waxy_NOUN,8918
with_ADP,125181584
wk_ADJ,1136
westward,68662
worN,29774
warehoused,1523
womanizer,3706
walkouts,1505
wracking_VERB,2144
waggish,1191
weaker_ADJ,178696
woollen_NOUN,21859
wireless_NOUN,151994
whitecollar_ADJ,1327
woods,455920
workmates_NOUN,2774
wp_ADJ,1994
warmly,95636
whelps_NOUN,2149
wingtips,1937
writes,534815
winging,6204
workshops_VERB,32270
workbook_NOUN,20667
workers_NOUN,1628971
wee_ADJ,7179
wantonness_NOUN,5484
whereupon_ADP,46283
waxed,30144
witchcraft,67611
woodcarving_NOUN,1121
weeny,1178
www.HarlequinMyRewards.com,1632
website,557715
winsome_NOUN,5129
website_,1827
whistleblowing,7742
wondering_VERB,472542
www.nps.gov,3781
whitewashed,21716
whitest_ADJ,4657
wellestablished,6412
windblown_ADP,1184
wetsuit_NOUN,3931
way_ADV,181830
wishful,26635
win,782299
warlock,9112
wid_ADJ,4262
wiggly_ADV,1533
winemakers_NOUN,3429
wards,54270
weatherman,2189
warrant,206533
wrongdoer_NOUN,8761
witness_VERB,170871
wavy_ADJ,17881
wantonly_ADV,11758
weakling_NOUN,7428
wreaths_NOUN,19765
washers,7046
wharf_NOUN,34556
whaleboat,1830
wǒ_X,1455
woful_ADJ,2245
wroth_ADJ,4411
wintered_VERB,3768
wrinkly_ADJ,1944
waffles,11479
wraps_VERB,39789
wildernesses,2625
weavings_NOUN,1443
wistful_ADJ,33964
wreath,35803
wanly,3727
worshiping,16403
waters_NOUN,541932
waiving,6047
wander_VERB,134273
wrest,14131
wif,2311
wavelet_VERB,3690
winding,156828
wondered_VERB,807777
wrenching_ADJ,17956
wheaten,2188
witted_ADJ,18248
wabi,1210
warrens_NOUN,1777
watch'd_VERB,1050
wasters_NOUN,1840
wayside_NOUN,20179
während_X,2058
written_ADJ,44562
wellbeing,128359
wont_NOUN,15706
womb,101334
workplace,268977
willfully_ADV,16647
wei,8746
was_,6761
washings_NOUN,4894
wadna,1149
warder,7665
wildwood_NOUN,1077
welling_VERB,20005
writin_VERB,1728
workingwomen,1335
wie,18834
wearied_ADJ,3340
wines,93121
waifs,3073
wolfed,3830
winemaker,3573
www.totallybound.com_VERB,1037
wingback_ADJ,1263
woodchuck,2268
wayfinding_NOUN,2359
watchdogs_NOUN,3675
waterjet,1058
wheelset,1927
welter,6396
wheatgrass_NOUN,1566
wrth,1108
warts_NOUN,18805
wheeler_NOUN,10056
wellbalanced,1026
waterborne_NOUN,6485
worn_VERB,380961
wearin,2663
workspace_NOUN,28582
widest,33424
whaling_NOUN,15827
worshipping_ADJ,2231
whithersoever_ADP,2299
warnings_NOUN,105727
workhorse_NOUN,4710
wastebasket,4748
warmest_NOUN,1764
weirdos,3122
wow_VERB,3522
weg,6620
wе,1409
wristwatches,1275
wud,3405
waylaid_VERB,6454
whisperings_NOUN,4600
wer_NOUN,1913
womb_NOUN,94318
windstorms,1157
wastebasket_NOUN,4729
www.ReadHowYouWant.co_NOUN,1072
westerlies,1783
waited,915320
waitstaff_NOUN,2637
whelps,2241
wrap_VERB,131722
wideranging,3295
w.r.t,1415
welldressed_ADJ,1632
wither,24439
whines_NOUN,2663
wrecked,52292
withholdings,1418
wavevector_NOUN,2953
waged,46296
worked_VERB,1976157
ws_VERB,1101
wheeling_VERB,17332
wire_ADJ,20874
wingless_NOUN,1583
withering_ADJ,16169
woad_NOUN,1424
wiv_VERB,1386
witty_NOUN,8155
wallboard,1402
wargame_NOUN,1912
wargames,1841
watchmakers_NOUN,1122
widening_NOUN,20613
worthy,476299
wiping_VERB,103947
wastelands_NOUN,4891
więtsze,1160
warble_VERB,1075
working,3586899
woolen_NOUN,1422
wittily_ADV,3590
waterborne_ADJ,1448
wrecked_ADJ,2676
waterproofing,4011
withering,26762
worke_NOUN,2778
womans,1231
whit_NOUN,12943
www.lernerbooks.com,1244
wouldest,2768
wayang_NOUN,2062
with_,13938
wstawszy_NOUN,3329
wills_VERB,24114
wellYNnown,1280
washin,1360
warehoused_VERB,1502
wolf_NOUN,266774
wk_VERB,2006
waitstaff,2812
wifely_ADJ,2125
willingness_NOUN,234609
waar,6391
wrasse,1093
whist_NOUN,7357
wad_VERB,5106
wishbone,2046
wychodzili,1039
worke,4221
warden_NOUN,29926
wipes,32810
weak,975863
wavenumber,8554
waterhole,2920
waitin_NOUN,5634
wound_NOUN,439546
whispered_ADJ,27931
worsen,30759
windshields_NOUN,2168
wildlife_NOUN,145080
wat_PRON,1045
walled_VERB,16410
wist_VERB,1630
wouldn't_VERB,1307
wierzycie_NOUN,1835
went_VERB,6966328
wight_NOUN,4999
wonderingly,9662
weaknesses_NOUN,167738
wasteland_NOUN,23284
wi_ADJ,3518
weaponized,5309
whar_ADV,1741
whosoever_DET,1678
welldefined_ADJ,3510
wavefront_NOUN,11203
writers,555717
winder,3619
wreckage,37038
watershed,56406
wilted_VERB,10656
wetly_ADV,2932
www.philaletheians.co.uk,1749
workdays,4479
wyszedszy_ADJ,2057
wood,936749
widened,193149
wildcard_ADJ,1867
windpipe,9298
waded_VERB,24028
will,33963216
weaver,18995
weighs,43623
whoredoms,1113
wildcards,1409
whirled_ADJ,2390
watcher,13798
wardroom,2942
wholes_NOUN,11458
wrung,35767
warranted_VERB,78390
wye_NOUN,1031
whatnot,6180
wert_NOUN,1514
weeks_NOUN,1679745
whiles_NOUN,3576
warrior_ADJ,7379
www.vitalcoaching.com,6253
wildest_ADJ,35028
wanderings_NOUN,25227
windward_ADJ,4660
watersheds,12157
wampum,4471
we've_ADJ,3626
waxing_VERB,9174
wipes_VERB,24017
whetted_VERB,4557
wailed_VERB,37170
westerly_ADV,2088
wx,1118
winged,74372
willpower_ADJ,5801
wellnigh,3579
withholding_VERB,17311
wanked,1120
wie_X,11766
wigs,14651
whitewash_NOUN,5549
wff,1369
whiteness_VERB,2599
warranted_ADJ,1222
weathered_VERB,20502
wat_X,28616
warps,4000
willies,1627
woorde,1989
ww,2970
wrecking_VERB,13177
wriggles,3133
whippings,2598
waterpower_NOUN,1059
within,7427873
window_NOUN,1942646
worthier_ADJ,5344
whin,4497
www.elsevier.com_NOUN,1902
womb_VERB,1276
wrens_NOUN,2625
whooshing_VERB,2622
whys_NOUN,5804
woodshed,4738
wth,1730
wyvern,3072
wetland_CONJ,1906
woodbine,1689
weedy,8484
walkie,12197
whimpers_NOUN,6875
worldfamous,1160
widescreen_NOUN,1831
wafer_NOUN,26123
wildness_NOUN,17803
winnowing,5048
wonted_VERB,1260
warehouse,132374
wraps_NOUN,21116
warring_VERB,17412
whispered,854389
whitely_ADV,1384
wallop,3569
wat_VERB,4232
welltrained,2043
www.google.com,1099
witnesses,297773
wasting,117897
watercolors_NOUN,5485
wn,4909
wedi,1844
wrest_VERB,12493
wholly,306982
wordings,2279
weinigen,1238
wonky_ADJ,4509
weakness,394681
weavings,1466
wimmen,1691
weh,1074
wore,663593
weg_NOUN,1968
we_,2933
warrantless_ADJ,5573
waxes,9593
wrath,165338
weer_X,6391
warming_VERB,72613
waggles_VERB,1378
wiser_ADV,1149
wickedly,21411
wreaking,7741
whistles,30200
wheat_NOUN,286102
wooing,14794
wench_NOUN,19753
wіth,1108
where'er,1918
wearer_ADJ,1616
wrecks,17088
wold_VERB,1976
werde,2528
whizzing,9481
wearied_VERB,25158
wa_NOUN,27952
withwith,1349
wiedli_VERB,1148
whizz_VERB,1335
whodunit_NOUN,1568
worries_NOUN,135237
welldocumented,2124
wille_NOUN,1042
walkways_NOUN,11892
wouldst,17635
welder,4781
wardship,2165
waived_VERB,28259
wavefunction_NOUN,8326
worN_VERB,25931
wales,1126
wealth_NOUN,802217
waning_ADJ,7855
widespread_ADJ,377276
whoosh_ADJ,2427
wondrous_ADJ,58636
world.2,1001
woofed,1114
woodsmen_NOUN,1956
wiles,12158
whim,45191
workfare_NOUN,1775
wanna_VERB,69552
westerns,4964
wyszedłszy,4255
wearisome_VERB,1250
wonderin_VERB,2171
whacked,10864
womanly,23857
wolverine,2674
woodpeckers_NOUN,4628
wielders,2321
weirdly_ADV,13760
winks_VERB,10872
wavelength_NOUN,136613
withhold_VERB,45932
wellestablished_ADJ,5792
www.tredition.com_NOUN,3534
wools,2441
wildtype,2693
workingmen_NOUN,6010
wuu_NOUN,2534
weightier_ADJ,4106
writings,355953
weariness_ADJ,1408
www.copernicus.org_ADJ,1110
wretch_VERB,1736
witchy_ADJ,2319
wouldst_VERB,16905
wo_ADJ,1366
worNing,7525
whirred_VERB,6332
waylay,2813
wearers,6429
whoosh_X,1016
whisperer_NOUN,2611
while_ADP,9070126
wiring_VERB,2882
washtub_NOUN,2021
wand_VERB,5812
wildland,4266
wenshi,1102
wellbore,7587
wagon,193100
worryingly,4083
waistcoat_NOUN,41429
wintergreen,1616
washbasin,4801
wr,2664
workstations_NOUN,13178
whooshing_ADJ,1328
wade_VERB,19912
wank_VERB,1054
weeds,107058
wholesalers,12222
wither_ADJ,1011
wieder,4509
wicker,22579
wild,1089322
weirded_VERB,1380
waterfront,34197
whitefish_NOUN,1202
workup,15024
whitewash,8101
wetted_ADJ,4032
wird_X,3357
wired,59723
what_PRON,27496677
worry_VERB,908039
wheat_ADJ,9649
writes_VERB,534617
warrants_VERB,8536
weeks,1681134
working150_PRON,1518
whipplei,1431
which,46648514
wipers_NOUN,8726
wilting_ADJ,1507
woodlot_NOUN,1203
webs_NOUN,34657
wheeze_NOUN,8140
whetherit,1174
warlords_NOUN,10978
www.authorhouse.com,1790
write_NOUN,51438
wаnt,1100
watchfully,1801
www.justice.gov,1123
wreaking_VERB,7093
watermarking_NOUN,7821
wide_ADV,120399
wszytkę,1044
website_ADJ,61592
warm_VERB,94277
waterline,7453
wholegrain_NOUN,1735
wholesale,81065
w.e.f._ADP,1275
wald,1493
wax,133171
whorehouse_NOUN,3136
where_ADV,15489318
weakness_NOUN,394633
wheelchairs_NOUN,10641
watter_NOUN,1012
walkabout,1916
watching_ADJ,6143
wantin_VERB,4170
wipers,8790
wa_ADJ,2937
waistcoats,5412
wszytkie_NOUN,1949
wastrel_NOUN,2217
webbed_ADJ,4435
wanted_VERB,5576839
world_NOUN,9414240
work,13353500
whaling_VERB,3613
westernmost,5343
writs,10804
wheels_NOUN,216558
warmer_NOUN,20112
wellbore_NOUN,7167
workroom,8309
weirdness_NOUN,8064
worshippers,32529
walkers,21977
wordt,1246
whaling,21292
wolves_NOUN,142293
wangfei,13424
waiter_NOUN,150089
wees_X,5928
www.hachettespeakersbureau.com,1011
whoso_NOUN,3916
wonderment_NOUN,14824
werewolf_NOUN,30441
warrant_NOUN,135823
wonders,164748
wrecker_NOUN,3238
whirlwind,40649
woe_NOUN,56643
whichever_ADJ,1053
wicking,2062
wj,2097
welcomes_VERB,26537
wheals_NOUN,1041
wainscot,2701
wherein,172822
wholesaler,7593
waits_VERB,70563
wallpapers_NOUN,1317
wombs_NOUN,4238
wrists,120089
wanderers,10852
wellhead,3314
wrestler_NOUN,13258
we'd_ADJ,1564
waterspouts_NOUN,1029
wizards_VERB,1278
wooded_ADJ,38532
wierzcie_NOUN,1502
wbt_VERB,22944
wakes_VERB,48423
whiskered,4208
wallflowers_NOUN,1565
wickedest_ADJ,2019
waterskin_NOUN,1572
wizard,60002
waveforms,20409
weatherbeaten_ADJ,1456
wheezing,23769
wartime,102155
woebegone_ADJ,1955
wire_VERB,9881
whippoorwill,1021
wonderfully,83445
workes,1418
www.iste.co.uk_ADJ,2749
wishing,200713
whistleblower_NOUN,10823
woodpile_NOUN,4052
wretches,19215
wedding,630499
wife_NOUN,2812173
wrap,200760
winches,2550
worksheets_NOUN,11668
weirdness,8175
www.corwin.com,1174
will_NOUN,1310690
walked,2802490
wormhole_NOUN,8092
wonderful_ADJ,768784
waterless,3536
wittily,3645
workhorse,4751
waistcoats_NOUN,5404
willna,1285
wineglasses_NOUN,3030
watercress_NOUN,5649
www.facebook.com,11652
whensoever_ADV,1070
ward,192273
worrier,2433
whippings_NOUN,2593
workpieces,2606
windy_NOUN,6194
www.rsc.org,1584
wet_ADJ,712052
wear_ADJ,11327
watersheds_NOUN,11766
windowsills,2812
wah_NOUN,3895
workflow_VERB,4175
white_NOUN,65944
wery_ADJ,1047
winner,131021
writer_NOUN,652358
warband,1338
wanking_VERB,1330
witnessed_VERB,308755
wus_VERB,1680
walkthroughs_NOUN,1060
wakeup_NOUN,1559
woo,27314
weavers_NOUN,21806
whilst_ADJ,5347
wn_VERB,1393
whither_ADP,26634
wait_VERB,1509156
whoop_NOUN,10468
whomsoever_VERB,1964
wended_VERB,5104
warhead_NOUN,8663
wastewaters_NOUN,7856
wets_NOUN,1447
www.millsandboon.com.au_NOUN,1532
wargaming_NOUN,1068
winepress_NOUN,3468
widefield,1383
wording_NOUN,73932
weiter,1583
wounds_NOUN,305138
wright,2032
weatherproof,1563
watermarked_VERB,2796
wheeze,9885
wanneer,2653
weirdest_ADJ,7189
wettest_ADJ,3177
women_NOUN,6110473
wineskins_NOUN,2319
wherefores_NOUN,1373
willfulness_NOUN,4757
whorehouse,3193
wha_PRON,2740
witch_NOUN,191189
wildfire_NOUN,21629
windowed,5198
wakens_VERB,1552
weaning,20349
whine_NOUN,20839
witness,658508
worms_NOUN,84970
wafer,30475
wargaming,1932
wander,136487
wrinkly_ADV,1668
watercourse_NOUN,9919
wavelets_NOUN,9527
watercress,6344
welldesigned_ADJ,1050
wetter,15910
washcloths,1553
warble,3857
wayfarer,5842
ward_NOUN,158081
wavered_VERB,38546
wholegrain,2880
watery,66305
wanker,2883
wave_VERB,66300
wronged_VERB,58085
woodman,3786
wellnigh_ADJ,1286
waterway,17867
westerly,16278
wholeness,37621
weighty_ADJ,30427
whacked_VERB,10494
wheezes,3228
welling_NOUN,1403
wingers_NOUN,3294
walkthrough_NOUN,3299
winning_NOUN,12095
wrestler,13337
wei_X,2604
wakame_NOUN,1073
warmongers,1224
woe_VERB,2391
waggle_VERB,1087
wailed_NOUN,1478
wham,2000
warm_ADJ,1185917
willed_ADJ,18743
wealthiest_ADJ,27001
wedge_NOUN,75749
wove,27270
white,4298865
wand_ADV,1450
wire,390485
warders_NOUN,5340
weirder,7641
whet_VERB,4089
widower_NOUN,19580
widely_ADV,833730
woodwinds_NOUN,1564
wreak_VERB,16942
weare,3140
wos_VERB,1642
wrangler_NOUN,3529
weep,91158
wardrobes_NOUN,6781
wretched_ADJ,142780
winery_NOUN,20374
walruses_NOUN,1984
wildly_ADV,151526
watchdog,12374
weathers,5193
www.rowman.com,1652
webpack,1251
whip_NOUN,118347
wannabe_NOUN,6708
winding_VERB,151963
woorde_X,1194
wispy_ADJ,12874
wavelength,156200
wherefore_VERB,2111
waspish_ADJ,1615
wom,1291
wakeful_ADJ,8608
walk_NOUN,568208
witnessing_VERB,81169
weighty,30640
week,2027999
winters,44121
website_NOUN,456169
wheats,2083
wrestle,34009
wounds,305182
wharfs,1639
walkways,13818
whirlpool_NOUN,22679
weirdo_NOUN,8703
works_VERB,782252
workfare,3593
warns,59070
wal_ADJ,2096
weightlessness,6235
workforce,175885
wrenched,38828
wedding_NOUN,630427
works_NOUN,1378998
wined,1794
whitespace_NOUN,1380
wrinkling_NOUN,4814
whalers,6479
wiry_ADJ,24387
wierzyli_NOUN,2891
wormholes_NOUN,2883
woodchips_NOUN,1020
wailing_NOUN,15999
www.fs.usda.gov,3547
wherefore,29915
whore,55261
warrants,57135
workmanlike,2724
worldwide_ADV,100710
whereas,910734
waken_VERB,9340
waved_VERB,475588
wr_NOUN,1353
warn't_VERB,10010
wobbling_VERB,10895
wholesome,56653
webbased,1550
whereas_ADP,910712
worshipers_NOUN,11863
womens_NOUN,1673
whose,3061713
woven_VERB,100259
winded,21082
wartime_DET,3138
wedges,32933
woozy,6868
weighting_NOUN,40345
wholemeal_ADJ,2897
whiz_NOUN,7728
warbler,7410
wholehearted_ADJ,4472
woulda,3480
whorled_ADJ,1733
wallflower,2840
wavefunctions_NOUN,3712
whan_ADP,1309
windowpane,4839
whaling_ADJ,1832
when_ADV,29456611
washcloth,9474
wetting_NOUN,10605
wаs_VERB,3257
wakeful,8695
westernization_NOUN,2089
wholehearted,7325
wontons,1730
wrinkle_NOUN,17304
westering,1583
www.cdc.gov,3674
whetting,1580
www.1ww.com,4001
who'd,1794
worldmaking,1486
wending,4183
w1_NUM,2402
wal,4217
ww_NOUN,1683
wane_VERB,11141
weeknight_NOUN,3029
www,65005
waitressing_VERB,2273
www.philaletheians.co.uk_NOUN,1700
wheresoever_ADP,1300
wasteland,23453
woodland_ADJ,57274
wickedly_ADV,21134
worrier_NOUN,2408
wanna,70792
whelp,4324
whence,133506
warres,1016
warding_VERB,6830
widzieli_VERB,1265
wailed,38650
waxed_ADJ,6175
wretched,142794
wormlike,1385
wenhua,2864
w'en_VERB,1655
wafted,32044
wart_NOUN,7245
wilde,2225
writ,71234
weakened_VERB,115906
wei_NOUN,1865
whacking_VERB,4261
woodwork,18406
write_VERB,1527754
wastefulness,3452
waffled_VERB,1199
waxes_NOUN,6636
wiles_NOUN,11948
workload_VERB,1406
wont_VERB,48007
wholesomeness,2452
wanders_NOUN,2557
welled,38292
wor,10081
warmly_ADV,94616
wintery,2056
widowhood_VERB,1261
worry,1089017
weightless,11644
woes,33824
wistful,34968
whelming,1260
winters_VERB,2880
welfare_NOUN,570623
weird,309959
withal_ADV,1419
wandering_VERB,171210
wnijść_VERB,1495
weiyuanhui,2359
wat_ADJ,1701
whelks,1022
whales,59500
wente,1277
witty_ADJ,39807
weeps_VERB,9126
wells_NOUN,115431
warmongers_NOUN,1224
wow,39271
whiting_VERB,1792
willeth_VERB,1024
waltz,28462
whys,5991
whistleblowers_NOUN,7633
winning_VERB,277468
weekend,325962
worketh,5563
whiteout,1421
winde,1043
wallow_NOUN,3625
whoo,1625
wt,69353
wakame,1106
wilted,16048
wrestled_VERB,35479
winds,250536
whipper,1348
wheedled,2965
we_PRON,42492928
whistling_VERB,54085
weet_X,7583
worn_ADJ,70717
webpage_NOUN,13864
wonderin,2343
wren_ADJ,1052
wig,51607
wu_X,3227
words_,1280
weel_ADJ,1940
workshop,198341
whitehaired,1508
wilting_VERB,2662
waving_VERB,176969
wagging_NOUN,5436
workability,6095
whooshing,5311
whether_ADP,4559095
web_NOUN,513669
wearer_NOUN,20813
waxen_ADJ,5077
whisker,8260
wydali,1154
wheelers,4699
weeps_NOUN,3222
www.harpercollins.co.uk_NOUN,1740
wheeling_NOUN,2291
wraparound,7992
weill,1177
whitest,4741
wearables,6232
wrinkling,12897
whipt,1100
wisht,2148
wipe,152159
wife,2813145
wordless_ADJ,10030
withes,1035
webcast,1032
whoring_NOUN,1851
withstood_VERB,16555
waffled,1228
www.bloomsbury.com_NOUN,2038
whip,150868
worde,1396
weepy,3723
woodstove,3742
wain_NOUN,1385
whiter_VERB,2617
waterways_VERB,1335
watchfully_ADV,1795
while_NOUN,1492799
wh_ADJ,15798
westernization,2105
whooshing_NOUN,1361
worlde,1706
welcoming_ADJ,31094
www.capstonepub.com,1181
waggons_NOUN,10861
wakened,13638
warm,1298407
whammy_NOUN,2359
whom,2639775
workspaces,5862
where'd,2661
wrathful,10607
welche_X,1843
wronging,2523
waken,9651
wenn_VERB,1486
wideness,1147
warre,2076
workers,1629257
whack_NOUN,11106
wagoner_NOUN,1402
wrongdoers,6665
whither_NOUN,4566
wellmeaning_VERB,1656
ways,3177202
whatever_DET,1483025
waterlogging,4628
woeful,9201
wszedszy,3132
wid_ADP,2406
wagged_VERB,22017
wifely,4779
wallboard_NOUN,1232
wretch_NOUN,44998
wrapt,5502
wildernesses_NOUN,2604
wrappings,7415
whirlwind_NOUN,32939
witches,90091
wherewith_ADP,9437
warningly,4420
www.harpercollins.com,1315
williams,1174
winces,6744
wriggles_VERB,2637
waggling_VERB,3176
wields_VERB,9458
weaving_VERB,64274
website_PRON,8285
welkin,1653
wasp_NOUN,19512
warehousing_NOUN,8547
www.1iebertpub.com,2946
warranting_VERB,5958
washbasins_NOUN,1052
www.wiley.com,12356
wiggles,5471
withstand_VERB,111177
waffling_VERB,1303
workgroup_NOUN,4215
whiskered_ADJ,3850
weightings_NOUN,3427
wades,1832
w2_NUM,3055
woke_VERB,353889
wisht_VERB,1735
withdraws_NOUN,2328
whereupon,48414
whales_VERB,3346
weathering,32369
waylay_VERB,2784
wasn_VERB,2321
wot,17308
washboard,3615
waterskiing,1514
whar,6294
worlding_NOUN,1215
w.r.t._ADP,1167
waft_NOUN,5458
watercolour_NOUN,6816
weightlifter_NOUN,1125
wither_NOUN,4176
wreaks,2060
watercolours_NOUN,3180
woolens,1230
whole_PRT,3426
warrior_VERB,1848
wellsprings,1702
wetter_VERB,1365
wol_VERB,2793
weeknights_NOUN,1387
walkway,37351
watermelon_NOUN,21321
whale_VERB,1535
whe,1221
wailings,2016
weatherproof_ADJ,1399
war_NOUN,3307698
widen,56819
wypełniło,4502
worktable_NOUN,4848
wimmen_NOUN,1590
whаt,1965
welding,70348
wordplay,9400
waste_ADJ,2406
writing_VERB,1252251
writhing_VERB,29991
west_ADV,109794
word_ADJ,28483
watashi,1281
wizard_ADJ,5605
woodworking_VERB,1196
worshipped,72502
wellbeing_VERB,11131
waterwheel,2084
workplaces_VERB,1074
werpt_X,1572
why,5600342
wo,26437
whirls_NOUN,2923
winched_VERB,1605
woodworker,1485
watchin_NOUN,1018
whoop_ADJ,2627
watchword_NOUN,7496
wetting_VERB,23231
waviness,1510
woken,74551
whines_VERB,4194
water_VERB,24834
wot_VERB,7604
wean,9100
waveguides,8676
willow_NOUN,50978
wrangling_NOUN,5392
worksites_NOUN,1729
workpeople_NOUN,2153
workes_NOUN,1257
wholesomeness_NOUN,2296
wzięli_X,2318
wisecracks_NOUN,1441
whittle,3907
woken_VERB,74390
waged_VERB,45399
warpath,3503
wink,83116
whole_NOUN,864423
woeful_ADJ,9028
witchcraft_VERB,1877
waves_NOUN,744185
workdays_NOUN,4438
wildfowl_NOUN,1484
waif_NOUN,5716
wildland_NOUN,3676
weekly_ADJ,199573
wave_ADJ,67180
woof_ADJ,1199
weave_NOUN,11136
winnowing_VERB,1391
writhe_VERB,11482
wee,65276
woodcutters,2068
wan,34921
wold,3397
whiting,3103
wellies_NOUN,2591
watchman,25782
welter_NOUN,6225
waqf_NOUN,8530
worldviews_VERB,1356
windless,4285
woodsmoke_NOUN,2026
wondrously_ADV,4490
woody_ADJ,17116
worldclass,1577
wastelands,4918
wharves,10397
wadis_NOUN,1377
winking_VERB,26045
whimsical,26362
wert,12745
watchtower_NOUN,5589
workup_NOUN,14808
waterbodies_NOUN,1914
weds_NOUN,1186
winters_NOUN,41182
whitefish_ADJ,1169
wouldbe,2102
waitresses,11300
warfighting_NOUN,2019
wrapping_VERB,92555
wrestles_VERB,3632
workbox,1747
wording_VERB,6447
worried_VERB,735756
writing_,1612
waddling,5008
wor_NOUN,2947
www.cla.co.uk_NOUN,1109
wreathed_ADJ,1348
wai_X,1109
wardrobe_ADJ,1084
wrangling,12792
wijngaardeniers,1808
watercourses_NOUN,9123
whitespace,1976
wolf,266831
waypoint_NOUN,2955
wor_ADP,2131
whenever_ADV,535389
waned,25127
weighted_VERB,50162
weathering_NOUN,11693
whopper_NOUN,1987
worl,1085
woodchips,1031
wishers_NOUN,6788
woven_ADJ,6870
wearying_VERB,4405
wohl,2371
wheelbarrow_NOUN,12862
workingwomen_NOUN,1291
with_ADJ,43135
woodlots_NOUN,1163
w2_ADJ,1710
whistleblower,11133
wk,21513
wreathed_VERB,11730
wormwood,6213
wizarding,1138
wick_NOUN,15807
wetland_NOUN,23004
world,9783629
wily,18149
workings,80036
wannabes,2044
woodcarving,1488
walkthrough,4630
wagged,22033
winkle,1029
whitening_NOUN,1130
www.harpercollins.com.au,1300
whither_VERB,7629
whisks_VERB,2046
who,31735505
warships_NOUN,30788
wheelbase,2535
www_ADJ,3136
wain,1900
wonton,2190
whar_ADP,2810
whomsoever_ADV,1231
wa'n't_VERB,4129
whimper,32989
warty_NOUN,2711
wishing_VERB,191386
windblown_NOUN,1712
watchmen_NOUN,10424
wearables_VERB,1074
wigged,1143
where'er_ADV,1711
womanhood,42928
we're_ADJ,8481
wad,28746
werd,1574
wobbling,12997
wounding_NOUN,5950
whom_PRON,2639522
wool_ADJ,5761
wherry_NOUN,1615
warping_NOUN,7330
woven_NOUN,7122
while_ADJ,10323
wattage_NOUN,3661
whisking,11854
wandered,192502
wich,2032
watermarking,9004
wnidziecie,1044
waistline_NOUN,7181
watercourses,9171
whisk_VERB,34257
weirdo,9250
wiretap_NOUN,2855
wonder_NOUN,455361
wait_NOUN,84287
www.capstonepub.com_NOUN,1097
wrapped_VERB,604961
wha,6706
wonderment,15768
withers_VERB,2916
waning,37999
waveforms_NOUN,20207
wicks_NOUN,3841
whispering_NOUN,24796
wireline,1297
wou'd_VERB,5304
warping,11494
wheeled,78343
whomever,21371
workhouses_NOUN,4604
walkout_NOUN,3174
worm,95932
ware_ADJ,3592
waffling,1816
wanking,1698
wolfing_VERB,2278
wallpaper_NOUN,28989
what's,2967
workstation,20656
workgroup,4366
wares_NOUN,41747
wooly_NOUN,1829
wiper_NOUN,4538
www.simonspeakers.com_NOUN,2184
wielders_NOUN,2306
wheezing_VERB,12767
withhold,46666
wisteria,3696
wile,2857
warlike,33233
wetsuit,4074
woodshed_NOUN,3958
www.aacr.com_ADJ,1243
writable_ADJ,1173
warlord,11905
worstcase,1175
weaning_NOUN,9658
wT,2040
wriggled_VERB,28178
wringing_NOUN,2264
withdrawal,220984
work_,2637
wears_VERB,111970
wir_ADJ,1258
windrows_NOUN,1169
waterfalls_NOUN,24920
wanted_ADJ,9315
wetted_VERB,8106
wider_ADV,4335
worshipping_NOUN,2740
wagging,27742
weirdest,7234
wagon_NOUN,193088
weeded,5457
wasabi,2780
whoop,15690
waterproof,24225
wishy,2468
www.iste.co.uk_NOUN,1934
wingtips_NOUN,1921
wetsuits_NOUN,1478
wainscoted,1397
workingman,4053
wrongheaded,2678
warmup,2096
withall,1832
www.corwin.com_NOUN,1141
weaker,178704
waitressing,2869
wakeup_ADJ,1093
wrathfully,3844
woodblock_NOUN,2806
wonders_NOUN,93713
woundedness,1120
warned,374782
whimpering,21507
wardrobe_NOUN,85771
wrecks_VERB,1238
worships,13344
weekdays,14074
whistle,126123
workin_NOUN,2333
workhouses,4794
wondrous_NOUN,1144
waking_ADJ,11876
whoredom,2195
warranty_NOUN,64495
wholehearted_VERB,2779
warred_VERB,7328
warbling_VERB,3543
worsted_VERB,7239
whut_ADP,1403
www.harpercollins.ca,1305
will_,5615
warden_VERB,2179
workaholism_NOUN,1333
wrinkle_ADJ,1131
westerners,4831
wafers,14127
wizard_VERB,2039
worth_ADJ,1147357
wantonness,5633
watts_NOUN,10475
wrangled,3885
wellknown_ADV,1232
wallow_VERB,8792
wand,51677
whisk,50103
weightlifting_NOUN,3145
www.copyright.com_NOUN,3520
worthwhile,98346
weren't_ADJ,1346
wagons,77885
were_,1644
whinnied,5188
worser,1401
www.mycapstone.com,2134
whites,214367
wellspring,6671
www.irs.gov,1384
wheelchairs,11004
was,150446550
weaves_VERB,16559
whatsoever_ADV,147050
wiz,1470
warmth,355032
wasteful,27916
whew,1376
wangfei_VERB,3314
waxed_VERB,23882
wt_ADJ,7742
wiggling_VERB,14099
wass,1621
workable_ADJ,27138
wrongfully_ADV,13741
wending_VERB,3339
whomever_NOUN,1195
workstations,13184
wittingly,3189
wildlands_NOUN,1425
weasel,16261
www.rowman.com_NOUN,1641
weaken,74875
warmest_ADJ,20195
wayfaring,2327
wag_X,1944
whimpers_VERB,4800
wir_X,10106
walker_NOUN,28862
wind_VERB,72907
windbreaks_NOUN,1625
womenГs_NOUN,2162
wicking_NOUN,1393
wilfully_ADV,11649
wv,1591
wits_NOUN,78096
webmaster,1108
watertight_NOUN,3920
whiskers,39618
wit,161622
wheezy_ADJ,3128
weeklies,3682
wuz_VERB,22023
washings,4906
wants_VERB,1262732
winnings,12782
worlds_NOUN,314809
wanderer_NOUN,20394
w_NOUN,181855
waltz_NOUN,22059
wave_NOUN,978921
warp_VERB,5855
wayward_ADJ,29427
waylaid,6611
wyrzekł,1040
wetter_ADJ,7081
worshiping_NOUN,1138
wisteria_NOUN,3603
wickedest,2020
willed,63837
worldwide,295442
wed,45399
wielding_ADJ,7460
worldscinet_X,1563
warpage_NOUN,1903
waning_VERB,30134
wakened_VERB,13490
woogie,1007
we'd,2203
weaves_NOUN,2331
wretchedness_NOUN,19786
whiteboards_NOUN,3631
washy,2892
whoops_NOUN,5216
warship_NOUN,18705
www.HarlequinMyRewards.com_NOUN,1632
wohl_X,1376
workaholics,1575
wicked_ADJ,311355
watchman_NOUN,25739
washer_ADJ,1161
warrantless,6159
welcomes_NOUN,3202
welcher,1172
wan_VERB,10533
weft,11360
wavelets,9617
wristbands,2716
wee_NOUN,53336
whiteboard,18039
warranty,64588
wellequipped,1075
wu,10105
www.millsandboon.co.uk_NOUN,2074
wa_VERB,6162
wail_VERB,12211
wenn_X,3806
witted,19195
wnet_X,3214
wagonette_NOUN,1108
waitin,9222
wag_NOUN,7585
winningly_ADV,1166
walkability_NOUN,2819
wenches_NOUN,3976
what,29308986
wharf,35583
weals,1055
wastepaper_NOUN,2443
willy,7644
wid,27676
whopping,9739
wobbles,4337
woodland,61947
wonder,1145320
whispery,2186
wot_NOUN,7008
warp,38488
wielder_NOUN,4686
wristbands_NOUN,2695
woman_ADJ,17813
weightier,4110
wele,1094
wreathing_VERB,1403
wiser_ADJ,61265
wringer_NOUN,2780
wizardry,5342
woodpecker,9573
whiteflies_NOUN,1373
wierzyli_X,1386
wardrobe,87054
workbench_NOUN,11536
walling,3549
wiretaps_NOUN,2449
wenhua_NOUN,1742
whomever_ADJ,1295
wypuścił,1962
wads,4400
waterproofing_NOUN,2962
writhe,12385
won,774243
wyll_VERB,1712
waterborne,8258
windsurfing,2760
warmers_NOUN,2666
wagered,4013
wiggling,15135
wreathing,1911
why'd_VERB,3171
wayes_NOUN,1550
won't_VERB,1468
www.iste.co.uk,4896
womanist,3469
wallflowers,1604
waded,24107
www.mdpi.com_NOUN,2910
wearable_ADJ,33515
wanderer,20571
weakest_ADJ,43605
woolly_ADJ,17067
wildly,151528
writing_ADJ,11797
woodworking,6165
whirred,6388
watermarks_NOUN,2600
wanteth,1014
withdraws,18468
withstanding,7882
whi_VERB,1416
wintry,19704
wp,4815
woe_ADJ,2189
walking_ADJ,6874
whoso,5172
wading_VERB,18744
walk,1932862
workbook,21033
winced,90260
whiter_NOUN,12473
wing_ADJ,125313
wildlands,1520
weeded_VERB,5225
winched,1634
wellsprings_NOUN,1700
worNing_VERB,5814
watered,55221
workstation_NOUN,20655
www.cla.co.uk,1121
wildfowl,1734
whut,3718
width_ADP,1427
warlike_ADJ,32165
wills,74403
whoops,6128
washed_VERB,320247
wordless,16137
worthies_NOUN,5806
wren,6709
wheezed,10683
wh_VERB,1721
www._ADJ,2371
wriggling_VERB,17280
wilts,1683
wares,41889
waked_VERB,14430
wastrel,2283
wij,1132
warms_NOUN,5733
wiggled_VERB,31592
worships_NOUN,3916
willowy,5904
warbler_NOUN,6639
wen,10095
worldview_NOUN,90001
wrist_NOUN,298966
withwith_ADP,1240
walls_NOUN,1187807
worlde_NOUN,1487
wrongfully,13946
wrecking,13178
wishes_NOUN,224711
whomsoever_ADP,1548
washcloth_NOUN,9343
wil_NOUN,3828
wisp_ADJ,3073
www.irs.gov_NOUN,1255
warlord_NOUN,11101
www.hoddereducation.co.uk,3047
wetland_ADJ,12009
wirklich,1578
windless_NOUN,1272
withdrawing,57738
worldview_VERB,5631
www.simonspeakers.com,2185
womenГs,2535
wickerwork,1178
would'st_VERB,1620
wobble_NOUN,10812
wood_NOUN,931220
womanist_NOUN,1672
wildflowers_NOUN,17162
waggle_NOUN,1809
wonderingly_ADV,9603
watchers,20415
wet,756742
watchmaker,4844
woodenly,2283
watchwords_NOUN,2198
we'll_ADJ,2278
waltzed_VERB,5983
wadna_VERB,1006
we,42498638
woolly,18175
worming,3005
woman_NOUN,5457367
wedded_VERB,29376
whirls_VERB,4724
wneud,1009
watching_NOUN,32263
whirl_NOUN,24899
whalemen,1637
wargame,1998
wilt,76686
walling_NOUN,1527
waterspout_NOUN,1720
wbt_X,1621
weg_X,3191
walking_VERB,1113003
wys,2570
webcam_ADJ,1428
whirligig_NOUN,1328
wryly_ADV,26899
weakens,22427
wastefulness_NOUN,3225
wliele,1000
www.vitalcoaching.com_NOUN,3395
waits,83047
wormhole,8432
wingtip,1880
welcomed,208579
wastes_NOUN,95646
withered,56801
workaday_NOUN,3516
waggon,13478
whigs_NOUN,1047
wierzyli,4624
www.hachettespeakersbureau.com_VERB,1009
weakens_VERB,22316
watching_VERB,1235833
washed,341117
woodchuck_NOUN,2194
wetlands,55078
weighing,114199
walnuts,26191
whirlpool,23433
wasn,2498
wT_NOUN,1837
washstand_NOUN,4812
whiled_VERB,2158
workday,17931
whores,15012
whimpered,35101
widows_VERB,1854
whack_VERB,6860
whithersoever,3112
was_VERB,150436664
workflows_VERB,1919
whereof,32582
whilst_VERB,14713
wus,3615
wastin_VERB,1053
warblers_NOUN,5732
www.packt.com_NOUN,1702
wresting,3999
waste,956770
wallow,12696
worry_NOUN,180891
weeping,133150
weń_X,2656
winds_VERB,16416
wintry_ADJ,16751
wis,6115
waive,24116
winged_ADJ,61764
worksite_NOUN,3012
waymarked,1239
walke,1161
wry,48401
wavers_NOUN,2375
wavefield_NOUN,1230
weaves,18902
wanes,6287
weasel_NOUN,13283
workweeks_NOUN,1181
we'll,6281
wadding_VERB,1037
waitress_NOUN,79225
wiggle_VERB,12050
waar_X,4422
windscreen,14327
working_ADJ,215270
watering_NOUN,39046
waives_VERB,4420
withstanding_VERB,7163
wig_NOUN,50546
wollen,2914
whiffs,2944
windows,730669
windward_NOUN,5015
wavelet_PRON,1929
whither,52194
wheelchair_ADV,3832
whitefly,2510
waterskin,1583
womb_ADJ,5639
wrong_NOUN,19837
widest_ADJ,33267
wider_ADJ,542898
washbasin_NOUN,4732
wah,4953
whiz,8879
wineglasses,3042
wringer,2896
wearing_VERB,901343
weakly_VERB,1196
wildebeest,3637
weaponry,29688
wheelbarrow,13578
w1,5694
wanker_NOUN,2678
wisecracking,1026
welldefined_VERB,1665
waters,541995
windage_NOUN,1345
wading,21805
wards_NOUN,53590
whirr_NOUN,4141
waxy,14221
wall_NOUN,2121934
worth_NOUN,260135
wideband_ADJ,2572
whisking_VERB,11553
worsted_ADJ,3738
whammy,2857
www.ChineseStandard.net_NOUN,1192
wolverines_NOUN,1033
waypoint,3193
worldly_ADJ,111692
women,6111711
wellformed,1096
waxy_ADJ,4116
windage,1374
weaN,1791
waterspouts,1041
wavefronts,2494
walks_NOUN,111329
wage_NOUN,330627
worldviews,32840
wended,5104
wheedle_VERB,3015
whit_VERB,1703
wat_NOUN,6477
weeknight,3336
wargames_NOUN,1817
wyn,1349
wheeling_ADJ,1885
wool_NOUN,164459
worshiping_VERB,14509
weariness_NOUN,45644
wench,20469
whist_ADJ,1043
wiggles_VERB,4180
workbench,11540
workin_ADJ,1041
workrooms,1376
watch'd,1207
ware_NOUN,23308
worryin_VERB,1338
wrested_VERB,11462
weaklings_NOUN,3409
walkways_VERB,1865
wolfish,6577
weeds_NOUN,104836
wrongdoings_NOUN,5887
wakening,2839
wane_NOUN,8023
wetting_ADJ,2319
wearers_NOUN,6327
waterless_NOUN,2604
woodsman_NOUN,4739
weapon_NOUN,467689
wees,10848
whiled,2160
wat,47032
waterholes,1571
wavefield,1408
waving_NOUN,11390
wuz,23531
waterworks,5513
woman,5475572
worlding,1935
wi,67279
west_ADJ,197024
worldwide_NOUN,8341
words_NOUN,6154644
waxing,14839
whitewash_VERB,2426
wanting,566650
wus_ADV,1286
wifey,1289
width_NOUN,287406
walled_NOUN,1070
whiff,33466
wheelchair_NOUN,80739
while,10573961
whoring,4132
wellintentioned_ADJ,1050
weeN,2086
wrestling_NOUN,45230
whole,4549419
wroth_NOUN,1677
wouldn_VERB,1966
wenn_NOUN,1601
warmed_VERB,111700
wd,2489
weathered,42626
wank,2064
werden_ADJ,1342
wayfarer_NOUN,5820
windowing,2914
wrought_ADJ,23891
wrongdoer,8942
withdrawals,20441
wedge_VERB,5007
washes_NOUN,16205
www_NOUN,51594
www.truthbetoldministry.net_NOUN,2047
waywardness,3126
whores_NOUN,14518
wranglers_NOUN,2238
weld_NOUN,24284
wiped,296499
windbreak_NOUN,1930
winter_NOUN,854432
wrist,299016
waiting_ADJ,1528
wszytka_X,1740
wants_NOUN,41141
whinny_NOUN,3507
wellbehaved,1392
wedlock_ADJ,1426
waterhole_NOUN,2872
widths,19913
wind_NOUN,1389116
windblown_ADJ,1523
wicket_NOUN,16476
wines_NOUN,93115
whilst_ADP,293371
welds,10006
ways_NOUN,3176935
welds_NOUN,9227
waist,454067
winners,62233
whistler_NOUN,1382
wide,2064797
watermarking_VERB,1070
woody_X,1585
waltzes_NOUN,2795
waists_NOUN,12333
willed_VERB,45071
welche,2832
won't_ADJ,5156
windbag_NOUN,1092
whine,33103
waveguides_NOUN,8560
winked,106760
wol,4124
wrenches_VERB,1844
willy_ADV,7577
ws_NOUN,5092
workspaces_NOUN,5691
www.ricksteves.com_NOUN,1064
week_ADJ,99591
watchmakers,1161
wander_NOUN,2200
wights,1666
włożyli,1502
whatever,1555854
washers_NOUN,6999
wobble_VERB,3997
whinnying_VERB,1869
wifi,2889
waster,2122
weaved,13955
wages_NOUN,355594
whinnying,2411
w.e.f.,2245
waterman,2288
weekly_ADV,33593
whitefish,2851
wrenches,5913
wheeler,10056
wishers,6877
worming_VERB,2441
wszystek_X,1227
wardroom_NOUN,2647
wallets_NOUN,13109
washerwoman,3886
wala,1541
wane,19459
worklife,1074
whichever,62675
witnesses_NOUN,297697
waivers_NOUN,12111
woebegone,2306
waterjet_NOUN,1017
www.cambridge.org,2389
wintertime_ADJ,1099
warden,33455
watchin_VERB,2953
weed_ADJ,6330
woody,39865
weariness,50275
womenfolk,4491
wondering,472578
windrow,1041
wid_NOUN,1148
workpieces_NOUN,2553
windowed_VERB,1114
whopping_ADJ,9739
wolde_NOUN,1137
waw,1295
workweek,5786
woollens_NOUN,1677
whiles_VERB,2900
www.facebook.com_NOUN,10589
wimps_NOUN,1316
wafers_NOUN,13955
wooers,1062
wainscot_NOUN,2640
webcam,7183
whitewashing,3342
wheeled_ADJ,15904
whereof_ADP,3848
wither'd,1076
wispy,12894
wealth,802420
weapons,659745
wrangled_VERB,3862
wurde,3697
weeN_NOUN,2034
works,2162882
wszakże_X,1497
workman,34059
wang,3965
wider,547284
webbing,8966
wireless,164811
weń,4968
wildcards_NOUN,1403
withal,23223
waterworks_NOUN,5512
wellness,54383
werk_X,2083
wear_NOUN,138994
www.recreation.gov,2319
weekday_ADJ,5360
wniść,2204
wolfed_VERB,3822
why_ADV,5600017
widder,1465
wag,16738
wrinkled_VERB,50984
wherefrom,1428
windbreaks,1635
wisher,2465
welldeveloped_ADJ,2369
worsened_VERB,36117
withstand,111184
wk_NOUN,17188
www.routledge.com,2379
whispers_NOUN,87374
wideband,6658
waterfall_NOUN,63461
waren,3571
wher_ADV,1533
weasels_NOUN,4232
watchers_NOUN,20415
wilds,18727
wszytkiej,3364
wavelike,1939
woodwindow_NOUN,2776
waffle,10331
wayes,1677
wavered,38760
wreckage_NOUN,37035
warmed_ADJ,5830
woad,1544
weather_ADJ,40009
wafts,4972
wipes_NOUN,8780
wellhead_NOUN,2238
wagging_VERB,21618
workingclass_NOUN,3689
whims,23900
waif,6715
windstorm_NOUN,3217
www.harpercollins.co.nz_NOUN,1040
wort,15653
warded_VERB,5658
wingspan_ADP,1462
wreathed,13090
wars_NOUN,315551
wampum_NOUN,3184
worldly,129756
wos,2524
who_PRON,31732102
whichpermitsunrestricteduse,1297
were_ADV,2404
wiretap,3408
winnable,1523
wal_NOUN,1214
wa'l,1138
weatherbeaten,1625
wrongness_NOUN,8642
wo_VERB,11978
whither_ADJ,6941
warehousing_VERB,2973
widout,1526
word2vec,2680
wings_NOUN,448792
wL_NOUN,1096
www.packt.com,1995
w'at,3121
widzicie_NOUN,1256
welleducated,2013
websites_NOUN,181164
wavevector,3025
weddings_NOUN,45884
websites,182098
worshipping_VERB,24194
wardship_NOUN,2112
wearying,5335
windowsill_NOUN,19532
warheads,14634
wired_VERB,55102
written_,1105
warplanes,2424
whereof_ADV,28124
wags,5043
watermarks,2668
want_VERB,9579631
wrangling_VERB,7396
wishes,413525
wrócili_X,1625
warms_VERB,13563
worded_ADJ,1763
watercolor,12279
warplanes_NOUN,2404
willin,3950
whiff_NOUN,31867
wobble,15704
wealthy_ADJ,291713
warbling,5096
wеrе,1577
watering_ADJ,4022
wes,3110
windlass_NOUN,4900
wofully,1132
weighted,195692
willing_ADJ,1075452
worldling_NOUN,1122
wavelike_ADJ,1521
wayang,2546
ween,3452
wells,115453
wrongs_VERB,1076
walrus_NOUN,8236
watertight_ADJ,5361
wher,2952
wch,2270
wattles,2313
weakened,127549
wast_VERB,8665
way_,1332
wrinkle,23743
whitecaps_NOUN,2170
walnut,39169
windmills,10977
walks_VERB,232042
wollte,1462
wideopen,1279
wrapt_VERB,4257
waste_VERB,163792
wracking_ADJ,2394
whimsical_ADJ,26230
waterman_NOUN,2249
wm_NOUN,1094
waiting_VERB,1765370
workgroups,2173
whisperings,4620
whistling_NOUN,6704
whit,15773
waxen,6982
wonderful,769115
widely,833804
wo_NOUN,1841
wigwam_NOUN,7821
wouldna,2111
wrinkled_ADJ,50839
wildebeest_ADJ,1429
what_NOUN,13819
wrathful_ADJ,10563
wish'd,2100
washtub,2034
whoa,7988
why'd,3484
wast,11067
wisdom_NOUN,686022
waddled,8577
well_NOUN,246153
wristwatch,8546
whirling,45695
woodsy_ADJ,3798
wat_ADP,1767
weeklong,5387
watershed_ADJ,11400
wikipedia,1248
wormed,6558
weightings,3442
waterboarding,1599
winnowing_NOUN,3336
wideranging_VERB,1061
well_X,238189
webbed_VERB,3297
warmer_ADJ,68984
www.readbox.net_PRT,1178
wyszedłszy_NOUN,1380
waging_VERB,19240
werk_NOUN,2805
wanton_NOUN,34754
wiv,2238
whistleblowing_NOUN,1222
wends,1402
whomever_ADP,5596
wildfire,22434
witticisms,3818
wedlock_NOUN,14887
wilting,8495
wattle,6151
widening,83626
waddled_VERB,8570
williams_NOUN,1172
workplaces,38212
woody_VERB,1068
wish'd_VERB,1632
witheringly,1071
wurde_X,1512
wandered_VERB,192425
warehouses,46069
www.Xlibris.com,2414
wallowing_NOUN,1401
www.westbowpress.com_NOUN,1256
wayfarers_NOUN,3989
windmill,16799
wel_VERB,2670
warrior_NOUN,213247
wannabes_NOUN,1880
wastewater_NOUN,111631
woodworking_NOUN,4919
warthog,1382
watch,1483329
weightlifter,1176
wheelie,2525
western_ADJ,526742
wattage,4224
wing,423055
walketh,3410
walkabout_NOUN,1842
weld,36900
wadis,1709
wherewithal_NOUN,11001
waterways_NOUN,28454
w3,1580
wok,11589
writhes_VERB,2847
waterwheels_NOUN,1253
wagers_NOUN,4608
whoring_VERB,2027
watersoluble_ADJ,1348
woolen,19640
weighting,48773
wes_VERB,2004
waking_VERB,164292
wierzycie,2772
whelmed,1231
wave,1112527
widowhood,9955
woodcutters_NOUN,2063
weft_NOUN,6835
wziąwszy_NOUN,1161
wen_VERB,1554
wire_NOUN,359673
witching_NOUN,3466
warning_ADJ,5120
wadding,2881
woodbine_NOUN,1330
wyrm,1833
woodwind,2798
workshops_NOUN,104403
warpath_NOUN,3498
wheedling_VERB,2107
wet_NOUN,6846
wetness_NOUN,40337
whimpered_VERB,35073
whānau,1763
wrote_VERB,1755363
whereunto_ADV,1412
winepress,3510
www.millsandboon.com.au_,1206
wandering_ADJ,15109
whence_NOUN,25354
werde_X,1319
worlds,314892
wonders_VERB,70991
whetting_VERB,1348
wickerwork_NOUN,1150
www.mes.gov.in.,1529
weave_VERB,51212
wearables_NOUN,5128
woodworker_NOUN,1479
wow_ADJ,1060
whānau_NOUN,1169
welleducated_ADJ,1091
waffle_ADJ,1403
watershed_VERB,3485
www.grin.com,1439
wetly,2939
wooed,9980
wondered,807815
wziąwszy,9466
what's_NOUN,2540
washington,2092
wisps_NOUN,18484
weel_NOUN,3996
wellto,1099
woof,9299
wash,346994
widespread,377291
warning_NOUN,443458
whatever_NOUN,7958
wrangle,7808
wistfulness,5665
wands_NOUN,6539
wrestlers_NOUN,9836
wherewith,20435
wszytka,1740
watchdog_NOUN,12135
waddle,3569
washout_NOUN,8366
winna,1524
wiretapping,2899
weltering,2026
wound_VERB,165690
wielded_VERB,37165
worldwide_ADJ,186300
worldviews_NOUN,31444
wäre_X,1061
workforce_NOUN,173517
witticism_NOUN,3172
worldclass_ADJ,1454
whorl,6466
woodsmen,1988
worthies,5827
whitening_VERB,8360
wolde_VERB,4011
webs,35280
whimsy,5078
welfare_ADJ,9931
weathervane_NOUN,1152
wise_NOUN,1089
wasters,1860
wafted_VERB,30738
woes_NOUN,33820
wavelength_VERB,1585
wetting,36172
woodcut,9193
wailing,49026
webserver,1039
woodsmoke,2134
wyll,2189
wanes_VERB,6088
wayfaring_VERB,1318
wrappers,15866
whiskies_NOUN,4806
weathervane,1181
wiped_VERB,296491
wintered,4034
willingness,234664
wrung_VERB,33920
woven,114525
waterlogged_VERB,2870
wacko,1193
water_ADJ,142005
wrecked_VERB,49612
withal_VERB,1855
wimp_NOUN,4471
worshiped,27887
wrongfulness_NOUN,2782
wharfs_NOUN,1549
womanly_ADJ,23671
www.zondervan.com_NOUN,1273
warped_VERB,8956
warts,18874
walloped_VERB,1770
were_VERB,49129360
writhed_VERB,26216
washerwoman_NOUN,3815
waiteth,1059
www.mdpi.com,2960
wringing_VERB,19487
windshields,2189
worshiped_VERB,27491
worketh_VERB,5510
wattle_NOUN,5495
water,7218220
whooped_VERB,7766
weed_VERB,11115
wordes_NOUN,2902
wrenching_VERB,8525
welcomed_VERB,208562
whig,1353
wringing,22087
wearisome_ADJ,11014
west,776207
whimpering_NOUN,3203
website_VERB,22993
wormwood_NOUN,5800
weft_ADJ,4165
wise_ADJ,610044
wields,9756
wretchedness,20015
wholemeal,3745
waterholes_NOUN,1560
wildflowers,17365
womanish_ADJ,2454
www.elsevier.c0m,9431
weld_VERB,6524
wrangle_VERB,5467
wee_VERB,2865
whisperer,3006
watershed_NOUN,41512
weekday,16606
waddle_NOUN,1082
winging_NOUN,1066
www.lernerbooks.com_NOUN,1128
width,308616
www.Harlequin.com,2985
windowsills_NOUN,2795
wróciwszy_ADJ,1074
wisp,22622
wil_VERB,5324
wizened_ADJ,6331
wilful_ADJ,21325
weaponization,1728
wołając,1619
wishin,1046
wallabies,2023
wakeup,2769
wrapper_NOUN,29735
wafts_NOUN,1984
warranting,6098
whan_ADV,1526
writerly,3754
www.youtube.com_NOUN,2960
waitlist,2202
weirdly,14163
whodunit,1618
wel,10320
warmed,117534
wanted,5586352
woundedness_NOUN,1097
warlock_NOUN,8995
westerly_ADJ,13712
wiggle,21422
weights_VERB,2090
welding_ADJ,1058
wheelset_NOUN,1805
wholistic_ADJ,1439
westernized_ADJ,2178
whales_NOUN,55824
watches,130153
windowsill,20648
worries_VERB,31330
wingspan,6628
wrong,2447060
wstąpił,4156
wedging_VERB,4238
washing_NOUN,126691
whether_NOUN,1643
whist,9147
washes,33019
walrus,8744
weight_VERB,15295
workmanship_NOUN,25965
wins_NOUN,48188
www.Harlequin.com_NOUN,1447
wiki_ADJ,4321
washrooms,2174
writing,2227209
wildness_ADJ,2245
whome,1862
w2_NOUN,2000
watchtowers,3270
whiche,5364
worst_ADV,1554
will_VERB,32646918
word,4008502
wisher_ADJ,1201
whitelist,1110
whined,32401
whittled_VERB,6332
worms,85017
wrinkles_NOUN,50877
worNing_NOUN,1706
whore_VERB,1758
wails_NOUN,12909
www.bibliobazaar.com_,7960
woodcraft_NOUN,1863
wake_NOUN,219443
wherefore_ADP,2229
wur_VERB,2473
walking,1289448
wideband_ADP,1128
when_VERB,1811
waistcoat,41498
w0_NUM,1710
wryly,27078
wadding_NOUN,1787
worshiper,7019
warzone_NOUN,1110
wud_VERB,2699
wakening_VERB,1848
workspace,29113
wresting_NOUN,1073
wstawszy,5080
withheld,53249
whoever,213383
wheezed_VERB,10678
wait,1615489
warmup_NOUN,1979
worthlessness_NOUN,8269
withered_VERB,42352
wildfires_NOUN,9941
worth,1422252
wielder,4716
welfarism_NOUN,1920
wszytkiej_X,2784
whisked_VERB,26713
warn_ADJ,1428
wend,4417
workplaces_NOUN,37117
wisest,33299
waterline_NOUN,7314
waddling_VERB,4403
wanta,1324
wherefores,1419
wyrm_NOUN,1653
willingly_ADV,130972
wickedness_NOUN,67138
westward_NOUN,24996
womens,2124
warring_ADJ,10101
weer,13858
wherever,292638
whisper_VERB,100738
witless,5581
wakker,1193
walnuts_VERB,3643
worker_NOUN,458481
wt_ADP,33546
warfarin_NOUN,19997
wets,3699
wald_VERB,1057
weekends_NOUN,99704
welder_NOUN,4718
whey_ADJ,1475
waszych_X,1274
warhorse_NOUN,3358
wordes,3576
wasps_NOUN,20430
wads_NOUN,4183
www.epa.gov,1536
wrestling_VERB,28067
wei_VERB,1037
wrists_NOUN,120087
workflows_NOUN,14634
wanderlust,3238
walks,343436
wade,20287
written_VERB,2352687
wintering_VERB,5824
willin_ADJ,3554
workplace_ADJ,44153
wisps,18644
wily_ADV,3363
wh_NOUN,2662