Xianfa_NOUN,1136
XXXX_NOUN,2398
Xers_NOUN,3029
Xintong,1169
Xhia_NOUN,1117
XXXIV_NOUN,9854
Xiaoqian,3237
Xnuk_NOUN,2300
XRF_NOUN,4238
Xinghai_NOUN,4237
Xx,1108
Xiaofo_NOUN,1249
Xiling,2709
Xiaoqiang_NOUN,1470
Xenocrates,1387
Xiaoqing_NOUN,7953
Xinlian_NOUN,1302
Xuesong,2417
Xlibris,4630
Xiaolin_NOUN,3379
Xt,5316
XBRL_NOUN,2795
X.C._NOUN,1168
Xiangyang,2922
X._NOUN,375090
XVIIIth,1210
Xiner,1470
Xinyue_NOUN,12444
Xiomara,2020
Xiangtao_NOUN,3350
Xingran,1528
XIIIe,2202
Xianyao,1521
Xulie_NOUN,1460
Xiaohe_NOUN,9711
Xð_NOUN,1859
Xinghe,17440
Xo,1317
Xiaosu,16697
XV_NOUN,65834
Xane_NOUN,1376
Xueying,1008
Xiaoxian,3902
Xiangyi,1218
Xiaofang,1285
Xiaohu_NOUN,1971
XXXIII_NOUN,10657
Xiaobing,1652
Xing_NOUN,257947
Xiaoxue_NOUN,11143
Xiangxi,1881
Xiaojing_NOUN,2059
Xiongnu,4057
XF_NOUN,2707
Xiaoxi_NOUN,2529
XVII,48669
XJ_NOUN,3814
Xuanyuan,50824
Xin,241252
Xuzhou,1984
Xiaorui,1311
Xinyuan,1505
X5,2880
Xiruo,14584
Xander,38978
Xenon,2579
Xiaotong,2808
Xuanhan_NOUN,2553
Xinyan,2324
Xiaohui,1423
Xylem_NOUN,1589
XK_NOUN,1900
XPath_NOUN,1686
Xray,2605
Xixi,6290
Xiaoxing,5826
Xuanming_NOUN,1248
Xiaoning_NOUN,2771
Xiaoyao,4701
XIAO,2874
Xinling_NOUN,3209
Xanax,4304
Xifeng_NOUN,2243
Xuemei_NOUN,7882
Xiyu,6399
Xiaoan_NOUN,7201
Xueyi_NOUN,4484
Xiaorong_NOUN,5789
Xerxes,17484
Xuezhen_NOUN,1243
XCI_NOUN,1139
Xinyun_NOUN,1567
XO_NOUN,8577
Xiaomu_NOUN,2754
Xiaoyun_NOUN,4687
Xiu_NOUN,96904
Xero_NOUN,5217
X6,1263
Xiaoran,8318
XIX,43775
Xinyuan_NOUN,1500
Xuemo,1185
Xianxian_NOUN,18397
Xinjiang_NOUN,21610
Xd_NOUN,1151
Xiaoyi_NOUN,7504
X_train_NOUN,2517
Xiling_NOUN,2702
X2_NUM,5935
XT,6437
Xiaofeng,13346
Xueman,1255
X.G._NOUN,1014
XU_NOUN,2508
Xiangming_NOUN,2462
Xiuxiu,1648
Xeon_NOUN,4894
Xinxin_NOUN,5106
Xiwen_NOUN,1906
Xuanzhi,1463
Xing'er_NOUN,1868
Xiaolong_NOUN,2809
Xuanyue_NOUN,1744
Xuanhe_NOUN,1571
X._VERB,7867
Xiaodai,1178
XX_NOUN,65986
Xiaoyan_NOUN,3415
XDR_NOUN,1958
Xochi,1560
Xenia,5458
XBRL,2857
Xiaoxia_NOUN,1228
XIIth,1119
Xavier_NOUN,69653
Xuefeng,1368
XIIIe_NOUN,1470
X10,1092
X.S._NOUN,1915
Xianyue_NOUN,1040
Xuanwu,2309
XLVIII_NOUN,4661
Xiruo_NOUN,14579
Xiangrong_NOUN,6693
Xiamen,6989
Xpert,1432
Xiaoer_NOUN,1393
Xanthomonas,3897
XRF,4269
Xuanwu_NOUN,2301
Xualla_NOUN,1311
Xanax_NOUN,4280
Xiaowu_NOUN,1581
Xn,11668
Xuanzong_NOUN,1272
X.509,1584
XGBoost_NOUN,2573
X3,6287
Xiaoxiao_NOUN,79737
Xiaoming,3453
Xiaonan,1412
Xuanyuan_NOUN,50611
Xuanzang,1725
XI_NOUN,105367
Xuanzhi_NOUN,1462
XVIIe,3262
Xueqing,4054
Xiaowen,3853
Xiamen_NOUN,6847
Xingwu_NOUN,1048
XPM,1196
Xiyue_NOUN,11718
XVIII_NOUN,50512
Xiushan,1460
Xiaochen,3588
XLI,6819
X.F.,1526
Xiaoxing_NOUN,5823
Xanthe,3096
Xize,1415
Xiangqian,1156
X.S.,1915
Xinwei,1948
X1_NUM,6049
Xiangqian_NOUN,1155
Xenia_NOUN,5437
Xiaosu_NOUN,16694
Xianbei,2249
Xanthium,1307
Xerox_NOUN,9716
Xiaobai,22169
XSD,1325
XLIII,5844
Xiaolan_NOUN,7941
Xiaobing_NOUN,1651
Xiaoqing,7969
Xiaoyuan_NOUN,14465
XXII,28987
XIe,1157
Xerostomia,1427
Xiaodong_NOUN,6686
Xena,8399
Xiaoxue,11184
Xiaotang_NOUN,1808
Xiaotang,1810
Xueyao,1740
Xiaofei_NOUN,4438
XPath,1710
XVth_NOUN,1223
Xiaobo,2756
Xinhao,2632
XC_NOUN,5436
XVe,1815
XL,20261
Xianxian,18404
Xylitol,1241
XR_NOUN,6870
XV,69035
XY,21031
Xiaodao_NOUN,5057
Xiaoshi_NOUN,3364
XXXVI_NOUN,8171
Xiaomeng,2523
Xiaobai_NOUN,22167
Xe,6948
Xualla,1323
Xiaomo_NOUN,4636
Xenopus,5274
X.L.,2607
XK,1960
Xiaoping_NOUN,17341
Xiaoyan,3418
Xit,1368
Xingcan_NOUN,10944
Xplore_NOUN,1075
XVIe_NOUN,1665
Xiyin_NOUN,1058
XSS,3753
XXXVIII,7646
Xingzhou,2554
Xan,4470
Xiaomeng_NOUN,2523
Xinai_NOUN,2148
Xiuming,1189
Xiangyu_NOUN,1444
Xiaogang,1795
XXVIII,16594
Xero,5249
Xie,183695
Xenophon,21843
Xuebao_NOUN,1025
Xueli_NOUN,3816
Xiaoyu,29119
Xinai,2152
Xiangjiang_NOUN,1010
X.Q.,1186
Xueyan,2543
XRT_NOUN,1759
Xingchen_NOUN,4176
Xiaodan,1357
Xar,2007
Xilai_NOUN,1077
X1,17849
XXe_NOUN,1056
Xueyi,4487
XXVI_NOUN,19063
Xuanzong,1277
Xiaolang_NOUN,2297
Xiliang,1459
Xiuzhu_NOUN,1332
Xinhao_NOUN,2632
Xd,1212
Xj_NOUN,2228
Xerxes_NOUN,17437
Xuanzi,1099
Xiaoshu,4736
Xiaomo,4638
Xianyu,1423
Xue'er_NOUN,13122
XXV_X,1108
Xmas,3552
Xumi_NOUN,1959
XRT,1801
Xenocrates_NOUN,1374
X.L._NOUN,2605
XLV,5260
Xun,36132
Xuanhe,1595
Xiaoting,4006
X7,1073
Xiansheng_NOUN,1257
Xiya,2662
Xiaoxuan_NOUN,1743
XXXIX_NOUN,6676
XN_NOUN,4708
Xiaoluo,2491
Xeno,1742
Xiaoxuan,1759
Xiahui_NOUN,1049
X._CONJ,1186
Xiaoxiao,79830
Xiaoqiang,1470
Xinling,3213
Xiaoke_NOUN,1596
Xirou,2483
XIV_X,1353
Xiyuan_NOUN,1103
Xiaoshan,2694
XO,9175
X_NOUN,1849438
Xilai,1077
XVIe,2983
Xenos_NOUN,1498
Xiaozi_NOUN,4095
Xanthan,1264
XH,3155
Xiyue,11725
Xiaoman,4869
Xiulan_NOUN,2052
Xiaohu,1977
Xth,1141
Xinyang,1346
Xiaoying_NOUN,5072
XL_NOUN,19908
Xinjiang,21689
Xiaoya_NOUN,8807
Xanthippe,1336
Xunzi,6336
Xianer,4527
Xanthus_NOUN,2387
Xiang,177066
XXV,22044
Xilin,1538
Xanth,1782
Xiaotao,1427
Xaver_NOUN,1011
X.Y._NOUN,2909
XF,2751
XQ,1720
Xinghai,4337
X4_NUM,1352
Xingwen,1730
Xianer_NOUN,4527
XXXIX,7343
Xiangfu_NOUN,1049
XXVII,18447
Xiaotao_NOUN,1424
XVIIIe,4271
X3_NUM,2200
Xiaoju,2288
Xiaoyue,11768
X.D.,1437
Xin'er,6449
Xi'er_NOUN,2612
Xian,57925
XI,106288
Xiahou,5664
Xers,3029
Xiangxi_NOUN,1869
Xiaowei_NOUN,3590
X.W._NOUN,1279
Xen_NOUN,3030
Xianyue,1040
Xiaosheng_NOUN,1143
XXIV,24494
Xiaojie_NOUN,2840
Xiaowei,3594
Xianbei_NOUN,2240
Xiong,48908
Xcode,4297
Xiran,7920
XXY,1705
Xiaohan,1626
Xrays,1211
Xiaoyun,4689
Xiaomi_NOUN,6489
Xingyu,1618
XLVI,5009
XYZ_NOUN,20535
Xueer,5400
X_ADJ,7122
Xiaohe,9713
Xinyan_NOUN,2323
Xuan_NOUN,199680
XAMPLE,2740
XIIe,1955
Xianglong,2055
X.Q._NOUN,1184
XA_NOUN,2238
XXI_NOUN,35252
Xiaolong,2821
XE,2838
Xð,1864
Xun_NOUN,36082
Xylene_NOUN,1610
Xi_NOUN,269512
Xi'er,2664
Xinran,3791
Xt_NOUN,4919
XPM_NOUN,1182
XVIIIe_NOUN,2260
X_train,2775
XVIIe_NOUN,1670
Xingzhou_NOUN,2381
XVI_NOUN,76166
Xenophanes,2823
Xuanzang_NOUN,1718
X.P.,1037
Xiaoman_NOUN,4864
XYY_NOUN,2002
Xingran_NOUN,1525
XAS_NOUN,1476
Xiushan_NOUN,1435
Xianyang_NOUN,1554
Xp,1817
XLVII_NOUN,4777
Xinjie,4159
XLV_NOUN,5115
Xiangru,2582
XLIV,5505
Xiangru_NOUN,2582
XVII_X,1119
Xth_NOUN,1133
Xanthine,1154
Xen,3144
X4_NOUN,1397
XXVII_NOUN,18279
Xi,270353
XE_NOUN,2586
Xiaofan_NOUN,3307
Xiaorui_NOUN,1311
X3_NOUN,3255
Xiangyang_NOUN,2906
XW_NOUN,1482
Xiaoling,3849
Xiyin,1059
Xia_NOUN,309468
Xiaoke,1596
Xiaoyu_NOUN,29109
Xisheng,1720
XJ,3845
Xueman_NOUN,1253
Xiangcao_NOUN,1707
Xiaohua_NOUN,5286
XLI_NOUN,6750
Xianyu_NOUN,1422
XVIIIth_NOUN,1194
Xinran_NOUN,3790
Xuejia,1359
XIXe_NOUN,1578
Xiaowan,1774
Xiaoting_NOUN,4005
Xiansheng,1257
Xm,2654
Xela,1517
Xiaomi,6508
Xuemo_NOUN,1185
Xeno_NOUN,1384
XC,5540
Xiaowen_NOUN,3852
XB_NOUN,2731
Xinyang_NOUN,1333
XLPE_NOUN,1081
XXVIII_NOUN,16448
XRD_NOUN,24141
Xabier_NOUN,1123
Xiaowu,1583
X.C.,1171
Xining,1056
Xiaoming_NOUN,3340
Xiaosheng,1144
Xian'er_NOUN,1938
XG_NOUN,3967
Xiaochen_NOUN,3585
Xuanyue,1745
Xue_NOUN,208494
XX_X,2590
Xumi,1963
XVI,77376
Xisheng_NOUN,1720
Xiaodai_NOUN,1178
Xenakis,2812
Xylene,1661
Xylose,2325
Xinhua,10611
Xin_NOUN,239592
Xiaoru,1429
Xuanxuan_NOUN,1854
X11_NUM,1101
Xiaoshan_NOUN,2694
XXXII,12138
XII_NOUN,97459
Xianyang,1556
XXXI_NOUN,12941
Xinxin,5115
Xuan_ADJ,1023
Xiyuan,1115
Xiaoshi,3368
Xiaochuan_NOUN,1338
XA,2487
X.G.,1014
XYZ,20946
Xuelin,1454
Xueer_NOUN,5400
XLIV_NOUN,5143
Xi'an,12592
Xβ,1347
Xiaomu,2754
X.,388115
Xiaomei_NOUN,15959
Xiaoran_NOUN,8318
Xiangyu,1445
Xing_VERB,2174
Xiaoya,8808
Xerox,9765
Xiangming,2463
Xingu,2499
XIII_NOUN,81154
Xanthomonas_NOUN,3772
Xiaolang,2299
X,1963216
Xanthe_NOUN,3079
XXXVII,8436
Xiaoer,1393
Xiaogang_NOUN,1793
Xinghua_NOUN,1097
Xiangfu,1050
XLIX_NOUN,4148
Xuefei,1833
Xiaozhong_NOUN,2776
Ximena_NOUN,3844
Xiaochun_NOUN,2039
Xirou_NOUN,2481
Xn_NOUN,10835
Xinyao_NOUN,5324
Xu,475839
X.D._NOUN,1437
Ximenes,1532
X0_NUM,2458
Xiuxiu_NOUN,1646
Xray_NOUN,2555
Xaver,1024
Xianhe_NOUN,4818
XXXV_NOUN,8952
Xiaobao,7273
Ximena,3848
XD_NOUN,3452
Xiaolan,7945
Xuelin_NOUN,1453
Xanthippe_NOUN,1317
Xiangchuan,4297
Xam,1006
X.M.,1773
Xiaoshu_NOUN,4723
Ximen,10847
Xochi_NOUN,1560
Xiao_VERB,2986
Xiaoling_NOUN,3848
Xenakis_NOUN,2798
Xan_NOUN,4316
Xinlian,1306
Xiaofei,4441
Xiaoping,17858
Xiao,1017040
Xiangcao,1707
XM,4809
XXXV,9852
Xiaoxia,1230
XIV,99539
Xiaoyi,7511
Xenopus_NOUN,5032
XVIIIe_X,2008
Xin'er_NOUN,6389
Xinghua,1098
XOR_NOUN,10018
XPS,13176
XXX_NOUN,22036
Xuening,3995
XIX_NOUN,41724
XCI,1147
Xiang_NOUN,176669
Xixi_NOUN,6283
XXI,35854
Xx_NOUN,1021
Xuanxuan,1860
Xunqian,1484
Xing,260199
Xiao_NOUN,1012909
Xiaodan_NOUN,1357
XLVIII,4701
Xiaoru_NOUN,1429
Xiaonan_NOUN,1412
XXIII_NOUN,30224
XRP,1350
Xlibris_NOUN,4601
Xiangtao,3390
XDR,1976
XXXVII_NOUN,7715
Xiaojia_NOUN,4058
XLIX,4169
XANES,1941
X.Y.,2913
Xc,1931
Xiulan,2056
Xiwen,1906
X_,1666
X11,1456
XXe,2113
Xbox_NOUN,7221
Xuan,200864
Xia,310664
XVII_NOUN,46807
Xane,1388
Xiangqing,1114
XFFL_NOUN,1579
Xingchen,4181
Xiahui,1049
Xiran_NOUN,7918
Xianfa,1138
Xingu_NOUN,2463
Xingyi_NOUN,3034
XIV_NOUN,97425
XN,5259
Xiaobei_NOUN,3150
Ximen_NOUN,10830
Xuejia_NOUN,1359
Xinmei_NOUN,1899
Xenophanes_NOUN,2801
Xiaoqian_NOUN,3231
Xinyao,5336
Xuanji,4023
Xylose_NOUN,1999
Xuebao,1027
Xk_NOUN,3378
X.M._NOUN,1768
Xunqian_NOUN,1484
XB,2840
Xanth_NOUN,1755
Xpert_NOUN,1422
XQ_NOUN,1711
X.509_NUM,1429
Xingyun_NOUN,4817
XS_NOUN,4869
XIIth_NOUN,1082
XANES_NOUN,1854
Xuanyin,2253
Xuesong_NOUN,2417
X._X,1326
Xenophobia,2602
Xiaojun_NOUN,2776
XZ,4174
Xianhe,4818
Xinrui_NOUN,2139
X1_NOUN,9976
Xhosa,5842
Xiaoxian_NOUN,3901
Xiaofeng_NOUN,13346
Xuezhen,1243
XXL_NOUN,1012
Xiaohui_NOUN,1417
X.X.,1064
XAS,1500
XXXI,13058
Xingyan_NOUN,1412
Xi'an_NOUN,12310
Xiaofo,1249
Xudong_NOUN,2883
XP_NOUN,11923
XIAO_NOUN,2868
Xiaoying,5074
Xido_NOUN,1003
Xue'er,13305
Xinyu,4961
Xar_NOUN,2004
Xining_NOUN,1029
Xiaomin_NOUN,3784
XXXIII,11436
Ximenes_NOUN,1522
XLII_NOUN,6336
Xinmei,1901
Xit_NOUN,1340
XML,37315
Xiaojun,2776
Xuefeng_NOUN,1368
X.P._NOUN,1037
Xiu,97157
XS,5055
Xela_NOUN,1513
Xplore,1076
XXX,24490
XXXIV,10563
Xnuk,2300
Xavier,69975
Xenophobia_NOUN,2573
Xiaodong,6689
XXXVI,8988
Xiuming_NOUN,1189
Xinyu_NOUN,4958
Xiaolian_NOUN,4455
Xiomara_NOUN,2019
Xueqing_NOUN,4042
Xilin_NOUN,1538
Xingwen_NOUN,1730
X.J._NOUN,2199
Xiyan,16360
Xian_NOUN,56748
XXXII_NOUN,11286
Xj,2326
Xanthium_NOUN,1270
Xiaolou_NOUN,4986
Xena_NOUN,8353
Xenophon_NOUN,21778
Xue,208576
Xenos,1501
Xk,3536
Xiaomin,3788
Xc_NOUN,1901
X4,3243
Xing'er,1944
Xueyao_NOUN,1740
Xinhua_NOUN,10530
Xiaoyue_NOUN,11768
Xuefei_NOUN,1833
Xylem,1633
Xingyun,4821
XLIII_NOUN,5328
Xp_NOUN,1753
XPS_NOUN,13106
XXV_NOUN,20645
Xiaochuan,1342
Xuanji_NOUN,4022
Xiaofang_NOUN,1281
Xiner_NOUN,1469
Xylitol_NOUN,1177
Xiaoju_NOUN,2284
Xingyu_NOUN,1617
XU,2517
X2_X,1325
Xm_NOUN,2533
Xiantian_NOUN,3137
Xinxia_NOUN,3041
XRP_NOUN,1320
Xiahou_NOUN,5656
Xiaoqi_NOUN,8954
Xiyan_NOUN,16348
Xiaobei,3150
Xanadu,2571
Xiaoan,7201
X2,18307
XLVII,5238
Xiaohua,5287
Xiya_NOUN,2658
Xe_NOUN,6217
Xiaoning,2771
XRD,24373
XBP1,1071
Xmas_NOUN,3457
X0_NOUN,2543
XIX_X,1634
XXXX,2478
Xiaomei,15967
Xinyi,3829
Xs,5118
XX,69846
Xiaozhong,2776
Xueyan_NOUN,2542
XXIX,15486
Xuanzi_NOUN,1096
X5_NOUN,1998
Xiliang_NOUN,1454
Xuehan,2212
XR,7140
X_test,2217
Xifeng,2244
XYY,2039
XIXe_X,1628
X2_NOUN,10064
Xuening_NOUN,3995
X.H.,2171
Xinrui,2141
Xueli,3817
Xiaoqi,8959
XGBoost,2774
Xiaolu,1085
XIIe_NOUN,1322
X.H._NOUN,2171
Xinjie_NOUN,4159
Xuanyin_NOUN,2247
Xiangrong,6694
XG,4048
Xiaoyang,2221
XV_X,1985
Xinghe_NOUN,17426
XIII,82983
Xulie,1460
XT_NOUN,5870
Xiaofan,3333
Xiaojia,4058
XII,99686
XIXe,3656
XH_NOUN,3087
Xingwu,1048
X0,5488
XML_NOUN,36151
Xabier,1131
XVth,1294
XOR,10769
Xs_NOUN,5026
Xiangyue,1496
X._PRON,1002
Xingcan,10955
Xilinx_NOUN,2262
Xiaochun,2043
Xunzi_NOUN,6236
XLPE,1107
X.W.,1280
Xiaoli_NOUN,8255
Xudong,2885
Xiaobo_NOUN,2751
Xianglong_NOUN,2054
Xiangchuan_NOUN,4290
XLVI_NOUN,4579
XW,1506
Xanthos,1005
Xanadu_NOUN,2550
Xiaoyao_NOUN,4687
Xbox,7402
Xavi,2482
Xander_NOUN,38908
Xingyue_NOUN,1482
Xa_NOUN,8456
Xintong_NOUN,1169
Xinyun,1568
XXIII,30382
Xenon_NOUN,2481
XXIV_NOUN,23950
Xiangyi_NOUN,1218
Xavir,2647
Xian'er,1947
Xingyue,1488
Xβ_NOUN,1212
XXII_NOUN,28555
Xeon,4922
XM_NOUN,4720
X_X,105409
Xiangqing_NOUN,1096
Xcode_NOUN,4260
Xuehan_NOUN,2211
Xiaojie,2840
XD,3611
Xuemei,7888
Xiangjiang,1023
XXY_NOUN,1416
Xize_NOUN,1415
XIVe,1508
X_test_NOUN,1917
Xiaolou,4990
Xiaotong_NOUN,2807
Xanthus,2391
Xiaojing,2067
XVIIe_X,1590
Xhia,1120
Xiaoluo_NOUN,2487
Xhosa_NOUN,5810
Xiuzhu,1333
Xiyu_NOUN,6373
Xuanhan,2557
XXIX_NOUN,15411
Xido,1012
Xiaolu_NOUN,1085
X.J.,2199
Xiantian,3718
X.F._NOUN,1526
Xa,8581
Xiangyue_NOUN,1493
Xiaoli,8256
Xiaoyang_NOUN,2221
Xiaobao_NOUN,7259
XVIe_X,1180
Xhea,7277
XAMPLE_NOUN,2730
Xinwei_NOUN,1948
Xu_NOUN,475219
Xiaolian,4477
Xiaowan_NOUN,1773
XVIII_X,1503
Xuzhou_NOUN,1951
Xilinx,2317
Xingyi,3035
Xiaotian,31546
Xinyue,12444
XFFL,1579
Xiaorong,5790
X.X._NOUN,1063
XVIII,52725
Xiaolin,3380
XI974,1009
XXVI,19525
XLII,6923
XSS_NOUN,3646
Xiong_NOUN,48884
Xuanming,1293
XFEL,1002
Xueying_NOUN,1007
XXXVIII_NOUN,7098
Xerostomia_NOUN,1393
Xiaohan_NOUN,1625
Xie_NOUN,183362
Xingyan,1413
Xo_NOUN,1243
XY_NOUN,20256
Xiongnu_NOUN,4017
Xiaoyuan,14467
Xiaodao,5059
Xiaoxi,2530
XSD_NOUN,1294
Xrays_NOUN,1205
XP,12606
Xavir_NOUN,2635
Xinyi_NOUN,3827
Xavi_NOUN,2464
XXL,1027
Xiaotian_NOUN,31537
Xianyao_NOUN,1521
Xiaozi,4096
XZ_NOUN,4072
Xinxia,3041