xvi_ADV,3275
xxviii_ADV,1066
xe4_NUM,1958
x4_NUM,4949
x64,1044
xing_NOUN,1058
xylose_NOUN,5971
x6_NUM,1479
xlabel,2069
xb,1567
xenotransplantation_NOUN,2224
xylazine,1183
xlviii,2377
xR,1154
xv_NOUN,31858
xz_NOUN,3465
xe6_NUM,1026
xenon,5835
xh,1240
xy_X,1414
x0,24406
x5,2779
xc3_NUM,1215
x5_NUM,2133
x3_NOUN,1538
xxv_X,4593
xwe,1540
xenon_NOUN,5201
xxxv_X,1358
xiang,2841
xd5_NUM,2237
x0_X,3052
xylanase_NOUN,3218
xliii_NOUN,1970
xx_CONJ,1155
xvi_NUM,1708
xc6,1029
xii,67242
xÃ_NOUN,1702
xxxii_NUM,2318
xÞ,1290
xg,1294
xð_VERB,3164
xxxiii_NOUN,4345
xvi_NOUN,29337
xxxiv,7497
xylan_NOUN,2549
xanthan_ADP,2734
xx_NOUN,32735
xiao_X,1322
xliii,3564
x0_NUM,16778
xu,2932
xia,1704
xliv,3204
xv_CONJ,1634
xenografts_NOUN,3156
xt_NOUN,6008
xxiii_ADJ,2378
xxx_VERB,3445
xxi_ADJ,1627
x3_X,1375
xiv_ADJ,2714
xf,1844
xviii_X,5175
x0_NOUN,1774
xc4,1221
xp,3405
xd,1854
xue_X,1001
x9,1158
xe5_NUM,1959
xxvii_NOUN,9998
xe,4316
xenobiotic,5048
xa_NOUN,2272
xf5,1063
xð_NOUN,2983
x8_NUM,1340
xiii,70673
xv_X,14807
x1_NUM,26260
x,3586047
xi_NOUN,69398
xf3_NUM,1204
xxxvii_NOUN,3295
xuan,1381
xlix,2411
xT,4881
xiao,2285
xmax,1249
xin,4578
xxxv_NOUN,1291
xxxvii_NUM,1476
xlab,1731
xvii,45905
xenophobic,12167
xlabel_NOUN,1970
xerostomia_NOUN,2938
xmin,1007
xức_X,1166
xxx,21463
xxii_NOUN,19021
xxxxx,1350
xli_NOUN,3642
xxv_VERB,1186
xanthine,5501
x1_ADJ,3109
xii_NOUN,49609
xy_ADJ,2669
xxvii_VERB,1289
xyz,3436
xxii_VERB,1715
xi_X,17400
xenogeneic,1070
xA,1729
xxvii_ADV,1290
x2_ADJ,11419
xxi_ADV,2078
x6,1849
xiphoid,1952
xd4_NUM,1888
xxxi_NOUN,6695
xo_NOUN,1347
xj_VERB,1276
x00,1340
xc3,1366
xu_NOUN,1379
xii_VERB,4641
xd5,2429
xanthan,6437
xm_NOUN,2560
xc_NOUN,2182
xð_ADP,6524
xk,14098
x2_X,6110
xức,1168
xxxvii,6095
xian_X,1421
xeric_ADJ,1072
xxvi,15464
xα,1892
xiang_NOUN,1310
xxxviii_NOUN,2733
xe6,1206
xv,58575
x1_NOUN,1685
xv_ADP,1623
xð,14446
xxi,29638
xxxvi_NOUN,2501
xs,6997
xc4_NUM,1075
xenoliths,1200
xiaoshuo,1169
xi,114527
xð_X,1044
x3_ADJ,2308
xix_ADJ,2158
xs_NOUN,5234
xi_ADJ,4961
xiv_X,27691
xenophobia,16514
xv_VERB,4666
xl_X,1078
xxix_X,1320
xxiii_X,8748
xix,37466
x8,1563
xylanases_NOUN,1587
xk_NOUN,7493
x_ADJ,43678
x86_NUM,2295
x_X,543769
xylitol,3129
xo,2665
xix_VERB,2813
x12_NUM,1136
xj,7473
xxvi_NOUN,11529
xylem,11935
x_NOUN,2998266
xij_NOUN,1040
x3_NUM,10625
xe5,2127
x00_NUM,1221
xwe_X,1449
xvi_VERB,3955
xf6,1849
xij,1403
xxx_X,7055
xy,29305
xenograft_NOUN,6028
xlvi,2393
xÞ_NOUN,1200
xlviii_NOUN,1850
xxxx_NOUN,1642
xiv_VERB,3608
xian,3608
xμ,1020
xylanase,3364
xxv_NOUN,9892
xr,4006
xy_NOUN,17382
xxxv_NUM,2649
xx_X,13060
xanthophylls,1462
xa_X,1092
xenobiotics_NOUN,5604
xi_ADV,6198
xxxvi,5935
xml_NOUN,2530
xenogeneic_ADJ,1035
xylan,2877
xy_VERB,2401
xlvii_NOUN,1297
xj_NOUN,4126
xxiv,20205
xxxiv_X,2100
xp_NOUN,1221
x2_NUM,52872
xenotransplantation,2242
xv_ADJ,3401
xin_X,1540
xi_VERB,11554
xf6_NUM,1599
xylenes,1670
xxxx,3878
xxxix_X,1292
xvi_ADJ,4807
xn_X,1264
xanthophylls_NOUN,1431
xxv,17643
xz,6039
xxiv_VERB,1211
x0_ADJ,2274
xli,4086
x2H20,1200
xlvii,2456
xxiv_X,9477
xI,1211
xix_NOUN,22463
x4,6873
xeric,1095
xvii_VERB,5202
x2,77264
xN_NOUN,1360
xxvii_X,1430
xk_VERB,2650
xxvi_VERB,1139
xxi_VERB,2705
xxxix,4761
xx_ADJ,2211
xvii_X,6294
xylophone,2564
xxxvi_NUM,2082
xt,9622
xylophone_NOUN,2445
xxxiv_NUM,3153
xxviii_NOUN,8519
xxxv,6607
xiv_NOUN,18244
xy_ADP,2628
xanthine_NOUN,5261
xl,7597
xylitol_NOUN,2889
xÃ,1891
xvi_X,4078
xA_NOUN,1618
xian_NOUN,1622
xr_NOUN,1195
xxix,11336
xxxi_X,1008
xliv_NUM,1218
xL,2079
xf3,1333
xu_X,1083
xl_NOUN,5462
xn_ADP,3147
xenoliths_NOUN,1185
xlv_NOUN,1910
xenophobia_NOUN,16122
xxxviii_NUM,1354
xxvi_X,2053
x12,1439
x10,1553
xq,1054
xylenes_NOUN,1663
xr_ADJ,1371
xxii_X,2991
xiii_NOUN,49043
xk_ADP,1456
xlab_NOUN,1707
xing_VERB,1671
xxxii_NOUN,4465
xlii_NOUN,2153
xP,2117
xi_NUM,3380
xt_X,1479
xk_X,1582
xxx_ADJ,3123
xanthophyll,1629
xvi,47597
xanthophyll_NOUN,1177
xm,3995
xylene_NOUN,9470
x1_X,3315
xor,1460
xing,3181
xin_NOUN,2385
xviii_NOUN,27454
xenobiotic_ADJ,4752
x1,35098
xxxiii_NUM,2138
xlii,3787
xxiii_VERB,1525
xlv,3025
xxxii,8542
xxxiii,8404
xxiv_ADJ,1082
xxi_X,3153
xed,1243
xix_X,7828
xiii_X,11001
xj_X,1174
xanthan_ADJ,1609
xxviii,12610
xxx_NOUN,4324
xml,3688
xuebao,1063
x7,1052
xenobiotics,5671
xiii_VERB,7998
xT_NOUN,4210
xiang_X,1003
xxvii,15404
xue_NOUN,1023
x2_NOUN,5938
xN,1561
xc5,1073
xue,2547
xenografts,3876
xx,56342
xa,3888
xP_NOUN,1565
xvii_NOUN,32498
xx_VERB,5216
xxxi,10038
xii_X,10505
xlix_NOUN,1470
xxi_NOUN,19076
xenophobic_ADJ,12150
xviii_VERB,2737
xenograft,6278
xxviii_X,1009
xiphoid_ADJ,1313
xix_CONJ,1313
xL_NOUN,1919
xviii,37044
xxix_NOUN,7902
x86,3078
x3,16031
xiv_CONJ,1256
xf7,1234
xxxviii,5125
xylene,9641
xxiii_NOUN,9269
xiv,55055
xylanases,1607
xe4,2222
xyz_NOUN,2615
xf7_NUM,1112
xe_NOUN,1842
xy_NUM,1417
xd4,2133
xerostomia,2985
xylem_NOUN,11352
xxii,24753
xxxix_NUM,2072
xn,15271
xia_NOUN,1092
xxiv_NOUN,7517
xc,3158
xylose,7020
xy_ADV,1094
xxiii,22884
xn_NOUN,8122