Yuval_ADJ,1573
Yeomanry,3779
Yamato,4856
Yorkists_NOUN,1559
Yunjie_NOUN,36006
Yardsley_NOUN,1095
Yijie_NOUN,9716
Yaya_NOUN,1735
Yazdani,1425
Yanfei_NOUN,3163
Yildiz_NOUN,3665
Yongjun_NOUN,1544
Yexun,2396
Yuqi,4703
Yutian_NOUN,10625
Yixuan_NOUN,16361
Yunshu,4157
Yuwen_NOUN,40953
Yucatán,10964
YD_NOUN,3084
Yueru_NOUN,2781
Yahya_NOUN,7572
Yk_NOUN,1182
Yep_NOUN,69060
Yaoyao_NOUN,3354
Yuzhou_NOUN,1250
Yokota_NOUN,3377
Yuk,2715
YQ_NOUN,1895
Yun,438836
Yasushi_NOUN,1166
YouTube_VERB,3236
Yoshihara_NOUN,1641
YARD,1572
Yudhishthira_NOUN,2389
Yeovil_NOUN,1682
Yetu_NOUN,1982
Yoshitsuné,1929
Yusuke_NOUN,1026
Yunji,3673
Yangzhou_NOUN,3391
Yosef_NOUN,13640
Yeomans,2083
Yunhai_NOUN,4857
Y.R.,1649
YV_NOUN,2425
Yan_VERB,1633
Y.-K.,1244
Yiddish_ADJ,8994
Yuyi,1176
Yass,1026
Yufan_NOUN,5621
Yorker_NOUN,43927
Yitzchak,1300
Yanking,2145
Yousefi,1453
Yichang,1562
Yummy,2518
Y1,9531
YUAN,1519
Yvonne,41545
Yuanze,2244
Yiyi,13703
Yelp_NOUN,4937
Yunfan_NOUN,4757
Yasmeen_NOUN,1350
Yah_X,6820
Yeoville_NOUN,3054
Yeh,23150
Yeyan_NOUN,1094
Yup_ADV,5873
Yudhishthira,2389
Yeruşalim'e_NOUN,1145
Young_NOUN,583336
Yates,41328
Yards_NOUN,7412
YUAN_NOUN,1480
Yarmouk,1693
Yr_NOUN,2629
Yatra,1338
Yalcin,1278
Yamaoka,1092
Y.-Y._NOUN,1520
Yicle,1084
Yanagisawa_NOUN,1665
Yaakov,4188
Yamasaki,3256
Yuchen,4198
Yamal,1490
Younes,2563
Yoghurt_NOUN,1492
YE_NOUN,9267
Yutian,10633
Yanagita_NOUN,1429
Yaeger,1893
Y.-M._NOUN,1594
Yuchi,7623
Yunchan,1584
Yoritomo_NOUN,1965
Yearbooks,1376
Youli,1087
Yeruşalim'den,1120
Yachts_NOUN,2303
Yip_NOUN,9087
Years_NOUN,400195
Ypperstepræsten_NOUN,1433
Yano,4853
Yuexin_NOUN,8044
Yahuvah_NOUN,1376
Yippee,1245
Yuhuang,1202
Ypperstepræsten,1554
Yuck_NOUN,4985
Yusheng_NOUN,1409
Yamada_NOUN,20735
Yuze,5895
Yunshi,1314
YAP,3429
Youzhou,2203
Yuewei,1289
YOU_NOUN,2740
Yoga,57393
Your,2369612
YHWH_VERB,1086
Yanxi_NOUN,8084
Yarin,1046
YouTuber_NOUN,1686
Yaoyang,2440
Yucatan_NOUN,10055
Yankees_NOUN,50377
Yuyang_NOUN,1378
Yukinoshita_NOUN,2764
Yo,44423
Yokoyama,4671
Yeyue_NOUN,1885
Yunyuan,1897
YK,4440
Yangxin,1388
Yvan_NOUN,1928
Yuga,2148
Yan_ADJ,52910
Yelp,5219
Yardley,6130
Yamini,1036
Yeates_NOUN,3437
Yude,1034
Yad,7924
Yesterday,78794
Yuanzhi,2792
Yerushalmi_NOUN,3729
Youghal,1300
Youmans,1664
Yulu,1095
Yashin,1373
Y.Q.,1754
Yerkes,4553
Yale,230067
Yeats,30314
Yom,15060
Ye,1031751
Yun'er_NOUN,4540
Yasha_NOUN,1458
Yields,8496
Yankton_NOUN,1521
Y.C._NOUN,7445
Yojana,5915
Yudhisthira_NOUN,1421
Yating_NOUN,2839
Yilu,1878
Yanran_NOUN,19055
Yamazaki_NOUN,6441
Yerevan,3999
Yonah_NOUN,2269
Yarmouk_NOUN,1691
Yichuan,1093
Yank,6538
Yessss_NOUN,1088
YK_NOUN,4410
Yokosuka,1723
Yutaka_NOUN,1750
Yerba_NOUN,2537
Yak,4264
Y.C.,7458
Yunzhou_NOUN,1344
Yokoi_NOUN,1854
Yager,3474
Yiling,1545
Yuhua,1371
Yiran,10429
YOU_PRON,307262
Yuanchen_NOUN,1159
Yeon,1897
Yup'ik,1332
Yohanan,2198
Yanhong,10185
Yakut_NOUN,1090
Yuksel_NOUN,1012
Yersinia,8469
Yancy_NOUN,5225
Y.S._NOUN,8791
Yiyang,1700
Yank_NOUN,6400
YZ_NOUN,3308
Yosso,2201
Yang,840123
YHWH,35193
Yuko_NOUN,1984
Y'know,2952
Yo_ADJ,3096
Yoseph_NOUN,1274
Yizhen_NOUN,5657
YAR,1331
Yanguan_NOUN,1842
Yueyao,3143
Yuehan,5402
Yona_NOUN,1380
Yaoyue,1233
Yukinoshita,2772
Yankee,54837
Yeshua_NOUN,18824
Yahoos,1029
Yeyu,4462
Yoshiko,1993
Yorkie_NOUN,2173
Yilu_NOUN,1871
Youngman_NOUN,2330
Yakov,3887
Yanjing,6926
Yasira_NOUN,2970
Yalta,9589
Ys,2359
Yoghurt,1561
Yasuko_NOUN,1359
YH_NOUN,9062
Yefan_NOUN,5804
Yasuko,1360
Yoshimura,3749
Yehan_NOUN,1414
Youcai,1043
Yai,1553
Yixuan,16391
Yunnan_NOUN,23227
Yura,1726
Yudhishtira,1092
YAG,12270
Y.H.,7720
Yahya'nın,3920
Yeast,15207
Yeyu_NOUN,4410
Youhe,1835
Yod,2102
Yarmouth,11760
YIVO_NOUN,3191
Yesod,1209
Yıldız_NOUN,1522
Yaws,1513
Yukiho,1474
Yuanyuan,8262
Yorkville,1269
Youya_NOUN,1862
Yarnell_NOUN,1391
Yinfeng_NOUN,3334
Y.M.,6188
Yavapai,1412
Yarn,7782
Yuga_NOUN,2143
Yorkist_NOUN,1566
Yasira,2974
Ye're_VERB,1922
Yea_NOUN,22767
Yas,3820
Yusuf,23785
Yannis,2864
Ybor,1402
Yanagisawa,1667
YS_NOUN,11873
Yo_PRON,1002
Yazid_NOUN,2406
YouTube_DET,12125
Yemenis_NOUN,1907
Yogyakarta,7015
Yifei,11742
Y.W.,2738
Yelling,3277
Yiting,5449
Ysmaine,1696
Yibai_NOUN,1858
Yohannes,1140
Yu_NOUN,965603
Yuchen_NOUN,4197
Yau,7041
Yoli,1024
Yeremi,1581
You,18186137
Yucatecan,1936
Youthful,2786
Y0,1619
Yuxiang,1576
Yama_NOUN,11850
Yanks,6974
Yeshe_NOUN,1752
Y.-L._NOUN,1696
Yongzheng_NOUN,1179
Yanni_NOUN,3468
Yorkshire_ADJ,1392
Yuhe_NOUN,1213
Yasuda_NOUN,5607
Yuxin,9632
Yining,2053
Yanek_NOUN,1020
Yuhuang_NOUN,1201
Yakutsk,3537
Y.G.,2391
Yurchak,1116
Yukichi_NOUN,1388
YTM,2182
Yichen_NOUN,42915
Yugoslavia,80793
Yuanqiao_NOUN,1610
Yuqi_NOUN,4696
Yuzhou,1307
Yamal_NOUN,1001
YouTube_ADJ,3634
Yerushalmi,3744
Yaman,2199
Yoko_NOUN,7854
Yifan,15604
Yiming_NOUN,9620
Yawen_NOUN,3784
YEAH,2005
Yoo_NOUN,13391
Yixi,1832
Yarbrough,2669
Ya'ara,1841
Yucatecan_NOUN,1446
Yudkowsky,1025
Yeah_X,841432
Yixing,1017
Yunfei_NOUN,20368
Yaz_NOUN,1799
Yarrowia,1350
Yuen,9910
Yuanming_NOUN,1180
Yohanna,1181
Yueying,1336
Yisheng_NOUN,3373
YE,9985
Yiran_NOUN,10425
Yunzhi_NOUN,1310
Yancey_NOUN,8335
Yellows_NOUN,1423
Yog,3208
Yayi,1415
Yanfeng_NOUN,1138
Yield_NOUN,35307
Yassine,1314
Yorkshireman,2157
Yunxue_NOUN,1728
Yuzhu_NOUN,4585
Youngblood_NOUN,3329
YAG_NOUN,11350
Yam,6303
YELLOW,7637
Yongle,2414
Yuanshuo_NOUN,1024
Yochai_NOUN,1317
Yisrael,5726
Yilmaz,6852
Youngest,3013
Yahoo!_NOUN,7087
Yangming_NOUN,2161
Yamanaka,4208
Yogācāra,2724
YT_NOUN,4323
Yuchun_NOUN,1837
Yanqing,2346
Yunqing_NOUN,2327
Yves_NOUN,21918
Y.P._NOUN,3002
Yokoi,1863
Yi_VERB,78385
Yakutia,1671
Yvonne_NOUN,41185
Yinan_NOUN,2164
Yessss,1173
Yeoman_NOUN,5568
Yunhan,10801
Yours_ADJ,2770
Yoga_NOUN,56821
Yatsek,1146
YOUTH,9999
Yian_NOUN,1850
Yufeng_NOUN,8751
Yilin_NOUN,1934
Ypres_NOUN,10663
Yost,6040
YG,3304
Yiming,9625
Yukl,1588
Yiyi_NOUN,13680
Yas_NOUN,3700
Yimei,1180
Y.-J._NOUN,2306
YAML,3162
Yearning,3684
YLT,1348
Yazidis_NOUN,1590
Yoruba_ADJ,1060
Yujing,3634
Yiyuan_NOUN,5447
Ypperstepræsterne_X,3672
Youn,2571
Yawning,2651
Youyou,5922
Yunyin_NOUN,3649
Yaobang_NOUN,2426
Yuehua,4458
Yorkshireman_NOUN,2087
Yousef_NOUN,4779
Yugoslav_NOUN,33815
YTM_NOUN,2111
Yaqing,1728
Yggur,3348
You_PRON,18121280
Yunzi_NOUN,1555
YouTubers,3621
Ypsilanti,1882
Yanting,1949
Yanmei_NOUN,1808
Yanjiu_NOUN,1719
Youtube_NOUN,3624
Yaoqi,1373
Yanxue_NOUN,3024
Y.K._NOUN,3931
YHVH,4572
Yin,210684
Yakurr_NOUN,1779
Yak_NOUN,4128
Yard,51259
Yokohama,12832
Yunhai,4858
Yanagita,1435
Yeltsin_NOUN,20013
Yishan,2139
Yanhan_NOUN,1172
Yakima_NOUN,3525
YZ,3423
YD,3293
Yanqiu,1046
Yujian_NOUN,1278
Yonatan_NOUN,1187
Yuhao_NOUN,1254
Yijie,9721
Yup,32649
Yis,1345
Yizhi,2434
Yongzheng,1182
Ye_PRON,38986
Yoshiwara_NOUN,1074
Yesterdays,1009
Yushu,1480
Yaoyang_NOUN,2440
Yusef,3095
Yippee_X,1019
Y.W._NOUN,2734
Yevgeny_NOUN,2951
Yehoshua,2849
Yeates,3542
Y.T._NOUN,3065
Yonsei_NOUN,2412
Yousuf_NOUN,1374
Yoshiaki,1120
Yuri_NOUN,35037
Yuwan,1529
Yassin,3250
Yeoh,3220
YX,2436
Year_NUM,2483
YELLOW_NOUN,4769
Yuxin_NOUN,9419
Yūsuf,1206
YAN_NOUN,1970
Y.M.C.A.,2589
YIG,1690
Yazid,2461
Yoshimura_NOUN,3607
Yiyue_NOUN,5737
Youngblood,3358
Yhwh,8460
Yuewu_NOUN,5221
Yihui_NOUN,1504
YOUNG_NOUN,13511
Yona,1387
Yahweh_X,1230
Youngs_NOUN,4213
Yano_NOUN,4843
YC,8627
Yacoub_NOUN,1331
Yingjie_NOUN,23238
Yuan_ADJ,2013
Yellow_NOUN,104143
YJ,8173
Yedong,2339
You're_NOUN,1130
Yukl_NOUN,1575
Yadava,1202
Yosso_NOUN,2180
Yoda,4874
Yarou_NOUN,1436
Yazidis,1610
Yuanqiang_NOUN,1360
Yunmo,1111
Yaquis,2523
Yiwu_NOUN,1658
Yugoslav,35767
Yueli,2046
Yus,1164
Yü,3165
Youssef,9794
Yilin,1940
Yaoundé_NOUN,3059
Yisi,1165
Yaoru_NOUN,7241
Y.-H._NOUN,3174
Yamaguchi,16458
YU_NOUN,3450
Yorubaland,1412
YF,6729
Yangzhou,3935
Yisi_NOUN,1154
YING_NOUN,1046
YP_NOUN,5317
Yefimitch_NOUN,1072
Yuejiao_NOUN,2518
Yup_NOUN,26585
Yen_NOUN,19212
Yann,4599
Y.-C._NOUN,3282
Yuanba,1558
Yunxiang,1322
Young_ADJ,249116
Yamane_NOUN,1792
Yueming,2396
Yaffe,2880
Yonne,1230
Yanguan,1843
Yamamura,2024
Yazoo_NOUN,3602
Yeats_NOUN,29139
Yellen,2032
Yuba_NOUN,2607
Yajie,1214
Yana_NOUN,5240
Yor_NOUN,1070
Yiannis,1249
Yakub,1906
YLT_NOUN,1334
Y.S.,8792
Yoder_NOUN,13270
Yayoi_NOUN,1279
Yoke,4176
YSTEM_NOUN,1511
YI_NOUN,3804
Y._NOUN,865797
Yangtze_NOUN,18542
Yuasa,2299
YAML_NOUN,3066
Yamamoto,29508
Yaru_NOUN,2780
Y2K,2211
Yaquis_NOUN,2452
Yaxuan,1087
YESTERDAY,1411
Yong_NOUN,56331
Youngsters_NOUN,2070
Yoma,1922
Yan_X,18731
Yulian,2287
Yulin,3713
Yılmaz_NOUN,2998
Yunqing,2327
Yenisei,1252
Yoni_NOUN,1289
Yellowstone_VERB,1330
Yueyue,1297
Yucheng,2535
Yurii,1377
Y4,1331
Yousaf_NOUN,1316
Yai_NOUN,1538
Yigal,2025
Yoo_X,3672
Yeoman,5641
Yogācāra_NOUN,2680
Yitzhak,9826
Yasa'ya,1344
Yudkowsky_NOUN,1019
Yuzheng_NOUN,1126
Yannick,3174
Yugoslavs,4217
Yitzchak_NOUN,1297
Yoshio_NOUN,2661
Yahudiler'in_NOUN,2226
Yoke_NOUN,3838
Yes'm_X,1234
Younghusband_NOUN,1185
Yiu_NOUN,2481
YWCA,4848
Yasmin_NOUN,12780
Yude_NOUN,1033
Yukiko,1439
Yahoo!,7427
Yong_X,4313
Yulia_NOUN,5488
Yu'er,6249
Yikes,5675
Yeobright,2219
Yoneda_NOUN,1602
YorN,14238
Ys_NOUN,2232
Yueru,2783
Yunli,1237
Yizhi_NOUN,2433
Yifan_NOUN,15598
Yunzhao,1425
Yasuo_NOUN,1380
Yasmine,4342
Yitzhak_NOUN,9809
Yahwistic,1027
Yeoh_NOUN,3124
Yuba,2620
Yufeng,8752
Yogananda,4081
Yi_X,1273
YAR_NOUN,1292
Yaoru,7252
Yardley_NOUN,6104
Yarrowia_NOUN,1342
Yehudi_NOUN,1235
Yudhisthira,1448
Ypperstepræster_NOUN,1142
Yiayia,1033
Yaqui_NOUN,6960
Yanmo_NOUN,11151
Yuanjiu,2933
Yah_NOUN,3079
Yitian,2457
Yuntao,1735
Yenan,1003
Yoweri_NOUN,1070
Yugoslav_ADJ,1340
Yuecheng,1085
Y.M.C.A._NOUN,2462
Yukon,21302
Yazdi,1707
Youyou_NOUN,5617
Yuval_NOUN,6399
Yıldırım_NOUN,1595
Yours_PRON,63552
Yumin_NOUN,3654
Yufit_NOUN,1363
York,4732348
Youli_NOUN,1059
Yefeng_NOUN,1754
Yue'er_NOUN,7764
Yakima,3532
YR_NOUN,8667
Young_,2211
Yaron,2559
Yuuto_NOUN,2857
Yayınları_NOUN,2995
Yamamura_NOUN,2021
Yurika_NOUN,2090
Yuanchen,1159
Y.M._NOUN,6128
Yonatan,1204
Yogis_NOUN,2550
Yemeni_NOUN,8949
Yamuna_NOUN,7064
Yeasts,3288
YFP,1215
Yuen_NOUN,9880
YI,4653
Yongning_NOUN,1304
Yakovlev,3941
Yeruşalim'de,1344
Yukawa_NOUN,3000
Y.N._NOUN,2163
Yunyao,1767
Yanan,1482
Yedo,1850
Yamauchi_NOUN,4815
Yavuz,2630
Yavapai_NOUN,1393
Yunyin,3649
YN,3488
Y.Z.,1568
Youlan,4418
Yuexi_NOUN,3659
Yala,3642
Yukina,1209
Yakuza_NOUN,2170
Yanai_NOUN,1591
Yimo_NOUN,5511
Yalin_NOUN,1296
Yuqiong_NOUN,1279
Yüan_NOUN,2354
Yuechan,1448
Youlan_NOUN,4188
Yuewu,5221
Yeah,937817
YORK_NOUN,18346
Yijing,2722
Yamini_NOUN,1026
Yeyue,1887
Yenisei_NOUN,1087
Yuli,2999
Yasuke,2061
YouTubers_NOUN,3588
Yams,1026
Yes,3635975
Yoshiko_NOUN,1983
Yavneh_NOUN,1115
Yamani_NOUN,2519
Yuanyuan_NOUN,8237
Ypres,10774
Yibai,1858
YouGov_NOUN,1504
Yoshinori,1020
Yogic_NOUN,1046
Yeshua,20057
Yonkers,4613
Yehan,1417
YX_NOUN,2359
Yuqing_NOUN,12289
Yanagida,1057
Yates_NOUN,41072
Yuxu_NOUN,2377
Yoweri,1070
You_,3989
Yamani,2589
Yanyun,7523
Yasser,4332
Yogi_NOUN,14717
Yoder,13389
Y'all_DET,3214
Y.B.,3768
Yuhan_NOUN,6543
YEARS_NOUN,23732
Yuste_NOUN,1809
Yolande,2992
Yeshiva,3838
Yuhe,1217
Yunyang_NOUN,1229
Yunyi_NOUN,6279
Yesterday_ADV,2880
Yellowknife_NOUN,1237
Yawen,3789
Yes_NOUN,346471
Yo_VERB,2382
Younger,46655
Yuanshan,6291
Yarns,1623
Yetu,1989
Yager_NOUN,3471
Yucca_NOUN,4124
Yazici_NOUN,1043
Yunus_NOUN,5959
Yorktown,10684
Yiyan_NOUN,2350
Yoritomo,2077
Yvain,1026
Yulu_NOUN,1094
Yiping,1282
Yilong_NOUN,1565
Yanko_NOUN,3945
Yelverton,1699
Yuanzhi_NOUN,2785
Yuxing_NOUN,1016
Yuanming,1180
Yuyan_NOUN,12879
YV,2461
Yamuna,7083
Y.K.,3933
Yunqi,7457
Yuval,8036
Yichen,42921
Yog_NOUN,2950
Yahya'nın_X,2164
Yucatec_NOUN,1327
Yıldız,1535
Yuille,1202
Yingying_NOUN,7331
Y_PRON,47079
Yrs,2708
YIVO,3549
YAH,1569
Yushi_NOUN,6536
Yucca,4154
Yunyi,6286
Yujie_NOUN,4343
Yarra_NOUN,3782
Yosemite,21471
Yecheng,1209
Yongkang_NOUN,1202
Yeong_NOUN,1326
Yahweh_VERB,1704
Yahudiler'in,3360
Yasin,4123
Y.R._NOUN,1648
Y.J.,6119
Yang_NOUN,836906
Yadav,22009
Y3_NUM,1183
Y.F._NOUN,2966
Yu'er_NOUN,6206
Younge,1295
YOUTH_NOUN,9997
Yar_NOUN,5356
Yukio_NOUN,2248
Y.Q._NOUN,1753
Yiyan,2351
Yourself,33666
Yaroslav,1965
YOGA,2591
Yianni,1149
Yuechan_NOUN,1447
Y.-H.,3175
Yuletide_NOUN,2370
YM,7391
Y.-M.,1594
Yuelin_NOUN,1563
Yoda_NOUN,4738
Yunze_NOUN,3302
Yicheng_NOUN,13309
Yasin_NOUN,4079
Yahwist,1225
Youwei,1735
Yunyao_NOUN,1766
Y.L.,4569
Yaner,20613
Yearly_ADJ,5887
Yaffe_NOUN,2874
Yazoo,3636
Yanran,19156
Yuji_NOUN,1489
Ysidro_NOUN,1157
Yoram,2517
YouTube_PRON,15217
Yudhishtira_NOUN,1090
Yousef,5165
Yearbook,58284
Your_ADJ,2499
Ylva,2484
Yelena_NOUN,5378
Yeti,3131
Yanchu,1294
Yn,3380
Yizhen,5659
Yundan,4879
Yamada,20762
Yoshinaga,1187
Yanhui_NOUN,4138
Yew,10054
Yavuz_NOUN,2628
Ylva_NOUN,2480
Y.A.,3831
Yufei,6819
Y.G._NOUN,2388
Yields_VERB,1674
Youngsters,2070
Yunxuan_NOUN,1047
Yuanqiang,1362
Y2,10099
Yamagata,3950
Yohanna_NOUN,1177
Yacht_NOUN,10173
Yoshiwara,1076
YIG_NOUN,1419
Yan'an,3530
Yangon_NOUN,6375
Yunfan,4759
Yariv,1121
Yeomans_NOUN,2078
Yuhao,1254
Yunchan_NOUN,1583
Yihang_NOUN,1519
Yishuv_NOUN,7756
Yasha,1467
Yiqing_NOUN,7021
Yushchenko,1641
Yanow,1504
Yuck,5026
Yagi,4635
Yasushi,1166
Y2K_NOUN,1658
Yugoslavia_NOUN,80339
YES_NOUN,11602
Yanjiu,1772
Yoshida,22664
Youhe_NOUN,1821
Yusoff_NOUN,1829
YET_CONJ,1074
Yueying_NOUN,1333
Yani,3100
YOURSELF,13136
Yecheng_NOUN,1207
Yalu_NOUN,3564
Yaroslavl,2069
Yuanhui_NOUN,1840
YALE_NOUN,1098
Yujie,4344
Yaoundé,3096
Yersin_NOUN,1003
Yasemin,1005
Yunxin_NOUN,1371
Yingchang_NOUN,1832
Yoknapatawpha_NOUN,1239
YF_NOUN,6335
Yaqub_NOUN,1324
Yushchenko_NOUN,1627
Yoshimoto,2695
Yuxiang_NOUN,1576
Yoruba_NOUN,18133
Yadav_NOUN,21937
Yare,1068
Yimo,5516
Yian,1871
Yogi,15046
Yūsuf_NOUN,1158
Yating,2874
Yudhoyono,1402
Yiqing,7021
Yasuhiro_NOUN,1625
Yagi_NOUN,4616
Yichuan_NOUN,1071
Yongxing,1014
Yola_NOUN,1337
Yikes_NOUN,5641
Yanan_NOUN,1452
Yunshu_NOUN,4142
Yamato_NOUN,4767
Yamin,1769
Yielding_VERB,3062
Yunfeng,17776
Yasui_NOUN,1811
Yasmine_NOUN,4305
Yingyue,1242
Yunli_NOUN,1237
Yuanzhang,1943
Yuqing,12295
Years,400393
Yulan_NOUN,3350
Yussuf,2347
Yunfei,20371
YSZ_NOUN,3374
Yefim,1214
YSZ,3663
Yihang,1519
YY,9015
Yaroslav_NOUN,1957
Yuerong,1718
Yashiro_NOUN,1148
Yonge,5124
Yorick_NOUN,3702
Yura_NOUN,1722
Yeatman_NOUN,1285
Yeon_NOUN,1881
YOGURT_NOUN,1165
Yeruşalim'e,3696
Yessir_X,3103
Yufei_NOUN,6817
Yoshimoto_NOUN,2684
Yichang_NOUN,1488
Ying,198624
Yellows,1466
Yan'Er,1398
Yugoslavian,3381
Yersiniosis_NOUN,1069
Y.-S._NOUN,2365
Yegor,2656
Yanmei,1809
YU,3474
Yao'er_NOUN,1380
Ya_PRON,144703
Yasir,3276
Yggur_NOUN,3218
Yamaha,3594
Yunxin,1372
YQ,1911
Youn_NOUN,2538
Yaghi_NOUN,1400
Yalin,1296
Yao_X,1614
Yancey,8416
Yoni,1345
Yuewei_NOUN,1289
Yuri,35119
Yap_NOUN,10595
Yuxuan,4411
Yuhuan,1149
Youngs,4292
Yn_NOUN,2360
Yolanda,16095
Yeo,10788
Ymir,1490
Yuanzheng_NOUN,1195
YESTERDAY_NOUN,1396
Yüksel_NOUN,1330
Yeong,1932
Yea_ADJ,1242
Yearbook_NOUN,57726
Yariv_NOUN,1109
Yea,40268
Y.,866711
Yunus,5999
Ying_NOUN,196529
Yasukuni_NOUN,1385
Y.J._NOUN,6117
Yousefi_NOUN,1353
Yaqub,1335
Yada,1661
Ybarra_NOUN,2481
Yeomanry_NOUN,3696
Yulong_NOUN,2845
Yiddish,38325
Yuer,2667
Yuan_NOUN,326142
Yochanan_NOUN,2009
YPG,2924
Yngve,1753
Yoshi_NOUN,5682
Yuriy,2400
YANG,6423
Yuehan_NOUN,5400
Yuanqing,2619
Yanagida_NOUN,1055
Ypperstepræster,6167
Yashar_NOUN,1118
Y1_NOUN,3127
Yicle_NOUN,1036
Youthful_ADJ,2780
Yeni_NOUN,2610
Yutang,4182
Yongle_NOUN,2407
Yasir_NOUN,3270
YIN_NOUN,2383
YW,3311
Yuyao,2931
Yunyuan_NOUN,1896
Yaghi,1401
Yaowen_NOUN,1143
Youghal_NOUN,1270
YO,3236
Yosef,13679
YEAST,1064
Yakutia_NOUN,1665
Yrs_NOUN,2659
Yuhuan_NOUN,1148
Yovanovitch,1450
Yuhan,6558
Yonne_NOUN,1150
Yexun_NOUN,2396
Yeatman,1336
Yoshikawa,6289
Y.E._NOUN,1125
Yoav,1428
Yuanxiao,1230
Yelling_VERB,3275
Yoshioka_NOUN,2969
Youtube,3997
Yinfeng,3334
Yulia,5502
Yeshe,1773
Yueh,1407
Yatra_NOUN,1318
Yucatan,10139
Yunshan_NOUN,5505
Yaacov_NOUN,2222
Yonkers_NOUN,4566
Yuma_NOUN,5229
Yitian_NOUN,2454
YP,5417
YARD_NOUN,1521
YORK,18972
Yuuto,2887
Yuting_NOUN,3983
Yarbrough_NOUN,2649
Yannick_NOUN,3154
Yayınları,3007
Yet_ADV,1206138
Yanxue,3024
Yahia_NOUN,1901
Yanking_VERB,2120
YOUTUBE,1946
YES_ADV,6206
Yossi_NOUN,4319
Yuling_NOUN,2202
YouTuber,1812
Yamashiro_NOUN,1471
Yi,503142
Year_ADJ,51152
YO_NOUN,1707
Yakutsk_NOUN,3526
Yuxuan_NOUN,4403
Yutong,1989
YY_NOUN,8436
Yay,9404
Yuanqiao,1613
Yum_NOUN,7925
Yukos_NOUN,1560
Yuanzhang_NOUN,1936
Yuanxiao_NOUN,1228
Yuxi,7923
Yucatán_NOUN,10724
Yueli_NOUN,2044
Yun'er,4586
Yajie_NOUN,1214
Yb,5437
Yasuoka_NOUN,1267
YSTEM,1539
Yeni,2790
Yamaji_NOUN,1111
Yumei,1247
Yo_X,24740
YOU,310777
Yilan_NOUN,1288
Yala_NOUN,3635
Ypperstepræsterne,6094
Yangui_NOUN,1133
Yushan_NOUN,2159
Yue,341839
Yamen_NOUN,1722
Yuhong,1293
Yari_NOUN,1038
Yıldırım,1598
Yara,2997
Yui,2400
Yonge_NOUN,4974
Yudhoyono_NOUN,1385
Yellowish_ADJ,1140
Yearly_ADV,1763
Yazdi_NOUN,1694
Yung,10386
Yolk,2227
Yamashiro,1483
Yanmo,11153
Yizhou_NOUN,3283
Yangzi,4749
Yisheng,3373
Yoma_NOUN,1915
YT,4574
Yanukovych_NOUN,5296
Yarrow_NOUN,10221
Yandell_NOUN,1896
Yulong,2849
Yorks_NOUN,3032
Yogurt_NOUN,8832
Yk,1221
Yuhua_NOUN,1368
Yacob_NOUN,1241
Yohanan_NOUN,2164
Y1_NUM,5275
Yanjing_NOUN,6506
Yoshinori_NOUN,1015
Yunlong_NOUN,1967
Yaron_NOUN,2557
Yunzhou,1373
Yellowstone,36973
Yahia,1903
Yilmaz_NOUN,6841
Yicheng,13310
Yemeni_ADJ,1507
Yuichi_NOUN,1324
Yumin,3654
Yong,65707
Yung_NOUN,8480
Yishuv,7888
Yaman_NOUN,2166
Yuliya_NOUN,1437
Yoshida_NOUN,22622
Yeah_NOUN,96374
Yow,1634
Yonder_NOUN,6178
Yell_NOUN,2790
Yiting_NOUN,5448
Yasui,1883
Yell,3459
Yea_X,15495
Yukiko_NOUN,1434
Yet,1603608
Yeager_NOUN,7537
Yelverton_NOUN,1658
Yacob,1250
YouGov,2478
Yixiu,1213
Yijing_NOUN,2664
Yushan,2161
Yessir,3798
Y3,2443
YOURS,1959
Ybarra,2610
Yayoi,1299
Yihui,1507
Yao_NOUN,295762
Yamashita_NOUN,9880
Yuyuan,3685
Yangxin_NOUN,1387
YES,32302
Yang_VERB,1444
Yulian_NOUN,2283
YOURSELF_PRON,13064
YOLO_NOUN,2854
Yorùbá_NOUN,1567
Yoav_NOUN,1412
Yuigahama_NOUN,2340
Younger_ADJ,12953
Yasmin,12833
Yushu_NOUN,1475
Yuxing,1016
Yiping_NOUN,1280
Yufit,1470
Y.X._NOUN,1492
Yachting,1047
Yeovil,1846
Yashin_NOUN,1368
YHVH_NOUN,4117
Yolande_NOUN,2934
Yaxuan_NOUN,1087
Yegor_NOUN,2635
Ya'aqov_NOUN,1192
Yuwan_NOUN,1529
Yanagi,1601
Yorkist_ADJ,1519
Yoseph,1282
Y.-J.,2306
Yer,11171
Ye'll_VERB,3361
Yorke,17389
Yasmeen,1359
Yuanhui,1840
Yajing,1678
Yunqian_NOUN,9306
Yogis,2612
Yazzie,1094
Yersin,1032
Yoel,1099
Yardbirds,1289
Yochai,1317
Younghusband,1206
Yifeng,6010
YAN,2488
Yucheng_NOUN,2534
Yunxing_NOUN,1011
Yvan,1939
Yaobang,2430
Yangzi_NOUN,4736
Ye're,3892
Yi'er_NOUN,2103
YELLOW_ADJ,2860
Yer_NOUN,2794
Yomiuri,2241
Yoshi,5710
Yoon_NOUN,23953
Yingxue_NOUN,1896
Yan_NOUN,515433
Yerba,2619
Y.F.,2967
Younis,2035
Yilong,1567
YB,4304
Yeyan,1097
Yellow,153389
Yanting_NOUN,1938
YOUNGER,1559
Yulie_NOUN,3404
Yon_NOUN,6398
Yanyu,1593
Yiddish_NOUN,29094
Yau_NOUN,6987
Yuko,1984
Yesterday_NOUN,75894
Yul,1702
Yaz,1830
Yali_NOUN,2237
Yunyun_NOUN,2928
Yalta_NOUN,9418
Yuigahama,2342
Yanna,1034
Yujian,1282
Yamazaki,6448
Yami_NOUN,1152
Yinger_NOUN,6811
Ya'akov_NOUN,1792
Yuannan,1535
Yueh_NOUN,1405
Yaksha,1376
Yad_NOUN,7779
Yehoshua_NOUN,2834
Y.-S.,2365
Yoshimi,1508
Yor,1173
Yalom,6458
Yizheng,2693
Yorker,43962
Yuming,1726
Yago_NOUN,1050
Yantian,2287
Yogananda_NOUN,4063
Yamaoka_NOUN,1092
Younger_NOUN,33641
Yep,86877
Yovanovitch_NOUN,1444
Yama,11889
Yunteng,1097
Yada_NOUN,1625
Yucatec,1697
Yonder,7497
Yuli_NOUN,2993
Yangtse,1081
Yori,1353
Y.H._NOUN,7719
Yuntian_NOUN,7716
Yumi_NOUN,2592
Yod_NOUN,2031
Yihan,12630
Yui_NOUN,2382
Yunxi_NOUN,14340
Yamamoto_NOUN,29187
Y.-F.,1330
Yanlong_NOUN,1090
YBCO,2771
YING,1060
Ypperstepræster_X,5025
Yarra,3790
Yeremi_NOUN,1581
Yorkists,1564
Yifu_NOUN,1233
Yellen_NOUN,1963
Yemenite_NOUN,1386
Ye'll,4123
Yongan_NOUN,1179
Y.V._NOUN,1587
Yurou_NOUN,3701
Yousaf,1327
Yorick,3777
Yeh_NOUN,14180
Yan'Er_NOUN,1223
Yngve_NOUN,1738
Youths_NOUN,4932
Yt_NOUN,2052
Yanna_NOUN,1020
YG_NOUN,3175
Yay_NOUN,1677
Yanfei,3163
Yuki_NOUN,8984
Yiannopoulos,1993
Yüan,2666
Yehudah_NOUN,3262
Yantai,1271
Yujing_NOUN,3621
Yuannan_NOUN,1535
Yahan_NOUN,1109
Yangtse_NOUN,1013
Yueer_NOUN,2751
Yunze,3305
Yan'er_NOUN,10663
Yingqi_NOUN,1168
Y.X.,1497
Yixi_NOUN,1832
Yummy_NOUN,1510
Ysabel_NOUN,1053
YHWH_NOUN,30925
Yare_NOUN,1049
Yannaras_NOUN,1246
Yeung_NOUN,10819
Yunxing,1011
Youzhen,1824
Yoram_NOUN,2478
Yasuda,5617
Ya'akov,1798
Yair,3762
Yeast_NOUN,15141
Yuexin,8047
Yiannis_NOUN,1246
Yorkshire,71312
Yigal_NOUN,2021
Yixian,3717
Yasser_NOUN,4328
Yussuf_NOUN,2339
Yoshino_NOUN,4360
Yazd,1561
Youtang,3397
Yutaka,1754
Ye_NOUN,992622
Yildirim_NOUN,2818
Y'know_X,1954
Yalu,3580
Yuntian,7717
Yanxi,8087
Yining_NOUN,2048
Yiannopoulos_NOUN,1983
Yim,3153
Y.A._NOUN,3816
Yup'ik_NOUN,1317
Yukio,2254
Y.B._NOUN,3764
Yunchen,1696
Yunlong,1967
Yeager,7583
Yaner_NOUN,20610
Yen,23510
Yahuvah,1411
Youngest_ADJ,3007
Yakub_NOUN,1868
Year_NOUN,413101
Yosemite_NOUN,21082
Yanek,1027
Ymir_NOUN,1480
YARN_NOUN,2486
Yorkville_NOUN,1254
Yola,1356
Yuanshan_NOUN,6284
Yum,8062
Yara_NOUN,2980
Yuanfang_NOUN,1049
Yasukuni,1411
Ysandre,1059
Yasar_NOUN,1038
Yanyun_NOUN,7522
Yalla_NOUN,1961
Yael_NOUN,4966
Yangon,6438
Yakubu,1190
Youngman,2370
Yuer_NOUN,2667
Yokosuka_NOUN,1697
Yaniv,1668
Younis_NOUN,1996
Yahan,1133
Yearly,7664
Yeboah,1066
Yezi_NOUN,1541
Youth,199402
Youths,4966
Yongjun,1545
York_ADJ,27490
Yunyang,1229
Yoshioka,2982
Yemenis,1943
YN_NOUN,3316
Yield_VERB,1816
Yingqi,1179
Yves,22289
Y.Y.,4428
Yuze_NOUN,5874
Yanfeng,1139
Yamanaka_NOUN,4164
Yarn_NOUN,6974
Yuanze_NOUN,2239
Yggdrasil_NOUN,2860
Yay_X,7280
Yasuo,1382
Yael,4993
Yawn,1302
Yardbirds_NOUN,1284
Yanling,1220
Yellin,1998
Yaw_NOUN,2677
YOUR,140651
Yuletide,2389
Y.E.,1126
Yazi_NOUN,1093
YM_NOUN,7066
Yinan,2164
Yue'er,7843
Yueer,2752
Yakovlev_NOUN,3918
Yunhan_NOUN,10801
Yann_NOUN,4539
Yahya,7594
Yanqiu_NOUN,1046
Yoknapatawpha,1246
Ysabel,1058
Yahoo,11505
YIELD,9653
Yanni,3609
Yearbooks_NOUN,1343
Yahoos_NOUN,1029
Y_X,3090
Yulie,3404
Y5,1203
Yanzhi,4491
Ysandre_NOUN,1008
YOLO,3411
Yersiniosis,1218
Ye're_NOUN,1423
Yanhui,4140
Yersinia_NOUN,8339
Yuanba_NOUN,1558
Yarin_NOUN,1046
Yunhe_NOUN,4551
Yr,3092
Yavneh,1183
Yunxi,14363
Yeomen_NOUN,1071
Yaeger_NOUN,1883
Yellow_ADJ,48946
Yapese,1308
Yih_NOUN,1071
Yorkie,2242
Y_,1231
Ybor_NOUN,1396
Yielding,3642
Yokoyama_NOUN,4669
Yogesh_NOUN,1564
Ylang,1258
Yezhov_NOUN,1014
YUE_NOUN,1094
Yerkes_NOUN,4291
Yuping_NOUN,1949
Yakuza,2233
Yiayia_NOUN,1026
Yianni_NOUN,1144
Yü_NOUN,2855
Yoshinaga_NOUN,1186
Yeo_NOUN,10636
Yiling_NOUN,1544
YWCA_NOUN,4800
Ying'er,3017
Yamaha_NOUN,3558
Yixiu_NOUN,1213
YW_NOUN,3231
Younge_NOUN,1276
Yantai_NOUN,1257
Yazici,1043
Yanks_NOUN,6882
Yesod_NOUN,1131
Yeltsin,20858
Youya,1862
Yield,40623
Yuecheng_NOUN,1085
Yakov_NOUN,3882
Yurou,3757
Yuanfang,1049
Yankton,1534
You_NOUN,59121
Yiyun,4392
Y.-W._NOUN,1401
Youcai_NOUN,1043
Yokohama_NOUN,12680
Yul_NOUN,1696
Yunshi_NOUN,1313
YET,5817
Yoshitsuné_NOUN,1885
Yongkang,1206
Yoli_NOUN,1005
Yehuda_NOUN,12182
Yuya,1407
Ye've_NOUN,1015
Yunis_NOUN,1757
Young,834663
Yellowish,1308
Yancy,5246
Yuyi_NOUN,1176
Y.V.,1587
YOUTUBE_NOUN,1852
Yiyuan,5460
Yeas,1024
Yermak_NOUN,1190
Yaga_NOUN,3333
Yali,2242
Yale_NOUN,229736
YL,6072
Yakut,1220
Yarbro_NOUN,1907
Y'all_PRON,9493
Yousafzai_NOUN,2721
Yuyao_NOUN,2931
Yaowen,1144
Y.-C.,3283
Yorkist,3146
Yarbro,1908
YJ_NOUN,8104
Yom_NOUN,14612
Yahya'nın_NOUN,1756
Yonah,2416
Yao'er,1413
Youssef_NOUN,9089
Yoel_NOUN,1088
Yayi_NOUN,1354
Yoshie_NOUN,1192
Yunxuan,1048
Yip,9124
Year,467060
Yanko,3982
Yankee_NOUN,53881
Yuh_NOUN,1249
Yaqing_NOUN,1671
Yoshizawa_NOUN,1687
Yanling_NOUN,1182
Yanis,2187
Yeoville,3058
Yazdani_NOUN,1424
Yahweh,95686
Yorks,3036
Yugoslavs_NOUN,4160
Yalcin_NOUN,1269
Yunhe,4554
Yekaterinburg,1609
Yousif,1014
Yantian_NOUN,2276
YHWH_PRON,2414
Yinyin,3437
Yamagata_NOUN,3875
Yanlong,1098
Yunshan,5506
Yixian_NOUN,3140
Yiyang_NOUN,1692
Yanai,1599
Yanhan,1172
Yuna_NOUN,2116
Yes_ADV,58102
Yusof_NOUN,2492
Yuying_NOUN,3705
Yolanda_NOUN,16033
Yearning_NOUN,3681
Yannaras,1256
Yash,4132
Yangui,1137
Yep_ADV,16557
Yunzhao_NOUN,1424
Yuanshuo,1024
YOURS_PRON,1861
Yedong_NOUN,2338
Yoichi_NOUN,1005
Yurii_NOUN,1375
Yoshino,4377
YMCA_NOUN,14268
Yes'm_NOUN,1290
Yam_NOUN,6193
YEAR_ADJ,2827
Yishan_NOUN,2126
Yamin_NOUN,1758
Ysidro,1158
Yorke_NOUN,17113
Yingxue,1896
Yogurt,9178
Yemenite,2511
Yunsheng,1174
Yaw,3331
Yarns_NOUN,1610
Yokota,3387
Yoshihara,1645
Yefan,5820
Yonsei,2423
Yeh_X,7759
Yanqing_NOUN,2345
Yvette_NOUN,20420
Yusof,2498
YouTube_NOUN,101701
Yuanhang,2511
Yuka,1547
Yuma,5274
Yeti_NOUN,3049
Yuriy_NOUN,2383
Yingchang,1833
YARN,2692
Yurchak_NOUN,1107
Yams_NOUN,1003
Yuelin,1563
Yaga,3365
Yankees,50517
YFP_NOUN,1035
Yorùbá,1777
Yasuhiro,1626
Yiyun_NOUN,4390
Yutong_NOUN,1989
Yb_NOUN,5273
Yuka_NOUN,1536
Yermak,1219
Yuyang,1378
Yohannes_NOUN,1117
Yiu,2483
Yonezawa_NOUN,1272
Yunmo_NOUN,1111
Yaws_NOUN,1473
Yorubaland_NOUN,1395
YUN,3198
Yamaji,1115
Yefeng,1754
Yuping,1951
Yasar,1042
Yaounde_NOUN,2069
Yuying,3716
Yoneda,1602
Yizheng_NOUN,2693
Yus_NOUN,1135
Yuyuan_NOUN,3682
Yunqi_NOUN,7456
Ye've,2252
Yuanqing_NOUN,2618
Yttrium,1153
Yannan_NOUN,1622
Yhwh_NOUN,8065
Yan'er,10795
Yunru_NOUN,1787
YR_X,1962
Yunchao_NOUN,1156
Ying'er_NOUN,2908
Yes'm,2604
Yousuf,1396
Yunchen_NOUN,1696
Youngstown_NOUN,5315
Yazidi_NOUN,1926
Yazd_NOUN,1550
Yalom_NOUN,6378
Yezi,1547
Yarnell,1392
Yelena,5386
Yiyue,5741
Yushi,6538
YUE,1094
Yvon_NOUN,6587
Yuji,1492
Yajing_NOUN,1670
Yukon_NOUN,21230
Yoichi,1006
Yuya_NOUN,1406
Yulin_NOUN,3701
You're_ADJ,2047
Yaoyao,3362
Yuyan,12892
Yoo,17217
You're,3231
Y'all,12708
Yiner,1024
Younes_NOUN,2546
YEAR,24323
Yoneyama_NOUN,1476
YouTube,137316
Yue_NOUN,341445
Yasuoka,1270
Y.-T.,1217
Yan,590157
Yihan_NOUN,12624
Yonezawa,1276
Yusoff,1834
Yuanxing,1251
Yury,2272
Yoon,24257
Yuehua_NOUN,4458
Yuerong_NOUN,1691
Yueyue_NOUN,1286
Yukawa,3004
Yours,66404
Yuh,4508
Y.Z._NOUN,1560
Yuan,328392
YB_NOUN,4155
Yourself_PRON,32723
Yuanhang_NOUN,2510
Yer_VERB,2296
Yin_NOUN,210187
Yorktown_NOUN,10470
Yamakawa,1589
Ya,144716
Yt,2396
Yufan,5632
Yuejiao,2520
Yih,1096
Your_PRON,2366326
YEAST_NOUN,1063
Yoshio,2665
Yergin_NOUN,1786
Yunzhe_NOUN,1281
YOGA_NOUN,2573
Yehudah,3287
Yami,1184
Yar,5516
YES_X,14473
Yoshimi_NOUN,1498
Yoneyama,1487
Yaqui,7165
Yung_ADJ,1127
YC_NOUN,8511
Yeshiva_NOUN,3743
Yemen,58466
Yaacov,2226
YOUR_ADJ,2487
YOGURT,1212
Yount_NOUN,1526
Yuntao_NOUN,1735
Yoshizawa,1692
Yumi,2600
Youth_NOUN,198851
Youwei_NOUN,1703
Yaniv_NOUN,1661
Yojana_NOUN,5912
Yexuan_NOUN,2474
YOUNG,23682
Yuk_NOUN,2706
Yanez,1079
Yari,1047
Yule_NOUN,14907
Yatsek_NOUN,1113
Yunjie,36009
Yapese_NOUN,1190
Yehud,2472
Yamagishi_NOUN,2014
Yellowknife,1456
Yeobright_NOUN,2122
YOUR_PRON,138015
Yuzheng,1126
Yuwei_NOUN,20345
Yashar,1125
Yefimitch,1072
Yoko,7876
Yoshie,1196
Yunsheng_NOUN,1173
Yury_NOUN,2266
Yehudi,1319
Yamashita,9907
Yardsley,1104
Yolngu_NOUN,1220
Yetta,3044
Yundan_NOUN,4879
Yunru,1787
Yukos,1571
Yunzhe,1281
Yi_NOUN,423330
Yuanjiu_NOUN,2933
Yuting,3986
Yanzi_NOUN,1211
YIELD_NOUN,9192
Yongan,1198
Yorkshire_NOUN,68646
Yer_ADJ,4623
Y.N.,2165
Yamaguchi_NOUN,16427
Yb3,2020
Yarborough,2306
Yanyan,5853
YOLOv3,1001
Yuki,9022
Yuichi,1324
Yani_NOUN,2997
Yogesh,1572
Yanukovych,5476
Yeboah_NOUN,1055
YA,13237
Yarmouth_NOUN,11534
Yow_NOUN,1552
Yalla,2024
Ya'aqov,1202
Yildiz,3688
Yanagi_NOUN,1595
Yasuke_NOUN,2023
Yaya,1837
Yule,15226
Yashiro,1148
Yemenite_ADJ,1090
Yat_NOUN,12835
Youtang_NOUN,3397
Yergin,1828
York_NOUN,4701407
Yedo_NOUN,1732
Yingying,7362
Yunji_NOUN,3600
Y.L._NOUN,4566
YET_ADV,4702
Yunxiao_NOUN,1111
Yair_NOUN,3752
Yılmaz,3024
Yaoqi_NOUN,1372
Yeomen,1078
Yingyue_NOUN,1239
Yet_CONJ,396765
Yield_ADJ,3406
Yajur,1017
Yis_NOUN,1128
Yochanan,2019
Yun_VERB,3553
Yannian,3341
Yash_NOUN,3812
Y.-W.,1402
Yassine_NOUN,1257
Yuxi_NOUN,7912
Yassin_NOUN,3134
Yangtze,18811
Yanhong_NOUN,10184
Yifei_NOUN,11737
Yggdrasil,2907
Yong_ADJ,3835
Yunyun,2932
Yehud_NOUN,2450
Yao,297826
Y.D._NOUN,2164
Yago,1074
Yvonna,1065
YUM,1005
YR,11010
Yanchu_NOUN,1293
YUN_NOUN,3160
Yukiho_NOUN,1452
Yunfeng_NOUN,17775
Yoruba,20070
Yvette,20460
Yusef_NOUN,3072
Yiwei_NOUN,2476
Yiwu,1681
Yuille_NOUN,1199
Yachts,2330
Yesss,1383
Ya'ara_NOUN,1838
Yáñez,1124
Yerevan_NOUN,3821
Yo_NOUN,11929
YIN,2588
Y2_NOUN,4797
Yuasa_NOUN,2292
Youngstown,5452
Y2_NUM,4437
Yannian_NOUN,3338
Y.Y._NOUN,4424
Yen_ADJ,4268
Yuwei,20356
Yinger,6822
Yuming_NOUN,1721
Yanyu_NOUN,1580
Yamane,1797
Yannis_NOUN,2851
YOUNGER_NOUN,1249
Yacht,10186
Yuexi,3665
Yun_NOUN,433871
Yusuke,1027
Yolk_NOUN,1876
Yah,10176
Y.-K._NOUN,1244
YL_NOUN,5894
Yildirim,2869
Yazi,1093
Yeung,10918
Yuqiong,1279
Yat,12940
Yoshikawa_NOUN,6284
Yamauchi,4817
Yunxue,1728
You_ADJ,1718
Y.D.,2166
YAP_NOUN,3411
YorN_NOUN,14212
Yukina_NOUN,1209
Yilan,1294
Yuling,2202
Yuchun,1837
YS,12153
Yon,6578
Yinyin_NOUN,3234
Yogic,1665
Yuliya,1440
Yeruşalim'e_X,2522
Y.I.,1208
Yarborough_NOUN,2285
Yadin_NOUN,3287
York_,3453
YMCA,14518
Yaroslavl_NOUN,2064
Yiner_NOUN,1024
Yangming,2222
Yuzhu,4587
Yadava_NOUN,1196
Yunzhi,1310
Yeasts_NOUN,3244
Yezhov,1015
Ying_VERB,1957
Yazidi,1948
Yefim_NOUN,1189
Yamen,1730
Yuste,1841
Yim_NOUN,3137
Yemeni,10717
Yee,14343
Yes_X,3231201
Yuanzheng,1195
Y_NOUN,997157
Yahweh_NOUN,90866
Yusuf_NOUN,23673
Y.-Y.,1521
Yunqian,9307
Yunzi,1569
YA_PRON,13191
Yemen_NOUN,57110
Yorkers,17224
Yields_NOUN,6809
Yüksel,1344
Yün,1148
Y.T.,3081
Y.-T._NOUN,1217
Yannan,1625
Yahwist_NOUN,1146
Yunnan,23450
Yunis,1764
YPG_NOUN,2754
Yugoslavian_ADJ,2428
Y,1048381
Yexuan,2474
Yunchao,1156
YANG_NOUN,6302
Yurika,2109
Yuchi_NOUN,7619
Yu,966078
Ypsilanti_NOUN,1852
Yolngu,1410
Yazzie_NOUN,1094
Yost_NOUN,5993
Yomiuri_NOUN,2088
Yongxing_NOUN,1012
Yimei_NOUN,1180
Yuwen,41038
Yanow_NOUN,1495
Yingjie,23244
Yuna,2116
Yanyan_NOUN,5843
Yoshiaki_NOUN,1115
Yard_NOUN,51088
Yutang_NOUN,4179
Yori_NOUN,1347
Yaksha_NOUN,1347
Yount,1579
Yap,10647
Youzhou_NOUN,1261
Yellowstone_NOUN,34660
Yee_NOUN,13407
Yueyao_NOUN,3139
Yakubu_NOUN,1182
Yorkers_NOUN,17220
Yew_NOUN,9373
Youzhen_NOUN,1818
Ypperstepræsterne_NOUN,2305
YBCO_NOUN,2626
Yamagishi,2017
Yiwei,2478
Yanzhi_NOUN,4428
Ysmaine_NOUN,1547
Yacoub,1338
Y.-L.,1697
Yandell,1903
Yahoo_NOUN,11412
Yogyakarta_NOUN,6874
Yvonna_NOUN,1064
Yaakov_NOUN,4185
Yunteng_NOUN,1097
Yarou,1469
YH,9102
Y.P.,3002
Yizhou,3361
Yanzi,1306
Yarrow,10377
Yüeh,1335
Yunxiao,1116
Yuanxing_NOUN,1243
Yaounde,2210
Yekaterinburg_NOUN,1566
Yunxiang_NOUN,1320
Yellin_NOUN,1951
Yuheng,4786
Yuxu,2379
Yakurr,1786
Yamakawa_NOUN,1588
Yan'an_NOUN,3228
YEAR_NOUN,21354
Yousafzai,2763
Yüeh_NOUN,1137
Youmans_NOUN,1632
Yawning_VERB,2183
Yana,5256
Yards,7417
Yatol,1152
Yaa,1099
Yifeng_NOUN,6010
Yinuo,1190
Yamasaki_NOUN,3253
Yahudiler'in_X,1134
Yukichi,1392
Yuksel,1023
YEARS,23755
Yisrael_NOUN,5648
Yvon,6613
Yadin,3348
Yifu,1240
Yahya'yı,1008
Yevgeny,2960
Yulan,3356
YALE,1098
Yuhong_NOUN,1292
Y.I._NOUN,1205
Yehuda,12251
Yossi,4335
Yongning,1380
Yuh_PRON,2092
YOUNG_ADJ,10136
Yi'er,2174
Yuheng_NOUN,4785
Yueming_NOUN,2395
Yusheng,1409
Yetta_NOUN,3021
Yanis_NOUN,2177
Yaru,2784
YEAH_X,1206
Yinuo_NOUN,1190
Y.-F._NOUN,1330
Yumei_NOUN,1242
Yang_ADJ,1165
Yaoyue_NOUN,1218