yellowness,1358
yourn,2640
youngster,31937
yarrow,3246
yanks_NOUN,1972
yawl,3699
ye'll,8824
yetkiyle_X,1121
yowling_VERB,1511
yellowish_ADJ,42364
your,27028198
yearningly,1068
you'd_ADJ,2082
yellin_VERB,1129
yoke_ADJ,1734
yucca,3524
yama_NOUN,1815
you're_ADJ,19991
yeh_VERB,1611
yall,1323
yu_NOUN,12269
yama,2129
yoking,2002
yawn,38004
you'll,10395
yea,41938
younglings,1166
yeoman_NOUN,9296
yawns,8651
yardage_NOUN,1477
yoni,2199
yawning,34525
you'd,3298
y'know_X,5939
yttrium_NOUN,3737
yo_ADJ,13592
yur_NOUN,1188
yay_ADJ,1078
yeas,1576
yapped,1403
younglings_NOUN,1163
ye'll_NOUN,1378
yourself,2165172
yard_ADJ,37360
y'u,1275
youyou_PRON,1163
yolks_NOUN,21406
youryour,1220
yah_X,4951
yeasts_NOUN,21944
yaws,2772
yucky_ADJ,2035
youyou,1784
yearlong_ADJ,4410
yachting,5222
ying_VERB,1080
yearend_NOUN,1572
yellowing,10363
you'd_VERB,1185
yearolds_NOUN,2941
y0_NUM,6620
yellower,1532
yersel,1178
yeoman,9709
yuzu,1165
younger,809164
yoghurt_NOUN,18537
yr_VERB,1129
yuck,2106
yeh_X,2053
yü_ADJ,1619
yer_ADJ,63557
yogic_ADJ,6647
yogis_NOUN,4512
yells_VERB,36220
yuan_NOUN,55589
yo_ADV,3168
yet_ADJ,16626
ya_PRON,142425
yz_NOUN,2753
yowl_NOUN,1809
yī_X,1606
ynkedes_NOUN,1834
yü,3370
yaar,1596
youngling_NOUN,1274
yaw_VERB,1224
yr_ADP,1063
yj_NOUN,2273
ym,2748
yaws_NOUN,2675
yeares,3356
you,91691776
yellowfin,1360
yards,357994
yew_ADJ,2395
yon,23054
yon_VERB,2238
yells,51629
yea_X,11137
yn_ADJ,1014
yelps_VERB,1716
yeses_NOUN,1288
y'all,36487
yaksha,1198
youngling,1453
yen,26528
y,2062578
yes,1192862
yellin,1293
y'know,7813
yellower_ADJ,1455
yaw_NOUN,8859
yesterday_ADV,11477
yipping_VERB,1119
yeast,121410
yada_NOUN,1537
younger_ADJ,809080
yore_PRON,4798
yawns_NOUN,6005
y'all_PRON,29941
yearold_NUM,24544
yeryüzünde_X,1350
youthfulness_NOUN,5307
yakuza_NOUN,1865
you'll_VERB,6735
yup_ADV,1001
yat,1103
ylides_NOUN,1584
yonder,67629
youngest_ADJ,167478
y'know_ADV,1360
yttrium,5057
youthful,113339
yoku,1048
yurt,5491
yowled_VERB,1981
yield_VERB,276313
yourselves_PRON,144216
yer_ADV,2960
yeasty_ADJ,1897
yolk_PRON,1533
yolk_ADJ,1422
year,6297129
year_ADJ,1333585
yolks,24239
yielding_VERB,90113
youthful_ADJ,113323
y_pred,1125
yelped,22278
yearbook_NOUN,11827
yolk_NOUN,29097
yi_X,4061
yum_NOUN,4158
yachts_NOUN,19052
yf,2672
yn_X,24217
yeh_NOUN,2676
yanıtını_VERB,1008
yearbooks_NOUN,3097
yews,2738
yds_NOUN,2527
yearly_ADV,22785
yoga,137842
yamen,4577
yue_NOUN,1106
yaller,2194
yip,2319
youngish_ADJ,3884
yachtsman,1412
yearnings_NOUN,9473
yearlong,4585
ye've,4455
yargılayacak_X,1008
yesterday_NOUN,506858
years.2,1113
yesternight,1203
yellowed_VERB,10103
yearn,21765
yodeling,1083
you.,2195
yu_VERB,1019
yells_NOUN,15362
yay,3190
yet_CONJ,768715
yüan,1126
yards_NOUN,357972
youths_NOUN,88704
yawing_VERB,1008
yin_ADJ,6428
yellowish,43603
yelps,5214
yarn,86989
y_test,2401
yipped_VERB,2117
yiyip_X,1959
yeh,9932
yearround,2853
youse_NOUN,1082
yard,408831
yoo,2875
yuck_NOUN,1985
yeh_ADV,1206
your_ADJ,29436
y_train,2707
yearns,9109
yl_ADJ,1834
ys_X,2496
yantra,1565
youre,2988
yoked,8952
yellowed,12654
yoo_X,1197
yearly_ADJ,64412
yowled,1983
yogi,7553
ye'll_VERB,6517
yours_ADJ,14895
yeses,1292
ye're_VERB,2692
yaks,2665
yipping,1616
yow_VERB,1375
ylipapit_X,2905
yearned,34994
ying,5394
yell_NOUN,46264
ylimmäisen_X,1411
yoga_NOUN,135832
youths,90884
yellowish_VERB,1078
york_ADJ,14021
yelping_VERB,5652
yachtsmen,1306
yourselves,144234
yummy,11517
yo,76443
yargılayacak,1009
yelped_VERB,22249
yes_X,880653
yeah,230967
yun,1668
y2_NOUN,3035
yong_ADJ,3815
ya'll,3506
y2_ADJ,4438
yit_NOUN,2778
yeomen_NOUN,5687
yz,5223
youth_NOUN,1019024
you_VERB,1057
ylt_DET,2195
yearbooks,3372
yogis,5299
yumaon_X,1414
youtube,2091
yw_X,1299
yundong,1053
yep,4809
yawn_VERB,7656
yP_NOUN,1045
yer,98210
youthfulness,5592
yale_NOUN,1109
yokes,4126
ye've_NOUN,2117
yous,5248
yrs_NOUN,15711
youngest,167494
yet_ADV,4417584
ylang_ADJ,1316
yer_X,2474
yesteryear_NOUN,5017
yummy_NOUN,1806
yardsticks_NOUN,2408
yellows_NOUN,11306
yellowing_NOUN,5680
yellows,12001
yo_DET,3200
yes_ADV,312028
y1_NUM,8149
ylimmäisen,1411
yao,1892
youngish,3898
you._ADJ,1932
yk,4827
yous_ADJ,4556
yard_NOUN,371430
yi_NOUN,1370
yearly,87210
yeasty,2183
ylabel_NOUN,2176
yearningly_ADV,1065
yana,1576
y'r,1227
yuppie_NOUN,2089
yucca_NOUN,3503
yakuza,1951
yow_NOUN,1053
yardarm_NOUN,1244
yere_ADJ,1210
yelling_VERB,120073
yearn_NOUN,3648
yearling,5052
yeryüzünde,1578
yanjiu,5594
yeux,4566
yit_VERB,1324
yt,8545
years,10962748
yp,1776
yajna_NOUN,1269
yelling,120085
yuppie,2118
yokel_NOUN,1642
you_PRON,91642185
yx,4130
young_NOUN,4309
yit,4993
yuh_PRON,8171
y_NOUN,1322196
yr_NOUN,35040
yawns_VERB,2644
y'r_PRON,1120
ylt_VERB,43389
yuga_NOUN,1351
yoke_VERB,2718
yin_VERB,2662
yt_VERB,1449
yer_NOUN,4221
yip_NOUN,1821
years.1,1398
yelps_NOUN,3495
ylabel,2246
yx_NOUN,2352
yin_NOUN,29589
york,14583
years_NOUN,10961461
yantra_NOUN,1477
yppersteprestene,4042
ys,9720
yerself,4848
yourself_ADJ,6244
yearend,1590
yachting_NOUN,4602
ylide,1219
yt_NOUN,4188
yeeo,1051
yin,40636
yang_NOUN,31000
your_,4558
yÞ_NOUN,2580
yields,280138
yuh,16859
you're,20494
yale,1110
yoh,2045
yo_PRT,1659
yx_X,1205
y3_NUM,1865
yeti,2651
yaw,11202
yours,594015
ye,668099
yer_ADP,1343
youngster_NOUN,29927
yarning,1109
y_test_ADJ,1465
yellowed_ADJ,2546
yahoo,1248
yoghurt,19313
ya'll_NOUN,1775
yogi_NOUN,7131
yk_NOUN,3183
yellowtail,1049
yearling_NOUN,2694
yr,48270
yuppies_NOUN,1448
yips,1612
yon_PRT,3587
yelping_NOUN,1465
ytterbium_NOUN,1086
yielding_NOUN,13790
yea_NOUN,28542
yiyip,2917
youtube.com_PRON,1164
yj,3162
yeh_PRON,1238
yogin,1262
yoni_NOUN,1977
youngsters_NOUN,49690
yP,1292
yon_ADV,1293
yield_ADJ,19100
ye're,7593
yen_ADJ,2146
y2_X,1631
yearolds,3073
yds,2568
yell_VERB,56687
yerba,1936
y1_ADJ,1611
yummy_ADJ,9595
yang_ADJ,5708
yonder_VERB,6512
yuh_VERB,1881
yuppies,1453
ylide_NOUN,1023
yapping_NOUN,1342
yo_NOUN,4385
yez,3311
years.1_NUM,1331
yet,5203505
yere_NOUN,3248
yada,2267
yelp_NOUN,15939
yez_NOUN,2278
ye'd,3607
yr_CONJ,1917
yanks_VERB,6598
yi,28932
yeshiva_NOUN,3579
yellow_NOUN,100264
yp_NOUN,1330
y2_NUM,15686
yurt_NOUN,5454
yahoo_NOUN,1135
yuh_NOUN,4194
yeas_NOUN,1412
yawing,1429
yamen_NOUN,4530
yeti_NOUN,2511
young,5300327
ylab,1656
youtube.com,2578
yips_NOUN,1556
youth,1019530
you've_ADJ,6255
yaksha_NOUN,1136
yur,1463
ya,142437
yoked_VERB,7878
youse,4335
y_train_NOUN,2476
yucky,2187
yyyy,1028
ylt_PRON,42805
yellowing_VERB,4574
you_,12225
yung,1312
ytterbium,1322
yoksullara,1121
yearbook,12377
y'are,1136
yawning_VERB,32117
yarn_NOUN,82220
yardstick_NOUN,13987
yarmulke_NOUN,1202
yarn_VERB,2676
yan,4868
yogurts,2492
yelled,293693
yank_NOUN,8499
yapping_VERB,3765
ye'd_VERB,2623
yarns_NOUN,22992
yawned,51595
yeomanry_NOUN,2694
y_X,445194
your'n,1001
yow,4453
yÞ,2700
yokels_NOUN,1681
yogic,7144
youre_ADJ,1593
yogas_NOUN,1201
yw,2289
yellow,851222
yeasts,22116
yowling,2015
youse_VERB,1001
yearning,77721
yardage,1966
young'uns,1074
yield,633385
yr_ADJ,3138
yeshiva,3628
yanking_VERB,20637
youngster_ADJ,1141
yearns_NOUN,2189
yew_NOUN,12774
yo_X,24803
yellowy_ADJ,1049
yonder_PRON,6264
yammering_VERB,1273
yapped_VERB,1391
yearÀ1,1198
y'all_DET,6543
yaar_NOUN,1372
yd,4533
yo're,1263
young_ADJ,5295209
yonder_NOUN,42107
yardarm,1282
yearns_VERB,6918
your_PRON,26994209
yen_NOUN,24371
yang,50078
yester,1427
yu_X,8668
yeah_X,230829
yadda_X,1013
yod,1651
yee_NOUN,1701
yer_VERB,17754
yer_PRON,4193
yarmulke,1286
yelp_VERB,2785
yd_NOUN,3522
yetkiyle,1121
you_ADJ,36074
yield_NOUN,337843
yum,5297
yogas,1258
yn_VERB,2960
yī,2062
youse_PRON,1820
yipped,2133
ylt_ADV,8868
yup,1878
yers,1182
yields_NOUN,173195
yoking_VERB,1449
yokel,1744
yeare_NOUN,2953
yearlings_NOUN,2829
yearnings,9529
years_,1329
yeomanry,2785
yanking,20986
yeares_NOUN,3235
yeomen,5768
yoksullara_X,1121
youngsters,49697
yell,102955
yearning_NOUN,77707
yumaon,3306
yo_CONJ,1364
yellow_ADJ,750769
yttrium_ADJ,1227
yanjiu_X,4678
yokels,1693
yours_PRON,579011
yearround_NOUN,2027
yesterdays_NOUN,2255
yapping,5200
y0,8729
ye_PRON,656875
yo_VERB,16405
yoke_NOUN,54285
yak_NOUN,6084
yor,1806
yogurts_NOUN,2484
yr_X,4643
yarrow_NOUN,3113
you'll_ADJ,3477
yeare,3063
ye've_VERB,1556
yü_NOUN,1461
yerself_PRON,4750
yawning_NOUN,1918
yeast_NOUN,121378
yap_NOUN,1544
yang_VERB,3903
yǒu_X,1089
yam_NOUN,10146
yang_X,9386
ylipapit,2905
yoked_ADJ,1067
ypperstepresten,1209
yon_NOUN,12614
yielded,155857
yews_NOUN,2714
ying_ADJ,1852
yacht,76692
yearlings,2834
ye're_NOUN,3727
ys_NOUN,3660
yar,1275
yumaon_NOUN,1891
yelp,19064
ys_VERB,3205
yearn_VERB,17900
yogurt_NOUN,55264
yt_PRON,1083
yaon_NOUN,8353
yy,7348
yan_X,1332
yesterday,518360
yawl_NOUN,3592
yo_PRON,7276
yacht_NOUN,76685
yǒu,1322
yanked,94306
yammering,1744
yardsticks,2415
yachts,19300
yuan_ADJ,3284
yarn_ADJ,1593
ya'll_VERB,1015
yee,2795
yank,23185
y_PRON,294798
yere_VERB,1198
yams_NOUN,9663
yaks_NOUN,2628
yap,2751
yellowy,1264
yolk,32698
yore_ADV,9557
yesterdays,2267
yangban,1014
ylang,3431
yere,6688
yelping,7196
yourself_PRON,2158655
yong,5025
yawn_NOUN,29939
yearned_VERB,34917
yerba_NOUN,1679
yachtsmen_NOUN,1274
yodel,1039
yon_X,1450
ylides,1626
yanks,8570
yoke,59471
yielding,114235
yields_VERB,106922
yð,1793
yore_NOUN,2106
yn,34301
yesteryear,5108
yourn_NOUN,1331
yeux_X,3650
yppersteprestene_X,3418
yl,10051
yao'y,1706
ylang_NOUN,1706
yolks_VERB,2820
yah,7523
yurts,1837
you've,6354
yajna,1305
yearling_ADJ,1784
yl_NOUN,7774
yi_VERB,23449
y2,25104
yachtsman_NOUN,1405
yurts_NOUN,1829
y1,11380
yogurt,57374
yersel_NOUN,1011
yawned_VERB,51550
yank_VERB,14686
yin_X,1407
yearold,24748
yielded_VERB,155855
yak,7563
y4,1327
young'uns_NOUN,1055
yrs,16026
yellowness_NOUN,1244
yn_NOUN,4705
yelled_VERB,293691
yer_PRT,1580
yams,9963
yc,1295
yT,1357
yadda,1536
yoursel,1293
yowl,2101
yore,16981
ying_NOUN,2289
yardstick,14286
yu_ADJ,1980
yom,1269
yan_ADJ,2240
yuan,60175
yokes_NOUN,3355
yarns,23372
yam,11639
yonder_ADJ,12025
ym_NOUN,1893
yā,1123
yogin_NOUN,1169
years.2_NUM,1022
yep_NOUN,3495
yu,24579
ye_NOUN,11164
yaller_NOUN,1433
yT_NOUN,1086
yy_NOUN,5202
yond,1214
yuga,1420
yue,1540
yana_NOUN,1116
year_NOUN,4962135
yielding_ADJ,10323
ylab_NOUN,1639
yew,16332
y3,3072
yanked_VERB,94305