Zari_NOUN,2654
Zemon_NOUN,1264
ZAW,1527
Zaynab_NOUN,2158
Zhiheng,1240
Zwölfen_NOUN,4001
Zemei_NOUN,1466
Zubin_NOUN,1358
Zante,1177
Zena_NOUN,3411
Zebulun,5993
Zwolle_NOUN,1507
Z.,373918
Zak_NOUN,14675
Zao,2156
Zweiten,1716
Zhuang_NOUN,36420
Zhiyan,2195
Zorro,4007
Zaki_NOUN,5200
Zining,1000
Zwei_NOUN,1906
Zener,4176
Zilong,6976
Zhuan_NOUN,2258
Zha_NOUN,5452
Ziyue_NOUN,1929
Zossima,1277
Zakat_NOUN,3346
ZY,3036
Zohra,1858
Zaretsky,1457
Zhizn_NOUN,1087
Zbaraj,1069
Zorah,1138
Zebulon,2549
ZM,3693
Zhenqi,3524
Ziegler,22985
Zulu_NOUN,24714
Zulu,24809
Zhicheng,2834
Zeiten,1937
Zott_NOUN,1653
Zeithaml_NOUN,1712
Zella,2198
Z2_NUM,2489
Zaccheus_NOUN,1410
Zizi_NOUN,2518
Zones_NOUN,28305
Zürcher_NOUN,2585
Zell,4708
Zakharova_NOUN,1038
Zan_NOUN,9937
Zeitalter_NOUN,1295
Zitong,2010
Zuzana_NOUN,1212
Zafira,1992
Zulfikar,1822
Zigbee_NOUN,2427
Zehou,1138
Ziya,4936
ZVI,1669
Zammit,1272
Zagros,2295
ZX,2076
Zealot,2135
Zeer,1187
Z.-H.,1194
Z.L.,2433
Zurich_NOUN,48020
Zemeckis,1042
Zilber,1215
Zixi_NOUN,9518
Zay,1204
Zeidler,1427
Zwicker_NOUN,1846
Zanella,1285
Zuhal,1891
Zanzibari,1234
Zoë_NOUN,10015
Zevon,1408
Zanten_NOUN,1198
ZDF,1478
Ziyi_NOUN,9018
Zhenzhen_NOUN,1452
ZSM_NOUN,2191
Zhenjiang,1920
Zimmern_NOUN,2059
Zubair_NOUN,1630
Z.W._NOUN,1422
Zosimus,2129
Zossimov,1396
Zvezda_NOUN,1736
Zopa,1519
Zale,1657
Z6,2821
Zared,1838
Zealot_NOUN,2118
Zea,8608
Zentrum,3752
Zippo_NOUN,2508
Ziba_NOUN,2762
Zijlstra_NOUN,1155
Zizioulas_NOUN,3160
Zoot,1508
Zhidong_NOUN,1010
Zuniga,1926
Zabel,1531
Zilan,2433
Zagan,3254
Z1_NOUN,3659
Zun_NOUN,4631
Zehnder_NOUN,3579
Zohra_NOUN,1856
Zeng,34488
Zeitalter_X,1229
Zwischen,3852
Zákoně,1524
Zebah_NOUN,1028
Zabern,2197
Zn_ADJ,1959
Zhongtian,2311
Zink,3315
Zoroastrians,2637
Zr,18181
Zexi_NOUN,1150
Zhengyi,1197
Zuri,4655
Ziwei,1961
Zeek,2055
Zuzanna,1097
Zeichner_NOUN,2471
Zhenghao,2080
ZS,3146
Zara_NOUN,40374
ZDV,1281
Zinlo,1012
Ziyad_NOUN,1430
Zijun_NOUN,2003
Zwolle,1517
Zipper,1465
Zining_NOUN,1000
Zp,1344
Zionist_ADJ,4416
Ziemer,1014
Zoological_NOUN,11675
ZIKV_NOUN,6690
Zapata,10745
Zossimov_NOUN,1396
Ziva,3099
Zeyu,7947
Zahra_NOUN,14664
ZigBee,4230
ZOO_NOUN,1419
Zanuck_NOUN,2935
Zadar_NOUN,2003
Zsa_NOUN,4242
ZE_NOUN,1808
Zygote_NOUN,1198
Zoologist_NOUN,1455
Ziwei_NOUN,1961
Zinnia,10269
Zhennan,1551
Zeit,23766
Zotz,2471
Zelda,18131
Zubik,1153
Zedekiah,10848
Zacchaeus,5901
Zeki,1960
Zemel,1048
Zhen_NOUN,64702
Zeke,49517
Zoe,121881
Zixiao,5192
Zanden,2248
Zarb,1051
Zari,2657
Zionist,60967
Zebedee_NOUN,6898
Zan,10015
Zillmann,1154
Zhenxin_NOUN,14685
ZR,4034
Zombies,7388
Zakir_NOUN,2353
Zoé_NOUN,1362
Zebulun_NOUN,5990
Zainab_NOUN,3150
Zier,2518
Zoster_NOUN,2361
Zanten,1198
Zobel,1823
Zelophehad_NOUN,1636
Ziemer_NOUN,1010
Zeitung,18884
ZPD,3377
Zhenguo_NOUN,1356
Z.J.,2068
Zijie,2030
Zionism_NOUN,38608
Ziggy_NOUN,6926
Zhengxun,2080
Zbigniew_NOUN,5195
ZI_NOUN,2068
Zenas,1611
Ziploc_NOUN,2511
Zika,18026
Zoller,1776
Zopa_NOUN,1511
Zittoun_NOUN,1048
Zichao,1428
Zipes,2492
Zi_NOUN,217272
Zidane_NOUN,2993
Zool_NOUN,16235
Zimbabweans_NOUN,2445
Zavier_NOUN,1978
Zhui,1700
Zemstvo,2336
Zhidong,1013
Zong,41449
Zimmerli_NOUN,1327
Zafir,1634
Zewail,1542
Zhongyi_NOUN,1472
Zabriskie,1054
Zhenguo,1356
Ze'ev,3645
Zilpah_NOUN,1315
Zheng,202955
Zhizn,1104
Zondervan_NOUN,20856
Zapatista_NOUN,4801
Zanotti,1365
Zixuan_NOUN,34595
ZnO_NOUN,55827
Zun,4634
Zarqa_NOUN,1299
Zodwa_NOUN,1150
Zahlen,1155
Zeitlin_NOUN,5412
Zhiyi_NOUN,1643
Zhuo,45344
Zirconium,2226
Zayneb,1200
Zappa_NOUN,3226
Zucker,9937
Zoya_NOUN,13594
Zch,3295
Zhuangzi_NOUN,10411
Zewail_NOUN,1542
Zakkai,1110
Zarkon,1265
Zeithaml,1722
Zhongtian_NOUN,2310
Zha,5454
Zuo_NOUN,44327
Zaremba,1251
Zelensky_NOUN,5632
Zucker_NOUN,9863
Zwingli_NOUN,8748
Zeeland_NOUN,4956
Zhengtang,1185
Zhang1_NOUN,1679
Zeek_NOUN,2054
Zinan,4878
Zeolite_NOUN,2586
Zhengyang,1469
Ziyang,46159
Zippo,2522
Z.L._NOUN,2433
Zip,9362
Zhongyuan,1071
Zubair,1638
Zacks_NOUN,1475
Zoom_NOUN,14426
Zijie_NOUN,2029
Zeitgeschichte_NOUN,2507
Zarya,1046
Zihuang,2192
Zap,2312
Zabern_NOUN,2189
Zuckerberg_NOUN,12489
Zelia,1592
Zeeman_NOUN,6537
Zakrzewska,1030
Zora,12477
Zunz,1637
ZTD_NOUN,1120
Zhonghan,1112
Ziying,1235
Zimmermann_NOUN,25403
Zdaliž,3431
Zuber_NOUN,4262
Zhen,64721
Zorita,1551
ZHANG,3064
Zoonoses,2575
Zamoyski,1648
Zhiyong,1026
Zelia_NOUN,1591
Zique,1613
Zoey_PRON,1003
ZIP,6419
Zaatari,1064
Zanzibari_NOUN,1216
Z39.48_NOUN,3409
ZT_NOUN,4888
Zine_NOUN,1836
Zemlya_NOUN,1604
Zodiac_NOUN,12055
Zagora,1013
Zhonghai_NOUN,1032
Zelophehad,1639
Zixian_NOUN,2147
Zeitalter,2526
Zeit_NOUN,14954
Zariski_NOUN,1762
Ziling_NOUN,1293
Zack_NOUN,55345
Zounds_X,2023
Zhiyan_NOUN,2190
Zihan,15773
ZONE,5150
Zimo_NOUN,7520
Zar_NOUN,1977
Zhenbang,1203
Zhongqing,1814
Zamorano_NOUN,1224
Zenan_NOUN,1100
Zeenat,1538
Zixi,9520
Zeph,6045
Z.M._NOUN,2372
Z.P._NOUN,1217
Zapotec_ADJ,2032
Zhdanov_NOUN,3366
Zernike_NOUN,3032
Zadok,7369
Zhaoyang_NOUN,2780
Zeppelins,1538
Zidovudine,1263
Zubayr_NOUN,1044
Zenger,3860
Zaren_NOUN,1016
Zwick_NOUN,2784
ZD,2191
Zhengfei_NOUN,1230
ZAP,1778
Zande,1053
Zone,133189
Zifei,1695
Zhengnan,4643
Zarn,1394
Zammit_NOUN,1265
Ziyad,1432
Zitong_NOUN,2008
Zhenya_NOUN,1518
Zvonek_NOUN,1369
Zaina_NOUN,1684
Z6_NOUN,2024
Zaza_NOUN,2736
Zamboanga_NOUN,1731
Zaïre_NOUN,1106
Zeanith,1788
Zaharia,1000
Z2,7210
Zusammenarbeit_NOUN,1652
ZO_NOUN,1974
Zyl,3135
Zhongyuan_NOUN,1066
ZnSe,2119
Zola_NOUN,20881
Zeigler,5065
Zuniga_NOUN,1855
Zanos_NOUN,1551
Zhukov,6241
Zephaniah,9115
Zigzag,2026
Zarephath,1394
Zook,2776
Zambezi_NOUN,3920
Zaide,1024
Zalmon_NOUN,1329
Zainichi_NOUN,1057
Zura,2749
Zwick,2797
Zhizheng_NOUN,1346
Zeelie_NOUN,2620
ZN,2465
Zhui_NOUN,1699
Zongheng_NOUN,2189
Z._NOUN,373814
Zend_NOUN,2157
Zweck,1127
Zur_NOUN,19991
Zech.,1439
Zang_NOUN,7124
Zagan_NOUN,3251
Zam,1161
Zn2,5451
Zhifa,9841
Zhengyi_NOUN,1195
Zeid,1985
Zermatt,1965
Zevon_NOUN,1407
Zu,13732
Zerah,2357
Zamir,3235
Zanos,1551
Zimbardo_NOUN,4748
Zitai,2096
Zilin_NOUN,1045
Zorzi,2295
Zhenbang_NOUN,1203
Zera,1568
Zamagni,1191
Zn_NOUN,62076
Zehr_NOUN,1546
Zeinab_NOUN,1304
Zhengfei,1232
Zihui_NOUN,1320
Zhenhai,3347
Zamyatin,1773
Zhenzi,1213
Zinnia_NOUN,10260
Zhaohua_NOUN,1034
Zhejiang,37853
Zhdanov,3397
Zirconia_NOUN,1515
Zandra_NOUN,1189
Zuckerkandl_NOUN,1194
Zhixia_NOUN,1676
Zhenwei_NOUN,1402
Zui_NOUN,1464
Zebra,5558
Zuzanna_NOUN,1097
ZZ_NOUN,5468
Zina_NOUN,3527
Zaida,1857
ZINC,1064
Zin_NOUN,5343
Zermelo_NOUN,1394
Ziff_NOUN,1781
Zaccaro_NOUN,1215
Zayd_NOUN,3801
Zeta,8738
Zip_NOUN,6872
Zanna,3018
Zayed_NOUN,4383
Zimmerer_NOUN,1177
Zuoyi,2624
Zwart_NOUN,2411
Zoltan,4675
Zhi_NOUN,78647
Zhangsan,1066
Zamboni,3369
Zibin_NOUN,1226
Zilin,1045
Ziyuan_NOUN,8610
Zajac,2095
Zhongting,3468
Zwaan,2238
Zalmunna,1043
Zel_NOUN,1040
Zygmunt,6364
Zener_NOUN,4058
Zeiss,6608
Zhuwen_NOUN,5592
Zophar_NOUN,2111
Zi,218724
Zeitschr,1239
Zhongqiu_NOUN,1919
Zurek_NOUN,1464
ZERO,4099
Zürich,14103
ZLB_NOUN,1326
Zeitschrift_X,3492
Zophar,2127
Ze_NOUN,43702
Zoot_NOUN,1394
Zay_NOUN,1195
Zusammenhang_NOUN,1193
Zubayr,1050
Zillow_NOUN,1475
Zollo_NOUN,1185
Zijing,2189
Z.Y.,2360
Zennor_NOUN,1251
ZDM,1235
Zahl,1157
Zakharov,3502
Zag_NOUN,1984
Zest,4045
Zhangsan_NOUN,1057
Zed_NOUN,22290
Zaitsev_NOUN,1886
Zhukovsky,1248
Zec,3072
Ziff,1792
Ziman_NOUN,2228
Zuri_NOUN,4654
Zapatistas,3425
Zabbix,2355
Zanuck,2954
Zor_NOUN,1471
Zarb_NOUN,1047
Zuhal_NOUN,1861
Zoos_NOUN,2228
Zamira,1113
Zoë,10023
Zennie_NOUN,1745
Zombie_NOUN,21187
Zana,1217
Zhuhai_NOUN,1981
ZFC_NOUN,1868
Z,587530
Zawadzki,1196
Zooey,1852
Zoback_NOUN,1155
ZL_NOUN,2806
Zabriskie_NOUN,1051
Zhengqing_NOUN,1841
Zarya_NOUN,1035
Zarate_NOUN,2498
Zhongyang,1883
Zhuwen,5592
Zena,3411
Zadie,4616
Zayas,2522
Zhihao,2251
Zoback,1155
Zhongjun,1059
ZHU_NOUN,1042
ZHOU,1516
ZS_NOUN,3113
Zang,7129
Zinc,27528
Zhenhua_NOUN,2047
Zawahiri_NOUN,2479
Zooming,2606
Zhongxuan,3178
Zeer_NOUN,1174
Zambian_NOUN,4897
Zinsser,1230
ZF_NOUN,4724
Zofia,5482
Zellweger,1606
Zacharia,1558
Zu_NOUN,13590
Zara,40424
Zaidi_NOUN,4827
Zandt,2745
Zero_NUM,24385
Zametov_NOUN,1478
Zhiyun,1301
Zeebrugge_NOUN,1636
Zachary_NOUN,38176
Zixiao_NOUN,5191
Zetterberg,1244
Zhenhua,2047
Zinsser_NOUN,1219
Zhaowu_NOUN,1030
Zotz_NOUN,2470
Zhiruo,1463
Zhongli,3114
Zhivago,2341
Zhangsun,4479
Zella_NOUN,2196
Zander,24093
Zoonotic,5435
Ziv,4275
Zweite,1269
Zuleikha_NOUN,1855
Zishan,3407
Zoologie,1228
Zhiliang_NOUN,1180
ZZ,5588
Zollverein,2394
ZrO,6684
Zhenjiang_NOUN,1918
Zayne_NOUN,3880
ZW,2420
Zygomatic,1184
Zedong_NOUN,19979
Zeuxis_NOUN,1592
Z.S.,1759
Zedong,20333
Zuckert_NOUN,1156
Zuccotti_NOUN,1216
Zhinan,4550
Zoologist,1503
Zekun_NOUN,18764
Zukin,2304
Zakon_NOUN,1305
Zadri_NOUN,2380
Zvi,11494
Zarathustra_NOUN,15505
Zooey_NOUN,1850
Zug,2591
Zila_NOUN,1705
Zernike,3077
Zhigang_NOUN,2151
ZrC_NOUN,3102
Zanj,1669
Zum_NOUN,6672
ZR_NOUN,3880
Zava,1291
Zaatari_NOUN,1061
Zygmunt_NOUN,6359
Zaretsky_NOUN,1448
Zaleski_NOUN,1972
Zhaoyi,2418
Zodwa,1150
Zavala_NOUN,3817
Zooplankton,2173
Zainichi,1058
Zelikow,1397
Zee,15171
Zacher,2420
Zacharias,9706
ZrC,3104
Zidovudine_NOUN,1250
Zev,2069
Zamora,9833
Zöllnern_NOUN,1540
ZVS,1156
Zhan_NOUN,77783
ZQ_NOUN,1395
Zemin_NOUN,4478
Zeman_NOUN,3488
Zhonghai,1032
Zeph_NOUN,6039
Zucchini,7501
Zanchi,1050
Zeh,1240
Zambezi,3957
Zhang1,1683
Zona_NOUN,7436
Zanzibar,19510
Zweig,10619
Zoroastrianism,5139
Zink_NOUN,3307
Ziwen,1484
Ziklag,1917
Zeeland,5002
Zimbabwean_NOUN,7039
Z.G._NOUN,1390
Ziruo_NOUN,2087
Zeki_NOUN,1953
Zermatt_NOUN,1963
Z.Y._NOUN,2359
Ze_X,1309
Zimmern,2087
Zenobia_NOUN,7070
Zahm,1507
Zarn_NOUN,1393
Zhivkov_NOUN,1300
Zinfandel,1226
Zeiger,1586
Zhiyun_NOUN,1301
Zahlen_NOUN,1013
Zph,1151
Zangwill_NOUN,2842
Zhan,77811
Zhengzhou_NOUN,3474
Zoroaster_NOUN,6199
Zerubavel_NOUN,2375
Zhangsun_NOUN,4478
Zip_VERB,2462
Zeenat_NOUN,1519
Zeryl,1176
Zentner,1431
Zuid_NOUN,1297
Zuñi_NOUN,1662
Zeanah,1838
Zhixuan,3279
Zeitgeschichte,2554
ZONES_NOUN,1322
Zidane,3002
Za,12473
Zaller_NOUN,1645
ZP,2920
Zee_NOUN,14914
Zook_NOUN,2765
Zipf_NOUN,3030
Zinzendorf,3103
Zerubavel,2386
Zera_NOUN,1566
Zh_NOUN,3646
Zoology,14884
Zhongguancun,1389
Zbyszko_NOUN,1519
Zukunft_NOUN,2329
Zeigler_NOUN,5046
Zainab,3154
Ziel_NOUN,1065
Zárate_NOUN,1174
Zahavi_NOUN,3492
Zhongguo_NOUN,15663
Zio_NOUN,1221
Zhongguo_X,7254
Zealous_NOUN,1100
Zürich_NOUN,14038
Ziolkowski,2205
Ziad,1695
Zawahiri,2496
Zuckert,1165
Zbaraj_NOUN,1069
Zweifel,1121
Zambia,47720
Zhongshu_NOUN,1141
Zeppelin,13150
Zanna_NOUN,3014
Zain,4821
Zakkai_NOUN,1107
Zur,28229
ZnS_NOUN,6632
Zadok_NOUN,7363
Zanden_NOUN,2230
Zixu,1376
Zedekiah_NOUN,10823
Zähneklappen_NOUN,1188
Zasię,2078
Z.G.,1391
Zeev_NOUN,2830
Zahid_NOUN,3800
Zippy_NOUN,1226
Zakon,1306
ZIF_NOUN,5202
Zeichen,2976
Zoroastrianism_NOUN,5089
Zong_NOUN,41382
Z.W.,1423
Zenith,7692
Zuck_NOUN,1659
Zafar_NOUN,5930
Zacatecas_NOUN,3314
Zetterberg_NOUN,1242
Zinfandel_NOUN,1225
Zhijun,2329
Zhaowu,1031
Zoroastrian_ADJ,2423
ZHOU_NOUN,1497
ZG_NOUN,2744
Ziba,2763
Zipf,3058
Zama_NOUN,1887
Zhicheng_NOUN,2834
Zahara,3696
Zhejiang_NOUN,37758
ZIP_NOUN,5856
Zique_NOUN,1613
Zhenwu,1680
Zanj_NOUN,1669
ZL,2870
Zhao,459474
Zeke_NOUN,49417
Zhivago_NOUN,2340
Zellner_NOUN,1591
Zasię_NOUN,1799
Zenger_NOUN,3837
Zahid,3802
Zeyu_NOUN,7947
ZERO_NUM,1698
Zhu_NOUN,238660
Zunz_NOUN,1631
ZVI_NOUN,1647
Zuccotti,1225
Zph_NOUN,1148
Zapf,2054
Zahran_NOUN,1152
ZM_NOUN,3658
Ziye,3743
Zaba,1654
Zechariah_NOUN,34581
Zackie,1295
Zahir_NOUN,8104
Zeros,3189
Zakrzewska_NOUN,1025
Zand_NOUN,1472
Zodiacs,1062
Zaha_NOUN,1667
Z.B._NOUN,1023
Zuboff,2102
Zysman_NOUN,1022
Zakaria_NOUN,5331
Zed,22702
Zacchaeus_NOUN,5880
Zanoni,2386
Zelle_NOUN,1054
Zahran,1155
Zigler,1817
Zouave,4629
Zeth,1059
Zillah_NOUN,5034
Zo,5133
Zacatecas,3347
Zihao,7296
Zeitschrift_NOUN,29531
Zab_NOUN,1014
Zizhou,2569
Zine,1837
Zulfikar_NOUN,1820
Zemei,1466
Zared_NOUN,1833
Zaid_NOUN,4553
Zohar,13160
Zoroastrian_NOUN,4293
Zam_NOUN,1126
Zhixin,13966
Zim,1807
Zhenyu_NOUN,22637
Zhenzhen,1456
Zhao_NOUN,458924
Zysman,1039
Zein,2345
Zanetti_NOUN,3159
Zelaya_NOUN,2150
Z_X,2174
Zorah_NOUN,1137
Z.Q.,1219
Zucchi_NOUN,1038
Z1,5757
Zellweger_NOUN,1596
Zoster,2374
Zwischen_NOUN,3759
Zalta_NOUN,6292
Zimmerer,1179
Zhong_X,1011
Zeal,4890
Zm_NOUN,1699
Zagloba,11167
Z5_ADJ,1016
Zhenzi_NOUN,1211
Zelazo_NOUN,1162
Zakharova,1045
Zenon,2215
Zofia_NOUN,5480
Zenobia,7089
Zentralbl,1382
Zakariya,1000
Zagreb,16963
Zhongyang_NOUN,1882
Zhifa_NOUN,9841
Zhongshan_NOUN,4811
Zalta,6299
Zajonc_NOUN,2430
Zemon,1268
Zita,6330
Zaira_NOUN,3224
Zodiacs_NOUN,1062
Zoon_NOUN,1142
Zuni,5454
Zhigang,2152
Zalmunna_NOUN,1042
Zygon_NOUN,1036
ZN_NOUN,2363
ZILOV_NOUN,1371
Zhenwu_NOUN,1678
Zionists_NOUN,16318
Zinder_NOUN,1270
Zumwalt_NOUN,1732
ZH_NOUN,3438
Zeilinger,1310
Zahara_NOUN,3696
Zelinsky,1198
Zald_NOUN,2973
Zelizer_NOUN,4539
Zubin,1366
Zemlya,1610
Zeichner,2487
Zenda_NOUN,1395
Zen,65772
Zhijie,1011
Ziruo,2087
Zichzelven_NOUN,1568
Zixu_NOUN,1376
Zähneklappen,1386
Zhihua,3825
Zusammenarbeit,2019
Zp_NOUN,1331
Zexi,1150
Zaria_NOUN,4725
Zeche,1330
Ziyun_NOUN,3910
Zephaniah_NOUN,9096
Zigbee,2441
Zimbabwean,8800
Zhongshu,1145
Zijlstra,1161
Zakharov_NOUN,3483
Zeanith_NOUN,1787
Zoe_NOUN,121823
Zakir,2357
Zog_NOUN,1171
Zaren,1021
ZnCl,1119
Zwieten_NOUN,1008
Zoé,1371
Zapiski,1757
Zima,2217
Zealander,3479
Zhenqi_NOUN,3524
Zealous,1295
Zutphen,1722
Zanker_NOUN,2164
Zephyrus_NOUN,1366
Zwei,2362
Zhengzhou,3804
Zanchi_NOUN,1048
Zeller,7293
Zongheng,2190
Zigzag_NOUN,2019
Zhonghua,14037
Zhuang,36437
Zizioulas,3163
Zhennan_NOUN,1550
Zariski,1763
Zito,1912
Zhonggong,2506
Zahir,8123
Z.A._NOUN,2967
Zoltan_NOUN,4630
Zilberman_NOUN,1561
Zephyr,12112
Zapf_NOUN,2039
Zarqawi,4756
Zedler_NOUN,1143
Zhengqing,1841
Z5_NOUN,1234
Zanni_NOUN,1032
Ziblatt_NOUN,1148
Zixia_NOUN,1094
Zillmann_NOUN,1149
Zoologica,1407
Zehra_NOUN,1239
Znaniecki,1008
ZUMA_NOUN,2004
Zorro_NOUN,3740
ZK_NOUN,2336
Ziyan_NOUN,13575
ZOOM,1276
Zambian,7956
Zaza,2741
Zhe_NOUN,20515
ZTE,1824
Zodiac,12109
Zemin,4487
Zeckhauser,1598
Zerah_NOUN,2354
Zondervan,20925
Ziye_NOUN,3739
ZnO,57198
Z.Z._NOUN,1200
Zekai,1129
Zukin_NOUN,2159
Zenon_NOUN,2203
Zarqa,1306
Z.B.,1023
Zurek,1467
Zarchi,1400
ZB_NOUN,2854
Zagreb_NOUN,16903
Ziheng_NOUN,1507
Zamagni_NOUN,1187
Zumthor_NOUN,1154
ZO,2199
Zuck,1662
Zag,1991
Zadeh_NOUN,6863
Zum_X,1420
Zahm_NOUN,1499
Zollinger_NOUN,1981
Zúñiga_NOUN,3042
Zionists,16345
Zuo,44352
ZOO,1419
Z1_NUM,1819
Zeebrugge,1641
Zenker_NOUN,2021
Zita_NOUN,6314
Zagros_NOUN,2289
Zennie,1745
Zoran_NOUN,4435
Zetas,3690
Zones,28350
Zeitoun,1137
Zaïre,1126
Zt_NOUN,1803
Zöllner,1141
Zuma_NOUN,10181
Zingoni,1046
Zionic,1010
Zanesville_NOUN,1153
Zaharia_NOUN,1000
Zetter,1304
Zeus_NOUN,90046
Zircon,1670
Z.Z.,1216
ZEALAND_NOUN,2108
Zhiren_NOUN,2471
Zhuo_NOUN,45331
Zionist_NOUN,55891
Zemstvo_NOUN,2331
Zucchini_NOUN,7325
Zole,1081
ZLB,1347
Zala,1181
ZERO_NOUN,2260
Zittoun,1051
Zichen,27526
Zehao_NOUN,11990
Zombie,21276
Zelizer,4590
Zs_NOUN,2215
Zoonoses_NOUN,2567
Zebah,1050
Zahedi_NOUN,1155
Zwart,2420
Zoom,14724
Zimo,7520
Zembylas,1507
Zohn_NOUN,2021
Zebedee,6920
Zabala_NOUN,1328
Zappos_NOUN,3149
Z.A.,2977
Zig_NOUN,3893
Zipes_NOUN,2474
Zedner_NOUN,1594
Zhivkov,1325
Zalewski_NOUN,1616
Zaide_NOUN,1024
Zitai_NOUN,2096
Z.C.,1089
Zapiski_NOUN,1741
Zhiqiang_NOUN,2968
Zossima_NOUN,1277
Zhuangzi,10489
Z.-H._NOUN,1194
Zweifel_NOUN,1017
Ziel,1310
ZH,3574
Zoon,1148
ZrO2_NOUN,2333
Z3_NOUN,2027
Zaragoza,9773
Zab,1021
Zea_NOUN,8530
Zapotec_NOUN,2049
Zigui_NOUN,3453
Zionic_NOUN,1008
Zixuan,34598
Zackie_NOUN,1251
Ziying_NOUN,1234
ZAPU_NOUN,1279
Z7,1417
Zeitschr_NOUN,1236
Zhengyuan,1578
Zeroes_NOUN,1111
Zaina,1684
Zeichen_NOUN,2415
Zarah,2910
Ziqian,1318
Zapotec,4101
Zihui,1321
Zinaida,2025
Zapata_NOUN,10136
Zhongshen,3816
Zanotti_NOUN,1358
Zeta_NOUN,8701
Zisi,4284
Z.C._NOUN,1089
Zuid,1350
Zare_NOUN,2107
Zotit_X,1406
Zagzebski,2228
Zasshi,3122
Zoraida,2030
ZAR_NOUN,1736
Zurcher,1268
Zinoviev,3954
Zaslavsky_NOUN,1612
Zuma,10234
Zhangke,1306
Zani,1255
Zhengnan_NOUN,4643
Zenda,1395
Zappa,3259
Zaller,1652
Zurita,1615
Zachariah,9063
Zhijie_NOUN,1011
Zealand_NOUN,316732
Zuboff_NOUN,2080
Z39.48,3481
Zihao_NOUN,7296
Zui,1484
Zooming_NOUN,1877
Zeilinger_NOUN,1305
Zhiyang,1242
Zeitschrift,34113
Zibin,1226
Zicheng,1544
Zinner_NOUN,1001
Zoey,29489
Zeinab,1306
Zonal,2435
Zifei_NOUN,1695
Zulia,1033
Zakat,3422
Zeitlin,5451
Zacks,1482
Zhili_NOUN,1675
Z.H.,2909
Zarqawi_NOUN,4740
Zim_NOUN,1797
Zealots,3252
Zhihao_NOUN,2251
Zohn,2024
Zhengxun_NOUN,2080
Zeit_X,8161
Zicheng_NOUN,1543
Zhiwei_NOUN,1805
Zweigert,1187
Zhirou_NOUN,1158
Zch_NOUN,3284
Zawadzki_NOUN,1191
Zorin,1284
Zambesi_NOUN,2961
Zuckerman,12571
Zale_NOUN,1655
Zadar,2017
Zant_NOUN,1412
Zarate,2563
Zoological,12252
Zwicker,1855
Zoar,2321
Zollinger,2001
Zaccheus,1410
Zk_NOUN,1102
Zorba,1915
Zd,2171
Zimri_NOUN,2662
Zeng_NOUN,34464
Zeena,1806
ZC,3066
Zhongnanhai,1137
Zealanders_NOUN,7234
Zetter_NOUN,1294
Zametov,1478
Zizi,2527
Zoloft,1857
Zana_NOUN,1214
Zeche_NOUN,1326
Zhiling,2402
Zamora_NOUN,9764
Zeeman,6582
Zipporah_NOUN,2742
Zipfel,1086
Zisang,6127
Zweite_NOUN,1242
Ziva_NOUN,3097
Zahi,1770
Zehao,11990
Zr_NOUN,18121
Zinke,1589
Zak,14699
Zep,1266
Zinaida_NOUN,2025
Zárate,1243
Zoltán,3666
Zircon_NOUN,1668
Z.X._NOUN,1059
Zichao_NOUN,1428
Ziqing,4664
Zixin_NOUN,1745
Zeb,14937
Zain_NOUN,4805
ZI,2210
Zhonggong_NOUN,2191
Zhonghua_NOUN,14033
Zurich,48368
Zellner,1600
Zhong_NOUN,140839
Zai,5158
Z_,1297
Zomba_NOUN,1320
Zamani,2063
Zein_NOUN,2301
Zec_NOUN,3069
Zelda_NOUN,17863
Zum,8169
Zamyatin_NOUN,1761
Zen_NOUN,64305
Zh,4549
ZANU_NOUN,5175
Zimbabwe,77833
Zervos,1071
Zante_NOUN,1173
Zafar,5953
Zep_NOUN,1251
Zucchi,1044
Zeba_NOUN,1138
Zainal,1492
Zeisel_NOUN,1296
ZE,1882
Z.P.,1217
Zehra,1239
Zhang,1051529
Zelinsky_NOUN,1188
Zalewski,1621
Zippy,1362
Zack,55502
ZLWK_NOUN,1037
Zhukovsky_NOUN,1243
Zhiyong_NOUN,1024
Ziglar_NOUN,1547
ZK,2427
Zeppelin_NOUN,13108
Zhiqiu,1245
ZSM,2966
Zeno_NOUN,19412
ZY_NOUN,2788
Zhiliang,1184
Zap_NOUN,2296
Zootaxa_NOUN,2123
Zachariah_NOUN,9047
Zero_NOUN,64784
Zarco_NOUN,1071
Zoroastrian,6753
Zon_NOUN,1482
Z.H._NOUN,2908
Zm,1750
Zeolite,2771
Zvi_NOUN,11474
Zofi,1283
Zoran,4480
Zio,1229
Zobah_NOUN,1182
Zenan,1103
ZU_NOUN,1292
ZU,1300
Zou_NOUN,22360
Zhenyuan_NOUN,2393
Zisserman_NOUN,3283
ZFNs,1090
Zumba,2163
Zhongguo,23162
Zaidi,4842
Zbigniew,5213
Zixin,1745
Zhanghua_NOUN,1906
Zouaves_NOUN,9377
Zilberman,1562
Zervos_NOUN,1064
Zarif_NOUN,1334
Zeon,1434
Zebrafish_NOUN,3804
Zhang_NOUN,1050678
Zimbabwean_ADJ,1731
Zhengtang_NOUN,1185
Zolberg,1682
Zerubbabel,6884
Ziegfeld,4855
Zion,78194
Zákoně_NOUN,1524
Zarathustra,15534
Z4_NOUN,1181
Zentner_NOUN,1429
Zhanen_NOUN,1247
Zambia_NOUN,47553
ZONES,1322
Zaher_NOUN,1301
ZrO_NOUN,6484
Zahra,14678
Zoller_NOUN,1768
Zorita_NOUN,1546
Zixian,2147
Zant,1426
Zimbardo,4800
Zemlinsky,1183
Zither,1424
ZT,5022
Zahavi,3515
Zech,14043
Zitao,26874
Zapatistas_NOUN,3403
Zorn_NOUN,5478
Zvezda,1748
Ziqi_NOUN,5035
Ziyue,1929
Zhiyuan_NOUN,7507
Zhongshen_NOUN,3813
Zaki,5220
Zayde,1195
Zhe,20530
Zinan_NOUN,4877
ZDF_NOUN,1444
ZAW_NOUN,1527
Zina,3532
Zend,2184
Ziyang_NOUN,46126
Zeba,1140
Zamoyski_NOUN,1647
Zandra,1190
Zeelie,2620
Z0,2580
Zeiler_NOUN,1567
Zipfel_NOUN,1083
Zool,16237
Zemeckis_NOUN,1033
Zinder,1277
Zepeda,2190
Zehnder,3585
Zhanen,1248
Zaria,4733
Zofi_NOUN,1277
Zenaida_NOUN,3618
Zesty_NOUN,1944
Z4,2723
Ziglar,1552
Zouaves,9758
ZOOM_NOUN,1264
Zhiyuan,7507
Zacher_NOUN,2417
Zuzana,1213
Zululand,2631
Ziegfeld_NOUN,4833
Z4_ADJ,1021
Z.M.,2375
Zhiyi,1650
Zech._NOUN,1365
Zerubbabel_NOUN,6869
Z.Q._NOUN,1219
ZFNs_NOUN,1074
ZZZAdditional_NOUN,2882
Zedner,1604
Zaman_NOUN,8007
Ziv_NOUN,4270
Zevi,2728
Zhong,142072
Zelle,1092
Zhuhai,2144
Zisang_NOUN,6126
Zaheer,2890
Zinn_NOUN,15536
Zheng_NOUN,202872
Zane_NOUN,46309
Zac,25739
ZEALAND,2134
Zachman,1049
Zayde_NOUN,1194
Zhongxuan_NOUN,3177
Zev_NOUN,2053
ZIKV,6703
ZHU,1046
Zahar,1187
Zeyi_NOUN,4659
Zoey_X,2152
Zole_NOUN,1080
Zizhou_NOUN,2566
Zingiber_NOUN,2428
Zhiqiang,2969
Zeus,90797
Zanetti,3168
Zélie_NOUN,1774
ZrO2,3512
Zola,21004
Zouave_NOUN,4579
Zhengyang_NOUN,1469
ZF,4812
Zhaojun_NOUN,2150
Zolberg_NOUN,1665
Z0_NOUN,1373
Zoroaster,6303
Zentralbl_NOUN,1382
Zane,46332
Zamir_NOUN,3220
Zeiten_NOUN,1465
Zoya,13597
Zeal_NOUN,4823
Ziblatt,1161
Ziyi,9018
ZTD,1133
Zula_NOUN,3350
Zaleski,1985
Zaccaro,1219
Zhou_NOUN,468201
Zhenghao_NOUN,2077
Zhirinovsky_NOUN,1224
Zavier,1979
Zhai_NOUN,9350
Zhou,469906
Zichzelven,2016
ZHANG_NOUN,3064
Zuckerkandl,1207
Zach,97291
Ziemann,1048
Zoonotic_NOUN,5291
Zayas_NOUN,2484
Zagora_NOUN,1013
Ziploc,2512
Zuckerman_NOUN,12500
Zeldin_NOUN,1040
Zucman,1696
Zott,1656
Zhenwei,1402
Zelaya,2181
Zhaojun,2150
Zhixia,1677
Zone_NOUN,132933
Zwi,1094
Zadie_NOUN,4615
Zoos,2243
Zeiger_NOUN,1580
Zhou_PRON,1093
Zou,25303
Zhiren,2472
Zebulon_NOUN,2531
Zaynab,2159
Zsa,4261
Zoloft_NOUN,1844
ZAPU,1305
Zaman,8030
Zhukov_NOUN,6203
Ziming,3466
Zillah,5038
Zutphen_NOUN,1709
Zhiling_NOUN,2402
Zürcher,2597
Zamani_NOUN,2055
Zabel_NOUN,1528
Zigui,3453
Zhongqiu,1919
Zukofsky,1006
Zhizheng,1346
Zizek_NOUN,2171
Zala_NOUN,1180
Zhixin_NOUN,13966
Zúñiga,3118
Zorba_NOUN,1797
Zhenxuan,8282
ZOE_NOUN,1746
Zahi_NOUN,1770
Zhenxin,14685
Zhengde_NOUN,1042
Zobel_NOUN,1820
Zander_NOUN,24050
Zambrano,5619
Z3_ADJ,1107
Zandt_NOUN,2743
Zou_X,2914
Zell_NOUN,4681
Zito_NOUN,1903
Zaccaria,1617
Zingiber,2444
Zingales,2063
Zelig_NOUN,1333
Zhanghua,1908
ZC_NOUN,3040
ZDV_NOUN,1279
Zhenyuan,2396
Zosimus_NOUN,2116
Zeynep,3129
Zald,2989
Zanesville,1157
Zishan_NOUN,3407
Zhaohua,1034
Zuleika,1588
Zhiheng_NOUN,1239
Zenker,2030
Zhichen,2404
Zahar_NOUN,1187
Zapatero_NOUN,2306
Ziya_NOUN,4933
Zhaoju_NOUN,1138
Zweig_NOUN,10491
Zeolites_NOUN,2186
ZX_NOUN,2071
Zipporah,2745
ZTE_NOUN,1803
Ziegler_NOUN,22903
Zielinski_NOUN,2918
Zulia_NOUN,1029
Zuleika_NOUN,1587
Zhaoyi_NOUN,2417
Zeolites,2209
Zimmerli,1328
Zhuge,18761
ZOE,1750
Zin,5344
Zechariah,34615
Zhongnanhai_NOUN,1133
Zeisel,1312
Zihan_NOUN,15773
Zeryl_NOUN,1176
ZJ_NOUN,2431
Zaid,4580
Zonaras,1029
ZD_NOUN,2155
Zhiming_NOUN,1300
Zalman_NOUN,6686
Zenith_NOUN,7663
Zhentian,5926
Zhongjun_NOUN,1059
Zeidler_NOUN,1418
Zama,1896
Zirconium_NOUN,2119
ZEN,2023
ZLWK,1037
Zade_NOUN,2047
Zukunft_X,1718
Zhiyu,1869
Zombies_NOUN,7363
Zhaoyang,2780
Z3_NUM,1186
Ziad_NOUN,1690
Zixia,1097
Zizek,2203
Zoraida_NOUN,2029
ZINC_NOUN,1063
Zn2_NOUN,4476
Zipper_NOUN,1459
Zarama_NOUN,1105
Zian,4639
Zhongting_NOUN,3468
ZnS,6699
Z.S._NOUN,1759
Zika_NOUN,17933
Zeno,19744
Zartman_NOUN,3486
Zaba_NOUN,1654
Ziauddin_NOUN,1326
Zhendong_NOUN,1429
Zangwill,2863
Z5,2506
ZANU,5212
Zeroes,1114
Zachary,38223
Zarco,1072
Zaire_NOUN,18970
Zitao_NOUN,26871
Zanella_NOUN,1281
Zoning,11512
Zilong_NOUN,6976
Zuoyi_NOUN,2623
Zavi,1124
Zebrafish,3926
Zetian_NOUN,1128
Ziklag_NOUN,1917
Zaida_NOUN,1855
Ze,45649
Ziemann_NOUN,1046
Zhurnal,1708
Zorzi_NOUN,2285
Ziheng,1507
Zac_NOUN,25727
Zumthor,1166
Zar,2004
Zeinah_NOUN,1021
Zeckhauser_NOUN,1591
Zarif,1346
Zd_NOUN,2154
Zor,1474
Zalasiewicz_NOUN,1399
Zulus,5888
Zier_NOUN,2515
Zelie_NOUN,1549
Zeinah,1025
Zia,15183
Zealand,316959
Zacharias_NOUN,9679
Zairian,1236
Zakiyyah,1512
Zimring_NOUN,1773
Zeruiah_NOUN,2287
Zeller_NOUN,7265
Zinc_NOUN,27289
Zel,1040
Zobah,1187
Zbyszko,1519
Zuckerberg,12603
Zwölfen,4298
Zwicky_NOUN,5272
Zartman,3510
Zhiyang_NOUN,1241
Zaslavsky,1616
Zanoni_NOUN,2381
Zasshi_NOUN,3120
ZJ,2470
Zekun,18768
Zeanah_NOUN,1836
Zichen_NOUN,27520
Zalman,6688
Zarah_NOUN,2909
Zhenyu,22638
Zoltán_NOUN,3665
Zuñi,1679
Zayneb_NOUN,1199
Zollverein_NOUN,2335
Zeynep_NOUN,3116
Zhentian_NOUN,5921
Zeid_NOUN,1981
Zosia_NOUN,1184
Zuber,4270
Zumba_NOUN,2144
Zeldin,1051
Zhonghan_NOUN,1106
Zetian,1128
Ziman,2237
Zeuxis,1625
Ziyu,4380
Zeitz_NOUN,1151
Zakaria,5362
Zingales_NOUN,2052
Zinoviev_NOUN,3913
Zaragoza_NOUN,9696
Zilan_NOUN,2433
Zhi,79046
Zahn_NOUN,5766
ZAR,1753
Zeiss_NOUN,6539
Zia_NOUN,15129
Zhongyi,1477
Zarephath_NOUN,1392
Zootherapy,1028
Zaremba_NOUN,1247
Zionism,38845
Ziyun,3910
Zian_NOUN,4639
Zadeh,6873
Zweigert_NOUN,1179
Zhiyu_NOUN,1869
Zemach,1236
Zisserman,3285
Zoey_NOUN,25924
Zog,1178
Zacharia_NOUN,1556
Zaira,3227
Zelikow_NOUN,1391
Z.J._NOUN,2068
Zeman,3501
Zürn,1580
Ziolkowski_NOUN,2194
Zemach_NOUN,1225
Zinn,15610
Zembylas_NOUN,1496
Zwi_NOUN,1086
Zhiqiu_NOUN,1244
Zentrum_NOUN,3337
Zonal_NOUN,1987
Zemel_NOUN,1045
Zollo,1190
Zoologie_NOUN,1121
Zeyi,4661
Zélie,1776
Zeth_NOUN,1059
Ziyan,13581
Zimmer_NOUN,15575
Zhongshan,4828
Zimmermann,25483
Zimbalist_NOUN,1469
Zürn_NOUN,1571
Zeb_NOUN,14925
Zhiruo_NOUN,1463
Zhai,9356
Z_ADJ,9268
Zadig,2053
Zero_ADJ,3942
ZILOV,1371
Zo_NOUN,4700
Zinke_NOUN,1578
Zoning_VERB,2032
Zijun,2003
Zealander_NOUN,3475
Zomba,1327
Zhiqing,2237
Zoar_NOUN,2316
Zhongli_NOUN,3113
Zapatero,2320
Zingoni_NOUN,1045
Zhuan,2266
Zimbalist,1492
Zimbabwe_NOUN,77292
Zion_NOUN,78103
Zhirou,1159
Zöllner_NOUN,1124
Ziming_NOUN,3462
Zisi_NOUN,4280
Zelig,1367
Zonaras_NOUN,1004
Zimri,2668
Zhinan_NOUN,4549
Zweiten_NOUN,1660
Zatorre_NOUN,3166
Zucman_NOUN,1674
Zulus_NOUN,5787
Zusammenhang,1432
ZA,6786
Zoroastrians_NOUN,2616
Zeitung_NOUN,18479
Zahedi,1160
Zorin_NOUN,1274
ZVS_NOUN,1144
Zao_NOUN,2127
ZW_NOUN,2357
Zimmerman_NOUN,39177
Zahn,5791
Zarina_NOUN,1429
Zhaoju,1138
Zohar_NOUN,13115
Zhichen_NOUN,2404
Zayne,3881
Zvonek,1369
ZG,2759
Zillow,1488
Zoo_NOUN,34257
Zilla_NOUN,1531
Zeitgeist_NOUN,3897
Zanzibar_NOUN,19381
Zona,7536
Zielinski,2930
Zhixuan_NOUN,3279
Zehr,1554
Zesty,1969
Zhu,239753
Zhirong,1083
Zand,1493
Zat,1022
Zhiwei,1805
Zilber_NOUN,1206
Zora_NOUN,12470
Ziling,1296
Zatorre,3167
Zijing_NOUN,2189
Zootaxa,2128
Zephyrus,1419
Zhongqing_NOUN,1814
Zanni,1040
Zula,3352
Zoo,34314
Ziauddin,1330
Zwaan_NOUN,2227
Zamira_NOUN,1113
Zalasiewicz,1406
Zambesi,2965
Zeon_NOUN,1434
Zhilin_NOUN,3822
Zapatista,5062
Zedler,1153
Zimbabweans,2450
ZQ,1395
ZFC,1900
ZP_NOUN,2868
Zhenxuan_NOUN,8280
Zeros_NOUN,3180
Z9,1016
Zelie,1550
Zero,93638
Zifeng_NOUN,4935
Zululand_NOUN,2621
Zimring,1789
Zajac_NOUN,2092
Zima_NOUN,2215
Zenas_NOUN,1611
Zade,2048
Zebra_NOUN,5120
Zepeda_NOUN,2181
Zug_NOUN,2346
Zucca,1076
Zealanders,7236
Zaheer_NOUN,2885
Zinner,1003
Zhaorong,2859
Zeiler,1570
ZZZAdditional,2882
Zai_NOUN,4984
ZPD_NOUN,3315
Zk,1114
Zs,2224
Zaha,1672
ZHAO_NOUN,1566
Ziqian_NOUN,1318
Zaitsev,1889
ZONE_NOUN,5147
Zaccaria_NOUN,1613
Zagloba_NOUN,11167
Zayd,3808
Ziwen_NOUN,1484
Zither_NOUN,1404
Zihuang_NOUN,2191
Ziggy,7085
Zealots_NOUN,3234
Zt,1839
Zennor,1253
Ze'ev_NOUN,3620
Zech_NOUN,14037
Zurcher_NOUN,1254
ZPE_NOUN,1265
Zetas_NOUN,3688
Zhenhai_NOUN,3344
Zumwalt,1750
ZUMA,2007
Zhendong,1429
Zappos,3170
Zurita_NOUN,1523
Zhengming_NOUN,1184
Zamboni_NOUN,3347
Zygon,1039
Ziyu_NOUN,4380
Zubik_NOUN,1151
Zilla,1536
Zephyr_NOUN,12041
Zeitgeist,4210
Zakiyyah_NOUN,1512
ZEN_NOUN,1934
ZigBee_NOUN,4219
Zagzebski_NOUN,2218
Ziyuan,8614
Zhongguancun_NOUN,1386
Zhanyun,1284
Zanker,2171
Zamboanga,1747
Zilpah,1316
Zur_X,8117
Zorn,5526
Zavala,3826
Zadig_NOUN,2031
Zwieten,1008
ZAP_NOUN,1754
Zuk,1662
Zainal_NOUN,1488
Zelazo,1166
Zn,64995
Zayn,2402
Zabala,1333
Zarkon_NOUN,1265
Zuni_NOUN,5411
Zebedeut,1030
Zhenya,1518
Zhengming,1185
Zach_NOUN,97236
Zhiqing_NOUN,2237
Zeruiah,2287
Zuleikha,1859
ZB,2936
Zon,1502
Zuk_NOUN,1655
Zani_NOUN,1243
Z.X.,1059
Zayn_NOUN,2395
Z3,4445
Zinlo_NOUN,1012
Zounds,2317
Zhijun_NOUN,2328
ZHAO,1568
Zambian_ADJ,3034
Zermelo,1399
Zambrano_NOUN,5601
Zeev,2832
Zayed,4396
Zevi_NOUN,2719
Zeitz,1157
Zhiming,1300
Zygote,1235
Zhirinovsky,1238
Zavi_NOUN,1124
Zhurnal_NOUN,1632
Zirconia,1536
Ziqi,5036
Zafir_NOUN,1630
Zehou_NOUN,1119
Zare,2110
ZnCl_NOUN,1104
Zenaida,3622
Zucca_NOUN,1073
ZA_NOUN,6750
Zhengyuan_NOUN,1575
Zeh_NOUN,1219
Zabbix_NOUN,2355
Zwicky,5296
ZnSe_NOUN,2046
Zhaorong_NOUN,2859
Zhihua_NOUN,3824
Zaher,1304
Zaire,19088
Zimmer,15817
Zimmerman,39444
Z_NOUN,574952
Zarina,1430
Zhuge_NOUN,18747
Zajonc,2443
Zosia,1184
Zyl_NOUN,3133
Zamorano,1227
Zarama,1105
Zoning_NOUN,9350
Zarchi_NOUN,1399
Zava_NOUN,1290
Zemlinsky_NOUN,1177
ZIF,5219
Zigler_NOUN,1805
Z2_NOUN,4223
Zhili,1680
Zadri,2396
Zekai_NOUN,1129
ZPE,1513
Zdaliž_NOUN,2566
Zoology_NOUN,14873
Zura_NOUN,2749
Zest_NOUN,3731
Zeena_NOUN,1806
Zhanyun_NOUN,1284
Zoologica_NOUN,1406
Zhangke_NOUN,1306
Zinzendorf_NOUN,3094
Zalmon,1330
Zwingli,8827
Zhilin,3822
Zooplankton_NOUN,2145
Zifeng,4936
Zila,1706
Zachman_NOUN,1044
Zande_NOUN,1019
Zukunft,4086
Zafira_NOUN,1992
Ziqing_NOUN,4662
Zeitoun_NOUN,1137
Zig,3917
Za_NOUN,11668
Zeppelins_NOUN,1529
Zhengde,1043
Zhirong_NOUN,1083
Zelensky,5635