zweert,1808
zolpidem_NOUN,1917
zit,1723
zaibatsu,1209
zine,3002
zipper,38029
zags,1249
zeiden_NUM,2909
zeroing_VERB,4282
zijn_NOUN,2327
zine_NOUN,2599
zigzagging_VERB,6325
zt_NOUN,1049
zygotic,1975
zigzag_DET,1188
znalazł_NOUN,1152
zeolite,17301
zhang_NOUN,2435
zhe_X,1175
zips,4100
zogjtë,1282
ziceţi,3425
zen,3537
zephyrs,1663
zeroth_ADJ,2717
zigzags_NOUN,3502
zamindars,3148
zT,1528
zer,1097
zwei,4510
zapiał_X,1155
zástupy_NOUN,1976
zmartwychwstaniu,1500
zemër_X,1580
zeatin_NOUN,1247
zstąpił_VERB,1028
zdumieli,1269
zoo,53365
zygomatic,7495
zapped_VERB,5176
zoologists,2415
zig_VERB,1266
zig_ADJ,7160
ziggurat_NOUN,2418
zealot_NOUN,5020
zygomorphic_ADJ,1151
zoos_NOUN,11611
zs,1077
zákoníků_X,1058
zoonoses,1808
z1_ADJ,1422
zinged,2097
zygotes,2245
zealotry,1852
zichzelven_VERB,1349
zhongguo_X,1378
zT_NOUN,1399
zeolitic_ADJ,1450
zheng,1586
zoned,9317
zuo,1020
zapieje,1037
zagged,1558
zoned_VERB,8632
zákoníci,4213
zur_ADP,1649
zeolite_NOUN,13875
zapieje_X,1037
zoology_NOUN,9049
zou_X,1368
zweiten,1492
zai,3277
zoning,47401
zamindari,1216
zài_X,1613
z_ADJ,38343
zhongyang,1095
zou,1829
zal,1257
zicînd,2850
zowią,4385
zooms,6643
ze_X,3893
zakat_NOUN,2513
zealously,10283
zÞ,1318
zich,2391
zinging,1776
zonal,14610
zhi_X,7686
zoster_NOUN,8636
zaps,1148
zákoníci_X,3512
zigzagged,5083
zona_NOUN,4040
zarzuć,1039
zaprzał,1732
zodiacal,3855
zur_VERB,1553
zwischen_X,6249
zamindar,1519
zags_NOUN,1158
za'atar,1651
zài,1875
zigzagging,6606
zeroed_VERB,9824
zephyr,3099
zwoławszy,1496
zwischen_NOUN,5306
zaprawdę_X,5318
zigzag_VERB,2375
z_NOUN,789548
zoonosis_NOUN,1199
zest,51613
zoospores,1609
zygote_NOUN,9539
zoologists_NOUN,2399
ziceau_NOUN,2459
zir,1545
zð,1891
zowią_X,4269
zonal_ADJ,14173
zijn,7742
zeros_NOUN,33414
zinc_ADJ,8535
zilch_NOUN,1203
zemstvos_NOUN,1271
zinc_NOUN,108527
zbawion_NOUN,1503
zoonotic_ADJ,7952
zeaxanthin_NOUN,3830
zeal,98950
zmartwychwstanie_X,1502
zstał_X,2558
zawołał_X,1738
zoomorphic,1677
zeroing,4599
zoological_ADJ,7994
zichzelven_X,8771
zygomatic_ADJ,7455
zagging,1596
zk,3517
ziprasidone,1457
zweiten_X,1343
zondaren_X,2025
zooxanthellae,1260
zealotry_NOUN,1840
zoster_VERB,3545
zawołali,1153
zigzagged_VERB,4992
zástupové,3163
zi,13227
zolpidem,2021
zvaného,1029
zigzag,22837
zeszli_X,1271
zstąpił_NOUN,1492
zaprawdę_NOUN,1036
zay,1433
zillion_NOUN,2987
zing,5375
zichzelven_NUM,1355
zephyrs_NOUN,1639
zhizn_VERB,1002
zipping,10484
zijn_X,4452
zirconate,1064
znamię_X,1150
zn,4445
zoning_VERB,21049
zoe_NOUN,1023
z,841288
zhang,3755
zoster,14908
zoot,1263
zebras_NOUN,5059
zoonoses_NOUN,1772
zazen_NOUN,1430
zealots_NOUN,7258
ze_NOUN,8671
zaprzał_X,1270
zenana,1516
zygomorphic,1214
zippered,2750
zebrafish_ADJ,7270
zebrafish_NOUN,11838
zealous,38652
zpät,1368
zstał,2668
zdrowym,1158
zeolites_NOUN,9581
zeolites,9637
zamindar_NOUN,1367
zany_ADJ,2653
zazen,1823
zrozumieli_X,1859
zeszli,1271
zástupům_NOUN,1046
zation_NOUN,2129
zipping_VERB,9828
zeta,9444
zu_NOUN,24683
zinging_VERB,1540
zákonníci,4218
zweert_X,1577
zhenyuan,2399
zhengzhi,1047
zhentong,1243
zgjuar_X,1279
zidovudine,2698
zombie_NOUN,51412
zircon_NOUN,8322
zhu_X,1394
zesty,1943
ziliao_X,2163
zip_VERB,9903
zwano_X,2651
zan,1118
zástupové_X,2455
zone_NOUN,603840
zoledronic,1584
zooms_VERB,3024
zines_NOUN,1823
zakonie,3701
zhongguo,1560
zombies,39557
zemrat_X,1181
zagged_VERB,1376
zips_VERB,1944
zigzags,5081
zasię_NOUN,3458
zombies_NOUN,39175
zodiac_ADJ,5705
zygote,10087
zippered_ADJ,2239
zasię,16164
zi_NOUN,6596
zebra_DET,2779
zest_NOUN,42856
zi_X,4464
zircons_NOUN,2353
zenith,25848
zooms_NOUN,3613
zona_ADJ,1702
zawoławszy,2190
zygoma,2085
zoledronic_ADJ,1463
zoonotic,9779
zondaren,2364
zones,253769
zwitterionic_ADJ,3047
zdumiewali_X,1626
zenana_NOUN,1437
zvezda_NOUN,1197
zirconium_NOUN,8159
zemra,1768
zucchini_NOUN,21360
zooplankton_NOUN,10378
zegende,1348
zipped_VERB,26189
zai_X,2219
zhenqi_NOUN,5614
zhuh,1332
zvezda,1282
zoology,9110
zum_X,20929
zoonosis,1220
zillion,3048
zvaného_ADP,1026
zymogen,1075
zoomed,21586
zhi,11517
zoo_NOUN,53313
zwaarden_X,1352
zinc,117507
zookeeper_NOUN,1662
zein_NOUN,1348
zeppelin,1336
zur,74254
zhuan_NOUN,1491
zhe,2849
zdumiewali,1962
zz,5602
zemra_X,1305
zoning_NOUN,25865
zhenqi_ADJ,1148
zhuyi,1299
z14_NUM,1471
zapping,2124
zur_X,65105
zástupům,1288
zoom,36005
zeroes,7155
zhen,2187
zit_NOUN,1340
zonation_NOUN,3606
zygotes_NOUN,2220
zag,7290
zigzag_NOUN,15606
zap_NOUN,2101
zygoma_NOUN,2032
zeh,1055
zoomorphic_ADJ,1358
zein_ADJ,1063
z2_ADJ,2475
zigzags_VERB,1572
zilch,1439
zasię_ADJ,1033
zealous_ADJ,38162
zizzanie,1238
zeatin,1469
zee_X,1248
zoster_ADJ,2441
zeros,33596
zwei_X,3537
zajisté_X,9498
zoomed_VERB,20352
zusammen,1332
zearalenone,1205
zhen_NOUN,1291
zidovudine_NOUN,1933
z14,1695
z2,13821
zirconia_NOUN,7056
zither_NOUN,16263
znalazłszy,1035
zbriti,1842
zum,38104
zgrzeszył,1155
zippers_NOUN,3346
zookeeper,1688
zeide_ADV,18434
zeolitic,1456
zodiac_NOUN,9220
zakat,4304
zoudt_X,3598
zebra,16379
zł,1351
zig,9600
za_X,15543
zoomed_ADJ,1157
zhu,2453
zea,1037
zearalenone_NOUN,1101
zigzag_ADJ,2151
zei,1126
zgromił,1381
zem,1209
zucchini,22351
zgjuar,1694
zakah,1129
zips_NOUN,2130
zag_VERB,2249
zither,16500
zip,46920
zloty,1175
za'atar_NOUN,1398
zwaarden,1354
zur_CONJ,1662
zipped_ADJ,1058
zhi_VERB,1359
zealot,5082
zebra_NOUN,12722
z0_NUM,4568
zero_NUM,477404
zu,80985
ze_VERB,2286
zhizn,1665
zasię_VERB,2989
zonation,3664
zircons,2359
ziceţi_X,2739
zooxanthellae_NOUN,1241
zh,1372
zo,5411
zap_VERB,2545
z3,2384
zhong_X,2401
zeroed,9965
zeal_NOUN,94967
zwitterionic,3137
zich_X,1410
za_VERB,2176
zemër,2224
zákonníkov_X,1368
zones_NOUN,253679
za,22705
z1_NUM,5127
zstanie_X,2204
zeaxanthin,4388
zstąpił,3583
zona,7873
zweite,1251
zn_NOUN,2182
zy,1674
zemrat,1189
zhuan,2996
zodiac,15035
zeggende_ADV,1232
zoologist_NOUN,4789
zah,1328
zhong,3306
zero_ADJ,99106
z3_NUM,1816
zhenyuan_NOUN,1677
zodiacal_ADJ,3639
zbriti_X,1839
zdaliž_X,1555
zeide_NUM,5213
zamindars_NOUN,3112
zooming,13977
zaad_X,2492
zooplankton,10547
zinged_VERB,2094
zdumieli_X,1165
ziplock,1723
zoom_NOUN,22037
zing_NOUN,4695
zooming_NOUN,2570
zat,2436
zone,604096
ziplock_NOUN,1713
zapiał,1155
zakonie_NOUN,2776
zen_NOUN,1857
zicînd_NOUN,2293
zwano,2767
zeroth,3782
zis,1392
ze,17918
zstanie,2784
zircon,8615
zippers,3394
ziprasidone_NOUN,1043
ziliao,2892
zehn,1061
zo_X,3019
zwischen,12635
zÞ_NOUN,1316
zap,5470
zeugete_NOUN,3843
zo_NOUN,1427
zombie,53614
zemstvos,1272
ziggurat,2532
z1,6872
zoos,11873
zeitgeist,7963
zero_VERB,25348
zhizni,1415
zymogen_NOUN,1016
zation,2334
zoological,8227
zj,1877
zotëria,1397
ziji,1730
zest_ADJ,7437
zstało_X,8225
zines,2165
zk_NOUN,1768
zebrafish,19555
zooming_VERB,11355
zag_ADJ,3803
zirconia,8800
zdaliž,1918
zoonotic_NOUN,1807
zx,2422
zebras,5115
zbudował,1270
zeroes_NOUN,6195
zplodil_X,2155
zoologist,4811
zeta_NOUN,9438
zoospores_NOUN,1579
zee,5018
zany,3120
z2_NUM,10343
zákonníci_X,2971
zirconia_ADJ,1362
zipper_NOUN,38025
zn_X,1062
zein,3044
zapped,5247
zeolite_ADJ,2926
zur_NOUN,3601
zombie_ADJ,1499
zero_NOUN,98471
zizzanie_X,1155
zip_NOUN,36999
zapping_VERB,1832
zástupu_NOUN,1633
zj_NOUN,1260
zygotic_ADJ,1961
zplodil,4717
zstało,9512
zirconium,9096
zhenqi,6925
zoe,1191
zondaar_X,1014
zona_X,2093
zz_NOUN,3746
zt,2309
zealously_ADV,10250
zu_X,51977
zu_ADJ,1987
zm,1361
ze_ADJ,1951
z_X,13298
zasię_X,7714
zërin,1727
zum_VERB,1020
zákonníkov,1824
zalfolie,1243
zoom_VERB,12755
zum_NOUN,15787
zplodil_NOUN,2554
zeitgeist_NOUN,7473
zealots,7290
z0,5722
zeppelin_NOUN,1241
zákoníků,1760
zbawion,1619
zu_VERB,2053
zenith_NOUN,25842
zbójców,1038
zhi_NOUN,1991
zurück,1782
zemstvo_NOUN,2230
zemstvo,3347
zesty_ADJ,1601
zeal_ADJ,2654
zipped,27453
za_NOUN,4017
zero,700762
zephyr_NOUN,2899