Xianhe_NOUN _VERB_,2500
X_NOUN ⊆,2363
X.J._NOUN ,_.,1017
Xue Qi,2555
XXXII_NOUN _NOUN_,3171
XML file_NOUN,2446
X ray_NOUN,1465
X_NOUN _PRON_,27307
Xavier said_VERB,1598
Xiaotong _VERB_,1032
Xi to_PRT,2405
Xiao_NOUN would_VERB,2498
Xavier _PRT_,7807
Xiyan 's_PRT,1917
Xunzi_NOUN ,,1080
XPS_NOUN _VERB_,1338
Xiu _PRON_,1501
Xiao_NOUN who_PRON,1014
X e_NOUN,1553
Xinghe _ADV_,1255
Xander said,1554
Xia_NOUN Yang,1327
Xu_NOUN _VERB_,34414
Xu was_VERB,4710
XX_NOUN _CONJ_,1414
Xiao Liu,4276
Xiao_NOUN .,11480
XII_NOUN ._.,29052
Xin felt,1307
XXXIII_NOUN _._,6870
Xin_NOUN also_ADV,1031
Xavier_NOUN had,1655
XML _VERB_,2611
XXI_NOUN _._,21067
XRD analysis_NOUN,1566
XIII_NOUN _NUM_,1375
Xerxes ._.,1226
Xuemei_NOUN _._,1027
Xie Jin_NOUN,2843
Xiaomei _PRT_,2781
Xia_NOUN Hou_NOUN,3962
Xiaoming _VERB_,1336
XXIII_NOUN .,10444
Xiaobai _ADV_,1349
Xu_NOUN Huan,1215
XV Table,3909
Xiao Xiang_NOUN,1177
Xu did_VERB,1305
XIV :_.,1741
XVIII CHAPTER_NOUN,1472
X syndrome,3396
X_NOUN S_NOUN,1752
XIII_NOUN _._,48231
XXI_NOUN CHAPTER,1199
X1973_NUM _ADJ_,1140
X1973_NUM THE,1136
Xue_NOUN _CONJ_,5925
Xiao Chen,48470
XVI_NOUN Table,3669
Xiang_NOUN ',1668
XXI Table_NOUN,2627
XIV_NOUN 's_PRT,3252
Xiruo _._,1912
X I_PRON,1071
Xiang had,4723
X 2_NUM,28552
Xiu ,_.,8781
XIII THE_NOUN,1355
Xiaobao_NOUN ,,1093
X1975_NUM A,1297
XVIIIe_NOUN siècle,1100
XXV_NOUN _NOUN_,6668
Xiang .,4233
X_test ,_.,1004
Xinyue_NOUN 's,1283
Xu_NOUN Wenguang_NOUN,1882
X_NOUN _PRT_,32545
Xing frowned_VERB,1598
Xiao_NOUN ?,1508
Xi Jinping_NOUN,16921
Xiao Hong,4980
Xin Meng_NOUN,4429
Xiang_NOUN _PRT_,13555
XML_NOUN file,2448
XXVIII_NOUN ._.,6351
XV_NOUN (_.,1939
Xiaomei ._.,1043
XYZ_NOUN Company,2582
XX )_.,2622
Xu_NOUN to,1351
Xing thought,2401
XRF )_.,1010
Xin_NOUN took,1130
X receptor,1884
Xia_NOUN ._.,3838
Xiu_NOUN .,4165
X1975 THE,2540
Xin Yue,1535
Xiao Xu,1938
XV CHAPTER_NOUN,1780
Xuanyuan_NOUN _NOUN_,48607
X_NOUN C,1922
Xiao_NOUN Jing_NOUN,1946
Xiu had,3331
XVI ,_.,11650
XI_NOUN _ADP_,4383
Xiang_NOUN 's_PRT,10388
Xunzi_NOUN _._,1929
X T,3627
XRD_NOUN and_CONJ,1132
X [_X,6459
X._NOUN Y.,1629
XXVII Table,1624
Xue_NOUN Xiao_NOUN,1594
Xiao_NOUN asked_VERB,1624
Xiao Da,1262
Xi_NOUN ',2826
Xiu was_VERB,5242
X k,9428
X was,4099
Xia ,,21318
Xiang ,,15867
Xiaoping_NOUN 's,2438
Xiaosu_NOUN 's,1463
Xiang_NOUN asked,1230
Xu Y_NOUN,2409
Xiaobei _VERB_,1515
Xiyan was,1323
X. The,7607
XXI_NOUN Table_NOUN,2627
Xiaoqi_NOUN _VERB_,4532
X_NOUN ¯,7846
Xing to_PRT,2919
XXXIX_NOUN .,3132
XVII_NOUN )_.,1643
Xiaochun ,_.,1019
Xavier was,1991
XIV ,_.,14072
Xiaobai 's_PRT,4075
Xiong Hu,3441
Xing Kai_NOUN,1570
XS _NOUN_,1307
Xia_NOUN Qi_NOUN,1128
Xi asked_VERB,1552
XJ _._,3018
Xiang asked_VERB,1230
X_NOUN 's_PRT,11139
Xiaomei _._,2889
XXXVII _._,5596
Xu_NOUN Wang_NOUN,1737
Xiyan _PRT_,2558
X._NOUN J._NOUN,1364
Xiao_NOUN Wen_NOUN,14774
Xiang_NOUN 's,10394
Xi Yu,2233
Xin_NOUN .,9849
Xeon_NOUN _NOUN_,3644
Xia_NOUN _._,28358
Xiaoxiao_NOUN said_VERB,1176
Xu and_CONJ,8025
XT _._,2233
X_NOUN from,1832
Xun_NOUN 's_PRT,3612
XRD _NOUN_,12658
Xenopus laevis,1501
XX _._,35344
Xiao_NOUN Ying,5176
Xiaoxiao_NOUN was_VERB,7146
Xu_NOUN Huan_NOUN,1215
X_NOUN 3w,1625
XYZ ,,1005
Xiao Ya_PRON,8283
Xian had_VERB,1676
Xiao_NOUN Tian_NOUN,6037
Xiaoxiao_NOUN looked_VERB,1449
Xu_NOUN &_CONJ,1082
X ∪_NOUN,1838
Xiao_NOUN Qiao_NOUN,1306
XXVI _._,11945
X. and,3729
Xu_NOUN 's_PRT,8853
Xiao_NOUN Xiang_NOUN,1177
XXV _NOUN_,6678
Xiaoya 's_PRT,1194
Xiaoping .,1133
XXXV ,,1180
X_NOUN such_DET,1023
X_X _._,88955
X _ADP_,64157
X_NOUN Table_NOUN,5732
XXIV _NOUN_,7323
XXVI_NOUN .,7231
Xiaolian _VERB_,2733
X_ __,1237
Xiaoxue _._,2736
Xu_NOUN Yang_NOUN,1393
Xun_NOUN and,1430
Xue Bu_NOUN,1091
Xray_NOUN _NOUN_,1624
Xia Luo,33345
Xiong ,_.,10460
Xie_NOUN ,,26468
Xiaomei 's,2198
Xin ',3372
Xi_NOUN _PRT_,26554
Xue et,2293
X ¼_NOUN,1566
X. M.,1084
X_NOUN ∈,6188
XZ_NOUN _._,2762
Xiao who,1015
Xiao_NOUN Zhu_NOUN,1499
Xue_NOUN 's,12961
Xiaoping_NOUN _PRT_,3047
XIII_NOUN and_CONJ,1221
Xiu _ADV_,5486
Xin _CONJ_,8323
XXII_NOUN (_.,1019
Xin Meng,4429
XRD_NOUN _._,7842
Xiao Min_NOUN,6129
XIV CHAPTER,1890
XLV ._.,2181
X _PRT_,32546
X r,2523
XM _._,2710
XJ_NOUN _._,3010
X which_DET,1350
Xiamen _NOUN_,3012
X_NOUN s_VERB,2148
XXII_NOUN _._,16783
X to_PRT,9842
XIX_NOUN (_.,1460
XX_NOUN Table_NOUN,2842
Xiaobai ,,2263
Xuan is,1281
XXVIII _NOUN_,4904
Xin_NOUN was_VERB,12360
X. ;_.,4548
Xiaoqian _VERB_,1474
Xiaotian 's_PRT,4137
Xue Clan_NOUN,1217
X._NOUN M._NOUN,1084
XLVII .,2233
X_NOUN ,_.,239069
X.L._NOUN _._,1473
Xenopus_NOUN laevis,1281
Xue_NOUN Clan,1217
Xu_NOUN W,1160
Xerxes '_PRT,1916
XR_NOUN _._,3482
Xiangru _VERB_,1352
Xu_NOUN et_NOUN,15779
Xian _NOUN_,10024
X._NOUN Luo,1057
X. _PRT_,1150
Xin could,2855
Xue ._.,6295
X 11_NUM,1047
Xiang_NOUN Chu,1813
XYZ_NOUN _VERB_,2278
Xiao_NOUN Qi_NOUN,6336
XVII ._.,15991
XML file,2453
Xi_NOUN Yue_NOUN,1121
Xin had,5970
X. Zhao,1610
Xing_NOUN quickly,1074
XIV _._,58256
Xin _._,38224
Xinjiang_NOUN _VERB_,1889
XXIX_NOUN ._.,6050
X_NOUN |_.,6171
X_train ,_.,1643
Xiao_NOUN was_VERB,14733
X \_NOUN,1621
XI_NOUN )_.,3230
Xiao could_VERB,3765
Xiaobai ,_.,2263
XJ_NOUN ,_.,1742
Xiaofeng_NOUN was,1063
Xiao Guan_NOUN,1400
Xiang_NOUN Ye,1026
XO_NOUN _._,2903
Xi_NOUN Chong_NOUN,1089
Xing_NOUN asked_VERB,3093
X_NOUN j_NOUN,8333
XII _VERB_,4537
Xiong_NOUN 's,2596
Xiao_NOUN Qiao,1306
X_NOUN N,3077
Xiongnu _._,1001
Xa .,1419
Xian_NOUN had,1676
Xiaoyue_NOUN _._,1659
XIII (,2801
Xia_NOUN Yi,2330
Xu_NOUN Qian,2140
X4 _NOUN_,1040
XXVII_NOUN .,6894
X._NOUN _ADV_,4646
Xing_NOUN Kai,1570
X_NOUN X,54074
Xiaotian_NOUN ._.,1544
Xiaoyue_NOUN 's_PRT,1307
Xiao_NOUN Guan,1400
Xia .,3838
Xi '_PRT,2683
XVI _._,45133
Xiaoxiao_NOUN 's_PRT,8862
X_NOUN 5_NUM,5979
XXV _._,13387
Xiang_NOUN laughed_VERB,1871
Xi ?_.,1315
X1976_NOUN THE,2418
Xiaowei _VERB_,1433
Xin Yu_NOUN,1189
Xing nodded,2666
Xiao_NOUN Nan_NOUN,4200
X. Li_NOUN,5635
Xu_NOUN Yao,1133
Xu_NOUN Jun,1770
Xiangming _VERB_,1121
Xing_NOUN _ADP_,4971
X s_NOUN,2428
Xi_NOUN '_PRT,2683
X.Y._NOUN ,_.,1425
XRF_NOUN )_.,1010
Xu_NOUN Lan_NOUN,1857
Xiao was_VERB,14733
Xiaomei_NOUN _PRT_,2781
Xiu_NOUN -,2620
X_NOUN will_VERB,2624
X1 and,1237
Xiaoping_NOUN ,_.,3526
XV -_.,1458
Xiaomei _VERB_,7238
Xueqing_NOUN _VERB_,1834
Xiaoya_NOUN _._,1210
X =_PRT,1595
XIV of_ADP,1620
X_NOUN 12_NUM,1412
Xu .,5992
Xiao Xi_NOUN,2298
X_NOUN ¼_NUM,1507
Xin in,1275
Xinghe ,,1602
Xiao_NOUN _PRON_,9080
XIV_NOUN CHAPTER,1888
Xing quickly_ADV,1082
Xiong 's,2597
X_NOUN _DET_,14501
XXIII_NOUN _NOUN_,7735
XI (_.,3318
Xuan 's,18348
Xin_NOUN _ADV_,13762
X_NOUN ;,8131
Xiao Clan_NOUN,1284
X._NOUN Yang,1890
XL ._.,4069
X1981 A_NOUN,1321
XXVI ._.,7241
Xu_NOUN ',1191
XVII )_.,1705
Xue Xiao,1594
Xuan_NOUN would_VERB,1454
Xiao_NOUN Qing,3415
XVI_NOUN CHAPTER_NOUN,1673
XIX ),1055
Xiu_NOUN was,5242
X. (,20985
Xing_NOUN was_VERB,16782
X_NOUN does,1311
Xiao_NOUN said,5710
Xi felt_VERB,1335
Xiaohua_NOUN _VERB_,2537
Xin_NOUN said,4770
Xi Chen_NOUN,10641
Xander_NOUN .,3699
X.S. _._,1319
Xing_NOUN nodded_VERB,2666
Xiaoli _VERB_,3953
XIV 's,3254
Xiyan was_VERB,1322
X are,4507
Xia Hua,6734
Xin_NOUN '_PRT,3333
XIII THE,1415
XRD_NOUN _NOUN_,12621
X_NOUN },1886
X_X )_.,87313
Xiao Zhu_NOUN,1499
XV_NOUN _CONJ_,1047
Xu family,2033
Xiaoyu_NOUN _ADP_,1010
XXV ,_.,2075
Xu_NOUN Chen_NOUN,1184
X over_ADP,1009
Xiao_NOUN Yuan,1127
X. _CONJ_,5341
X 0_NUM,11437
Xiaosu_NOUN 's_PRT,1462
XXX_NOUN ,_.,2386
Xia Hou_NOUN,3962
Xuan_NOUN asked_VERB,1023
Xiaoxiao felt,1074
Xiya _VERB_,1402
Xlibris 1-888-795-4274_NUM,2393
XXXIV_NOUN _._,6449
Xiong_NOUN _NOUN_,19623
XRD_NOUN _CONJ_,1177
X ,,239129
Xu _PRON_,2937
X_NOUN the_DET,2793
Xin said_VERB,4770
X_NOUN chromosomes,2107
Xuan would_VERB,1454
Xn _PRON_,1253
X by,2767
Xavier_NOUN ._.,5146
XX_NOUN :_.,3934
XIX _._,24441
Xin suddenly_ADV,1219
XII_NOUN _ADP_,4184
Xiaoxiao ',1241
Xiao Xue,5052
X Table,5732
Xin felt_VERB,1307
X_NOUN 5d,3356
Xu_NOUN ,,76971
XI_NOUN (_.,3318
X A_NOUN,2982
XXIX_NOUN ,_.,1488
Xue said,2513
Xiao_NOUN Mi_NOUN,1232
Xiao He_PRON,1834
X_NOUN from_ADP,1832
Xenophon _CONJ_,1251
Xi_NOUN and_CONJ,7152
X H,1292
X_NOUN ∂,1109
Xianxian_NOUN 's,2187
Xhosa_NOUN _NOUN_,2899
Xiao Budian_NOUN,2400
X P_NOUN,1553
X_NOUN 3,19264
XAMPLE_NOUN _NUM_,1497
Xinghe_NOUN _ADV_,1251
Xi_NOUN could,1813
Xiaoyu .,1494
Xiaomeng_NOUN _VERB_,1357
XVI_NOUN and,1626
XXIX .,6050
Xiaotian_NOUN _._,4949
Xiaotian and,1089
XVII ),1705
X_NOUN is_VERB,56776
XIX_NOUN ,,4899
XBRL _NOUN_,1216
Xin took,1130
Xun _ADV_,1605
Xanthe_NOUN _VERB_,1569
Xiyan _VERB_,8013
Xiao_NOUN Xiao_NOUN,9211
Xu Yao_NOUN,1133
XXIX_NOUN ,,1488
Xiong_NOUN Hu_NOUN,3440
Xin suddenly,1219
Xiaobao ,_.,1093
Xiao_NOUN Luo_NOUN,2339
Xinhua_NOUN _._,3487
X ˙,1206
Xing_NOUN would_VERB,1567
X_NOUN F,1040
Xð_NOUN Þ_NOUN,1344
X.J. ,_.,1017
Xing_NOUN shook_VERB,1726
Xing_NOUN _NOUN_,51753
X. In,2257
Xuan _NOUN_,61054
Xenophon_NOUN and_CONJ,1162
Xiang _ADP_,2413
Xiao Yin_NOUN,1898
Xing had_VERB,5893
XL ,_.,4094
XC _._,2977
Xerox ,_.,1160
Xiyue 's,1184
Xiaoyu _._,5010
XXI_NOUN ),1603
Xiaoyu_NOUN .,1493
Xuan ',2773
Xiang Fei,3471
XML .,1303
XS_NOUN _._,2810
Xiao thought_VERB,1050
Xie_NOUN had,1295
XVI_NOUN CHAPTER,1673
XXXVI_NOUN _NOUN_,2287
X u,1155
Xia_NOUN Qi,1128
Xuan .,8014
Xu had,2358
Xiaochun_NOUN ,,1019
Xiao_NOUN Min_NOUN,6128
X. This_DET,1043
Xiaosu _._,1630
Xian ._.,2591
Xiyan_NOUN was_VERB,1322
X_NOUN ⊆_NOUN,2201
XVI_NOUN 's,1322
Xbox _NOUN_,2442
X1974_NUM THE,1086
X_X ),87313
X_NOUN The_DET,1169
Xiaoping ._.,1133
Xu Qing,3834
XVII_NOUN ,,5612
Xian was,3001
XLVIII_NOUN _._,3098
X_NOUN ×_NOUN,4054
Xie _ADP_,1084
XU _NOUN_,1430
XXII .,10322
Xu_NOUN Fu,1356
Xu_NOUN Ying,1489
Xi Chong,1089
X The,2376
Xing Bing_NOUN,2017
Xin looked_VERB,3927
XXIV_NOUN ,,2598
X_NOUN n_CONJ,12952
XL_NOUN ,_.,4090
Xu_NOUN Yao_NOUN,1133
X._NOUN CHAPTER_NOUN,1955
X.509 _NOUN_,1018
Xie_NOUN 's,5207
XXI (,1199
XVII ,_.,5651
XIII _NUM_,1460
Xiaolan _PRT_,1303
X 5_NUM,5979
Xylose _NOUN_,1563
XN _NOUN_,2289
Xing ,_.,20953
Xiu_NOUN 's_PRT,11599
Xi_NOUN _ADV_,10867
Xin_NOUN had,5970
Xie_NOUN had_VERB,1295
Xiao _NOUN_,773150
Xiu 's_PRT,11599
Xi'an _VERB_,1042
Xiang_NOUN ,_.,15855
X_NOUN Corps,1143
Xiaolan _._,1464
XIV_NOUN Table,4186
XXI_NOUN (_.,1199
XVII_NOUN Table,3405
Xenophon_NOUN .,1033
X_NOUN p_NOUN,2582
XIV ._.,33365
Xenia _._,1610
Xi_NOUN Chen_NOUN,10641
Xiao -_.,2169
Xiaotian_NOUN was_VERB,2589
X. _ADV_,5582
Xuan_NOUN said_VERB,4014
X_NOUN r,2509
Xiaomo_NOUN _VERB_,2297
X _END_,3414
Xin_NOUN immediately,1204
XVIII_NOUN ,,6117
Xing with,1095
X chromosomes,2111
Xiang ,_.,15857
Xiang _NOUN_,73953
Xiao had_VERB,8287
Xiao_NOUN Ye_NOUN,2965
Xi_NOUN Yan_NOUN,1517
Xian 's_PRT,5115
X_NOUN 6,3521
XVIII CHAPTER,1474
XVIII_NOUN _VERB_,1251
Xiaohe_NOUN _PRT_,1405
Xiang Yu_NOUN,6787
XXI CHAPTER_NOUN,1199
X_NOUN E_NOUN,1130
X1980 THE,1941
Xiaotian had_VERB,1228
XXI_NOUN (,1199
X2 ,,2681
Xiong et,2026
XI_NOUN XII_NOUN,1152
Xiao Ge_NOUN,1021
X. _._,170927
XVI_NOUN _NOUN_,16064
XX_X )_.,1540
Xia_NOUN Xue_NOUN,2687
Xie Min_NOUN,2221
Xiao_NOUN laughed,1962
Xu_NOUN Lan,1857
X1_NOUN and_CONJ,1032
X. _ADJ_,1634
X. Zhu_NOUN,1137
X M_NOUN,1050
X.Y._NOUN _._,1711
Xiaoyu was,2240
Xe_NOUN _._,2090
X_NOUN 12,1432
XI_NOUN .,31661
Xing_NOUN laughed_VERB,4042
Xiang_NOUN to,1490
Xiao_NOUN Yue_NOUN,8222
XXII (,1023
X_NOUN over_ADP,1009
XXVIII _._,10202
Xiao Jiang_NOUN,1331
X_NOUN N_NOUN,2929
Xavier_NOUN was_VERB,1991
XFFL_NOUN _._,1558
XI THE_NOUN,1814
XVI _NOUN_,16176
Xi Ling,2226
Xing_NOUN suddenly_ADV,1150
XII_NOUN (,4610
Xiao Guo,1776
Xiao Xin,2472
Xia_NOUN Luo_NOUN,33342
Xuan laughed,1027
Xiao Fang_NOUN,2104
Xu &_CONJ,1082
Xiaofeng was_VERB,1063
Xiang_NOUN looked_VERB,1289
XXIII_NOUN CHAPTER,1044
X_NOUN 7d,9495
Xing Kai,1570
Xue and_CONJ,5736
X !,1467
X m_NOUN,3700
X_NOUN T_NOUN,3627
XXXII _._,7847
Xiaobai_NOUN .,1520
Xiao Mi_NOUN,1232
XLII _NOUN_,1395
XII _NUM_,2509
XI --_.,1561
Xander_NOUN _ADP_,1289
Xiao Zhao,3650
X or,4625
Xiao Feng,6177
Xiaoxiao did,1950
X1980 THE_NOUN,1476
Xander_NOUN ,,3027
Xia_NOUN _ADP_,1639
Xianxian ,_.,1535
Xin 's,21648
Xiao_NOUN Xi_NOUN,2298
XVI THE_NOUN,1114
Xiaoxiao_NOUN _PRT_,11639
Xiaoxiao _PRT_,11641
Xcode _VERB_,1258
Xu_NOUN Family_NOUN,4707
X_NOUN are_VERB,4507
Xiao_NOUN Hui,7336
X_NOUN has_VERB,6869
Xinghe_NOUN _PRT_,3191
Xanthomonas _NOUN_,1492
Xð_NOUN Þ,1344
Xin_NOUN to,2862
X3 _NOUN_,1996
Xu_NOUN said_VERB,1869
XI _._,61657
Xiaotian_NOUN 's_PRT,4137
XXII_NOUN Table,2438
Xiang 's_PRT,10388
Xiyan_NOUN ,,1299
Xue Yu,1401
Xi Er_NOUN,2951
Xander had_VERB,1643
Xiyu _PRT_,1237
Xiaobai_NOUN _._,4055
XX Table,2842
Xuan _ADP_,4342
Xerxes_NOUN ,,2471
Xing_NOUN Bing,2017
XX_NOUN _NOUN_,22760
Xiaozi_NOUN _VERB_,2454
XX_X _._,1693
X. It,1384
Xin immediately,1207
XP_NOUN _NOUN_,2698
Xiaoyan_NOUN _VERB_,1194
X. Zhu,1138
Xavier _._,15500
Xiao Yan_NOUN,8564
XLIV ._.,2392
Xu_NOUN _NUM_,2925
XIX Table_NOUN,3002
X 5d,3356
Xiaoshan_NOUN _VERB_,1027
Xa _NOUN_,3723
XVI_NOUN (_.,2484
Xue Li_NOUN,2957
Xi Yan,1519
X be,9653
XVII_NOUN .,15951
X Corp._NOUN,1191
XXII _NOUN_,8295
Xian_NOUN had_VERB,1676
X2_NOUN Bible,2039
Xing_NOUN Kai_NOUN,1570
Xun_NOUN _NOUN_,6395
X_NOUN 7d_NUM,8628
Xun _._,7073
Xi did_VERB,2992
Xin_NOUN ?_.,1237
Xð Þ,1345
Xinghe_NOUN 's,2539
Xin_NOUN ._.,9849
X._NOUN Then_NOUN,1672
X._NOUN J.,1364
Xiaotian_NOUN said,1271
Xiaochun ,,1019
Xianxian 's,2187
Xue Xi,3509
X._NOUN Ma_NOUN,1181
Xinyue _PRT_,1633
X_NOUN +,8890
Xi could,1813
Xing_NOUN with,1094
Xuan_NOUN !,1243
Xin also_ADV,1036
Xu Chen,1185
X ∪,1911
Xi_NOUN was,10190
Xanthomonas_NOUN _NOUN_,1492
Xuan_NOUN could,2128
X The_DET,1224
Xiaofeng _PRT_,2508
Xu_NOUN L_NOUN,1505
Xia_NOUN Yu_NOUN,8269
Xiaoping _CONJ_,1182
XXX_NOUN .,6381
X._NOUN M.,1084
XI of_ADP,1956
Xue Clan,1217
XLIII_NOUN ._.,2588
Xinran _VERB_,1630
Xun and,1430
Xiang_NOUN _CONJ_,4869
Xiu_NOUN to_PRT,1059
Xiaobao_NOUN _PRT_,1131
XIV_NOUN (_.,2978
XIII CHAPTER_NOUN,1985
Xue_NOUN said,2513
Xia Xue,2687
XV_NOUN _NUM_,1181
XRD_NOUN and,1132
XS_NOUN ,,1697
X. For,1284
XVII_NOUN CHAPTER_NOUN,1566
XLVII _NOUN_,1131
Xiaoxian_NOUN _VERB_,1793
Xi_NOUN 's_PRT,21230
Xun_NOUN _CONJ_,1463
X._NOUN Liu,4538
Xiaotian_NOUN _CONJ_,1100
Xue_NOUN Ji_NOUN,1933
X_NOUN Factor,1229
Xi_NOUN to_PRT,2405
Xi_NOUN did,2992
Xiaoqing_NOUN ,_.,1173
Xuan _CONJ_,7490
XV _._,40619
Xiong et_NOUN,2015
XLIX_NOUN .,1765
X_NOUN XI_NOUN,1255
Xiaofeng _VERB_,6390
X _X_,58378
Xiu_NOUN _ADV_,5484
Xia_NOUN Hou,3962
XXVII_NOUN ,_.,2127
X had,1759
X_NOUN in,10416
XL_NOUN _NOUN_,5091
XII _CONJ_,1742
XLVI_NOUN ._.,2145
Xunzi_NOUN ,_.,1080
Xuan_NOUN laughed,1027
X1978 _DET_,1345
X_NOUN ≤,2171
Xing ._.,7907
XIX_NOUN CHAPTER,1390
Xuan _PRON_,1519
Xie _._,30751
XY_NOUN )_.,1214
X p_NOUN,2597
Xiaosu_NOUN _VERB_,10580
Xiaofeng_NOUN _PRT_,2508
X_NOUN d,2038
XIV _CONJ_,2366
X I,2071
Xiaoxue _VERB_,4650
Xiaoyu_NOUN and,1312
XXIX_NOUN _._,9752
XI -_.,1883
Xerox_NOUN _NOUN_,4540
Xin_NOUN is,1367
Xuan_NOUN to,1970
XIII _NOUN_,20316
Xiaoyan _VERB_,1194
X or_CONJ,4624
XVI -,1934
Xerxes ',1941
Xander_NOUN said,1554
X XI,1256
XII ,_.,14324
Xiong_NOUN was,1294
Xiao_NOUN also,1160
XXVI_NOUN ._.,7231
Xun and_CONJ,1430
Xiao_NOUN Xi,2298
Xiao_NOUN Ling_NOUN,27829
Xue Li,2957
Xiaoxiao .,4330
Xin would_VERB,1743
Xianxian_NOUN _VERB_,9568
XXV_NOUN Table,1923
Xing_VERB _NOUN_,1130
Xi'an Jiaotong_NOUN,1352
Xiao Li,6887
X_NOUN chromosomes_NOUN,2101
Xie_NOUN was_VERB,2289
Xiu_NOUN ,_.,8781
Xiao_NOUN 's,27748
X as,3959
Xiang_NOUN would,1064
XVIII Table,3204
XIII_NOUN ,,11673
Xuan_NOUN Yuan_NOUN,1563
Xiaomi_NOUN _PRT_,1004
XI CHAPTER_NOUN,2306
XLV_NOUN .,2180
Ximen_NOUN Family_NOUN,1169
Xue_NOUN looked_VERB,1717
Xue_NOUN et,2293
Xin would,1743
Xiao Nan_NOUN,4200
XIII of,1056
Xuan_NOUN laughed_VERB,1027
Xue_NOUN Ning_NOUN,2141
Xing was,16784
XVI_NOUN ,_.,11650
Xing_NOUN 's_PRT,18791
Xiaomei ,_.,1481
X1977 _DET_,1368
X_NOUN &,1273
Xiaolan_NOUN _VERB_,3683
XV (,1998
X_NOUN h_NOUN,1217
Xiao_NOUN Yi_NOUN,9884
Xiaoxiao_NOUN could_VERB,1334
Xiao_NOUN Han,4188
Xiaoya _._,1210
Xianxian _VERB_,9569
Xiaotian _ADV_,2236
Xa_NOUN .,1418
Xiaoxiao_NOUN felt,1074
X F_NOUN,1026
Xiao Qiao_NOUN,1306
Xinyi_NOUN _VERB_,1523
XV_NOUN THE_NOUN,1174
X_NOUN or_CONJ,4623
Xiaoli _._,1444
XVI_NOUN ),1813
Xue_NOUN et_NOUN,2280
Xiaohe_NOUN _VERB_,5189
XVIII ),1710
Xiao Ting_NOUN,5540
XIAO _NOUN_,2457
XPS _VERB_,1345
Xavier _NOUN_,17003
Xue_NOUN Xi,3509
X._NOUN Huang,1571
XLIII_NOUN _NOUN_,1184
X )_.,111756
X_X _X_,14868
Xander _PRT_,4909
XT _NOUN_,1974
Xinhua ,,2304
X _DET_,14740
Xi (_.,1194
XXXII ,_.,1393
Xu_NOUN family_NOUN,2033
Xue Yu_NOUN,1401
XYZ ,_.,1005
X_NOUN α,1735
X 14_NUM,2676
Xin laughed_VERB,1555
X4 _._,1177
Xiao_NOUN Yuan_NOUN,1127
Xu to_PRT,1351
X.L. _._,1473
X.Y. ,,1425
Xenopus_NOUN _VERB_,1466
XRD )_.,4277
XLVIII_NOUN ._.,1917
Xander _ADV_,1082
X_X [,4655
X1976 THE_NOUN,1824
Xu Wang,1739
Xlibris_NOUN 1-888-795-4274_NUM,2392
Xing_NOUN ,_.,20953
XLIII .,2661
X_NOUN No,1586
XXXVII .,3527
Xe _NOUN_,1988
X_NOUN e,1540
Xenia_NOUN _._,1598
X_NOUN ~_PRT,1028
X S,1759
X_NOUN *_NOUN,5105
XIII _VERB_,3743
XXXI _NOUN_,3535
Xu 's_PRT,8853
X._NOUN Lu,1220
Xi_NOUN has,1358
Xiongnu_NOUN _._,1001
X. If,1471
Xi Er,2951
X1973_NUM A,1231
X.H. _._,1263
X Factor_NOUN,1230
Xerox_NOUN _VERB_,1234
XY_NOUN _NOUN_,8224
Xenopus _NOUN_,2310
X 3,19270
XXXV_NOUN .,3932
Xiaobai_NOUN was_VERB,1531
Xiao_NOUN Ning,10389
XVI_NOUN -_.,1915
X_NOUN n,18189
Xin _ADP_,6064
Xing_NOUN frowned_VERB,1598
Xiao Liu_NOUN,4276
Xian did_VERB,1025
XXXII_NOUN .,4957
XVI Table,3670
Xia_NOUN Xin,4097
Xander_NOUN _VERB_,19304
X THE,2016
Xiaoyue 's,1308
X_NOUN n_NOUN,4193
X ¯_NOUN,6800
X2_NUM _NUM_,1690
Xi was,10191
Xiyue _PRT_,1507
X ;_.,8131
XI (,3318
Xiao_NOUN family,6985
X_NOUN %,1027
Xiaoxi _VERB_,1030
X ~_.,1856
XI :_.,2694
Xi could_VERB,1813
X._NOUN Zhang,6408
Xin_NOUN was,12360
Xiaolin _VERB_,1619
Xuanji_NOUN _NOUN_,1385
Xing also_ADV,1015
XIV 's_PRT,3253
Xi_NOUN Ling_NOUN,2224
Xiaofeng_NOUN _VERB_,6390
XXX Table_NOUN,1256
XVIII_NOUN ._.,18014
XI and,1862
Xuan Chen_NOUN,2536
X1980 A,1043
Xue_NOUN Xiao,1594
X will,2632
X_NOUN H_NOUN,1292
XIV_NOUN )_.,1480
X._NOUN Table_NOUN,3925
Xiao_NOUN Xin_NOUN,2472
XL .,4069
X k_NOUN,9025
XD ,,1204
Xiao San,1488
X._NOUN "_.,3077
XII_NOUN :,2080
X Corps,1143
Xiao_NOUN Xiao,9211
XVI_NOUN (,2484
Xenophon_NOUN _._,7297
X2 _NUM_,1762
Xiaoya_NOUN _PRT_,1521
XLVI ._.,2194
XXIX ,,1489
Xiaobai ._.,1520
Xiaoping_NOUN and_CONJ,1107
XIV CHAPTER_NOUN,1888
Xu_NOUN is_VERB,1543
Xian 's,5118
Xiao_NOUN had,8287
Xing_NOUN _PRT_,24736
Xue said_VERB,2513
XR ,,1561
XXI_NOUN ._.,11829
X |_.,6171
Xing_NOUN ._.,7907
Xiao_NOUN Feng_NOUN,6177
XIII Table,4416
Xing_NOUN replied_VERB,1661
Xiaoxiao had,2687
X &,1274
XXII_NOUN Table_NOUN,2438
X_NOUN C_NOUN,1922
X0 _NOUN_,1118
X_NOUN S,1759
Xie ._.,2414
Xin_NOUN suddenly,1211
Xuan_NOUN ._.,8013
X v,1593
XXIX »,1155
X. A_NOUN,1695
Xavier_NOUN had_VERB,1655
Xu &,1082
XXV_NOUN .,8049
Xi_NOUN Yao_NOUN,1378
XVII_NOUN Table_NOUN,3405
XML_NOUN _._,8086
Xiaomo _VERB_,2297
X 's_PRT,11139
Xianer_NOUN _VERB_,2372
Xiao Su,2317
XIX_NOUN Table,3002
Xuan_NOUN did_VERB,3072
XX _CONJ_,1430
XXIV _._,14815
XY_NOUN _VERB_,1098
Xu Y,2409
Xiang and,4651
X._NOUN Hu_NOUN,1530
XIX_NOUN _._,23651
Xander_NOUN _CONJ_,1753
Xerxes_NOUN '_PRT,1916
Xiao _._,61076
Xu_NOUN Lin,1397
X._NOUN L._NOUN,1509
Xiang 's,10397
X_NOUN _NUM_,217612
X_NOUN as_ADP,3742
X_NOUN syndrome,3396
Xbox_NOUN _NUM_,1492
Xue did_VERB,1914
Xianxian_NOUN ,_.,1535
Xu 's,8864
XOR_NOUN _._,2384
Xiaoya_NOUN 's_PRT,1194
XH_NOUN _._,2416
Xenophon ,_.,4919
XX_NOUN ,,7228
X1 ,,4956
Xiao_NOUN Ai_NOUN,3246
Xiao Wen_NOUN,14774
Xiao ,_.,41041
Xiang_NOUN Lan_NOUN,1916
XXXI_NOUN Table,1123
Xiaomei_NOUN was_VERB,1120
Xu_NOUN had,2358
Xing_NOUN immediately_ADV,1432
Xue Bu,1091
Xu_NOUN 's,8863
X_NOUN |,9681
X l_NOUN,1552
Xiao_NOUN Ming_NOUN,1640
XRF _._,1660
X1981_NOUN A_NOUN,1296
Xiyan_NOUN 's_PRT,1917
Xia_NOUN Yi_NOUN,2199
Xerox _VERB_,1234
Xavier 's,6408
XV_NOUN :_.,1258
XVIII ._.,18063
X._NOUN _ADJ_,1320
XIX (_.,1461
Xiao_NOUN Zi,1863
Xiaoluo_NOUN _VERB_,1378
X Corps_NOUN,1143
X. Liu_NOUN,4541
X t_PRT,1592
Xin_NOUN 's_PRT,21629
Xin_NOUN ',3369
Xu et_NOUN,15779
X. Lu,1220
Xiao_NOUN Xuan,3815
XT_NOUN _NOUN_,1928
XML_NOUN _CONJ_,1445
Xiaoshu_NOUN _VERB_,2333
Xander _NOUN_,2057
XXXVII_NOUN .,3437
Xenophon_NOUN ._.,1033
X 7d_NUM,8628
Xing _._,34170
X_NOUN 3_ADJ,1141
XXVI_NOUN ,,2314
Xue_NOUN '_PRT,1716
Xue _ADP_,3263
Xi_NOUN Xi_NOUN,2156
Xie_NOUN Jin,2846
Xiao ?,1516
XII ._.,29124
XML )_.,1306
XIV_NOUN and,2098
Xu _NOUN_,316185
X_NOUN Free_NOUN,1061
Xiao_NOUN !,1628
XXVII_NOUN _._,11236
Xinghe 's_PRT,2539
Xi_NOUN said_VERB,4758
Xuan Yuan,1563
Xiao_NOUN asked,1624
X ;,8131
Xiao_NOUN Lin_NOUN,3131
X =_X,31130
Xiao Ke,2403
Xiaoping and_CONJ,1152
Xiao Tian,6037
Xin Han,3172
Xiao_NOUN He_PRON,1756
Xun _CONJ_,1463
Xinghe_NOUN _._,2646
Xin Yu,1189
XXII_NOUN (,1019
Xuan ._.,8014
XIV_NOUN .,33263
Xiangrong_NOUN _VERB_,3544
Xin_NOUN said_VERB,4770
Xian _._,14174
Xiao Cui,2254
XV_NOUN CHAPTER_NOUN,1780
X if_ADP,1715
X with_ADP,6142
Xuan_NOUN said,4014
X_NOUN No_NOUN,1581
Xiao family_NOUN,6988
Xing_NOUN suddenly,1150
X MRDS_NOUN,1327
X B_NOUN,1381
Xu Yao,1133
Xenopus_NOUN laevis_VERB,1156
Xiao Fei_NOUN,4367
XII_NOUN .,29052
Xian_NOUN 's,5118
XXXIV ,,1364
XV -,1458
Xing nodded_VERB,2666
Xu_NOUN X_NOUN,2127
X 's,11277
XXIII ,,3761
Xiao_NOUN Ya,5837
Xiang looked_VERB,1289
Xia Qi_NOUN,1128
XG _._,1992
Xue Yao,1979
X ¼,3126
Xiao_NOUN Cheng_NOUN,2170
Xu_NOUN _._,89419
X CHAPTER_NOUN,2410
Xiang_NOUN Fei,3471
X /,6169
Xue_NOUN Bao,1569
Xiruo_NOUN _._,1911
XXIII (_.,1019
X_NOUN e_NOUN,1540
Xilinx _NOUN_,1616
Xiao_NOUN Hua,2741
X }_.,2633
X m,3878
Xuesong_NOUN _VERB_,1079
Xiao_NOUN Bai,6789
Xiao Yuan,1127
Xiao_NOUN Da_NOUN,1262
X_NOUN =_.,4815
Xin'er_NOUN ,_.,1366
Xu_NOUN Lin_NOUN,1397
X.Y._NOUN ,,1425
X. Table,3926
Xmas _NOUN_,1717
X_NOUN 8,1901
X._NOUN Luo_NOUN,1057
Xiaoxiao_NOUN felt_VERB,1074
Xing laughed,4042
Xiaoqing_NOUN ,,1173
Xing ',3043
XML and,1008
XIX_NOUN _NOUN_,13709
X_NOUN was_VERB,4091
Xumi _NOUN_,1506
Xiran_NOUN _._,1103
XI and_CONJ,1862
XI _VERB_,4207
Xiang_NOUN Yun,1196
Xiaoxiao_NOUN ,_.,7848
X_NOUN that,3078
XXIII Table_NOUN,2252
Xuan Yi_NOUN,2531
XXIV_NOUN ,_.,2598
XIII _._,48698
Xu_NOUN Li_NOUN,5611
Xiaoxiao_NOUN '_PRT,1215
XI _CONJ_,2178
Xiaoqing ,,1173
Xinjiang _ADP_,1350
Xia 's,4199
X_NOUN t_PRT,1592
XII _PRT_,1421
X0_NOUN _._,1015
Xue_NOUN to,1679
X. He_PRON,1297
Xpert_NOUN _NOUN_,1080
Xue_NOUN could,1235
Xiaoman_NOUN _._,1033
Xi_NOUN asked_VERB,1552
X_NOUN with,6142
Xu_NOUN _ADP_,2510
XRD analysis,1566
Xander and,1634
Xiao_NOUN _PRT_,34874
Xiaowei_NOUN _VERB_,1433
X has_VERB,6869
Xenophon_NOUN 's_PRT,3961
Xing_NOUN Yue,1252
XIX_NOUN ._.,13606
Xu Z,1455
Xing laughed_VERB,4042
Xiao Jing,1946
X. Chen,3931
Xiaozi _VERB_,2454
X +_.,1657
Xiao Gu,1073
Xiang _CONJ_,4869
Xue_NOUN did_VERB,1914
Xiaoshu _._,1112
Xiao Li_NOUN,6886
Xuan_NOUN Yue_NOUN,1250
X. CHAPTER_NOUN,1955
X. Hu_NOUN,1531
Xenon _NOUN_,1238
XVIIIe_X siècle_X,1486
Xiao Bai_NOUN,6789
Xiaobai _PRT_,4894
X_X =,1326
Xiaoping _PRT_,3084
XL_NOUN .,4069
XVII_NOUN ),1643
XIII_NOUN THE_NOUN,1351
X_NOUN The_NOUN,1150
Xiao with,1108
Xing felt_VERB,3515
Xiaodong _._,1130
Xiaofan_NOUN ,,1131
XIV _VERB_,5952
Xiao_NOUN Su,2317
Xavier _VERB_,22481
Xiao_NOUN Tong_NOUN,11146
Xue_NOUN is_VERB,1091
XVIII (_.,1645
X 9_NUM,1128
Xiao Jia,1635
Xi_NOUN _ADP_,5406
Xian _ADP_,1892
Xu_NOUN Hui_NOUN,6403
Xinghe was,1226
Xero _._,1370
Xue ,_.,20731
XII_NOUN of,1835
Xiaohua _VERB_,2537
XL_NOUN (,1066
XP _VERB_,1332
Xiang Tao,7391
Xi in_ADP,1139
XXVIII ._.,6351
Xun_NOUN _ADV_,1595
XI --,1561
X.L._NOUN ,_.,1208
Xie_NOUN Jin_NOUN,2843
XXVI_NOUN ,_.,2314
X_NOUN ray_NOUN,1464
Xiaoxing_NOUN _VERB_,3022
Xiaochun_NOUN ,_.,1019
X. Sun,1569
Xin_NOUN _ADP_,6062
XIV and_CONJ,2101
X n,18224
Xiao_NOUN Xue_NOUN,5052
Xin who_PRON,1423
Xander_NOUN had,1643
Xuan_NOUN 's_PRT,18324
Xerxes_NOUN .,1226
XLI _NOUN_,1559
XIII_NOUN THE,1370
Xiao felt,1462
X. Yang_NOUN,1890
Xu_NOUN Feng_NOUN,3961
XRD_NOUN analysis,1566
XI :,2696
Xiao Lian,1237
XV ._.,23247
Xn _VERB_,1015
Xander_NOUN 's,4141
XVIIe_X _X_,1565
X_NOUN <,1898
XI_NOUN _._,61539
Xiao _DET_,1116
Xiyue _._,1429
X1973 THE_NOUN,1735
X1973_NOUN THE,1503
X_NOUN are,4507
X2 _NOUN_,3578
XIV_NOUN :,1708
Xianbei_NOUN _NOUN_,1979
Xen_NOUN ._.,1252
XXXIX _._,4742
X →,11663
X._NOUN We,1262
X.J._NOUN _._,1253
Xiong _._,12612
X. Huang,1572
Xi_NOUN -,1204
Xiong_NOUN _CONJ_,2078
X._NOUN Zhu,1137
Xiao Zhao_NOUN,3650
Xia Mu,3224
X. M._NOUN,1084
Xu Yi,2550
X_NOUN Corp._NOUN,1191
Xing replied_VERB,1661
Xiaoya_NOUN _VERB_,4226
Xiaolou_NOUN _VERB_,2877
Xia_NOUN Yan,1282
XVII _NOUN_,13997
Xiaoping_NOUN and,1107
Xiao_NOUN Hong_NOUN,4980
XIV_NOUN ),1480
XS ,_.,1722
Xia Hou,3962
Xiao Nan,4200
XLIV .,2392
Xiao Fang,2105
Xiaoya _VERB_,4227
Xi_NOUN Chen,10644
X_NOUN on_ADP,4283
X ],11270
Xin_NOUN Yu_NOUN,1189
Xiaoqi _._,1378
Xia _CONJ_,3002
Xiaosu 's_PRT,1462
Xiaoxiao_NOUN looked,1449
X 9,1150
X_NOUN ~_.,1854
Xiu_NOUN _PRON_,1264
XC_NOUN ,,1241
X_NOUN factor_NOUN,2106
X._NOUN _NUM_,9269
Xiaobai .,1520
X. THE_NOUN,1942
XXVII_NOUN Table_NOUN,1624
X1_NOUN and,1032
XXXI Table_NOUN,1123
XML and_CONJ,1008
Xianxian_NOUN 's_PRT,2186
Xi would_VERB,1386
Xiaoyuan_NOUN _VERB_,9286
Xn_NOUN _NOUN_,3265
XZ -_.,1214
Xiang Tian,1184
Xk_NOUN _._,1317
XML_NOUN file_NOUN,2445
XZ -,1216
Xue_NOUN _VERB_,42769
X._NOUN Yu,1095
XV :_.,1277
X (,88538
XXXX _NOUN_,1079
Xena _VERB_,3318
Xian was_VERB,3001
Xue_NOUN did,1914
XIII :,1722
X_NOUN (,88523
Xu_NOUN and_CONJ,8025
Xiruo _PRT_,2376
X_NOUN _NOUN_,431564
Xu Que,1421
Xiao_NOUN looked,2887
Xue Er_NOUN,2307
Xiaoyue_NOUN _VERB_,6125
Xin in_ADP,1274
Xiao suddenly_ADV,1204
Xiaoxiao said_VERB,1176
Xiao_NOUN Wei_NOUN,2462
Xiaochun_NOUN _._,1164
X_NOUN ij,1739
XXI CHAPTER,1201
XXVI Table,1759
Xian did,1025
Xiyan ._.,1075
Xiao_NOUN took_VERB,1076
X \,2342
X a_DET,3754
Xð Þ_NOUN,1344
Xie_NOUN _PRT_,6528
Xerxes_NOUN ',1939
Xin nodded,1393
Xu '_PRT,1154
Xiaoran _VERB_,4232
Xing quickly,1082
Xiao Fei,4367
XIV_NOUN -,1197
XLI_NOUN ._.,2855
Xia_NOUN et,2870
Xing 's,18821
Xiong_NOUN ,,10460
XII_NOUN -,1647
X_NOUN I_PRON,1059
Xiu_NOUN said_VERB,2085
XXIV_NOUN Table_NOUN,2090
X_NOUN and_CONJ,59188
Xu Family,4707
X. Zhang,6413
XML_NOUN document,1934
Xena _._,2325
X d_VERB,1676
Xiyu _VERB_,2959
XVIIIe siècle,2587
Xue was,6442
Xinjie _VERB_,2061
Xu Fu_NOUN,1356
XIV -,1679
X_NOUN 10d,6933
Xu_NOUN ._.,5989
Xie_NOUN Ying_NOUN,3599
Xuan_NOUN was,9398
X 5,5981
Xing with_ADP,1095
Xue Fu_NOUN,1554
XXIV_NOUN Table,2090
Xantholinus_NOUN ;_.,1996
Xuan_NOUN Yi,2644
Xia Empire,1689
Xi and_CONJ,7156
XML_NOUN ._.,1293
Xiang could,1398
Xuan_NOUN did,3072
Xia ,_.,21307
Xiao_NOUN -,2168
X_NOUN >,2318
Xiu _PRT_,14650
Xia_NOUN ,,21307
Xiaoling_NOUN _VERB_,1769
X 0,11642
XSS _NOUN_,1620
XV (_.,1998
XML_NOUN _NOUN_,21565
Xixi_NOUN _._,1298
Xuan Sect_NOUN,1971
Xiang_NOUN said_VERB,3262
Xin ?_.,1239
Xiao_NOUN Long_NOUN,1395
X_NOUN The,2319
Xiao_NOUN Qiang,3835
Xue was_VERB,6442
Xiaoqi _PRT_,1315
XXX_NOUN Table,1256
X1973 _ADJ_,1151
XI_NOUN -,1824
Xiaotian_NOUN had,1228
XY _._,8099
XML_NOUN )_.,1304
XIII_NOUN -,1911
XIV_NOUN _NOUN_,18703
Xie _VERB_,15208
XVII THE_NOUN,1036
Xiaoyuan_NOUN _PRT_,1183
Xu _VERB_,34418
Xiao Lin,3131
X_NOUN l,1547
Xin ?,1239
X into,1539
X_NOUN ?,3710
Xiongnu _NOUN_,1553
XI_NOUN and_CONJ,1858
Xiaoyu _PRT_,4929
Xn_NOUN _._,3463
X THE_NOUN,1985
Xin_NOUN 's,21646
Xian `,2314
Xing_NOUN said,11102
Xin Xin,2845
XVIII_NOUN .,18014
Xiaobo _._,1030
Xu_NOUN Fuguan,1879
Xiaobai_NOUN ,_.,2263
Xia was,2548
Xiaobai _VERB_,9812
Xiaoxiao_NOUN ',1241
Xu_NOUN H_NOUN,1522
Xiaojia _VERB_,2240
Xavier ,_.,7693
Xero _NOUN_,1475
Xiao Tong,11149
Xuan ?,1262
Xi'an_NOUN Jiaotong_NOUN,1352
X_NOUN (_.,88523
XII and,1512
Xiao Hei,4955
Xu_NOUN did,1305
Xianxian _._,2539
Xing_NOUN _CONJ_,9962
Xin_NOUN in_ADP,1273
Xlibris_NOUN 1-888-795-4274,2392
XO _._,3363
Xiong_NOUN _ADV_,1258
Xiang_NOUN and,4649
Xiaobai_NOUN 's_PRT,4075
Xiao Chen_NOUN,48454
XIV _ADP_,4427
Xiaoxiao _VERB_,41076
XIV Table,4187
XU_NOUN _NOUN_,1430
Xbox_NOUN _._,1905
Xiu_NOUN had,3331
XIV :,1741
XVI (_.,2484
Xin _PRT_,27918
Xie_NOUN Min_NOUN,2221
XVII CHAPTER,1568
Xinyao_NOUN _VERB_,2653
Xun ,_.,4295
XV ,,8533
X_NOUN x_NOUN,2069
X_NOUN _VERB_,159891
Xi_NOUN Yan,1517
XVI_NOUN .,23187
XIV_NOUN of,1620
XXXVI ._.,3801
Xie Ying_NOUN,3599
Xi_NOUN would,1386
Xu_NOUN X,2127
Xiao_NOUN '_PRT,3956
X_X ],8309
X C_NOUN,1922
X.Y. _NOUN_,1020
X_NOUN 's,11276
Xue_NOUN ._.,6295
X L,1713
Xiaoxian _VERB_,1793
Xenophon_NOUN ,_.,4919
Xiu '_PRT,1917
X Corp.,1191
Xi Yao_NOUN,1378
Xi _NOUN_,101174
Xiao Yuan_NOUN,1127
XIII .,26143
Xiaobao _._,1848
XVI_NOUN _NUM_,1444
X_NOUN \,2333
Xiaoxue_NOUN ,_.,1605
Xue Bao,1569
Xu Huan,1215
Xu You_PRON,1321
Xie had_VERB,1295
X_NOUN Factor_NOUN,1229
XXIII_NOUN ,,3758
Xu Chao_NOUN,1609
Xu_NOUN C_NOUN,1095
XX_X ),1540
XR_NOUN ,,1561
XRD_NOUN ),4277
XXIX »_NOUN,1155
XV _ADP_,2458
Xiao_NOUN Mei,2938
X _NUM_,217651
Xuan_NOUN _CONJ_,7490
Xuan_NOUN !_.,1243
X1 _NUM_,1270
X.S._NOUN _._,1319
Xu Yan_NOUN,1457
Xiang_NOUN ._.,4232
XVII_NOUN CHAPTER,1566
Xing Yue_NOUN,1252
Xinyue was_VERB,1086
Xu_NOUN Jie_NOUN,7596
Xue_NOUN to_PRT,1679
XXXV _NOUN_,2627
Xinghe_NOUN was,1226
Xi has_VERB,1358
Xin said,4770
Xiu _._,17987
Xing_NOUN _PRON_,1022
Xi ,,23541
X_train ,,1643
Xi_NOUN has_VERB,1358
X_NOUN 14,2986
X E,1130
Xu et,15878
Xie Fei,18577
X._NOUN Zhao,1607
Xuan had,5174
XV .,23248
XX_NOUN %,1565
Xi'an_NOUN ,_.,3213
XVII (_.,1720
Xue_NOUN Ji,1933
X._NOUN Zhou,1450
Xiaoyue 's_PRT,1307
XYZ Company,2582
Xiaoshan _VERB_,1027
Xi_NOUN ?_.,1315
X_NOUN has,6869
Xia Xia,1254
X._NOUN Li_NOUN,5633
Xi_NOUN Men_NOUN,4787
X480_NOUN I_NOUN,1237
X 3_NUM,18124
Xin Yi_NOUN,1696
XXXII _NOUN_,3217
XVII_NOUN THE,1051
Xiaoxiao 's_PRT,8862
Xiao_NOUN Wei,2463
XXXIV_NOUN ._.,4221
Xiao_NOUN Feng,6177
Xiao Hui,7336
Xue Xiao_NOUN,1594
Xia et_NOUN,2852
X_NOUN u,1149
Xie_NOUN ._.,2414
X_NOUN P_NOUN,1553
Xu_NOUN Mo_NOUN,1043
X. (_.,20984
XXXI_NOUN .,5296
Xiao Min,6132
Xi_NOUN ?,1315
Xue_NOUN _NOUN_,99790
Xiaomi_NOUN _VERB_,2632
X as_ADP,3742
Xiang Ye_NOUN,1026
XX months_NOUN,1484
XX :_.,3956
XX ),2622
X._VERB _VERB_,2857
X n_CONJ,12952
Xiaojie_NOUN _VERB_,1199
XBRL_NOUN _NOUN_,1203
XX (_.,3910
Xiang Tao_NOUN,7391
X α,1751
Xiang laughed,1871
Xavier_NOUN University_NOUN,1391
XXVII_NOUN ._.,6894
Xing suddenly_ADV,1160
X1_NUM ,_.,1453
Xin_NOUN who_PRON,1421
XIX_NOUN Table_NOUN,3002
XT_NOUN _._,2041
Xing wanted,1003
Xing_NOUN et,1284
Xian ,,7623
XIII and,1225
Xi'an _._,4886
Xiaoling _VERB_,1769
Xin_NOUN turned_VERB,1017
Xiang_NOUN Ying,1653
XVI_NOUN )_.,1813
Xavier was_VERB,1991
Xuanwu _NOUN_,1229
Xiong_NOUN was_VERB,1294
Xue _NOUN_,99791
X 3d,3820
Xiong_NOUN _PRT_,3241
XY _NOUN_,8316
XI _PRT_,1244
XLIX .,1765
XW _._,1124
XLVI_NOUN .,2145
X 8,1901
XLIX _._,2927
Xiaobao_NOUN _._,1846
Xuan Qi,1114
X from,1832
X_NOUN of_ADP,8173
X ∩_NOUN,1740
Xue is_VERB,1091
Xi Chen,10645
X_NOUN and,59188
X --,61477
Xue_NOUN _ADV_,7374
Xander_NOUN and_CONJ,1634
XIII -,2058
Xiu did,1769
X had_VERB,1759
Xiao_NOUN Ge,1021
XIX CHAPTER_NOUN,1390
X _CONJ_,81246
XP_NOUN ,_.,2042
XS ,,1722
XXVI_NOUN _._,11872
Xi_NOUN Men,4787
X_NOUN 3d_NUM,3820
XX _ADP_,2018
X_NOUN Y,5616
Xiao_NOUN Ya_PRON,5837
X_NOUN 10_NUM,4873
XO_NOUN ,,1420
X_NOUN chromosome_NOUN,8038
XII_NOUN _CONJ_,1740
XII _X_,1133
Xie_NOUN _CONJ_,3317
XIXe_NOUN siècle,1102
XI_NOUN Table,5179
Xiao Tian_NOUN,6037
Xin_NOUN nodded_VERB,1393
XVIIIe siècle_X,1600
XLI _._,4662
Xi_NOUN Wu_NOUN,5046
Xena_NOUN _VERB_,3311
Xiaobei_NOUN _VERB_,1515
Xiao_NOUN Da,1262
Xiangming_NOUN _VERB_,1121
Xiaoping_NOUN _CONJ_,1135
XXIII_NOUN Table_NOUN,2252
Xinyue ,_.,1029
XX -,1199
Xuan_NOUN nodded,1014
XO ,,1424
Xavier had,1655
Xiao_NOUN suddenly,1204
Xiao_NOUN ',4032
XXXII_NOUN _._,7272
Xi'an ,,3216
Xhosa_NOUN _._,1506
X_NOUN _ADJ_,17293
Xu had_VERB,2358
Xin .,9850
Xiao Feng_NOUN,6177
Xiao Yi_NOUN,9884
Xiao_NOUN thought,1053
Xin_NOUN ?,1237
Xiaoxiao ,,7849
Xiong_NOUN 's_PRT,2594
Xu_NOUN Yan_NOUN,1457
Xuan Yue,1250
Xue '_PRT,1716
Xero_NOUN _NOUN_,1456
XVII ,,5651
X_NOUN CHAPTER,2410
Xi_NOUN _._,40344
Xiang Yu,6788
Xuan looked,2445
XXV Table,1923
XIAO_NOUN _NOUN_,2457
X_NOUN s_NOUN,2423
XII_NOUN (_.,4610
XRD_NOUN patterns_NOUN,3163
Xiao_NOUN Long,1415
Xcode_NOUN _NOUN_,1064
Xiao Wen,14776
Xu_NOUN ,_.,76971
XXI_NOUN _NOUN_,11383
Xia _VERB_,16633
Xi Yan_NOUN,1517
Xin'er _._,2005
XLIV_NOUN _._,3588
Xiaoxue_NOUN ,,1605
XPS_NOUN ,,1104
Xia and_CONJ,2777
Xu_NOUN Dong,12804
Xing was_VERB,16782
XVIIe_NOUN _NOUN_,1105
Xiaodong _VERB_,3118
Xiaoxiao_NOUN did_VERB,1949
Xander _ADP_,1289
Xiaoli _PRT_,1125
X._NOUN _DET_,5455
Xiaoxiao_NOUN _._,13453
Xue'er 's,1497
XXXI_NOUN ._.,5296
Xuan_NOUN '_PRT,2714
Xin had_VERB,5970
X F,1040
Xi and,7156
Xue Xi_NOUN,3509
XO_NOUN ,_.,1420
Xuan is_VERB,1281
Xiaoyue_NOUN _PRT_,1728
XXIII_NOUN (,1019
X.L. ,,1208
Xiyan .,1075
Xuan_NOUN Yuan,1563
Xia Keke,2172
Xiaoxiao _ADV_,6490
XIII_NOUN CHAPTER_NOUN,1984
XXV .,8108
Xiaomei_NOUN ,,1481
X ×_NOUN,4054
XVI _NUM_,1526
Xue_NOUN Xi_NOUN,3509
Xing_NOUN Bing_NOUN,2017
XXXIX _NOUN_,1927
Xu Feng_NOUN,3961
X. It_PRON,1384
XI )_.,3230
X_NOUN 9_NUM,1128
XVI_NOUN -,1915
Xiao Jing_NOUN,1946
Xing and,9927
XIV _PRT_,4622
Xiaoyu_NOUN 's_PRT,3841
XLIII_NOUN _._,3808
Xerxes ,_.,2471
X._NOUN Yu_NOUN,1095
X such_ADJ,2112
Xia_NOUN Empire,1689
Xu Hao_NOUN,1280
Xenophon_NOUN _PRT_,4685
Xie Ying,3599
Xing _DET_,1189
X N_NOUN,2929
Xiaoju_NOUN _VERB_,1240
Xi 's,21254
Xue_NOUN .,6295
Xiaoxiao_NOUN _CONJ_,2671
Xu Lan_NOUN,1857
XII --,1236
Xinjiang_NOUN _CONJ_,1353
XC_NOUN ,_.,1241
Xiao_NOUN Xuan_NOUN,3815
Xie ,_.,26473
Xuanji _VERB_,1053
Xingchen_NOUN _VERB_,1891
Xiang_NOUN Tao,7391
Xiaolan_NOUN _PRT_,1303
XIII_NOUN ),2072
Xian_NOUN .,2588
Xiaosu _VERB_,10580
Xiao Yue_NOUN,8222
Xiaoyu_NOUN _._,5006
Xiyu_NOUN _PRT_,1237
Xiao Jiu,7040
Xie et_NOUN,4614
Xuan _._,29161
Xiulan_NOUN _VERB_,1237
XRD_NOUN pattern,1983
Xingu_NOUN _NOUN_,1022
XVIIIe_X _X_,1983
Xeon Phi_NOUN,1126
Xin did,4943
Xi'an_NOUN ,,3213
Xingzhou_NOUN _._,1227
X at_ADP,2718
XII _ADP_,4191
Xue_NOUN ,,20731
X2 _X_,1492
X_NOUN v,1590
XP_NOUN _VERB_,1312
Xiaoping ,,3673
Xiang_NOUN said,3262
XXII ._.,10322
Xingu _NOUN_,1027
Xue'er ,_.,2519
Xianxian ,,1536
XML_NOUN .,1293
X c_NOUN,2341
Xiao _CONJ_,11628
Xue_NOUN _ADP_,3258
Xantholinus ;_.,1996
Xiao Qian,3160
Xing asked_VERB,3097
Xiao Jin,9456
Xing_NOUN Yue_NOUN,1252
X 1_NUM,39841
XC_NOUN _._,2960
Xing_NOUN _._,33906
X.H. ,_.,1011
Xie 's_PRT,5205
Xiao Xi,2298
Xuan ?_.,1262
Xavier_NOUN said_VERB,1598
Xingyi _VERB_,1109
Xu_NOUN Qian_NOUN,2140
Xiao_NOUN Mo_NOUN,8931
XII THE,1586
XV Table_NOUN,3909
Xuemei_NOUN 's_PRT,1181
Xiaobai_NOUN ,,2263
X. THE,2040
XXIX_NOUN »,1155
Xia 's_PRT,4198
Xiaoan_NOUN _VERB_,3827
Xiaoyi _VERB_,3541
Xiaoxiao and_CONJ,2632
X._NOUN et_NOUN,3422
Xiya_NOUN _VERB_,1402
Xi _ADV_,10873
XIV_NOUN ,,13984
XIXe siècle_X,1410
Xiang Lan,1919
XXIII CHAPTER,1046
XX_NOUN %_NOUN,1562
Xiao Qing,3416
Xiaoxiao_NOUN ,,7848
XV_X _._,1616
Xing_NOUN replied,1661
Xi'an_NOUN _._,4768
Xuan_NOUN nodded_VERB,1014
Xiaolang _VERB_,1075
Xiao_NOUN Zhu,1499
Xenophon _._,7297
X ⊂,1155
Xiao Qiang,3835
Xiaomei_NOUN ,_.,1481
Xiao_NOUN Lian_NOUN,1226
Xiu_NOUN ',1932
Xiamen _._,2443
Xu L,1505
Xiao_NOUN Hei_NOUN,4954
Xu_NOUN Jun_NOUN,1770
X._NOUN Liu_NOUN,4538
X_NOUN ~_VERB,1004
XXXIII _NOUN_,2957
X_NOUN =_PRT,1595
Xueyi_NOUN _VERB_,2883
Xin_NOUN Yi,1866
XXIII CHAPTER_NOUN,1044
X2 (_.,1116
XXXV _._,6359
Xu Li_NOUN,5611
Xuan_NOUN ?_.,1257
Xin Xin_NOUN,2817
Xiao_NOUN Ran,2040
Xiaoping ,_.,3668
XV_NOUN -,1003
Xing_NOUN could,4094
XXIV_NOUN ._.,9252
X_NOUN ∩_NOUN,1740
Xiao suddenly,1205
XXV )_.,1225
Xiang _PRT_,13558
Xiaoxue 's,1238
X_NOUN to_PRT,9842
XIII _PRT_,1350
Xue_NOUN ,_.,20731
X1_NUM _._,2138
Xiu_NOUN was_VERB,5242
Xiao Xian,1129
Xue_NOUN Ling_NOUN,2302
Xin_NOUN Wei_NOUN,2280
Xiaoqing_NOUN _PRT_,1239
Xun_NOUN .,1589
Xavier_NOUN said,1598
Xianxian_NOUN was_VERB,1728
XVIII _._,31318
Xiao Ling,27835
Xingchen _VERB_,1891
Xing_NOUN _VERB_,114721
XF _._,1855
XPS spectra,1004
Xuan_NOUN Chen,2536
XIII_NOUN _VERB_,3524
Xingyun _VERB_,2369
Xiao_NOUN with,1108
Xiu_NOUN ,,8781
X.J. ,,1017
Xinyue_NOUN was_VERB,1086
X._NOUN Wu_NOUN,1845
Xiaotian_NOUN and_CONJ,1089
Xiaoxue_NOUN _._,2732
Xu_NOUN Wenguang,1882
X syndrome_NOUN,3396
Xiaoyi_NOUN _PRT_,1035
Xi looked,3079
Xiao _ADP_,5846
Xiu_NOUN ._.,4165
Xin _PRON_,2013
XLVIII .,1917
Xiao_NOUN Qin,1481
Xiao Jia_NOUN,1635
X2 _._,7733
Xixi _PRT_,1013
Xiaotian _VERB_,16270
X Free_NOUN,1061
X_NOUN 6_NUM,3057
Xin Han_NOUN,3169
Xin_NOUN could_VERB,2854
XD_NOUN ,,1204
X5 _._,1086
X._NOUN H._NOUN,1194
Xin_NOUN _NOUN_,54893
Xenophon_NOUN _NOUN_,1013
XII_NOUN Table_NOUN,4856
XV CHAPTER,1782
XII_NOUN )_.,3063
X. ,,126073
Xiang Chu,1815
XML_NOUN data,1073
Xavier_NOUN 's,6408
Xiaobai_NOUN _ADV_,1349
XII ,,14328
XXXI_NOUN _NOUN_,3531
Xian_NOUN _CONJ_,2188
Xin_NOUN _PRON_,1923
X_NOUN _._,746780
Xinyue ,,1029
Xiyan_NOUN 's,1918
X_NOUN receptor,1884
XVIII (,1645
Xiao_NOUN to,3063
Xena _PRT_,1014
Xun_NOUN was,1888
X1_NOUN _NOUN_,1832
X. CHAPTER,1955
XXX_NOUN _NOUN_,7870
XC ,_.,1241
Xð _NOUN_,1795
Xiaofei _VERB_,1830
Xiao !,1630
XXVII _NOUN_,5596
Xiao_NOUN Mei_NOUN,2938
Xiaoran_NOUN _._,1599
XX Table_NOUN,2842
Xue_NOUN looked,1717
Xiao Zhu,1500
X. Zhou_NOUN,1450
XII_NOUN _._,57193
XV_NOUN )_.,1082
Xiang looked,1289
Xiaoman _VERB_,2147
Xiamen_NOUN ,_.,1552
Xu Chen_NOUN,1184
X. L._NOUN,1509
Xiaoyu had,1049
XXXVII_NOUN _NOUN_,2070
Xiu -_.,2620
XXIX_NOUN _NOUN_,4499
X1975 _DET_,1504
Xavier_NOUN _CONJ_,2254
Xuan_NOUN Ying_NOUN,1155
X_NOUN i_NUM,4296
Xuan Ying_NOUN,1155
XV_X )_.,1107
Xu_NOUN had_VERB,2358
Xinjiang_NOUN _ADP_,1350
Xiaobai was,1532
Xin turned_VERB,1019
X. :,12276
Xin_NOUN Yue_NOUN,1535
X can,3756
Xiao who_PRON,1015
XII of,1835
XRD _._,7851
XXX .,6394
XI_NOUN CHAPTER_NOUN,2306
Xie_NOUN was,2289
Xinhua_NOUN _NOUN_,4884
X XI_NOUN,1255
Xin did_VERB,4943
XV ),2191
XXVI ,,2331
X_NOUN 2_NUM,28551
Xuan_NOUN Xin_NOUN,1670
XI CHAPTER,2308
Xavier_NOUN ,,7693
Xiaochen_NOUN _VERB_,1810
Xiao_NOUN also_ADV,1160
X e,1553
XLIII _NOUN_,1195
X h_NOUN,1219
Xing also,1015
Xerxes _ADP_,1111
XIV_NOUN _PRT_,4615
Xiaobai_NOUN _PRT_,4894
Xavier_NOUN _VERB_,22463
XXXVII_NOUN _._,5052
Xiang_NOUN was,7420
XII _NOUN_,23220
XXXIX_NOUN _NOUN_,1919
Xiao Ai_NOUN,3246
XF_NOUN _._,1854
Xerxes_NOUN _VERB_,5590
Xander_NOUN _NOUN_,2015
Xbox _._,1912
Xin is_VERB,1367
Xiaotian_NOUN was,2589
Xiao Wei,2463
X 2w,1123
Xiaotian_NOUN and,1089
Xiao_NOUN did,5063
X chromosome,8052
X 7_NUM,7956
XL_NOUN _VERB_,1052
Xing shook_VERB,1726
XXXVII _NOUN_,2092
X _ADV_,9847
XVIIIe_X siècle,1486
Xingyi_NOUN _VERB_,1109
X ×,4571
Xiaoqing _._,1748
Xi_NOUN Jinping_NOUN,16921
XLII_NOUN .,3064
Xiaoxiao to_PRT,1427
Xia_NOUN He,1089
XVIIe siècle,1704
Xi_NOUN _NOUN_,101163
Xue'er_NOUN _._,3864
Xi nodded,1298
Xiao_NOUN Rou_NOUN,4579
Xia Yi,2330
Xi_NOUN (_.,1194
XVI_NOUN _._,45087
Xander was,1502
XDR _._,1311
Xiaoxiao_NOUN could,1334
Xia_NOUN Mu,3223
Xiaosu _PRT_,2047
Xiang_NOUN Chu_NOUN,1813
XH_NOUN ,,1868
XIV Table_NOUN,4187
Xiao_NOUN Chen,48464
XVIII )_.,1710
XDR_NOUN _._,1308
Xavier _CONJ_,2254
Xue'er_NOUN 's_PRT,1497
Xue Qi_NOUN,2552
XXXVIII .,3315
Xing _ADV_,15309
Xiaofan_NOUN _._,1588
XR ,_.,1561
Xiong_NOUN and,1985
Xing_NOUN 's,18802
Xiao Mo,8933
X _NOUN_,432498
X._NOUN Jiang,1025
XXV ._.,8108
Xiao looked_VERB,2887
X l,1552
XPS_NOUN _._,4377
Xiong_NOUN .,1174
Xiao laughed,1964
Xiang ._.,4233
XP_NOUN ,,2042
Xuan Ye_NOUN,12407
Xiao felt_VERB,1462
Xiao_NOUN Xian_NOUN,1116
Xiao and,11283
Xiamen_NOUN University,1266
X._NOUN Yang_NOUN,1890
X direction,1112
XXI (_.,1199
Xu X,2127
Xavier and,2079
XRD_NOUN ,,2124
XXXII Table,1025
XIII_NOUN (_.,2759
XI .,31663
XII_NOUN -_.,1647
Xiaomi_NOUN _._,1346
Xi has,1358
Xiang _VERB_,50463
Xiaoyuan was_VERB,1166
Xi Chong_NOUN,1089
Xiao_NOUN Chi,8624
Xuan_NOUN ,,16190
Xing_NOUN _DET_,1093
Xiao_NOUN Jiu_NOUN,7039
Xi'an_NOUN _VERB_,1037
Xen_NOUN _._,1506
Xu_NOUN and,8025
XVII_NOUN (,1577
XRD _CONJ_,1177
Xiaomei_NOUN _._,2887
XIV_NOUN of_ADP,1620
Xinjiang ,_.,3950
Xian _CONJ_,2188
X_NOUN \_NOUN,1621
X._NOUN If,1460
Xian had,1676
Xin_NOUN felt,1307
X._NOUN ,,126032
Xn i,1290
Xianxian_NOUN ,,1535
Xinjiang ._.,2059
XXXII_NOUN Table_NOUN,1025
XX_NOUN _ADP_,2000
Xs_NOUN _._,1761
Xu_NOUN _PRT_,11523
Xuan could,2128
XVII_NOUN (_.,1577
X is_VERB,56776
X.J._NOUN ,,1017
Xing Chen_NOUN,9972
X2_NOUN _VERB_,1258
X ~_NOUN,1160
Xiang was,7420
Xiao_NOUN Budian_NOUN,2400
X2 _VERB_,1472
Xiaomei_NOUN 's,2198
Xiaoqing _VERB_,3207
Xian_NOUN _ADV_,2846
Xi ?,1315
Xu Hao,1280
XI_NOUN THE,1820
X._NOUN _PRON_,4332
Xiao !_.,1630
X The_NOUN,1150
XRF_NOUN ),1010
X1981_NOUN A,1298
Xu L_NOUN,1505
X. Li,5636
Xia had_VERB,1131
XIII_NOUN of_ADP,1055
Xiaoxiao felt_VERB,1074
Xie_NOUN Fei,18574
X by_ADP,2760
Xiao Guo_NOUN,1775
Xia_NOUN Xia,1254
X_NOUN 5d_NUM,3130
XVII_NOUN THE_NOUN,1036
XML _CONJ_,1446
Xuan_NOUN ?,1257
X_NOUN L_NOUN,1713
X ',13044
Xue Fu,1554
Xuanji _NOUN_,1385
X S_NOUN,1752
Xue_NOUN _PRON_,1479
XC _NOUN_,1511
XII CHAPTER,2087
XVIIe _NOUN_,1105
Xia Mu_NOUN,3219
XI_NOUN and,1858
XXXII_NOUN Table,1025
Xu Zhiyuan_NOUN,1623
XIXe _NOUN_,1419
Xi ),1328
Xiao_NOUN -_.,2168
Xiao said,5710
Xiaotian_NOUN 's,4138
X_NOUN may,1184
Xingcan_NOUN _._,1158
Xiaoping_NOUN _ADP_,1016
Xie_NOUN .,2414
Xue looked_VERB,1717
X. We_PRON,1758
Xun_NOUN 's,3616
XVII_NOUN :,1135
Xiyue_NOUN 's_PRT,1183
Xiao looked,2889
X in_ADP,10408
Xia_NOUN 's_PRT,4198
Xueyan_NOUN _VERB_,1216
Xiaotian 's,4138
Xen_NOUN .,1252
Xiaoning _VERB_,1129
XXX ._.,6392
Xiao Hong_NOUN,4980
XL_NOUN _._,11173
Xiao_VERB Ya_PRON,2442
Xiaoyuan _PRT_,1183
XXI ,,4321
Xinhua_NOUN News,2082
XV _VERB_,2245
XD _._,2127
XXIII ._.,10444
Xinjiang _VERB_,1890
Ximena _VERB_,1413
Xander _._,7927
XV :,1277
Xiaotian_NOUN said_VERB,1271
Xiang_NOUN asked_VERB,1230
Xin'er ,_.,1366
X %,1063
X_NOUN can,3756
Xiao_NOUN Bao,2475
Xanadu_NOUN _._,1216
Xiaobo_NOUN _._,1030
Xiaochen _VERB_,1810
XIV THE,1378
X _._,841758
XVIII ,,6151
Xia_NOUN .,3838
Xiu .,4165
XIII_NOUN :_.,1687
Xiao Mi,1233
Xi _CONJ_,7384
XVI_NOUN 's_PRT,1321
X_NOUN that_DET,2268
XXV Table_NOUN,1923
Xavier .,5146
Xiao_NOUN Cui_NOUN,2254
XX_NOUN )_.,1082
XX_NOUN ),1082
XIX ,_.,4899
Xiu looked_VERB,1231
Xiao Ning_NOUN,10389
Xue'er _PRT_,1876
XML ),1311
Xuan_NOUN _PRON_,1479
Xiao_NOUN and_CONJ,11281
XV_NOUN _ADP_,2450
Xin saw,1274
XLV_NOUN _NOUN_,1126
Xie Ke,2004
Xiao_NOUN Ke,2403
Xiyue_NOUN _PRT_,1507
Xander_NOUN _ADV_,1080
Xing_NOUN and_CONJ,9799
XXIII ,_.,3758
Xi is_VERB,2339
Xiao Luo_NOUN,2341
Xiaotian said,1272
XML_NOUN -,1696
XML data,1097
X_NOUN ~,5534
Xin_NOUN Er,2266
Xin_NOUN Yu,1189
X_NOUN MRDS,1327
XI _ADP_,4457
XXXII Table_NOUN,1025
Xing_NOUN took,2072
XX_NOUN _NUM_,2240
Xu Yan,1457
Xing_NOUN could_VERB,4094
XXI ),1603
X rays_NOUN,1539
Xiao_NOUN Ying_NOUN,5176
X ~_PRT,1028
Xê -_.,1004
Xiaoyu _ADP_,1010
Xiao '_PRT,3956
Xiao_NOUN !_.,1628
X_NOUN m_NOUN,3677
Xiang_NOUN laughed,1871
Xuan_NOUN 's,18347
XVI_NOUN _VERB_,4858
X1980_NOUN THE,1929
XI_NOUN of,1956
X_NOUN k,9366
Xiaotian .,1544
Xiao et_NOUN,4294
Xi Men,4787
XLIV _NOUN_,1131
X_NOUN had_VERB,1758
Xiao also_ADV,1160
XG ,_.,1009
Xu_NOUN '_PRT,1154
Xerxes ,,2482
XXXVI ,_.,1012
XVIIIth_NOUN _NOUN_,1015
Xing_NOUN Feng_NOUN,3432
X Factor,1235
Xiao_NOUN Yan,8564
X_NOUN direction_NOUN,1112
Xi_NOUN 's,21249
XRF_NOUN _NOUN_,1642
XX _VERB_,1999
Xinjiang _._,7944
Xiao_NOUN Guo,1775
X 4_NUM,6274
X480 I_NOUN,1257
Xi'an Jiaotong,1353
Xiong was_VERB,1294
Xue'er_NOUN ,_.,2518
Xue_NOUN Er_NOUN,2307
XVIII _ADP_,1460
XIII_NOUN _PRT_,1342
Xiu_NOUN -_.,2620
Xing Feng_NOUN,3432
XIII_NOUN Table_NOUN,4415
XXV ),1225
Xiaoxiao did_VERB,1949
Xiang_NOUN and_CONJ,4649
XXVIII .,6352
XML ._.,1303
Xantholinus ;,1996
Xiaoluo _VERB_,1381
Xin'er_NOUN _VERB_,2483
XVI_NOUN THE_NOUN,1114
X v_NOUN,1400
Xu_NOUN Yi,2550
X_NOUN B,1381
Xerxes _VERB_,5591
Xiaotong_NOUN _VERB_,1032
X represents_VERB,1083
X. "_.,3686
Xiao_NOUN Hu,1645
Xing et,1288
XXVII _._,11246
X_NOUN axis_NOUN,2861
Xianhe _VERB_,2500
Xiao_NOUN Qian,3160
Xhosa _NOUN_,2899
XH _._,2420
XN_NOUN _NOUN_,2168
X 10d,6933
X_test_NOUN ,,1002
Xinjiang_NOUN ._.,2059
X 6,3521
Xu_NOUN _ADV_,4971
Xin saw_VERB,1274
XR_NOUN _NOUN_,1739
Xie_NOUN _NOUN_,122673
X2_NUM _NOUN_,1177
Xiaoping _._,5880
Xcode _NOUN_,1085
X_NOUN ∪_NOUN,1838
Xiao_NOUN _ADV_,14875
XY_NOUN (,1499
XXXIX_NOUN _._,4266
Xiao_NOUN Gu,1073
X direction_NOUN,1112
Xin was,12360
Xiong _NOUN_,19623
Xiao_NOUN Clan_NOUN,1284
X 14d_NUM,3195
Xen _._,1542
Xue_NOUN Yu_NOUN,1401
Xunzi _VERB_,1660
X -_.,261213
Xuemei _PRT_,1525
Xie ,,26497
Xu Jun_NOUN,1770
Xiao_NOUN Lian,1237
X in,10417
Xia He,1093
Xiao Ming_NOUN,1640
Xiu_NOUN to,1059
X1975_NOUN THE,2515
X_NOUN d_VERB,1676
Xu _PRT_,11524
XLVIII _NOUN_,1166
Xiao_NOUN ,,41041
Xiao Mei,2938
Xie _CONJ_,3317
Xavier had_VERB,1655
Xa _._,2884
Xiaoping_NOUN _VERB_,4080
Xpert _NOUN_,1084
Xiong_NOUN _._,12607
X_NOUN with_ADP,6142
XYZ_NOUN _._,3135
Xenophon_NOUN _ADP_,1365
Xiyu_NOUN _VERB_,2959
Xiaoxiao looked_VERB,1449
X *_X,4327
X1 ,_.,4956
XLII .,3139
X_train_NOUN ,_.,1643
Xavier said,1598
X.Y. _._,1711
X_NOUN }_.,1886
Xing_NOUN felt_VERB,3515
Xueqing _VERB_,1835
XP ,,2044
X_NOUN .,7881
Xiaowen_NOUN _VERB_,1820
X j_NOUN,8374
Xi Yue,1121
XI ,,15831
Xiao had,8287
X._NOUN ;_.,4546
Xena_NOUN _PRT_,1014
Xiaohe_NOUN 's,1116
Xia and,2777
Xuemei _._,1030
Xiao Budian,2402
Xiao_NOUN _._,61054
XL (_.,1072
Xinyue_NOUN 's_PRT,1283
Xu H_NOUN,1522
Xa_NOUN _._,2874
Xin could_VERB,2854
Xiaobao_NOUN ,_.,1093
Xavier_NOUN and,2079
Xiao Dong_NOUN,1358
X._NOUN L.,1509
X_test _._,1707
Xiamen University,1268
Xander _VERB_,19313
X. For_ADP,1284
X 12,1434
Xerox_NOUN ,_.,1160
Xiyan ,_.,1299
XLVI_NOUN _._,3249
XIV_NOUN _ADP_,4416
XV_NOUN _._,38537
XIX _X_,1279
X c,2344
Xian _PRT_,6897
Xuemei 's_PRT,1181
X. Zhao_NOUN,1610
Xiao_NOUN Fan,1002
Xing_NOUN wanted_VERB,1003
XV_NOUN _VERB_,2057
Xinyue 's_PRT,1283
Xie_NOUN Ke,2004
XI ,_.,15829
Xue_NOUN _PRT_,16549
Xiaobai_NOUN ._.,1520
Xia_NOUN He_PRON,1089
X._NOUN A_NOUN,1695
Xavier_NOUN was,1991
Xue Bao_NOUN,1569
XRD_NOUN analysis_NOUN,1566
Xu Feng,3961
Xuan_NOUN Yue,1250
XF ,_.,1166
Xu_NOUN _PRON_,2605
X_NOUN ]_X,2952
Xian_NOUN _ADP_,1892
Xiaoming_NOUN _VERB_,1335
X._NOUN Wang,6971
Xing had,5893
X_NOUN "_.,12536
Xi_NOUN -_.,1204
X_NOUN i,29746
X *_NOUN,5105
XV THE_NOUN,1174
XML _NOUN_,21808
XYY _NOUN_,1305
Xiao_NOUN Jie_NOUN,2356
Xiaohe _VERB_,5191
Xiao_NOUN Xian,1128
Xi_NOUN is_VERB,2339
Xing looked_VERB,2039
Xe _._,2375
XIX :_.,1003
Xiao_NOUN Min,6128
X_NOUN can_VERB,3756
XX_NOUN CHAPTER,1282
Xia_NOUN Keke,2171
XVI_NOUN and_CONJ,1626
Xj_NOUN _._,1042
Xin_NOUN nodded,1393
Xing_NOUN with_ADP,1094
Xiang _ADV_,6809
Xing _PRT_,24766
Xiaoxiao to,1427
X factor_NOUN,2107
Xia_NOUN _ADV_,2548
XXII CHAPTER,1137
Xie _ADV_,2252
Xiang_NOUN did,2119
Xiaotian_NOUN _ADP_,1021
X._NOUN Xu_NOUN,1670
X._NOUN and,3725
Xiaoya 's,1194
Xcode_NOUN _VERB_,1258
Xi_NOUN Yu_NOUN,2232
Xiang Yun_NOUN,1196
X1 _CONJ_,1518
X i_PRON,21067
X_NOUN into_ADP,1539
Xiao Bao_NOUN,2475
XXVIII ,,1726
Xiang_NOUN Yun_NOUN,1196
X from_ADP,1832
Xiang_NOUN had_VERB,4723
XXIX Table_NOUN,1360
X_NOUN Corps_NOUN,1143
XXIII _NOUN_,7785
X_NOUN on,4288
XX_NOUN _VERB_,1655
XXIII_NOUN ,_.,3758
XIII :_.,1721
Xiao Yun_NOUN,6459
X1976 _DET_,1168
X0 _._,2136
Xiaolan_NOUN _._,1464
X does,1311
Xue 's_PRT,12954
Xiling _VERB_,1424
X._NOUN _._,169860
XVI :_.,1921
XIII_NOUN CHAPTER,1984
Xiaoran_NOUN _VERB_,4232
Xiong_NOUN _VERB_,8415
XLII ._.,3139
Xu Jie_NOUN,7596
Xiaoxiao_NOUN _VERB_,41061
Xerox_NOUN _._,1962
Xue_NOUN Li,2957
Xiao asked_VERB,1624
X_NOUN ~_NOUN,1158
Xu J,2690
Xiao Luo,2341
Xiao Ye_NOUN,2965
Xuan ,_.,16190
Xing_NOUN immediately,1432
Xia Luo_NOUN,33342
XA _._,1067
Xi_NOUN Wu,5049
XIV_NOUN THE,1362
Xu Dong_NOUN,12804
Xi -_.,1253
Xander_NOUN ._.,3699
Xiao_NOUN Zhao_NOUN,3650
X._NOUN Then,1787
X.H._NOUN ,_.,1011
XX_NOUN Table,2842
Xueyi _VERB_,2883
Xenopus_NOUN _NOUN_,2310
Xu_NOUN (,2547
XLVIII ._.,1917
X ⊂_NOUN,1089
Xiao_NOUN Family,1720
Xuan_NOUN _ADP_,4330
Xuan Chen,2536
X CHAPTER,2412
Xiong ,,10467
X x,2091
Xiang_NOUN et_NOUN,1302
Xiaoyu ,,2949
XVIII_NOUN (_.,1524
Xiang laughed_VERB,1871
Xie was_VERB,2289
Xianxian_NOUN _PRT_,2936
Xu Yang_NOUN,1393
XVI_NOUN :_.,1921
XIX )_.,1055
Xiao Yao_NOUN,63556
Xuan_NOUN asked,1023
Xing_NOUN took_VERB,2072
X._NOUN and_CONJ,3725
Xerox_NOUN ,,1160
X1 _VERB_,1160
Xin_NOUN Yue,1535
X._NOUN _CONJ_,5320
Xiao did,5063
Xenophobia_NOUN _._,1000
Xu X_NOUN,2127
Xie _NOUN_,122674
Xiong_NOUN et,2026
Xð_NOUN _NOUN_,1795
X --_.,61473
Xun_NOUN ,,4295
Xiao_NOUN San_NOUN,1488
Xiaoqi_NOUN _PRT_,1315
Xiao_NOUN Ning_NOUN,10389
Xianer _VERB_,2372
Xun 's_PRT,3612
Xenophon ._.,1033
Xiaomin _VERB_,1810
Xiaobai was_VERB,1531
Xuan_NOUN Ying,1155
Xiao_NOUN Zhang_NOUN,1094
X1_NOUN _CONJ_,1144
Xiao Wang_NOUN,1883
X_NOUN r_NOUN,1654
Xing_NOUN had_VERB,5893
Xiu_NOUN _._,17987
X2_NOUN Bible_NOUN,2039
Xiao ',4032
Xiaoqian_NOUN _VERB_,1474
X_NOUN /_NOUN,5643
Xiao Rou,4581
Xianxian _PRT_,2936
Xue to_PRT,1679
XLI_NOUN _NOUN_,1556
XVI _CONJ_,1836
X __,1248
XXVI ,_.,2331
XXVIII_NOUN _._,10191
Xia Yue,7348
Xiaoman _._,1034
X_NOUN x,2077
XII_NOUN _VERB_,4271
X_ADJ -,4545
XI_NOUN _CONJ_,2171
Ximen _NOUN_,10079
Xi_NOUN (,1194
Xing Feng,3432
Xiao_NOUN Lan,4356
Xiao knew,1001
Xun _VERB_,13097
Xiang_NOUN would_VERB,1064
X ≤_NOUN,1730
X ~,5554
Xu Guoqing,1216
Xiao Chi_NOUN,8624
X. _DET_,9173
Xiang_NOUN to_PRT,1490
X_NOUN [,1804
X_NOUN M,1050
XXVIII Table_NOUN,1477
XXXVII ._.,3527
Xia_NOUN Family_NOUN,3108
Xu_NOUN is,1543
Xiang_NOUN Yu_NOUN,6787
Xu Lin,1400
Xing_NOUN also,1009
Xing_NOUN :_.,2648
XX_NOUN (_.,3890
Xue'er_NOUN 's,1497
Xiang_NOUN could_VERB,1398
XXXII ,,1393
XXV_NOUN ._.,8049
Xiaoyu_NOUN _ADV_,2137
Xiao Gu_NOUN,1073
X1 and_CONJ,1237
Xiao_NOUN is,2127
Xiu_NOUN _VERB_,34411
XXIII_NOUN _VERB_,1394
XII_NOUN _PRT_,1407
XX _X_,1703
XIXe siècle,2400
X._NOUN ,_.,126032
XML_NOUN data_NOUN,1044
X ∩,1902
X =,38591
Xiaoyue _PRT_,1728
Xuan _VERB_,63684
Xiang had_VERB,4723
Xinhua_NOUN ,,2302
Xue_NOUN could_VERB,1235
Xander .,3699
XY_NOUN (_.,1499
Xiao_NOUN Wen,14774
Xiang_NOUN _ADP_,2413
Xi_NOUN Jinping,16921
Xiaomei ,,1481
X_NOUN L,1713
Xiao_NOUN in_ADP,1188
XVIII_NOUN :_.,1238
Xi_NOUN Ling,2224
Xu Mo_NOUN,1043
XIX_NOUN (,1460
X2_NOUN _NOUN_,2234
Xing .,7908
X_NOUN represents_VERB,1083
Xiang_NOUN Ying_NOUN,1653
X_NOUN 8_NUM,1901
Xiao_NOUN looked_VERB,2887
Xiaoxiao was_VERB,7146
XXXI .,5297
X_NOUN is,56776
Xu_NOUN Chen,1184
X_NOUN does_VERB,1311
Xiruo _VERB_,7823
Xiu looked,1232
XVIIe siècle_X,1041
X_ADJ -_.,4545
XP _._,5540
Xiaoan _VERB_,3827
Xia Yi_NOUN,2199
X_NOUN would_VERB,1435
Xia Yan_NOUN,1282
Xiaofeng 's_PRT,1942
Xiao Mo_NOUN,8931
Xiaofeng 's,1943
Xiao Yang,3204
Xiaolang_NOUN _VERB_,1074
Xu W_NOUN,1160
Xander_NOUN _PRT_,4909
Xiaoping_NOUN _NOUN_,1236
Xu family_NOUN,2033
XVI THE,1115
XVIII_NOUN ),1621
XOR_NOUN _NOUN_,5712
X_NOUN be_VERB,9648
XM_NOUN ,_.,1617
Xiao_NOUN _NOUN_,773096
Xi Jinping,16969
Xenopus laevis_VERB,1156
XXX _._,12329
Xi_NOUN asked,1552
Xuan_NOUN was_VERB,9398
X_NOUN to,9843
X._NOUN _VERB_,4877
X_NOUN A_NOUN,2982
Xinghe ,_.,1602
Xiao_NOUN Zhao,3650
Xia Hua_NOUN,6730
XIX _ADP_,1234
X_NOUN would,1435
XI Table_NOUN,5179
XXIII_NOUN ._.,10444
Xiong_NOUN et_NOUN,2015
Xinling_NOUN _VERB_,1534
Xin_NOUN suddenly_ADV,1211
XML_NOUN and,1007
Xu _ADV_,4971
XQ _._,1332
X_NOUN ¯_NOUN,6800
Xiao Ning,10389
XAMPLE _NUM_,1506
Xiantian_NOUN _NOUN_,2032
Xiang would_VERB,1064
Xin to,2867
Xuemei 's,1181
Xavier 's_PRT,6350
XXVI_NOUN _NOUN_,5749
X. J.,1367
Xing :,2648
Xiaoyao _VERB_,1951
X._NOUN Zhang_NOUN,6408
Xu H,1522
X2 (,1117
Xia_NOUN Keke_NOUN,2171
Xiang was_VERB,7420
XVI _PRT_,2052
Xi_NOUN Yao,1378
Xiu and_CONJ,4846
Xuan did,3072
X. Y.,1640
XM_NOUN _._,2695
Xing_NOUN Hai,1440
XIV_NOUN ._.,33263
Xiu ',1932
Xue Ji,1933
XD_NOUN ,_.,1204
Xiang Chu_NOUN,1813
XF_NOUN ,,1166
Xiao_NOUN Jia_NOUN,1635
Xiao_NOUN ,_.,41041
XVII -_.,1010
X2 =,1222
X_NOUN a,3938
XML -_.,1762
Xu_NOUN Yan,1457
Xiao Xu_NOUN,1938
Xiaobai_NOUN _VERB_,9812
X.L. ,_.,1208
Xuemei_NOUN 's,1181
Xue Er,2307
Ximen Family,1169
Xiao Family_NOUN,1720
Xing_NOUN '_PRT,2963
Xiang and_CONJ,4649
X._NOUN The_NOUN,2193
XXXII .,5055
X2 ,_.,2681
XX ,_.,7244
XJ_NOUN ,,1742
Xu_NOUN Z_NOUN,1455
X H_NOUN,1292
X ~_VERB,1004
X_ADJ _._,6025
XI of,1956
X.H._NOUN ,,1011
XVI .,23187
Xiao Fan,1003
Xiaojie _VERB_,1199
Xia_NOUN Zhi_NOUN,1215
Xin'er_NOUN _._,1995
Xenophon_NOUN _VERB_,4961
X._NOUN Zhou_NOUN,1450
Xiao Lian_NOUN,1226
Xiang_NOUN could,1398
Xiao_NOUN immediately_ADV,1076
XXIX ,_.,1488
Xiu_NOUN did_VERB,1769
XII -_.,1802
X ?,3710
XM _NOUN_,1261
X does_VERB,1311
Xinghe _._,2648
XRD_NOUN patterns,3163
XXII_NOUN CHAPTER_NOUN,1135
XIV_NOUN ,_.,13984
Xiao Jiu_NOUN,7039
Xiaoxiao_NOUN and,2632
X2_NUM _._,1274
XLVII ._.,2233
Xu_NOUN J_NOUN,2690
Xuan_NOUN would,1454
Xiao was,14733
Xiaoju _VERB_,1241
X._VERB The,1903
Xiao Xiang,1177
XI_NOUN THE_NOUN,1814
XVII _._,28896
XXVI Table_NOUN,1759
XLI_NOUN _._,4642
Xiao_NOUN Bao_NOUN,2475
XIII_NOUN ,_.,11673
Xia_NOUN Yu,8269
XV _NOUN_,17816
Xin_NOUN Er_NOUN,2266
Xiao family,6988
Xia_NOUN 's,4199
Xue _CONJ_,5925
X the,2839
X t_NOUN,11731
Xinjiang ,,3958
Xun_NOUN and_CONJ,1430
Xiao_NOUN Family_NOUN,1720
X. Chen_NOUN,3931
Xiao_NOUN laughed_VERB,1962
XVII Table,3405
Xiaoxiao_NOUN _ADP_,2676
X was_VERB,4099
Xiruo_NOUN ,_.,1124
Xinyan_NOUN _VERB_,1032
Xanthomonas _X_,1033
XVIII :_.,1399
Xue_NOUN said_VERB,2513
Xiao .,11482
XXIII _VERB_,1399
Xiaotian_NOUN _ADV_,2235
XY ),1217
Xie_NOUN Ke_NOUN,2004
Xander_NOUN and,1634
X for,3877
XVI ._.,23187
Xavier_NOUN ,_.,7693
Xiao Yang_NOUN,3203
Xiaorong_NOUN _VERB_,3138
Xiaoyi _PRT_,1035
Xia_NOUN had,1131
Xiao_NOUN Fang_NOUN,2098
X._NOUN Wu,1845
Xiao_NOUN thought_VERB,1050
Xing _NOUN_,52883
X M,1050
XC_NOUN _NOUN_,1480
Xiao Yun,6459
X. Yu_NOUN,1095
Xinjiang and,1270
Xu Li,5611
Xian_NOUN ._.,2588
Xing would_VERB,1570
Xue 's,12963
Xing_NOUN nodded,2666
Xiaoyu_NOUN ._.,1493
Xia Zhi,1216
Xiao and_CONJ,11281
XPS_NOUN ,_.,1104
X2_X ),1281
Xinjiang and_CONJ,1270
Xiu_NOUN _PRT_,14650
Xi would,1386
XI_NOUN ._.,31661
XIV THE_NOUN,1354
XXXI ._.,5297
X._NOUN Chen,3922
X_NOUN P,1553
XIII --,1023
Xa ._.,1419
Xiao in,1188
Xue'er_NOUN _VERB_,5376
XI_NOUN ),3230
X_NOUN 0,11632
Xiang_NOUN _VERB_,50400
X et_NOUN,2707
XZ _._,2829
XII_NOUN ),3063
Xi _VERB_,72849
Xi did,2993
Xiaotian ,_.,2720
XY _VERB_,1216
Xue_NOUN Lian,1799
X_NOUN factor,2106
X O,1355
Xinghai_NOUN _._,1722
X et,2755
Xiao Xuan_NOUN,3815
Xin_NOUN immediately_ADV,1204
Xingcan _._,1161
X._NOUN A,1755
X_NOUN *,9051
XC ,,1241
X_train_NOUN ,,1643
Xerxes .,1226
X P,1553
XXI _._,21101
Xin Yue_NOUN,1535
Xiaolou _VERB_,2878
X. ,_.,126053
X 4,6274
Xiao_NOUN Lan_NOUN,4354
Xu Huan_NOUN,1215
XL ,,4096
Xiaoyao_NOUN _VERB_,1950
Xing immediately_ADV,1438
X_NOUN in_ADP,10408
XXXIX_NOUN ._.,3132
X_NOUN _CONJ_,81245
X the_DET,2825
XXXVIII_NOUN _._,4694
X._NOUN In_ADP,1978
Xiao Cheng,2171
X_NOUN H,1292
X._NOUN H.,1194
X 7,8670
X ¯,7874
X_NOUN XI,1255
Xuan_NOUN to_PRT,1970
XVIII_NOUN CHAPTER_NOUN,1472
X are_VERB,4507
X "_.,12542
Xiangrong _VERB_,3544
XLVIII_NOUN .,1917
XXV_NOUN Table_NOUN,1923
X X,54217
Xiang_NOUN had,4723
Xiaoxiao_NOUN had,2686
X_NOUN ;_.,8131
Xiaomin_NOUN _VERB_,1810
X_NOUN ˙,1202
Xiaoxiao_NOUN and_CONJ,2632
Xander_NOUN said_VERB,1554
Xiaoxue_NOUN _PRT_,1689
Xiao Chi,8624
XY_NOUN ,,3256
XII _._,57800
XXIV_NOUN .,9252
XRD ,,2134
X (_.,88523
XV_NOUN ,_.,8468
Xiang_NOUN Tian_NOUN,1184
X B,1381
Xue Ning,2143
Xi'an ,_.,3213
Xi_NOUN nodded,1298
XP _NOUN_,3102
Xiong Hu_NOUN,3440
XVIIIe_NOUN _NOUN_,1768
XXXII_NOUN ._.,4957
XXV_X _._,1038
X_NOUN THE_NOUN,1985
Xa_NOUN _NOUN_,3722
Xue'er_NOUN _PRT_,1875
Xue _PRT_,16550
Xiao He,1835
Xuesong _VERB_,1079
Xin_NOUN _VERB_,86771
X. J._NOUN,1364
XXXI _._,8210
XY (_.,1507
Xiao_NOUN Gui,1213
Xiaofeng_NOUN 's_PRT,1942
XIII (_.,2801
Xing asked,3097
X_test_NOUN _._,1696
XX _NUM_,2333
X2 ),2004
XVI_NOUN ,,11650
XG_NOUN ,_.,1009
Xue had,3183
Xiaomei was,1120
XVIII_NOUN Table_NOUN,3204
Xiruo_NOUN ,,1124
XII_NOUN and_CONJ,1511
X_NOUN if,1715
X.H._NOUN _._,1263
Xiu_NOUN 's,11606
Xi _PRT_,26564
Xiao_NOUN was,14733
Xiao_NOUN Guan_NOUN,1400
Xiaoshu_NOUN _._,1112
XXII ,,3016
Xuan_NOUN Chen_NOUN,2536
Xie_NOUN and,2976
X_NOUN MRDS_NOUN,1327
X._NOUN In,2203
Xing_NOUN was,16782
X chromosome_NOUN,8043
Xiang et,1322
Xin_NOUN had_VERB,5970
Xers_NOUN _._,1126
XD_NOUN _._,2070
Xiang_NOUN Lan,1918
XII THE_NOUN,1510
XIII_NOUN _NOUN_,20244
Xiamen ,_.,1552
XI_NOUN :,2691
Xuan _ADV_,9233
Xin nodded_VERB,1393
Xiao_NOUN Chi_NOUN,8624
Xuan_NOUN _._,28388
Xt _._,2496
XXI Table,2627
Xue Ning_NOUN,2141
Xiao_NOUN Mi,1232
X_NOUN which_DET,1350
Xia Yue_NOUN,7346
XV_NOUN .,22991
X n_NOUN,4228
Xavier_NOUN _PRT_,7806
X |_PRT,1115
Xiyan_NOUN _._,2500
Xiao immediately,1076
XLIX_NOUN _._,2918
X_ADJ --_.,1479
X_NOUN 11,1047
X. _NOUN_,159034
Xiaoqing_NOUN _._,1747
Xiao_NOUN Liu,4276
XIII of_ADP,1055
XVII_NOUN :_.,1135
Xu_NOUN Qing,3834
Xlibris _NUM_,2445
X. ;,4548
XXIX ._.,6050
Xinjiang_NOUN and,1270
X1 ),1230
XVIII _NOUN_,14063
Xue'er_NOUN ,,2518
X 10,5215
XIXe_X siècle,1296
Xin_NOUN Yi_NOUN,1696
Xiaoxiao could,1335
Xiao_NOUN Fei,4367
X3 _._,2380
Xu Hui_NOUN,6403
X. H.,1195
XLV .,2181
Xiaoxiao_NOUN to_PRT,1425
Xin_NOUN and_CONJ,8166
X_NOUN 4,6272
XIX _NOUN_,13727
Xiaoyu_NOUN and_CONJ,1312
Xing_NOUN to_PRT,2912
Xiao_NOUN Li,6886
XS_NOUN _NOUN_,1273
Xinyue _VERB_,6912
Xiong .,1174
Xu Hui,6403
Xiaoting _VERB_,1814
Xianxian_NOUN _._,2538
Xiao Long_NOUN,1397
Xmas_NOUN _NOUN_,1664
XV_NOUN (,1939
X1 )_.,1230
XII :_.,2115
Xie and_CONJ,2976
Xunzi _PRT_,1122
X chromosomes_NOUN,2101
Xiaoxue ,_.,1605
XVIe _X_,1284
Xie_NOUN _._,30726
Xi_NOUN did_VERB,2992
XRD patterns_NOUN,3179
Xiaoyu ._.,1493
Xu_NOUN Zhiyuan,1623
X ,_.,239069
X. _ADP_,9743
Xiaosu_NOUN _PRT_,2047
X. :_.,12274
Xin_NOUN also,1031
Xiao_NOUN Qian_NOUN,3160
Xi_NOUN in_ADP,1139
X_test_NOUN ,_.,1002
XL _._,11312
XVII :_.,1243
XIXe_NOUN _NOUN_,1247
Xu Lin_NOUN,1397
Xi_NOUN in,1139
Xuan to,1972
Xu ,_.,76971
Xu ,,77023
Xing '_PRT,2963
X O_NOUN,1351
Xiu_NOUN looked_VERB,1231
XXXVI _._,5880
X. _X_,1281
X_NOUN i_PRON,20690
XX_NOUN .,14119
Xiaoxue_NOUN 's,1238
Xin who,1423
Xing Hai_NOUN,1440
XX .,14132
X +,8939
Xiu_NOUN _NOUN_,15202
Xue_NOUN had_VERB,3183
Xing _VERB_,114778
Xiaoxiao_NOUN ._.,4319
Xiaoyue _._,1659
Xiao_NOUN Mo,8931
Xiao Wu_NOUN,8261
Xiaoyu_NOUN _PRT_,4929
X. Wu,1845
XQ_NOUN _._,1326
Xiao_NOUN Hu_NOUN,1645
Xie_NOUN Min,2221
XII_NOUN CHAPTER,2085
X +_NOUN,6047
XD ,_.,1204
Xiao Gui_NOUN,1213
Xiao Xuan,3815
Xilinx_NOUN _NOUN_,1595
XVIe siècle,1230
X =_.,4818
Xiang_NOUN Fei_NOUN,3470
XX_NOUN _._,33197
Xiu and,4846
Xiao Ling_NOUN,27832
Xiao_VERB Ya,2442
Xing_NOUN quickly_ADV,1074
XXI_NOUN Table,2627
XRD_NOUN _VERB_,1217
X_NOUN >_NOUN,1007
Xu C_NOUN,1095
Xu_NOUN Chao_NOUN,1609
XIII ),2128
XXXI_NOUN Table_NOUN,1123
XO_NOUN _VERB_,1646
X._NOUN This,1456
X.H. ,,1011
X axis_NOUN,2866
Xiaofan ,_.,1131
Xuan_NOUN could_VERB,2128
X1973 _DET_,1777
Xenopus _VERB_,1466
Xiao_NOUN An_NOUN,2019
X would_VERB,1435
XY ,_.,3322
Xiaoyu 's,3842
Xiaofan_NOUN ,_.,1131
X_NOUN v_NOUN,1398
Xiao Ye,2965
Xinxin_NOUN _VERB_,2696
XI XII,1153
X T_NOUN,3627
X._NOUN Sun,1568
Xiao Tong_NOUN,11146
Xinyu_NOUN _._,1047
Xiao Wang,1883
Xerxes_NOUN ,_.,2471
Xie_NOUN Ying,3599
Xue_NOUN ',1740
Xinxin _VERB_,2696
Xiaoyi_NOUN _VERB_,3541
XLI ._.,2870
Xu_NOUN said,1869
Xu Mo,1043
Xerxes _PRT_,2995
Xiao -,2171
Xiao Qian_NOUN,3160
Xanax _._,2193
XV ,_.,8528
Xi said_VERB,4758
Xiaoxiao '_PRT,1215
X 5d_NUM,3130
XML_NOUN document_NOUN,1934
Xiaoxiao_NOUN did,1949
Xin_NOUN saw,1274
XII )_.,3134
Xiao_NOUN Hua_NOUN,2741
XY (,1508
XIV ),1978
Xun .,1589
XXXIX ._.,3139
Xia He_PRON,1093
XXXI ,,1368
Xiong ._.,1174
Xu is_VERB,1543
X._NOUN Table,3925
Xavier_NOUN _NOUN_,16871
Xuan Peng_NOUN,1341
X. A,2099
XRD _VERB_,1229
XOR _NOUN_,5998
Xenophon _PRT_,4685
X1975_NOUN THE_NOUN,1922
Xiao_NOUN took,1076
Xuan !_.,1248
X_NOUN ],2952
XV_NOUN ),1082
Xuan to_PRT,1972
X No_NOUN,1581
Xerxes_NOUN _PRT_,2995
XH_NOUN ,_.,1868
Xi_NOUN Er,2951
XIV )_.,1977
Xiaobao ,,1093
Xiaoxue _PRT_,1690
X. Zhou,1452
X b,1226
XY_NOUN _._,7915
Xiao Cheng_NOUN,2170
Xin_NOUN asked,1288
Xianxian was,1728
XR _._,3631
Xue_NOUN Za_NOUN,3965
Xu Wang_NOUN,1737
Xiaomei_NOUN was,1120
Xiao_NOUN Luo,2339
Xiao_NOUN Yao,63571
Xing_NOUN laughed,4042
Xing said,11102
Xing suddenly,1160
Xiao_NOUN Yan_NOUN,8564
Xu_NOUN Mo,1043
X d,2038
Xiang Ye,1026
Xiao Hua_NOUN,2741
Xuan and,7359
Xuan nodded_VERB,1014
Xin_NOUN could,2854
Xunzi_NOUN _VERB_,1654
Xia was_VERB,2547
Xiao Hui_NOUN,7336
Xiao Xian_NOUN,1116
Xinyu_NOUN _VERB_,1943
XXII _._,16858
Xiruo ,_.,1124
X ∈,6196
XXXV_NOUN ._.,3932
XXXI_NOUN _._,8202
X_NOUN n_ADP,1044
XY_NOUN ,_.,3256
Xie_NOUN _ADP_,1084
Xiaoping 's_PRT,2463
XXXIV_NOUN _NOUN_,2723
X. Sun_NOUN,1569
XXIII Table,2252
Xue_NOUN Er,2307
Xiaoshi _VERB_,1626
X1976 THE,2433
Xenophobia _._,1002
Xander_NOUN had_VERB,1643
Xuan was,9399
X represents,1083
XOR _._,2527
X_NOUN ?_.,3710
X_NOUN A,3072
Xiang asked,1230
XF ,,1166
Xiao Hei_NOUN,4954
X._NOUN :,12270
X. He,1297
Xian_NOUN ,_.,7618
XXXIII_NOUN .,4574
X n_ADP,1044
XPS _._,4377
Xanadu _._,1216
XIXe_X _X_,1601
Xiao_NOUN Hui_NOUN,7336
Xue is,1091
Xia_NOUN _NOUN_,244982
XO_NOUN _NOUN_,2373
XXXIV ,_.,1364
X over,1010
XX_NOUN CHAPTER_NOUN,1282
X u_NOUN,1155
Xi_NOUN nodded_VERB,1298
Xavier_NOUN University,1391
X_NOUN ¼,3125
XV_X ),1107
Xiaoyuan was,1166
Xi .,8787
Xiaoyu _ADV_,2137
XXXIV _NOUN_,2742
Xiaoping_NOUN 's_PRT,2437
XRD and_CONJ,1132
Xing_NOUN did_VERB,4345
X axis,2868
XXXIX .,3140
Xiao Yu,21281
Xu_NOUN Que,1420
X1_NOUN _._,5280
XXXVII_NOUN ._.,3437
Xia_NOUN Yue,7346
Xin_NOUN in,1274
XIV_NOUN Table_NOUN,4186
X_NOUN will,2632
X :_.,13341
Xiaorong _VERB_,3138
Xing_NOUN thought,2400
X_NOUN direction,1112
X 11,1047
Xiaoqi_NOUN _._,1376
Xiao_NOUN nodded_VERB,1989
Xinghe_NOUN ,_.,1602
XIX_NOUN _ADP_,1233
X1_NUM ,,1453
XVI_NOUN _PRT_,2045
Xing et_NOUN,1281
Xiaoyu_NOUN 's,3842
XVII _ADP_,1241
Xiaosu_NOUN _._,1629
Xinhua_NOUN ,_.,2302
Xie_NOUN and_CONJ,2976
Xing 's_PRT,18810
Xiaoxiao_NOUN to,1425
Xu C,1095
X480_NOUN I,1244
Xiong and,1986
X X_NOUN,54075
Xiao_NOUN Tong,11146
XRD ),4322
Xu_NOUN did_VERB,1305
Xue_NOUN and_CONJ,5736
XL _NOUN_,5101
X j,8374
XVI 's_PRT,1321
Xiaolan _VERB_,3683
Xinghe 's,2539
XVI CHAPTER_NOUN,1673
X would,1435
Xiaoxiao was,7147
XX (,3910
Xuemei_NOUN _PRT_,1525
Xiaoyuan _VERB_,9286
Xuan Sect,1972
Xenophon_NOUN _CONJ_,1251
XXXVIII_NOUN _NOUN_,1907
Xiao et,4350
Xiao_NOUN could,3765
Xian_NOUN ,,7618
Xiao Jie,2356
Xuan_NOUN _VERB_,63630
Xia Xin,4097
Xiao Qi,6347
Xiao _ADV_,14878
Xinghe _PRT_,3191
Xiao_NOUN Gu_NOUN,1073
Xu Fuguan,1879
X !_.,1467
Xhosa _._,1513
XLIV_NOUN ._.,2388
Xing_NOUN shook,1726
XIII ,,11707
Xi_NOUN had_VERB,5353
Xiaoxue_NOUN 's_PRT,1237
Xunzi ,,1082
Xin_NOUN laughed,1555
Xiong was,1294
X_NOUN 2w,1123
Xinyao _VERB_,2654
X._NOUN Lu_NOUN,1220
X b_NOUN,1225
Xuan was_VERB,9398
Xue_NOUN Min,1245
X which,1350
Xuan_NOUN Peng_NOUN,1341
Xiao_NOUN Nan,4200
Xu_NOUN to_PRT,1351
X. Wang,6974
Xiao_NOUN 's_PRT,27721
XXII_NOUN ,,3010
Xiaoyu_NOUN _CONJ_,1324
Xenophon ,,4940
Xia_NOUN Xin_NOUN,4064
Xuan Yue_NOUN,1250
Xin asked_VERB,1295
Xinghe_NOUN _VERB_,8453
X_NOUN ',13043
XI_NOUN --_.,1510
Xiao nodded,1989
Xin'er _VERB_,2500
Xu Ying,1489
Xiaoyu _VERB_,13662
XX %_NOUN,1570
Xiao Bai,6789
Xiaoxiao said,1177
XML document,1942
XXIII _._,17676
X into_ADP,1539
Xu_NOUN (_.,2547
Xie Ke_NOUN,2004
X._NOUN ",3077
Xiaobai _._,4055
Xenophon_NOUN 's,3961
Xilin_NOUN _NOUN_,1423
Xu_NOUN H,1522
XML_NOUN ,,2122
Xinjiang _CONJ_,1353
Xi_NOUN _CONJ_,7380
XII_NOUN and,1511
Xian_NOUN _VERB_,18124
XVI )_.,1813
XI_NOUN ,,15829
XX ._.,14131
X. Wu_NOUN,1845
X_NOUN the,2804
Xiao_NOUN felt,1462
Xie Jin,2855
Xiang_NOUN Tian,1184
Xiaofeng _._,1809
Xing felt,3515
Xu Jie,7596
Xu Lu,1889
X_NOUN ⊂,1155
Xu Ying_NOUN,1489
X. This,1671
Xiao Yao,63586
XI_NOUN _VERB_,4157
Xuan asked,1023
Xie _PRT_,6528
X. We,1758
Xero_NOUN _._,1361
Xiruo_NOUN _VERB_,7823
X p,2638
X_NOUN ¼_NOUN,1566
X_train _._,2128
Xu did,1305
Xenia _NOUN_,1110
Xiong_NOUN Hu,3440
Xiao is,2128
X i_NOUN,4535
XIII Table_NOUN,4416
Xing_NOUN .,7907
Xiu_NOUN _ADP_,2395
Xuan asked_VERB,1023
Xiamen ,,1554
X_NOUN B_NOUN,1381
Xuan_NOUN had_VERB,5174
Xia_NOUN _PRT_,5515
XPS ),2196
X_NOUN |_NOUN,1018
XXXIII ,_.,1332
X1981 THE_NOUN,2332
XLVII_NOUN .,2172
XXXII ._.,5055
Xiao laughed_VERB,1962
XIII_NOUN Table,4415
X1981_NOUN THE,3001
Xin_NOUN Xin,2843
XII_NOUN THE,1527
Xiaoxiao ,_.,7848
Xiaoyu and,1312
XXXV .,4008
Xinyue was,1086
X_NOUN over,1010
Xia_NOUN _VERB_,16462
XIV (,3003
Xue had_VERB,3183
Xiao_NOUN _DET_,1053
Xia_NOUN Family,3108
XXV_NOUN ,,2068
XVIII_NOUN )_.,1621
XV_NOUN Table_NOUN,3908
X_NOUN T,3627
Xiang_NOUN Yu,6787
X. Ma_NOUN,1182
Xenakis _._,1165
Xiao_NOUN Yue,8222
XRF _NOUN_,1643
Xue_NOUN had,3183
X._NOUN If_ADP,1458
Xin_NOUN ,_.,23376
XXX Table,1257
X with,6142
XIV_NOUN :_.,1708
XV _NUM_,1220
Xiaoning_NOUN _VERB_,1129
Xiu -,2621
Xu_NOUN _CONJ_,9226
Xinyue_NOUN _PRT_,1633
Xiang Yun,1197
Xi Xi_NOUN,2156
X_NOUN 7_NUM,7955
Xiao Ying_NOUN,5176
Xiao 's_PRT,27721
X 7d,9495
XXI_NOUN ,_.,4320
X_NOUN =_X,29807
X1981_NOUN THE_NOUN,2332
Xia_NOUN had_VERB,1131
XI_NOUN _NUM_,2567
Xia _PRON_,6575
Xia_NOUN and,2777
Xiu_NOUN looked,1231
Xiao Jiang,1331
XLII_NOUN _NOUN_,1379
Xuan_NOUN Ye,12407
XXI )_.,1603
Xavier University_NOUN,1391
Xue_NOUN Ning,2142
X may_VERB,1184
Xia Yang,1327
XI XII_NOUN,1152
X_NOUN I,2059
Xia et,2872
Xu_NOUN Feng,3961
XIII --_.,1023
Xuanyuan _NOUN_,48778
X 10d_NUM,6703
X to,9844
Xiaosu 's,1463
X. _VERB_,7803
Xie_NOUN ,_.,26468
Xiao Ke_NOUN,2403
Xiao did_VERB,5063
Xia_NOUN Xia_NOUN,1254
Xander_NOUN was,1501
Xiao Han_NOUN,4186
X 12_NUM,1413
X N,3077
Xu Guoqing_NOUN,1216
Xiaoyu was_VERB,2240
Xiaoyu_NOUN was,2240
Xiao_NOUN in,1188
Xu _NUM_,2938
XS _._,2851
XLIX_NOUN ._.,1765
Xinyue 's,1283
XXXV_NOUN _._,5722
X2_NOUN ,,2151
XVIII Table_NOUN,3204
XIV_NOUN _VERB_,5843
Xiu_NOUN could_VERB,1087
XIX_NOUN ,_.,4899
Xun was_VERB,1888
Xiu_NOUN '_PRT,1917
XML ,_.,2122
Xanax_NOUN _._,2179
Xiaoping_NOUN ,,3526
X ]_X,11261
Xin laughed,1556
X_NOUN ×,4566
Xeon_NOUN Phi,1126
X 14,2986
Xiang said_VERB,3262
Xiu _CONJ_,4895
Xiao Lan,4356
Xin_NOUN asked_VERB,1288
Xin_NOUN who,1421
Xiao_NOUN with_ADP,1108
Xavier University,1398
Xin'er_NOUN ,,1366
XL_NOUN ._.,4069
Xiao_NOUN Rou,4581
Xing shook,1726
X_NOUN +_.,1657
Xiaoxiao _CONJ_,2671
Xiao_NOUN Xu,1938
Xuan_NOUN looked_VERB,2445
XIV (_.,3001
Xiao asked,1624
Xinghe was_VERB,1226
Xiang_NOUN _._,22580
Xi (,1196
Xing_NOUN also_ADV,1009
Xi_NOUN also,1054
X /_NOUN,5643
Xin_NOUN did_VERB,4943
Xiu_NOUN could,1087
Xu_NOUN Wang,1737
Xiao Ran,2041
Xuan_NOUN and_CONJ,7355
Xiao took,1076
X. H._NOUN,1195
Xu _CONJ_,9226
Xiao took_VERB,1076
XVII -,1010
Xiang did_VERB,2119
Xia_NOUN ,_.,21307
X may,1184
Xiao Qi_NOUN,6336
Xian_NOUN was,3001
X_NOUN ^,1206
Xiaoli_NOUN _._,1443
Xiang_NOUN was_VERB,7420
Xi had_VERB,5353
X1980_NOUN THE_NOUN,1474
X_NOUN 1,41068
Xenia_NOUN _VERB_,1608
Xavier _ADV_,1343
Xiu had_VERB,3331
Xin immediately_ADV,1207
Xun ._.,1589
Xiaotian had,1228
XIX_NOUN CHAPTER_NOUN,1390
Xiaoli_NOUN _PRT_,1125
Xiao Dong,1358
Xing would,1570
Xu_NOUN Zhiyuan_NOUN,1623
Xiaohe 's_PRT,1116
Xinjiang_NOUN _._,7942
Xiao_NOUN Yun,6459
X 1,41092
XPS_NOUN ),2170
Xinyi _VERB_,1523
Xiaoyu had_VERB,1049
Xu Wenguang,1883
X_NOUN f,1741
XII --_.,1236
X1_NUM _NUM_,1234
Xi_NOUN ,,23508
XLIX ._.,1765
Xiyan_NOUN ._.,1075
XLVII_NOUN _._,3299
X. Y._NOUN,1638
X1973_NOUN THE_NOUN,1487
Xiaomei_NOUN 's_PRT,2198
Xia Yu,8269
Xiao_NOUN Yi,10416
XIV_NOUN (,2978
X Free,1061
X1979 _DET_,1388
XLIII ._.,2661
Xuan 's_PRT,18324
XIII_NOUN of,1055
Xray _NOUN_,1651
X1974_NUM _ADJ_,1231
Xian ,_.,7620
Xing_NOUN would,1567
Xu Fu,1356
XML_NOUN ,_.,2122
Xiaomei_NOUN ._.,1043
XM ,,1621
Ximen_NOUN _NOUN_,10077
Xiang could_VERB,1398
Xue_NOUN _._,30077
X be_VERB,9653
X_NOUN --_.,59464
X._NOUN THE,1940
XII (_.,4650
XXII_NOUN ._.,10302
X. If_ADP,1469
Ximen Family_NOUN,1169
X. Table_NOUN,3926
X. In_ADP,2029
XXII ,_.,3015
Xianxian _ADV_,1725
XXIV ,,2604
XXXI_NOUN ,,1368
Xia You,2778
X_NOUN O_NOUN,1351
XML document_NOUN,1942
XVIII_NOUN _._,30628
Xia_NOUN Yan_NOUN,1282
Xenophon 's,3964
Xing and_CONJ,9927
Xu_NOUN Guoqing_NOUN,1216
Xander_NOUN was_VERB,1501
XXIII_NOUN Table,2252
Xing did,4345
Xiao Yu_NOUN,21281
XXXI Table,1123
Xiaotian ._.,1544
Xiao Su_NOUN,2317
XE _._,1128
Xlibris _._,1091
XXII_NOUN CHAPTER,1135
XJ ,,1742
Xiao_NOUN Yu,21281
Xinjiang_NOUN and_CONJ,1270
Xing _PRON_,1065
Xin_NOUN turned,1017
XVI _ADP_,2533
Xin_NOUN laughed_VERB,1555
Xiao_NOUN Fei_NOUN,4367
XX_NOUN ._.,14119
XXXVIII ._.,3315
X_NOUN t,14765
XYZ Company_NOUN,2582
Xander had,1643
Xiao Zi_NOUN,1863
Xuan_NOUN Qi,1114
Xiao Yi,10424
X i,30139
XXXI ,_.,1368
Xin ,,23386
XII -,1803
Xian_NOUN _NOUN_,9940
Xu_NOUN family,2033
Xia_NOUN Zhi,1215
Xue_NOUN Bu_NOUN,1091
X_NOUN axis,2861
X_NOUN rays_NOUN,1533
XI_NOUN --,1510
Xin _ADV_,13815
Xiaoxiao and,2632
Xiaotian said_VERB,1271
X._NOUN The_DET,3037
X of,8173
Xuan looked_VERB,2445
Xiao Yan,8568
Xi _ADP_,5406
XXXVIII_NOUN ._.,3246
Xue_NOUN Fu_NOUN,1554
XXIV Table,2090
X Y_NOUN,5605
Xiaoying _VERB_,1948
X_NOUN _ADP_,64157
XXIII_NOUN _._,17660
X1976_NOUN THE_NOUN,1823
XIX (,1462
XXXX_NOUN _NOUN_,1072
X2_NOUN ,_.,2151
X is,56789
Xu was,4710
Xuan !,1248
XXIV Table_NOUN,2090
Xia_NOUN Yue_NOUN,7346
Xiao_NOUN Ting_NOUN,5540
Xiaomei_NOUN _VERB_,7234
Xiaotian _._,4949
Xian_NOUN was_VERB,3001
Xiu to_PRT,1059
Xinghai _._,1753
X &_CONJ,1272
XXI .,11829
X. Yang,1890
Xiao_NOUN Liu_NOUN,4276
Xing_NOUN thought_VERB,2399
Xiaoli_NOUN _VERB_,3953
Xin_NOUN looked_VERB,3927
XIII_NOUN )_.,2072
Xiao in_ADP,1188
Xing Bing,2017
Xiao_NOUN Tian,6037
Xixi _._,1302
X_NOUN M_NOUN,1050
Xuan Ying,1155
Xuan '_PRT,2714
Xiamen_NOUN ,,1552
XXXVI_NOUN ._.,3700
Xing_NOUN to,2912
Xiao would_VERB,2498
Xiao Bao,2475
Xiao Zi,1863
Xerxes_NOUN _ADP_,1111
Xian and,2126
Xavier_NOUN _ADV_,1336
X._NOUN Xu,1670
Xiao to_PRT,3063
Xinhua_NOUN News_NOUN,2082
Xu_NOUN C,1095
XRD_NOUN )_.,4277
Xenophon and_CONJ,1162
X_NOUN had,1758
Xiao_NOUN to_PRT,3063
Xie had,1295
XX_NOUN months_NOUN,1484
Xue_NOUN Clan_NOUN,1217
Xu_NOUN Yi_NOUN,2377
Xiang_NOUN looked,1289
Xiao_NOUN et,4310
XI_NOUN Table_NOUN,5179
X. et_NOUN,3422
Xu_NOUN Chao,1609
Xiang Lan_NOUN,1916
Xi_NOUN _PRON_,2189
Xenophon_NOUN and,1162
XXVII_NOUN Table,1624
Xiao Qin,1481
Xi ._.,8786
Xk _._,1317
XML_NOUN ),1304
Xiao_NOUN ?_.,1508
XII_NOUN :_.,2080
Xiao_NOUN He,1756
Xi _PRON_,2529
Xi ,_.,23508
X >_NOUN,1007
Xi looked_VERB,3079
Xiao_NOUN Wang_NOUN,1883
X1981 A,1687
XXVII ,,2127
Xue ',1740
X_NOUN s,5438
Xuan_NOUN Xin,1671
XVIII _X_,1127
Xlibris_NOUN _._,1091
Xinjie_NOUN _VERB_,2061
Xia_NOUN Mu_NOUN,3219
X ray,1465
Xiao_NOUN would,2498
Xiao_NOUN Han_NOUN,4186
X_X ]_X,8309
Xiao_NOUN Wu_NOUN,8261
Xiaohe_NOUN 's_PRT,1116
Xiao_NOUN is_VERB,2127
Xiaomeng _VERB_,1357
XXXIII _._,7382
Xuan_NOUN Qi_NOUN,1114
Xiao Ting,5545
Xenophon _NOUN_,1013
XVI and,1627
XXV ,,2075
X h,1219
Xu Z_NOUN,1455
Xianxian_NOUN _ADV_,1725
XXIV_NOUN _._,14456
XVth _NOUN_,1144
Xuan Qi_NOUN,1114
Xia_NOUN was_VERB,2547
Xing took_VERB,2072
XII_NOUN _NUM_,2437
X_NOUN et,2754
X_NOUN be,9648
X_NOUN R_NOUN,1364
Xian .,2591
XML _._,8196
XXVIII_NOUN .,6351
Xu to,1351
Xiao_NOUN Guo_NOUN,1775
X 3w_NUM,1625
X R_NOUN,1364
Xiaoyue _VERB_,6125
Xu Qian_NOUN,2140
Xiantian _NOUN_,2465
Xia ._.,3838
Xi felt,1335
Xiao_NOUN Su_NOUN,2317
Xinhua ,_.,2304
Xiao_NOUN Ai,3246
Xiao_NOUN Wang,1883
Xiang_NOUN Xiang_NOUN,1464
Xia _ADP_,1639
X_NOUN ∈_NOUN,5472
XL (,1072
XXXIV _._,6985
Xi_NOUN Xi,2156
XXVII ,_.,2127
Xiaoxing _VERB_,3022
Xiu 's,11606
Xiaoxue_NOUN _VERB_,4648
X_NOUN j,8333
Xiang_NOUN et,1313
XXIX_NOUN .,6050
Xun_NOUN _PRT_,4489
XIX_NOUN .,13606
Xi_NOUN felt,1335
X factor,2109
X_NOUN -_.,256358
Xiaotian ,,2721
X and,59213
Xue Yao_NOUN,1979
Xiyan_NOUN _PRT_,2558
XRD and,1132
Xiaotian_NOUN ,_.,2720
XXIX_NOUN Table_NOUN,1360
X._NOUN Jiang_NOUN,1025
Xiaoxiao_NOUN _ADV_,6482
Xiyan 's,1918
XVI (,2484
X._NOUN Sun_NOUN,1568
Xiang_NOUN Ye_NOUN,1026
X. Jiang,1025
Xiaomei _ADV_,1140
Xin_NOUN saw_VERB,1274
X_NOUN F_NOUN,1026
Xiaoping _NOUN_,1271
XPS _NOUN_,5432
Xu_NOUN was_VERB,4710
Xu_NOUN Que_NOUN,1420
Xiran _._,1104
X_NOUN *_X,3946
Xiao would,2498
Xinran_NOUN _VERB_,1630
Xi Yu_NOUN,2232
Xiang_NOUN Xiang,1465
X 10_NUM,4874
XRD_NOUN pattern_NOUN,1983
X_NOUN 10,5214
X on,4288
X._NOUN et,3428
XG_NOUN _._,1987
XVII :,1243
XX ,,7244
X_NOUN b,1220
XIII_NOUN _ADP_,2947
XVI and_CONJ,1627
Xylose_NOUN _NOUN_,1562
X _PRON_,27774
X2 )_.,2004
Xie_NOUN _VERB_,15183
Xi to,2405
Xan _VERB_,2551
X -,261771
Xu Jun,1770
Xiao could,3765
Xiao Meng_NOUN,7814
Xiao_NOUN Gui_NOUN,1213
Xuan would,1454
Xia Qi,1128
X 3w,1625
XV THE,1218
Xiu was,5243
Xiao_NOUN Ting,5540
Xin_NOUN Han,3171
Xue_NOUN 's_PRT,12954
XXVI_NOUN Table,1759
Xi was_VERB,10190
XXIV_NOUN _NOUN_,7321
X :,13345
XXIX _NOUN_,4502
X_NOUN by_ADP,2760
XS_NOUN ,_.,1697
Xie_NOUN et,4642
Xiaotian_NOUN ,,2720
Xin turned,1019
Xiaoran _._,1599
XRD pattern,1986
Xiao Xin_NOUN,2472
XXVII .,6895
X of_ADP,8173
Xinhua News_NOUN,2082
XW_NOUN _._,1121
Xun _PRT_,4489
X will_VERB,2624
Xuan_NOUN _PRT_,23168
Xerox ,,1176
XVII_NOUN _._,28308
Xin_NOUN Meng_NOUN,4423
XXXVI _NOUN_,2309
Xiaoyuan_NOUN was_VERB,1166
X. _NUM_,9367
X. Xu_NOUN,1670
XX -_.,1198
X_NOUN ._.,7881
XL _VERB_,1134
Xuan_NOUN .,8013
Xe_NOUN _NOUN_,1866
Xumi_NOUN _NOUN_,1506
XII .,29124
Xi also_ADV,1054
Xia_NOUN Hua_NOUN,6730
Xia_NOUN and_CONJ,2777
Xinxin _._,1000
Xiyue _VERB_,6918
Xia Xin_NOUN,4064
Xueyan _VERB_,1216
XIII_NOUN (,2759
XVIIIe _NOUN_,1768
XXI_NOUN .,11829
Xiao_NOUN Ming,1640
XXXVI_NOUN .,3700
Xiang to,1493
Xiamen_NOUN University_NOUN,1266
X C,1923
Xiao Jin_NOUN,9454
XVII CHAPTER_NOUN,1566
Xue_NOUN Za,3965
Xiao Wei_NOUN,2462
XX %,1573
XXXIII ,,1333
Xiao_NOUN _VERB_,100035
X._NOUN (_.,20951
XVIII_NOUN _NOUN_,14043
X_NOUN such_ADJ,2090
Xu_NOUN .,5989
Xia_NOUN Luo,33342
XXe siècle,1293
Xue'er _._,3899
Xiang to_PRT,1493
Xuan_NOUN Peng,1341
Xing wanted_VERB,1003
X_NOUN !_.,1467
Xerxes_NOUN _._,4711
XIV_NOUN 's,3253
XY_NOUN ),1214
Xi_NOUN had,5353
X A,3074
Xiaotian was_VERB,2589
Xander said_VERB,1554
XRF ),1023
X r_NOUN,1667
Xianxian_NOUN was,1728
Xeon _NOUN_,3655
XXIII_NOUN (_.,1019
Xing_NOUN :,2648
Xue and,5737
Xue Lian_NOUN,1797
XV_NOUN ,,8468
Xiaotian_NOUN .,1544
XI_NOUN (,3318
XVII THE,1107
Xiao_NOUN said_VERB,5710
Xiyue 's_PRT,1183
Xiu _ADP_,2396
XVI_NOUN _CONJ_,1835
Xiao Xiao_NOUN,9211
Xu Family_NOUN,4707
XVIII_NOUN Table,3204
Xn i_PRON,1199
Xiao_NOUN Meng_NOUN,7814
X._NOUN Wang_NOUN,6971
Xiao Xue_NOUN,5052
Xin_NOUN _._,38175
Xavier_NOUN 's_PRT,6350
Xiyue_NOUN _._,1427
XXX_NOUN _._,11232
Xiaoyuan_NOUN was,1166
XXVIII ,_.,1726
Xiao ._.,11482
Xiang Xiang,1465
Xuan Xin_NOUN,1670
Xiaoqing _PRT_,1240
XYZ _NOUN_,12238
XIX CHAPTER,1393
Xi_NOUN Chong,1089
Xinjiang_NOUN ,,3950
Xers _._,1126
XXXIII_NOUN _NOUN_,2919
XPS ,_.,1104
XVIII_NOUN (,1524
XPS_NOUN )_.,2170
Xinyue_NOUN _VERB_,6912
Xue_NOUN Min_NOUN,1245
Xiaobai 's,4076
XI_NOUN _NOUN_,26375
Xenophon and,1162
X_NOUN 9,1128
Xiao Hu_NOUN,1645
X receptor_NOUN,1884
XIV and,2101
X a,4020
Xiaoping _VERB_,4182
Xiao_NOUN immediately,1076
X '_PRT,4146
Xue _PRON_,1489
XX_NOUN (,3890
Xiaomi _._,1348
XV_NOUN -_.,1003
Xenakis_NOUN _._,1165
Xin and_CONJ,8166
XLV _._,3643
Xinhua _NOUN_,4884
Xiyan_NOUN _VERB_,8013
Xiaofan ,,1131
XII_NOUN CHAPTER_NOUN,2085
XVII Table_NOUN,3405
Xuan_NOUN and,7355
Xiao_NOUN Dong,1358
Xiao Yue,8222
X. Then,1828
Xiao_NOUN Zhang,1094
XPS )_.,2170
Xia_NOUN You,2655
Xuan had_VERB,5174
Xiu_NOUN did,1769
X ._.,7882
X_NOUN _ADV_,9795
Xu Wenguang_NOUN,1882
Xlibris_NOUN _NUM_,2444
Xu_NOUN Li,5611
Xbox One,1198
Xiang Xiang_NOUN,1464
X_NOUN --,59464
X ?_.,3710
Xi_NOUN ,_.,23508
Xavier_NOUN _._,15445
Xi nodded_VERB,1298
Xi_NOUN to,2405
Xiaoping_NOUN .,1095
X_NOUN of,8173
Xie_NOUN _ADV_,2251
Xiyue_NOUN _VERB_,6918
X. Lu_NOUN,1220
Xavier_NOUN and_CONJ,2079
Xiao Clan,1284
Xerox _._,1962
Xbox_NOUN One,1163
XIII CHAPTER,1987
Xantholinus_NOUN ;,1996
Xin_NOUN is_VERB,1367
Xiao Ying,5176
Xanthe _VERB_,1578
X t,14897
Xiao_NOUN Xin,2472
X_NOUN X_NOUN,54074
Xi also,1054
XI ._.,31663
XLV _NOUN_,1127
XLVIII _._,3100
Xing_NOUN Chen,9978
Xiao_NOUN An,2053
Xie_NOUN 's_PRT,5205
Xinyue_NOUN was,1086
XSS_NOUN _NOUN_,1596
Xue _VERB_,42772
Xiaotian was,2589
Xia_NOUN was,2547
XXI _NOUN_,11453
Xie et,4659
XXXIII_NOUN ._.,4574
Xia _ADV_,2578
XXVII_NOUN ,,2127
Xian_NOUN and,2126
X_NOUN ∩,1902
XVI 's,1322
Xander was_VERB,1501
Xian_NOUN and_CONJ,2126
Xanthomonas campestris,1072
Xiaoqing_NOUN _VERB_,3207
X_NOUN 5,5981
Xenophon 's_PRT,3961
XII_NOUN ,_.,14188
Xiaoxiao_NOUN 's,8866
X_NOUN 2,29337
Xiao_NOUN San,1488
Xiaobao _VERB_,2848
Xu Yang,1393
Xavier ._.,5146
Xinjiang .,2059
Xander_NOUN ,_.,3027
Xiao Qiang_NOUN,3835
Xu J_NOUN,2690
X >,2322
X ⊆_NOUN,2201
X_NOUN Table,5732
Xu_NOUN Jie,7596
X.Y._NOUN _NOUN_,1020
Xiao Gui,1213
Xavier_NOUN _ADP_,2083
X R,1384
XI_NOUN -_.,1824
Xi_NOUN Er_NOUN,2951
XX CHAPTER,1284
Xun _NOUN_,6395
Xia_NOUN Hua,6733
X. ",3687
X_NOUN Corp.,1191
Xu_NOUN was,4710
Xu_NOUN Hui,6403
XXII_NOUN .,10302
X such_DET,1026
XXXVIII _._,5067
Xi'an_NOUN Jiaotong,1352
Xie and,2976
XIV_NOUN and_CONJ,2098
Xander _CONJ_,1753
Xia Empire_NOUN,1689
XXIII .,10444
Xiaomei 's_PRT,2198
Xiang et_NOUN,1302
XFFL _._,1558
Xiaoyi _._,1369
XIX ._.,13611
XVI ),1814
Xbox _NUM_,1601
Xerox _NOUN_,4540
XXII Table,2439
Xiao_NOUN suddenly_ADV,1204
Xia_NOUN Empire_NOUN,1689
Xiong _VERB_,8415
Xiao_NOUN et_NOUN,4294
X. Zhang_NOUN,6413
Xiangru_NOUN _VERB_,1352
XIII_NOUN _CONJ_,1390
X._NOUN _ADP_,9600
Xia Zhi_NOUN,1215
XSS_NOUN _._,1359
X_NOUN ray,1464
X_NOUN or,4623
Xu Chao,1609
XVI_NOUN :,1921
X No,1639
Xiao_NOUN Chen_NOUN,48454
X. _PRON_,6857
Xin 's_PRT,21629
Xue'er ,,2519
XXII_NOUN ,_.,3010
Xenophon .,1034
Xiao_NOUN Ling,27829
Xiao Family,1720
Xian and_CONJ,2126
Xiao_NOUN Li_NOUN,6886
X_NOUN ),24443
Xu_NOUN Ying_NOUN,1489
Xiao _PRT_,34878
Xenon_NOUN _NOUN_,1236
Xuan Peng,1341
Xiao_NOUN Jiu,7039
Xiao Ming,1640
X_train_NOUN _._,2120
Xi_NOUN Yu,2232
X ⊆,2366
X_test ,,1004
Xian_NOUN _PRT_,6896
Xiyue_NOUN 's,1183
X._NOUN Zhao_NOUN,1607
X._NOUN Huang_NOUN,1571
XIV_NOUN _NUM_,1555
Xiaomi _VERB_,2637
Xiaoxue ,,1605
Xing_NOUN Chen_NOUN,9972
Xiaomei_NOUN .,1043
Xi_NOUN ),1328
Xiaoyun _VERB_,2226
Xia Yu_NOUN,8269
X._NOUN CHAPTER,1955
Xiong _PRT_,3241
XVII_NOUN _ADP_,1234
Xue Ling,2302
Xiaoxiao could_VERB,1334
XII (,4650
Xuan could_VERB,2128
Xiao Meng,7814
XIX .,13613
XPS_NOUN _NOUN_,5422
XVIIe _X_,1707
X_NOUN m,3855
Xiao_NOUN Qiang_NOUN,3835
XXVII ._.,6895
Xiang did,2119
X s,5443
Xie .,2414
XML_NOUN and_CONJ,1007
Xuan Ye,12409
XXX _NOUN_,8046
X .,7882
Xing_NOUN looked_VERB,2039
X_NOUN THE,2014
Xu You,1795
X_NOUN E,1130
X_NOUN if_ADP,1715
Xun_NOUN ._.,1589
XXXVII ,_.,1097
XIX :,1003
XXX ,_.,2462
XVIII ,_.,6150
XLVIII_NOUN _NOUN_,1166
Xiaoyu 's_PRT,3841
Xiao_NOUN Ye,2965
XVI_NOUN Table_NOUN,3669
Xudong _VERB_,1098
X. The_NOUN,2194
X._NOUN Zhu_NOUN,1137
Xiaowen _VERB_,1820
Xu_NOUN Hao_NOUN,1280
Xian_NOUN _._,13767
X_NOUN l_NOUN,1547
X._NOUN For,1267
Xiaofeng_NOUN 's,1943
Xiao_NOUN _ADP_,5840
Xu_NOUN Y,2409
XG_NOUN ,,1009
Xerxes _._,4711
Xiu could,1087
Xi_NOUN looked,3079
Xinjiang_NOUN _NOUN_,6653
Xin_NOUN felt_VERB,1307
Xiaomei .,1043
XIX Table,3002
Xing_NOUN did,4345
Xu_NOUN Yang,1393
Xing_NOUN and,9799
Xiaoxi_NOUN _VERB_,1030
XO ,_.,1424
XX_NOUN :,3934
Xiaohe 's,1116
Xia _NOUN_,244985
XPS ,,1104
Xiao Ai,3246
XXVIII_NOUN Table_NOUN,1477
Xiao_NOUN Jie,2356
XXXIII .,4650
Ximena_NOUN _._,1005
Xian_NOUN did,1025
Xin_NOUN Han_NOUN,3169
X2_X _._,1284
X i_NUM,4296
Xiaoping_NOUN ._.,1095
X._NOUN Y._NOUN,1629
XX :,3956
X._NOUN _PRT_,1112
X. Hu,1532
Xiu said_VERB,2085
Xuan_NOUN Yi_NOUN,2531
Xiao_NOUN Qi,6336
Xu Fuguan_NOUN,1879
Xu Dong,12807
X_NOUN 10d_NUM,6703
XVIII _VERB_,1429
X 1_ADJ,1251
Xia_NOUN Yang_NOUN,1327
XVIII_NOUN ,_.,6117
XVIII_NOUN CHAPTER,1472
Xue _._,30096
Xianxian was_VERB,1728
Xiao_NOUN Jiang,1331
Xiao_NOUN Budian,2400
X. Luo_NOUN,1057
Xiang Fei_NOUN,3470
X can_VERB,3756
Xa_NOUN ._.,1418
XR _NOUN_,1766
Xiaolian_NOUN _VERB_,2731
Xiaoxiao _ADP_,2689
Xie was,2289
Xiyan _ADV_,1548
Xiaomei_NOUN _ADV_,1140
X E_NOUN,1130
Xiao ,,41054
XXXIV_NOUN .,4221
Xu_NOUN You_PRON,1291
Xiao_NOUN felt_VERB,1462
XLVI _._,3540
Xu _._,89433
Xiao_NOUN Hong,4980
Xiaoying_NOUN _VERB_,1948
XII_NOUN THE_NOUN,1508
XYZ _._,3178
X [,6459
Xing frowned,1598
X_NOUN c_NOUN,2336
Xiaoping_NOUN _._,5661
Xu_NOUN Hao,1280
Xiaoting_NOUN _VERB_,1814
Xi said,4759
Xiu ._.,4165
X_NOUN 1_NUM,39823
X_NOUN ⊂_NOUN,1089
X_NOUN h,1217
XII_NOUN --,1202
Xiaoxiao_NOUN .,4319
Xia_NOUN _PRON_,5669
Xiaoxiao looked,1449
Xing :_.,2648
Xiaoyu_NOUN _VERB_,13659
Xiaoxiao_NOUN said,1176
Xue_NOUN Fu,1554
Xuan said,4014
X 14d,3405
XV_NOUN THE,1178
XRD ,_.,2130
Xiao Ya,8283
Xinjiang_NOUN ,_.,3950
XXII Table_NOUN,2438
X_NOUN was,4091
X_NOUN chromosome,8038
Xia_NOUN et_NOUN,2852
XXXVI_NOUN _._,5306
X. Yu,1095
Xiaoshi_NOUN _VERB_,1626
XI_NOUN :_.,2691
Xs _._,1769
Xiaotian and_CONJ,1089
Xixi _VERB_,2812
Xuan ,,16195
XV_NOUN ._.,22991
Xin_NOUN ,,23376
XX_NOUN ,_.,7228
XVI_NOUN THE,1114
X_NOUN k_NOUN,8963
Xiao Guan,1400
Ximen_NOUN Family,1169
X_NOUN O,1354
X that_DET,2268
Xia Keke_NOUN,2171
Xue_NOUN was,6442
Xiong 's_PRT,2594
Xue_NOUN and,5736
XXVII_NOUN _NOUN_,5589
Xander_NOUN 's_PRT,4064
Xinmei _VERB_,1000
Xi Yue_NOUN,1121
Xiang Ying,1653
XZ_NOUN -,1157
Xiao_NOUN Qin_NOUN,1481
XVI ,,11657
XRD pattern_NOUN,1985
Xu_NOUN You,1765
Xun was,1888
XX_NOUN months,1484
X_NOUN b_NOUN,1219
Xing_NOUN said_VERB,11102
Xavier ,,7720
X rays,1542
XR_NOUN ,_.,1561
XVI_NOUN _ADP_,2530
Xin was_VERB,12360
Xan_NOUN _VERB_,2542
Xiao Qin_NOUN,1481
Xinghe_NOUN ,,1602
Xi Yao,1378
Xiao thought,1053
Xia Family_NOUN,3108
Xiang Tian_NOUN,1184
XXX_NOUN ,,2386
X *,9432
Xu_NOUN _NOUN_,316181
XXI ._.,11829
XVIII :,1400
X. L.,1509
Xi Wu_NOUN,5046
Xia _PRT_,5515
Xu_NOUN Fuguan_NOUN,1879
Xia_NOUN _CONJ_,3002
Xi_NOUN is,2339
Xiao Mei_NOUN,2938
Xiaobai_NOUN 's,4075
X_NOUN p,2623
Xiao_VERB _PRON_,2870
Xu_NOUN &,1082
Xiao_NOUN did_VERB,5063
Xiao_NOUN Xiang,1177
Xu (,2548
Xi_NOUN said,4758
X s_VERB,2148
Xiao_NOUN Jin_NOUN,9454
Xinjiang _PRT_,1027
Xiao Lan_NOUN,4354
XVIe_X _X_,1055
X_NOUN :_.,13341
X_NOUN -,256358
Xiao to,3063
XRD patterns,3180
Xu_NOUN Dong_NOUN,12804
X_NOUN by,2766
Xiao_NOUN Bai_NOUN,6789
X_NOUN which,1350
Xiu _VERB_,34411
Xingzhou _._,1255
X2 Bible_NOUN,2039
Xiao_NOUN Yang,3202
Xi_NOUN looked_VERB,3079
Xiang '_PRT,1637
X_NOUN 0_NUM,11429
X_NOUN →,11653
Ximena_NOUN _VERB_,1413
XXXVII ,,1098
Xiaomei was_VERB,1120
XIII_NOUN .,26080
Xi'an _NOUN_,4459
Xu_NOUN Qing_NOUN,3834
X if,1715
X_NOUN R,1384
XXVIII_NOUN Table,1477
XV )_.,2191
Xiaoyu_NOUN ,,2949
Xu_NOUN et,15873
Xu_NOUN Y_NOUN,2409
Xiao Hu,1645
Xiao_NOUN Cheng,2170
XL_NOUN (_.,1066
X_NOUN )_.,24443
Xiyan_NOUN .,1075
XIX ,,4899
XXXV ,_.,1180
XO _NOUN_,2393
Xiaoya _PRT_,1521
Xuan_NOUN ,_.,16190
Xue'er _VERB_,5425
XIII -_.,2058
Xie Fei_NOUN,18574
Xia Yang_NOUN,1327
Xilin _NOUN_,1423
Xiao San_NOUN,1488
Xue Ji_NOUN,1933
Xi Xi,2157
XXVIII_NOUN _NOUN_,4898
Xinyue _._,1899
X ",12543
Xing Yue,1252
XG ,,1009
XV_NOUN CHAPTER,1780
X_NOUN 3d,3820
Xueli _VERB_,1514
Xiaoman_NOUN _VERB_,2145
X_NOUN 4_NUM,6272
X_NOUN Y_NOUN,5605
Xu ._.,5991
XIV_NOUN _CONJ_,2363
Xiaodong_NOUN _._,1130
Xin Er_NOUN,2266
XIII_NOUN :,1687
XIII _ADP_,2954
Xander and_CONJ,1634
Xiaoyu_NOUN ,_.,2949
Xiao Xiao,9212
XP_NOUN _._,5494
Xiaohe _._,1207
Xiao Qiao,1308
X ∈_NOUN,5472
Xu Que_NOUN,1420
X. Ma,1182
XVIIIe _X_,2159
Xing_NOUN _ADV_,14922
X_NOUN =,37262
Xinyu _._,1047
X_NOUN 3_NUM,18123
Xue_NOUN Bu,1091
XXI_NOUN CHAPTER_NOUN,1199
Xing_NOUN frowned,1598
XXII_NOUN _NOUN_,8291
Xiao_NOUN Meng,7814
XXIX_NOUN »_NOUN,1155
Xin also,1036
X._NOUN Li,5633
Xiaodao _VERB_,2681
Xeon Phi,1126
X. et,3434
Xiaoran _PRT_,1135
XX months,1484
Xie_NOUN Fei_NOUN,18574
Xi_NOUN was_VERB,10190
Xerxes_NOUN ._.,1226
Xiaoshu _VERB_,2333
Xiahou_NOUN _NOUN_,4281
Xin_NOUN Meng,4423
Xen ._.,1278
XVI Table_NOUN,3669
XVIII .,18063
X_NOUN such,3113
X for_ADP,3877
Xing took,2072
Xing_NOUN wanted,1003
XXIV .,9262
X has,6869
Xiao_NOUN Jiang_NOUN,1331
Xu and,8025
XJ ,_.,1742
X. and_CONJ,3729
XVI _VERB_,4868
Xiu_NOUN _CONJ_,4895
X_NOUN as,3955
Xinhua News,2088
XIV _NUM_,1629
XXVIII Table,1477
Xue Min,1245
Xia Xia_NOUN,1254
Xu_NOUN L,1505
Xiao_NOUN Ke_NOUN,2403
X._NOUN THE_NOUN,1938
Xia had,1131
X Table_NOUN,5732
Xu_NOUN Z,1455
X.M. _._,1034
Xue_NOUN Qi_NOUN,2552
X. Luo,1058
Xiang_NOUN .,4232
X_NOUN Free,1061
X_NOUN for,3877
Xiaoping and,1152
Xinyu _VERB_,1943
X L_NOUN,1713
Xiling_NOUN _VERB_,1420
X such,3139
X._NOUN We_PRON,1262
XIV ,,14077
XXV_NOUN _._,12305
XRD_NOUN ,_.,2124
X f,1745
XXIX_NOUN Table,1360
Xu_NOUN W_NOUN,1160
Xueli_NOUN _VERB_,1514
Xue Za_NOUN,3965
XML data_NOUN,1067
Xing_NOUN Hai_NOUN,1440
Xing_NOUN looked,2039
XVII (,1720
X._NOUN (,20951
Xuan nodded,1014
Xin is,1367
Xn _NOUN_,3353
Xuan_NOUN _ADV_,9223
X |,9702
X at,2726
Xiaobao_NOUN _VERB_,2846
Xi -,1254
Xiaoyu_NOUN had_VERB,1049
XXII CHAPTER_NOUN,1135
X3_NOUN _NOUN_,1535
XYZ _VERB_,2380
Xiamen University_NOUN,1266
XXXV_NOUN _NOUN_,2596
Xia _._,28359
Xlibris 1-888-795-4274,2412
XI -,1884
X 2,29342
XIV_NOUN CHAPTER_NOUN,1888
Xing could,4096
Xun_NOUN _._,7071
Xiao Hua,2741
Xiamen_NOUN _NOUN_,3003
XXe _NOUN_,1333
X 6_NUM,3057
XLVI .,2194
Xiu said,2085
X. Jiang_NOUN,1025
Xiyan _._,2503
XI_NOUN ,_.,15829
Xiaoxiao_NOUN was,7146
Xiao Yin,1898
Xu (_.,2547
Xi_NOUN )_.,1328
Xin_NOUN _CONJ_,8323
Xin_NOUN to_PRT,2862
Xiahou _NOUN_,4281
Xu W,1160
Xiao Long,1417
XXIII (,1019
Xn _._,3497
Xing _ADP_,4977
Xue could,1235
XY ,,3322
Xunzi_NOUN _PRT_,1122
Xiong_NOUN ,_.,10460
X_NOUN rays,1533
XXXVIII_NOUN .,3246
XV _CONJ_,1059
Xian_NOUN did_VERB,1025
Xin_NOUN _PRT_,27912
Xiao_NOUN Xue,5052
Xiang _._,22672
XXVI _NOUN_,5756
Xenophon _ADP_,1366
XII of_ADP,1835
Xiao _PRON_,11966
XLIII_NOUN .,2588
Xiao_NOUN Ge_NOUN,1021
Xiao_NOUN and,11281
Xiao Zhang_NOUN,1094
Xing_NOUN ,,20953
XX _NOUN_,22818
Xin_NOUN did,4943
Xin asked,1295
XML -,1765
X. The_DET,5412
Xingyun_NOUN _VERB_,2365
Xiao An_NOUN,2019
Xiaofei_NOUN _VERB_,1830
XI_NOUN _PRT_,1239
X_X [_X,4655
Xinyan _VERB_,1032
Xiruo ,,1124
Xia_NOUN Xue,2687
Xiaotian _ADP_,1021
XXXIII ._.,4650
Xu said,1869
Xing to,2920
X_X =_X,1323
Xander 's,4141
Xuan Yi,2686
XI _NUM_,2644
X. Wang_NOUN,6974
Xunzi ,_.,1080
XXXVIII _NOUN_,1930
Xiao with_ADP,1108
X ¼_NUM,1507
Xin_NOUN would_VERB,1743
X_NOUN ∪,1911
XO _VERB_,1695
Xin Wei_NOUN,2280
X._NOUN Chen_NOUN,3922
Xuan_NOUN looked,2445
XXVIII_NOUN ,,1726
XXI_NOUN ,,4320
X_NOUN 14d,3405
Xi Men_NOUN,4787
X_NOUN |_PRT,1115
Xinjiang_NOUN _PRT_,1027
X_NOUN c,2338
Xing did_VERB,4345
Xue Lian,1799
Xinghe _VERB_,8453
XLIII _._,4163
Xiaoyu_NOUN had,1049
Xue did,1914
XVII .,15991
X1981 THE,3013
XXIII_NOUN CHAPTER_NOUN,1044
Xin to_PRT,2866
XXXIV .,4229
Xue Ling_NOUN,2302
Xi_NOUN Yue,1121
Xing_NOUN asked,3093
Xinyue_NOUN ,_.,1029
Xian_NOUN `,2261
XLVI _NOUN_,1000
XY )_.,1216
XXXVI ,,1012
Xiao_NOUN family_NOUN,6985
X_NOUN into,1539
XII CHAPTER_NOUN,2085
Xiao Qing_NOUN,3415
XIV .,33367
X.J. _._,1253
X that,3078
Xiao Wu,8268
XI_NOUN XII,1152
Xiaoxiao _._,13489
Xenophon _VERB_,4961
Xuan_NOUN ',2773
Xiaoya_NOUN 's,1194
Xiu_NOUN and_CONJ,4846
X2_X )_.,1281
Xue_NOUN Ling,2302
Xbox_NOUN _NOUN_,2423
XIXe_X siècle_X,1296
Xiao_NOUN Yu_NOUN,21281
Xuan Xin,1671
X_NOUN _X_,43510
XIII and_CONJ,1225
Xi ',2826
Xeon_NOUN Phi_NOUN,1126
Xiaoping _ADP_,1028
X._NOUN For_ADP,1267
X._NOUN Hu,1530
XIV_NOUN THE_NOUN,1354
Xuan_NOUN Sect,1971
Xuemei_NOUN _VERB_,3889
X _VERB_,160026
Xuan said_VERB,4014
XF_NOUN ,_.,1166
Xing Hai,1440
Xiao An,2102
XYY_NOUN _NOUN_,1301
Xing replied,1661
Xander 's_PRT,4064
Xiaoxiao ._.,4329
X_NOUN 11_NUM,1047
XXI_NOUN )_.,1603
Xiao_NOUN could_VERB,3765
Xuemei _VERB_,3890
Xiaoping 's,2464
XVth_NOUN _NOUN_,1084
X.Y. ,_.,1425
Xiao_NOUN Jia,1635
Xiaoyi_NOUN _._,1367
Xue .,6295
Xunzi _._,1933
XLVII_NOUN ._.,2172
Xiao_NOUN Jing,1946
X Y,5622
XB _._,1868
Xiao also,1160
X MRDS,1327
Xiu_NOUN and,4846
X x_NOUN,2081
X_NOUN 1_ADJ,1245
XIII_NOUN and,1221
X_NOUN '_PRT,4146
XIII )_.,2128
Xiao said_VERB,5710
Xixi_NOUN _VERB_,2811
Xiu_NOUN had_VERB,3331
X2 =_X,1102
Xiao Da_NOUN,1262
Xiao_NOUN Clan,1284
Xi is,2339
X._NOUN The,5230
X1_NOUN ,,3503
Xing thought_VERB,2399
Ximena _._,1005
XLI_NOUN .,2855
XI _NOUN_,26464
XII :,2118
XM_NOUN ,,1617
XYZ_NOUN _NOUN_,12209
X_NOUN ≤_NOUN,1730
Xinjiang_NOUN .,2059
X. Huang_NOUN,1572
Xun_NOUN _VERB_,13094
XXXVI .,3801
X_NOUN 3w_NUM,1625
Xiaoyue_NOUN 's,1308
XVIII_NOUN _ADP_,1448
Xue _ADV_,7379
Xiaobao _PRT_,1131
Xi_NOUN felt_VERB,1335
X_NOUN syndrome_NOUN,3396
X.M._NOUN _._,1034
Xavier and_CONJ,2079
Xenia _VERB_,1608
Xuan did_VERB,3072
XV_NOUN Table,3908
Xiao _X_,1183
XM_NOUN _NOUN_,1242
Xuan_NOUN Sect_NOUN,1971
Xinyue_NOUN _._,1899
Xuan_NOUN is_VERB,1281
XM ,_.,1621
Xiongnu_NOUN _NOUN_,1551
Xue_NOUN Lian_NOUN,1797
Xuanwu_NOUN _NOUN_,1227
XXXIV ._.,4229
X_NOUN _END_,3238
Xenophon_NOUN ,,4919
XE_NOUN _._,1009
X_NOUN &_CONJ,1272
XXIX Table,1360
Xin '_PRT,3333
Xuan _PRT_,23171
Xiao Rou_NOUN,4579
XVIII_NOUN :,1239
Xi_NOUN would_VERB,1386
XII and_CONJ,1512
Xue_NOUN Bao_NOUN,1569
Xing _CONJ_,10092
Xiao _VERB_,100055
XVII_NOUN ._.,15951
Xi 's_PRT,21230
Xing_NOUN ',3028
Xiao_NOUN Yin,1898
Xing could_VERB,4094
Xiaoxiao had_VERB,2686
XXX_NOUN Table_NOUN,1256
Xiu_NOUN said,2085
XII_NOUN of_ADP,1835
Xiulan _VERB_,1237
Xiaoqi _VERB_,4532
XRF_NOUN _._,1660
Xie_NOUN et_NOUN,4614
Xiang_NOUN ,,15855
XI_NOUN of_ADP,1956
XVII_NOUN ,_.,5612
X._VERB _DET_,2861
X. Xu,1670
Xiyan_NOUN _ADV_,1548
Xiang_NOUN _NOUN_,73901
X1973 THE,2642
Xiaohe_NOUN _._,1207
Xiaoqing ,_.,1173
Xiao_NOUN Cui,2254
XZ_NOUN -_.,1157
XIII ._.,26142
XIV_NOUN -_.,1197
Xing_NOUN Feng,3432
Xi_NOUN could_VERB,1813
X2 Bible,2039
Xu is,1543
Xiong and_CONJ,1985
XV_NOUN _NOUN_,17752
XXX ,,2462
Xiao_NOUN Yin_NOUN,1898
XXVI_NOUN Table_NOUN,1759
Xu ',1191
X_NOUN et_NOUN,2707
Xi had,5354
XXIV ._.,9262
Xue_NOUN Qi,2554
Xena_NOUN _._,2325
Xiao_NOUN Dong_NOUN,1358
Xue Min_NOUN,1245
Xiaoyu _CONJ_,1324
X_ADJ --,1479
XII Table_NOUN,4856
Xin took_VERB,1130
Xin_NOUN and,8166
Xiao Lin_NOUN,3131
X ),111760
XLI .,2871
Xiao immediately_ADV,1076
XLII_NOUN ._.,3064
XIV _NOUN_,18732
Xuan_NOUN Ye_NOUN,12407
Xing immediately,1439
X_NOUN 14_NUM,2676
Xuan and_CONJ,7355
Xin _NOUN_,54942
XXVIII_NOUN ,_.,1726
Xian_NOUN 's_PRT,5115
Xiao_NOUN Ran_VERB,1791
Xu _ADP_,2522
X1973 A,1252
Xiao_NOUN Lin,3131
XI ),3230
X1973_NUM _DET_,1754
Xu Qing_NOUN,3834
Xing looked,2040
Xu_NOUN J,2690
Xue_NOUN Yao_NOUN,1979
X._NOUN :_.,12268
X_NOUN receptor_NOUN,1884
Xiaoyu ,_.,2949
Xin_NOUN would,1743
Xu_NOUN Fu_NOUN,1356
Xu_NOUN Family,4707
XII_NOUN _NOUN_,23168
Xiao ?_.,1516
X._NOUN ;,4546
X_NOUN →_NOUN,10934
XXI ,_.,4320
Xiao_NOUN Hei,4954
Xavier _ADP_,2085
Xi Ling_NOUN,2224
Xiamen_NOUN _._,2438
X1_NOUN ,_.,3503
X1981 _DET_,1388
Xun 's,3616
Xi_NOUN ._.,8786
Xing ,,20962
Xu_NOUN Lu,1889
Xue_NOUN is,1091
Xiaoxiao_NOUN had_VERB,2686
X_NOUN '_.,8765
XLV_NOUN ._.,2180
Xin looked,3927
Xia Family,3108
XVI :,1921
Xinghe_NOUN 's_PRT,2539
XXXI_NOUN ,_.,1368
XII_NOUN --_.,1202
Xuan_NOUN had,5174
Xiaohe _PRT_,1405
XI Table,5179
X_NOUN +_NOUN,6047
Xiaolin_NOUN _VERB_,1619
Xuan Yuan_NOUN,1563
Xue'er 's_PRT,1497
XVI CHAPTER,1675
X_NOUN may_VERB,1184
Xiong _CONJ_,2078
Xiang_NOUN '_PRT,1637
XI THE,1828
XII ),3134
X_NOUN !,1467
Xi in,1139
Xiao_NOUN Yang_NOUN,3202
Xinjiang _NOUN_,6659
Xi_NOUN and,7152
Xue looked,1717
X._NOUN _NOUN_,158540
X |_NOUN,1018
Xiaoxiao 's,8866
Xin ._.,9849
Xiaobai_NOUN was,1531
Xiang_NOUN did_VERB,2119
Xing_NOUN had,5893
Xu said_VERB,1869
XYZ_NOUN Company_NOUN,2582
X ^,1209
X1 _._,8904
XIV_NOUN _._,56955
Xander ,,3027
Xian_NOUN `_.,2261
Xin'er ,,1366
X_NOUN t_NOUN,11629
Xin _VERB_,87361
Xi )_.,1328
Xiang_NOUN Tao_NOUN,7391
X. Liu,4543
X ∂,1109
Xiaojia_NOUN _VERB_,2240
XLII_NOUN _._,4490
Xu_NOUN Guoqing,1216
XV_NOUN :,1258
X_NOUN for_ADP,3877
Xie 's,5207
Xi_NOUN .,8786
XLVII _._,3603
Xue_NOUN Li_NOUN,2957
Xiaotian_NOUN _PRT_,5325
Xian `_.,2314
X ij,1754
Xiu did_VERB,1769
XLII _._,4904
Xu Qian,2140
X._NOUN Ma,1181
Xianbei _NOUN_,1981
XXIX _._,9756
X 3d_NUM,3820
Xiao_NOUN Qing_NOUN,3415
Xiaofeng_NOUN was_VERB,1063
Xiao_NOUN had_VERB,8287
Xt_NOUN _._,2273
Xander_NOUN _._,7926
Xiao Cui_NOUN,2254
X_NOUN at_ADP,2718
Xian _ADV_,2887
Xuan_NOUN is,1281
XII_NOUN Table,4856
X ≤,2174
X_NOUN ,,239069
Xiong_NOUN ._.,1174
Xi Wu,5049
Xiu could_VERB,1087
Xiruo_NOUN _PRT_,2376
XVII_NOUN _NOUN_,13942
XL_NOUN ,,4090
Xiaodao_NOUN _VERB_,2681
Xudong_NOUN _VERB_,1098
Xiong _ADV_,1260
Xing_NOUN felt,3515
Xiao_NOUN ._.,11480
Xinhua _._,3489
XVI_NOUN ._.,23187
Xun_NOUN ,_.,4295
Xiao Ran_VERB,1791
Xander ,_.,3027
Xen .,1278
X1975 A,1321
Xin ,_.,23376
Xue could_VERB,1235
Xi_NOUN also_ADV,1054
Xiang said,3262
X_NOUN 7,8669
Xiao Zhang,1094
Xiu _NOUN_,15202
Xiaoran_NOUN _PRT_,1135
Xi _._,40409
XLV_NOUN _._,3555
Xiao Han,4189
Xiu to,1059
Xia Xue_NOUN,2687
Xue_NOUN Yao,1979
Xiaoyu_NOUN was_VERB,2240
X 3_ADJ,1146
Xu Lu_NOUN,1889
X_NOUN ",12536
XLVII_NOUN _NOUN_,1110
XLIV _._,3836
XML ,,2132
X1974 _ADJ_,1249
Xun ,,4299
X_NOUN [_X,1804
XXX_NOUN ._.,6381
X _ADJ_,17944
XIV of,1620
X →_NOUN,10934
Xiao_NOUN _CONJ_,11628
XIII_NOUN -_.,1911
XIII _CONJ_,1396
Xiao_NOUN who,1014
Xiao_NOUN nodded,1989
Xiao 's,27749
Xiaoyun_NOUN _VERB_,2226
X_NOUN /,6118
Xing_NOUN et_NOUN,1281
X and_CONJ,59188
Xue et_NOUN,2280
X_NOUN 14d_NUM,3195
Xavier_NOUN .,5146
Xiu ,,8781
Xiaoxue 's_PRT,1237
XIII_NOUN ._.,26080
X_NOUN CHAPTER_NOUN,2410
Xian _VERB_,18554
XIXe _X_,1765
Xin Wei,2280
Xue_NOUN was_VERB,6442
X. Then_NOUN,1672
Xander ._.,3699
Xiao Jie_NOUN,2356
Xun_NOUN was_VERB,1888
XB_NOUN _._,1861
Xuanji_NOUN _VERB_,1053
Xiao_NOUN Yao_NOUN,63556
Xu Lan,1857
Xj _._,1045
Xu Zhiyuan,1623
Xin_NOUN Wei,2280
Xue ,,20737
X },2633
XXVII Table_NOUN,1624
Xiang Ying_NOUN,1653
Xin Yi,1871
Xiyan ,,1299
Xue_NOUN Yu,1401
X_NOUN i_NOUN,4522
Xi_NOUN _VERB_,72838
X 8_NUM,1901
XML_NOUN -_.,1696
Xê -,1004
Xiaochun _._,1165
X1975 THE_NOUN,1922
Xiang would,1064
Xiao_NOUN Fang,2098
XVI -_.,1934
X_NOUN at,2722
Xixi_NOUN _PRT_,1013
Xu Yi_NOUN,2377
Xiao_NOUN Jin,9455
Xiang_NOUN _ADV_,6785
Xin_NOUN took_VERB,1130
X_NOUN u_NOUN,1149
X_NOUN represents,1083
XII Table,4856
Xiaofeng was,1063
Xiaotian_NOUN _VERB_,16270
Xiyan_NOUN was,1322
Xianxian 's_PRT,2186
XXII (_.,1022
X.L._NOUN ,,1208
Xiang ',1669
Xiaoyu and_CONJ,1312
XLIV_NOUN _NOUN_,1126
X <,1941
Xinghe_NOUN was_VERB,1226
Xue to,1679
XXV_NOUN ,_.,2068
X_NOUN a_DET,3676
Xiao is_VERB,2128
X2_NOUN _._,4531
Xinling _VERB_,1535
XXVI .,7242
XIV -_.,1677
Xu_NOUN Lu_NOUN,1889
Xiaodong_NOUN _VERB_,3118
Xiao Die,1455
Xiao_NOUN Yun_NOUN,6459
Xin_NOUN looked,3927
Xin Er,2266
XI_NOUN CHAPTER,2306
Xuan laughed_VERB,1027
Xing Chen,9979
Xie Min,2221
Xiaomi _PRT_,1004
XVIIIth _NOUN_,1025
Xiaotian _CONJ_,1100
XH ,,1868
Xin_NOUN Xin_NOUN,2816
Xiaotian_NOUN had_VERB,1228
Xi asked,1552
XML_NOUN _VERB_,2540
XLIV_NOUN .,2388
Xiaofeng_NOUN _._,1809
X._VERB The_DET,1902
Xinyue_NOUN ,,1029
Xiao nodded_VERB,1989
Xiao_NOUN Zi_NOUN,1863
Xenia_NOUN _NOUN_,1110
Xue Za,3965
XX CHAPTER_NOUN,1282
Xiao_NOUN Xu_NOUN,1938
XXIV ,_.,2604
X '_.,8765
Xiao Ge,1021
X on_ADP,4283
Xiyan_NOUN ,_.,1299
Xi'an_NOUN _NOUN_,4420
Xiaofan _._,1602
Xuan_NOUN _NOUN_,60805
Xiaotian _PRT_,5325
X_NOUN :,13345
XH ,_.,1868
Xia Yan,1285
Xin and,8167
Xiong_NOUN and_CONJ,1985
Xiao_NOUN Wu,8267
XII_NOUN ,,14188
XIII ,_.,11705
XSS _._,1399
X1 _NOUN_,2777
XP ,_.,2043
XXXV ._.,4008
Xing said_VERB,11102