xvi_NOUN ;_.,1104
xenograft models_NOUN,1260
x by,2916
x_NOUN m_NOUN,8316
xxii .,6893
x1 _X_,2866
xml version,1438
xiv _X_,1039
x Fig,1411
x_NOUN 11_NUM,2978
x α_NOUN,1148
x_NOUN α,3172
xxviii_ADV .,1023
x (,143322
x →_NOUN,5278
x >_NOUN,3610
x ⋆_NUM,1736
x_NOUN 25_NUM,1384
x_NOUN or_CONJ,3241
xliv _._,2667
x 8,4941
xk_NOUN ),1943
x_NOUN B_NOUN,4381
x _NUM_,779901
x_ADJ k_NOUN,1998
x 106,1765
x m,9740
x_X _NOUN_,9440
xv_NOUN ;_.,1050
x_NOUN r,5993
xvii_NOUN ,,12862
x_NOUN 23,1069
xylem_NOUN and,1487
xix_ADJ -,1017
x_NOUN +2_NUM,1038
x ˙,3465
x 400g_NUM,1260
x ↦_NUM,2666
xf6_NUM _NUM_,1392
xd5 _NUM_,1846
x2_NUM ,,6910
xin_X Ngài_X,1162
xvi_ADV ._.,3073
x_NOUN by,2872
xy -_.,2839
x_NOUN in_ADP,14963
xj _X_,1184
x_NOUN v,3417
xs _._,3386
x_NOUN p_NOUN,7492
x2_ADJ --_.,3653
x_NOUN e,7781
xiii ;,1295
xanthine oxidase_NOUN,2937
x u_NOUN,3895
x3_NUM ,_.,1529
xix_X .,3106
x 14,1490
xenobiotics _._,2398
x2_X _._,3418
x1 and_CONJ,1634
x2_NUM _CONJ_,1113
xd4_NUM _NUM_,1607
xanthan_ADP gum,2480
xlii _._,3216
x_NOUN ⊕,1099
x ≡,1074
x 16_NUM,1637
x1_NUM and,1479
xi ),15655
x_NOUN 30,1951
xxxvii_NOUN ,_.,1530
x2_X )_.,3014
xian_X _X_,1281
xx_X _X_,3287
x p,8275
xwe _X_,1201
xxvii_ADV _._,1240
xiphoid _NOUN_,1316
x2_NOUN =_X,1427
x2 _CONJ_,1452
x The_DET,1872
xy_NOUN _X_,2109
x2 Bibel,2039
x_NOUN has_VERB,3052
x will_VERB,1616
x_NOUN ,,378335
x =_X,126526
xxxii ,_.,2420
x 6,6580
x_NOUN 20,2927
xyz _._,1631
x_NOUN f_NOUN,1535
xvii_NOUN ._.,8921
x_NOUN <_NOUN,5673
x2 Bibel_NOUN,2039
x 3_NUM,40900
x_NOUN =_.,2911
x1 (_.,1290
xxi_ADV ._.,1992
x 20,2969
xenograft _NOUN_,4610
xxii ,,7635
xix_NOUN _NOUN_,1823
xli_NOUN ._.,1292
x_X ,,3657
x ^_NOUN,1799
xxxv ,,1856
x_NOUN ),104468
x ~_.,6226
x_NOUN 5,10360
xi_X ),1775
xvii_X ),1166
xxiii_X _._,7030
xf6 _NUM_,1392
xxi_NOUN )_.,2040
x0_NUM _._,7110
x_NOUN 42_NUM,1148
x_NOUN 32_NUM,1266
x 2_NUM,115053
xvi_ADJ ,,1586
xxviii ,,3558
x 105,1127
xv_ADJ --_.,1093
xviii )_.,3569
xvi_NOUN _NOUN_,2742
xx_X )_.,2322
x D_NOUN,2707
xanthine _NOUN_,4181
xi_ADV _._,5833
x1_NUM _CONJ_,1610
xviii -,1427
xliii _._,2975
xét_X đoán,1411
x k_NOUN,31969
xx_CONJ _NOUN_,1013
x_NOUN ×,1910
x_NOUN ij_NOUN,3646
x j_NOUN,38325
x_NOUN 23_NUM,1069
xxxix ._.,1651
xiv_X ,_.,11483
xvi_NOUN )_.,3585
xenobiotics_NOUN _ADP_,1064
x_ADJ x,1824
x_NOUN h_NOUN,2491
x3 Parallel,2039
x_NOUN 400g,1260
x ∞_NUM,1188
x2 and,1012
x_NOUN ≤_NUM,4693
xiv_ADJ -,1134
x2 --_.,3724
xxvii_ADV ._.,1221
x2_NOUN =,1428
xv --_.,1536
xxxviii ,,1357
x_ADJ t,1122
xxx_NOUN _._,2034
x_NOUN _PRON_,81912
x_NOUN at,2755
x_NOUN 24_NUM,1438
xenophobic _._,2159
x t_PRT,5493
xylophone _._,1258
xð_VERB _NOUN_,2930
x_NOUN values,1470
xviii_NOUN ),2555
xxx _NUM_,1355
xxi .,7320
x_NOUN N,7147
xd4 _NUM_,1607
x_ADJ x_NOUN,1822
x <_NUM,5271
xx_X ),2322
x86 _._,1180
xlv ._.,1314
x 2-0_NUM,1214
x ⊕,1107
x_NOUN s,6089
x_NOUN F_NOUN,1517
x1_X ),2500
x a_DET,8886
xxxi_NOUN _._,6222
x1 _._,20265
x_X Contents_NOUN,1665
xi .,19322
xylanase _NOUN_,1082
x_NOUN k_NOUN,29638
x_NOUN *_X,6284
xxxiii ,_.,2343
x0_NUM _X_,1380
xT_NOUN _NOUN_,1455
xxx )_.,1124
x0 =_X,1373
xxxvi ._.,1876
xi xii_X,1574
x_NOUN a_DET,8687
xa _._,1493
xenophobic_ADJ ,_.,1420
xi_X xii_X,1574
xliii ._.,1198
x o_ADP,2846
x A,5188
x_NOUN 5_NUM,10360
xxiii_X .,1986
x |,29871
xerostomia _._,1739
x \,1489
xxiv_NOUN .,4046
xii_X Contents,1759
xenophobia_NOUN ._.,2051
xxxviii_NOUN ,,1141
x_NOUN where,1210
x_ADJ +_ADJ,1169
xenograft_NOUN models,1226
xn ,_.,1346
x_NOUN with_ADP,4075
xl ._.,1869
x_NOUN H,1948
x_NOUN it_PRON,1377
xxxiii_NUM ._.,1272
x 11_NUM,3080
x_NOUN 1,128582
xxii -,1021
x l,6366
x_NOUN ^,5563
xxviii_ADV _._,1026
xl_NOUN _._,4160
x f_NUM,5560
xii_X )_.,2193
x :_.,15801
xi_X .,1144
x_NOUN 10-4,1215
x Á_NOUN,1224
xo _._,1137
x S,2595
xi_NOUN ,_.,21034
xxxii_NOUN ,,2064
x i_NOUN,23133
x2 _._,28455
xy_ADJ plane,1144
x min,1440
xxi_NOUN _NOUN_,1060
xx _NOUN_,10882
x2 _PRON_,1167
x_NOUN |_NUM,2458
xix ._.,8847
xxxiv_X .,1035
x_NOUN h,2491
x if_ADP,1441
x_NOUN 16_NUM,1608
xxix _._,8825
x3 ,,1649
xi_NOUN --,2198
x F_NOUN,1549
x it,1445
x_NOUN ^_NOUN,1799
xenobiotics _ADP_,1064
x 22_NUM,1342
xxiv ._.,6447
xxvi ,_.,4569
xe5 _NUM_,1602
x_X is_VERB,1089
x_NOUN -1_NUM,1349
xxxiii ,,2346
xv_NOUN ;,1050
x3_ADJ _._,1636
x_NOUN 21_NUM,1678
x2_NUM =,1933
xvi_NOUN .,7228
xj_NOUN ),1077
xix_ADJ _._,1689
x2 ._.,1799
x ·,4250
x_NOUN 9,3160
x_NOUN 10-3_NUM,1337
xv_NOUN ,,15033
xxii ),2269
xli _._,3436
xx _VERB_,1964
xy_NOUN )_.,3228
x →_NUM,5812
xx ._.,8614
x_NOUN or,3241
x ∂,10982
xanthine_NOUN _NOUN_,4092
x h,2686
xy _X_,3599
xxii ._.,6892
xvii_NOUN ,_.,12862
x N_CONJ,2220
x_NOUN x_NOUN,38545
x ;,16610
xenon_NOUN _._,1252
xxxviii ,_.,1355
x_NOUN T,5312
x_NOUN _VERB_,125133
xml_NOUN version_NOUN,1436
xylose_NOUN ,,1326
x |_NUM,2458
xT_NOUN (_.,1491
xxxiii .,2635
xylem and_CONJ,1487
x_NOUN ._.,64468
x1_NUM _X_,1878
x1 _NUM_,4650
xlix _._,2096
x s_NOUN,2464
xxxix _._,3900
x_NOUN n_NOUN,16497
x +2,1038
x_ADJ t_NOUN,1122
x_NOUN <,14032
xxxviii_NOUN _._,2646
x ∫_NUM,1430
x -_.,138313
xv ),6250
x_NOUN →,11057
xix_NOUN ,,11024
x_NOUN u,3691
xxvi_NOUN )_.,1198
x 30,1981
xii --_.,1315
xlabel_NOUN _._,1896
xT (,1516
xy ,_.,1838
x_NOUN )_.,104468
xxvii .,4370
x_NOUN i_NOUN,21055
x_NOUN emissions,1123
x _VERB_,128762
xlab_NOUN =,1464
xð_VERB Þ_NOUN,2495
xli ._.,1370
xiv )_.,6524
xiii_VERB _VERB_,1123
x √,1006
xv_X _NOUN_,1302
x as,3962
xvi_NUM _NOUN_,1109
x with_ADP,4109
xxxvi .,1876
x 3-0,3204
xiv ._.,12446
xi ._.,19320
x_NOUN _X_,155597
x be,3364
x_NOUN is_VERB,50395
x0_NUM _NUM_,3347
x_ADJ j,3302
x $,1838
x v_NOUN,3606
x_NOUN hours_NOUN,1833
xx +,1125
x _ADP_,85784
x_NOUN V_NOUN,1053
x /_NOUN,14407
x_NOUN ←,1201
x_NOUN axis,7093
x g,2838
xiv_NOUN ,,5213
x r_NOUN,3978
x z_NOUN,1966
xviii_X _._,2281
x2_NUM _._,14845
x_X ],12600
x 42_NUM,1154
x ×_NUM,1516
x2 _VERB_,2261
xiv_CONJ _NOUN_,1137
x_NOUN values_NOUN,1428
xt _NOUN_,1564
x _DET_,26238
xiv_VERB _NOUN_,1317
xii Contents,2161
x_NOUN '_PRT,1665
xxv .,4769
x if,1441
xin_X _X_,1306
x t_PRON,1311
x 3,41078
x_NOUN C_NOUN,3053
x which,1202
x0 ,,4354
x_NOUN ~,7873
x_NOUN ≥,4359
xli_NOUN _._,3282
x_NOUN I,2257
xxxviii ._.,1814
x_NOUN such,2530
xi_NOUN )_.,12916
x 15,2001
x ?_.,2461
x_NOUN 's,2750
x_NOUN c,5404
x '_.,15085
xxii ,_.,7614
xxv_NOUN ._.,2731
xenon_NOUN _NOUN_,2495
x_X _X_,26641
xii ),8995
x86_NUM _NOUN_,1186
xv ._.,12543
x /_NUM,1832
xix_NOUN _._,18953
xiii xiv,1527
x_NOUN ij,6457
xii_NOUN _._,45751
x_NOUN dx_NOUN,1495
xenophobic ,_.,1420
x3 )_.,2059
xviii_NOUN -,1154
x_NOUN w_ADP,1297
x ),573248
x ∈_NUM,60540
x_X _DET_,1146
x_NOUN +_.,28060
xn -,1410
x ≤,10076
x H_NOUN,1998
xxxii ,,2425
x2_ADJ _ADJ_,1143
xin Ngài,1577
xð_ADP Þ,4548
xxxvi_NUM .,1386
xy plane,1285
x À_NOUN,4401
xu _._,1415
xv_ADJ _._,2939
xứ_X Ga,3851
xviii ,_.,11914
x_NOUN w,1541
x_NOUN S_NOUN,1915
xf3 _NUM_,1059
xxiii _._,17216
x coordinate_VERB,1094
xii Contents_NOUN,2161
x3_X )_.,1000
x 4-0_NUM,1370
x ×,1950
xk )_.,2073
xi _ADP_,2093
x2 -_.,2324
x_NOUN *_NOUN,22985
x_X 2_NUM,1543
x V_NOUN,1069
xiii_NOUN _END_,1084
xxxii_NOUN _._,4276
x *_NOUN,22985
xv ;,1189
x R,2453
xxx_X ,_.,2211
xxx ._.,3768
x .,72646
x α_NUM,1062
xix_X )_.,2252
xenophobic _CONJ_,1202
x_NOUN o_ADP,2827
x_NOUN A_DET,1127
xxxvi_NOUN ,_.,1407
x_NOUN ',16611
xi_ADJ _._,3248
xi _END_,2140
xxiv_NOUN ._.,4046
xx_NOUN _._,21224
xvii _X_,1744
x_NOUN ~_.,6183
x_NOUN 32,1267
xv_NOUN ._.,7299
x_X ),468765
x0_X ),2452
x C_NOUN,3152
x_NOUN k_ADP,1113
x n_ADP,10370
x1_NUM +,1362
x_X i,1463
xii_NOUN ._.,15387
x weeks_NOUN,1511
xxxv_NUM ,_.,1415
xxviii )_.,1011
x þ,2231
xii_X _X_,1327
x4_NUM _NUM_,2186
x such_DET,1251
xy_NOUN -,2512
xvii_NOUN -,1913
xenograft_NOUN model,1125
x1 and,1634
x2_ADJ _._,8311
x_NOUN hours,1833
x s_VERB,3604
x1_NUM =_X,1329
xxxi ,,2686
xylose_NOUN ,_.,1326
xylitol _._,1149
xxxiv_NUM ,_.,1813
x_NOUN +_NOUN,28972
x_NOUN of,6452
xð _NOUN_,12947
x2_NUM .,1243
xv _NUM_,1808
x i_NUM,10298
x_NOUN O_NOUN,2541
xxviii ),1012
xenophobic and,1033
xxix ,,3258
x_NOUN 4,19542
x S_NOUN,1952
x_NOUN y_NOUN,8296
x ^,5780
x 105_NUM,1126
xxiii_NOUN )_.,1391
x_NOUN 7,4409
xl ,,1551
xvii ;_.,1009
xlvii_NOUN _._,1242
x_NOUN number_NOUN,2200
xvi ;,1118
x o,2990
xenophobia _ADP_,2071
x b,3935
xviii ,,11967
x0 ),4565
xe4 _NUM_,1681
xylene _._,3619
x_NOUN from,3302
x {,1312
xvi _NUM_,1117
xiphoid process,1152
xvi_ADV .,3073
x_X _ADJ_,1654
x emissions,1237
xxix_X _._,1053
xenophobia _._,7777
xenophobia_NOUN and,2888
xi (_.,2780
x_NOUN ·,4192
x_NOUN ×_NUM,1485
x_NOUN in,15009
xy_X _X_,1151
x2 _X_,7014
x_NOUN e_NOUN,7778
x at_ADP,2765
xxxvi ,,1691
xy_NOUN ),3228
x_NOUN with,4075
xxi _NOUN_,4083
x2 --,3724
x it_PRON,1445
x hours_NOUN,1850
xiii _NOUN_,10097
x3_NUM _._,3558
xanthan_ADJ gum_NOUN,1124
x_NOUN dx,2190
x3 _NOUN_,1360
x2_NUM 1,2706
xi_X -_.,1338
xT_NOUN _._,1730
x_NOUN P_NOUN,3111
xm_NOUN _._,1636
x_NOUN f_NUM,5473
xv_ADJ -,1846
xxx_NOUN _NOUN_,1367
xvi_X _._,2287
xv -,3092
x A_DET,1243
x3_X ),1000
xi (,2780
x to_PRT,8193
x2_NOUN _X_,1461
xxxii_NOUN .,1248
xiv _NOUN_,8993
x_NOUN max,1362
x_NOUN i_NUM,10239
xenophobia_NOUN ,_.,4429
x be_VERB,3361
x2 i_PRON,1005
x are,4286
x_NOUN and_CONJ,61698
xz _._,2231
x1_NUM (_.,1170
xl_NOUN ._.,1765
xiii_NOUN --,1618
x2 _NOUN_,8368
x1 (,1290
xxxv _._,5347
xxiii ,,6533
x_NOUN l_NOUN,5890
x_NOUN 20_NUM,2927
x1 +,1683
x2 _ADP_,1515
xxvi ._.,4442
xvii _NOUN_,6501
x_NOUN ?,2370
x_NOUN are_VERB,4268
x 6_NUM,6580
x1_ADJ _._,2490
xenobiotics_NOUN _._,2358
xxvii _._,11941
xlab_NOUN _X_,1463
xiii _NUM_,2127
xxxix ,,1211
x_NOUN g_NOUN,2642
xerostomia_NOUN _._,1715
xxiii_NOUN _._,7489
x 20_NUM,2962
x from,3312
x ~,8006
xv ;_.,1189
xy_NOUN _VERB_,1136
xn _NUM_,1679
xenophobia_NOUN _._,7585
xxiv )_.,1724
x H,1998
xix ,_.,11430
xx )_.,3850
xi_VERB _NUM_,2290
x_NOUN for_ADP,6051
x ^_.,2268
xn _._,8172
xxxi ),1122
xin_X Ngài,1577
xi_X _X_,7241
x_NOUN (,140926
x "_.,7701
xxxiii_NOUN _._,4119
x d_NOUN,1180
xenografts _._,1644
x_NOUN /,16147
xiv ;,1141
xxiii_X ,_.,4348
xx .,8614
x_X _VERB_,3618
xi_ADJ ,_.,1792
x_X ,_.,3657
x_NOUN 9_NUM,3160
xiv_NOUN ._.,8050
xT_NOUN (,1491
xxvii_NOUN ,,3800
x on,2372
x +1_NUM,2551
xanthine_NOUN oxidase_NOUN,2869
xð Þ,10633
xenophobic_ADJ and,1033
xxvii_NOUN .,2813
x !_.,1997
x Þ,2732
xv _NOUN_,8141
xlix_NOUN _._,1361
xxxiii_NUM .,1272
x0 _NUM_,3392
x_NOUN L,2712
x r,6118
x_NOUN z_NOUN,1861
x3_NUM _NUM_,4374
x_NOUN 4_NUM,19542
xxiv _NOUN_,2521
x_NOUN >_.,2795
x K,1368
xiv_X ),5457
xenon _._,1689
x ?,2461
xx_X _._,6713
x_NOUN 21,1678
x ._.,72643
xlii ,,1145
xix_X _._,6127
xvii ,,13420
xxvi_NOUN .,3973
xlab _X_,1472
xxi_NOUN ,_.,7664
x |_.,26173
xxi ._.,7320
xiv_X _._,22251
xxxvii ._.,1981
x_NOUN ∫_NUM,1420
xi and_CONJ,1257
x_NOUN _NUM_,770349
x K_NOUN,1368
xð_VERB Þ,2539
xanthan_ADJ _NOUN_,1442
x0 _X_,2220
xxii_NOUN .,6466
x2 -,2324
xe _._,1219
x2 ∂,1428
x_NOUN i,104209
x σ_NOUN,1147
x μ,1183
x_X =_X,3864
x +2_NUM,1038
x2_NUM =_X,1829
x_NOUN ≤_NOUN,5038
xvii ;,1009
x_NOUN 6_NUM,6462
xliv ._.,1161
xxi ,_.,8867
xx_NOUN _NOUN_,5675
xvii_NOUN _._,29353
xxiii _NOUN_,3178
xylose_NOUN _._,2157
x_X (_.,1961
x @_.,1215
x by_ADP,2886
xxi -,1348
xviii_NOUN .,8078
xiv .,12446
x0 )_.,4565
x_ADJ _ADJ_,7592
x --_.,77367
x N,7210
x ≤_NUM,4734
x_X i_PRON,1222
xi ,,24105
xvi ;_.,1118
x_NOUN 60,1014
xli ,_.,1048
x are_VERB,4286
xi_X _._,6873
x ε,1306
x_NOUN j_NOUN,34513
x 106_NUM,1765
x_NOUN at_ADP,2755
x q_NOUN,1621
x →,11917
x_NOUN *,29269
xii ;,1376
xiii -,3990
xanthan gum,4429
x_NOUN +,69183
xvii_NOUN )_.,3147
x Contents_NOUN,2551
x Þ_NOUN,2698
xyz_NOUN _._,1438
xxix ,_.,3242
x 40_NUM,1303
x2_NUM +,8510
x ð,1767
x_NOUN }_.,7326
x_NOUN β,1319
xi =,1125
xxi -_.,1344
x2 ,,7647
x direction,4689
xvi_ADJ -_.,1036
x 16,1639
x_NOUN ]_X,7227
x such_ADJ,1345
xxiv_NOUN ,,1702
xii_NOUN --_.,1259
x_NOUN min,1373
xylose ,_.,1352
x b_NOUN,3908
x +1,2551
xlab_NOUN =_X,1463
xi_X xii,1574
xxxi_NOUN ._.,2038
x3 ),2059
x_NOUN d,4923
xi _NOUN_,14775
x that_DET,2638
xiii_NOUN _NOUN_,1805
xvii_NOUN ),3147
xix_X ),2252
x_NOUN represents_VERB,1176
xứ Giu_NOUN,2239
x the,4157
xlviii_NOUN _._,1728
xt_NOUN _._,2780
x ¯,9463
xiv_NOUN _NOUN_,1479
xxxvi ,_.,1686
x =_.,2942
x0_NUM )_.,1177
xi_NOUN ._.,12188
xv_ADJ -_.,1846
x2 1_NUM,2677
xv --,1536
x2_NUM _NUM_,23309
x_NOUN T_NOUN,5280
xứ_X Ga_X,3851
x represents_VERB,1230
xiv --_.,1254
x 18,1201
xiii_X _NOUN_,2520
xliv_NUM _._,1076
x 14_NUM,1488
xxvi _NOUN_,2016
xi_NOUN _NOUN_,4225
x ',16898
x_NOUN _ADV_,9655
x_NOUN 2_NUM,113510
xxix_NOUN ,_.,3190
xenophobia and,2891
xxvii _NOUN_,1916
x_NOUN ;,15660
xð_NOUN Þ_NOUN,2440
x0 =,1517
x3 +_NUM,1828
xxx_X _._,5074
x2_ADJ )_.,1319
x_NOUN is,50395
x_NOUN →_NOUN,5260
x 10,10877
xy )_.,3286
xlix .,1079
x_NOUN m,9093
x of_ADP,6452
xy_NOUN -_.,2512
xylene ,,1534
xk _._,6384
xl _._,4972
x I_PRON,1982
x of,6452
x_NOUN the,4069
xiii ;_.,1295
xxix )_.,1098
x_NOUN 6,6462
x 21,1732
x2_ADJ -,2287
xp _._,1625
xxiv .,6447
x_NOUN M_NOUN,2543
x_NOUN 40_NUM,1285
xxxviii_NOUN ,_.,1141
xiv Contents,1594
x and_CONJ,62107
xxxi .,3007
xiii_X _X_,3013
xxii_NOUN ,,7356
xviii_VERB _NOUN_,1445
x3_X _._,1035
xylene_NOUN ,_.,1529
xxxiii_NOUN ,,1961
xenophobia_NOUN _CONJ_,3050
x_NOUN 7_NUM,4409
x3_NUM ,,1529
x_NOUN A,4955
x_NOUN i_PRON,72618
x_NOUN p,7677
xl_NOUN .,1765
xlabel (,1903
xxii _._,19456
x1 )_.,3607
x2_NOUN _VERB_,1315
x max,1484
x 10-3_NUM,1342
x_NOUN !_.,1856
xix )_.,3336
xiii ),8068
x i1_NUM,1176
xxiii_NOUN ._.,3201
xi_X _NOUN_,2211
x_X =,3868
xxxiv ,_.,2222
xi -,7272
xiv ,,17164
x_NOUN _PRT_,19971
xi )_.,15648
x that,3228
x emissions_NOUN,1237
xx_NOUN ,,10627
xv xvi,1066
x_NOUN x,38554
xiii ,_.,19108
x0 ,_.,4354
xv_NOUN _NOUN_,2265
x i_PRON,73840
xvi ),4813
x_NOUN 50,1754
x 10-3,1346
xviii_NOUN ._.,8078
xlab =_X,1472
xx_NOUN )_.,1497
x_NOUN _CONJ_,87171
xix -,1663
xn_NOUN ,_.,1100
xvii _._,32729
x1_NUM ,_.,11140
xiv ,_.,17075
x2 Bible_NOUN,2039
xvi Contents_NOUN,1099
xue _X_,1047
x_NOUN as,3924
xxiv_X ._.,2222
x_NOUN z,1862
x L_NOUN,2919
xf _._,1029
x >,12683
x 100_NUM,3552
x ∂_NOUN,1309
xn )_.,3083
xxxix_X _._,1210
x_NOUN M,2558
x0 _._,12123
xxxvii_NUM _._,1141
x_NOUN and,61698
x a,9101
xviii_NOUN -_.,1154
xy_NOUN =,1867
x_NOUN K,1358
x_ADJ i_NOUN,1981
x_NOUN 106,1764
x_X (,1961
x values,1540
xviii_NOUN _NOUN_,1309
x_NOUN q,2380
xxxii .,2799
x A_NOUN,3880
x_NOUN which,1197
xxv ,_.,5072
x P,3179
x ",7702
xxxii_NOUN ,_.,2064
xð Þ_NOUN,9990
xn ,,1346
xv_NOUN _NUM_,1048
x which_DET,1202
xi_ADV ._.,5735
xxiii_NOUN ,_.,1294
xi_NOUN _ADP_,1393
x_NOUN ∧_NUM,1918
x B,4531
xii_X _._,4258
xx_NOUN (_.,1626
xxii -_.,1013
x 0_NUM,59802
x_NOUN ij_ADP,2367
x can_VERB,3203
x *_X,7150
x z,1969
xxiv_NOUN _._,6799
x 2,115580
xy plane_NOUN,1285
xxxv_NUM _._,2385
x 10-4_NUM,1215
x_NOUN from_ADP,3302
xxxiii _._,6667
x ←,1252
x C,3159
xz _NOUN_,1456
x represents,1230
x i1,1217
xxxvii_NOUN ,,1530
xiii --_.,1692
x_NOUN 13,2440
xenografts_NOUN _._,1557
x_NOUN >_NOUN,3610
x E_NOUN,3196
x 1,130699
x_NOUN 's_PRT,2654
xvii --_.,1301
xn -_.,1410
xxi ),2677
x 23_NUM,1115
x2_X _X_,2556
xxviii _NOUN_,1638
xvii -,2462
x or,3263
xiv Contents_NOUN,1594
xxxii_NUM _._,1699
x 400g,1260
xxvii ._.,4368
x_ADJ k,1998
xml_NOUN _NOUN_,1732
xxi_ADV .,1992
x the_DET,4140
xii _NOUN_,10573
x_NOUN @,1626
xxv _NOUN_,2354
xxxiv ,,2232
x 12,4858
xvi_NOUN ,_.,12722
x X,2184
xenophobia and_CONJ,2888
xiphoid_ADJ _NOUN_,1271
x c,5855
x (_.,143316
xenophobic and_CONJ,1033
x_NOUN 12_NUM,4722
xxi_ADJ _._,1254
xliv .,1162
x_NOUN -_.,133009
x_NOUN j,34513
x ij,7017
xx_NOUN .,5274
x <_NOUN,5673
xy_NOUN _._,10269
xxi_NOUN .,4807
xxx_X .,2337
xc3 _NUM_,1060
xylem _ADP_,1059
x_NOUN for,6051
x values_NOUN,1498
xc _._,1541
x_NOUN 15_NUM,1972
xiv_X Contents_NOUN,1296
x 24,1465
xy ,,1838
x i,107654
xxiii .,6215
x 21_NUM,1731
xlabel _._,1970
x_X [,6912
x_NOUN R_NOUN,1855
xi_NOUN --_.,2198
x_NOUN _END_,2635
xi_NOUN .,12188
x σ,1936
x }_.,7549
x +,71262
xx_NOUN ,_.,10627
x_NOUN X,2135
xvii_NOUN _NOUN_,1198
xenophobia_NOUN and_CONJ,2888
xenophobic_ADJ _._,2158
xylem and,1487
xxiii )_.,1950
xiii_X ),2275
x_NOUN Fig_NOUN,1373
x ∧_NUM,1965
xenograft model_NOUN,1130
x direction_NOUN,4689
xxvi_NOUN _._,10827
xxvii ,_.,4413
xenophobia_NOUN _VERB_,1929
xxxii ._.,2799
x1_NUM and_CONJ,1479
xxix_NOUN ,,3190
x 23,1115
xxvi )_.,1515
xy _NUM_,2218
xvi ,_.,14882
x_NOUN ],7227
x3_VERB Parallel,2039
xk_NOUN _._,5222
x_NOUN are,4268
xxiii -,1037
x_NOUN 10_NUM,10755
xvii .,9592
xxii_NOUN ),1732
xt _X_,1520
x ∧,2012
x_NOUN 11,2978
xk _X_,1896
x_NOUN →_NUM,5670
x_NOUN ∈_X,4023
x_NOUN f,7008
xlv .,1315
x2_NUM Bible,2039
x 1_NUM,130150
xứ Ga,4084
x3 Parallel_VERB,2039
xxx_X _X_,1688
xxvii_NOUN ._.,2813
xii --,1315
x_NOUN coordinate_VERB,1091
x_NOUN ∂,10964
x2_NUM (,2655
xii _NUM_,1194
x2 _NUM_,23920
x [_X,14672
xxv ._.,4769
xylitol_NOUN _._,1047
x_NOUN t_PRT,5412
xii_NOUN ,,18429
xxvii_NOUN ),1004
xxv ),1595
xxiv_X ,_.,4100
x3 ,_.,1649
xxxvii ,,1783
x1_NUM _NUM_,4602
x l_NOUN,6360
x ]_X,19827
x +_NUM,10723
xxx ,,3382
x T,5352
x _ADV_,10210
x h_NOUN,2686
x_ADJ -_.,4309
xvii_X _X_,1707
xxxvi_NOUN ,,1407
xk +1,1002
xx_VERB _._,1038
xiv_X .,4116
xii_X Contents_NOUN,1759
xi ;,1559
xvii_X )_.,1166
xiv_NOUN ),1046
xii ,,19279
xylem_NOUN _ADP_,1045
xiii_X xiv_X,1391
xvi Contents,1099
xviii .,8660
xenophobia ,_.,4429
x_NOUN $_.,1712
xml _._,1036
xy_NOUN ,_.,1538
xvi --,1054
x j,38325
xvi_ADJ -,1036
x *,30136
xi ,_.,24012
x_NOUN ∂_NOUN,1306
xxx_X ._.,2337
xvii_VERB _NOUN_,2483
x_NOUN be_VERB,3304
xx _._,30693
xxxx _NOUN_,1089
x_NOUN {_.,1276
x_NOUN can_VERB,3148
x_NOUN I_PRON,1773
xii ,_.,19204
x_NOUN ¯_NOUN,6074
xl_NOUN ,,1433
x_NOUN on_ADP,2355
x_NOUN $,1715
xxxv ,_.,1850
xian _X_,1345
xenobiotic_ADJ _NOUN_,3589
x ;_.,16610
xli .,1370
xiii .,14461
x2_ADJ --,3653
xvi_NOUN ,,12722
x_NOUN +_NUM,10722
xxvii_ADV .,1221
xenophobia .,2051
xiv ),6528
x ^_NUM,1408
x1 ),3607
x_NOUN axis_NOUN,7093
xix_NOUN ,_.,11024
x_NOUN O,2572
x_NOUN q_NOUN,1492
xylem_NOUN and_CONJ,1487
xiii ._.,14458
x_NOUN 14,1429
x2 =_X,3618
x =,130183
x _._,1534835
xx_NOUN ._.,5274
x_X Contents,1665
xxxix ,_.,1207
xx --_.,1310
x_NOUN À,4552
x_NOUN ≥_NUM,4260
xian _._,1218
x3 _X_,1392
xylose_NOUN _NOUN_,1420
x_NOUN can,3148
x_NOUN Á_NOUN,1147
x2_NUM Bibel_NOUN,2039
xxix_NOUN .,2913
xiv_X ,,11483
x_NOUN 24,1438
xliii .,1199
xenophobic_ADJ _CONJ_,1202
xxxvii _._,4947
x_NOUN ≡,1055
x_NOUN where_ADV,1210
xxxv ._.,2039
xxix_NOUN _._,7017
xenophobia ,,4464
xét_X đoán_X,1411
xxii_X _NOUN_,1151
xi_NOUN ;_.,1532
x [,14672
x 13,2499
xi _ADJ_,1125
xvi .,11201
x or_CONJ,3263
xylem _CONJ_,1627
x },7549
xxvii_NOUN )_.,1004
x_NOUN will,1613
x1 =,1987
x ≥_NUM,4348
x_NOUN Þ_NOUN,2592
x_NOUN ⋆,1835
xj_NOUN _._,2848
xức _X_,1166
x_NOUN such_ADJ,1305
xx ,_.,11103
xxxi _NOUN_,1069
xi _CONJ_,1422
x min_NOUN,1006
x2_ADJ -_.,2287
x_NOUN g,2642
x_NOUN 13_NUM,2440
xenograft_NOUN _NOUN_,4482
x where_ADV,1219
x 30_NUM,1978
xe5_NUM _NUM_,1602
xml version_NOUN,1438
xxxiv .,2465
xiv_NOUN _._,15853
xxviii_NOUN ._.,2757
x c_NOUN,5848
x_NOUN |,29751
xlii .,1275
x_NOUN .,64468
x86 _NOUN_,1291
xx_NOUN ),1497
xml_NOUN version,1436
x _NOUN_,621539
xiphoid process_NOUN,1150
x from_ADP,3311
x_NOUN V,1053
xii _._,50721
x_NOUN 106_NUM,1764
x where,1219
xy_NOUN =_X,1862
x3_NUM +,1851
xii_NOUN )_.,6773
x1_NUM (,1170
xj _._,3911
x3_NUM +_NUM,1828
xxxviii .,1815
xin _X_,1345
xenophobia_NOUN ,,4429
xxvii )_.,1366
x_NOUN =,126283
xj ),1253
x_ADJ --,3371
xi_ADV .,5735
xxiii_NOUN ,,1294
x O,2604
xii _X_,1387
xvi --_.,1054
xét đoán,1413
x1 -_.,1168
xii_NOUN ;,1225
x 25,1402
x_NOUN that_DET,2626
x_NOUN σ,1836
x_NOUN Fig,1373
xvi ._.,11201
x value,1202
x X_NOUN,2128
xiii_NOUN ,,18443
x 32,1286
x0_ADJ _._,1859
x Contents,2551
x_NOUN 12,4722
x weeks,1511
xanthan_ADJ gum,1124
xiii_NOUN )_.,5756
xiv -,1941
xvi _._,35549
xxi_NOUN ),2040
x1_NUM =,1400
xv_VERB _VERB_,1011
x 32_NUM,1284
x1 _CONJ_,1782
xenophobia _CONJ_,3054
xvi_VERB _NOUN_,2296
x -1,1396
x_NOUN 4-0,1370
x_NOUN 4-2_NUM,1500
xxi_ADV _._,2011
x v,3665
x_NOUN 10,10755
x_NOUN ∞_NUM,1184
xanthan_ADP _NOUN_,2610
xxx ),1125
x _X_,182246
x_NOUN 10-4_NUM,1214
xi_NUM _NOUN_,2542
xiii ,,19206
x_NOUN B,4402
xxiv _._,16309
x_NOUN ↦,2762
xiii_NOUN ._.,13608
xiv_NOUN ,_.,5213
x 's_PRT,2654
x_NOUN /_NUM,1767
x_NOUN 100_NUM,3524
x_NOUN ∧,1951
xxi )_.,2676
xv_NOUN ,_.,15033
xn ),3083
xiii_NOUN ,_.,18443
x4 _NUM_,2213
x_NOUN 8_NUM,4855
xlabel_NOUN (,1847
xml _NOUN_,2148
xT (_.,1516
x_NOUN _ADP_,84983
x 60_NUM,1016
x_NOUN number,2200
xiii _._,49508
xxiv_X )_.,1328
x3 _._,6811
xxxvi_NUM ._.,1386
x_NOUN -,133009
x $_.,1835
xxxiii_NUM _._,1634
x_NOUN ∈_NUM,60261
xvi_ADJ _._,3940
x_X _NUM_,9552
x I,2486
xxiii -_.,1035
xv_ADJ --,1093
xi_NOUN _VERB_,2287
xt _._,3593
xxv )_.,1594
xii_NOUN -,2140
x_NOUN if_ADP,1427
x M,2597
x >_.,2842
x_NOUN ∞,1216
x ∈_NOUN,7317
xxviii _._,10048
xk_X _X_,1368
x is,51486
xxxii _._,6884
xz_NOUN _._,1845
xv )_.,6246
xxxiv ._.,2465
xylose _._,2632
xx ),3851
x ¼,10867
xi _NUM_,4301
x_NOUN μ,1136
x1 ,_.,11604
xvii _NUM_,1286
x2_NUM ._.,1243
xii ;_.,1376
x_X _._,487108
x2_NUM i,1057
x_NOUN L_NOUN,2712
x_NOUN c_NOUN,5398
x0_NUM ),1177
xii .,16261
xxix ),1099
x_NOUN K_NOUN,1358
xv_VERB _NOUN_,1652
x_NOUN σ_NOUN,1056
x f,7301
xiii_NOUN --_.,1618
x_NOUN as_ADP,3655
xv_X _._,11423
xiv_X ._.,4116
x T_NOUN,5318
x_NOUN /_NOUN,14171
xxx _NOUN_,4306
xi_NOUN ,,21034
x_NOUN k,30751
xxvi .,4442
x_NOUN ¯,9104
xxxix_NUM _._,1759
xxiv_X .,2222
xenograft_NOUN models_NOUN,1226
xl .,1869
x_NOUN N_NOUN,4913
xv_X ._.,4917
xii_VERB _NOUN_,2374
x 10-4,1217
xenophobia_NOUN .,2051
x_NOUN ¯_NUM,2745
x 7,4496
xiii_X _._,4747
x ij_ADP,2376
x_NOUN ∈_NOUN,6915
xenophobic_ADJ ,,1420
x ·_NUM,4122
x_NOUN F,1713
xiv ;_.,1141
xx _X_,4588
x2_NUM _NOUN_,6642
x_NOUN ¼_NUM,10335
x t_NOUN,17566
x_NOUN s_VERB,3547
x_NOUN value_NOUN,1187
xian_NOUN _._,1022
x1_NUM _NOUN_,2006
xj )_.,1253
x_NOUN which_DET,1197
xk _NOUN_,1678
x 7_NUM,4493
x_NOUN 25,1384
x_NOUN The,1576
x2_NUM +_NUM,8316
x )_.,573233
xxviii_NOUN .,2757
xxviii_NOUN ,_.,3044
x_NOUN ^_NUM,1408
x ,,382080
x 100,3554
x_NOUN R,2411
xenophobic ,,1420
x P_NOUN,3171
x2_NUM ),3107
x_NOUN ?_.,2370
x1 =_X,1831
x_NOUN 2-0,1214
x_NOUN ≠,1051
xxii_NOUN ._.,6466
xiii )_.,8064
x2 1,2908
xenograft models,1262
x β,1367
xi_ADJ ,,1792
xvi_NOUN _._,25681
x_NOUN 4-2,1500
xl_NOUN ,_.,1433
x_NOUN P,3119
x As,1007
x α,3282
x_ADJ --_.,3371
xð_NOUN Þ,2615
xylene_NOUN _VERB_,1138
xi_X )_.,1775
x_NOUN >,12149
xx_X _NOUN_,1638
x0_NUM ,,4090
xxvi_NOUN ._.,3973
xy_ADJ _NOUN_,1706
xxiv_X ,,4100
x_NOUN 4-0_NUM,1370
x_NOUN ≤,9837
x2 (,3180
xxxi_NOUN .,2038
x 4,19793
xxv_NOUN _._,8689
xxxiii_NOUN ,_.,1961
x_NOUN 18,1172
x2 2,3005
x --,77370
xr _._,2626
xxi_NOUN _._,17250
xxv_X .,1973
x !,1997
x0_X )_.,2452
xviii _NOUN_,5879
xx_ADJ _._,1600
xix ),3337
x n_CONJ,16324
xxxv_NOUN _._,1183
xk_NOUN )_.,1943
xm _._,1883
xwe_X _X_,1201
x B_NOUN,4499
xiii_NOUN .,13608
x ∂_NUM,7908
x_NOUN 3-0,3204
xứ_X Giu,1824
x1_NUM +_NUM,1338
xi_X (_.,1409
x t,24482
x_NOUN 100,3524
x -1_NUM,1370
x_NOUN be,3307
xanthan_ADP gum_NOUN,2473
xv_X ),4252
xxii_NOUN _._,17769
xv ,_.,16241
x_NOUN 42,1148
xv _X_,1736
x2 and_CONJ,1012
x_NOUN ;_.,15660
x 4-2,1500
x2 ,_.,7645
x1 -,1168
xvi -,1769
xxii_NOUN ,_.,7356
xxviii ,_.,3554
x p_NOUN,8073
x_NOUN b,3573
xi _VERB_,3278
x1_X )_.,2500
x axis,7186
xi --,2409
x 50_NUM,1777
x ≠,1082
x y,9946
x_NOUN α_NOUN,1057
xix_NOUN ),1078
xxii )_.,2268
xxi_NOUN ,,7664
x0_NUM ,_.,4090
x3 +,2303
xix_NOUN )_.,1078
xix_X ._.,3106
x_NOUN ∂_NUM,7899
xvii_NOUN -_.,1913
xxxii_NUM .,1353
x 42,1154
xylose ,,1352
x_NOUN :_.,15402
x_NOUN n_CONJ,16017
x2_NUM (_.,2655
xylem _._,2574
xvi -_.,1764
xviii _._,28011
x_X ._.,8175
x_NOUN ^_.,2214
x_NOUN 105,1124
xxx ,_.,3375
xiv --,1254
x_NOUN @_.,1209
x_NOUN <_NUM,5271
xT _NOUN_,1498
xxiii_NOUN .,3201
xy_NOUN _NOUN_,1639
x_ADJ _NOUN_,27576
xanthophyll _NOUN_,1050
xx_VERB _VERB_,1176
x_NOUN 40,1285
xy _._,12447
x :,15803
x_NOUN --_.,73453
xix .,8848
x 60,1017
x2 +,10657
xi_X ._.,1144
xxxvi_NOUN _._,2390
xenophobic _NOUN_,7772
x ←_NUM,1012
xxv_NOUN .,2731
xy _NOUN_,6146
x_NOUN ↦_NUM,2641
x2_NUM ,_.,6910
xlviii _._,1996
x0_NUM _NOUN_,2158
x2 i,1515
xenophobia _VERB_,1940
xét đoán_X,1411
x_NOUN 22,1310
xxxiv _._,6214
x Á,1280
xix_VERB _NOUN_,1078
xxv_X ._.,1973
xii_NOUN ,_.,18429
x_NOUN weeks_NOUN,1508
x such,2596
xii ._.,16256
xenophobic_ADJ and_CONJ,1033
xvi_X _NOUN_,1000
x_NOUN þ,2166
xx -,1516
xx_NOUN _NUM_,2889
xii_NOUN ;_.,1225
x L,2919
xvii_NOUN --,1251
xii -_.,2640
xxxi _._,8141
x1_NUM _._,14247
x 8_NUM,4935
xn _NOUN_,1375
x_NOUN ∫,1842
x ij_NOUN,4131
x_NOUN _._,1039408
x_NOUN v_NOUN,3397
xin Ngài_X,1162
xenobiotic _NOUN_,3650
xylene _VERB_,1142
xxix _NOUN_,1486
xc3_NUM _NUM_,1060
xT _._,1799
xxx_ADJ _._,2082
xiii_X )_.,2275
xn _X_,1470
x_X ]_X,12600
xxii _NOUN_,3478
xð_ADP Þ_NOUN,4539
x _ADJ_,21083
x m_NOUN,8933
x w_ADP,1312
x_NOUN %,1783
x2_NUM _X_,2883
x ≡_NUM,1044
x <,15022
xl ,_.,1550
x k_ADP,1119
x_NOUN X_NOUN,2084
x dx,2375
x_NOUN E,3147
x_NOUN has,3052
xd5_NUM _NUM_,1846
x_NOUN ¼,10362
xxviii ._.,4121
x_NOUN [_X,7760
x_NOUN 3-0_NUM,3204
x 50,1780
x_NOUN n_ADP,10333
x_NOUN =_X,122662
xc_NOUN _._,1185
xi_NOUN _._,57568
x0 _NOUN_,2417
x 40,1303
x_X .,8175
xxviii_NOUN ,,3044
xiv_X _NOUN_,3731
x3_VERB Parallel_VERB,2039
xenograft model,1130
xvii --,1301
x <_.,2997
xr_ADJ _._,1290
xenophobic_ADJ _NOUN_,7771
xi _X_,8082
x2 2_NUM,2815
x_NOUN 3_NUM,40370
xxiii ,_.,6507
x @,1656
x k,33088
xxx _._,10705
x_ADJ _._,8319
xii_NOUN _NOUN_,2184
x +_NOUN,28973
x2 ),7825
x_NOUN direction,4279
xli ,,1053
xxvii ,,4423
xi_NOUN -_.,5564
x f_NOUN,1741
x_NOUN _NOUN_,584523
xenophobia_NOUN _ADP_,2065
xiv_NOUN .,8050
x_ADJ +,1187
xlabel (_.,1903
xv _END_,1216
xvi_NOUN ;,1104
xv_X .,4917
x_X 1,1608
xylophone_NOUN _._,1235
xứ Giu,2239
xn_ADP _NUM_,1112
x _PRON_,84157
xiii_NOUN -_.,2990
x_NOUN },7326
x_NOUN y,9198
x2_ADJ ),1319
x 11,3084
x_NOUN ,_.,378335
xiii xiv_X,1391
xxxv_X _._,1246
xxxi ,_.,2681
xix ,,11485
x O_NOUN,2569
x will,1626
xli_NOUN ,,1022
xxx _X_,1812
xxiv_NOUN ,_.,1702
xiv_ADJ _._,2097
x g_NOUN,2838
x_NOUN on,2355
x_NOUN [,7760
xxii_NOUN )_.,1732
x_X )_.,468765
x_NOUN +1_NUM,2546
xy +,1070
x_NOUN the_DET,4055
xxviii_ADV ._.,1023
xj_NOUN )_.,1077
xxxiv_X _._,1886
xxxvii_NOUN _._,3166
x for,6101
xð_NOUN _NOUN_,2605
xvii ,_.,13360
x ˙_NUM,3030
xylem_NOUN _CONJ_,1627
x_NOUN _DET_,25092
xxviii_NOUN _._,7715
x_NOUN o,2933
x2 =,3849
xxiv ),1725
x À,4639
xi -_.,7262
xiv_X _X_,1011
xxv_NOUN ,_.,4641
xiii _END_,1477
xiii_VERB _NOUN_,3883
xylem _NOUN_,5022
x_X 2,1629
x M_NOUN,2582
xi_VERB _NOUN_,4564
x_X [_X,6912
x Fig_NOUN,1411
xenograft_NOUN model_NOUN,1125
x_NOUN 18_NUM,1172
xxviii .,4121
xiv_X )_.,5457
xvi_NOUN ),3585
xxxix .,1651
x_NOUN that,3206
xii_NOUN .,15387
x 5,10521
xxi_VERB _NOUN_,1388
xxxviii _._,4224
x_NOUN 2,113510
x2_NUM 1_NUM,2522
xliii_NOUN _._,1875
x_NOUN 2-0_NUM,1214
xxx .,3769
x_NOUN >_NUM,5581
x 4-2_NUM,1500
x 15_NUM,2001
xii_X ),2193
x 12_NUM,4855
x ,_.,381997
xxi_NOUN ._.,4807
xxi _._,22179
xviii ),3570
xii -,2647
xii_NOUN -_.,2140
xv .,12545
x1_ADJ -_.,1145
xli_NOUN ,_.,1022
xứ_X Giu_NOUN,1824
x_NOUN u_NOUN,3691
xx (_.,2104
xylanase_NOUN _NOUN_,1024
x_NOUN ˙_NUM,3003
xylem_NOUN _NOUN_,4897
xk ),2073
x '_PRT,1665
xxix_NOUN ._.,2913
x2 +_NUM,8316
xxxi_NOUN ,,2332
xx ,,11132
xvi_ADV _._,3128
x_NOUN 60_NUM,1014
xenon _NOUN_,2600
x {_.,1312
xxiv ,_.,5912
x0 _VERB_,1289
x_NOUN it,1377
x 24_NUM,1464
xiv_X Contents,1296
xv_NOUN _._,26624
x_NOUN E_NOUN,3147
xix _._,27502
x_NOUN Þ,2623
xv -_.,3083
xlabel_NOUN (_.,1847
xix_NOUN ._.,5497
xiii --,1692
x_X is,1089
xviii ._.,8660
x x_NOUN,40998
x can,3203
x_NOUN Á,1200
x_NOUN weeks,1508
x_NOUN 8,4855
xy_ADP _NOUN_,1422
x_NOUN r_NOUN,3880
x ≥,4462
x_NOUN -1,1371
xylose _NOUN_,1881
x as_ADP,3687
xanthine oxidase,3007
x_NOUN %_NOUN,1753
x ∈,72375
x_NOUN of_ADP,6452
x_NOUN ∈,71556
xlvii _._,2047
x1_X _._,2672
x2_NUM 2_NUM,2642
xx_NOUN (,1626
x2 _ADJ_,2088
x value_NOUN,1202
x d,5265
x ≤_NOUN,5056
xiv_NOUN )_.,1046
x2 .,1799
x 3-0_NUM,3204
xxi ,,8905
x_NOUN b_NOUN,3551
x2_NOUN _._,1777
xxvi_NOUN ),1198
xứ Ga_X,3851
x and,62109
x_NOUN value,1187
xin _._,1218
xx_VERB _NOUN_,1193
x_NOUN such_DET,1225
x_NOUN 105_NUM,1124
xi_X -,1338
x_NOUN _ADJ_,11837
x_NOUN 15,1972
xi_NOUN ),12916
x1_ADJ -,1145
x %_NOUN,1814
x_NOUN l,5892
xvi )_.,4811
xs_NOUN _._,3304
x e_NOUN,8487
x_NOUN \,1428
x_NOUN i1_NUM,1150
xxxvi_NUM _._,1662
xxi_X _._,1456
x1 ,,11606
x2_NUM )_.,3107
x_NOUN {,1276
xxx_X ,,2211
x_NOUN emissions_NOUN,1123
xix_NOUN .,5497
x s,6462
x axis_NOUN,7185
x_NOUN 10-3,1341
x_NOUN α_NUM,1062
xxv_X _._,3790
x_NOUN t_PRON,1270
x in_ADP,15032
x ¯_NUM,2760
xxiii ._.,6215
xviii_NOUN )_.,2555
xxvi_X _._,1170
xviii -_.,1421
x 's,2753
xlii ._.,1275
xlv _._,2595
x number,2251
xv _VERB_,1334
x_NOUN ε,1264
x %,2020
x_NOUN a,8890
x y_NOUN,8948
xy (,1338
xx -_.,1511
xxv _._,13485
x on_ADP,2371
xix_CONJ _NOUN_,1113
xi ;_.,1559
x ∫,1876
xf3_NUM _NUM_,1059
xn_NOUN ,,1100
xii_NOUN ),6773
xlix ._.,1079
x +_.,28334
xn_NOUN ),2954
x_NOUN 1_NUM,128582
xv ,,16304
x_NOUN max_NOUN,1362
x_NOUN The_DET,1417
xix -_.,1657
xxxvii ,_.,1777
xxvi ,,4588
xi and,1257
xylene_NOUN _._,3533
x_ADJ j_NOUN,3302
xxxii_NOUN ._.,1248
xlvi _._,1998
xxiii_X ,,4348
x_NOUN |_.,26112
xxvii_NOUN ,_.,3800
x_NOUN 14_NUM,1429
xxxii _NOUN_,1047
x e,8494
x u,3895
x_ADJ i,1982
x_NOUN i1,1187
xxiii_X ._.,1986
x is_VERB,51484
x1 _VERB_,1013
x_NOUN +1,2546
xenophobia ._.,2051
xy (_.,1338
xð_ADP _NOUN_,6459
xv _._,41859
xxxiii ._.,2635
xk _NUM_,1821
xanthan gum_NOUN,4415
x_NOUN 400g_NUM,1260
xviii_NOUN ,_.,11489
xvii_X _NOUN_,1464
xy =_X,2099
xxix .,3018
xn_NOUN )_.,2954
x2_NUM Bibel,2039
xxxiv_NUM ,,1813
x has,3090
xxxiv_NUM _._,2862
xa_NOUN _._,1156
x 4_NUM,19758
x_NOUN t_NOUN,16324
x 2-0,1214
xxiv_X ),1328
xức_X _X_,1166
x_NOUN 22_NUM,1310
x_NOUN H_NOUN,1948
x_NOUN C,3059
x +_ADJ,1174
x _END_,2768
xylene_NOUN _NOUN_,2553
x_NOUN direction_NOUN,4279
x E,3196
xiv -_.,1926
xi --_.,2409
x _PRT_,20175
x4_NUM _._,1422
xv_NOUN ),1977
xxvii ),1367
xli_NOUN .,1292
x ↦,2792
xxxv .,2039
x max_NOUN,1484
x 25_NUM,1402
xx_X .,2979
xxv_NOUN ,,4641
xi xii,1955
xi Introduction_NOUN,1097
xxxi )_.,1121
xviii_X _NOUN_,1975
x_NOUN D_NOUN,2627
xxxv_NUM ,,1415
x -,138356
xiii_NOUN _._,43953
xvii )_.,4334
x_NOUN :,15402
xiii_NOUN ;_.,1098
xv_NOUN .,7299
x number_NOUN,2251
x_NOUN 16,1608
xv_NOUN )_.,1977
xvii -_.,2451
xi_NOUN -,5564
x_NOUN 0_NUM,59061
xxii_X _._,1375
xiii -_.,3982
xxxi ._.,3006
x V,1069
xv_CONJ _NOUN_,1525
xxxiv_NUM ._.,1019
x_NOUN 3,40370
xxiii_NOUN ),1391
xx_X ._.,2979
xvi_NOUN ._.,7228
xiphoid_ADJ process,1114
xii_NOUN --,1259
x_X _PRON_,2242
x hours,1850
xy_ADJ plane_NOUN,1144
x_NOUN if,1427
x ∈_X,4145
x >_NUM,5584
x 10_NUM,10841
xy =,2305
x4 _._,2669
x_NOUN D,2655
xvii_NOUN .,8921
x x,41031
xix _NOUN_,5299
xxxiii_NOUN ._.,1165
xi Introduction,1097
xxxi_NOUN ,_.,2332
xe4_NUM _NUM_,1681
xi _._,74524
x1_NUM ,,11140
x_X 1_NUM,1568
x_NOUN À_NOUN,4318
x_NOUN 50_NUM,1754
xn_NOUN _._,6267
xxxiv_X ._.,1035
xanthan _NOUN_,4941
x_NOUN ð,1675
xxiii ),1951
xvi _NOUN_,7891
x_NOUN r_NUM,2113
x 13_NUM,2497
x2 (_.,3180
x_NOUN !,1856
xiv_ADJ -_.,1134
xy_NOUN ,,1538
x dx_NOUN,1651
xylene_NOUN ,,1529
xxv ,,5088
x_NOUN (_.,140926
x_NOUN ˙,3346
xx _NUM_,4078
x has_VERB,3090
x n,44343
x_NOUN ≡_NUM,1026
x_NOUN t,23058
xx (,2104
xiphoid_ADJ process_NOUN,1114
x ¼_NUM,10684
xxvi _._,12352
xiii _VERB_,1351
xxiv ,,5934
xvi ,,14939
x N_NOUN,4974
xk ,_.,1175
x q,2555
xk ,,1175
x_NOUN 30_NUM,1951
x n_NOUN,17637
xvii ),4336
xi_NOUN ;,1532
xvii ._.,9591
x r_NUM,2140
xiii _X_,3055
xlii ,_.,1142
x_NOUN --,73453
xlab =,1474
xv_X _X_,1633
x_NOUN by_ADP,2852
xxiii_ADJ _._,2003
xxxvi _._,4876
x for_ADP,6101
x_NOUN '_.,14810
x_NOUN coordinate,1091
x _CONJ_,88041
x coordinate,1094
x w,1556
x 18_NUM,1199
xiii_NOUN ;,1098
xxxiv_NUM .,1019
xy ),3286
x ∞,1229
xvi_ADJ ,_.,1586
x_NOUN ",7512
x ],19827
x at,2766
xxxvii .,1981
x_NOUN to,8166
xxi_NOUN -,1088
xi_NOUN _END_,1577
x_NOUN <_.,2896
x2 Bible,2039
xi_X (,1409
xv_X )_.,4252
xxix ._.,3016
x ⋆,1850
xlv_NOUN _._,1751
x_NOUN d_VERB,3204
x R_NOUN,1895
xxiv_X _._,8204
xii _VERB_,1063
x_ADJ -,4309
xvii_NOUN --_.,1251
x1 _NOUN_,2432
xxxii_NUM ._.,1353
xiii_NOUN -,2990
x_NOUN +2,1038
x 9_NUM,3223
x_NOUN represents,1176
x3 _NUM_,4483
x 0,59937
x The,2032
xvii_X _._,2696
x_NOUN to_PRT,8159
xy -,2839
x to,8200
x1 +_NUM,1338
x_NOUN A_NOUN,3800
x2 )_.,7822
xix_ADJ -_.,1017
x2_NUM 2,2786
xxxiii_NOUN .,1165
xiii_NOUN ),5756
x_NOUN n,42847
xiii_X xiv,1391
xxvii_NOUN _._,9170
x /,17313
xxi_NOUN -_.,1088
x_NOUN ·_NUM,4079
x 4-0,1370
xylene _NOUN_,2571
x_NOUN ⋆_NUM,1733
x2_NUM Bible_NOUN,2039
x_NOUN "_.,7512
xylene ,_.,1534
x D,2737
x2_X ),3014
x F,1751
x_NOUN s_NOUN,2166
x 9,3233
x ¯_NOUN,6082
xii_X _NOUN_,4271
xviii_NOUN _._,25279
x d_VERB,3267
xxvi ),1516
xx --,1310
x in,15089
x 5_NUM,10520
xxvi_NOUN ,_.,4379
x with,4109
xxvi_NOUN ,,4379
xylem_NOUN _._,2343
x_NOUN will_VERB,1606
x_NOUN 0,59061
xviii_NOUN ,,11489
x_NOUN N_CONJ,2218
xii )_.,8989
x_NOUN S,2555
xy _VERB_,1764
xlii_NOUN _._,2085
x0_X _._,2555
xanthine_NOUN oxidase,2911
x 22,1343
xiv _._,41194