zonden hem,1013
zero_NUM carbon_NOUN,1215
zeiden_NUM _NOUN_,2797
zoekt gij,1575
zombie_NOUN _ADP_,3602
zal_X Ik,1554
ze_X wszytkiego_X,1044
zombie _CONJ_,1447
z onych_ADP,1152
zero the_DET,1976
zoologist_NOUN _._,1540
zstało_X _._,1508
zenith_NOUN angle,1454
za_X _X_,13596
zi ),2019
zijn_NOUN broeder,1571
zip_VERB _ADP_,1267
z Galilee_NOUN,1036
zone_NOUN by_ADP,2271
zipper_NOUN and,2497
zipper and,2497
zoning_VERB and,1521
zu_X JEsu_X,2875
zeiden_X :,13322
zest ,_.,8484
zhang _._,1012
zij gedaan,1013
zing_NOUN _._,1291
zombies_NOUN _ADV_,1689
zornig und,1537
zástup mnohý,1053
z_NOUN }_.,3549
zstanie ,_.,1044
złe_X _._,1620
z_NOUN t_NOUN,3075
zones as_ADP,1411
zone at_ADP,3651
zero_NOUN (,1415
zest_NOUN _PRT_,1507
zest_NOUN _NUM_,3106
zip codes_NOUN,2089
zoologist _._,1542
zinc chloride,1057
zebrafish_NOUN (_.,1472
zeolite_NOUN _._,2607
zealous and_CONJ,2501
zero mean,5433
zones_NOUN _PRON_,1062
z_NOUN Þ,1529
zeta _._,1190
zone_NOUN which_DET,1452
z s,2029
z_NOUN (,33268
zoology and,1026
zealous _ADP_,8042
zeros ,_.,2763
zou_X _X_,1061
z _PRON_,15044
zero_NUM mean,4797
zeolites_NOUN _ADP_,1398
zis ucenicilor,1824
zeta_NOUN function,1613
zone around,2265
ze_X _X_,3261
zone_NOUN on_ADP,3128
zone_NOUN lymphoma,1324
zealous ,,2186
zo_X gelooft,1352
zeide_NOUN Hij_NOUN,4001
zealot _._,2061
zij_NOUN allen,1014
zákonníci _DET_,1030
zucchini_NOUN _CONJ_,2419
zinc_NOUN (_.,3468
zig -_.,7019
zakat_NOUN _._,1198
z_NOUN as_ADP,1099
z },3575
zealously _VERB_,5670
zinc oxide,9942
zero '_.,1259
zipped _DET_,1604
zusters_NOUN ,_.,1126
zigzags_NOUN _ADP_,1110
zhizn _._,1481
zi )_.,2019
zijt het_X,1011
zeggende_ADV _ADJ_,1232
zucchini _._,9358
zone_NOUN -,3825
zástupy_NOUN ,_.,1168
zip -_.,5977
z_NOUN z_NOUN,4971
z świata,2079
zombies_NOUN were,1457
zeros (,3602
z n_NOUN,2635
zero_NUM waste_NOUN,2146
zero but_CONJ,1244
zur_X Vergebung,1242
zone may,1381
zipped up_PRT,5127
zapiał .,1039
zu sein,1311
zone would_VERB,1178
zeros_NOUN ,,2763
z N,1109
zond hij,3152
zal den,4046
zueinander_X :,2102
zeitgeist ._.,1281
zu_ADJ ihm_NOUN,5585
zal gekomen,1009
z l,1662
zstąpił _._,1155
z Boga,1155
z H_NOUN,1458
z Galilei_NOUN,1035
zero probability,1314
zoning_VERB and_CONJ,1521
zástupové ,,1287
zombie_ADJ -,1113
zichzelven_X ,_.,2362
zoos ._.,1384
z_NOUN 3,3496
zeitgeist_NOUN ,_.,1214
zones or_CONJ,2266
zvaného _NOUN_,1027
zero hour,1052
zij_X zouden,1348
z_ADJ t,1026
zoom_NOUN _._,4064
zero_NOUN in,2180
zij_X vraagden,1575
zoned_VERB for,1223
zones around,1266
zonden_X _NOUN_,1125
zooming in,4458
zinc_NOUN ,,17883
zenith_NOUN .,3535
zeiden_NUM tot,2797
zoom_VERB in_PRT,3995
zeide_X ook,1123
zweert_X _X_,1577
zodiac .,2213
zoning_NOUN ,,1767
zhi_X _._,1422
zond hij_X,2364
z_NOUN values,1214
z directions,1259
zone_NOUN ),6584
zero vector_NOUN,1751
zones where,2547
zal_ADJ den,2023
zero_NUM order,1889
zich_X _X_,1247
zð Þ_NOUN,1010
zal Hij_X,1680
zooms_NOUN _ADP_,2646
zástupu_NOUN _._,1632
zij_X tot,3270
z →,3104
zijnde in,1121
zero _NUM_,4600
zone lymphoma_NOUN,1243
zi _X_,2354
zero net_ADJ,1278
z_NOUN with_ADP,1098
zoomed out,1300
zákonníci_X a,1364
zero of_ADP,5041
z_NOUN _X_,60121
zamindars _._,1085
zipped_VERB it_PRON,2246
zone 3,1505
zero in,16703
zur_X _NOUN_,21197
zoo animals_NOUN,1578
zone_NOUN lymphoma_NOUN,1243
zone_NOUN that,5370
zeros_NOUN _VERB_,4156
zone_NOUN _ADJ_,6298
zodiac_NOUN _._,5602
zero point_NOUN,4306
zipper_NOUN _ADP_,9167
zones_NOUN _X_,1242
zstało_X _X_,6601
zone_NOUN that_DET,4126
zur Vergebung_X,1159
zeiden_NOUN dan,1345
zones is_VERB,2394
zwaarden_X en_X,1125
zur Gegenwart,1201
zipped it_PRON,2246
zeszli _X_,1040
zones can,1807
zueinander_X :_.,2102
zoning out_PRT,1030
zig _._,8267
zu_X Petrus_X,1871
zal uw,2478
z_NOUN onych,1960
zone that_ADP,1220
zeszli_X _X_,1040
z e_NOUN,1971
zone_NOUN to_PRT,9722
zijt .,1911
zu einer_X,3256
zigzag pattern,1255
zijt_X de,2025
zowią_X _NOUN_,2886
zeros _ADP_,10742
zoning_NOUN ,_.,1767
z i_PRON,11953
zij riepen_X,1469
zdumieli_X się,1049
z_NOUN farizeů,1287
zoledronic_ADJ acid_NOUN,1410
zone_NOUN 's,1090
zasię do_VERB,1503
zinc_NOUN in,2839
zealots _._,2618
zeta_NOUN potential,4811
zero_NUM time_NOUN,1373
zero_NUM order_NOUN,1889
zone "_.,7483
zenith ,,4459
złe ,,1275
zero as_ADV,1055
zoology_NOUN ,,2846
zis_ADJ Isus_NOUN,2508
zeolites_NOUN ,_.,1873
z A,1240
zero percent,1238
zijt_X het,1011
zeg Ik_NOUN,6822
zero elements_NOUN,1248
z_NOUN chrámu,1285
z À,1567
zwaarden_X en,1125
zornig und_X,1537
zal Ik_X,1218
zone_NOUN where,5337
zest_NOUN to,1429
zone to,9722
zipper_NOUN ,,3745
zone_NOUN or_CONJ,3962
zdumieli _X_,1049
zstał_X się,1630
zealously_ADV _VERB_,5667
z radością,1385
zero_NUM otherwise,1947
zeros_NOUN of,4494
zero_NUM ._.,88497
ziua judecăţii_X,1254
zones_NOUN for,3722
zij_X zullen,5402
zone_NOUN with,5698
zone can_VERB,2396
z1 _._,4041
zones_NOUN _CONJ_,16896
zenith_NOUN and,1219
ziceau :,7410
zeide_ADV _ADJ_,18434
zero ;_.,4243
zones -_.,1064
zu_X einem_X,1731
zodiac_NOUN _ADP_,1144
zoos _ADP_,1331
zones (,9747
zealous _CONJ_,2747
zoo_NOUN ?_.,1158
zis_ADJ El_NOUN,1938
zero_NUM gravity_NOUN,1776
zipper _PRT_,1063
zu_NOUN Berlin_NOUN,2996
z_NOUN b,1143
zombie ,_.,4700
zstąpił z,1156
z :_.,3443
zum Neuen,1550
zone from,2139
zany_ADJ _NOUN_,1680
za stołem_X,1265
zebrafish _ADP_,1048
ziceau_X :_.,4940
zástup .,1735
zombie ,,4705
zi_NOUN _._,3700
zig_ADJ -,5949
zones_NOUN _._,98952
zero in_PRT,3193
zest _CONJ_,9521
zero_NUM hour_NOUN,1051
zooms_VERB in,1117
zombies_NOUN _._,15041
z1_ADJ _._,1228
z_NOUN and,7462
zygote_NOUN _._,3479
z ^,1217
zone out,1885
zeroth _NOUN_,2102
zero_NOUN ",1619
zástupu_NOUN ,,1166
zeal was,1194
zoomed_VERB out,1298
zone_NOUN of_ADP,65717
zones_NOUN around_ADP,1245
zodiac_NOUN .,2205
zinc_NOUN _._,29590
zealous_ADJ _._,3528
zoster virus_NOUN,3783
zero waste_NOUN,2146
zip up_PRT,1881
zoning in,1033
zucchini_NOUN _NOUN_,4133
z0 _._,2782
zeolite _NOUN_,8776
zenith ._.,3535
zest_ADJ _PRT_,1509
ze_NOUN _VERB_,1538
zither_NOUN ,_.,2878
zipper ,_.,3745
zinc finger_NOUN,2673
zoo ,,7772
zoom -_.,1176
zinc deficiency,1861
z_X =,1084
zone_NOUN is_VERB,18986
zinc_NOUN _CONJ_,7474
zero (,16438
zip_NOUN code,5188
z _ADP_,23518
zones .,36192
zal den_NOUN,4046
zones_NOUN can,1807
zircon_NOUN _._,1772
z_NOUN ",1893
zegt gij_VERB,1355
zip code_NOUN,5222
zoo_NOUN ._.,10170
zone with_ADP,5698
z y_NOUN,1757
zu_ADJ ihnen,2520
ziua_X Sabatului,3078
zero_NOUN _._,52201
zur_X _X_,43290
zygote ._.,1555
zij zeiden_X,6303
zither_NOUN music,2029
zoning_VERB ,,2133
zoning ordinances_NOUN,1726
z2 _X_,1405
zinc_NOUN _NOUN_,52490
z wierzchu,1040
zip ,,1471
ziua Sabatului_NOUN,2736
z_NOUN "_.,1893
zoned _NOUN_,1533
zeal_NOUN _._,28046
zoos_NOUN _CONJ_,2127
zones were_VERB,3014
zijne_X vrouw,1357
zeros to,1094
zstało ,,1044
zu _X_,45775
zeal_NOUN that_DET,1062
zones_NOUN to,3597
zygote_NOUN ,,1135
zo gij,3037
zoo ._.,10170
zum Neuen_NOUN,1550
zesty _NOUN_,1181
zoning ._.,1727
z Jeruzalemu_NOUN,1035
zalig worden_X,1238
ziplock_NOUN _NOUN_,1584
zebrafish ,,1880
zigzag _NOUN_,13527
zeitgeist_NOUN .,1263
zones_NOUN with,3398
zip (,1117
z_NOUN f,1133
zeros of_ADP,4494
zero_NOUN because,1210
zones_NOUN and,14143
zoster_NOUN ,,1494
zone_NOUN between,7167
zither_NOUN _VERB_,2301
zones of,30250
zero level,1338
zusters_NOUN ,,1126
zult in,1126
zombies .,6374
zeros_NOUN and_CONJ,2287
zipper .,7157
zákoníci_X _X_,2106
zealous_ADJ _CONJ_,2653
zinc_NOUN _VERB_,8024
z_NOUN 4_NUM,1388
zoti_X i,1040
z_NOUN +,11230
z_NOUN is_VERB,10670
zo_X hij_X,1238
zip_NOUN ties_NOUN,2099
z ∂,3538
zebrafish ,_.,1880
zone ',4653
zero_NUM initial,1181
z l_NOUN,1662
zij_X uit_X,1803
zijne jongeren_NOUN,2260
zero_NUM if_ADP,2166
zoom_VERB out_PRT,1113
zum_NOUN Neuen,1334
zenith and_CONJ,1219
zag _NOUN_,3797
zone or,3966
zeggende_ADV tot,1232
zij_X zouden_X,1348
zenith_NOUN _NOUN_,3164
zero_NOUN because_ADP,1201
zi_NOUN ),1674
zurück _._,1043
zur_NOUN _NOUN_,2677
zipped_VERB _ADV_,3442
zone by_ADP,2271
z Festivals,1033
z_NOUN 1,22445
zemër_X _X_,1001
z [_X,2789
zonden hem_NOUN,1013
zu_NOUN den_NOUN,2762
zip_NOUN file,1071
zone _PRON_,4157
złe ,_.,1275
zone_NOUN will,1406
zither music_NOUN,2054
z_NOUN Festivals,1033
zeide tot_NOUN,5890
z _NOUN_,171953
zeros are,1271
z_NOUN value_NOUN,1614
zones_NOUN ,,38117
zero with,1981
zeroing_VERB _PRT_,2858
zeros ._.,4022
zygote ,_.,1147
zu_X den_NOUN,1521
zone_NOUN from_ADP,2139
za dni,1500
zonden zijn,1687
zag _._,1372
zenith_NOUN and_CONJ,1219
ziua Sabatului,3192
zone _._,237722
zijn_X heer,1128
zigzag_NOUN ,,1170
zero_NUM sum,1318
zero knowledge,1034
zoster_ADJ virus_NOUN,1986
zero on,3350
zealous_ADJ _ADJ_,1620
z_NOUN l,1442
zygomatic arch_NOUN,2549
ze wszytkiego,1160
zeiden_X tot,13056
zeggende_ADV tot_ADJ,1232
zigzagged_VERB _ADP_,2466
zijne_X klederen,1469
zone is,18987
zagen zij,1799
zodiac_ADJ signs,1117
zowią_X _X_,1382
zij_X uit,1803
zones_NOUN '_PRT,1823
z ;_.,4054
zoning_VERB _ADP_,1009
zona_NOUN _NOUN_,3343
zinc _._,36594
zigzag_NOUN _NOUN_,9035
zero for_ADP,11234
zasię _VERB_,1942
zonation _ADP_,1273
zodiac _VERB_,1631
zing of,1484
zones_NOUN as_ADP,1411
zai _X_,1901
zone :,8877
zero hours,1174
zooming_VERB in_ADP,2721
zones ),2596
zealously _ADP_,1346
z_NOUN e_NOUN,1700
z farizeov,1140
zero temperature_NOUN,2306
z_NOUN j,5572
zest .,4818
z B_NOUN,1130
zk _._,1797
za_X morze_X,1389
zoti i_X,1040
z ',4798
zweert bij_X,1463
zero_NUM ;_.,3900
zal overgeleverd_X,1239
zero_NUM degrees,1438
zeolites _ADP_,1399
zones _DET_,5156
zákoníci _._,1404
zone .,93510
zhongguo _X_,1272
zal_X aangenomen_X,1125
zero_NOUN in_ADP,2180
zwölf Körbe,1188
zu_X _X_,45357
za Jezusem_X,1039
zu_X _NOUN_,4322
zing _._,1412
zygote_NOUN .,1541
za mną_X,3006
zone_NOUN was_VERB,5758
z_NOUN ;,3707
zouden .,2248
zal aangenomen,1125
zinc_NOUN _ADP_,6958
zero ",3277
zinc ),1236
zombie _ADV_,1037
z_NOUN p,1808
zones with_ADP,3398
zipping up_PRT,1779
zona_NOUN pellucida,1252
z_NOUN ],5880
zones_NOUN of_ADP,30219
zeaxanthin ,,1015
zoning_VERB out_PRT,1030
zero )_.,11887
zest _NUM_,3302
zest_NOUN 1_NUM,1445
zodiac_ADJ signs_NOUN,1117
zeiden_NOUN dan_NOUN,1345
zeal to_PRT,6314
zebrafish_NOUN ,_.,1837
zona_NOUN pellucida_NOUN,1240
zbawion_NOUN _._,1041
zoudt gij,1688
zoonotic_ADJ diseases,1226
z _ADJ_,7652
zoo_NOUN animals,1578
z α,1063
zeige dich_X,1325
zero_VERB as_ADP,2297
z_NOUN onego,1035
zinc -_.,6749
zipper _VERB_,4561
zombie_NOUN and,1003
zërin e_NOUN,1025
zis_X celor,1026
zoom lens,2223
zástupové ,_.,1287
zero_ADJ -,74799
zeolites_NOUN ._.,1179
z_NOUN -,36422
z_NOUN _NOUN_,151663
zu_NOUN _._,1125
zeitgeist_NOUN _ADP_,2286
zstał się_X,1630
zult_X in,1014
zi _VERB_,1551
zone_NOUN was,5758
zmartwychwstanie_X .,1155
ze_NOUN _._,1058
zero gravity,1778
zero_VERB for_ADP,1970
zusters ,,1126
zapped_VERB _ADP_,1458
znamię _X_,1035
zest for,4872
zone_NOUN were_VERB,1241
zoonotic disease_NOUN,1263
z_X ),1457
zoology_NOUN _ADP_,1281
zeaxanthin _._,1845
zinc )_.,1236
zone_NOUN _CONJ_,30867
zijn_X broeder,1574
zooming_VERB out,1006
zero _ADV_,16840
zones_NOUN were_VERB,3014
z x,2306
zeaxanthin_NOUN _._,1793
zusters ,_.,1126
zones _NUM_,3762
z scores,1345
zij namen,2476
zică :_.,1140
zagen zij_X,1350
zeide_X Hij,1039
zo_X gij_X,3037
zeal in,4385
z_NOUN ]_X,5880
zirconia _NOUN_,2823
z_NOUN Boga_NOUN,1155
zoning_NOUN laws_NOUN,1285
z2 ),2305
z r,1809
zero_NUM initial_ADJ,1174
zenith_NOUN ._.,3535
zoo_NOUN ,_.,7768
zones_NOUN at,1198
zdumiewali _X_,1280
zero because_ADP,2089
z values,1264
zeal_NOUN and,11243
zeros_NOUN to_PRT,1094
zu Berlin_NOUN,3276
zero_VERB for,1970
zip_NOUN line_NOUN,1455
zero tolerance_NOUN,5743
z2 ,,1039
zebrafish (_.,1624
zooplankton _NOUN_,3177
zucchini_NOUN and_CONJ,2072
zipper _NOUN_,3731
z [,2789
zijn heer_NOUN,1232
zu_NOUN den,2762
zij Hem_NOUN,7617
z_NOUN ¯_NOUN,1287
z_NOUN _CONJ_,11678
z_NOUN --,16547
zones_NOUN on,1831
zone_NOUN ;_.,4369
zaad_X _X_,2037
zeal of,9559
zoo animals,1579
zone are,3033
ze wszytkiej,1044
zither _NOUN_,4545
zijn_X dienstknechten,1008
zaprawdę_X wam,1044
zis_X :,15985
zákonníci a,2280
zal ?,1351
zigzag_NOUN _ADP_,1560
z_NOUN tohoto_PRT,1279
zoom_VERB in_ADP,1529
zip .,1906
zeide_NOUN Hij,4001
zal van,2140
zero_NOUN on,1024
zij_X aten,1688
zij ontzetten,1353
zond_X hij,2814
zone_NOUN .,93510
z ≤,1746
zenith _._,9377
zombies _VERB_,11582
ziua_X Sabatului_NOUN,2622
zo gelooft_X,1352
z and_CONJ,7538
zeitgeist of,1485
zoo _NOUN_,10070
zipper_NOUN of,3474
zu_X Pilatus,1983
zeolite_ADJ _NOUN_,1369
ze vší,1311
zest to_PRT,2947
zeggen tot,1801
z _._,367273
zebra_NOUN ,_.,1880
zal_X Hij,1792
zipper_NOUN of_ADP,3474
zeide hij_X,6647
zone_NOUN ._.,93510
z_NOUN values_NOUN,1198
zero_NUM value_NOUN,3765
zoom into_ADP,1012
zeal which,1105
zawołał ,_.,1039
zeroing in,2929
zone when,1013
zest in_ADP,1406
z_NOUN ¯,1930
zero lower,1686
z2_NUM )_.,1725
zombie apocalypse_NOUN,1946
zákoníků ,,1174
z_NOUN i,17648
za _VERB_,2186
zo_X _X_,2325
z k,7159
zones_NOUN can_VERB,1807
zone will,1406
zone B,1090
zoned_VERB out,2768
zones_NOUN -,1064
zero_VERB the_DET,1018
zichzelven ,,3039
zum_NOUN 65_NUM,1090
zero otherwise_ADV,2182
zástupy_NOUN _._,1517
zum 65,1092
zero_NUM value,3765
z Boha,1275
zest in,1407
zis Isus_NOUN,2508
zones_NOUN _NUM_,3762
zoos and,1880
zombie_NOUN _VERB_,6590
zoo_NOUN -,1457
zoom_NOUN _ADP_,6332
zeal that_DET,1068
zemër _._,1097
zither_NOUN _NOUN_,4417
zone_NOUN -_.,3825
zone_NOUN has,2341
zeal of_ADP,9559
zag_ADJ _NOUN_,3374
z_NOUN +_.,3351
z_NOUN value,1614
zither_NOUN music_NOUN,2029
zoo_NOUN in,1598
ziceţi :_.,2166
zum_X drittenmal,1295
zombie_ADJ -_.,1113
z2 +,1183
z Þ_NOUN,1512
z ∈_NUM,12095
z_NOUN .,17062
zo _._,1320
zu den_NOUN,4581
zeros to_PRT,1094
z_NOUN učedlníků_X,1404
zoning _PRT_,1674
zone_NOUN around,2265
zipping_VERB _ADP_,2660
zeros_NOUN in_ADP,2286
zone_NOUN within,1080
zealots _VERB_,1729
z_NOUN in_ADP,3583
z_NOUN Þ_NOUN,1507
z_ADJ directions_NOUN,1120
zooming _._,1237
zones '_PRT,1823
zones on_ADP,1830
zealots_NOUN ,_.,1278
zástupu_NOUN ,_.,1166
z_NOUN ∂_NUM,2507
zebras_NOUN _VERB_,1118
zapiał_X ._.,1039
z x_NOUN,2305
zooplankton _._,3361
zero_ADJ _NOUN_,7001
zemstvo _NOUN_,2556
zërin e,1025
zip of_ADP,1295
zone management,1069
zoning ordinance_NOUN,2875
zag_VERB Hij_NOUN,1008
zero "_.,3277
zij_X namen_X,1349
zone ;_.,4369
za _._,2173
zoning ordinances,1748
zinc _ADJ_,1085
z_ADJ plane,1207
zero_NUM is_VERB,2432
zij zouden,1460
zoom_VERB out,1506
zis celor_X,1026
zoology_NOUN _CONJ_,1130
zo zoudt,1235
zeitgeist_NOUN ,,1214
zeggen_X tot_X,1689
zero_NOUN of_ADP,2958
zone were_VERB,1241
z h,1070
zombies ,,6089
zipper_NOUN on_ADP,2517
znamię_X _X_,1035
zip ,_.,1471
zones_NOUN (_.,9747
zinc is,1907
zhong_X _X_,1951
zenith in,1704
zero_NUM energy,2469
zealous for,3072
zaprawdę_X _X_,5203
zipper _CONJ_,2687
zones_NOUN (,9747
z_NOUN (_.,33268
zither .,2043
z1 ,,1370
zero_NUM gravity,1776
z -_.,45886
zirconia_NOUN _._,2167
zest 1,1531
zero or,10389
zip ties,2160
zigzag ,,1392
zda_X ?_.,1039
zeros in_ADP,2286
zero_NOUN lower,1396
zawoławszy _X_,1052
zipper of,3474
zone_NOUN ",7483
zoo _._,23760
zeggen_X tot,1689
zither_NOUN _ADP_,1651
zones_NOUN is,2394
zhenqi _ADP_,1271
zipped_VERB up_PRT,5116
zmartwychwstanie ._.,1386
z_NOUN ∈,14248
zip (_.,1117
zero_NUM ;,3900
zijnen naam_X,1130
zichzelven_X ,,2362
zochten _NOUN_,2250
zeal _ADV_,1264
zu derselbigen_X,1279
zero_NOUN (_.,1415
zijnen_X broeder,1017
z kościoła,1155
zone _PRT_,12748
zooming_VERB in,3429
ze_X mnie,1040
zones in_ADP,12171
zodiacal _NOUN_,3620
zone for_ADP,7912
zeal_NOUN of_ADP,9553
zum_NOUN _NUM_,4477
z >_NOUN,1028
z_NOUN axis_NOUN,3556
zoudt_X gij,1575
zip_NOUN file_NOUN,1055
zodiac_ADJ _NOUN_,4291
zo zult,3490
zig_ADJ -_.,5949
zombie_NOUN 's,1423
zealously _._,1276
zones_NOUN _DET_,5156
z2_NUM _._,3855
zaad _X_,2037
zur_X Gegenwart_NOUN,1172
zinc_NOUN ),1234
zijne_X ogen,1017
z_NOUN učedlníků,2340
zebra ,_.,1907
zones to,3597
zouden_X ._.,1911
zipped_VERB it,2246
ziplock _NOUN_,1585
zone the,1400
zero at_ADP,10267
zal_ADJ den_NOUN,2023
zoos .,1384
zest_ADJ for,1116
zealous_ADJ and_CONJ,2419
zoning and,2880
zwischen_X _NOUN_,1278
z_NOUN z,4978
zones with,3398
zeide_X ,_.,2028
zeolites ,_.,1873
zone ;,4369
zooming_NOUN _ADP_,1398
zagen_X zij_X,1350
zone _ADV_,16507
zigzag _ADP_,2248
zeal ._.,9321
zipped through_ADP,1540
zebrafish _NOUN_,7256
z 1,22972
zoo in_ADP,1593
zoology ,_.,2847
z_NOUN n_CONJ,1711
zeta function,1613
za morze,1505
zstąpił_NOUN _._,1149
z_ADJ _._,13797
zipped through,1564
zoom_NOUN _PRT_,1320
zinc ,_.,17888
zur _VERB_,1460
zero coupon,1290
zawołał _X_,1269
zucchini .,1300
zipper ,,3745
zoom out_PRT,2025
zipper _ADP_,9167
zogjtë e_NOUN,1052
zones and,14144
zone_NOUN may,1381
zones_NOUN between_ADP,1294
zoologist_NOUN _NOUN_,1325
zero_ADJ -_.,74799
zakonie _NOUN_,1502
zdumiewali_X _X_,1280
zeroed_VERB in,8032
zu Petrus_X,1871
zhizn '_.,1130
zip line_NOUN,1538
zk_NOUN _._,1148
zijn dienstknechten_X,1008
zinc_ADJ -_.,6122
zeolite ,_.,1124
zicînd_NOUN _._,2293
zoom in_PRT,3995
zákonníkov _X_,1026
z ]_X,5984
zone_NOUN can_VERB,2396
zones_NOUN to_PRT,3597
zhenqi_NOUN _._,1386
zealous to,1051
zouden ;,2023
z_NOUN axis,3556
zero initial,1247
zero_NUM _._,164838
z of,2140
zero_NUM point_NOUN,4305
zeiden_NOUN _NOUN_,1570
zoning_NOUN _CONJ_,1557
za_X mną,3006
zij namen_NOUN,1127
zipper ._.,7157
z --,20726
zeros_NOUN ,_.,2763
zstał_X _X_,2326
zástup_X mnohý,1053
zoning_NOUN of,1100
zooms _PRT_,1845
zeroed _PRT_,8176
zest_NOUN of,5646
zip _CONJ_,1037
z a_DET,2433
zombies_NOUN ,,6066
zone as_ADP,2775
z_NOUN ),158998
zaprawdę_X mówię_X,1160
z A_NOUN,1134
zo weet,1686
zipped past,1021
zero_NUM but,1171
zooplankton_NOUN _._,3298
zis Isus,2508
zero elements,1248
z1 ),1087
zeide_NOUN :_.,15342
zip -,5977
zeal_NOUN which,1103
zis_X ucenicilor_X,1824
zu_X sein_X,1218
zero_NOUN ',1107
z_NOUN ¼_NUM,5085
zesty_ADJ _NOUN_,1167
zenith_NOUN _ADP_,9350
zapped _ADP_,1464
z farizeů_NOUN,1053
zeide_ADV tot_ADJ,18434
zijn_X heer_X,1128
zinc_NOUN ._.,5344
zombies_NOUN _ADP_,5065
zone out_PRT,1520
zeal _PRON_,1643
zeal_NOUN in,4305
z z_NOUN,5833
zur_X Geschichte_X,5075
zipped up,6323
zigzag _._,3431
z_ADJ -_.,9040
zirconium _._,2572
zones_NOUN :,3809
zal_X den_NOUN,2023
z2_ADJ _._,1741
zone_NOUN with_ADP,5698
z r_NOUN,1210
zone --_.,2065
zones )_.,2592
zenith angle,1456
z_NOUN B,1111
ziliao_X _X_,1474
zone and_CONJ,25669
zij_X van,1464
zeg_VERB Ik_NOUN,1008
z_ADJ plane_NOUN,1207
zero_VERB the,1018
zodiac _._,6128
zum 65_NUM,1092
z_NOUN r,1694
zone_NOUN 's_PRT,1065
zowią _X_,1382
zeroing in_PRT,2678
zero_NOUN ._.,17333
zoti i,1554
zur _._,1660
zoos _CONJ_,2131
zeal ,,15543
zest_NOUN and,8239
z1_NUM ,,1289
zero net,1413
z_NOUN s,1823
zoomed_VERB in_ADP,2006
zero_VERB when,1228
zeal_NOUN _DET_,2758
zichzelven :_.,1011
zipped _PRT_,6693
z_NOUN À,1487
z_NOUN i_PRON,11753
zidovudine _._,1294
zeolitic _NOUN_,1318
zebras_NOUN _._,2569
zero _ADJ_,17676
zum_X Vater_NOUN,2354
z0_NUM _._,2049
zwaarden en,1125
zum_NOUN 65,1090
zasię do,1503
zasię_ADJ _NOUN_,1033
zones_NOUN -_.,1064
zipped _._,1516
zeal _._,29273
zeal for,14072
z_NOUN farizeů_NOUN,1053
zijt_X .,1012
zero_NUM in_ADP,11182
z_NOUN _PRON_,14266
zone )_.,6584
zone_NOUN ,,80225
zeolite_NOUN _VERB_,1646
zis_ADJ Isus,2508
zult Mij_X,1680
zoom _NOUN_,7905
zoomed _ADP_,6853
zij uit_X,1803
zstąpił _NOUN_,1156
zijnen broeder_X,1017
zero _PRON_,1201
zeugete _X_,1082
zástupom _._,1026
z_NOUN [_X,2322
zwei Fische_NOUN,2051
zombies _ADV_,1757
z_NOUN <_NUM,1202
zebra .,1183
zero_NOUN _ADP_,15009
zipped the_DET,1302
zij zouden_X,1348
ze mnie,1040
zicînd_NOUN :_.,2293
zone_NOUN to,9722
zal_X uw,2478
zoster _NOUN_,7384
zebrafish_NOUN .,2342
z value,1634
zijne moeder_X,2147
zero_NUM temperature_NOUN,2306
z _VERB_,33095
zest_NOUN ._.,4684
zij_X vreesden_X,1576
zult_X ,_.,2028
z_NOUN >_NUM,1753
zenith of,5624
zip _PRON_,2964
zones_NOUN ',2224
zur_X Geschichte,5546
z_NOUN t_PRT,1197
zoster_NOUN virus,1631
zeide Jezus,4284
zenith angle_NOUN,1454
zero_ADJ ,,1599
zu_X einer_X,3233
zone_NOUN or,3962
zoning_NOUN and_CONJ,1315
zeal_NOUN for,13801
ziende_X ,,4598
zombie _ADP_,3620
zones_NOUN "_.,2987
zombies_NOUN were_VERB,1457
zee _._,1681
zone between_ADP,7167
zoster_ADJ virus,1986
zealots_NOUN ,,1278
z_NOUN świata_NOUN,2079
zips _ADP_,1052
zoos_NOUN ._.,1383
zoning_NOUN ordinances_NOUN,1024
zákoníci _X_,2106
zis_ADJ El,1938
zero_NUM ,_.,40836
zult_X ,,2028
zero_NUM _ADP_,42869
zone_NOUN )_.,6584
z_NOUN 2,18119
zero if_ADP,3283
zij hielden,1013
zebrafish_NOUN (,1472
zombie_NOUN ._.,5478
z_NOUN s_VERB,1084
z_NOUN i_NUM,3439
zig_ADJ _._,6804
zenith .,3535
z chrámu,1287
zip_NOUN ._.,1788
z_NOUN ^,1119
zealous_ADJ to,1041
zealous_ADJ to_PRT,1041
z města,1208
z_NOUN --_.,16547
zero_NUM probability,1312
zooplankton_NOUN _VERB_,1177
zoning_NOUN _VERB_,2697
zero sum,1320
z_NOUN of,2137
zones_NOUN _NOUN_,4452
zhizn ',1159
zeal_NOUN ._.,9232
zoti_X i_X,1040
zones_NOUN have_VERB,1774
z Jeruzalem,1044
zooming out,1040
zest_NOUN .,4684
zone_NOUN :_.,8877
zijt_X ._.,1012
zeal and_CONJ,11433
zither_NOUN .,2042
zebrali ,_.,1155
zi ,_.,1650
zákoníci a_X,1638
z (,34051
zeitgeist .,1281
zone_NOUN B_NOUN,1090
z_NOUN _VERB_,32045
zo wie,5040
zowią _NOUN_,2886
zur_ADP _NOUN_,1626
zapped _PRON_,1391
zijn_NOUN heer,1232
zapped_VERB _PRON_,1390
zone within,1080
zest_NOUN _._,13968
zipped_VERB _PRT_,6679
zeg ulieden_X,1131
zero_NUM chance,1415
zur Gegenwart_NOUN,1187
zal_X van,1013
zákoníků ,_.,1174
z j_NOUN,6595
z_NOUN p_NOUN,1759
z_NOUN for_ADP,1625
zoonotic _NOUN_,7978
zeroes in,1453
ziceţi_X _X_,1145
zero_NUM but_CONJ,1171
z_X =_X,1084
zij_NOUN Hem_NOUN,5597
zoned_VERB _NOUN_,1266
zombies in_ADP,1478
zipper_NOUN .,7157
zoology_NOUN .,1120
zombies_NOUN and_CONJ,1942
zinc_NOUN and_CONJ,6508
zabili_NOUN .,1386
zwei _X_,1975
zoo_NOUN ?,1158
zabili_NOUN ._.,1386
zest for_ADP,4872
zoos _._,4659
zone --,2066
zeta_NOUN potential_ADJ,1784
z a,2541
zodiac_NOUN ._.,2205
zeolites_NOUN .,1179
zombies are,1449
zondaren_X _._,1688
zoster_VERB _NOUN_,1134
zeide Hij_NOUN,4225
z and,7543
zone_NOUN out_PRT,1520
zealous _._,3603
zeide_X de,1578
zalig_X worden_X,1238
ziemię dobrą,1040
zygote ,,1148
za_X Jezusem_X,1039
zo_X hij,1238
za_X morze,1389
za_X Jezusem,1039
zal_X in_ADP,1123
zoning board_NOUN,1145
z of_ADP,2140
zero_NUM if,2180
zu einem_X,1752
zipped_VERB through_ADP,1523
zucchini ._.,1300
zest and,8924
zoning_VERB _PRT_,1441
zijt_X niet_X,1123
zone_NOUN when_ADV,1013
zij verstonden_X,1124
zeggende _ADJ_,1232
zone_NOUN were,1241
zones and_CONJ,14143
ziua_X judecăţii_X,1254
z1 ,_.,1370
z_ADJ t_NOUN,1020
zeal .,9321
z in,3626
z >,3595
zult_X _NOUN_,1915
zone_NOUN --_.,2065
zones _PRT_,5612
z_NOUN |,14497
zodiac_ADJ sign_NOUN,1175
zeide dan,1008
zu_X säen,1144
zinc _CONJ_,7474
zeide Hij,5152
z_NOUN świata,2079
z_NOUN +_NOUN,5714
zombie_NOUN 's_PRT,1408
zing_NOUN of_ADP,1484
zwei_X Fische,2645
zapiał ._.,1039
zones_NOUN that_DET,3136
z *_NOUN,3816
zipped _ADP_,6114
zero_NOUN to,1063
zijn heer,3037
zones at,1198
zipped_VERB the,1302
zondaren _._,1802
zur Geschichte_X,5075
zones ._.,36191
zeal _PRT_,6376
zij Hem,7617
zo hij_X,1238
zij namen_X,1349
zero emissions,1240
zero waste,2152
z _DET_,6198
zero to_PRT,13338
zeitgeist_NOUN of_ADP,1484
zu_X JEsu,2875
zing of_ADP,1484
zonden _NOUN_,2142
zaprawdę_ADJ powiadam_NOUN,1956
zijn broeder,3145
zástupu ,,1976
zeta _NOUN_,5945
zone_NOUN as,3531
ziliao _X_,1475
z as,1209
zeolite_NOUN _ADP_,1132
zoning .,1727
zoo_NOUN and,2462
zero_ADJ --_.,12219
zooms _ADP_,3311
zeolite ,,1125
zeal_NOUN in_ADP,4305
zij vraagden_X,1575
zeolites_NOUN _VERB_,2220
zones _X_,1242
z À_NOUN,1493
zijn_NOUN Hem,1120
zoology _ADP_,1288
zeal_NOUN ,,15167
zip _ADV_,1743
z_NOUN À_NOUN,1415
zone_NOUN where_ADV,5337
zoonotic disease,1266
za proroka_X,1159
zebra _NOUN_,5657
zodiac sign,1183
zijt_X de_X,2025
zero_NUM as,2277
zwei_X _X_,1974
zigzags _ADP_,1529
zen _._,1459
z Þ,1537
zinc ._.,5347
zona pellucida,1584
ze_X mnie_X,1040
zstał _X_,2326
zones_NOUN _ADV_,7461
zero order,1890
zones to_PRT,3597
zoo 's,1194
zero degrees_NOUN,1271
z_NOUN for,1625
zone _NOUN_,62581
zinc (_.,3470
zebras ,,1547
zone can,2396
z ,_.,51333
zero (_.,16436
zones_NOUN as,1844
z_NOUN 1_NUM,22445
zeolites _._,3916
zijn_X _X_,3570
zij_X verstonden_X,1124
z_NOUN _PRT_,4165
zai_X _X_,1899
zu JEsu_X,2990
zeg ulieden,1681
zij vraagden,1575
zoo_NOUN in_ADP,1593
zipper and_CONJ,2497
zone_NOUN out,1885
zebras_NOUN ,_.,1540
zij_X vreesden,1576
z1 )_.,1087
zwei_X _NOUN_,1238
zur_X Vergebung_X,1159
z_NOUN onych_ADP,1152
zult Mij,1904
zinc_ADJ -,6122
zákonníci_X a_X,1250
z_NOUN 0,15656
zoledronic acid,1553
zoo _CONJ_,3293
zoom in,10126
zest_ADJ for_ADP,1116
zooplankton_NOUN _NOUN_,3150
z ~,1818
zeg_X ulieden,1131
z +_NUM,1852
zone_NOUN '_.,4481
z_NOUN u_NOUN,1045
zero_NUM _X_,1233
zero_NUM hours,1074
zipper_NOUN _VERB_,4561
zero_NUM velocity,1126
zone_NOUN for,7912
zombie _NOUN_,21173
zeolite _._,3875
zeal _ADP_,35359
zones_NOUN were,3014
zhong _X_,1954
zero otherwise,2183
zeg_VERB Ik,1008
z daleka_X,1622
zones were,3014
zo wie_X,4482
zucchini_NOUN ._.,1279
zeolite_NOUN _NOUN_,7194
zone ._.,93510
zephyr _._,1060
zombie_NOUN ,,4669
zum _NUM_,4706
zijn_X dienstknechten_X,1008
zoned out_ADP,1009
zeg_ADJ u_NOUN,8480
z Festivals_NOUN,1033
zero level_NOUN,1337
zipped _NOUN_,1368
zur _X_,43295
zone was,5758
zero at,10326
zinc_NOUN deficiency_NOUN,1844
zinc_NOUN is,1907
zoning _VERB_,3746
zal uw_X,2478
zij vreesden,2026
zum_NOUN Neuen_NOUN,1334
zijne_X jongeren,11639
zone_NOUN the_DET,1400
z axis_NOUN,3737
zich _X_,1252
zucchini ,_.,6282
z p_NOUN,1979
zones_NOUN where,2547
zonal_ADJ _NOUN_,11868
zeugete_X _X_,1082
zucchini_NOUN ,,6274
z_NOUN scores,1076
zástupy_NOUN ,,1168
z "_.,1950
zillion_NOUN _NOUN_,2040
zijnen_X naam,1130
zone with,5698
zipper_NOUN _NOUN_,3731
zond_X hij_X,2364
z_NOUN )_.,158998
zoos and_CONJ,1880
zip_NOUN ,_.,1404
zero interest_NOUN,2307
zigzags _._,1625
zur_VERB _VERB_,1409
z *,5348
zoned out,2776
z_ADJ _NOUN_,18590
zoning_VERB _NOUN_,10604
zest ,,8486
zhi _._,2931
zemstvo_NOUN _NOUN_,1686
zones_NOUN around,1266
zakonie_NOUN _._,1042
zipped up_ADV,1195
zal overgeleverd,1239
zipper_NOUN down_ADV,1728
zu ihnen_ADJ,2521
ziende _NOUN_,1795
zakat _._,1579
zogjtë e,1052
zstało _X_,6601
zur Vergebung,1242
zoological _NOUN_,7192
zodiac _ADP_,1152
zombies_NOUN _VERB_,11485
zone_NOUN --,2065
zero_NUM )_.,10824
z _CONJ_,11872
zero knowledge_NOUN,1034
zero ),11889
z score_NOUN,2293
zoomed in,7549
zine _._,1004
zone_NOUN :,8877
zij_X begonnen,1237
zal groot,1012
zigzag_DET _NOUN_,1106
zeroes ._.,1001
za _X_,13652
zip_VERB up,1860
zona _NOUN_,4585
zoning_NOUN and,1315
zones have,1774
zoom _._,5055
zooplankton_NOUN ,,1400
zu säen_X,1144
zeiden dan_NOUN,1345
zones ',2224
zero_NUM sum_NOUN,1318
zijne jongeren,14012
zoo 's_PRT,1188
za_X mną_X,3006
zeolites .,1179
zebrafish_NOUN _VERB_,2371
zult den_NOUN,1122
zeal_NOUN was_VERB,1190
zone_NOUN _PRON_,4157
zeros of,4494
z2_NUM _NOUN_,1461
zij_X aten_X,1688
z i,18468
zone between,7167
zipper_NOUN _PRT_,1063
z /_NOUN,13771
zombies are_VERB,1449
zeiden tot_X,13056
z_NOUN x_NOUN,2068
zooming _ADV_,2522
zeiden_NUM tot_NOUN,2797
ze_ADJ _NOUN_,1450
zeal ,_.,15542
zero_NUM point,4305
z onych,2190
zeal_NOUN was,1190
zone_NOUN _NOUN_,62581
zero_NOUN '_.,1094
z_NOUN =_X,43722
z ij,1084
zombie 's_PRT,1408
z2_NUM _NUM_,3023
ze _VERB_,2211
zegt_X gij,1010
zákonníci_X _X_,2048
z_NOUN with,1098
z s_VERB,1130
zodiac ,,2694
zoned for_ADP,1245
zest_NOUN to_PRT,1429
z ;,4054
zwischen_NOUN _NOUN_,5177
zebrafish _VERB_,2513
z axis,3737
z_NOUN :_.,3356
zombies_NOUN _CONJ_,2444
zu_ADJ ihm,5585
zhongguo_X _X_,1266
zo _X_,2381
zenith _NOUN_,3164
zone_NOUN 3,1505
z =,44977
z Faryzeuszów,2541
zoo_NOUN animals_NOUN,1578
zone _DET_,9553
zinc_NOUN is_VERB,1907
zip_NOUN of_ADP,1294
ziende_X ,_.,4598
zo zoudt_X,1235
zero_NUM to,12145
zippered_ADJ _NOUN_,2103
zebras _._,2587
zone 's_PRT,1065
zone_NOUN (_.,22010
zu _NOUN_,28140
zu JEsu,2990
z_NOUN /_NOUN,13695
zero ,_.,68130
z_NOUN c,1350
zoning_NOUN ordinances,1042
zij_X riepen,1469
zodiac signs_NOUN,1130
z_NOUN →_NUM,1446
zone the_DET,1400
zero_NUM carbon,1215
z <_NUM,1202
zenith ,_.,4457
zone on_ADP,3128
zeroes_NOUN _ADP_,2222
zoster_NOUN _NOUN_,3923
zucchini _VERB_,1618
zinc and,6508
z H,1458
zone from_ADP,2139
z_NOUN '_.,4577
zucchini_NOUN _._,9247
zeros_NOUN _PRT_,1191
zegt_X gij_X,1010
zoom into,1012
zone during_ADP,1072
zero_NUM _CONJ_,27611
zero_NUM :,3093
zum drittenmal,1297
zip_NOUN _ADP_,3944
zi_NOUN ,,1026
zodiac sign_NOUN,1178
zodiac ._.,2213
zijnen_X naam_X,1130
zone _ADJ_,6298
zis_X :_.,15985
zither _VERB_,2308
zstąpił z_NOUN,1156
zebra _VERB_,1942
z_NOUN a,2480
zippers _._,1431
zda_X ?,1039
zip_NOUN _NOUN_,16975
zero_ADJ ,_.,1599
zero and,23007
zoom_NOUN in,3343
z_NOUN t,4295
zum_X Grabe_NOUN,1300
zip_NOUN codes_NOUN,2038
zone that_DET,4126
zeroes_NOUN _._,2082
zaprawdę mówię_X,1160
zum_NOUN _NOUN_,10724
zeros in,2357
zero_NUM (_.,15007
zenith and,1219
zealous _ADJ_,1623
zucchini _CONJ_,2431
zone_NOUN (,22010
z u,1176
zero_NOUN is,3741
zij_X Jezus,1238
ziemi_ADV ,_.,1020
z_NOUN direction,2905
zeta_NOUN function_NOUN,1593
zi_NOUN )_.,1674
zoo _ADP_,5472
z_NOUN >_NOUN,1027
zis celor,1026
z _ADV_,3350
zenith in_ADP,1704
zoo_NOUN _._,23760
zoledronic acid_NOUN,1503
zoom _ADP_,9425
zicînd _._,2508
zealously_ADV _ADP_,1346
zoning_VERB ordinance,1115
zijt ._.,1911
zones_NOUN are_VERB,8049
z_NOUN of_ADP,2137
zebras_NOUN ,,1540
zone_NOUN at_ADP,3651
zeitgeist of_ADP,1485
zeugete_NOUN _NOUN_,3613
zijn _X_,3595
z u_NOUN,1176
zoomed _._,1518
zealous ,_.,2185
zicînd_NOUN :,2293
zucchini _NOUN_,4664
zen_NOUN _._,1100
zona pellucida_NOUN,1297
zo hij,1238
zone during,1072
zero as,5891
zoo_NOUN _PRT_,2157
zo gelooft,1352
zesde ure_X,1125
zn _._,2045
zero percent_NOUN,1237
zero --_.,12575
ziceau_NOUN :,2356
zombies _CONJ_,2445
zoonotic_ADJ disease,1057
zeta_NOUN potential_NOUN,3027
zero crossing,1038
zoning_NOUN laws,1285
zeide_ADV tot,18434
zealous_ADJ ,,2144
zombie_ADJ _._,1263
zombies in,1478
zinc and_CONJ,6508
zstało _._,2204
zone_NOUN _NUM_,11376
ze _ADJ_,1415
zeide de_X,1578
zij begonnen,1237
z_NOUN and_CONJ,7462
zenith_NOUN of_ADP,5624
zealots_NOUN _VERB_,1724
zweert_X bij_X,1463
zoning_VERB _CONJ_,1760
zero !_.,1042
zooplankton ,_.,1402
zdumieli się,1153
zone_NOUN ;,4369
zu_X Tische_NOUN,2567
zero_NUM coupon_NOUN,1278
zones _ADV_,7461
zero_VERB as,3025
zeg_X _NOUN_,8338
zeal _CONJ_,12268
zochten_X _NOUN_,1465
zoo -_.,1457
zones between_ADP,1294
zip_NOUN ,,1404
zichzelven _NOUN_,1239
zipped_VERB past,1003
ziemi ;_.,1036
zones ",2987
zoning _CONJ_,3363
zooms_NOUN in_ADP,1891
zombie_NOUN _CONJ_,1439
z_NOUN _ADV_,2649
z_NOUN scores_NOUN,1076
zero ,,68140
zoo ,_.,7768
zag Hij,1008
zeggen zal,1014
zenith_NOUN in_ADP,1704
zone ),6588
zero_NUM coupon,1278
zero_VERB in,3312
zal_X den,2023
zero carbon_NOUN,1215
zombie_NOUN _PRT_,2019
zesde_X ure_X,1125
zu_X einem,1731
zult_X _._,2590
zoned _ADV_,1668
z_ADJ --_.,4038
zoster virus,3790
zone in_ADP,17038
ziceau_NOUN _._,2459
z .,17075
zwitterionic_ADJ _NOUN_,2174
zoology_NOUN and,1026
zombies_NOUN and,1942
zone_NOUN when,1013
zodiac ,_.,2686
zero to,13339
zeide_ADJ hij,3045
zones on,1831
z |,14760
zones_NOUN for_ADP,3722
zal_X aangenomen,1125
zeta potential,4817
zhenqi _VERB_,1589
zeal_NOUN _PRT_,6269
zebras ,_.,1542
zijt_X het_X,1011
zero by,2427
zinc -,6757
zone _ADP_,137417
zhi_X _X_,5733
zaaien_X _._,1012
z_NOUN uczniów_X,3115
zoning board,1146
zero_NOUN _NOUN_,5557
zipping _PRT_,2814
zero_NUM crossing_NOUN,1021
zombies_NOUN in,1469
zài_X _X_,1413
zijne_X ogen_X,1017
zoned out_ADV,1355
zeal which_DET,1105
z_NOUN <,2299
zero_NUM interest,2307
zicînd :_.,2508
zoning regulations_NOUN,1771
zones_NOUN :_.,3809
zeitgeist_NOUN ._.,1263
zeros_NOUN _CONJ_,2692
z_NOUN c_NOUN,1350
zither _ADP_,1651
zone _X_,2371
zstało się_X,5789
zeal_NOUN ;_.,1215
zipped_VERB _PRON_,5307
zinc_NOUN ,_.,17883
z_X _NUM_,2190
zz_NOUN _._,1239
zi _NOUN_,1000
zero on_ADP,3285
zone _NUM_,11376
zero_NOUN and,4896
zástupu_X _._,1621
zipper_NOUN and_CONJ,2497
zákoníků _._,1291
z_NOUN },3549
zip file_NOUN,1058
zemër _X_,1001
zeros_NOUN _._,12160
zone_NOUN 3_NUM,1486
zij zullen,6864
zero_NUM values,1100
zij_X riepen_X,1469
zdaliž _X_,1555
zu_X derselbigen,1163
zijt de,2025
zombie _PRT_,2028
zero _DET_,4684
z_NOUN |_NUM,2157
zstało_X się_X,5789
zero_NOUN .,17333
zero _ADP_,69549
zombies_NOUN in_ADP,1469
ze _._,1666
zoom_VERB in_ADV,1247
zbriti_X _X_,1631
zygote _._,3792
zoster ,_.,1507
zrozumieli_X _X_,1040
znaleźli ,_.,1151
zones_NOUN _PRT_,5612
zero_NUM velocity_NOUN,1126
zeiden_X onder,1126
zum_X Eckstein,1149
zstał się,1740
zij_X Hem_NOUN,1908
z Faryzeuszów_NOUN,2541
zur Geschichte,5569
zero lower_ADV,1594
zi_NOUN _VERB_,1041
zmartwychwstanie_X ._.,1155
z kościoła_NOUN,1155
zoo_NOUN .,10170
zeolite_NOUN ,,1055
zoom_NOUN _NOUN_,7442
z /,16086
zweert bij,1691
z_NOUN ≤,1657
zu _._,3916
zð Þ,1109
z2 )_.,2305
zygote _NOUN_,1074
zones_NOUN ;_.,2160
ze _NOUN_,8117
z_NOUN score,2381
z3 _._,1072
zvaný _NOUN_,1031
zoom _VERB_,1030
zeide_NUM _NOUN_,5213
zero_NUM of_ADP,2082
zoster_ADJ _NOUN_,2305
zweert _X_,1578
zones_NOUN _ADP_,66685
zoology_NOUN and_CONJ,1026
zeta function_NOUN,1593
zijne_X moeder,2147
z +_.,3381
zaprawdę mówię,1160
zip file,1074
zipping_VERB up,1779
zones_NOUN ),2592
z_NOUN _ADJ_,1868
z_NOUN k_NOUN,5978
zone_NOUN _DET_,9553
z_NOUN i_NOUN,2428
zwei Fische,2645
z_NOUN 4,1388
zone_NOUN can,2396
zigzag_NOUN _._,2901
zeide hij,9705
zeg het,1350
z b_NOUN,1299
zero_ADJ temperatures_NOUN,1011
zone_NOUN 1,1835
zones ,_.,38117
z -,45929
zone lymphoma,1324
zeitgeist _._,3333
zones _._,98952
zoning_NOUN ordinance,1756
zooplankton ,,1416
zeta potential_ADJ,1784
zenith_NOUN ,_.,4457
z_NOUN m_NOUN,1781
zegt gij,2703
zoomed_VERB _ADV_,3926
zeide hij_NOUN,3054
z for_ADP,1639
zero_NUM net,1280
zaprawdę_X mówię,1160
zis_X celor_X,1026
zinc oxide_NOUN,9904
zone 2_NUM,1459
z_NOUN are,3159
zmartwychwstanie .,1386
zirconium_NOUN _._,1916
zone :_.,8877
zeide_NOUN dan_NOUN,1002
zis_X ei_X,1602
zákonníkov_X _X_,1026
ziceţi _X_,1145
z_NOUN N,1076
zero carbon,1219
zest of,6430
zip_NOUN codes,2038
zoology_NOUN ,_.,2846
zij_NOUN Hem,5597
z_NOUN →,2878
zij_X u_NOUN,1803
zone has_VERB,2341
zucchini_NOUN .,1279
zeide_NUM tot_NOUN,5213
zhenqi _NOUN_,1352
z ._.,17073
zebrafish_NOUN ,,1837
zombies_NOUN are_VERB,1449
ziua judecăţii,1254
zoning _NOUN_,25700
zero_NOUN _VERB_,10700
zygomatic _NOUN_,6368
zoos ,_.,2474
zeros_NOUN (_.,3601
zum_X Schemel_X,1066
zijt_X niet,1123
zu_X _._,1749
zeolites ,,1874
zoology_NOUN _._,4868
z the,1376
zeros (_.,3601
zebrafish .,2364
zag Hij_NOUN,1008
zal_X overgeleverd_X,1239
z_ADJ --,4038
zum Schemel_X,1066
z_NOUN -_.,36422
zeros_NOUN of_ADP,4494
zeroth_ADJ _NOUN_,1521
zoning_NOUN _ADP_,2495
zeiden_X onder_X,1126
zombies_NOUN ,_.,6066
za_X proroka_X,1159
zi _._,6311
zucchini_NOUN _VERB_,1600
zegt gij_X,1010
zones_NOUN in_ADP,12171
zeal_NOUN with,1432
z_NOUN n_NOUN,2256
zone may_VERB,1379
zoning_NOUN ._.,1338
zealots_NOUN _ADP_,1340
z_NOUN ∈_NUM,12056
z h_NOUN,1070
zone for,7913
zipping up,1781
ziemie_X _._,1393
zip _VERB_,1588
zero_NUM as_ADP,2189
zonden_X hem_NOUN,1013
z 2_NUM,18361
zeroing_VERB in_PRT,2678
zaprawdę_ADJ _NOUN_,1956
zest_NOUN ,,7726
zenith _CONJ_,1341
zones_NOUN in,12171
z is_VERB,10944
zeolitic_ADJ _NOUN_,1316
zip_VERB up_PRT,1789
zeal_NOUN to_PRT,6211
zeide_X ook_X,1123
zero_NOUN when_ADV,1886
zinc_NOUN finger,2692
zoo _VERB_,5321
zum_X Eckstein_X,1149
zoos ,,2493
zone _CONJ_,30867
zombies ._.,6374
zero_NOUN of,2958
zemër ,_.,1059
zipper_NOUN down,2373
zstało ,_.,1044
zones :_.,3809
zoned_VERB for_ADP,1223
zornig_X und,1537
zij gingen_X,2818
z_NOUN _ADP_,23166
zoonotic diseases_NOUN,1393
zest_NOUN 1,1446
zippered _NOUN_,2183
zero_NUM at,6677
zeitgeist ,_.,1231
z_NOUN Festivals_NOUN,1033
zero in_ADP,13468
znaleźli ,,1151
zákoníci a,1989
zoning _ADP_,3504
zero when,3840
zeros_NOUN .,4022
zinc is_VERB,1907
z ),160536
zeolites_NOUN ,,1873
zeide_X hij_X,6647
zicînd :,2508
z_NOUN u,1045
zoom_NOUN lens_NOUN,2176
zero_NOUN _ADV_,4926
zoning_NOUN _NOUN_,14859
zipped the,1302
z_NOUN x,2068
zap _._,1240
zum Munde,1003
zeitgeist _ADP_,2299
zealots ,,1280
zeal_NOUN with_ADP,1432
zone_NOUN within_ADP,1080
zoomed_VERB _ADP_,6835
z to,1632
zone_NOUN 2_NUM,1459
zu Berlin,3472
zeal_NOUN and_CONJ,11243
zeros_NOUN ._.,4022
zero ._.,105979
zip_NOUN _VERB_,1376
zombie _._,15530
zoos _VERB_,2255
zombies_NOUN are,1449
zenith_NOUN ,,4457
zipped_VERB the_DET,1302
zoo_NOUN _ADP_,5472
z_NOUN H_NOUN,1452
zo wat_X,1569
zipped_VERB up_ADV,1195
zero_NUM "_.,1511
zero_NOUN "_.,1619
z_NOUN světa,1053
zoomed_VERB _NOUN_,1121
zebras _VERB_,1124
zip _PRT_,3088
zero_NUM by,1943
zigzagged _ADP_,2466
z_NOUN ,_.,50895
zástupy ,,2310
zoology .,1121
zoning ,_.,3900
zone ,,80262
zalig worden,2025
zijn broeder_X,1574
zoning _._,7430
zaprawdę powiadam_NOUN,2647
zeros _CONJ_,2692
zone -_.,3825
zeros ,,2764
z1_NUM ,_.,1289
zinc_NOUN )_.,1234
zoom lens_NOUN,2220
zoom_NOUN out,1046
zero_NUM crossing,1027
z_NOUN daleka_X,1622
zijne klederen,1469
zoning_NOUN ordinance_NOUN,1756
z directions_NOUN,1259
zealous_ADJ and,2420
zero_NOUN -_.,1883
zeide_NUM tot,5213
zichzelven_X _._,3486
zoologist _NOUN_,1339
zijn Hem_NOUN,1232
zoster _VERB_,1021
zipped_VERB through,1547
zoudt _X_,3374
zij_X vraagden_X,1575
zip_VERB it,1104
zu den,4581
zu_X säen_X,1144
zeggende tot_ADJ,1232
zone in,17058
zero values_NOUN,2016
zones_NOUN _VERB_,39813
z_NOUN 0_NUM,15656
zombie_NOUN -,1477
zone within_ADP,1080
z_NOUN Jezusem_NOUN,1849
zoos_NOUN .,1383
zoom_NOUN ,,1322
zone_NOUN _VERB_,72150
zaprawdę_X powiadam,2538
zone_NOUN are,3033
za_X stołem,1265
zoonotic_ADJ diseases_NOUN,1226
zebra ._.,1183
z_NOUN ;_.,3707
zài _X_,1413
zone to_PRT,9722
zest_NOUN for_ADP,3731
zoning_NOUN .,1338
z --_.,20725
zero_NUM at_ADP,6621
zero_NUM or_CONJ,8798
zone_NOUN ?,2545
z e,1984
zither ._.,2043
zinc_NOUN deficiency,1844
zegt_VERB gij,1355
zu_NOUN _NOUN_,22062
zest to,2947
ziceţi_X :_.,1480
zu_X Simon_NOUN,1439
za proroka,1159
z c_NOUN,1583
zij ontzetten_X,1353
z_NOUN A,1170
zijne_X vrouw_X,1357
z_ADJ -,9040
zombie -,2645
z 4_NUM,1444
zwischen _NOUN_,6773
zapiał _._,1039
zest_ADJ _ADP_,2692
zones ;,2160
zones "_.,2987
zouden_X ;,1235
zip_NOUN of,1294
zoo _ADV_,1257
zoo_NOUN ,,7768
zucchini and,2082
zij_X verstonden,1124
zone_NOUN that_ADP,1220
zest_NOUN and_CONJ,8239
zip ._.,1906
zeolites ._.,1179
zoudt gij_X,1575
zo zult_X,3490
zum_X drittenmal_X,1295
zero temperatures_NOUN,1119
zoomed _PRT_,6861
zones_NOUN on_ADP,1830
zombies were,1457
z z,5868
zinc _NOUN_,54074
zero !,1042
zoo_NOUN _VERB_,5321
zigzag_NOUN pattern_NOUN,1157
zone_NOUN will_VERB,1404
zebrafish_ADJ _NOUN_,6179
zis ei,1602
zoology and_CONJ,1026
zero_NUM hour,1051
zone_NOUN during,1072
zombies and,1943
zou _X_,1061
z učedlníků,2340
z_NOUN Boha_NOUN,1275
zum_X _X_,13910
zero initial_ADJ,1240
zone_NOUN may_VERB,1379
zero value,3768
zones _PRON_,1062
z_NOUN is,10670
z =_X,44807
zoning_NOUN regulations_NOUN,1135
zero_NUM energy_NOUN,2469
zip_NOUN -,5628
zeige_X dich_X,1325
zip_NOUN .,1788
zone where,5337
zones_NOUN where_ADV,2547
zo_X zoudt_X,1235
zone management_NOUN,1066
z_NOUN n,5967
zodiac_NOUN ,,2640
zipped it,2246
z_NOUN [,2322
zstanie_X _X_,1044
zero_NUM level_NOUN,1336
zeiden onder_X,1126
zone_NOUN of,65717
z Jeruzalemu,1035
zákonníci _X_,2048
zal_X uw_X,2478
zone_NOUN at,3651
zeros and_CONJ,2287
zoom_VERB in,6773
zombies_NOUN _PRT_,1179
zeg_NOUN Ik,5702
zasię_X _X_,6432
zwischen _X_,4725
zhenqi_NOUN _ADP_,1222
zum_X _NOUN_,6463
zwei_X Fische_NOUN,2051
zombies _PRT_,1190
zodiac_NOUN _VERB_,1548
zoom _ADV_,2918
z uczniami_X,3003
zij zullen_X,5402
zákonníci a_X,1250
z_NOUN j_NOUN,5572
zoned_VERB _ADP_,3313
z_X _NOUN_,1700
z těch_NOUN,1224
zinged _ADP_,1315
zebrafish ._.,2364
zone 1_NUM,1817
z_NOUN l_NOUN,1442
zones _ADJ_,2561
zones_NOUN is_VERB,2394
zoology _CONJ_,1130
zip it_PRON,1134
zircon_NOUN _NOUN_,4240
zone_NOUN I,1052
zone that,5370
zipped _PRON_,5328
z 3_NUM,3574
zero ?,2029
zoomed_VERB _PRT_,6857
zipper _._,12744
z učedlníků_X,1404
zodiac _NOUN_,4397
zwaarden _X_,1126
z_NOUN farizeov,1140
zis_X ei,1602
zoster ,,1512
zest _PRT_,3049
z to_PRT,1630
z_NOUN města,1091
ziggurat _._,1118
zawołał_X _X_,1269
z Galilei,1035
zero_VERB when_ADV,1228
zirconia_NOUN _VERB_,1140
zest_NOUN _CONJ_,8814
z_NOUN y,1694
zone_NOUN in,17057
zealots ,_.,1278
zone '_.,4481
ziceţi_X :,1480
zero_NOUN on_ADP,1023
zero_NUM vector_NOUN,1746
zic_X că_X,1026
z |_.,11616
zone B_NOUN,1090
zip_VERB it_PRON,1104
zip_NOUN line,1471
zeide Jezus_X,2608
z_NOUN n_ADP,2000
zebra_NOUN ._.,1167
z_NOUN are_VERB,3159
zone [,1236
zones for,3722
zealous_ADJ for_ADP,3013
zinc_NOUN and,6508
zero_NOUN is_VERB,3741
zone_NOUN management,1066
zither _._,5896
zeros_NOUN and,2287
zástupové_X _X_,1523
zirconia_NOUN _NOUN_,2141
zero temperature,2307
zoo .,10170
zij verstonden,1461
z ∈,14465
zones -,1064
z0 )_.,1045
zein _NOUN_,1417
zipping _PRON_,2157
zero sum_NOUN,1318
zygote_NOUN ,_.,1135
zmartwychwstał .,1039
zeroes _._,2100
zal gegeven,1573
z plane,1438
zero_NUM temperature,2306
zinc_NOUN (,3468
z farizeů,1287
zis El_NOUN,1938
zdumiewali się,1155
zombie_NOUN -_.,1477
zichzelven :,1011
z_ADJ directions,1120
zapiał_X .,1039
zero_NOUN when,1886
zástup_X ,_.,3897
zero_NUM chance_NOUN,1415
zone_NOUN is,18986
zooplankton_NOUN _ADP_,1179
zeiden_X tot_X,13056
zis ei_X,1602
zip up,2213
zigzag ,_.,1392
zeroth _._,1321
zeroed_VERB _PRT_,8176
zombie _VERB_,6602
z_NOUN in,3600
ziceţi _._,2280
z_NOUN města_NOUN,1084
zenith_NOUN _._,9377
zijne ogen_X,1017
z 4,1446
zbriti _X_,1631
zero and_CONJ,22982
zoning and_CONJ,2878
zone_NOUN _X_,2371
zero_NUM _VERB_,10960
zaprawdę wam_X,1044
zone on,3132
z_NOUN y_NOUN,1492
zoo -,1459
zombie_NOUN .,5478
zero _PRT_,17389
zona _X_,1698
zoned _ADP_,3406
zipped_VERB _ADP_,6066
z the_DET,1370
zu säen,1145
zone_NOUN and_CONJ,25669
z |_NUM,2158
zoos_NOUN _._,4638
zipped _ADV_,3442
zeg_X ulieden_X,1131
zygomatic_ADJ arch,2552
zijn_NOUN broeder_NOUN,1571
zenith_NOUN in,1704
zero_NOUN or_CONJ,1551
zither music,2055
z ],5984
zoo ?_.,1158
zone_NOUN in_ADP,17038
z k_NOUN,6890
zur _NOUN_,26934
zero_NUM level,1336
zu_ADJ ihnen_ADJ,2520
zum Eckstein_X,1149
zucchini_NOUN ,_.,6274
zero values,2029
zygote_NOUN _VERB_,2559
zones :,3810
zichzelven ,_.,3039
zinc_NOUN chloride_NOUN,1029
zoology_NOUN ._.,1120
zest and_CONJ,8922
zip_NOUN _._,11599
zinc_NOUN oxide,9937
zij_X gingen,2931
zakonie_NOUN _NOUN_,1387
z ∂_NUM,2507
zealot_NOUN _._,2049
zealous_ADJ _PRT_,1042
zeros_NOUN _ADP_,10739
zone as,3531
zoom_VERB _ADV_,2426
zichzelven_X _X_,4835
zeide dan_NOUN,1008
zero_VERB in_PRT,3193
zone ",7485
zero for,11236
z as_ADP,1128
zijt niet,1348
zeroed in_PRT,7693
zones_NOUN ;,2160
zeal_NOUN .,9232
zoster_NOUN _._,3157
z2 ,_.,1039
zero_VERB _ADV_,4629
zero_NUM waste,2146
z_NOUN k,6247
zipped_VERB _._,1274
zombies ,_.,6076
zone_NOUN would_VERB,1178
zoos_NOUN _VERB_,2237
zone_NOUN 2,1476
z value_NOUN,1633
zone ?,2545
zwei _NOUN_,1845
zoos_NOUN ,_.,2459
zero by_ADP,2412
zwölf Jünger,1125
zero time,1373
ziceau :_.,7410
ziende_X _._,5273
zones ;_.,2160
zero_NOUN or,1551
zn_NOUN _._,1018
zum Eckstein,1149
zijne vrouw,1470
zoning ordinance,2878
zither_NOUN _._,5841
zum Alten,1138
zones _ADP_,66685
z ",1951
ziemi_ADV ,,1020
zest_ADJ to,1494
zero interest,2308
zones _NOUN_,4452
zero_NUM and,17452
zero because,2170
zic că,1026
z_NOUN direction_NOUN,2905
zeros_NOUN are,1271
z_NOUN as,1180
zijn broeder_NOUN,1571
zoom_NOUN lens,2176
zombie and,1007
zdaliž_X _X_,1555
z_ADJ /_ADJ,1657
zone _VERB_,72150
zeolites _VERB_,2222
zijn kleed,1015
zu_X Pilatus_X,1584
zero_NOUN _CONJ_,6567
zoomed_VERB in,7540
z values_NOUN,1247
zone where_ADV,5337
z with,1112
zijn_NOUN Hem_NOUN,1120
zero_NUM is,2434
z is,10945
z /_ADJ,1696
zones that_DET,3136
zygomatic_ADJ arch_NOUN,2549
zonal _NOUN_,11908
zeal and,11439
za morze_X,1389
zdumieli się_X,1049
zones have_VERB,1774
zeg_X u_NOUN,7661
zap _PRON_,1460
zeide_X Jezus,2721
zda ?_.,1039
zero energy_NOUN,2469
zu_X den,1521
zombies were_VERB,1457
zijn Hem,1232
zu Pilatus_X,1584
zip code,5238
zij_X ontzetten,1353
zero_VERB at,2696
zero_ADJ _ADJ_,2575
zoo_NOUN -_.,1457
zones that,3594
za _NOUN_,2831
zeta_NOUN _ADJ_,1824
z b,1313
zipper down_ADV,1728
zither_NOUN ._.,2042
zipper down,2373
zstało się,6264
zeros _PRT_,1272
zdumieli_X się_X,1049
zero_NOUN and_CONJ,4896
zajisté_X _X_,8973
zoned_VERB _ADV_,1639
zð _NOUN_,1592
zones of_ADP,30219
zenith of_ADP,5624
zooms in,3009
zeal with_ADP,1440
zákoníci_X a_X,1638
zero coupon_NOUN,1280
zeros .,4022
z n_ADP,2012
z_NOUN +_NUM,1851
zombies_NOUN .,6365
zigzag_NOUN pattern,1157
zwano _NOUN_,2075
zeroes .,1001
zircon _NOUN_,4353
zal_X Ik_X,1218
zoned_VERB out_ADP,1009
zone_NOUN between_ADP,7167
z_ADJ /,1729
zone when_ADV,1013
zero_VERB _DET_,1508
z c,1585
zum_NOUN Alten_NOUN,1071
z )_.,160534
zaprawdę powiadam,5185
zeitgeist_NOUN of,1484
zj _._,1126
zu Kapernaum,1172
zástup mnohý_X,1053
z_NOUN A_NOUN,1134
z ¯,2057
zeros_NOUN (,3601
zip _._,12329
zijne voeten,1017
ze wszytkiego_X,1160
zero_NUM values_NOUN,1093
zoom_VERB _PRT_,5826
zipper on_ADP,2517
z_NOUN Faryzeuszów,2541
zij zullen_NOUN,1012
zinc chloride_NOUN,1056
zipped_VERB _DET_,1579
zero_NUM percent_NOUN,1235
zasię_VERB _NOUN_,1033
zákoníci_X _._,1172
zone at,3651
zucchini _ADP_,2210
zone_NOUN the,1400
z_NOUN r_NOUN,1102
zoo ?,1158
zda ?,1039
z }_.,3575
z_NOUN H,1452
z 0_NUM,15920
zero hour_NOUN,1052
zing_NOUN of,1484
zero as_ADP,4804
zones_NOUN at_ADP,1198
z +,12279
zone will_VERB,1404
z y,1981
z 2,18565
zipper of_ADP,3474
zones around_ADP,1245
zoning laws,2114
z_NOUN ¼,5164
zum _X_,13912
zucchini_NOUN and,2072
z_NOUN to_PRT,1619
zemër ,,1059
zones_NOUN within_ADP,1274
zoo_NOUN and_CONJ,2462
zest 1_NUM,1529
zooplankton _ADP_,1191
zstanie _X_,1044
zero_NUM for,6265
zombie .,5495
zombies _._,15072
zal_X van_NOUN,1013
z with_ADP,1112
zrozumieli _X_,1040
zone_NOUN ,_.,80225
zeroing_VERB in,2913
zum_NOUN Alten,1071
zijne_NOUN jongeren_NOUN,1544
zone_NOUN around_ADP,2229
zástupové _._,1521
zero hours_NOUN,1166
zing_NOUN _ADP_,1984
zero .,105983
zij riepen,1574
zbójców _._,1038
zwitterionic _NOUN_,2183
zoo_NOUN _ADV_,1257
zplodil_NOUN _NOUN_,2554
zástupy ,_.,2310
zero energy,2470
zijn_X broeder_X,1574
zoledronic _NOUN_,1507
zdumieli_X _X_,1049
zone was_VERB,5758
z2 _NOUN_,1797
zones in,12172
zero _X_,1344
zero is_VERB,6200
zoology _._,4869
zero ;,4243
za_X proroka,1159
zmartwychwstał ._.,1039
zij begonnen_X,1237
zest_NOUN _ADP_,12965
zrodził_NOUN _NOUN_,3220
zeiden_X :_.,13322
z_NOUN uczniami_X,3003
z_X _X_,2386
z_NOUN |_.,11533
zone_NOUN [_X,1236
zeide Jezus_NOUN,1676
zo_X wat,1569
zipper_NOUN ._.,7157
z_NOUN 3_NUM,3496
zombie_NOUN and_CONJ,1003
zero_NUM mean_NOUN,4116
zeg_ADJ u,8480
zero_NUM in,11211
zero_NUM tolerance,5127
zero the,1979
zipping _ADP_,2787
zone_NOUN by,2271
zinc ,,17903
zone_NOUN ',4653
zealous_ADJ ,_.,2144
zmartwychwstanie_X _._,1155
zones_NOUN between,1294
zebrafish _._,6321
zones_NOUN or_CONJ,2266
zij Jezus,1463
zal ?_.,1351
zijn heer_X,1128
zeros _._,12161
zijt de_X,2025
zinc .,5348
zo_X wat_X,1569
z_NOUN ~,1731
zooming in_ADP,3748
zoning ,,3912
zij_X zeiden_X,6303
z t_NOUN,4137
zoology ._.,1120
zero_NUM ",1511
zygote .,1556
z_NOUN *_X,1446
zeide de,1578
z_ADJ _ADJ_,5349
zip ties_NOUN,2112
zombie and_CONJ,1007
zebrafish (,1624
zi_NOUN ,_.,1026
zoomed_ADJ _._,1040
zeide_X de_X,1578
zesde_X ure,1125
zither ,_.,2887
zona_ADJ _NOUN_,1112
zipped_VERB up,6311
z direction_NOUN,3431
zone which_DET,1452
zone or_CONJ,3962
z p,2029
zij_X tot_X,3270
zombie -_.,2645
zombies and_CONJ,1942
zijn _._,1069
ziceţi_X _._,1594
zinc in,2839
zombie_NOUN _NOUN_,20668
zákonníci a_DET,1030
zones_NOUN within,1274
zero_NUM ),10824
zero when_ADV,3837
zero_VERB _ADP_,11640
zipper on,2519
zenith_NOUN _CONJ_,1341
zones_NOUN have,1774
zooming_NOUN in,1027
zealous_ADJ in,2557
zone_NOUN during_ADP,1072
zijne broeders,1130
zone 's,1090
zouden_X ;_.,1235
zeal_NOUN _PRON_,1467
zest _VERB_,1276
zstanie ,,1044
zal_X overgeleverd,1239
zijne_X klederen_X,1469
zombies_NOUN ._.,6365
zone are_VERB,3033
zz _NOUN_,1128
zip_NOUN ties,2146
z_NOUN a_DET,2373
zo_X gij,3037
zealous_ADJ in_ADP,2557
zis ucenicilor_X,1824
zinc (,3472
zucchini_NOUN _ADP_,2180
zigzag_ADJ _NOUN_,2067
zipper_NOUN on,2519
z_NOUN ∂,3501
zinc _ADP_,6959
zaprawdę_X powiadam_X,2538
zeal_NOUN that,1769
zero_NUM :_.,3088
zijnen vader,1356
zillion _NOUN_,2090
zero _NOUN_,202176
zal Hij,2688
z direction,3431
zo_X wie_X,4482
zeiden zij_NOUN,1126
zone_NOUN which,1452
zi_X _X_,2042
zeal_NOUN which_DET,1103
zones within_ADP,1274
zealous _PRT_,1052
zones are,8049
zero --,12575
zu_X einer,3238
zástup_X ,,3897
zo gij_X,3037
zegt_VERB gij_VERB,1355
zeal_NOUN ;,1215
zirconia _._,2847
zone is_VERB,18986
zero -,76952
zi ,,1650
zonation_NOUN _ADP_,1273
zirconium_NOUN _NOUN_,4626
zones _VERB_,39813
zero_NOUN ,_.,25003
ziggurat_NOUN _._,1027
zoning_VERB ,_.,2133
zagen_X zij,1350
zebra_NOUN ,,1880
zenith_NOUN of,5624
zip of,1295
zeide ook_X,1123
zero_NUM percent,1235
zoster _._,4110
zeiden dan,1345
zero_NUM degrees_NOUN,1271
zeal ;,1244
z ¯_NOUN,1305
zooming_VERB _ADP_,5948
zombie apocalypse,2164
zero gravity_NOUN,1777
zones where_ADV,2547
z_NOUN d,1225
zal Hij_NOUN,1008
zij_NOUN allen_NOUN,1014
zircon _._,1873
zero time_NOUN,1373
zero_NUM by_ADP,1941
zero point,4313
zebra_NOUN _NOUN_,2923
zirconia _VERB_,1217
zoo_NOUN 's_PRT,1188
zeal_NOUN _CONJ_,12025
zero_NOUN for_ADP,3001
zeroing _PRT_,2859
zigzagging_VERB _ADP_,2182
zero emissions_NOUN,1237
zombie_NOUN ,_.,4669
z n,6395
zip it,1134
ze mnie_X,1040
zebrali _._,1500
zeal_NOUN _ADV_,1192
ziemi ;,1036
zodiac signs,1143
z_NOUN *_NOUN,3815
zealous to_PRT,1051
zeros_NOUN in,2286
zeolites_NOUN _._,3914
zornig_X und_X,1537
zo_X zoudt,1235
zweert_X bij,1463
z >_NUM,1753
zipper_NOUN _ADV_,2768
zooming _ADP_,7346
ze wszystkiej,1380
z_NOUN wierzchu,1040
zenith_NOUN angle_NOUN,1454
z B,1136
zebra_NOUN .,1167
zeide_NOUN :,15342
zeal_NOUN of,9553
zero_NUM to_PRT,12145
z_NOUN _DET_,5750
zee _NOUN_,1294
zone 2,1476
zástup_X mnohý_X,1053
zoonotic_ADJ _NOUN_,7087
zip_NOUN code_NOUN,5188
z score,2448
zalig _VERB_,1462
zijne ogen,1130
zoos_NOUN and_CONJ,1876
zo_X zult,3490
złe_X ,_.,1042
z_NOUN :,3356
z 1_NUM,22789
zones for_ADP,3722
zone_NOUN B,1090
z_NOUN >,3295
zoning_VERB out,1159
zero_ADJ temperatures,1011
zoudt_X gij_X,1575
zone_NOUN 1_NUM,1817
zidovudine_NOUN _._,1046
z_NOUN Boha,1275
zealous_ADJ _ADP_,7907
zero order_NOUN,1889
zesde ure,1125
zoning of_ADP,1162
zone_NOUN as_ADP,2775
zz _._,1688
zeros and,2287
zero_VERB _._,1766
zones_NOUN _ADJ_,2561
zeroes _ADP_,2270
zijne moeder,2712
zeal with,1440
zones_NOUN ._.,36191
zirconium _NOUN_,4817
zealous for_ADP,3072
zero_NUM hours_NOUN,1074
za dni_X,1500
zplodil_X _NOUN_,1885
z uczniów_X,3115
zero _._,307661
z1_NUM _._,2725
z Boha_NOUN,1275
zero_NUM of,2082
zeal for_ADP,14069
z f,1218
ze_NOUN _NOUN_,5197
zoomed in_PRT,4554
zeg_NOUN Ik_NOUN,5702
zone_NOUN has_VERB,2341
z_NOUN m,1893
zoomed in_ADP,2012
zero _VERB_,22295
zero_VERB at_ADP,2694
zoom ,,1500
z_NOUN b_NOUN,1135
zodiac_ADJ sign,1175
zygomatic_ADJ _NOUN_,6368
zeggen tot_X,1689
zero :_.,3298
zinged_VERB _ADP_,1314
zest_NOUN of_ADP,5646
za_X dni_X,1500
zone I,1052
zebra ,,1910
ze_X wszytkiego,1044
zero ?_.,2029
zigzags_NOUN _._,1391
ziceau_X :,4940
zones_NOUN )_.,2592
zebrafish_NOUN ._.,2342
zones (_.,9747
z_NOUN to,1621
zest _ADP_,15763
za Jezusem,1039
z_X )_.,1457
zygote_NOUN ._.,1541
zoological_ADJ _NOUN_,7175
zero crossing_NOUN,1021
zone_NOUN _ADP_,137417
zone around_ADP,2229
zigzag pattern_NOUN,1254
zinc in_ADP,2839
z_NOUN ._.,17062
z_NOUN kościoła_NOUN,1155
zip_NOUN -_.,5628
zero degrees,1439
zooming_NOUN in_ADP,1027
zoned_VERB out_ADV,1349
z_NOUN ,,50895
zalig_X worden,1238
z *_X,1532
zebra_NOUN _._,5186
za_X stołem_X,1265
zeta_NOUN _._,1190
zoos_NOUN and,1876
zest ._.,4818
z →_NUM,1453
zij_X namen_NOUN,1013
zero_ADJ --,12219
zone 1,1835
zij aten_X,1688
zijn_NOUN heer_NOUN,1232
zij_X van_NOUN,1464
zealous _NOUN_,20336
zijne klederen_X,1469
zombie ._.,5494
zinc_NOUN chloride,1029
zoster_NOUN virus_NOUN,1631
zone_NOUN are_VERB,3033
zum_X Schemel,1066
zero chance,1415
zoonotic_ADJ disease_NOUN,1057
zu derselbigen,1279
zero_NUM on,1779
zebra_DET _NOUN_,2590
zoomorphic_ADJ _NOUN_,1176
z ¼,5403
zeal _DET_,2905
zoning_NOUN _._,3635
zinc deficiency_NOUN,1850
z d,1350
zum _NOUN_,17517
z j,6595
zij vreesden_X,1576
zenith _ADP_,9350
zij_X Hem,1908
zeros_NOUN are_VERB,1271
z ,,51336
zoning out,1165
zero -_.,76758
zasię_NOUN _NOUN_,1741
zi_X _._,2008
zoster_NOUN ,_.,1494
z2_NUM ),1725
zeros _VERB_,4158
zones is,2394
zoo _PRT_,2157
zero :,3303
zone_NOUN and,25669
zu_X derselbigen_X,1163
złe_X ,,1042
z <,2602
zero_NOUN ?,1222
zeros are_VERB,1271
zij aten,1800
zij_X ontzetten_X,1353
zoo_NOUN 's,1194
zu einer,3482
zone by,2271
zasię _X_,6548
zone [_X,1236
zstał_X się_X,1630
zamindars_NOUN _._,1081
zinc_ADJ _NOUN_,1406
zealous_ADJ _NOUN_,20300
zero_NUM _ADJ_,13576
zero is,6202
zip line,1554
z t,5394
z_NOUN B_NOUN,1105
zwaarden_X _X_,1126
z +_NOUN,5716
zigzagging _NOUN_,1531
zigzagging _ADP_,2253
zones between,1294
z _X_,62536
z onego,1035
zipper _ADV_,2768
z_NOUN Boga,1155
z for,1639
z_NOUN Faryzeuszów_NOUN,2541
zijne_X moeder_X,2147
zrodził _NOUN_,4170
zooms_VERB _PRT_,1758
zawołał ,,1039
zástupu _._,3253
zoudt_X _X_,3374
zoo and_CONJ,2462
z _PRT_,4214
zero_NOUN _PRT_,1199
zero_VERB _PRT_,3814
zones_NOUN ",2987
zasię _._,1502
zealots_NOUN _._,2618
zoledronic_ADJ _NOUN_,1414
zone_NOUN _PRT_,12748
zero velocity_NOUN,1126
zones_NOUN with_ADP,3398
zero_NUM otherwise_ADV,1947
z_NOUN the_DET,1331
zinc_NOUN in_ADP,2839
zone_NOUN _ADV_,16507
z Boga_NOUN,1155
zoom -,1178
zwölf Körbe_NOUN,1089
z i_NUM,3439
z Jezusem_NOUN,1849
zero_NOUN -,1883
zijnen_X broeder_X,1017
zeal_NOUN _ADP_,34849
zaprawdę _NOUN_,2762
zero_NUM _PRT_,12374
zeal _VERB_,8290
zaprawdę_X wam_X,1044
zebrafish_NOUN _._,5922
zu_X sein,1218
zero_NUM time,1373
zoning laws_NOUN,2104
zero_NUM vector,1746
zoo_NOUN _NOUN_,10070
zone_NOUN _._,237722
zones_NOUN that,3594
zones_NOUN of,30219
zones are_VERB,8049
zeal_NOUN for_ADP,13801
zeroth_ADJ _._,1139
z are_VERB,3187
z města_NOUN,1201
zákoníci_X a,1755
zeal was_VERB,1194
zero_NUM interest_NOUN,2307
zero_NUM .,88497
za stołem,1265
zult_X Mij_X,1680
zum Alten_NOUN,1137
zeta potential_NOUN,3027
zeal ;_.,1244
zombie_NOUN apocalypse_NOUN,1941
ze _X_,3356
z plane_NOUN,1438
zany _NOUN_,1692
zoom in_ADV,1247
zij_X gingen_X,2818
z_NOUN e,1700
zone_NOUN from,2139
zag_VERB Hij,1008
zero_NUM or,8798
zero_NOUN for,3001
zero_NUM tolerance_NOUN,5127
zeaxanthin ,_.,1014
z świata_NOUN,2079
zealous in,2589
z Galilee,1036
zero probability_NOUN,1313
zero of,5041
zooming_VERB _ADV_,2500
zipper_NOUN _._,12744
zërin _NOUN_,1368
zero with_ADP,1980
zones_NOUN ,_.,38117
zoning_VERB _._,3716
zest _NOUN_,1379
zone_NOUN ?_.,2545
zwaarden en_X,1125
zástup ._.,1735
zone ,_.,80225
zone of_ADP,65717
zone were,1241
zebra_NOUN _VERB_,1877
zest_NOUN in_ADP,1183
z_NOUN Jezusem,1849
zippers_NOUN _._,1430
zvaného_ADP _NOUN_,1026
zigzagging_VERB _NOUN_,1496
zoomed_VERB in_PRT,4554
zoomorphic _NOUN_,1321
zone_NOUN would,1178
zona_X _X_,1648
zeroed_VERB in_PRT,7693
zombies _ADP_,5082
zone which,1452
zic_X că,1026
zo_X gelooft_X,1352
zip_NOUN (_.,1106
zstało .,1044
zeal to,6316
z in_ADP,3607
za_NOUN _NOUN_,1888
zone_NOUN for_ADP,7912
zinc_ADJ _._,6982
zo wat,1681
zoom in_ADP,4874
zinc_NOUN .,5344
zoom ,_.,1498
zones ,,38140
zeitgeist_NOUN _._,3257
zeroed in,8032
zakonie _._,1042
zero or_CONJ,10387
zeal that,1796
z m_NOUN,2002
z scores_NOUN,1345
zeide ook,1123
zeiden onder,1126
zapiał_X _._,1039
zstało ._.,1044
z t_PRT,1214
zone (,22015
ziceţi :,2166
zero_NUM _NOUN_,189331
zeide_NOUN dan,1002
zoom_VERB _ADP_,3090
z tohoto_PRT,1279
zijn_NOUN _NOUN_,1753
zero_NOUN lower_ADV,1396
z_NOUN score_NOUN,2239
zoning of,1164
z ∈_NOUN,1776
zealous in_ADP,2589
zones within,1274
zero_NUM _NUM_,4138
zijn _NOUN_,2141
zero_NOUN ,,25003
zero tolerance,5784
zipping_VERB up_PRT,1778
z '_.,4600
z m,2116
zones_NOUN or,2266
zogjtë _NOUN_,1053
zones can_VERB,1807
zest _._,15007
zeolite _VERB_,1734
zero_NUM for_ADP,6263
zone_NOUN on,3132
zoom _PRT_,7226
zygote _VERB_,2565
z 3,3629
zeal in_ADP,4385
z n_CONJ,1748
zeugte_NOUN _NOUN_,2892
zástupové _X_,1523
zichzelven _X_,4835
zones_NOUN are,8049
z are,3187
zest_ADJ to_PRT,1494
zodiacal_ADJ _NOUN_,3533
z0 ),1045
zero velocity,1126
znam _VERB_,1040
z (_.,34051
zo_X zult_X,3490
zhenqi_ADJ _NOUN_,1125
zipper_NOUN ,_.,3745
zooms_NOUN in,1891
zoos_NOUN ,,2459
ziua_X judecăţii,1254
zero_NUM net_ADJ,1150
zeide_X hij,6647
zijne_X jongeren_X,11639
zeros_NOUN to,1094
zajisté _X_,8975
zaprawdę powiadam_X,2538
zic că_X,1026
zis_X ucenicilor,1824
zis El,1938
zouden_X .,1911
z o,1011
zucchini and_CONJ,2082
zone would,1178
zero _CONJ_,34876
zinc finger,2755
z2 _._,5956
zeiden_ADJ zij,1126
zoomed _ADV_,3949
zombie_NOUN apocalypse,2148
zeal_NOUN _VERB_,7913
zones_NOUN .,36191
zal_X Hij_X,1680
zoo in,1598
zooplankton_NOUN ,_.,1400
zone_NOUN [,1236
zoology ,,2866
zipping_VERB _PRT_,2809
zijn dienstknechten,1120
zest of_ADP,6427
zodiac_NOUN ,_.,2640
zither ,,2889
zult den,1122
zbawion _._,1041
zoom_NOUN in_ADP,3343
zal van_NOUN,2140
zijne jongeren_X,11639
zstanie _._,1740
zero_NOUN ?_.,1222
zal aangenomen_X,1125
zygotic_ADJ _NOUN_,1679
zstało_X się,5789
zip_VERB _PRON_,2804
zero_NUM ,,40836
zeugete _NOUN_,3913
zeide_X ,,2028
zu sein_X,1222
zone_NOUN management_NOUN,1066
zero if,3297
zero_ADJ _._,88856
zoning_NOUN regulations,1135
zero chance_NOUN,1415
zip_VERB _PRT_,2584
zhuan _._,1394
zero but,1244
z světa,1053
zeg_X u,7661
zealously_ADV _._,1259
zhenqi_NOUN _VERB_,1559
zig -,7025
z2 _NUM_,3196
zoomed _NOUN_,1245
zero_NOUN to_PRT,1063
zest_NOUN for,3731
zip _ADP_,5211
z_NOUN /,14225
zone of,65853
zygotic _NOUN_,1682
zip codes,2091
zoning_NOUN of_ADP,1100
zouden ;_.,2023
zoning_VERB _VERB_,1049
zeolite _ADP_,1159
zum Schemel,1066
zone_NOUN "_.,7483
z_NOUN 2_NUM,18119
z_NOUN kościoła,1155
z_NOUN těch_NOUN,1107
zinc_NOUN oxide_NOUN,9904
zij zeiden,7083
zhi _X_,5771
z ¼_NUM,5278
z_NOUN the,1337
zone (_.,22010
zijt het,1238
zoledronic_ADJ acid,1440
zoos_NOUN _ADP_,1320
zeta_NOUN _NOUN_,5945
z _NUM_,133708
z_NOUN uczniami,3003
zu einem,1752
zigzag_NOUN ,_.,1170
zombie 's,1423
zonden_X hem,1013
zeitgeist ,,1239
zoo_NOUN _CONJ_,3293
zeolite_ADJ _._,1226
zeggende tot,1794
zijt niet_X,1123
z_NOUN _NUM_,131481
zip_NOUN (,1106
z radością_NOUN,1270
zones as,1845
zeal_NOUN to,6211
zip _NOUN_,17395
zij_X zullen_X,5402
z uczniami,3003
zaprawdę_ADJ powiadam,1956
zero vector,1752
zeolite_NOUN ,_.,1055
zoom out,2623
zoo and,2462
zaprawdę _X_,5203
zoned for,1245
zo_X wie,4482
zij gingen,2932
zhenqi _._,1412
zeiden_ADJ zij_NOUN,1126
zástupu ,_.,1976
zică :,1140
zombie_NOUN _._,14108
zij_X zeiden,6303
zum drittenmal_X,1295
zijnen naam,1130
zipping_VERB _PRON_,2157
z_X _._,3519
zijne vrouw_X,1357
zone 3_NUM,1486
zero_NUM (,15007
zwischen_X _X_,4712
zult_X Mij,1792
zither_NOUN ,,2878
z_NOUN *,5261
zooms in_ADP,2074
zeg Ik,7504
zones _CONJ_,16896
zij tot_X,3270
znaleźli _._,1496
zones or,2266
zero mean_NOUN,4116
z_NOUN _._,349957
zplodil _NOUN_,4445
zero_NUM on_ADP,1755
zoom_NOUN ,_.,1322
zero_NUM and_CONJ,17428
zones_NOUN and_CONJ,14143
z_NOUN ',4767
z :,3444
zond_X _NOUN_,1801
zinc_NOUN finger_NOUN,2615
z 0,15971
zijne_NOUN jongeren,1544
zaprawdę wam,1044
zeide_X Jezus_X,2608
zest_NOUN ,_.,7726
zij_X u,1803
zeal_NOUN ,_.,15167
zest_ADJ _NOUN_,1005
zasię _NOUN_,4593
zebrafish_NOUN _ADP_,1021
zinc _VERB_,8046
zoonotic diseases,1400
zebra _._,5320
zt _._,1008
zooplankton _VERB_,1181
zone and,25670
zoning regulations,1779
zeide_ADJ hij_NOUN,3045
zstanie_X _._,1160
zombie_NOUN _ADV_,1027
zealots _ADP_,1341
z_NOUN =,43832
za_X dni,1500
zygomatic arch,2554
zipper_NOUN _CONJ_,2687
zest_NOUN in,1183
zone ?_.,2545
zone has,2341
zebrali ,,1155
zone -,3830
zero ',1476
zealous and,2502
zij_X begonnen_X,1237
ziceau_NOUN :_.,2356
za_VERB _VERB_,1920
zones at_ADP,1198
zur_X Gegenwart,1182
zero value_NOUN,3767
zero_NUM probability_NOUN,1312
zing _ADP_,2207
zij_X namen,2362
zu_X Simon,1439
z Jezusem,1849
zucchini ,,6282
zero_NUM _ADV_,7268
zero_NUM _DET_,2530
zap_VERB _PRON_,1353
zeige_X dich,1325
zouden ._.,2248
z_NOUN ∈_NOUN,1638
z i_NOUN,3035
zoning_VERB ordinance_NOUN,1115
zwano_X _NOUN_,1959
zu_NOUN Berlin,2996
zeta _ADJ_,1824
zwei Röcke,1188
zero temperatures,1119
zealous_ADJ for,3013